././cif_estimate_Z: --help: Unable to open file '--help' for reading: No such file or directory.
Can't use string ("1") as an ARRAY ref while "strict refs" in use at <script_name> line <line_no>.
Subroutine symop_from_string redefined at <script_name> line <line_no>.
Subroutine round redefined at <script_name> line <line_no>.
Subroutine string_from_symop redefined at <script_name> line <line_no>.
Subroutine string_from_symop_reduced redefined at <script_name> line <line_no>.
Subroutine symop_print redefined at <script_name> line <line_no>.
Subroutine modulo_1 redefined at <script_name> line <line_no>.
Subroutine symop_translation_modulo_1 redefined at <script_name> line <line_no>.
Subroutine symop_string_canonical_form redefined at <script_name> line <line_no>.
Subroutine check_symmetry_operator redefined at <script_name> line <line_no>.
Can't open --help: No such file or directory at <script_name> line <line_no>.
././cod_predeposition_check: unknown option --help
Even number of files required on the command line at <script_name> line <line_no>.
Can't open file --help at <script_name> line <line_no>.
././cif_diff: unknown option --help
././cif_dictionary_tags: --help: Unable to open file '--help' for reading: No such file or directory.
Can't use string ("1") as an ARRAY ref while "strict refs" in use at <script_name> line <line_no>.
././cif_parse: --help: Unable to open file '--help' for reading: No such file or directory.
Can't use string ("1") as an ARRAY ref while "strict refs" in use at <script_name> line <line_no>.
././crossref-xml2mrk: could not open file '--help' for reading at <script_name> line <line_no>.
././cif_estimate_spacegroup: --help: Unable to open file '--help' for reading: No such file or directory.
Can't use string ("1") as an ARRAY ref while "strict refs" in use at <script_name> line <line_no>.
././find-numbers.pl: please supply two directory names on the command line:
first directory with the analysed CIF files,
and the second with the COD CIF files.
Can't open file --help at <script_name> line <line_no>.
Can't open --help: No such file or directory at <script_name> line <line_no>.
Can't open --help: No such file or directory at <script_name> line <line_no>.
././cif_tags_in_list: --help: Unable to open file '--help' for reading: No such file or directory.
Can't use string ("1") as an ARRAY ref while "strict refs" in use at <script_name> line <line_no>.
././cod_fetch: 1: exec: perl5: not found
Replacement list is longer than search list at <script_name> line <line_no>.
././cif2csv: --help: Unable to open file '--help' for reading: No such file or directory.
Can't use string ("1") as an ARRAY ref while "strict refs" in use at <script_name> line <line_no>.
././cif_fillcell: --help: Unable to open file '--help' for reading: No such file or directory.
Can't use string ("1") as an ARRAY ref while "strict refs" in use at <script_name> line <line_no>.
././cif_printout: unknown option --help
././pubmed-xml2mrk: could not open file '--help' for reading at <script_name> line <line_no>.
./cif2xyz: No USAGE section
./cif2xyz: No OPTIONS section
./cif2xrf_new: No USAGE section
./cif2xrf_new: No OPTIONS section
./cif_create_AMCSD_pressure_temp_tags: No USAGE section
./cif_create_AMCSD_pressure_temp_tags: No OPTIONS section
./cif_molecule: No USAGE section
./cif_molecule: No OPTIONS section
./cif_find_duplicates: No USAGE section
./cif_find_duplicates: No OPTIONS section
./cif_distances: No USAGE section
./cif_distances: No OPTIONS section
./sdf_add_cod_data: No USAGE section
./cif-to-utf8: No USAGE section
./cif-to-utf8: No OPTIONS section
./cif_cod_numbers: No USAGE section
./cif_cod_numbers: No OPTIONS section
./cif_cell_contents: No USAGE section
./cif_cell_contents: No OPTIONS section
./codcif2sdf: No USAGE section
./cif_split: No USAGE section
./cif_split: No OPTIONS section
./grepciftag: No USAGE section
./grepciftag: No OPTIONS section
./molcif2sdf: No USAGE section
./xrf2cif: No USAGE section
./xrf2cif: No OPTIONS section
./cif_cod_deposit: No USAGE section
./cif_reformat_AMCSD_author_names: No USAGE section
./cif_reformat_AMCSD_author_names: No OPTIONS section
./cif_select: No USAGE section
./cif_select: No OPTIONS section
./ungrepciftag: No USAGE section
./ungrepciftag: No OPTIONS section
./cif_reformat_pubmed_author_names: No USAGE section
./cif_reformat_pubmed_author_names: No OPTIONS section
./utf8-to-cif: No USAGE section
./utf8-to-cif: No OPTIONS section
./cif_hkl_COD_number: No USAGE section
./cif_hkl_COD_number: No OPTIONS section
./symop_build_spacegroup: No USAGE section
./symop_build_spacegroup: No OPTIONS section
./cif_split_primitive: No USAGE section
./cif_split_primitive: No OPTIONS section
./fetch_cif_dict: No USAGE section
./fetch_cif_dict: No OPTIONS section
./cif_eval_numbers: No USAGE section
./cif_eval_numbers: No OPTIONS section
./cif2cod: No USAGE section
./cif2cod: No OPTIONS section
./cif2xrf: No USAGE section
./cif2xrf: No OPTIONS section
./cif_values: No USAGE section
./cif_values: No OPTIONS section
./cif_adjust_journal_name_volume: No USAGE section
./cif_adjust_journal_name_volume: No OPTIONS section
./cif_reformat_uppercase_author_names: No USAGE section
./cif_reformat_uppercase_author_names: No OPTIONS section
./cif_validate: No USAGE section
./cif_validate: No OPTIONS section
