incorrect formula syntax:
Fe1/3 I2 Li O6
   ^
./cif_find_duplicates: ./inputs/unparsable-formulae2/1100062.cif global: 1 error(s) encountered while parsing chemical formula sum
./cif_find_duplicates: ./inputs/unparsable-formulae2/1100062.cif global: could not parse formula 'Fe1/3 I2 Li O6', resorting to simple split routine
./cif_find_duplicates: ./inputs/unparsable-formulae2/1100062.cif data_global: WARNING: _cell_formula_units_Z is missing -- assuming Z = 1.
./cif_find_duplicates: ./inputs/unparsable-formulae2/1100811.cif data_1100811: WARNING: _cell_formula_units_Z is missing -- assuming Z = 1.
incorrect formula syntax:
C8 H22 B2 N2 S4 , 0.33C H2 Cl2
                      ^
./cif_find_duplicates: ./inputs/unparsable-formulae2/2010785.cif compound_I: 1 error(s) encountered while parsing chemical formula sum
./cif_find_duplicates: ./inputs/unparsable-formulae2/2010785.cif compound_I: could not parse formula 'C8 H22 B2 N2 S4 , 0.33C H2 Cl2', resorting to simple split routine
./cif_find_duplicates: ./inputs/unparsable-formulae2/2010785.cif data_compound_I: WARNING: _cell_formula_units_Z is missing -- assuming Z = 1.
incorrect formula syntax:
Fe1/3 I2 Li O6
   ^
./cif_find_duplicates: ./inputs/unparsable-formulae1/1100062.cif 1100062: 1 error(s) encountered while parsing chemical formula sum
./cif_find_duplicates: ./inputs/unparsable-formulae1/1100062.cif 1100062: could not parse formula 'Fe1/3 I2 Li O6', resorting to simple split routine
./cif_find_duplicates: ./inputs/unparsable-formulae1/1100062.cif data_1100062: WARNING: _cell_formula_units_Z is missing -- assuming Z = 1.
./cif_find_duplicates: ./inputs/unparsable-formulae1/1100811.cif data_[Ti2(mu-O)2(C5H4Me)2{Me3SiNC(C6H5)NCH2CH2CH2NMe2}2]: WARNING: _cell_formula_units_Z is missing -- assuming Z = 1.
incorrect formula syntax:
C8 H22 B2 N2 S4 , 0.33C H2 Cl2
                      ^
./cif_find_duplicates: ./inputs/unparsable-formulae1/2010785.cif 2010785: 1 error(s) encountered while parsing chemical formula sum
./cif_find_duplicates: ./inputs/unparsable-formulae1/2010785.cif 2010785: could not parse formula 'C8 H22 B2 N2 S4 , 0.33C H2 Cl2', resorting to simple split routine
./cif_find_duplicates: ./inputs/unparsable-formulae1/2010785.cif data_2010785: WARNING: _cell_formula_units_Z is missing -- assuming Z = 1.
,_0.33C_B2_C8_Cl2_H2_H22_N2_S4          2010785.cif   1 ./inputs/unparsable-formulae1/2010785.cif
C44_H66_N6_O2_Si2_Ti2                   1100811.cif   1 ./inputs/unparsable-formulae1/1100811.cif
Fe1/3_I2_Li_O6                          1100062.cif   1 ./inputs/unparsable-formulae1/1100062.cif
