--(end of buffer or a NUL)
--accepting rule at line 132 ("data_two_textfields")
--accepting rule at line 213 ("data_two_textfields")
--accepting rule at line 161 ("
")
--accepting rule at line 132 ("_tag_1")
--accepting rule at line 227 ("_tag_1")
--accepting rule at line 178 ("
;
Value

;")
--accepting rule at line 161 ("
")
--accepting rule at line 161 ("
")
--accepting rule at line 132 ("_tag_2")
--accepting rule at line 227 ("_tag_2")
--accepting rule at line 178 ("
;
Value
;")
--(end of buffer or a NUL)
--accepting rule at line 161 ("
")
--(end of buffer or a NUL)
--EOF (start condition 0)
./cifparse: file 'tests/cifparse_021.inp' OK
