./cifparse: tests/cifparse_036.inp(6) data_non_ASCII: warning, non-ascii symbols encountered in the text:
'_publ_author_name 'Saulius Gražulis''
./cifparse: tests/cifparse_036.inp(7) data_non_ASCII: warning, non-ascii symbols encountered in the text:
'_co_author_name   'Sąžininga Žąsis''
./cifparse: tests/cifparse_036.inp(15) data_non_ASCII: warning, non-ascii symbols encountered in the text field, replaced by XML entities:
;įlinkdama fechtuotojo špaga sublykčiojusi pragręžė
apvalų arbūzą
;

./cifparse: tests/cifparse_036.inp(19) data_non_ASCII: warning, non-ascii symbols encountered in the text field, replaced by XML entities:
;В чащах юга жил-был цитрус, но
фальшивый экземпляр, да?
;

./cifparse: tests/cifparse_036.inp(20) data_non_ASCII: warning, non-ascii symbols encountered in the text:
'ен'
data_non_ASCII
_publ_author_name                'Saulius Gra&#x00C5;&#x00BE;ulis'
_co_author_name                  'S&#x00C4;&#x0085;&#x00C5;&#x00BE;ininga &#x00C5;&#x00BD;&#x00C4;&#x0085;sis'
loop_
    _language
    _pangrams
 lt
;&#x00C4;&#x00AF;linkdama fechtuotojo &#x00C5;&#x00A1;paga sublyk&#x00C4;&#x008D;iojusi pragr&#x00C4;&#x0099;&#x00C5;&#x00BE;&#x00C4;&#x0097;
apval&#x00C5;&#x00B3; arb&#x00C5;&#x00AB;z&#x00C4;&#x0085;
;

 ru
;&#x00D0;&#x0092; &#x00D1;&#x0087;&#x00D0;&#x00B0;&#x00D1;&#x0089;&#x00D0;&#x00B0;&#x00D1;&#x0085; &#x00D1;&#x008E;&#x00D0;&#x00B3;&#x00D0;&#x00B0; &#x00D0;&#x00B6;&#x00D0;&#x00B8;&#x00D0;&#x00BB;-&#x00D0;&#x00B1;&#x00D1;&#x008B;&#x00D0;&#x00BB; &#x00D1;&#x0086;&#x00D0;&#x00B8;&#x00D1;&#x0082;&#x00D1;&#x0080;&#x00D1;&#x0083;&#x00D1;&#x0081;, &#x00D0;&#x00BD;&#x00D0;&#x00BE;
&#x00D1;&#x0084;&#x00D0;&#x00B0;&#x00D0;&#x00BB;&#x00D1;&#x008C;&#x00D1;&#x0088;&#x00D0;&#x00B8;&#x00D0;&#x00B2;&#x00D1;&#x008B;&#x00D0;&#x00B9; &#x00D1;&#x008D;&#x00D0;&#x00BA;&#x00D0;&#x00B7;&#x00D0;&#x00B5;&#x00D0;&#x00BC;&#x00D0;&#x00BF;&#x00D0;&#x00BB;&#x00D1;&#x008F;&#x00D1;&#x0080;, &#x00D0;&#x00B4;&#x00D0;&#x00B0;?
;

 &#x00D0;&#x00B5;&#x00D0;&#x00BD;
;A quick red fox jumped over a
lazy brown dog.
;

