#-----------------------------------------------------------------------
# File contains data value limits that uses script 
# 'cif_cod_check_extra' under the option '--check-limits'.
#-----------------------------------------------------------------------

_data_name         'R factor'

_tag_names          '_refine_ls_R_factor_gt'
                    '_refine_ls_R_factor_obs'

_tag_values         0.2  =>  ERROR
                    0.15 =>  WARNING
                    0.10 =>  NOTICE 

#-----------------------------------------------------------------------

_data_name         'weighted R factor'

_tag_names          '_refine_ls_wR_factor_ref'
                    '_refine_ls_wR_factor_obs'

_tag_values         0.45 =>  ERROR
                    0.35 =>  WARNING
                    0.25 =>  NOTICE
                    
#-----------------------------------------------------------------------

_data_name         'goodness of fit'

_tag_names          '_refine_ls_goodness_of_fit_ref'
                    '_refine_ls_goodness_of_fit_obs'

_tag_ranges         [0.4 , 6] =>  ERROR
                    [0.6 , 4] =>  WARNING
                    [0.8 , 2] =>  NOTICE

#-----------------------------------------------------------------------
