>>> reallocating lex token buffer to 256
>>> reallocating lex token buffer to 256
>>> DATA_: 'X'
>>> LOOP_
>>> TAG: '_r1'
>>> REAL: '+1.23E-12(123)'
>>> REAL: '+.23E-12(123)'
>>> REAL: '-1.23E-12(123)'
>>> REAL: '-.23E-12(123)'
>>> REAL: '+.23E-12(123)'
>>> REAL: '-.23E12(123)'
>>> REAL: '+.23E12(123)'
>>> REAL: '-.23E+12(123)'
>>> REAL: '+.23E+12(123)'
>>> REAL: '-0.23E-12(123)'
>>> REAL: '+0.23E-12(123)'
>>> REAL: '-0.23E12(123)'
>>> REAL: '+0.23E12(123)'
>>> REAL: '-0.23E+12(123)'
>>> REAL: '+0.23E+12(123)'
>>> REAL: '.23E-12(123)'
>>> REAL: '0.23E-12(123)'
>>> REAL: '1.E-12(123)'
>>> REAL: '+1.23E12(123)'
>>> REAL: '+.23E2(123)'
>>> REAL: '-1.23E12(123)'
>>> REAL: '-.23E12(123)'
>>> REAL: '.23E12(123)'
>>> REAL: '0.23E12(123)'
>>> REAL: '1.E12(123)'
>>> REAL: '+1.23E-12'
>>> REAL: '+.23E-12'
>>> REAL: '-1.23E-12'
>>> REAL: '-.23E-12'
>>> REAL: '+.23E-12'
>>> REAL: '-.23E12'
>>> REAL: '+.23E12'
>>> REAL: '-.23E+12'
>>> REAL: '+.23E+12'
>>> REAL: '-0.23E-12'
>>> REAL: '+0.23E-12'
>>> REAL: '-0.23E12'
>>> REAL: '+0.23E12'
>>> REAL: '-0.23E+12'
>>> REAL: '+0.23E+12'
>>> REAL: '.23E-12'
>>> REAL: '0.23E-12'
>>> REAL: '1.E-12'
>>> REAL: '+1.23E12'
>>> REAL: '+.23E2'
>>> REAL: '-1.23E12'
>>> REAL: '-.23E12'
>>> REAL: '.23E12'
>>> REAL: '0.23E12'
>>> REAL: '1.E12'
./cifparse: file 'tests/cifparse_101.inp' OK
