./cifparse: inputs/dot._AMCILLc157_2115.cif(1,206): ERROR, incorrect CIF syntax:
 
                                                                                                                                                                                                              ^
./cifparse: inputs/dot._AMCILLc157_2115.cif(1,222): ERROR, incorrect CIF syntax:
 
                                                                                                                                                                                                                              ^
./cifparse: inputs/dot._AMCILLc157_2115.cif(1,222): ERROR, incorrect CIF syntax:
 
                                                                                                                                                                                                                              ^
./cifparse: inputs/dot._AMCILLc157_2115.cif(1,222): ERROR, incorrect CIF syntax:
 
                                                                                                                                                                                                                              ^
./cifparse: inputs/dot._AMCILLc157_2115.cif(1,222): ERROR, incorrect CIF syntax:
 
                                                                                                                                                                                                                              ^
./cifparse: inputs/dot._AMCILLc157_2115.cif(1,222): ERROR, incorrect CIF syntax:
 
                                                                                                                                                                                                                              ^
./cifparse: inputs/dot._AMCILLc157_2115.cif(1,222): ERROR, incorrect CIF syntax:
 
                                                                                                                                                                                                                              ^
./cifparse: inputs/dot._AMCILLc157_2115.cif(1,222): ERROR, incorrect CIF syntax:
 
                                                                                                                                                                                                                              ^
./cifparse: inputs/dot._AMCILLc157_2115.cif(1,222): ERROR, incorrect CIF syntax:
 
                                                                                                                                                                                                                              ^
./cifparse: inputs/dot._AMCILLc157_2115.cif(1): ERROR, stray CIF values at the beginning of the input file
./cifparse: inputs/dot._AMCILLc157_2115.cif(1,222): ERROR, incorrect CIF syntax:
 
                                                                                                                                                                                                                              ^
./cifparse: inputs/dot._AMCILLc157_2115.cif: compiler could not recover from errors, quitting now -- 11 error(s) detected
./cifparse: file 'inputs/dot._AMCILLc157_2115.cif' FAILED
