./cifparse: tests/cifparse_155.inp(3,29) data_ctrl_z_in_value: WARNING, non-ASCII symbols encountered in the text:
 _quoted_value_same_line     ''
                             ^
./cifparse: tests/cifparse_155.inp(5,1) data_ctrl_z_in_value: WARNING, non-ASCII symbols encountered in the text:
 ''
 ^
./cifparse: tests/cifparse_155.inp(10) data_ctrl_z_in_value: WARNING, non-ASCII symbols encountered in the text field -- replaced with XML entities:
 ;
 this is a text field with ctrl z mark
 
 ;

data_ctrl_z_in_value
_place_holder                    x
_quoted_value_same_line          '&#x001A;'
_quoted_value_next_line          '&#x001A;'
_textfield                      
;
this is a text field with ctrl z mark
&#x001A;
;

