>>> reallocating lex token buffer to 256
>>> reallocating lex token buffer to 256
>>> DATA_: 'X'
>>> LOOP_
>>> TAG: '_s'
>>> UQSTRING (not a number): '-.E12'
>>> UQSTRING (not a number): '-.E12(2)'
>>> UQSTRING (not a number): '+1.E12(x)'
>>> UQSTRING (not a number): '-.12e12(abc)'
>>> UQSTRING (not a number): '-1.12e12(abc)'
>>> UQSTRING (not a number): '.E12'
>>> UQSTRING (not a number): '.E12(2)'
>>> UQSTRING (not a number): '1.E12(x)'
>>> UQSTRING (not a number): '.12e12(abc)'
>>> UQSTRING (not a number): '1.12e12(abc)'
>>> LOOP_
>>> TAG: '_d'
>>> REAL: '+1.E12'
>>> REAL: '-.12e12'
>>> REAL: '+1.E12(1)'
>>> REAL: '-.12e12(21)'
./cifparse: file 'tests/cifparse_094.inp' OK
