./cifparse: tests/cifparse_074.inp(6) data_test: WARNING, single-quoted string is missing a closing quote -- fixed
./cifparse: tests/cifparse_074.inp(7,24) data_test: WARNING, string with spaces without quotes -- fixed
./cifparse: tests/cifparse_074.inp(8) data_test: WARNING, double-quoted string is missing a closing quote -- fixed
./cifparse: tests/cifparse_074.inp(10) data_test: WARNING, single-quoted string is missing a closing quote -- fixed
./cifparse: tests/cifparse_074.inp(11,40) data_test: WARNING, string with spaces without quotes -- fixed
./cifparse: tests/cifparse_074.inp(19,2) data_test: WARNING, string with spaces without quotes -- fixed
./cifparse: tests/cifparse_074.inp(25,23) data_test: WARNING, string with spaces without quotes -- fixed
data_test
_t1                              char
_e2                              'no longer a model file                    # no closing quote'
_e3                              'no longer a model file'
_e4                              "with various types of field'              # mismatched quotes"
_t5                              "but it's OK to have included quotes of the other type"
_t6                              'and it's even OK to have included quotes of the same type"'
_e7                             
;so long as they don t abut white space!'
;

_t8                             
; all conforming to valid STAR syntax
  rules
;

_t9                              "Watch out for content following the text terminator"
_e10                             '; but here is an incorrectly indented text field ;'
_e11                            
; and here is the all-too-common case of
  a missing text terminator

_e12 a parser should now complain
;

