./cifparse: tests/cifparse_087.inp(4) data_test: NOTE, line exceeds 80 characters
./cifparse: tests/cifparse_087.inp(5) data_test: NOTE, line exceeds 80 characters
./cifparse: tests/cifparse_087.inp(6) data_test: NOTE, line exceeds 80 characters
./cifparse: tests/cifparse_087.inp(7) data_test: NOTE, line exceeds 80 characters
./cifparse: tests/cifparse_087.inp(8) data_test: NOTE, line exceeds 80 characters
./cifparse: tests/cifparse_087.inp(9) data_test: NOTE, line exceeds 80 characters
./cifparse: tests/cifparse_087.inp(10) data_test: NOTE, line exceeds 80 characters
./cifparse: tests/cifparse_087.inp(11) data_test: NOTE, line exceeds 80 characters
./cifparse: tests/cifparse_087.inp(12) data_test: NOTE, line exceeds 80 characters
./cifparse: tests/cifparse_087.inp(13) data_test: NOTE, line exceeds 80 characters
./cifparse: tests/cifparse_087.inp(14) data_test: NOTE, line exceeds 80 characters
./cifparse: tests/cifparse_087.inp(15) data_test: NOTE, line exceeds 80 characters
./cifparse: tests/cifparse_087.inp(16) data_test: NOTE, line exceeds 80 characters
./cifparse: tests/cifparse_087.inp(17) data_test: NOTE, line exceeds 80 characters
./cifparse: tests/cifparse_087.inp(18) data_test: NOTE, line exceeds 80 characters
./cifparse: tests/cifparse_087.inp(19) data_test: NOTE, line exceeds 80 characters
./cifparse: tests/cifparse_087.inp(20) data_test: NOTE, line exceeds 80 characters
./cifparse: tests/cifparse_087.inp(22) data_test: NOTE, line exceeds 80 characters
./cifparse: tests/cifparse_087.inp(24) data_test: NOTE, line exceeds 80 characters
./cifparse: tests/cifparse_087.inp(26) data_test: NOTE, line exceeds 80 characters
./cifparse: tests/cifparse_087.inp(28) data_test: NOTE, line exceeds 80 characters
./cifparse: tests/cifparse_087.inp(30) data_test: NOTE, line exceeds 80 characters
./cifparse: tests/cifparse_087.inp(32) data_test: NOTE, line exceeds 80 characters
./cifparse: tests/cifparse_087.inp(34) data_test: NOTE, line exceeds 80 characters
./cifparse: tests/cifparse_087.inp(36,1) data_test: ERROR, incorrect CIF syntax:
 ;;
 ^
./cifparse: tests/cifparse_087.inp(36) data_test: NOTE, line exceeds 80 characters
./cifparse: file 'tests/cifparse_087.inp' FAILED
