+ directory-metadata
+ whoami
saulius
+ hostname -f
koala.ibt.lt
+ pwd
/home/saulius/src/cod-tools
+ svn info
Path: .
Working Copy Root Path: /home/saulius/src/cod-tools
URL: svn://www.crystallography.net/cod-tools/branches/feature/saulius-fix-rombohedral-sapcegroup-generation-bug108
Relative URL: ^/branches/feature/saulius-fix-rombohedral-sapcegroup-generation-bug108
Repository Root: svn://www.crystallography.net/cod-tools
Repository UUID: 04be6746-3802-0410-999d-98508da1e98c
Revision: 7210
Node Kind: directory
Schedule: normal
Last Changed Author: saulius
Last Changed Rev: 7210
Last Changed Date: 2019-10-05 16:47:35 +0300 (Sat, 05 Oct 2019)

+ df -h .
Filesystem                  Size  Used Avail Use% Mounted on
/dev/mapper/linux--vg-home  3,5T  3,3T   68G  98% /home
+ type osname
osname is /home/saulius/scripts/osname
+ osname
Ubuntu-16.04
+ uname -m
x86_64
+ date
Sat Oct  5 17:32:32 EEST 2019
++ codid2file 2204347
+ ./scripts/cif_molecule --symdebug --ignore-bumps --preserve --one-datablock /home/saulius/struct/cod/cif/2/20/43/2204347.cif
Start building molecule symmetry groups:

Processing molecule 'Sr':
<<<< inserting symop: -y,x-y,z
<<<< inserting symop: -x+y,-x,z
<<<< inserting symop: y+0.666666666666667,x+0.333333333333333,-z+0.333333333333333
<<<< inserting symop: x-y+0.666666666666667,-y+0.333333333333333,-z+0.333333333333333
<<<< inserting symop: -x+0.666666666666667,-x+y+0.333333333333333,-z+0.333333333333333
<<<< inserting symop: -y,-x,z
<<<< inserting symop: -x+y,y,z
<<<< inserting symop: x,x-y,z
<<<< inserting symop: -x+0.666666666666667,-y+0.333333333333333,-z+0.333333333333333
<<<< inserting symop: y+0.666666666666667,-x+y+0.333333333333333,-z+0.333333333333333
<<<< inserting symop: x-y+0.666666666666667,x+0.333333333333333,-z+0.333333333333333

Molecule symmetry for molecule 'Sr':
nrepreset: 6
representatives:
    x,y,z
    -y,x-y,z
    -x+y,-x,z
    y+0.666666666666667,x+0.333333333333333,-z+0.333333333333333
    -x+0.666666666666667,-x+y+0.333333333333333,-z+0.333333333333333
    x-y+0.666666666666667,-y+0.333333333333333,-z+0.333333333333333
nsymops:   12
symops:
    x,y,z
    -y,x-y,z
    -x+y,-x,z
    y+0.666666666666667,x+0.333333333333333,-z+0.333333333333333
    -x+0.666666666666667,-x+y+0.333333333333333,-z+0.333333333333333
    x-y+0.666666666666667,-y+0.333333333333333,-z+0.333333333333333
    -x+0.666666666666667,-y+0.333333333333333,-z+0.333333333333333
    y+0.666666666666667,-x+y+0.333333333333333,-z+0.333333333333333
    x-y+0.666666666666667,x+0.333333333333333,-z+0.333333333333333
    -y,-x,z
    x,x-y,z
    -x+y,y,z
inversion: 1
inversion translation: 0.666666666666667, 0.333333333333333, 0.333333333333333
centering: 0,0,0 

Molecule cluster symmetry after insertion:
nrepreset: 6
representatives:
    x,y,z
    -y,x-y,z
    -x+y,-x,z
    y+0.666666666666667,x+0.333333333333333,-z+0.333333333333333
    -x+0.666666666666667,-x+y+0.333333333333333,-z+0.333333333333333
    x-y+0.666666666666667,-y+0.333333333333333,-z+0.333333333333333
nsymops:   12
symops:
    x,y,z
    -y,x-y,z
    -x+y,-x,z
    y+0.666666666666667,x+0.333333333333333,-z+0.333333333333333
    -x+0.666666666666667,-x+y+0.333333333333333,-z+0.333333333333333
    x-y+0.666666666666667,-y+0.333333333333333,-z+0.333333333333333
    -x+0.666666666666667,-y+0.333333333333333,-z+0.333333333333333
    y+0.666666666666667,-x+y+0.333333333333333,-z+0.333333333333333
    x-y+0.666666666666667,x+0.333333333333333,-z+0.333333333333333
    -y,-x,z
    x,x-y,z
    -x+y,y,z
inversion: 1
inversion translation: 0.666666666666667, 0.333333333333333, 0.333333333333333
centering: 0,0,0 

Processing molecule 'C N2':
<<<< inserting symop: -y,x-y,z
<<<< inserting symop: -x+y,-x,z
<<<< inserting symop: -y,-x,z
<<<< inserting symop: -x+y,y,z
<<<< inserting symop: x,x-y,z
<<<< inserting symop: -y,x-y,z
<<<< inserting symop: -x+y,-x,z
<<<< inserting symop: y,x,-z
<<<< inserting symop: x-y,-y,-z
<<<< inserting symop: -x,-x+y,-z
<<<< inserting symop: -x,-y,-z
<<<< inserting symop: y,-x+y,-z
<<<< inserting symop: x-y,x,-z
<<<< inserting symop: -y,-x,z
<<<< inserting symop: -x+y,y,z
<<<< inserting symop: x,x-y,z
<<<< inserting symop: -x+y,-x,z
<<<< inserting symop: -y,x-y,z
<<<< inserting symop: -y,-x,z
<<<< inserting symop: x,x-y,z
<<<< inserting symop: -x+y,y,z
<<<< inserting symop (inversion): y,x,-z

Molecule symmetry for molecule 'C N2':
nrepreset: 6
representatives:
    x,y,z
    -y,x-y,z
    -x+y,-x,z
    -y,-x,z
    x,x-y,z
    -x+y,y,z
nsymops:   12
symops:
    x,y,z
    -y,x-y,z
    -x+y,-x,z
    -y,-x,z
    x,x-y,z
    -x+y,y,z
    -x,-y,-z
    y,-x+y,-z
    x-y,x,-z
    y,x,-z
    -x,-x+y,-z
    x-y,-y,-z
inversion: 1
inversion translation: 0, 0, 0
centering: 0,0,0 

Molecule cluster symmetry after insertion:
nrepreset: 6
representatives:
    x,y,z
    -y,x-y,z
    -x+y,-x,z
    y+0.666666666666667,x+0.333333333333333,-z+0.333333333333333
    -x+0.666666666666667,-x+y+0.333333333333333,-z+0.333333333333333
    x-y+0.666666666666667,-y+0.333333333333333,-z+0.333333333333333
nsymops:   36
symops:
    x,y,z
    -y,x-y,z
    -x+y,-x,z
    y+0.666666666666667,x+0.333333333333333,-z+0.333333333333333
    -x+0.666666666666667,-x+y+0.333333333333333,-z+0.333333333333333
    x-y+0.666666666666667,-y+0.333333333333333,-z+0.333333333333333
    x+0.666666666666667,y+0.333333333333333,z+0.333333333333333
    -y+0.666666666666667,x-y+0.333333333333333,z+0.333333333333333
    -x+y+0.666666666666667,-x+0.333333333333333,z+0.333333333333333
    y+0.333333333333333,x+0.666666666666667,-z+0.666666666666667
    -x+0.333333333333333,-x+y+0.666666666666667,-z+0.666666666666667
    x-y+0.333333333333333,-y+0.666666666666667,-z+0.666666666666667
    x+0.333333333333333,y+0.666666666666667,z+0.666666666666667
    -y+0.333333333333333,x-y+0.666666666666667,z+0.666666666666667
    -x+y+0.333333333333333,-x+0.666666666666667,z+0.666666666666667
    y,x,-z
    -x,-x+y,-z
    x-y,-y,-z
    -x+0.666666666666667,-y+0.333333333333333,-z+0.333333333333333
    y+0.666666666666667,-x+y+0.333333333333333,-z+0.333333333333333
    x-y+0.666666666666667,x+0.333333333333333,-z+0.333333333333333
    -y,-x,z
    x,x-y,z
    -x+y,y,z
    -x+0.333333333333333,-y+0.666666666666667,-z+0.666666666666667
    y+0.333333333333333,-x+y+0.666666666666667,-z+0.666666666666667
    x-y+0.333333333333333,x+0.666666666666667,-z+0.666666666666667
    -y+0.666666666666667,-x+0.333333333333333,z+0.333333333333333
    x+0.666666666666667,x-y+0.333333333333333,z+0.333333333333333
    -x+y+0.666666666666667,y+0.333333333333333,z+0.333333333333333
    -x,-y,-z
    y,-x+y,-z
    x-y,x,-z
    -y+0.333333333333333,-x+0.666666666666667,z+0.666666666666667
    x+0.333333333333333,x-y+0.666666666666667,z+0.666666666666667
    -x+y+0.333333333333333,y+0.666666666666667,z+0.666666666666667
inversion: 1
inversion translation: 0.666666666666667, 0.333333333333333, 0.333333333333333
centering: 0,0,0 0.666666666666667,0.333333333333333,0.333333333333333 0.333333333333333,0.666666666666667,0.666666666666667 

Molecule cluster symmetry:
nrepreset: 6
representatives:
    x,y,z
    -y,x-y,z
    -x+y,-x,z
    y+0.666666666666667,x+0.333333333333333,-z+0.333333333333333
    -x+0.666666666666667,-x+y+0.333333333333333,-z+0.333333333333333
    x-y+0.666666666666667,-y+0.333333333333333,-z+0.333333333333333
nsymops:   36
symops:
    x,y,z
    -y,x-y,z
    -x+y,-x,z
    y+0.666666666666667,x+0.333333333333333,-z+0.333333333333333
    -x+0.666666666666667,-x+y+0.333333333333333,-z+0.333333333333333
    x-y+0.666666666666667,-y+0.333333333333333,-z+0.333333333333333
    x+0.666666666666667,y+0.333333333333333,z+0.333333333333333
    -y+0.666666666666667,x-y+0.333333333333333,z+0.333333333333333
    -x+y+0.666666666666667,-x+0.333333333333333,z+0.333333333333333
    y+0.333333333333333,x+0.666666666666667,-z+0.666666666666667
    -x+0.333333333333333,-x+y+0.666666666666667,-z+0.666666666666667
    x-y+0.333333333333333,-y+0.666666666666667,-z+0.666666666666667
    x+0.333333333333333,y+0.666666666666667,z+0.666666666666667
    -y+0.333333333333333,x-y+0.666666666666667,z+0.666666666666667
    -x+y+0.333333333333333,-x+0.666666666666667,z+0.666666666666667
    y,x,-z
    -x,-x+y,-z
    x-y,-y,-z
    -x+0.666666666666667,-y+0.333333333333333,-z+0.333333333333333
    y+0.666666666666667,-x+y+0.333333333333333,-z+0.333333333333333
    x-y+0.666666666666667,x+0.333333333333333,-z+0.333333333333333
    -y,-x,z
    x,x-y,z
    -x+y,y,z
    -x+0.333333333333333,-y+0.666666666666667,-z+0.666666666666667
    y+0.333333333333333,-x+y+0.666666666666667,-z+0.666666666666667
    x-y+0.333333333333333,x+0.666666666666667,-z+0.666666666666667
    -y+0.666666666666667,-x+0.333333333333333,z+0.333333333333333
    x+0.666666666666667,x-y+0.333333333333333,z+0.333333333333333
    -x+y+0.666666666666667,y+0.333333333333333,z+0.333333333333333
    -x,-y,-z
    y,-x+y,-z
    x-y,x,-z
    -y+0.333333333333333,-x+0.666666666666667,z+0.666666666666667
    x+0.333333333333333,x-y+0.666666666666667,z+0.666666666666667
    -x+y+0.333333333333333,y+0.666666666666667,z+0.666666666666667
inversion: 1
inversion translation: 0.666666666666667, 0.333333333333333, 0.333333333333333
centering: 0,0,0 0.666666666666667,0.333333333333333,0.333333333333333 0.333333333333333,0.666666666666667,0.666666666666667 

Finished building molecule symmetry groups:

Molecule cluster symmetry:
nrepreset: 6
representatives:
    x,y,z
    -y,x-y,z
    -x+y,-x,z
    y+0.666666666666667,x+0.333333333333333,-z+0.333333333333333
    -x+0.666666666666667,-x+y+0.333333333333333,-z+0.333333333333333
    x-y+0.666666666666667,-y+0.333333333333333,-z+0.333333333333333
nsymops:   36
symops:
    x,y,z
    -y,x-y,z
    -x+y,-x,z
    y+0.666666666666667,x+0.333333333333333,-z+0.333333333333333
    -x+0.666666666666667,-x+y+0.333333333333333,-z+0.333333333333333
    x-y+0.666666666666667,-y+0.333333333333333,-z+0.333333333333333
    x+0.666666666666667,y+0.333333333333333,z+0.333333333333333
    -y+0.666666666666667,x-y+0.333333333333333,z+0.333333333333333
    -x+y+0.666666666666667,-x+0.333333333333333,z+0.333333333333333
    y+0.333333333333333,x+0.666666666666667,-z+0.666666666666667
    -x+0.333333333333333,-x+y+0.666666666666667,-z+0.666666666666667
    x-y+0.333333333333333,-y+0.666666666666667,-z+0.666666666666667
    x+0.333333333333333,y+0.666666666666667,z+0.666666666666667
    -y+0.333333333333333,x-y+0.666666666666667,z+0.666666666666667
    -x+y+0.333333333333333,-x+0.666666666666667,z+0.666666666666667
    y,x,-z
    -x,-x+y,-z
    x-y,-y,-z
    -x+0.666666666666667,-y+0.333333333333333,-z+0.333333333333333
    y+0.666666666666667,-x+y+0.333333333333333,-z+0.333333333333333
    x-y+0.666666666666667,x+0.333333333333333,-z+0.333333333333333
    -y,-x,z
    x,x-y,z
    -x+y,y,z
    -x+0.333333333333333,-y+0.666666666666667,-z+0.666666666666667
    y+0.333333333333333,-x+y+0.666666666666667,-z+0.666666666666667
    x-y+0.333333333333333,x+0.666666666666667,-z+0.666666666666667
    -y+0.666666666666667,-x+0.333333333333333,z+0.333333333333333
    x+0.666666666666667,x-y+0.333333333333333,z+0.333333333333333
    -x+y+0.666666666666667,y+0.333333333333333,z+0.333333333333333
    -x,-y,-z
    y,-x+y,-z
    x-y,x,-z
    -y+0.333333333333333,-x+0.666666666666667,z+0.666666666666667
    x+0.333333333333333,x-y+0.666666666666667,z+0.666666666666667
    -x+y+0.333333333333333,y+0.666666666666667,z+0.666666666666667
inversion: 1
inversion translation: 0.666666666666667, 0.333333333333333, 0.333333333333333
centering: 0,0,0 0.666666666666667,0.333333333333333,0.333333333333333 0.333333333333333,0.666666666666667,0.666666666666667 

Molecule symmetry for molecule 'Sr':
nrepreset: 6
representatives:
    x,y,z
    -y,x-y,z
    -x+y,-x,z
    y+0.666666666666667,x+0.333333333333333,-z+0.333333333333333
    -x+0.666666666666667,-x+y+0.333333333333333,-z+0.333333333333333
    x-y+0.666666666666667,-y+0.333333333333333,-z+0.333333333333333
nsymops:   12
symops:
    x,y,z
    -y,x-y,z
    -x+y,-x,z
    y+0.666666666666667,x+0.333333333333333,-z+0.333333333333333
    -x+0.666666666666667,-x+y+0.333333333333333,-z+0.333333333333333
    x-y+0.666666666666667,-y+0.333333333333333,-z+0.333333333333333
    -x+0.666666666666667,-y+0.333333333333333,-z+0.333333333333333
    y+0.666666666666667,-x+y+0.333333333333333,-z+0.333333333333333
    x-y+0.666666666666667,x+0.333333333333333,-z+0.333333333333333
    -y,-x,z
    x,x-y,z
    -x+y,y,z
inversion: 1
inversion translation: 0.666666666666667, 0.333333333333333, 0.333333333333333
centering: 0,0,0 
Cosets for 'Sr':
   Coset 1: 
      x,y,z
      -y,x-y,z
      -x+y,-x,z
      y+0.666666666666667,x+0.333333333333333,-z+0.333333333333333
      -x+0.666666666666667,-x+y+0.333333333333333,-z+0.333333333333333
      x-y+0.666666666666667,-y+0.333333333333333,-z+0.333333333333333
      -x+0.666666666666667,-y+0.333333333333333,-z+0.333333333333333
      y+0.666666666666667,-x+y+0.333333333333333,-z+0.333333333333333
      x-y+0.666666666666667,x+0.333333333333333,-z+0.333333333333333
      -y,-x,z
      x,x-y,z
      -x+y,y,z
   Coset 2: 
      -x+0.333333333333333,-x+y+0.666666666666667,-z+0.666666666666667
      y+0.333333333333333,x+0.666666666666667,-z+0.666666666666667
      x-y+0.333333333333333,-y+0.666666666666667,-z+0.666666666666667
      -y+0.666666666666667,x-y+0.333333333333333,z+0.333333333333333
      x+0.666666666666667,y+0.333333333333333,z+0.333333333333333
      -x+y+0.666666666666667,-x+0.333333333333333,z+0.333333333333333
      x+0.666666666666667,x-y+0.333333333333333,z+0.333333333333333
      -y+0.666666666666667,-x+0.333333333333333,z+0.333333333333333
      -x+y+0.666666666666667,y+0.333333333333333,z+0.333333333333333
      y+0.333333333333333,-x+y+0.666666666666667,-z+0.666666666666667
      -x+0.333333333333333,-y+0.666666666666667,-z+0.666666666666667
      x-y+0.333333333333333,x+0.666666666666667,-z+0.666666666666667
   Coset 3: 
      -x+y+0.333333333333333,-x+0.666666666666667,z+0.666666666666667
      x+0.333333333333333,y+0.666666666666667,z+0.666666666666667
      -y+0.333333333333333,x-y+0.666666666666667,z+0.666666666666667
      x-y,-y,-z
      y,x,-z
      -x,-x+y,-z
      x-y,x,-z
      -x,-y,-z
      y,-x+y,-z
      -x+y+0.333333333333333,y+0.666666666666667,z+0.666666666666667
      -y+0.333333333333333,-x+0.666666666666667,z+0.666666666666667
      x+0.333333333333333,x-y+0.666666666666667,z+0.666666666666667

Molecule cluster symmetry:
nrepreset: 6
representatives:
    x,y,z
    -y,x-y,z
    -x+y,-x,z
    y+0.666666666666667,x+0.333333333333333,-z+0.333333333333333
    -x+0.666666666666667,-x+y+0.333333333333333,-z+0.333333333333333
    x-y+0.666666666666667,-y+0.333333333333333,-z+0.333333333333333
nsymops:   36
symops:
    x,y,z
    -y,x-y,z
    -x+y,-x,z
    y+0.666666666666667,x+0.333333333333333,-z+0.333333333333333
    -x+0.666666666666667,-x+y+0.333333333333333,-z+0.333333333333333
    x-y+0.666666666666667,-y+0.333333333333333,-z+0.333333333333333
    x+0.666666666666667,y+0.333333333333333,z+0.333333333333333
    -y+0.666666666666667,x-y+0.333333333333333,z+0.333333333333333
    -x+y+0.666666666666667,-x+0.333333333333333,z+0.333333333333333
    y+0.333333333333333,x+0.666666666666667,-z+0.666666666666667
    -x+0.333333333333333,-x+y+0.666666666666667,-z+0.666666666666667
    x-y+0.333333333333333,-y+0.666666666666667,-z+0.666666666666667
    x+0.333333333333333,y+0.666666666666667,z+0.666666666666667
    -y+0.333333333333333,x-y+0.666666666666667,z+0.666666666666667
    -x+y+0.333333333333333,-x+0.666666666666667,z+0.666666666666667
    y,x,-z
    -x,-x+y,-z
    x-y,-y,-z
    -x+0.666666666666667,-y+0.333333333333333,-z+0.333333333333333
    y+0.666666666666667,-x+y+0.333333333333333,-z+0.333333333333333
    x-y+0.666666666666667,x+0.333333333333333,-z+0.333333333333333
    -y,-x,z
    x,x-y,z
    -x+y,y,z
    -x+0.333333333333333,-y+0.666666666666667,-z+0.666666666666667
    y+0.333333333333333,-x+y+0.666666666666667,-z+0.666666666666667
    x-y+0.333333333333333,x+0.666666666666667,-z+0.666666666666667
    -y+0.666666666666667,-x+0.333333333333333,z+0.333333333333333
    x+0.666666666666667,x-y+0.333333333333333,z+0.333333333333333
    -x+y+0.666666666666667,y+0.333333333333333,z+0.333333333333333
    -x,-y,-z
    y,-x+y,-z
    x-y,x,-z
    -y+0.333333333333333,-x+0.666666666666667,z+0.666666666666667
    x+0.333333333333333,x-y+0.666666666666667,z+0.666666666666667
    -x+y+0.333333333333333,y+0.666666666666667,z+0.666666666666667
inversion: 1
inversion translation: 0.666666666666667, 0.333333333333333, 0.333333333333333
centering: 0,0,0 0.666666666666667,0.333333333333333,0.333333333333333 0.333333333333333,0.666666666666667,0.666666666666667 

Molecule symmetry for molecule 'C N2':
nrepreset: 6
representatives:
    x,y,z
    -y,x-y,z
    -x+y,-x,z
    -y,-x,z
    x,x-y,z
    -x+y,y,z
nsymops:   12
symops:
    x,y,z
    -y,x-y,z
    -x+y,-x,z
    -y,-x,z
    x,x-y,z
    -x+y,y,z
    -x,-y,-z
    y,-x+y,-z
    x-y,x,-z
    y,x,-z
    -x,-x+y,-z
    x-y,-y,-z
inversion: 1
inversion translation: 0, 0, 0
centering: 0,0,0 
Cosets for 'C N2':
   Coset 1: 
      x,y,z
      -y,x-y,z
      -x+y,-x,z
      -y,-x,z
      x,x-y,z
      -x+y,y,z
      -x,-y,-z
      y,-x+y,-z
      x-y,x,-z
      y,x,-z
      -x,-x+y,-z
      x-y,-y,-z
   Coset 2: 
      -x+0.333333333333333,-x+y+0.666666666666667,-z+0.666666666666667
      y+0.333333333333333,x+0.666666666666667,-z+0.666666666666667
      x-y+0.333333333333333,-y+0.666666666666667,-z+0.666666666666667
      y+0.333333333333333,-x+y+0.666666666666667,-z+0.666666666666667
      -x+0.333333333333333,-y+0.666666666666667,-z+0.666666666666667
      x-y+0.333333333333333,x+0.666666666666667,-z+0.666666666666667
      x+0.333333333333333,x-y+0.666666666666667,z+0.666666666666667
      -y+0.333333333333333,-x+0.666666666666667,z+0.666666666666667
      -x+y+0.333333333333333,y+0.666666666666667,z+0.666666666666667
      -y+0.333333333333333,x-y+0.666666666666667,z+0.666666666666667
      x+0.333333333333333,y+0.666666666666667,z+0.666666666666667
      -x+y+0.333333333333333,-x+0.666666666666667,z+0.666666666666667
   Coset 3: 
      -x+0.666666666666667,-x+y+0.333333333333333,-z+0.333333333333333
      y+0.666666666666667,x+0.333333333333333,-z+0.333333333333333
      x-y+0.666666666666667,-y+0.333333333333333,-z+0.333333333333333
      y+0.666666666666667,-x+y+0.333333333333333,-z+0.333333333333333
      -x+0.666666666666667,-y+0.333333333333333,-z+0.333333333333333
      x-y+0.666666666666667,x+0.333333333333333,-z+0.333333333333333
      x+0.666666666666667,x-y+0.333333333333333,z+0.333333333333333
      -y+0.666666666666667,-x+0.333333333333333,z+0.333333333333333
      -x+y+0.666666666666667,y+0.333333333333333,z+0.333333333333333
      -y+0.666666666666667,x-y+0.333333333333333,z+0.333333333333333
      x+0.666666666666667,y+0.333333333333333,z+0.333333333333333
      -x+y+0.666666666666667,-x+0.333333333333333,z+0.333333333333333
