+ directory-metadata
+ whoami
saulius
+ hostname -f
koala.ibt.lt
+ pwd
/home/saulius/src/cod-tools
+ svn info
Path: .
Working Copy Root Path: /home/saulius/src/cod-tools
URL: svn://www.crystallography.net/cod-tools/branches/feature/saulius-fix-rombohedral-sapcegroup-generation-bug108
Relative URL: ^/branches/feature/saulius-fix-rombohedral-sapcegroup-generation-bug108
Repository Root: svn://www.crystallography.net/cod-tools
Repository UUID: 04be6746-3802-0410-999d-98508da1e98c
Revision: 7201
Node Kind: directory
Schedule: normal
Last Changed Author: saulius
Last Changed Rev: 7201
Last Changed Date: 2019-10-05 11:09:30 +0300 (Sat, 05 Oct 2019)

+ df -h .
Filesystem                  Size  Used Avail Use% Mounted on
/dev/mapper/linux--vg-home  3,5T  3,3T   68G  98% /home
+ type osname
osname is /home/saulius/scripts/osname
+ osname
Ubuntu-16.04
+ uname -m
x86_64
+ date
Sat Oct  5 11:56:08 EEST 2019
++ codid2file 2310261
+ ./scripts/cif_molecule --symdebug --preserve --one-datablock --ignore-bumps --max-polymer-span=1 /home/saulius/struct/cod/cif/2/31/02/2310261.cif
Start building molecule symmetry groups:

Processing molecule 'Sr':
<<<< inserting symop: x,-y,-z
<<<< inserting symop: x,-z,y
<<<< inserting symop: x,z,-y
<<<< inserting symop: x,y,-z
<<<< inserting symop: x,-y,z
<<<< inserting symop: x,-z,-y
<<<< inserting symop: x,z,y

Molecule symmetry for molecule 'Sr':
nrepreset: 8
representatives:
    x,y,z
    x,-y,-z
    x,-z,y
    x,z,-y
    x,y,-z
    x,-y,z
    x,-z,-y
    x,z,y
nsymops:   8
symops:
    x,y,z
    x,-y,-z
    x,-z,y
    x,z,-y
    x,y,-z
    x,-y,z
    x,-z,-y
    x,z,y
inversion: 0
centering: 0,0,0 

Molecule cluster symmetry after insertion:
nrepreset: 8
representatives:
    x,y,z
    x,-y,-z
    x,-z,y
    x,z,-y
    x,y,-z
    x,-y,z
    x,-z,-y
    x,z,y
nsymops:   8
symops:
    x,y,z
    x,-y,-z
    x,-z,y
    x,z,-y
    x,y,-z
    x,-y,z
    x,-z,-y
    x,z,y
inversion: 0
centering: 0,0,0 

Processing molecule 'Mg':
<<<< inserting symop: z,x,y
<<<< inserting symop: y,z,x
<<<< inserting symop: y,x,z
<<<< inserting symop: x,z,y
<<<< inserting symop: z,y,x

Molecule symmetry for molecule 'Mg':
nrepreset: 6
representatives:
    x,y,z
    z,x,y
    y,z,x
    y,x,z
    z,y,x
    x,z,y
nsymops:   6
symops:
    x,y,z
    z,x,y
    y,z,x
    y,x,z
    z,y,x
    x,z,y
inversion: 0
centering: 0,0,0 

Molecule cluster symmetry after insertion:
nrepreset: 24
representatives:
    x,y,z
    x,-y,-z
    x,-z,y
    x,z,-y
    x,y,-z
    x,-y,z
    x,-z,-y
    x,z,y
    z,x,y
    z,-x,-y
    z,y,-x
    z,-y,x
    z,-y,-x
    z,y,x
    z,-x,y
    z,x,-y
    -y,z,x
    -y,-z,-x
    -y,x,-z
    -y,-x,z
    -y,-x,-z
    -y,x,z
    -y,-z,x
    -y,z,-x
nsymops:   48
symops:
    x,y,z
    x,-y,-z
    x,-z,y
    x,z,-y
    x,y,-z
    x,-y,z
    x,-z,-y
    x,z,y
    z,x,y
    z,-x,-y
    z,y,-x
    z,-y,x
    z,-y,-x
    z,y,x
    z,-x,y
    z,x,-y
    -y,z,x
    -y,-z,-x
    -y,x,-z
    -y,-x,z
    -y,-x,-z
    -y,x,z
    -y,-z,x
    -y,z,-x
    -x,-y,-z
    -x,y,z
    -x,z,-y
    -x,-z,y
    -x,-y,z
    -x,y,-z
    -x,z,y
    -x,-z,-y
    -z,-x,-y
    -z,x,y
    -z,-y,x
    -z,y,-x
    -z,y,x
    -z,-y,-x
    -z,x,-y
    -z,-x,y
    y,-z,-x
    y,z,x
    y,-x,z
    y,x,-z
    y,x,z
    y,-x,-z
    y,z,-x
    y,-z,x
inversion: 1
centering: 0,0,0 

Processing molecule 'Mg':
<<<< inserting symop: -x,z,y
<<<< inserting symop: -x,y,z
<<<< inserting symop: x,z,y
<<<< inserting symop: x,-y+0.5,-z+0.5
<<<< inserting symop: -x,-z+0.5,-y+0.5
<<<< inserting symop: -x,-y+0.5,-z+0.5
<<<< inserting symop: x,-z+0.5,-y+0.5

Molecule symmetry for molecule 'Mg':
nrepreset: 4
representatives:
    x,y,z
    -x,z,y
    -x,y,z
    x,z,y
nsymops:   8
symops:
    x,y,z
    -x,z,y
    -x,y,z
    x,z,y
    -x,-y+0.5,-z+0.5
    x,-z+0.5,-y+0.5
    x,-y+0.5,-z+0.5
    -x,-z+0.5,-y+0.5
inversion: 1
centering: 0,0,0 

Molecule cluster symmetry after insertion:
nrepreset: 24
representatives:
    x,y,z
    x,-y,-z
    x,-z,y
    x,z,-y
    x,y,-z
    x,-y,z
    x,-z,-y
    x,z,y
    z,x,y
    z,-x,-y
    z,y,-x
    z,-y,x
    z,-y,-x
    z,y,x
    z,-x,y
    z,x,-y
    -y,z,x
    -y,-z,-x
    -y,x,-z
    -y,-x,z
    -y,-x,-z
    -y,x,z
    -y,-z,x
    -y,z,-x
nsymops:   96
symops:
    x,y,z
    x,-y,-z
    x,-z,y
    x,z,-y
    x,y,-z
    x,-y,z
    x,-z,-y
    x,z,y
    z,x,y
    z,-x,-y
    z,y,-x
    z,-y,x
    z,-y,-x
    z,y,x
    z,-x,y
    z,x,-y
    -y,z,x
    -y,-z,-x
    -y,x,-z
    -y,-x,z
    -y,-x,-z
    -y,x,z
    -y,-z,x
    -y,z,-x
    x,y+0.5,z+0.5
    x,-y+0.5,-z+0.5
    x,-z+0.5,y+0.5
    x,z+0.5,-y+0.5
    x,y+0.5,-z+0.5
    x,-y+0.5,z+0.5
    x,-z+0.5,-y+0.5
    x,z+0.5,y+0.5
    z,x+0.5,y+0.5
    z,-x+0.5,-y+0.5
    z,y+0.5,-x+0.5
    z,-y+0.5,x+0.5
    z,-y+0.5,-x+0.5
    z,y+0.5,x+0.5
    z,-x+0.5,y+0.5
    z,x+0.5,-y+0.5
    -y,z+0.5,x+0.5
    -y,-z+0.5,-x+0.5
    -y,x+0.5,-z+0.5
    -y,-x+0.5,z+0.5
    -y,-x+0.5,-z+0.5
    -y,x+0.5,z+0.5
    -y,-z+0.5,x+0.5
    -y,z+0.5,-x+0.5
    -x,-y,-z
    -x,y,z
    -x,z,-y
    -x,-z,y
    -x,-y,z
    -x,y,-z
    -x,z,y
    -x,-z,-y
    -z,-x,-y
    -z,x,y
    -z,-y,x
    -z,y,-x
    -z,y,x
    -z,-y,-x
    -z,x,-y
    -z,-x,y
    y,-z,-x
    y,z,x
    y,-x,z
    y,x,-z
    y,x,z
    y,-x,-z
    y,z,-x
    y,-z,x
    -x,-y+0.5,-z+0.5
    -x,y+0.5,z+0.5
    -x,z+0.5,-y+0.5
    -x,-z+0.5,y+0.5
    -x,-y+0.5,z+0.5
    -x,y+0.5,-z+0.5
    -x,z+0.5,y+0.5
    -x,-z+0.5,-y+0.5
    -z,-x+0.5,-y+0.5
    -z,x+0.5,y+0.5
    -z,-y+0.5,x+0.5
    -z,y+0.5,-x+0.5
    -z,y+0.5,x+0.5
    -z,-y+0.5,-x+0.5
    -z,x+0.5,-y+0.5
    -z,-x+0.5,y+0.5
    y,-z+0.5,-x+0.5
    y,z+0.5,x+0.5
    y,-x+0.5,z+0.5
    y,x+0.5,-z+0.5
    y,x+0.5,z+0.5
    y,-x+0.5,-z+0.5
    y,z+0.5,-x+0.5
    y,-z+0.5,x+0.5
inversion: 1
centering: 0,0,0 0,0.5,0.5 

Processing molecule 'Mg':
<<<< inserting symop: -y,x,z
<<<< inserting symop: -x,-y,z
<<<< inserting symop: y,-x,z
<<<< inserting symop: x,-y,-z
<<<< inserting symop: y,x,-z
<<<< inserting symop: -x,y,-z
<<<< inserting symop: -y,-x,-z
<<<< inserting symop: z,x,y
<<<< inserting symop: -x,z,y
<<<< inserting symop: -z,-x,y
<<<< inserting symop: x,-z,y
<<<< inserting symop: z,-x,-y
<<<< inserting symop: x,z,-y
<<<< inserting symop: -z,x,-y
<<<< inserting symop: -x,-z,-y
<<<< inserting symop: y,z,x
<<<< inserting symop: y,-z,-x
<<<< inserting symop: z,y,-x
<<<< inserting symop: -y,z,-x
<<<< inserting symop: -z,-y,-x
<<<< inserting symop: -y,-z,x
<<<< inserting symop: z,-y,x
<<<< inserting symop: -z,y,x
<<<< inserting symop: -x,-y,-z
<<<< inserting symop: y,-x,-z
<<<< inserting symop: x,y,-z
<<<< inserting symop: -y,x,-z
<<<< inserting symop: -x,y,z
<<<< inserting symop: -y,-x,z
<<<< inserting symop: x,-y,z
<<<< inserting symop: y,x,z
<<<< inserting symop: -z,-x,-y
<<<< inserting symop: x,-z,-y
<<<< inserting symop: z,x,-y
<<<< inserting symop: -x,z,-y
<<<< inserting symop: -z,x,y
<<<< inserting symop: -x,-z,y
<<<< inserting symop: z,-x,y
<<<< inserting symop: x,z,y
<<<< inserting symop: -y,-z,-x
<<<< inserting symop: -y,z,x
<<<< inserting symop: -z,-y,x
<<<< inserting symop: y,-z,x
<<<< inserting symop: z,y,x
<<<< inserting symop: y,z,-x
<<<< inserting symop: -z,y,-x
<<<< inserting symop: z,-y,-x

Molecule symmetry for molecule 'Mg':
nrepreset: 24
representatives:
    x,y,z
    -y,x,z
    -x,-y,z
    y,-x,z
    x,-y,-z
    y,x,-z
    -x,y,-z
    -y,-x,-z
    z,x,y
    -x,z,y
    -z,-x,y
    x,-z,y
    x,z,-y
    -z,x,-y
    -x,-z,-y
    z,-x,-y
    -y,z,-x
    -z,-y,-x
    y,-z,-x
    z,y,-x
    z,-y,x
    y,z,x
    -z,y,x
    -y,-z,x
nsymops:   48
symops:
    x,y,z
    -y,x,z
    -x,-y,z
    y,-x,z
    x,-y,-z
    y,x,-z
    -x,y,-z
    -y,-x,-z
    z,x,y
    -x,z,y
    -z,-x,y
    x,-z,y
    x,z,-y
    -z,x,-y
    -x,-z,-y
    z,-x,-y
    -y,z,-x
    -z,-y,-x
    y,-z,-x
    z,y,-x
    z,-y,x
    y,z,x
    -z,y,x
    -y,-z,x
    -x,-y,-z
    y,-x,-z
    x,y,-z
    -y,x,-z
    -x,y,z
    -y,-x,z
    x,-y,z
    y,x,z
    -z,-x,-y
    x,-z,-y
    z,x,-y
    -x,z,-y
    -x,-z,y
    z,-x,y
    x,z,y
    -z,x,y
    y,-z,x
    z,y,x
    -y,z,x
    -z,-y,x
    -z,y,-x
    -y,-z,-x
    z,-y,-x
    y,z,-x
inversion: 1
centering: 0,0,0 

Molecule cluster symmetry after insertion:
nrepreset: 24
representatives:
    x,y,z
    x,-y,-z
    x,-z,y
    x,z,-y
    x,y,-z
    x,-y,z
    x,-z,-y
    x,z,y
    z,x,y
    z,-x,-y
    z,y,-x
    z,-y,x
    z,-y,-x
    z,y,x
    z,-x,y
    z,x,-y
    -y,z,x
    -y,-z,-x
    -y,x,-z
    -y,-x,z
    -y,-x,-z
    -y,x,z
    -y,-z,x
    -y,z,-x
nsymops:   96
symops:
    x,y,z
    x,-y,-z
    x,-z,y
    x,z,-y
    x,y,-z
    x,-y,z
    x,-z,-y
    x,z,y
    z,x,y
    z,-x,-y
    z,y,-x
    z,-y,x
    z,-y,-x
    z,y,x
    z,-x,y
    z,x,-y
    -y,z,x
    -y,-z,-x
    -y,x,-z
    -y,-x,z
    -y,-x,-z
    -y,x,z
    -y,-z,x
    -y,z,-x
    x,y+0.5,z+0.5
    x,-y+0.5,-z+0.5
    x,-z+0.5,y+0.5
    x,z+0.5,-y+0.5
    x,y+0.5,-z+0.5
    x,-y+0.5,z+0.5
    x,-z+0.5,-y+0.5
    x,z+0.5,y+0.5
    z,x+0.5,y+0.5
    z,-x+0.5,-y+0.5
    z,y+0.5,-x+0.5
    z,-y+0.5,x+0.5
    z,-y+0.5,-x+0.5
    z,y+0.5,x+0.5
    z,-x+0.5,y+0.5
    z,x+0.5,-y+0.5
    -y,z+0.5,x+0.5
    -y,-z+0.5,-x+0.5
    -y,x+0.5,-z+0.5
    -y,-x+0.5,z+0.5
    -y,-x+0.5,-z+0.5
    -y,x+0.5,z+0.5
    -y,-z+0.5,x+0.5
    -y,z+0.5,-x+0.5
    -x,-y,-z
    -x,y,z
    -x,z,-y
    -x,-z,y
    -x,-y,z
    -x,y,-z
    -x,z,y
    -x,-z,-y
    -z,-x,-y
    -z,x,y
    -z,-y,x
    -z,y,-x
    -z,y,x
    -z,-y,-x
    -z,x,-y
    -z,-x,y
    y,-z,-x
    y,z,x
    y,-x,z
    y,x,-z
    y,x,z
    y,-x,-z
    y,z,-x
    y,-z,x
    -x,-y+0.5,-z+0.5
    -x,y+0.5,z+0.5
    -x,z+0.5,-y+0.5
    -x,-z+0.5,y+0.5
    -x,-y+0.5,z+0.5
    -x,y+0.5,-z+0.5
    -x,z+0.5,y+0.5
    -x,-z+0.5,-y+0.5
    -z,-x+0.5,-y+0.5
    -z,x+0.5,y+0.5
    -z,-y+0.5,x+0.5
    -z,y+0.5,-x+0.5
    -z,y+0.5,x+0.5
    -z,-y+0.5,-x+0.5
    -z,x+0.5,-y+0.5
    -z,-x+0.5,y+0.5
    y,-z+0.5,-x+0.5
    y,z+0.5,x+0.5
    y,-x+0.5,z+0.5
    y,x+0.5,-z+0.5
    y,x+0.5,z+0.5
    y,-x+0.5,-z+0.5
    y,z+0.5,-x+0.5
    y,-z+0.5,x+0.5
inversion: 1
centering: 0,0,0 0,0.5,0.5 

Processing molecule 'Mg':
<<<< inserting symop: z,x,y
<<<< inserting symop: y,z,x
<<<< inserting symop: y,x,z
<<<< inserting symop: x,z,y
<<<< inserting symop: z,y,x

Molecule symmetry for molecule 'Mg':
nrepreset: 6
representatives:
    x,y,z
    z,x,y
    y,z,x
    y,x,z
    z,y,x
    x,z,y
nsymops:   6
symops:
    x,y,z
    z,x,y
    y,z,x
    y,x,z
    z,y,x
    x,z,y
inversion: 0
centering: 0,0,0 

Molecule cluster symmetry after insertion:
nrepreset: 24
representatives:
    x,y,z
    x,-y,-z
    x,-z,y
    x,z,-y
    x,y,-z
    x,-y,z
    x,-z,-y
    x,z,y
    z,x,y
    z,-x,-y
    z,y,-x
    z,-y,x
    z,-y,-x
    z,y,x
    z,-x,y
    z,x,-y
    -y,z,x
    -y,-z,-x
    -y,x,-z
    -y,-x,z
    -y,-x,-z
    -y,x,z
    -y,-z,x
    -y,z,-x
nsymops:   96
symops:
    x,y,z
    x,-y,-z
    x,-z,y
    x,z,-y
    x,y,-z
    x,-y,z
    x,-z,-y
    x,z,y
    z,x,y
    z,-x,-y
    z,y,-x
    z,-y,x
    z,-y,-x
    z,y,x
    z,-x,y
    z,x,-y
    -y,z,x
    -y,-z,-x
    -y,x,-z
    -y,-x,z
    -y,-x,-z
    -y,x,z
    -y,-z,x
    -y,z,-x
    x,y+0.5,z+0.5
    x,-y+0.5,-z+0.5
    x,-z+0.5,y+0.5
    x,z+0.5,-y+0.5
    x,y+0.5,-z+0.5
    x,-y+0.5,z+0.5
    x,-z+0.5,-y+0.5
    x,z+0.5,y+0.5
    z,x+0.5,y+0.5
    z,-x+0.5,-y+0.5
    z,y+0.5,-x+0.5
    z,-y+0.5,x+0.5
    z,-y+0.5,-x+0.5
    z,y+0.5,x+0.5
    z,-x+0.5,y+0.5
    z,x+0.5,-y+0.5
    -y,z+0.5,x+0.5
    -y,-z+0.5,-x+0.5
    -y,x+0.5,-z+0.5
    -y,-x+0.5,z+0.5
    -y,-x+0.5,-z+0.5
    -y,x+0.5,z+0.5
    -y,-z+0.5,x+0.5
    -y,z+0.5,-x+0.5
    -x,-y,-z
    -x,y,z
    -x,z,-y
    -x,-z,y
    -x,-y,z
    -x,y,-z
    -x,z,y
    -x,-z,-y
    -z,-x,-y
    -z,x,y
    -z,-y,x
    -z,y,-x
    -z,y,x
    -z,-y,-x
    -z,x,-y
    -z,-x,y
    y,-z,-x
    y,z,x
    y,-x,z
    y,x,-z
    y,x,z
    y,-x,-z
    y,z,-x
    y,-z,x
    -x,-y+0.5,-z+0.5
    -x,y+0.5,z+0.5
    -x,z+0.5,-y+0.5
    -x,-z+0.5,y+0.5
    -x,-y+0.5,z+0.5
    -x,y+0.5,-z+0.5
    -x,z+0.5,y+0.5
    -x,-z+0.5,-y+0.5
    -z,-x+0.5,-y+0.5
    -z,x+0.5,y+0.5
    -z,-y+0.5,x+0.5
    -z,y+0.5,-x+0.5
    -z,y+0.5,x+0.5
    -z,-y+0.5,-x+0.5
    -z,x+0.5,-y+0.5
    -z,-x+0.5,y+0.5
    y,-z+0.5,-x+0.5
    y,z+0.5,x+0.5
    y,-x+0.5,z+0.5
    y,x+0.5,-z+0.5
    y,x+0.5,z+0.5
    y,-x+0.5,-z+0.5
    y,z+0.5,-x+0.5
    y,-z+0.5,x+0.5
inversion: 1
centering: 0,0,0 0,0.5,0.5 

Molecule cluster symmetry:
nrepreset: 24
representatives:
    x,y,z
    x,-y,-z
    x,-z,y
    x,z,-y
    x,y,-z
    x,-y,z
    x,-z,-y
    x,z,y
    z,x,y
    z,-x,-y
    z,y,-x
    z,-y,x
    z,-y,-x
    z,y,x
    z,-x,y
    z,x,-y
    -y,z,x
    -y,-z,-x
    -y,x,-z
    -y,-x,z
    -y,-x,-z
    -y,x,z
    -y,-z,x
    -y,z,-x
nsymops:   96
symops:
    x,y,z
    x,-y,-z
    x,-z,y
    x,z,-y
    x,y,-z
    x,-y,z
    x,-z,-y
    x,z,y
    z,x,y
    z,-x,-y
    z,y,-x
    z,-y,x
    z,-y,-x
    z,y,x
    z,-x,y
    z,x,-y
    -y,z,x
    -y,-z,-x
    -y,x,-z
    -y,-x,z
    -y,-x,-z
    -y,x,z
    -y,-z,x
    -y,z,-x
    x,y+0.5,z+0.5
    x,-y+0.5,-z+0.5
    x,-z+0.5,y+0.5
    x,z+0.5,-y+0.5
    x,y+0.5,-z+0.5
    x,-y+0.5,z+0.5
    x,-z+0.5,-y+0.5
    x,z+0.5,y+0.5
    z,x+0.5,y+0.5
    z,-x+0.5,-y+0.5
    z,y+0.5,-x+0.5
    z,-y+0.5,x+0.5
    z,-y+0.5,-x+0.5
    z,y+0.5,x+0.5
    z,-x+0.5,y+0.5
    z,x+0.5,-y+0.5
    -y,z+0.5,x+0.5
    -y,-z+0.5,-x+0.5
    -y,x+0.5,-z+0.5
    -y,-x+0.5,z+0.5
    -y,-x+0.5,-z+0.5
    -y,x+0.5,z+0.5
    -y,-z+0.5,x+0.5
    -y,z+0.5,-x+0.5
    -x,-y,-z
    -x,y,z
    -x,z,-y
    -x,-z,y
    -x,-y,z
    -x,y,-z
    -x,z,y
    -x,-z,-y
    -z,-x,-y
    -z,x,y
    -z,-y,x
    -z,y,-x
    -z,y,x
    -z,-y,-x
    -z,x,-y
    -z,-x,y
    y,-z,-x
    y,z,x
    y,-x,z
    y,x,-z
    y,x,z
    y,-x,-z
    y,z,-x
    y,-z,x
    -x,-y+0.5,-z+0.5
    -x,y+0.5,z+0.5
    -x,z+0.5,-y+0.5
    -x,-z+0.5,y+0.5
    -x,-y+0.5,z+0.5
    -x,y+0.5,-z+0.5
    -x,z+0.5,y+0.5
    -x,-z+0.5,-y+0.5
    -z,-x+0.5,-y+0.5
    -z,x+0.5,y+0.5
    -z,-y+0.5,x+0.5
    -z,y+0.5,-x+0.5
    -z,y+0.5,x+0.5
    -z,-y+0.5,-x+0.5
    -z,x+0.5,-y+0.5
    -z,-x+0.5,y+0.5
    y,-z+0.5,-x+0.5
    y,z+0.5,x+0.5
    y,-x+0.5,z+0.5
    y,x+0.5,-z+0.5
    y,x+0.5,z+0.5
    y,-x+0.5,-z+0.5
    y,z+0.5,-x+0.5
    y,-z+0.5,x+0.5
inversion: 1
centering: 0,0,0 0,0.5,0.5 

Finished building molecule symmetry groups:

Molecule cluster symmetry:
nrepreset: 24
representatives:
    x,y,z
    x,-y,-z
    x,-z,y
    x,z,-y
    x,y,-z
    x,-y,z
    x,-z,-y
    x,z,y
    z,x,y
    z,-x,-y
    z,y,-x
    z,-y,x
    z,-y,-x
    z,y,x
    z,-x,y
    z,x,-y
    -y,z,x
    -y,-z,-x
    -y,x,-z
    -y,-x,z
    -y,-x,-z
    -y,x,z
    -y,-z,x
    -y,z,-x
nsymops:   96
symops:
    x,y,z
    x,-y,-z
    x,-z,y
    x,z,-y
    x,y,-z
    x,-y,z
    x,-z,-y
    x,z,y
    z,x,y
    z,-x,-y
    z,y,-x
    z,-y,x
    z,-y,-x
    z,y,x
    z,-x,y
    z,x,-y
    -y,z,x
    -y,-z,-x
    -y,x,-z
    -y,-x,z
    -y,-x,-z
    -y,x,z
    -y,-z,x
    -y,z,-x
    x,y+0.5,z+0.5
    x,-y+0.5,-z+0.5
    x,-z+0.5,y+0.5
    x,z+0.5,-y+0.5
    x,y+0.5,-z+0.5
    x,-y+0.5,z+0.5
    x,-z+0.5,-y+0.5
    x,z+0.5,y+0.5
    z,x+0.5,y+0.5
    z,-x+0.5,-y+0.5
    z,y+0.5,-x+0.5
    z,-y+0.5,x+0.5
    z,-y+0.5,-x+0.5
    z,y+0.5,x+0.5
    z,-x+0.5,y+0.5
    z,x+0.5,-y+0.5
    -y,z+0.5,x+0.5
    -y,-z+0.5,-x+0.5
    -y,x+0.5,-z+0.5
    -y,-x+0.5,z+0.5
    -y,-x+0.5,-z+0.5
    -y,x+0.5,z+0.5
    -y,-z+0.5,x+0.5
    -y,z+0.5,-x+0.5
    -x,-y,-z
    -x,y,z
    -x,z,-y
    -x,-z,y
    -x,-y,z
    -x,y,-z
    -x,z,y
    -x,-z,-y
    -z,-x,-y
    -z,x,y
    -z,-y,x
    -z,y,-x
    -z,y,x
    -z,-y,-x
    -z,x,-y
    -z,-x,y
    y,-z,-x
    y,z,x
    y,-x,z
    y,x,-z
    y,x,z
    y,-x,-z
    y,z,-x
    y,-z,x
    -x,-y+0.5,-z+0.5
    -x,y+0.5,z+0.5
    -x,z+0.5,-y+0.5
    -x,-z+0.5,y+0.5
    -x,-y+0.5,z+0.5
    -x,y+0.5,-z+0.5
    -x,z+0.5,y+0.5
    -x,-z+0.5,-y+0.5
    -z,-x+0.5,-y+0.5
    -z,x+0.5,y+0.5
    -z,-y+0.5,x+0.5
    -z,y+0.5,-x+0.5
    -z,y+0.5,x+0.5
    -z,-y+0.5,-x+0.5
    -z,x+0.5,-y+0.5
    -z,-x+0.5,y+0.5
    y,-z+0.5,-x+0.5
    y,z+0.5,x+0.5
    y,-x+0.5,z+0.5
    y,x+0.5,-z+0.5
    y,x+0.5,z+0.5
    y,-x+0.5,-z+0.5
    y,z+0.5,-x+0.5
    y,-z+0.5,x+0.5
inversion: 1
centering: 0,0,0 0,0.5,0.5 

Molecule symmetry for molecule 'Sr':
nrepreset: 8
representatives:
    x,y,z
    x,-y,-z
    x,-z,y
    x,z,-y
    x,y,-z
    x,-y,z
    x,-z,-y
    x,z,y
nsymops:   8
symops:
    x,y,z
    x,-y,-z
    x,-z,y
    x,z,-y
    x,y,-z
    x,-y,z
    x,-z,-y
    x,z,y
inversion: 0
centering: 0,0,0 
Cosets for 'Sr':
   Coset 1: 
      x,y,z
      x,-y,-z
      x,-z,y
      x,z,-y
      x,y,-z
      x,-y,z
      x,-z,-y
      x,z,y
   Coset 2: 
      -x,-y+0.5,-z+0.5
      -x,y+0.5,z+0.5
      -x,z+0.5,-y+0.5
      -x,-z+0.5,y+0.5
      -x,-y+0.5,z+0.5
      -x,y+0.5,-z+0.5
      -x,z+0.5,y+0.5
      -x,-z+0.5,-y+0.5
   Coset 3: 
      -x,-y,-z
      -x,y,z
      -x,z,-y
      -x,-z,y
      -x,-y,z
      -x,y,-z
      -x,z,y
      -x,-z,-y
   Coset 4: 
      -y,-x+0.5,-z+0.5
      y,-x+0.5,z+0.5
      z,-x+0.5,-y+0.5
      -z,-x+0.5,y+0.5
      -y,-x+0.5,z+0.5
      y,-x+0.5,-z+0.5
      z,-x+0.5,y+0.5
      -z,-x+0.5,-y+0.5
   Coset 5: 
      -y,-x,-z
      y,-x,z
      z,-x,-y
      -z,-x,y
      -y,-x,z
      y,-x,-z
      z,-x,y
      -z,-x,-y
   Coset 6: 
      -y,-z+0.5,-x+0.5
      y,z+0.5,-x+0.5
      z,-y+0.5,-x+0.5
      -z,y+0.5,-x+0.5
      -y,z+0.5,-x+0.5
      y,-z+0.5,-x+0.5
      z,y+0.5,-x+0.5
      -z,-y+0.5,-x+0.5
   Coset 7: 
      -y,-z+0.5,x+0.5
      y,z+0.5,x+0.5
      z,-y+0.5,x+0.5
      -z,y+0.5,x+0.5
      -y,z+0.5,x+0.5
      y,-z+0.5,x+0.5
      z,y+0.5,x+0.5
      -z,-y+0.5,x+0.5
   Coset 8: 
      -y,-z,-x
      y,z,-x
      z,-y,-x
      -z,y,-x
      -y,z,-x
      y,-z,-x
      z,y,-x
      -z,-y,-x
   Coset 9: 
      -y,-z,x
      y,z,x
      z,-y,x
      -z,y,x
      -y,z,x
      y,-z,x
      z,y,x
      -z,-y,x
   Coset 10: 
      -y,x+0.5,-z+0.5
      y,x+0.5,z+0.5
      z,x+0.5,-y+0.5
      -z,x+0.5,y+0.5
      -y,x+0.5,z+0.5
      y,x+0.5,-z+0.5
      z,x+0.5,y+0.5
      -z,x+0.5,-y+0.5
   Coset 11: 
      -y,x,-z
      y,x,z
      z,x,-y
      -z,x,y
      -y,x,z
      y,x,-z
      z,x,y
      -z,x,-y
   Coset 12: 
      x,-y+0.5,-z+0.5
      x,y+0.5,z+0.5
      x,z+0.5,-y+0.5
      x,-z+0.5,y+0.5
      x,-y+0.5,z+0.5
      x,y+0.5,-z+0.5
      x,z+0.5,y+0.5
      x,-z+0.5,-y+0.5

Molecule cluster symmetry:
nrepreset: 24
representatives:
    x,y,z
    x,-y,-z
    x,-z,y
    x,z,-y
    x,y,-z
    x,-y,z
    x,-z,-y
    x,z,y
    z,x,y
    z,-x,-y
    z,y,-x
    z,-y,x
    z,-y,-x
    z,y,x
    z,-x,y
    z,x,-y
    -y,z,x
    -y,-z,-x
    -y,x,-z
    -y,-x,z
    -y,-x,-z
    -y,x,z
    -y,-z,x
    -y,z,-x
nsymops:   96
symops:
    x,y,z
    x,-y,-z
    x,-z,y
    x,z,-y
    x,y,-z
    x,-y,z
    x,-z,-y
    x,z,y
    z,x,y
    z,-x,-y
    z,y,-x
    z,-y,x
    z,-y,-x
    z,y,x
    z,-x,y
    z,x,-y
    -y,z,x
    -y,-z,-x
    -y,x,-z
    -y,-x,z
    -y,-x,-z
    -y,x,z
    -y,-z,x
    -y,z,-x
    x,y+0.5,z+0.5
    x,-y+0.5,-z+0.5
    x,-z+0.5,y+0.5
    x,z+0.5,-y+0.5
    x,y+0.5,-z+0.5
    x,-y+0.5,z+0.5
    x,-z+0.5,-y+0.5
    x,z+0.5,y+0.5
    z,x+0.5,y+0.5
    z,-x+0.5,-y+0.5
    z,y+0.5,-x+0.5
    z,-y+0.5,x+0.5
    z,-y+0.5,-x+0.5
    z,y+0.5,x+0.5
    z,-x+0.5,y+0.5
    z,x+0.5,-y+0.5
    -y,z+0.5,x+0.5
    -y,-z+0.5,-x+0.5
    -y,x+0.5,-z+0.5
    -y,-x+0.5,z+0.5
    -y,-x+0.5,-z+0.5
    -y,x+0.5,z+0.5
    -y,-z+0.5,x+0.5
    -y,z+0.5,-x+0.5
    -x,-y,-z
    -x,y,z
    -x,z,-y
    -x,-z,y
    -x,-y,z
    -x,y,-z
    -x,z,y
    -x,-z,-y
    -z,-x,-y
    -z,x,y
    -z,-y,x
    -z,y,-x
    -z,y,x
    -z,-y,-x
    -z,x,-y
    -z,-x,y
    y,-z,-x
    y,z,x
    y,-x,z
    y,x,-z
    y,x,z
    y,-x,-z
    y,z,-x
    y,-z,x
    -x,-y+0.5,-z+0.5
    -x,y+0.5,z+0.5
    -x,z+0.5,-y+0.5
    -x,-z+0.5,y+0.5
    -x,-y+0.5,z+0.5
    -x,y+0.5,-z+0.5
    -x,z+0.5,y+0.5
    -x,-z+0.5,-y+0.5
    -z,-x+0.5,-y+0.5
    -z,x+0.5,y+0.5
    -z,-y+0.5,x+0.5
    -z,y+0.5,-x+0.5
    -z,y+0.5,x+0.5
    -z,-y+0.5,-x+0.5
    -z,x+0.5,-y+0.5
    -z,-x+0.5,y+0.5
    y,-z+0.5,-x+0.5
    y,z+0.5,x+0.5
    y,-x+0.5,z+0.5
    y,x+0.5,-z+0.5
    y,x+0.5,z+0.5
    y,-x+0.5,-z+0.5
    y,z+0.5,-x+0.5
    y,-z+0.5,x+0.5
inversion: 1
centering: 0,0,0 0,0.5,0.5 

Molecule symmetry for molecule 'Mg':
nrepreset: 6
representatives:
    x,y,z
    z,x,y
    y,z,x
    y,x,z
    z,y,x
    x,z,y
nsymops:   6
symops:
    x,y,z
    z,x,y
    y,z,x
    y,x,z
    z,y,x
    x,z,y
inversion: 0
centering: 0,0,0 
Cosets for 'Mg':
   Coset 1: 
      x,y,z
      z,x,y
      y,z,x
      y,x,z
      z,y,x
      x,z,y
   Coset 2: 
      -x,-y+0.5,-z+0.5
      -z,-x+0.5,-y+0.5
      -y,-z+0.5,-x+0.5
      -y,-x+0.5,-z+0.5
      -z,-y+0.5,-x+0.5
      -x,-z+0.5,-y+0.5
   Coset 3: 
      -x,-y+0.5,z+0.5
      -z,-x+0.5,y+0.5
      -y,-z+0.5,x+0.5
      -y,-x+0.5,z+0.5
      -z,-y+0.5,x+0.5
      -x,-z+0.5,y+0.5
   Coset 4: 
      -x,-y,-z
      -z,-x,-y
      -y,-z,-x
      -y,-x,-z
      -z,-y,-x
      -x,-z,-y
   Coset 5: 
      -x,-y,z
      -z,-x,y
      -y,-z,x
      -y,-x,z
      -z,-y,x
      -x,-z,y
   Coset 6: 
      -x,y+0.5,-z+0.5
      -z,x+0.5,-y+0.5
      -y,z+0.5,-x+0.5
      -y,x+0.5,-z+0.5
      -z,y+0.5,-x+0.5
      -x,z+0.5,-y+0.5
   Coset 7: 
      -x,y+0.5,z+0.5
      -z,x+0.5,y+0.5
      -y,z+0.5,x+0.5
      -y,x+0.5,z+0.5
      -z,y+0.5,x+0.5
      -x,z+0.5,y+0.5
   Coset 8: 
      -x,y,-z
      -z,x,-y
      -y,z,-x
      -y,x,-z
      -z,y,-x
      -x,z,-y
   Coset 9: 
      -x,y,z
      -z,x,y
      -y,z,x
      -y,x,z
      -z,y,x
      -x,z,y
   Coset 10: 
      x,-y+0.5,-z+0.5
      z,-x+0.5,-y+0.5
      y,-z+0.5,-x+0.5
      y,-x+0.5,-z+0.5
      z,-y+0.5,-x+0.5
      x,-z+0.5,-y+0.5
   Coset 11: 
      x,-y+0.5,z+0.5
      z,-x+0.5,y+0.5
      y,-z+0.5,x+0.5
      y,-x+0.5,z+0.5
      z,-y+0.5,x+0.5
      x,-z+0.5,y+0.5
   Coset 12: 
      x,-y,-z
      z,-x,-y
      y,-z,-x
      y,-x,-z
      z,-y,-x
      x,-z,-y
   Coset 13: 
      x,-y,z
      z,-x,y
      y,-z,x
      y,-x,z
      z,-y,x
      x,-z,y
   Coset 14: 
      x,y+0.5,-z+0.5
      z,x+0.5,-y+0.5
      y,z+0.5,-x+0.5
      y,x+0.5,-z+0.5
      z,y+0.5,-x+0.5
      x,z+0.5,-y+0.5
   Coset 15: 
      x,y+0.5,z+0.5
      z,x+0.5,y+0.5
      y,z+0.5,x+0.5
      y,x+0.5,z+0.5
      z,y+0.5,x+0.5
      x,z+0.5,y+0.5
   Coset 16: 
      x,y,-z
      z,x,-y
      y,z,-x
      y,x,-z
      z,y,-x
      x,z,-y

Molecule cluster symmetry:
nrepreset: 24
representatives:
    x,y,z
    x,-y,-z
    x,-z,y
    x,z,-y
    x,y,-z
    x,-y,z
    x,-z,-y
    x,z,y
    z,x,y
    z,-x,-y
    z,y,-x
    z,-y,x
    z,-y,-x
    z,y,x
    z,-x,y
    z,x,-y
    -y,z,x
    -y,-z,-x
    -y,x,-z
    -y,-x,z
    -y,-x,-z
    -y,x,z
    -y,-z,x
    -y,z,-x
nsymops:   96
symops:
    x,y,z
    x,-y,-z
    x,-z,y
    x,z,-y
    x,y,-z
    x,-y,z
    x,-z,-y
    x,z,y
    z,x,y
    z,-x,-y
    z,y,-x
    z,-y,x
    z,-y,-x
    z,y,x
    z,-x,y
    z,x,-y
    -y,z,x
    -y,-z,-x
    -y,x,-z
    -y,-x,z
    -y,-x,-z
    -y,x,z
    -y,-z,x
    -y,z,-x
    x,y+0.5,z+0.5
    x,-y+0.5,-z+0.5
    x,-z+0.5,y+0.5
    x,z+0.5,-y+0.5
    x,y+0.5,-z+0.5
    x,-y+0.5,z+0.5
    x,-z+0.5,-y+0.5
    x,z+0.5,y+0.5
    z,x+0.5,y+0.5
    z,-x+0.5,-y+0.5
    z,y+0.5,-x+0.5
    z,-y+0.5,x+0.5
    z,-y+0.5,-x+0.5
    z,y+0.5,x+0.5
    z,-x+0.5,y+0.5
    z,x+0.5,-y+0.5
    -y,z+0.5,x+0.5
    -y,-z+0.5,-x+0.5
    -y,x+0.5,-z+0.5
    -y,-x+0.5,z+0.5
    -y,-x+0.5,-z+0.5
    -y,x+0.5,z+0.5
    -y,-z+0.5,x+0.5
    -y,z+0.5,-x+0.5
    -x,-y,-z
    -x,y,z
    -x,z,-y
    -x,-z,y
    -x,-y,z
    -x,y,-z
    -x,z,y
    -x,-z,-y
    -z,-x,-y
    -z,x,y
    -z,-y,x
    -z,y,-x
    -z,y,x
    -z,-y,-x
    -z,x,-y
    -z,-x,y
    y,-z,-x
    y,z,x
    y,-x,z
    y,x,-z
    y,x,z
    y,-x,-z
    y,z,-x
    y,-z,x
    -x,-y+0.5,-z+0.5
    -x,y+0.5,z+0.5
    -x,z+0.5,-y+0.5
    -x,-z+0.5,y+0.5
    -x,-y+0.5,z+0.5
    -x,y+0.5,-z+0.5
    -x,z+0.5,y+0.5
    -x,-z+0.5,-y+0.5
    -z,-x+0.5,-y+0.5
    -z,x+0.5,y+0.5
    -z,-y+0.5,x+0.5
    -z,y+0.5,-x+0.5
    -z,y+0.5,x+0.5
    -z,-y+0.5,-x+0.5
    -z,x+0.5,-y+0.5
    -z,-x+0.5,y+0.5
    y,-z+0.5,-x+0.5
    y,z+0.5,x+0.5
    y,-x+0.5,z+0.5
    y,x+0.5,-z+0.5
    y,x+0.5,z+0.5
    y,-x+0.5,-z+0.5
    y,z+0.5,-x+0.5
    y,-z+0.5,x+0.5
inversion: 1
centering: 0,0,0 0,0.5,0.5 

Molecule symmetry for molecule 'Mg':
nrepreset: 4
representatives:
    x,y,z
    -x,z,y
    -x,y,z
    x,z,y
nsymops:   8
symops:
    x,y,z
    -x,z,y
    -x,y,z
    x,z,y
    -x,-y+0.5,-z+0.5
    x,-z+0.5,-y+0.5
    x,-y+0.5,-z+0.5
    -x,-z+0.5,-y+0.5
inversion: 1
centering: 0,0,0 
./scripts/cif_molecule: /home/saulius/struct/cod/cif/2/31/02/2310261.cif data_2310261: ERROR, could not find operator 'y+1/2,x+1/2,z' at /home/saulius/src/cod-tools/src/lib/perl5/COD/Spacegroups/Cosets.pm line 125.
./scripts/cif_molecule: /home/saulius/struct/cod/cif/2/31/02/2310261.cif data_2310261: ERROR, 1 ERROR(s) encountered -- die on ERROR(s) requested.
