+ directory-metadata
+ whoami
saulius
+ hostname -f
koala.ibt.lt
+ pwd
/home/saulius/src/cod-tools
+ svn info
Path: .
Working Copy Root Path: /home/saulius/src/cod-tools
URL: svn://www.crystallography.net/cod-tools/branches/feature/saulius-fix-rombohedral-sapcegroup-generation-bug108
Relative URL: ^/branches/feature/saulius-fix-rombohedral-sapcegroup-generation-bug108
Repository Root: svn://www.crystallography.net/cod-tools
Repository UUID: 04be6746-3802-0410-999d-98508da1e98c
Revision: 7201
Node Kind: directory
Schedule: normal
Last Changed Author: saulius
Last Changed Rev: 7201
Last Changed Date: 2019-10-05 11:09:30 +0300 (Sat, 05 Oct 2019)

+ df -h .
Filesystem                  Size  Used Avail Use% Mounted on
/dev/mapper/linux--vg-home  3,5T  3,3T   68G  98% /home
+ type osname
osname is /home/saulius/scripts/osname
+ osname
Ubuntu-16.04
+ uname -m
x86_64
+ date
Sat Oct  5 12:12:28 EEST 2019
+ awk '/^Start building/,/^nsymops:   96/' 2310261.log
+ grep 'inserting symop'
+ awk '{print $NF}'
