Values for '_test1':
Value1
--------------------
Values for '_test6':
Value6
--------------------
Values for '_test12':
[;Value12]
--------------------
Values for '_test5':
;Value5;
--------------------
Values for '_test4':
;Value4
--------------------
Values for '_test2':
[Value2
--------------------
Values for '_test10':
;Value10]
--------------------
Values for '_test11':
[;Value11
--------------------
Values for '_test3':
Value3]
--------------------
Values for '_test9':
;[Value9]
--------------------
Values for '_test8':
;[Value8
--------------------
Values for '_test7':
;Value7;
--------------------
