  57242 _diffrn_reflns_av_r_equivalents
  56993 _refine_ls_r_factor_all
  55496 _refine_ls_r_factor_gt
  55213 _refine_ls_wr_factor_ref
  52191 _refine_ls_wr_factor_gt
   6806 _refine_ls_wr_factor_obs
   6684 _refine_ls_r_factor_obs
   2568 _refine_ls_wr_factor_all
    317 _pd_proc_ls_prof_wr_factor
    315 _pd_proc_ls_prof_r_factor
    254 _pd_proc_ls_prof_wr_expected
    189 _oxford_refine_ls_r_factor_ref
     86 _refine_ls_r_i_factor
     66 _refine_ls_r_factor_ref
     45 _refine_ls_r_fsqd_factor
     10 _r_int
      7 _pd_proc_ls_prof_r_factor_on_i
      7 _pd_proc_ls_prof_r_factor_on_f
      3 _pd_proc_ls_prof_r_bragg
      2 _pd_proc_ls_prof_r_expected
      1 _refine_ls_wr_factor_obs+
      1 _refine_ls_wr_factor_obs-
      1 _refine_ls_wr_factor_gtf
      1 _refine_ls_r_factor_obs+
      1 _refine_ls_r_factor_obs-
      1 _refine_ls_r_factor
