_audit_conform_[]
_audit_conform_dict_location
_audit_conform_dict_name
_audit_conform_dict_version
_diffrn_radiation_collimation
_diffrn_radiation_filter_edge
_diffrn_radiation_filter_edge_nm
_diffrn_radiation_filter_edge_pm
_diffrn_radiation_inhomogeneity
_diffrn_radiation_monochromator
_diffrn_radiation_polarisn_norm
_diffrn_radiation_polarisn_ratio
_diffrn_radiation_probe
_diffrn_radiation_type
_diffrn_radiation_wavelength
_diffrn_radiation_wavelength_nm
_diffrn_radiation_wavelength_pm
_diffrn_radiation_xray_symbol
_enumeration
_enumeration_detail
_example
_example_detail
_exptl_crystal_F_000
_exptl_crystal_colour
_exptl_crystal_colour_lustre
_exptl_crystal_colour_modifier
_exptl_crystal_colour_primary
_exptl_crystal_density_diffrn
_exptl_crystal_density_meas
_exptl_crystal_density_meas_gt
_exptl_crystal_density_meas_lt
_exptl_crystal_density_meas_temp
_exptl_crystal_density_meas_temp_gt
_exptl_crystal_density_meas_temp_lt
_exptl_crystal_density_method
_exptl_crystal_description
_exptl_crystal_face_perp_dist_cm
_exptl_crystal_preparation
_exptl_crystal_pressure_history
_exptl_crystal_size_length
_exptl_crystal_size_max
_exptl_crystal_size_max_cm
_exptl_crystal_size_mid
_exptl_crystal_size_mid_cm
_exptl_crystal_size_min
_exptl_crystal_size_min_cm
_exptl_crystal_size_rad
_exptl_crystal_size_rad_cm
_exptl_crystal_thermal_history
_list_link_child
_list_link_parent
_list_reference
_list_uniqueness
_name
_pd_block_id
_pd_calib_2theta_off_max
_pd_calib_2theta_off_min
_pd_calib_2theta_off_point
_pd_calib_2theta_offset
_pd_calib_std_external_block_id
_pd_calib_std_external_name
_pd_calib_std_internal_mass_%
_pd_calib_std_internal_name
_pd_instr_2theta_monochr_post
_pd_instr_2theta_monochr_pre
_pd_instr_dist_anal/detc
_pd_instr_dist_mono/spec
_pd_instr_dist_spec/anal
_pd_instr_dist_spec/detc
_pd_instr_dist_src/mono
_pd_instr_dist_src/spec
_pd_instr_divg_ax_anal/detc
_pd_instr_divg_ax_mono/spec
_pd_instr_divg_ax_spec/anal
_pd_instr_divg_ax_spec/detc
_pd_instr_divg_ax_src/mono
_pd_instr_divg_ax_src/spec
_pd_instr_divg_eq_anal/detc
_pd_instr_divg_eq_mono/spec
_pd_instr_divg_eq_spec/anal
_pd_instr_divg_eq_spec/detc
_pd_instr_divg_eq_src/mono
_pd_instr_divg_eq_src/spec
_pd_instr_monochr_post_spec
_pd_instr_monochr_pre_spec
_pd_instr_slit_ax_anal/detc
_pd_instr_slit_ax_mono/spec
_pd_instr_slit_ax_spec/anal
_pd_instr_slit_ax_spec/detc
_pd_instr_slit_ax_src/mono
_pd_instr_slit_ax_src/spec
_pd_instr_slit_eq_anal/detc
_pd_instr_slit_eq_mono/spec
_pd_instr_slit_eq_spec/anal
_pd_instr_slit_eq_spec/detc
_pd_instr_slit_eq_src/mono
_pd_instr_slit_eq_src/spec
_pd_instr_soller_ax_anal/detc
_pd_instr_soller_ax_mono/spec
_pd_instr_soller_ax_spec/anal
_pd_instr_soller_ax_spec/detc
_pd_instr_soller_ax_src/mono
_pd_instr_soller_ax_src/spec
_pd_instr_soller_eq_anal/detc
_pd_instr_soller_eq_mono/spec
_pd_instr_soller_eq_spec/anal
_pd_instr_soller_eq_spec/detc
_pd_instr_soller_eq_src/mono
_pd_instr_soller_eq_src/spec
_pd_meas_angle_2theta
_pd_meas_angle_chi
_pd_meas_angle_omega
_pd_meas_angle_phi
_pd_meas_info_author_address
_pd_meas_info_author_email
_pd_meas_info_author_fax
_pd_meas_info_author_name
_pd_meas_info_author_phone
_pd_meas_rocking_angle
_pd_meas_rocking_axis
_pd_meas_step_count_time
_pd_phase_name
_pd_proc_energy_detection
_pd_proc_energy_incident
_pd_proc_info_author_address
_pd_proc_info_author_email
_pd_proc_info_author_fax
_pd_proc_info_author_name
_pd_proc_info_author_phone
_pd_proc_info_datetime
_pd_proc_wavelength
_publ_author_address
_publ_author_email
_publ_author_footnote
_publ_author_id_iucr
_publ_author_name
_publ_body_[]
_publ_body_contents
_related_item
_space_group_IT_number
_space_group_crystal_system
_space_group_id
_space_group_name_H-M_alt
_space_group_name_Hall
_space_group_symop_operation_xyz
_space_group_symop_sg_id
_symmetry_equiv_pos_as_xyz
_type_conditions
