>>> reallocating lex token buffer to 256
./cifparse: tests/cifparse_095.inp(1): NOTE, first line does not start with magic code (#\#CIF_2.0)
>>> reallocating lex token buffer to 256
>>> DATA_: 'X'
>>> LOOP_
>>> TAG: '_s'
>>> UQSTRING (not a number): '123(32'
>>> UQSTRING (not a number): '+123(2'
>>> UQSTRING (not a number): '-321(12345'
>>> UQSTRING (not a number): '1.11(123'
>>> UQSTRING (not a number): '1.23E12(32'
>>> UQSTRING (not a number): '+1.11(123'
>>> UQSTRING (not a number): '+1.23E12(32'
>>> UQSTRING (not a number): '-1.11(123'
>>> UQSTRING (not a number): '-1.23E12(32'
>>> UQSTRING (not a number): '+1.E12(12'
>>> UQSTRING (not a number): '-.12e12(12'
>>> UQSTRING (not a number): '+1.E-12(1'
>>> UQSTRING (not a number): '-.12e12(21'
>>> UQSTRING (not a number): '-1.E-1(12'
./cifparse: file 'tests/cifparse_095.inp' OK
