>>> reallocating lex token buffer to 256
./cifparse: tests/cifparse_084.inp(1): NOTE, first line does not start with magic code (#\#CIF_2.0)
>>> reallocating lex token buffer to 256
>>> DATA_: 'X'
>>> TAG: '_i1'
>>> INTEGER: '111'
>>> TAG: '_i2'
>>> INTEGER: '+111'
>>> TAG: '_i3'
>>> INTEGER: '-111'
>>> TAG: '_i4'
>>> INTEGER: '111(12)'
>>> TAG: '_i5'
>>> INTEGER: '+111(12)'
>>> TAG: '_i6'
>>> INTEGER: '-111(12)'
>>> LOOP_
>>> TAG: '_r1'
>>> REAL: '+1.23E-12(3)'
>>> REAL: '+.23E-12(3)'
>>> REAL: '-1.23E-12(3)'
>>> REAL: '-.23E-12(3)'
>>> REAL: '.23E-12(3)'
>>> REAL: '0.23E-12(3)'
>>> REAL: '1.E-12(3)'
>>> REAL: '+1.23E12(3)'
>>> REAL: '+.23E2(3)'
>>> REAL: '-1.23E12(3)'
>>> REAL: '-.23E12(3)'
>>> REAL: '.23E12(3)'
>>> REAL: '0.23E12(3)'
>>> REAL: '1.E12(3)'
>>> REAL: '+1.23'
>>> REAL: '+.23'
>>> REAL: '-1.23'
>>> REAL: '-.23'
>>> REAL: '.23'
>>> REAL: '0.23'
>>> REAL: '1.'
>>> REAL: '+1.23(2)'
>>> REAL: '+.23(12)'
>>> REAL: '-1.23(21)'
>>> REAL: '-.23(1)'
>>> REAL: '.23(111)'
>>> REAL: '0.23(4)'
>>> REAL: '1.(33)'
>>> TAG: '_s1'
>>> UQSTRING (not a number): '++1.23E-12(3)'
./cifparse: file 'tests/cifparse_084.inp' OK
