./cifparse: tests/cifparse_065.inp(1): NOTE, first line does not start with magic code (#\#CIF_2.0)
./cifparse: tests/cifparse_065.inp(6,5) data_test: ERROR, incorrect CIF syntax:
 _e2 'no longer a model file                    # no closing quote
     ^
./cifparse: tests/cifparse_065.inp(7,9) data_test: ERROR, incorrect CIF syntax:
 _e3  no longer 
         ^
./cifparse: tests/cifparse_065.inp(8,5) data_test: ERROR, incorrect CIF syntax:
 _e4 "with various types of field'              # mismatched quotes
     ^
./cifparse: tests/cifparse_065.inp(10,13) data_test: ERROR, incorrect CIF syntax:
 _t6 'and it's 
             ^
./cifparse: tests/cifparse_065.inp(11,27) data_test: ERROR, incorrect CIF syntax:
 _e7 'so long as they don' t 
                           ^
./cifparse: tests/cifparse_065.inp(17,4) data_test: ERROR, incorrect CIF syntax:
  ; but 
    ^
./cifparse: tests/cifparse_065.inp(25,3) data_test: ERROR, incorrect CIF syntax:
 ; a 
   ^
./cifparse: file 'tests/cifparse_065.inp' FAILED
