

*******************************************************************************
Wed Jun 18 21:09:11 2008


FIT:    data read from "timings.log" using 1:3
        #datapoints = 9
        residuals are weighted equally (unit weight)

function used for fitting: f(x)
fitted parameters initialized with current variable values



 Iteration 0
 WSSR        : 1.53193e+12       delta(WSSR)/WSSR   : 0
 delta(WSSR) : 0                 limit for stopping : 1e-05
 lambda	  : 412755

initial set of free parameter values

a               = 1

After 4 iterations the fit converged.
final sum of squares of residuals : 1336.21
rel. change during last iteration : -1.74349e-09

degrees of freedom    (FIT_NDF)                        : 8
rms of residuals      (FIT_STDFIT) = sqrt(WSSR/ndf)    : 12.9239
variance of residuals (reduced chisquare) = WSSR/ndf   : 167.026

Final set of parameters            Asymptotic Standard Error
=======================            ==========================

a               = 0.000447847      +/- 1.044e-05    (2.331%)


correlation matrix of the fit parameters:

               a      
a               1.000 


*******************************************************************************
Wed Jun 18 21:09:38 2008


FIT:    data read from "timings.log" using 1:3
        #datapoints = 9
        residuals are weighted equally (unit weight)

function used for fitting: f(x)
fitted parameters initialized with current variable values



 Iteration 0
 WSSR        : 308066            delta(WSSR)/WSSR   : 0
 delta(WSSR) : 0                 limit for stopping : 1e-05
 lambda	  : 397.913

initial set of free parameter values

a               = 0.000447847
b               = 1

After 84 iterations the fit converged.
final sum of squares of residuals : 218.058
rel. change during last iteration : -6.21198e-06

degrees of freedom    (FIT_NDF)                        : 7
rms of residuals      (FIT_STDFIT) = sqrt(WSSR/ndf)    : 5.58132
variance of residuals (reduced chisquare) = WSSR/ndf   : 31.1512

Final set of parameters            Asymptotic Standard Error
=======================            ==========================

a               = 5.26768e-05      +/- 2.009e-05    (38.14%)
b               = 2.32145          +/- 0.05669      (2.442%)


correlation matrix of the fit parameters:

               a      b      
a               1.000 
b              -1.000  1.000 


*******************************************************************************
Wed Jun 18 21:09:58 2008


FIT:    data read from "timings.log" using 1:3
        #datapoints = 9
        residuals are weighted equally (unit weight)

function used for fitting: f(x)
fitted parameters initialized with current variable values



 Iteration 0
 WSSR        : 218.058           delta(WSSR)/WSSR   : 0
 delta(WSSR) : 0                 limit for stopping : 1e-05
 lambda	  : 2.48585e+06

initial set of free parameter values

a               = 5.26768e-05
b               = 2.32145

After 1 iterations the fit converged.
final sum of squares of residuals : 218.058
rel. change during last iteration : -8.14023e-11

degrees of freedom    (FIT_NDF)                        : 7
rms of residuals      (FIT_STDFIT) = sqrt(WSSR/ndf)    : 5.58132
variance of residuals (reduced chisquare) = WSSR/ndf   : 31.1512

Final set of parameters            Asymptotic Standard Error
=======================            ==========================

a               = 5.26768e-05      +/- 2.009e-05    (38.14%)
b               = 2.32145          +/- 0.05669      (2.442%)


correlation matrix of the fit parameters:

               a      b      
a               1.000 
b              -1.000  1.000 


*******************************************************************************
Wed Jun 18 21:10:09 2008


FIT:    data read from "timings.log" using 1:3
        #datapoints = 9
        residuals are weighted equally (unit weight)

function used for fitting: f(x)
fitted parameters initialized with current variable values



 Iteration 0
 WSSR        : 5712.55           delta(WSSR)/WSSR   : 0
 delta(WSSR) : 0                 limit for stopping : 1e-05
 lambda	  : 3.04664e+06

initial set of free parameter values

a               = 5.26768e-05

After 3 iterations the fit converged.
final sum of squares of residuals : 222.519
rel. change during last iteration : -3.03919e-07

degrees of freedom    (FIT_NDF)                        : 8
rms of residuals      (FIT_STDFIT) = sqrt(WSSR/ndf)    : 5.27398
variance of residuals (reduced chisquare) = WSSR/ndf   : 27.8149

Final set of parameters            Asymptotic Standard Error
=======================            ==========================

a               = 6.07835e-05      +/- 5.77e-07     (0.9493%)


correlation matrix of the fit parameters:

               a      
a               1.000 


*******************************************************************************
Wed Jun 18 21:10:14 2008


FIT:    data read from "timings.log" using 1:3
        #datapoints = 9
        residuals are weighted equally (unit weight)

function used for fitting: f(x)
fitted parameters initialized with current variable values



 Iteration 0
 WSSR        : 222.519           delta(WSSR)/WSSR   : 0
 delta(WSSR) : 0                 limit for stopping : 1e-05
 lambda	  : 2.1543e+06

initial set of free parameter values

a               = 6.07835e-05
b               = 2.32145

After 1 iterations the fit converged.
final sum of squares of residuals : 222.519
rel. change during last iteration : -3.57636e-15

degrees of freedom    (FIT_NDF)                        : 7
rms of residuals      (FIT_STDFIT) = sqrt(WSSR/ndf)    : 5.63812
variance of residuals (reduced chisquare) = WSSR/ndf   : 31.7884

BREAK:          Singular matrix in Invert_RtR



*******************************************************************************
Wed Jun 18 21:10:18 2008


FIT:    data read from "timings.log" using 1:3
        #datapoints = 9
        residuals are weighted equally (unit weight)

function used for fitting: f(x)
fitted parameters initialized with current variable values



 Iteration 0
 WSSR        : 222.519           delta(WSSR)/WSSR   : 0
 delta(WSSR) : 0                 limit for stopping : 1e-05
 lambda	  : 3.04664e+06

initial set of free parameter values

a               = 6.07835e-05

After 1 iterations the fit converged.
final sum of squares of residuals : 222.519
rel. change during last iteration : -1.02182e-15

degrees of freedom    (FIT_NDF)                        : 8
rms of residuals      (FIT_STDFIT) = sqrt(WSSR/ndf)    : 5.27398
variance of residuals (reduced chisquare) = WSSR/ndf   : 27.8149

Final set of parameters            Asymptotic Standard Error
=======================            ==========================

a               = 6.07835e-05      +/- 5.77e-07     (0.9493%)


correlation matrix of the fit parameters:

               a      
a               1.000 


*******************************************************************************
Wed Jun 18 21:13:23 2008


FIT:    data read from "timings.log" using 1:3
        #datapoints = 9
        residuals are weighted equally (unit weight)

function used for fitting: f(x)
fitted parameters initialized with current variable values



 Iteration 0
 WSSR        : 9340              delta(WSSR)/WSSR   : 0
 delta(WSSR) : 0                 limit for stopping : 1e-05
 lambda	  : 2.52467e+06

initial set of free parameter values

a               = 6.07835e-05
b               = 2.32377

After 3 iterations the fit converged.
final sum of squares of residuals : 218.109
rel. change during last iteration : -4.28799e-08

degrees of freedom    (FIT_NDF)                        : 7
rms of residuals      (FIT_STDFIT) = sqrt(WSSR/ndf)    : 5.58197
variance of residuals (reduced chisquare) = WSSR/ndf   : 31.1584

Final set of parameters            Asymptotic Standard Error
=======================            ==========================

a               = 5.18669e-05      +/- 1.98e-05     (38.18%)
b               = 2.32377          +/- 0.05674      (2.442%)


correlation matrix of the fit parameters:

               a      b      
a               1.000 
b              -1.000  1.000 


*******************************************************************************
Wed Jun 18 21:14:14 2008


FIT:    data read from "timings.log" using 1:3
        #datapoints = 9
        residuals are weighted equally (unit weight)

function used for fitting: f(x)
fitted parameters initialized with current variable values



 Iteration 0
 WSSR        : 218.109           delta(WSSR)/WSSR   : 0
 delta(WSSR) : 0                 limit for stopping : 1e-05
 lambda	  : 3.57042e+06

initial set of free parameter values

a               = 5.18669e-05

After 1 iterations the fit converged.
final sum of squares of residuals : 218.109
rel. change during last iteration : -2.60619e-16

degrees of freedom    (FIT_NDF)                        : 8
rms of residuals      (FIT_STDFIT) = sqrt(WSSR/ndf)    : 5.22146
variance of residuals (reduced chisquare) = WSSR/ndf   : 27.2636

Final set of parameters            Asymptotic Standard Error
=======================            ==========================

a               = 5.18669e-05      +/- 4.875e-07    (0.9399%)


correlation matrix of the fit parameters:

               a      
a               1.000 
