=== loop_100.inp ===
+ perl -e 'use CIFParser; my $p=new CIFParser; $p->Run'

real	0m2.783s
user	0m2.144s
sys	0m0.008s
=== loop_200.inp ===
+ perl -e 'use CIFParser; my $p=new CIFParser; $p->Run'

real	0m9.922s
user	0m9.825s
sys	0m0.036s
=== loop_300.inp ===
+ perl -e 'use CIFParser; my $p=new CIFParser; $p->Run'

real	0m27.837s
user	0m27.674s
sys	0m0.060s
=== loop_400.inp ===
+ perl -e 'use CIFParser; my $p=new CIFParser; $p->Run'

real	0m56.382s
user	0m56.124s
sys	0m0.140s
=== loop_500.inp ===
+ perl -e 'use CIFParser; my $p=new CIFParser; $p->Run'

real	1m36.908s
user	1m35.818s
sys	0m0.912s
=== loop_600.inp ===
+ perl -e 'use CIFParser; my $p=new CIFParser; $p->Run'

real	2m26.790s
user	2m25.521s
sys	0m1.032s
=== loop_700.inp ===
+ perl -e 'use CIFParser; my $p=new CIFParser; $p->Run'

real	3m28.799s
user	3m26.373s
sys	0m2.092s
=== loop_800.inp ===
+ perl -e 'use CIFParser; my $p=new CIFParser; $p->Run'

real	5m1.456s
user	4m56.163s
sys	0m2.976s
=== loop_900.inp ===
+ perl -e 'use CIFParser; my $p=new CIFParser; $p->Run'

real	6m13.355s
user	6m7.071s
sys	0m3.788s
=== tags_100.inp ===
+ perl -e 'use CIFParser; my $p=new CIFParser; $p->Run'

real	0m0.357s
user	0m0.332s
sys	0m0.000s
=== tags_200.inp ===
+ perl -e 'use CIFParser; my $p=new CIFParser; $p->Run'

real	0m0.648s
user	0m0.612s
sys	0m0.012s
=== tags_300.inp ===
+ perl -e 'use CIFParser; my $p=new CIFParser; $p->Run'

real	0m0.944s
user	0m0.916s
sys	0m0.000s
=== tags_400.inp ===
+ perl -e 'use CIFParser; my $p=new CIFParser; $p->Run'

real	0m1.277s
user	0m1.212s
sys	0m0.004s
=== tags_500.inp ===
+ perl -e 'use CIFParser; my $p=new CIFParser; $p->Run'

real	0m1.545s
user	0m1.496s
sys	0m0.016s
=== tags_600.inp ===
+ perl -e 'use CIFParser; my $p=new CIFParser; $p->Run'

real	0m1.854s
user	0m1.800s
sys	0m0.008s
=== tags_700.inp ===
+ perl -e 'use CIFParser; my $p=new CIFParser; $p->Run'

real	0m2.134s
user	0m2.100s
sys	0m0.004s
=== tags_800.inp ===
+ perl -e 'use CIFParser; my $p=new CIFParser; $p->Run'

real	0m2.430s
user	0m2.376s
sys	0m0.028s
=== tags_900.inp ===
+ perl -e 'use CIFParser; my $p=new CIFParser; $p->Run'

real	0m2.739s
user	0m2.688s
sys	0m0.020s
