=== 2100444.inp ===
+ perl -e 'use A_CIFParser_grammar; my $p=new A_CIFParser_grammar; $p->Run'

real	0m1.078s
user	0m1.080s
sys	0m0.000s
=== av5063.inp ===
+ perl -e 'use A_CIFParser_grammar; my $p=new A_CIFParser_grammar; $p->Run'

real	0m13.191s
user	0m13.177s
sys	0m0.000s
=== bm5051-filtered.inp ===
+ perl -e 'use A_CIFParser_grammar; my $p=new A_CIFParser_grammar; $p->Run'

real	0m32.074s
user	0m31.894s
sys	0m0.040s
=== bm5051.inp ===
+ perl -e 'use A_CIFParser_grammar; my $p=new A_CIFParser_grammar; $p->Run'

real	0m36.949s
user	0m36.902s
sys	0m0.016s
