#fOrTyTwO
$hz=100;
$XS_VERSION='DProf 20050603.00';
# All values are given in HZ
$over_utime=2; $over_stime=2; $over_rtime=4;
$over_tests=10000;
$rrun_utime=3; $rrun_stime=0; $rrun_rtime=3;
$total_marks=208                                                                                                                                                                                   

PART2
@ 0 0 1
& 2 main BEGIN
+ 2
& 3 CP BEGIN
+ 3
& 4 warnings BEGIN
+ 4
- 4
@ 1 0 0
& 5 warnings import
+ 5
- 5
- 3
+ 3
& 6 ShowStruct BEGIN
+ 6
& 7 strict bits
+ 7
- 7
& 8 strict import
+ 8
- 8
- 6
& 9 Exporter import
+ 9
- 9
- 3
+ 3
& a FileHandle BEGIN
+ a
- a
+ a
+ 8
- 8
- a
& b FileHandle BEGIN
+ b
& c strict unimport
+ c
+ 7
- 7
- c
- b
& d IO::File BEGIN
+ d
- d
+ d
+ 8
- 8
- d
& e IO::File BEGIN
+ e
+ 9
- 9
- e
+ e
& f Symbol BEGIN
+ f
- f
+ 9
- 9
- e
+ e
& 10 SelectSaver BEGIN
+ 10
+ 9
- 9
- 10
+ 10
+ 9
- 9
- 10
- e
+ e
& 11 IO::Seekable BEGIN
+ 11
- 11
+ 11
+ 9
- 9
- 11
+ 11
+ 8
- 8
- 11
& 12 IO::Seekable BEGIN
+ 12
& 13 IO::Handle BEGIN
+ 13
- 13
+ 13
+ 8
- 8
- 13
& 14 IO::Handle BEGIN
+ 14
+ 9
- 9
- 14
+ 14
+ 9
- 9
- 14
+ 14
- 14
+ 14
& 15 IO BEGIN
+ 15
- 15
+ 15
+ 9
- 9
- 15
+ 15
+ 8
- 8
- 15
+ 15
+ 5
- 5
- 15
& 16 XSLoader load
+ 16
& 17 DynaLoader dl_load_file
+ 17
- 17
& 18 DynaLoader dl_undef_symbols
+ 18
- 18
& 19 DynaLoader dl_find_symbol
+ 19
- 19
& 1a DynaLoader dl_install_xsub
+ 1a
- 1a
& 1b IO bootstrap
+ 1b
- 1b
- 16
- 14
@ 0 0 1
& 1c IO::Handle BEGIN
+ 1c
+ c
+ 7
- 7
- c
- 1c
- 12
+ 12
& 1d Fcntl BEGIN
+ 1d
- 1d
+ 16
+ 17
- 17
+ 18
- 18
+ 19
- 19
+ 1a
- 1a
& 1e Fcntl bootstrap
+ 1e
- 1e
- 16
+ 9
- 9
- 12
+ 9
- 9
- e
+ e
& 1f File::Spec BEGIN
+ 1f
+ 8
- 8
- 1f
+ 1f
& 20 vars BEGIN
+ 20
- 20
& 21 vars BEGIN
+ 21
& 22 warnings::register import
+ 22
& 23 warnings::register mkMask
+ 23
- 23
+ 23
- 23
- 22
- 21
+ 21
+ 8
+ 7
- 7
- 8
- 21
@ 1 0 0
& 24 vars import
+ 24
- 24
- 1f
& 25 File::Spec::Unix BEGIN
+ 25
+ 8
- 8
- 25
+ 25
+ 24
- 24
- 25
& 26 File::Spec::Unix BEGIN
+ 26
+ c
+ 7
- 7
- c
- 26
- e
+ 9
- 9
+ 9
- 9
& 27 FileHandle import
+ 27
& 28 Exporter export
+ 28
& 29 Exporter as_heavy
+ 29
& 2a Exporter::Heavy BEGIN
+ 2a
+ 8
- 8
- 2a
+ 2a
+ c
+ 7
- 7
- c
- 2a
@ 0 0 1
- 29
& 2b Exporter::Heavy heavy_export
* 2b
- 28
+ 28
+ 29
- 29
* 2b
- 28
- 27
- 3
@ 1 0 0
/ 2
