Makefile:12: .cif_fix_statistics.d: No such file or directory
mkcomdepend cif_fix_statistics.com > .cif_fix_statistics.d
./cif_fix_statistics.com 2>&1 | tee cif_fix_statistics.log
+ grep -Eh temp|melting inputs/cod/cif/checks/COD-check-authors.log inputs/cod/cif/checks/COD-check-bibliography.log inputs/cod/cif/checks/COD-check-formulae.log inputs/cod/cif/checks/COD-check-symmetry.log inputs/cod/cif/checks/cif-validate-series1.log inputs/cod/cif/checks/cif-validate-series2.log inputs/cod/cif/checks/cif-validate-series4.log inputs/cod/cif/checks/cif-validate-series5.log inputs/cod/cif/checks/cif-validate-series7.log inputs/cod/cif/checks/cif-validate-series8.log inputs/cod/cif/checks/cif-validate-series9.log inputs/cod/cif/checks/make.log
+ grep ^/home/saulius/src/cif-tools/perl-scripts/cif_validate:
+ awk {print $2}
+ sort
+ uniq
+ sed -e s,^../,inputs/cod/cif/,
+ xargs cif_fix_values
+ wc -l
+ ALL_LINES=2681
+ grep NOTE, ./outputs/cif_fix_statistics.dat
+ wc -l
+ NOTE_LINES=2232
+ echo 2232 2681
+ awk {printf "%4.1f", $1*100/$2}
+ echo Fixed 2232 out of 2681 (83.3%)
Fixed 2232 out of 2681 (83.3%)
+ rm -rf ./tmp-cif_fix_statistics-28080
