perl -e '...': -(6,1) data_loctag: ERROR, opening square brackets are reserved and may not start an unquoted string:
 [local] 
 ^
perl -e '...': -(5,1) data_loctag: ERROR, incorrect CIF syntax:
 _some_tag[local]	blah
 ^
perl -e '...': -(7,1) data_loctag: ERROR, opening square brackets are reserved and may not start an unquoted string:
 [local]_but_some_good_var 
 ^
perl -e '...': -(8,1) data_loctag: ERROR, opening square brackets are reserved and may not start an unquoted string:
 [local] 
 ^
perl -e '...': -(7,1) data_loctag: ERROR, incorrect CIF syntax:
 [local]_but_some_good_var 231(2)
 ^
perl -e '...': -(11,1) data_loctag: ERROR, incorrect CIF syntax:
 _published
 ^
perl -e '...': -(23,1) data_loctag: ERROR, incorrect CIF syntax:
 DATA_newone
 ^
perl -e '...': -(40,1) data_hkldata: ERROR, incorrect CIF syntax:
 lOOp_
 ^
perl -e '...': -(49,1) data_hkldata: ERROR, wrong number of elements in the loop starting at line 40:
 save_
 ^
