_[local]_cod_duplicate_entry
_[local]_cod_data_source_file
_[local]_cod_data_source_block
_[local]_cod_published_source
_[local]_cod_data_source_MD5_sum
_[local]_cod_data_source_SHA1_sum
_[local]_cod_data_source_SHA256_sum
_[local]_cod_est_spacegroup_name_H-M
_[local]_cod_depositor_comments
_[local]_cod_error_flag none, warnings, errors, retracted
_[local]_cod_error_source deposition, upstream, original, experiment, unknown
_[local]_cod_error_description
_[local]_cod_cif_authors_sg_H-M
_[local]_cod_cif_authors_sg_Hall
_[local]_cod_cif_authors_sg_number
_[local]_cod_suboptimal_structure yes no
_[local]_cod_related_optimal_struct COD-number
_[local]_cod_related_suboptimal_struct COD-number(s)
_[local]_cod_chemical_formula_sum_orig
_[local]_cod_chemical_formula_moiety_orig
_[local]_cod_citation_special_details
