shtests/local_tags.sh: shtests/local_tags.inp(4,0) data_loctag: syntax error:
[local] _but_this_is_not 'intended for reuse in external apps'
^
 [
   1  : 
   types -> 
      _something_else -> [ DQSTRING ]
      _some_good_var -> [ INT ]
   name  -> loctag
   precisions -> 
      _some_good_var -> [ undef ]
   values -> 
      _something_else -> [ is written in such manner ]
      _some_good_var -> [ 231 ]
   tags  -> [ _some_good_var _something_else ]
 ]
-------------------------
Values for '_something_else':
is written in such manner
--------------------
Values for '_some_good_var':
231
--------------------
