 [
   1  : 
   types -> 
      _test1 -> [  UQSTRING  ]
      _test6 -> [  TEXTFIELD  ]
      _test12 -> [  UQSTRING  ]
      _test5 -> [  UQSTRING  ]
      _test4 -> [  UQSTRING  ]
      _test2 -> [  UQSTRING  ]
      _test10 -> [  UQSTRING  ]
      _test11 -> [  UQSTRING  ]
      _test3 -> [  UQSTRING  ]
      _test8 -> [  UQSTRING  ]
      _test9 -> [  UQSTRING  ]
      _test7 -> [  UQSTRING  ]
   name  -> goodblock
   values -> 
      _test1 -> [  Value1  ]
      _test6 -> [  Value6  ]
      _test12 -> [  [;Value12]  ]
      _test5 -> [  ;Value5;  ]
      _test4 -> [  ;Value4  ]
      _test2 -> [  [Value2  ]
      _test10 -> [  ;Value10]  ]
      _test11 -> [  [;Value11  ]
      _test3 -> [  Value3]  ]
      _test8 -> [  ;[Value8  ]
      _test9 -> [  ;[Value9]  ]
      _test7 -> [  ;Value7;  ]
   tags  -> [  _test1 _test2 _test3 _test4 _test5 _test6 _test7 _test8 _test9 _test10 _test11 _test12  ]
 ]
-------------------------
Values for '_test1':
Value1
--------------------
Values for '_test6':
Value6
--------------------
Values for '_test12':
[;Value12]
--------------------
Values for '_test5':
;Value5;
--------------------
Values for '_test4':
;Value4
--------------------
Values for '_test2':
[Value2
--------------------
Values for '_test10':
;Value10]
--------------------
Values for '_test11':
[;Value11
--------------------
Values for '_test3':
Value3]
--------------------
Values for '_test8':
;[Value8
--------------------
Values for '_test9':
;[Value9]
--------------------
Values for '_test7':
;Value7;
--------------------
