

*******************************************************************************
Wed Apr  6 16:51:23 2011


FIT:    data read from "./cif-parser-run-times.dat" using 1:2
        #datapoints = 169
        residuals are weighted equally (unit weight)

function used for fitting: ax+b


*******************************************************************************
Wed Apr  6 16:51:35 2011


FIT:    data read from "./cif-parser-run-times.dat"
        #datapoints = 171
        residuals are weighted equally (unit weight)

function used for fitting: ax+b
fitted parameters initialized with current variable values



*******************************************************************************
Wed Apr  6 16:51:43 2011


FIT:    data read from "./cif-parser-run-times.dat"
        #datapoints = 172
        residuals are weighted equally (unit weight)

function used for fitting: a*x+b
fitted parameters initialized with current variable values



 Iteration 0
 WSSR        : 8.58966e+13       delta(WSSR)/WSSR   : 0
 delta(WSSR) : 0                 limit for stopping : 1e-05
 lambda	  : 499706

initial set of free parameter values

a               = 1
b               = 1

After 8 iterations the fit converged.
final sum of squares of residuals : 71.3529
rel. change during last iteration : -3.74795e-06

degrees of freedom    (FIT_NDF)                        : 170
rms of residuals      (FIT_STDFIT) = sqrt(WSSR/ndf)    : 0.64786
variance of residuals (reduced chisquare) = WSSR/ndf   : 0.419723

Final set of parameters            Asymptotic Standard Error
=======================            ==========================

a               = 1.4053e-05       +/- 1.752e-07    (1.246%)
b               = 0.2666           +/- 0.1238       (46.43%)


correlation matrix of the fit parameters:

               a      b      
a               1.000 
b              -0.917  1.000 


*******************************************************************************
Wed Apr  6 16:51:49 2011


FIT:    data read from "./cif-parser-run-times.dat"
        #datapoints = 173
        residuals are weighted equally (unit weight)

function used for fitting: a*x+b
fitted parameters initialized with current variable values



 Iteration 0
 WSSR        : 71.3618           delta(WSSR)/WSSR   : 0
 delta(WSSR) : 0                 limit for stopping : 1e-05
 lambda	  : 498826

initial set of free parameter values

a               = 1.4053e-05
b               = 0.2666

After 1 iterations the fit converged.
final sum of squares of residuals : 71.3618
rel. change during last iteration : -2.81921e-07

degrees of freedom    (FIT_NDF)                        : 171
rms of residuals      (FIT_STDFIT) = sqrt(WSSR/ndf)    : 0.646003
variance of residuals (reduced chisquare) = WSSR/ndf   : 0.41732

Final set of parameters            Asymptotic Standard Error
=======================            ==========================

a               = 1.40526e-05      +/- 1.744e-07    (1.241%)
b               = 0.2666           +/- 0.123        (46.14%)


correlation matrix of the fit parameters:

               a      b      
a               1.000 
b              -0.917  1.000 


*******************************************************************************
Wed Apr  6 16:52:46 2011


FIT:    data read from "./cif-parser-run-times.dat"
        #datapoints = 181
        residuals are weighted equally (unit weight)

function used for fitting: a*x+b
fitted parameters initialized with current variable values



 Iteration 0
 WSSR        : 76.6105           delta(WSSR)/WSSR   : 0
 delta(WSSR) : 0                 limit for stopping : 1e-05
 lambda	  : 492020

initial set of free parameter values

a               = 1.40526e-05
b               = 0.2666

After 2 iterations the fit converged.
final sum of squares of residuals : 76.6083
rel. change during last iteration : -2.21599e-10

degrees of freedom    (FIT_NDF)                        : 179
rms of residuals      (FIT_STDFIT) = sqrt(WSSR/ndf)    : 0.654201
variance of residuals (reduced chisquare) = WSSR/ndf   : 0.427979

Final set of parameters            Asymptotic Standard Error
=======================            ==========================

a               = 1.40576e-05      +/- 1.745e-07    (1.241%)
b               = 0.2666           +/- 0.1214       (45.55%)


correlation matrix of the fit parameters:

               a      b      
a               1.000 
b              -0.916  1.000 


*******************************************************************************
Wed Apr  6 16:52:49 2011


FIT:    data read from "./cif-parser-run-times.dat"
        #datapoints = 182
        residuals are weighted equally (unit weight)

function used for fitting: a*x+b
fitted parameters initialized with current variable values



 Iteration 0
 WSSR        : 76.8087           delta(WSSR)/WSSR   : 0
 delta(WSSR) : 0                 limit for stopping : 1e-05
 lambda	  : 491196

initial set of free parameter values

a               = 1.40576e-05
b               = 0.2666

After 1 iterations the fit converged.
final sum of squares of residuals : 76.8082
rel. change during last iteration : -5.61955e-06

degrees of freedom    (FIT_NDF)                        : 180
rms of residuals      (FIT_STDFIT) = sqrt(WSSR/ndf)    : 0.653232
variance of residuals (reduced chisquare) = WSSR/ndf   : 0.426712

Final set of parameters            Asymptotic Standard Error
=======================            ==========================

a               = 1.40598e-05      +/- 1.74e-07     (1.238%)
b               = 0.2666           +/- 0.1209       (45.34%)


correlation matrix of the fit parameters:

               a      b      
a               1.000 
b              -0.916  1.000 


*******************************************************************************
Wed Apr  6 16:52:54 2011


FIT:    data read from "./cif-parser-run-times.dat"
        #datapoints = 183
        residuals are weighted equally (unit weight)

function used for fitting: a*x+b
fitted parameters initialized with current variable values



 Iteration 0
 WSSR        : 76.8355           delta(WSSR)/WSSR   : 0
 delta(WSSR) : 0                 limit for stopping : 1e-05
 lambda	  : 490373

initial set of free parameter values

a               = 1.40598e-05
b               = 0.2666

After 1 iterations the fit converged.
final sum of squares of residuals : 76.8354
rel. change during last iteration : -7.42542e-07

degrees of freedom    (FIT_NDF)                        : 181
rms of residuals      (FIT_STDFIT) = sqrt(WSSR/ndf)    : 0.651541
variance of residuals (reduced chisquare) = WSSR/ndf   : 0.424505

Final set of parameters            Asymptotic Standard Error
=======================            ==========================

a               = 1.4059e-05       +/- 1.733e-07    (1.233%)
b               = 0.2666           +/- 0.1202       (45.08%)


correlation matrix of the fit parameters:

               a      b      
a               1.000 
b              -0.916  1.000 


*******************************************************************************
Wed Apr  6 16:55:20 2011


FIT:    data read from "./cif-parser-run-times.dat"
        #datapoints = 206
        residuals are weighted equally (unit weight)

function used for fitting: a*x+b
fitted parameters initialized with current variable values



 Iteration 0
 WSSR        : 79.5817           delta(WSSR)/WSSR   : 0
 delta(WSSR) : 0                 limit for stopping : 1e-05
 lambda	  : 472945

initial set of free parameter values

a               = 1.4059e-05
b               = 0.2666

After 2 iterations the fit converged.
final sum of squares of residuals : 79.5761
rel. change during last iteration : -4.09507e-10

degrees of freedom    (FIT_NDF)                        : 204
rms of residuals      (FIT_STDFIT) = sqrt(WSSR/ndf)    : 0.624563
variance of residuals (reduced chisquare) = WSSR/ndf   : 0.390079

Final set of parameters            Asymptotic Standard Error
=======================            ==========================

a               = 1.40512e-05      +/- 1.61e-07     (1.146%)
b               = 0.2666           +/- 0.1077       (40.4%)


correlation matrix of the fit parameters:

               a      b      
a               1.000 
b              -0.915  1.000 


*******************************************************************************
Wed Apr  6 16:55:23 2011


FIT:    data read from "./cif-parser-run-times.dat"
        #datapoints = 207
        residuals are weighted equally (unit weight)

function used for fitting: a*x+b
fitted parameters initialized with current variable values



 Iteration 0
 WSSR        : 79.992            delta(WSSR)/WSSR   : 0
 delta(WSSR) : 0                 limit for stopping : 1e-05
 lambda	  : 472245

initial set of free parameter values

a               = 1.40512e-05
b               = 0.2666

After 1 iterations the fit converged.
final sum of squares of residuals : 79.9912
rel. change during last iteration : -9.76755e-06

degrees of freedom    (FIT_NDF)                        : 205
rms of residuals      (FIT_STDFIT) = sqrt(WSSR/ndf)    : 0.624661
variance of residuals (reduced chisquare) = WSSR/ndf   : 0.390201

Final set of parameters            Asymptotic Standard Error
=======================            ==========================

a               = 1.40483e-05      +/- 1.608e-07    (1.145%)
b               = 0.2666           +/- 0.1074       (40.29%)


correlation matrix of the fit parameters:

               a      b      
a               1.000 
b              -0.915  1.000 


*******************************************************************************
Wed Apr  6 16:55:56 2011


FIT:    data read from "./cif-parser-run-times.dat"
        #datapoints = 212
        residuals are weighted equally (unit weight)

function used for fitting: a*x+b
fitted parameters initialized with current variable values



 Iteration 0
 WSSR        : 80.3017           delta(WSSR)/WSSR   : 0
 delta(WSSR) : 0                 limit for stopping : 1e-05
 lambda	  : 468820

initial set of free parameter values

a               = 1.40483e-05
b               = 0.2666

After 1 iterations the fit converged.
final sum of squares of residuals : 80.3016
rel. change during last iteration : -1.18445e-06

degrees of freedom    (FIT_NDF)                        : 210
rms of residuals      (FIT_STDFIT) = sqrt(WSSR/ndf)    : 0.618376
variance of residuals (reduced chisquare) = WSSR/ndf   : 0.382388

Final set of parameters            Asymptotic Standard Error
=======================            ==========================

a               = 1.40473e-05      +/- 1.582e-07    (1.127%)
b               = 0.2666           +/- 0.1049       (39.36%)


correlation matrix of the fit parameters:

               a      b      
a               1.000 
b              -0.914  1.000 


*******************************************************************************
Wed Apr  6 16:56:00 2011


FIT:    data read from "./cif-parser-run-times.dat"
        #datapoints = 213
        residuals are weighted equally (unit weight)

function used for fitting: a*x+b
fitted parameters initialized with current variable values



 Iteration 0
 WSSR        : 80.357            delta(WSSR)/WSSR   : 0
 delta(WSSR) : 0                 limit for stopping : 1e-05
 lambda	  : 468149

initial set of free parameter values

a               = 1.40473e-05
b               = 0.2666

After 1 iterations the fit converged.
final sum of squares of residuals : 80.3569
rel. change during last iteration : -1.27308e-06

degrees of freedom    (FIT_NDF)                        : 211
rms of residuals      (FIT_STDFIT) = sqrt(WSSR/ndf)    : 0.617121
variance of residuals (reduced chisquare) = WSSR/ndf   : 0.380838

Final set of parameters            Asymptotic Standard Error
=======================            ==========================

a               = 1.40463e-05      +/- 1.577e-07    (1.123%)
b               = 0.2666           +/- 0.1044       (39.17%)


correlation matrix of the fit parameters:

               a      b      
a               1.000 
b              -0.914  1.000 


*******************************************************************************
Wed Apr  6 16:56:07 2011


FIT:    data read from "./cif-parser-run-times.dat" using 1:2
        #datapoints = 214
        residuals are weighted equally (unit weight)

function used for fitting: a*x+b
fitted parameters initialized with current variable values



 Iteration 0
 WSSR        : 80.4033           delta(WSSR)/WSSR   : 0
 delta(WSSR) : 0                 limit for stopping : 1e-05
 lambda	  : 467480

initial set of free parameter values

a               = 1.40463e-05
b               = 0.2666

After 1 iterations the fit converged.
final sum of squares of residuals : 80.4032
rel. change during last iteration : -1.05792e-06

degrees of freedom    (FIT_NDF)                        : 212
rms of residuals      (FIT_STDFIT) = sqrt(WSSR/ndf)    : 0.615841
variance of residuals (reduced chisquare) = WSSR/ndf   : 0.37926

Final set of parameters            Asymptotic Standard Error
=======================            ==========================

a               = 1.40453e-05      +/- 1.572e-07    (1.119%)
b               = 0.2666           +/- 0.1039       (38.99%)


correlation matrix of the fit parameters:

               a      b      
a               1.000 
b              -0.914  1.000 


*******************************************************************************
Wed Apr  6 16:58:26 2011


FIT:    data read from "./cif-parser-run-times.dat" using 1:2
        #datapoints = 238
        residuals are weighted equally (unit weight)

function used for fitting: a*x+b
fitted parameters initialized with current variable values



 Iteration 0
 WSSR        : 83.1756           delta(WSSR)/WSSR   : 0
 delta(WSSR) : 0                 limit for stopping : 1e-05
 lambda	  : 452510

initial set of free parameter values

a               = 1.40453e-05
b               = 0.2666

After 1 iterations the fit converged.
final sum of squares of residuals : 83.1755
rel. change during last iteration : -2.00031e-06

degrees of freedom    (FIT_NDF)                        : 236
rms of residuals      (FIT_STDFIT) = sqrt(WSSR/ndf)    : 0.593665
variance of residuals (reduced chisquare) = WSSR/ndf   : 0.352438

Final set of parameters            Asymptotic Standard Error
=======================            ==========================

a               = 1.40466e-05      +/- 1.475e-07    (1.05%)
b               = 0.2666           +/- 0.09438      (35.4%)


correlation matrix of the fit parameters:

               a      b      
a               1.000 
b              -0.913  1.000 


*******************************************************************************
Wed Apr  6 17:04:40 2011


FIT:    data read from "./cif-parser-run-times.dat" using 1:2
        #datapoints = 304
        residuals are weighted equally (unit weight)

function used for fitting: a*x+b
fitted parameters initialized with current variable values



 Iteration 0
 WSSR        : 89.2282           delta(WSSR)/WSSR   : 0
 delta(WSSR) : 0                 limit for stopping : 1e-05
 lambda	  : 419739

initial set of free parameter values

a               = 1.40466e-05
b               = 0.2666

After 2 iterations the fit converged.
final sum of squares of residuals : 89.2235
rel. change during last iteration : -1.40136e-10

degrees of freedom    (FIT_NDF)                        : 302
rms of residuals      (FIT_STDFIT) = sqrt(WSSR/ndf)    : 0.543546
variance of residuals (reduced chisquare) = WSSR/ndf   : 0.295442

Final set of parameters            Asymptotic Standard Error
=======================            ==========================

a               = 1.40532e-05      +/- 1.27e-07     (0.9036%)
b               = 0.2666           +/- 0.07538      (28.28%)


correlation matrix of the fit parameters:

               a      b      
a               1.000 
b              -0.910  1.000 


*******************************************************************************
Wed Apr  6 17:04:48 2011


FIT:    data read from "./cif-parser-run-times.dat" using 1:2
        #datapoints = 305
        residuals are weighted equally (unit weight)

function used for fitting: a*x+b
fitted parameters initialized with current variable values



 Iteration 0
 WSSR        : 89.4255           delta(WSSR)/WSSR   : 0
 delta(WSSR) : 0                 limit for stopping : 1e-05
 lambda	  : 419311

initial set of free parameter values

a               = 1.40532e-05
b               = 0.2666

After 1 iterations the fit converged.
final sum of squares of residuals : 89.4252
rel. change during last iteration : -2.81257e-06

degrees of freedom    (FIT_NDF)                        : 303
rms of residuals      (FIT_STDFIT) = sqrt(WSSR/ndf)    : 0.543261
variance of residuals (reduced chisquare) = WSSR/ndf   : 0.295133

Final set of parameters            Asymptotic Standard Error
=======================            ==========================

a               = 1.40547e-05      +/- 1.268e-07    (0.9023%)
b               = 0.2666           +/- 0.0752       (28.21%)


correlation matrix of the fit parameters:

               a      b      
a               1.000 
b              -0.910  1.000 


*******************************************************************************
Wed Apr  6 17:08:12 2011


FIT:    data read from "./cif-parser-run-times.dat" using 1:2
        #datapoints = 343
        residuals are weighted equally (unit weight)

function used for fitting: a*x+b
fitted parameters initialized with current variable values



 Iteration 0
 WSSR        : 94.9206           delta(WSSR)/WSSR   : 0
 delta(WSSR) : 0                 limit for stopping : 1e-05
 lambda	  : 404296

initial set of free parameter values

a               = 1.40547e-05
b               = 0.2666

After 1 iterations the fit converged.
final sum of squares of residuals : 94.9206
rel. change during last iteration : -3.85119e-07

degrees of freedom    (FIT_NDF)                        : 341
rms of residuals      (FIT_STDFIT) = sqrt(WSSR/ndf)    : 0.527598
variance of residuals (reduced chisquare) = WSSR/ndf   : 0.278359

Final set of parameters            Asymptotic Standard Error
=======================            ==========================

a               = 1.40553e-05      +/- 1.196e-07    (0.8508%)
b               = 0.2666           +/- 0.06837      (25.65%)


correlation matrix of the fit parameters:

               a      b      
a               1.000 
b              -0.909  1.000 


*******************************************************************************
Thu Apr  7 08:56:21 2011


FIT:    data read from "./cif-parser-run-times.dat" using 1:2
        #datapoints = 13648
        residuals are weighted equally (unit weight)

function used for fitting: a*x+b
fitted parameters initialized with current variable values



 Iteration 0
 WSSR        : 3.07995e+14       delta(WSSR)/WSSR   : 0
 delta(WSSR) : 0                 limit for stopping : 1e-05
 lambda	  : 106225

initial set of free parameter values

a               = 1
b               = 1

After 7 iterations the fit converged.
final sum of squares of residuals : 284.95
rel. change during last iteration : -1.05293e-10

degrees of freedom    (FIT_NDF)                        : 13646
rms of residuals      (FIT_STDFIT) = sqrt(WSSR/ndf)    : 0.144505
variance of residuals (reduced chisquare) = WSSR/ndf   : 0.0208816

Final set of parameters            Asymptotic Standard Error
=======================            ==========================

a               = 1.44878e-05      +/- 1.288e-08    (0.08888%)
b               = 0.130764         +/- 0.001934     (1.479%)


correlation matrix of the fit parameters:

               a      b      
a               1.000 
b              -0.769  1.000 
