Use of uninitialized value in substitution (s///) at ./cif2ref line 136.
Use of uninitialized value in substitution (s///) at ./cif2ref line 136.
Bibliography ...
C22 H22 O
7.7305(7) 16.7230(15) 26.668(3) 90.0 90.0 90.0

O ? ? 0.4567(2) 0.42846(9) 0.10182(6) ? 0.0528(10)
C ? ? 0.3799(3) 0.48322(13) 0.13636(9) ? 0.0467(14)
C(1) ? ? 0.3398(3) 0.56214(14) 0.10898(9) ? 0.0529(16)
C(11) ? ? 0.4934(3) 0.60707(13) 0.08878(9) ? 0.0436(14)
C(12) ? ? 0.5487(4) 0.59686(13) 0.03963(9) ? 0.0532(16)
C(13) ? ? 0.6926(4) 0.63672(15) 0.02125(10) ? 0.0635(18)
C(14) ? ? 0.7810(4) 0.68903(15) 0.05152(11) ? 0.0645(18)
C(15) ? ? 0.7247(4) 0.70158(14) 0.09965(10) ? 0.0603(17)
C(16) ? ? 0.5838(4) 0.66141(14) 0.11808(8) ? 0.0517(16)
C(2) ? ? 0.5032(4) 0.49905(15) 0.18046(9) ? 0.0591(16)
C(21) ? ? 0.5594(4) 0.42766(14) 0.21041(9) ? 0.0508(15)
C(22) ? ? 0.6944(4) 0.37931(17) 0.19420(10) ? 0.0657(18)
C(23) ? ? 0.7493(4) 0.31434(16) 0.22176(11) ? 0.079(2)
C(24) ? ? 0.6730(5) 0.29659(17) 0.26635(12) ? 0.080(2)
C(25) ? ? 0.5406(5) 0.3431(2) 0.28369(10) ? 0.075(2)
C(26) ? ? 0.4834(4) 0.40789(17) 0.25594(10) ? 0.0644(17)
C(3) ? ? 0.2116(4) 0.44455(15) 0.15538(9) ? 0.0564(16)
C(31) ? ? 0.0896(3) 0.41207(14) 0.11626(9) ? 0.0465(15)
C(32) ? ? 0.0834(4) 0.33080(15) 0.10674(10) ? 0.0559(16)
C(33) ? ? -0.0287(4) 0.29937(15) 0.07172(12) ? 0.0678(19)
C(34) ? ? -0.1352(4) 0.3483(2) 0.04498(11) ? 0.071(2)
C(35) ? ? -0.1315(4) 0.42882(18) 0.05344(11) ? 0.070(2)
C(36) ? ? -0.0222(4) 0.46042(14) 0.08911(11) ? 0.0584(18)
H(O1) ? ? 0.561 0.451 0.089 ? 0.0628
H(O2) ? ? 0.483 0.380 0.118 ? 0.0628
H(O3) ? ? 0.380 0.419 0.075 ? 0.0628
H(1A) ? ? 0.281 0.596 0.132 ? 0.0629
H(1B) ? ? 0.266 0.550 0.082 ? 0.0629
H(12) ? ? 0.486 0.562 0.018 ? 0.0632
H(13) ? ? 0.730 0.628 -0.012 ? 0.0735
H(14) ? ? 0.880 0.716 0.039 ? 0.0745
H(15) ? ? 0.784 0.739 0.120 ? 0.0702
H(16) ? ? 0.547 0.671 0.152 ? 0.0617
H(2A) ? ? 0.447 0.535 0.203 ? 0.0691
H(2B) ? ? 0.604 0.524 0.167 ? 0.0691
H(22) ? ? 0.750 0.391 0.163 ? 0.0757
H(23) ? ? 0.841 0.282 0.210 ? 0.0885
H(24) ? ? 0.712 0.252 0.285 ? 0.0896
H(25) ? ? 0.487 0.331 0.315 ? 0.0846
H(26) ? ? 0.391 0.439 0.268 ? 0.0745
H(3A) ? ? 0.151 0.484 0.174 ? 0.0664
H(3B) ? ? 0.243 0.402 0.177 ? 0.0664
H(32) ? ? 0.158 0.296 0.125 ? 0.0658
H(33) ? ? -0.032 0.243 0.066 ? 0.0778
H(34) ? ? -0.211 0.327 0.021 ? 0.0812
H(35) ? ? -0.205 0.463 0.035 ? 0.0796
H(36) ? ? -0.024 0.516 0.095 ? 0.0684
