|4,4,6,6-Tetrachloro-1',3'-[2,2'-(3-oxapentane-1,5-dioxy)dibenzyl]- 2λ^5^,4λ^5^,6λ^5^-cyclotriphosphazene-2-spiro-2'-1,3,2-diazaphospholane benzene hemisolvate|Tercan, Barış; Hökelek, Tuncer; Bilge, Selen; Demiriz, Şemsay; Kılıç, Zeynel|4,4,6,6-Tetrachloro-1',3'-[2,2'-(3-oxapentane-1,5-dioxy)dibenzyl]- 2λ^5^,4λ^5^,6λ^5^-cyclotriphosphazene-2-spiro-2'-1,3,2-diazaphospholane benzene hemisolvate|Acta Crystallographica, Section E|60 (2004) o1369 o1372
C23 H27 Cl4 N5 O3 P3
18.531(5) 13.431(3) 24.043(4) 90.00 95.23(2) 90.00
C2/c
Cl1 ? ? 0.18455(11) 0.36564(16) 0.01082(7) 1 0.0928(6)
Cl2 ? ? 0.16173(9) 0.21150(10) 0.10186(9) 1 0.0849(6)
Cl3 ? ? 0.00671(10) 0.58454(13) 0.06979(6) 1 0.0784(5)
Cl4 ? ? -0.02169(9) 0.45905(15) 0.16988(8) 1 0.0859(6)
P1 ? ? 0.20612(5) 0.51202(8) 0.16243(4) 1 0.0352(3)
P2 ? ? 0.05930(6) 0.48955(9) 0.12323(5) 1 0.0397(3)
P3 ? ? 0.15737(7) 0.35847(9) 0.09037(5) 1 0.0468(3)
O1 ? ? 0.3254(2) 0.3245(3) 0.25836(15) 1 0.0618(10)
O2 ? ? 0.4012(2) 0.3322(3) 0.15829(16) 1 0.0653(10)
O3 ? ? 0.36608(19) 0.4961(3) 0.07973(15) 1 0.0552(9)
N1 ? ? 0.1214(2) 0.5437(3) 0.15906(17) 1 0.0492(10)
N2 ? ? 0.0763(2) 0.3929(3) 0.0894(2) 1 0.0665(14)
N3 ? ? 0.2172(2) 0.4094(3) 0.13068(17) 1 0.0450(9)
N4 ? ? 0.2567(2) 0.6009(3) 0.14250(14) 1 0.0427(9)
N5 ? ? 0.2423(2) 0.5098(3) 0.22658(15) 1 0.0445(9)
C1 ? ? 0.2116(3) 0.4522(4) 0.26982(19) 1 0.0529(12)
C2 ? ? 0.2657(3) 0.4275(4) 0.3178(2) 1 0.0521(12)
C3 ? ? 0.2611(4) 0.4682(5) 0.3702(2) 1 0.0688(16)
C4 ? ? 0.3098(5) 0.4457(5) 0.4144(2) 1 0.080(2)
C5 ? ? 0.3654(5) 0.3803(6) 0.4081(2) 1 0.084(2)
C6 ? ? 0.3735(4) 0.3369(5) 0.3556(2) 1 0.0705(17)
C7 ? ? 0.3230(3) 0.3606(4) 0.3112(2) 1 0.0552(13)
C8 ? ? 0.3841(4) 0.2622(5) 0.2463(3) 1 0.0711(16)
C9 ? ? 0.3770(4) 0.2454(4) 0.1846(3) 1 0.0710(16)
C10 ? ? 0.3899(3) 0.3261(4) 0.0996(2) 1 0.0614(14)
C11 ? ? 0.4178(3) 0.4194(4) 0.0752(2) 1 0.0631(15)
C12 ? ? 0.3844(3) 0.5905(4) 0.06564(17) 1 0.0448(10)
C13 ? ? 0.4523(3) 0.6180(4) 0.05010(19) 1 0.0542(13)
C14 ? ? 0.4647(3) 0.7178(5) 0.0373(2) 1 0.0629(15)
C15 ? ? 0.4119(4) 0.7873(5) 0.0403(2) 1 0.0687(17)
C16 ? ? 0.3436(3) 0.7595(4) 0.0556(2) 1 0.0572(13)
C17 ? ? 0.3291(3) 0.6622(4) 0.06839(17) 1 0.0441(10)
C18 ? ? 0.2556(3) 0.6340(4) 0.08470(18) 1 0.0456(10)
C19 ? ? 0.3059(3) 0.6419(4) 0.1876(2) 1 0.0536(12)
C20 ? ? 0.2878(3) 0.5949(4) 0.2402(2) 1 0.0591(14)
C21 ? ? 0.0000 0.2242(8) 0.2500 1 0.089
C22 ? ? 0.0153(4) 0.1726(4) 0.2020(3) 1 0.066
C23 ? ? 0.0159(6) 0.0793(9) 0.2030(5) 1 0.129(4)
C24 ? ? 0.0000 0.0252(9) 0.2500 1 0.165(10)
H1A ? ? 0.1916 0.3908 0.2536 1 0.063
H1B ? ? 0.1721 0.4896 0.2836 1 0.063
H3 ? ? 0.2236 0.5122 0.3754 1 0.083
H4 ? ? 0.3053 0.4748 0.4490 1 0.097
H5 ? ? 0.3980 0.3646 0.4385 1 0.100
H6 ? ? 0.4117 0.2936 0.3508 1 0.085
H8A ? ? 0.3820 0.1993 0.2659 1 0.085
H8B ? ? 0.4300 0.2941 0.2579 1 0.085
H9A ? ? 0.4059 0.1885 0.1755 1 0.085
H9B ? ? 0.3268 0.2320 0.1716 1 0.085
H10A ? ? 0.3386 0.3185 0.0881 1 0.074
H10B ? ? 0.4152 0.2688 0.0863 1 0.074
H11A ? ? 0.4637 0.4381 0.0951 1 0.076
H11B ? ? 0.4255 0.4088 0.0362 1 0.076
H13 ? ? 0.4887 0.5708 0.0483 1 0.065
H14 ? ? 0.5096 0.7368 0.0265 1 0.075
H15 ? ? 0.4211 0.8535 0.0321 1 0.082
H16 ? ? 0.3076 0.8075 0.0571 1 0.069
H18A ? ? 0.2235 0.6909 0.0792 1 0.055
H18B ? ? 0.2360 0.5811 0.0603 1 0.055
H19A ? ? 0.3000 0.7135 0.1896 1 0.064
H19B ? ? 0.3557 0.6275 0.1811 1 0.064
H20A ? ? 0.3318 0.5743 0.2621 1 0.071
H20B ? ? 0.2626 0.6422 0.2620 1 0.071
H21 ? ? 0.0000 0.2934 0.2500 1 0.107
H22 ? ? 0.0249 0.2069 0.1699 1 0.079
H23 ? ? 0.0272 0.0449 0.1714 1 0.155
H24 ? ? 0.0000 -0.0441 0.2500 1 0.198
