||Fraser F. Fleming; Zhiyu Zhang; Guoqing Wei; Omar W. Steward|C-Metalated Nitriles: Electrophile-Dependent Alkylations and Acylations|Journal of Organic Chemistry|71 (2006) 1430 1435
C10 H17 N O
6.2686(9) 8.196(1) 6.084(2) 111.81(1) 101.01(2) 110.62(1)
P1
O(1) ? ? -0.048(1) 0.035(1) 0.172(2) 1.000 0.0511(4)
N(1) ? ? 0.552(2) 0.644(1) 0.048(2) 1.000 0.0697(6)
C(1) ? ? 0.180(1) 0.363(1) 0.038(2) 1.000 0.0366(4)
C(2) ? ? 0.263(1) 0.207(1) 0.049(2) 1.000 0.0361(4)
C(3) ? ? 0.048(1) 0.005(1) -0.028(2) 1.000 0.0404(4)
C(4) ? ? -0.153(1) -0.068(1) -0.278(2) 1.000 0.0531(5)
C(5) ? ? -0.241(1) 0.083(1) -0.273(2) 1.000 0.0577(6)
C(6) ? ? -0.030(1) 0.272(1) -0.219(2) 1.000 0.0504(5)
C(7) ? ? 0.392(1) 0.522(1) 0.044(2) 1.000 0.0453(5)
C(8) ? ? 0.113(1) 0.460(1) 0.265(2) 1.000 0.0516(6)
C(9) ? ? 0.465(1) 0.290(1) 0.302(2) 1.000 0.0556(6)
C(10) ? ? 0.138(2) -0.149(1) -0.054(2) 1.000 0.0706(8)
H(1) ? ? 0.3342 0.1817 -0.0791 1.000 0.042
H(2) ? ? -0.0890 -0.0955 -0.4113 1.000 0.061
H(3) ? ? -0.2867 -0.1880 -0.3144 1.000 0.061
H(4) ? ? -0.3081 0.1124 -0.1411 1.000 0.069
H(5) ? ? -0.3718 0.0302 -0.4323 1.000 0.069
H(6) ? ? 0.0323 0.2417 -0.3567 1.000 0.057
H(7) ? ? -0.0852 0.3670 -0.2219 1.000 0.057
H(8) ? ? 0.2522 0.5217 0.4185 1.000 0.060
H(9) ? ? -0.0213 0.3642 0.2687 1.000 0.060
H(10) ? ? 0.0749 0.5601 0.2526 1.000 0.060
H(11) ? ? 0.3963 0.3052 0.4319 1.000 0.067
H(12) ? ? 0.5918 0.4122 0.3435 1.000 0.067
H(13) ? ? 0.5271 0.1971 0.2914 1.000 0.067
H(14) ? ? 0.0073 -0.2691 -0.0917 1.000 0.090
H(15) ? ? 0.1998 -0.1695 -0.1886 1.000 0.090
H(16) ? ? 0.2656 -0.0995 0.1009 1.000 0.090
H(17) ? ? -0.1691 -0.0814 0.1251 1.000 0.081
