Bibliography ...
?
8.5190(6) 9.2733(7) 15.6790(7) 90 104.060(5) 90
P 21/n
Ir1 ? ? 0.09063(4) 0.04275(4) -0.09127(2) ? 0.0344
Cl1 ? ? 0.1243(4) -0.2125(3) -0.1058(2) ? 0.0787
S1 ? ? 0.1667(2) 0.0118(3) 0.0643(1) ? 0.0495
C1 ? ? 0.086(1) 0.116(1) -0.2226(6) ? 0.0549
C2 ? ? 0.009(1) 0.217(1) -0.1816(8) ? 0.0703
C3 ? ? 0.131(2) 0.2639(9) -0.1052(7) ? 0.0667
C4 ? ? 0.278(1) 0.1957(10) -0.1035(6) ? 0.0471
C5 ? ? 0.247(1) 0.1055(9) -0.1780(6) ? 0.0486
C6 ? ? 0.008(2) 0.044(2) -0.3076(7) ? 0.1387
C7 ? ? -0.158(1) 0.278(2) -0.207(1) ? 0.2135
C8 ? ? 0.119(2) 0.384(1) -0.0386(9) ? 0.1571
C9 ? ? 0.438(1) 0.217(1) -0.0410(7) ? 0.1102
C10 ? ? 0.374(1) 0.007(1) -0.2014(7) ? 0.1068
H1 ? ? 0.2288 -0.1151 0.0873 ? 0.0590
H2 ? ? 0.0827 -0.0178 -0.3241 ? 0.1312
H3 ? ? -0.0835 -0.0085 -0.3004 ? 0.1312
H4 ? ? -0.0265 0.1166 -0.3513 ? 0.1312
H5 ? ? -0.2173 0.2325 -0.2574 ? 0.2274
H6 ? ? -0.2092 0.2609 -0.1589 ? 0.2274
H7 ? ? -0.1530 0.3789 -0.2151 ? 0.2274
H8 ? ? 0.0136 0.4200 -0.0501 ? 0.1591
H9 ? ? 0.1930 0.4598 -0.0437 ? 0.1591
H10 ? ? 0.1506 0.3455 0.0194 ? 0.1591
H11 ? ? 0.4259 0.2866 0.0011 ? 0.1167
H12 ? ? 0.5110 0.2516 -0.0734 ? 0.1167
H13 ? ? 0.4731 0.1288 -0.0142 ? 0.1167
H14 ? ? 0.4602 0.0630 -0.2116 ? 0.1281
H15 ? ? 0.4117 -0.0594 -0.1556 ? 0.1053
H16 ? ? 0.3245 -0.0448 -0.2543 ? 0.1053
