|?|Preston A. Chase; Lee D. Henderson; Warren E. Piers; Masood Parvez; William Clegg; Mark R. J. Elsegood|Bifunctional Perfluoroaryl Boranes: Synthesis and Coordination Chemistry with Neutral Lewis Base Donors|Organometallics|25 (2006) 349 357
C30 B2 F20, 1.5 C7 H8
9.9667(7) 11.3162(7) 16.8523(11) 83.699(2) 89.897(2) 71.640(2)
P-1
B1 1 ? 0.7770(3) 0.1488(3) 0.14817(16) 1 0.0411(6)
B2 1 ? 0.8013(3) 0.1947(3) 0.32212(16) 1 0.0393(6)
C1 1 ? 0.9093(3) 0.0726(2) 0.20277(14) 1 0.0407(5)
C2 1 ? 1.0173(3) -0.0206(3) 0.17343(15) 1 0.0464(6)
C3 1 ? 1.1320(3) -0.0971(3) 0.22061(17) 1 0.0496(6)
C4 1 ? 1.1398(3) -0.0814(2) 0.29964(17) 1 0.0483(6)
C5 1 ? 1.0331(3) 0.0106(2) 0.33055(15) 1 0.0439(6)
C6 1 ? 0.9177(3) 0.0889(2) 0.28505(14) 1 0.0402(5)
C7 1 ? 0.7677(3) 0.2315(3) 0.06683(14) 1 0.0450(6)
C8 1 ? 0.8694(3) 0.2588(3) 0.02037(17) 1 0.0542(7)
C9 1 ? 0.8341(4) 0.3357(3) -0.05232(18) 1 0.0638(8)
C10 1 ? 0.6950(4) 0.3836(3) -0.07692(17) 1 0.0640(9)
C11 1 ? 0.5890(4) 0.3581(3) -0.03075(17) 1 0.0558(7)
C12 1 ? 0.6224(3) 0.2845(2) 0.04151(15) 1 0.0457(6)
C13 1 ? 0.5326(3) 0.2425(3) 0.10113(16) 1 0.0455(6)
C14 1 ? 0.3882(3) 0.2668(3) 0.10298(19) 1 0.0578(8)
C15 1 ? 0.3308(3) 0.2068(4) 0.1639(2) 1 0.0684(10)
C16 1 ? 0.4136(3) 0.1234(4) 0.22188(18) 1 0.0626(8)
C17 1 ? 0.5588(3) 0.0993(3) 0.22180(15) 1 0.0504(6)
C18 1 ? 0.6202(3) 0.1586(3) 0.16418(14) 1 0.0427(5)
C19 1 ? 0.7433(2) 0.3370(2) 0.28984(14) 1 0.0387(5)
C20 1 ? 0.7911(3) 0.4084(3) 0.23199(14) 1 0.0427(5)
C21 1 ? 0.7252(3) 0.5377(3) 0.21759(17) 1 0.0516(6)
C22 1 ? 0.6110(3) 0.5932(3) 0.26089(19) 1 0.0566(7)
C23 1 ? 0.5621(3) 0.5233(3) 0.32057(18) 1 0.0528(7)
C24 1 ? 0.6280(3) 0.3965(2) 0.33674(15) 1 0.0411(5)
C25 1 ? 0.6056(3) 0.3031(2) 0.40003(15) 1 0.0425(5)
C26 1 ? 0.5089(3) 0.3153(3) 0.45958(17) 1 0.0530(7)
C27 1 ? 0.5116(3) 0.2113(4) 0.51317(18) 1 0.0605(8)
C28 1 ? 0.6088(4) 0.0964(3) 0.50748(16) 1 0.0554(7)
C29 1 ? 0.7059(3) 0.0823(3) 0.44723(15) 1 0.0494(6)
C30 1 ? 0.7075(3) 0.1835(2) 0.39469(14) 1 0.0423(5)
F2 1 ? 1.01307(19) -0.04183(19) 0.09640(10) 1 0.0638(5)
F3 1 ? 1.23444(19) -0.18693(19) 0.18971(12) 1 0.0714(6)
F4 1 ? 1.24868(19) -0.15610(17) 0.34647(12) 1 0.0670(5)
F5 1 ? 1.04635(19) 0.02305(16) 0.40869(9) 1 0.0583(4)
F8 1 ? 1.0062(2) 0.2121(2) 0.04228(11) 1 0.0721(6)
F9 1 ? 0.9340(3) 0.3599(3) -0.09759(13) 1 0.0932(7)
F10 1 ? 0.6584(3) 0.4555(2) -0.14702(11) 1 0.0882(7)
F11 1 ? 0.4554(2) 0.40925(19) -0.06044(12) 1 0.0770(6)
F14 1 ? 0.2986(2) 0.3461(2) 0.04713(14) 1 0.0792(6)
F15 1 ? 0.1902(2) 0.2296(3) 0.16400(16) 1 0.1017(9)
F16 1 ? 0.3559(2) 0.0625(3) 0.27752(13) 1 0.0962(8)
F17 1 ? 0.6383(2) 0.01308(19) 0.27872(10) 1 0.0633(5)
F20 1 ? 0.90280(17) 0.35732(16) 0.18870(10) 1 0.0545(4)
F21 1 ? 0.7733(2) 0.60628(19) 0.16192(12) 1 0.0713(5)
F22 1 ? 0.5467(2) 0.71691(18) 0.24777(15) 1 0.0877(7)
F23 1 ? 0.4516(2) 0.58685(18) 0.36131(14) 1 0.0769(6)
F26 1 ? 0.4083(2) 0.4234(2) 0.46912(13) 1 0.0755(6)
F27 1 ? 0.4163(3) 0.2242(2) 0.57040(13) 1 0.0878(7)
F28 1 ? 0.6087(3) -0.0027(2) 0.55913(11) 1 0.0764(6)
F29 1 ? 0.7957(2) -0.03220(16) 0.44225(11) 1 0.0638(5)
C31 1 ? -0.0985(6) 0.5156(5) 0.4093(3) 1 0.0920(13)
C32 1 ? -0.0983(7) 0.4074(6) 0.4532(4) 1 0.1181(17)
C33 1 ? 0.0070(8) 0.3095(7) 0.4387(5) 1 0.153(3)
C34 1 ? 0.1146(8) 0.3113(8) 0.3844(6) 1 0.168(4)
C35 1 ? 0.1101(10) 0.4313(10) 0.3377(5) 1 0.191(3)
C36 1 ? -0.0086(6) 0.5426(6) 0.3534(3) 1 0.1078(15)
C37 1 ? -0.0303(15) 0.6645(10) 0.3179(6) 1 0.248(6)
C38 1 ? 0.3685(12) -0.0101(7) 0.0286(4) 1 0.163(3)
C39 1 ? 0.4915(10) -0.0747(7) 0.0684(3) 1 0.150(3)
C40 1 ? 0.6253(11) -0.0683(6) 0.0411(3) 1 0.155(3)
C41 1 ? 0.7286(18) -0.1270(9) 0.0807(8) 0.50 0.140(4)
