Use of uninitialized value in print at ./cif2ref line 149.
Use of uninitialized value in print at ./cif2ref line 149.
Use of uninitialized value in print at ./cif2ref line 149.
Use of uninitialized value in print at ./cif2ref line 149.
Use of uninitialized value in print at ./cif2ref line 149.
Use of uninitialized value in print at ./cif2ref line 149.
Use of uninitialized value in print at ./cif2ref line 149.
Use of uninitialized value in print at ./cif2ref line 149.
Use of uninitialized value in print at ./cif2ref line 149.
Use of uninitialized value in print at ./cif2ref line 149.
Use of uninitialized value in print at ./cif2ref line 149.
Use of uninitialized value in print at ./cif2ref line 149.
Use of uninitialized value in print at ./cif2ref line 149.
Use of uninitialized value in print at ./cif2ref line 149.
Use of uninitialized value in print at ./cif2ref line 149.
Use of uninitialized value in print at ./cif2ref line 149.
Use of uninitialized value in print at ./cif2ref line 149.
Use of uninitialized value in print at ./cif2ref line 149.
Use of uninitialized value in print at ./cif2ref line 149.
Use of uninitialized value in print at ./cif2ref line 149.
Use of uninitialized value in print at ./cif2ref line 149.
Use of uninitialized value in print at ./cif2ref line 149.
Use of uninitialized value in print at ./cif2ref line 149.
Use of uninitialized value in print at ./cif2ref line 149.
Use of uninitialized value in print at ./cif2ref line 149.
Use of uninitialized value in print at ./cif2ref line 149.
Use of uninitialized value in print at ./cif2ref line 149.
Use of uninitialized value in print at ./cif2ref line 149.
Use of uninitialized value in print at ./cif2ref line 149.
Actinolite ||Evans B W; Yang H|Fe-Mg order-disorder in tremolite-actinolite-ferro-actinolite at ambient and high temperature Sample: 67-3172, from Carr Fork Mine, Bingham, Utah in cpx hornfels rock|American Mineralogist|1998 83 458 475
Fe.905 Mn.02 Mg4.083 Al.252 Ti.014 Ca1.904 Na.232 Si7.788 K.096 H1.566 O23.274 F.726
9.855 18.069 5.283 90 104.79 90
C12/m1
Fe1 ? ? 0.00000 0.08810 0.50000 0.16500 
Mn1 ? ? 0.00000 0.08810 0.50000 0.00300 
Mg1 ? ? 0.00000 0.08810 0.50000 0.83200 
Fe2 ? ? 0.00000 0.17720 0.00000 0.20100 
Mn2 ? ? 0.00000 0.17720 0.00000 0.00600 
Mg2 ? ? 0.00000 0.17720 0.00000 0.77300 
Al2 ? ? 0.00000 0.17720 0.00000 0.02000 
Ti2 ? ? 0.00000 0.17720 0.00000 0.00700 
Fe3 ? ? 0.00000 0.00000 0.00000 0.13100 
Mg3 ? ? 0.00000 0.00000 0.00000 0.86900 
Fe4 ? ? 0.00000 0.27780 0.50000 0.02100 
Mn4 ? ? 0.00000 0.27780 0.50000 0.00100 
Mg4 ? ? 0.00000 0.27780 0.50000 0.00200 
Ca4 ? ? 0.00000 0.27780 0.50000 0.95200 
Na4 ? ? 0.00000 0.27780 0.50000 0.02400 
Si1 ? ? 0.28030 0.08410 0.29680 0.94700 
Al1 ? ? 0.28030 0.08410 0.29680 0.05300 
Si2 ? ? 0.28860 0.17100 0.80440 1.00000 
NaA(m) ? ? 0.03000 0.50000 0.06400 0.09200 
KA(m) ? ? 0.03000 0.50000 0.06400 0.04800 
H ? ? 0.18600 0.00000 0.72900 0.78300 
O1 ? ? 0.11140 0.08620 0.21740 1.00000 
O2 ? ? 0.11910 0.17160 0.72440 1.00000 
O3 ? ? 0.10900 0.00000 0.71480 0.63700 
F3 ? ? 0.10900 0.00000 0.71480 0.36300 
O4 ? ? 0.36540 0.24780 0.79220 1.00000 
O5 ? ? 0.34600 0.13430 0.09930 1.00000 
O6 ? ? 0.34390 0.11860 0.59030 1.00000 
O7 ? ? 0.33710 0.00000 0.29180 1.00000 
