|Rubidium manganese arsenate(1;6;7)|||| ()
As7 Mn6 O24 Rb
5.5550(10) 27.830(9) 6.842(2) 90.00 107.56(2) 90.00
P21/m
As1 ? ? 0.27497(14) 0.47698(3) 0.69774(12) 1 0.0063(2)
As2 ? ? 0.68483(15) 0.38723(3) 0.87410(12) 1 0.0069(2)
As3 ? ? 0.5271(2) 0.2500 0.56840(17) 1 0.0069(3)
As4 ? ? 0.22919(14) 0.33587(3) 0.27565(12) 1 0.0067(2)
Rb ? ? 0.6964(2) 0.2500 0.10323(18) 1 0.0157(3)
Mn1 ? ? -0.1836(2) 0.54331(5) 0.82064(19) 1 0.0092(3)
Mn2 ? ? -0.2149(2) 0.40166(5) 0.40127(18) 1 0.0085(3)
Mn3 ? ? 0.1078(2) 0.31554(4) 0.74999(18) 1 0.0085(3)
O1 ? ? 0.8760(10) 0.4017(2) 0.1078(8) 1 0.0087(11)
O2 ? ? 0.1082(11) 0.4523(2) 0.4749(9) 1 0.0106(12)
O3 ? ? 0.4178(11) 0.52893(19) 0.6737(9) 1 0.0100(11)
O4 ? ? 0.8293(15) 0.2500 0.7056(13) 1 0.0133(18)
O5 ? ? 0.3887(11) 0.38634(19) 0.2693(9) 1 0.0106(12)
O6 ? ? 0.8518(11) 0.3769(2) 0.7101(8) 1 0.0122(12)
O7 ? ? 0.4942(11) 0.2986(2) 0.4071(9) 1 0.0138(12)
O8 ? ? 0.0451(10) 0.3365(2) 0.4307(8) 1 0.0104(12)
O9 ? ? 0.1132(11) 0.4800(2) 0.8687(9) 1 0.0117(12)
O10 ? ? 0.1027(11) 0.3067(2) 0.0578(8) 1 0.0116(12)
O11 ? ? 0.3127(15) 0.2500 0.6908(12) 1 0.0098(16)
O12 ? ? 0.4812(11) 0.3433(2) 0.8713(10) 1 0.0160(13)
O13 ? ? 0.5441(13) 0.4425(2) 0.7970(11) 1 0.0250(16)
