|?||Bibliography ...|| ()
C18 H4 As Cl F18
8.6646(2) 9.69650(10) 25.4076(6) 90.00 90.00 90.00
P212121
As1 1 ? 0.94158(4) 0.87273(4) 0.106997(15) 1 0.02487(10)
Cl1 1 ? 0.76045(13) 0.92249(13) 0.16416(5) 1 0.0436(3)
C1 1 ? 0.8803(5) 0.6783(4) 0.08702(15) 1 0.0245(8)
C2 1 ? 0.9869(5) 0.5692(4) 0.08221(16) 1 0.0264(9)
C3 1 ? 0.9397(5) 0.4367(4) 0.06979(15) 1 0.0279(8)
H3A 1 ? 1.013(2) 0.365(2) 0.06756(16) 1 0.037(6)
C4 1 ? 0.7859(5) 0.4098(4) 0.06067(16) 1 0.0303(9)
C5 1 ? 0.6801(5) 0.5160(5) 0.06015(16) 1 0.0303(9)
H5A 1 ? 0.576(3) 0.4981(7) 0.0517(3) 1 0.037(6)
C6 1 ? 0.7272(4) 0.6499(4) 0.07212(14) 1 0.0247(8)
C7 1 ? 1.1575(5) 0.5895(4) 0.08793(19) 1 0.0345(10)
C8 1 ? 0.7341(6) 0.2651(5) 0.0484(2) 1 0.0462(12)
C9 1 ? 0.6024(5) 0.7559(5) 0.06457(17) 1 0.0325(9)
F1 1 ? 1.2377(3) 0.5012(3) 0.05764(12) 1 0.0464(7)
F2 1 ? 1.2083(3) 0.5717(3) 0.13685(11) 1 0.0452(7)
F3 1 ? 1.2008(3) 0.7164(3) 0.07237(11) 1 0.0363(6)
F4 1 ? 0.6031(9) 0.2533(8) 0.0271(4) 0.65 0.082(3)
F5 1 ? 0.7214(12) 0.1937(6) 0.0938(3) 0.65 0.078(2)
F6 1 ? 0.8346(10) 0.1932(9) 0.0230(5) 0.65 0.096(4)
F4A 1 ? 0.829(3) 0.1731(13) 0.0591(15) 0.35 0.194(19)
F5A 1 ? 0.731(2) 0.2509(11) -0.0053(3) 0.35 0.070(3)
F6A 1 ? 0.5920(18) 0.248(2) 0.0578(10) 0.35 0.137(13)
F7 1 ? 0.5082(3) 0.7219(3) 0.02430(10) 1 0.0411(6)
F8 1 ? 0.6570(3) 0.8812(3) 0.05298(9) 1 0.0378(5)
F9 1 ? 0.5101(3) 0.7685(3) 0.10666(11) 1 0.0430(6)
C10 1 ? 1.1029(4) 0.8592(4) 0.16391(14) 1 0.0240(8)
C11 1 ? 1.2261(5) 0.9536(4) 0.15782(16) 1 0.0257(8)
C12 1 ? 1.3394(5) 0.9673(4) 0.19561(16) 1 0.0279(9)
H12A 1 ? 1.420(2) 1.0315(19) 0.1907(2) 1 0.037(6)
C13 1 ? 1.3350(4) 0.8867(5) 0.24093(15) 1 0.0299(9)
C14 1 ? 1.2147(5) 0.7955(4) 0.24808(17) 1 0.0326(9)
H14A 1 ? 1.2106(5) 0.7419(16) 0.2791(9) 1 0.037(6)
C15 1 ? 1.0999(5) 0.7810(4) 0.21064(16) 1 0.0274(9)
C16 1 ? 1.2380(5) 1.0513(4) 0.11217(18) 1 0.0342(9)
C17 1 ? 1.4585(6) 0.9028(5) 0.28203(18) 1 0.0435(11)
C18 1 ? 0.9781(6) 0.6794(5) 0.22722(18) 1 0.0382(11)
F10 1 ? 1.3651(3) 1.1255(3) 0.11308(11) 1 0.0563(8)
F11 1 ? 1.2371(3) 0.9860(3) 0.06492(10) 1 0.0430(6)
F12 1 ? 1.1193(3) 1.1402(2) 0.11088(10) 1 0.0420(6)
F13 1 ? 1.423(3) 0.841(3) 0.3263(7) 0.33 0.132(12)
F14 1 ? 1.491(4) 1.0269(14) 0.2954(10) 0.33 0.158(14)
F15 1 ? 1.580(2) 0.831(3) 0.2742(8) 0.33 0.124(13)
F13A 1 ? 1.5579(8) 1.0029(7) 0.2707(3) 0.67 0.0577(17)
F14A 1 ? 1.5457(10) 0.7937(8) 0.2843(5) 0.67 0.083(4)
F15A 1 ? 1.4018(13) 0.9273(15) 0.3283(3) 0.67 0.090(4)
F16 1 ? 0.8959(4) 0.7269(4) 0.26739(11) 1 0.0604(9)
F17 1 ? 1.0432(4) 0.5630(3) 0.24441(16) 1 0.0761(11)
F18 1 ? 0.8789(3) 0.6405(3) 0.19057(10) 1 0.0479(7)

|?||Bibliography ...|| ()
C18 H4 As Cl F18
8.705(9) 30.38(1) 8.167(4) 90.00 91.53(6) 90.00
P21/a
As1 1 ? 0.5360(3) -0.12252(7) 0.2545(3) 1 0.0553466965646271
Cl1 1 ? 0.6994(8) -0.1019(2) 0.0718(9) 1 0.0949886096646919
F1 1 ? 0.483(2) -0.2046(4) 0.447(2) 1 0.0835899765049288
F2 1 ? 0.705(2) -0.2073(4) 0.328(2) 1 0.0886560356870457
F3 1 ? 0.570(2) -0.2652(5) 0.354(2) 1 0.0975216392557503
F4 1 ? 0.322(4) -0.2733(9) -0.346(4) 0.50 0.0886560356870457
F5 1 ? 0.237(3) -0.3070(8) -0.147(3) 0.50 0.0671252841630489
F6 1 ? 0.468(4) -0.310(1) -0.207(4) 0.50 0.102587698437867
F7 1 ? 0.225(2) -0.1249(5) -0.224(2) 1 0.135517083121627
F8 1 ? 0.451(2) -0.1191(4) -0.273(2) 1 0.106387242824455
F9 1 ? 0.366(2) -0.0870(4) -0.063(2) 1 0.119052390779747
F10 1 ? 0.028(1) -0.1219(4) 0.371(2) 1 0.0848564913004581
F11 1 ? 0.119(1) -0.1431(4) 0.149(2) 1 0.0797904321183412
F12 1 ? 0.249(1) -0.1507(4) 0.371(2) 1 0.0835899765049288
F13 1 ? -0.051(2) 0.0305(4) 0.346(2) 1 0.105120728028926
F14 1 ? 0.130(2) 0.0733(4) 0.294(2) 1 0.124118449961864
F15 1 ? 0.004(2) 0.0444(5) 0.098(2) 1 0.111453302006572
F16 1 ? 0.667(1) -0.0064(4) 0.140(1) 1 0.062059224980932
F17 1 ? 0.610(1) 0.0237(4) 0.359(1) 1 0.0645922545719905
F18 1 ? 0.685(1) -0.0434(4) 0.357(1) 1 0.0658587693675197
F19 1 ? 0.217(4) -0.2795(9) -0.276(4) 0.50 0.100054668846809
F20 1 ? 0.454(3) -0.2864(8) -0.314(3) 0.50 0.0633257397764612
F21 1 ? 0.371(3) -0.3231(8) -0.115(3) 0.50 0.0759908877317535
C1 1 ? 0.450(2) -0.1696(5) 0.098(2) 1 0.0329293846837598
C2 1 ? 0.389(3) -0.1664(7) -0.061(3) 1 0.0607927101854028
C3 1 ? 0.353(2) -0.2022(7) -0.162(3) 1 0.0519271066166982
C4 1 ? 0.380(2) -0.2439(7) -0.096(3) 1 0.0557266510032859
C5 1 ? 0.451(2) -0.2495(7) 0.059(3) 1 0.0519271066166982
C6 1 ? 0.482(2) -0.2137(6) 0.158(3) 1 0.0481275622301105
C7 1 ? 0.363(4) -0.123(1) -0.154(4) 1 0.089922550482575
C8 1 ? 0.347(3) -0.2836(7) -0.201(3) 1 0.0519271066166982
C9 1 ? 0.555(3) -0.2209(8) 0.323(3) 1 0.0696583137541074
C10 1 ? 0.382(2) -0.0729(6) 0.255(2) 1 0.0493940770256398
C11 1 ? 0.223(2) -0.0787(6) 0.261(2) 1 0.0405284734569352
C12 1 ? 0.125(2) -0.0437(6) 0.261(2) 1 0.0379954438658767
C13 1 ? 0.175(2) -0.0024(5) 0.252(2) 1 0.0265968107061137
C14 1 ? 0.327(2) 0.0063(6) 0.251(2) 1 0.039261958661406
C15 1 ? 0.437(2) -0.0289(6) 0.258(2) 1 0.0405284734569352
C16 1 ? 0.157(3) -0.1245(8) 0.287(3) 1 0.0607927101854028
C17 1 ? 0.068(3) 0.0361(8) 0.250(4) 1 0.062059224980932
C18 1 ? 0.597(2) -0.0140(5) 0.274(2) 1 0.0240637811150553
H1 1 ? 0.3121 -0.1984 -0.2698 1 0.0627988696215211
H2 1 ? 0.4777 -0.2782 0.0958 1 0.0625835621062811
H3 1 ? 0.0182 -0.0490 0.2689 1 0.0456730565563749
H4 1 ? 0.3621 0.0359 0.2453 1 0.0473689198675885

|?||Bibliography ...|| ()
C18 H4 Cl F18 Sb
8.296(2) 30.430(7) 8.779(3) 90.00 94.030(3) 90.00
P21/c
Sb1 1 ? 1.2808(3) 0.1222(1) 0.0566(3) 1 0.064(1)
Cl1 1 ? 1.0832(15) 0.1007(4) 0.2220(14) 1 0.101(4)
F1 1 ? 1.3608(19) 0.0371(5) 0.1880(2) 1 0.069(6)
F2 1 ? 1.1290(14) 0.0035(6) 0.1530(2) 1 0.074(7)
F3 1 ? 1.3520(2) -0.0296(5) 0.1110(2) 1 0.080(7)
F4 1 ? 1.1010(2) -0.0448(10) -0.5110(3) 0.50 0.108(12)
F5 1 ? 1.2930(4) -0.0775(8) -0.3770(3) 0.50 0.119(12)
F6 1 ? 1.3490(3) -0.0380(8) -0.5540(3) 0.50 0.093(10)
F4A 1 ? 1.4000(2) -0.0497(10) -0.4750(3) 0.50 0.100(7)
F5A 1 ? 1.1690(3) -0.0251(8) -0.5740(3) 0.50 0.100(6)
F6A 1 ? 1.1720(3) -0.0741(8) -0.3940(3) 0.50 0.100(5)
F7 1 ? 1.3810(2) 0.1472(7) -0.2314(18) 1 0.083(7)
F8 1 ? 1.1551(17) 0.1403(8) -0.3720(2) 1 0.106(9)
F9 1 ? 1.3810(2) 0.1212(8) -0.4594(19) 1 0.103(8)
F10 1 ? 1.3470(3) 0.2132(7) 0.2090(2) 1 0.102(9)
F11 1 ? 1.4490(2) 0.2092(6) -0.0080(2) 1 0.087(8)
F12 1 ? 1.3620(3) 0.2713(5) 0.0690(3) 1 0.115(5)
F13 1 ? 0.7080(6) 0.2957(14) -0.0260(4) 0.50 0.101(17)
F14 1 ? 0.7020(5) 0.2771(12) -0.2640(5) 0.50 0.103(17)
F15 1 ? 0.8880(3) 0.3226(10) -0.1740(7) 0.50 0.150(3)
F13A 1 ? 0.8550(6) 0.3226(12) -0.0490(6) 0.50 0.130(3)
F14A 1 ? 0.6500(4) 0.2806(11) -0.1150(6) 0.50 0.109(1)
F15A 1 ? 0.8180(6) 0.3008(14) -0.2830(4) 0.50 0.086(1)
F16 1 ? 0.9563(19) 0.0914(7) -0.1180(2) 1 0.088(13)
F17 1 ? 0.7850(3) 0.1260(8) -0.2680(2) 1 0.098(9)
F18 1 ? 0.7450(2) 0.1211(7) -0.0300(2) 1 0.127(10)
C1 1 ? 1.2690(4) 0.0673(10) -0.1100(3) 1 0.038(8)
C2 1 ? 1.2630(4) 0.0238(11) -0.0710(4) 1 0.048(9)
C3 1 ? 1.2540(4) -0.0099(11) -0.1740(4) 1 0.051(10)
C4 1 ? 1.2550(4) -0.0026(13) -0.3270(4) 1 0.056(10)
C5 1 ? 1.2710(4) 0.0429(13) -0.3720(4) 1 0.059(10)
C6 1 ? 1.2820(4) 0.0757(11) -0.2670(4) 1 0.048(9)
C7 1 ? 1.2751(16) 0.0087(5) 0.0973(12) 1 0.063(11)
C8 1 ? 1.2490(2) -0.0390(6) -0.4430(2) 1 0.073(13)
C9 1 ? 1.2974(18) 0.1225(4) -0.3332(16) 1 0.075(11)
C10 1 ? 1.1090(4) 0.1742(12) -0.0370(4) 1 0.055(10)
C11 1 ? 0.9480(4) 0.1699(12) -0.1000(4) 1 0.055(10)
C12 1 ? 0.8580(4) 0.2071(13) -0.1330(4) 1 0.059(10)
C13 1 ? 0.9110(4) 0.2488(13) -0.1060(4) 1 0.056(11)
C14 1 ? 1.0710(5) 0.2536(13) -0.0460(4) 1 0.062(11)
C15 1 ? 1.1620(4) 0.2175(12) -0.0090(4) 1 0.053(10)
C16 1 ? 1.3293(14) 0.2281(6) 0.0667(19) 1 0.066(12)
C17 1 ? 0.8030(3) 0.2881(7) -0.1400(3) 1 0.076(13)
C18 1 ? 0.8604(18) 0.1256(5) -0.1280(2) 1 0.088(13)
H1 1 ? 1.2455 -0.0395 -0.1403 1 0.059
H2 1 ? 1.2763 0.0488 -0.4738 1 0.074
H3 1 ? 0.7545 0.2032 -0.1826 1 0.065
H4 1 ? 1.1167 0.2812 -0.0299 1 0.075

|?||Bibliography ...|| ()
C19 H4 F21 O3 S Sb
16.172(4) 17.758(2) 9.119(1) 90.00 90.00 90.00
P212121
Sb1 1 ? 0.23906(3) 0.22665(3) -0.0032(1) 1 0.0471143503936872
S1 1 ? 0.3148(2) 0.3011(2) -0.2912(4) 1 0.0721913433451658
F1 1 ? 0.0276(4) 0.1706(4) 0.1344(8) 1 0.0810569469138704
F2 1 ? 0.1506(4) 0.1545(4) 0.2100(8) 1 0.0772574025272827
F3 1 ? 0.0534(5) 0.1778(4) 0.3659(8) 1 0.0861230060959873
F4 1 ? -0.0311(9) 0.4199(7) 0.489(2) 0.70 0.127917994348452
F5 1 ? 0.0501(7) 0.5096(7) 0.454(2) 0.70 0.112719816802101
F6 1 ? -0.0430(8) 0.4892(8) 0.303(1) 0.70 0.126651479552922
F7 1 ? 0.2877(5) 0.4710(5) 0.160(1) 1 0.115252846393159
F8 1 ? 0.2426(6) 0.4472(4) -0.0548(8) 1 0.0911890652781042
F9 1 ? 0.3203(4) 0.3682(4) 0.0543(7) 1 0.0747243729362243
F10 1 ? 0.3102(4) 0.0756(5) -0.1379(9) 1 0.101321183642338
F11 1 ? 0.2505(7) 0.0608(4) 0.0691(8) 1 0.0937220948691626
F12 1 ? 0.2472(6) -0.0265(4) -0.090(1) 1 0.122851935166335
F13 1 ? -0.0560(8) -0.0298(8) -0.305(2) 0.70 0.124118449961864
F14 1 ? 0.035(1) -0.0490(9) -0.446(2) 0.70 0.176045556578562
F15 1 ? -0.052(1) 0.0389(7) -0.478(2) 0.70 0.193776763715971
F16 1 ? 0.0338(7) 0.2884(4) -0.3261(9) 1 0.134250568326098
F17 1 ? 0.0818(4) 0.3098(3) -0.1215(8) 1 0.0835899765049288
F18 1 ? -0.0344(5) 0.2624(5) -0.150(2) 1 0.183644645351738
F19 1 ? 0.2252(8) 0.2159(8) -0.452(1) 1 0.239371296355023
F20 1 ? 0.2131(8) 0.331(1) -0.480(1) 1 0.249503414719257
F21 1 ? 0.3203(8) 0.280(1) -0.562(1) 1 0.257102503492433
F22 1 ? 0.0455 0.4546 0.5147 0.30 0.126651479552922
F23 1 ? 0.0263 0.5180 0.3573 0.30 0.164646923418799
F24 1 ? -0.0594 0.4289 0.4153 0.30 0.112719816802101
F25 1 ? 0.0191 0.0098 -0.5113 0.30 0.100054668846809
F26 1 ? 0.0280 -0.0615 -0.3586 0.30 0.164646923418799
F27 1 ? -0.0779 0.0155 -0.3698 0.30 0.341958994792891
O1 1 ? 0.2429(4) 0.2972(4) -0.1854(7) 1 0.0582596805943443
O2 1 ? 0.3469(6) 0.3734(6) -0.313(1) 1 0.106387242824455
O3 1 ? 0.3697(6) 0.2409(6) -0.265(1) 1 0.112719816802101
C1 1 ? 0.1647(6) 0.3047(6) 0.132(1) 1 0.0468610474345813
C2 1 ? 0.0994(5) 0.2780(6) 0.220(1) 1 0.0417949882524644
C3 1 ? 0.0502(7) 0.3286(6) 0.300(1) 1 0.0544601362077567
C4 1 ? 0.0662(6) 0.4031(6) 0.300(1) 1 0.0493940770256398
C5 1 ? 0.1323(6) 0.4291(6) 0.223(1) 1 0.0481275622301105
C6 1 ? 0.1833(6) 0.3807(6) 0.145(1) 1 0.0468610474345813
C7 1 ? 0.0807(8) 0.1943(7) 0.229(1) 1 0.0607927101854028
C8 1 ? 0.0097(8) 0.4544(8) 0.386(2) 1 0.0696583137541074
C9 1 ? 0.2600(9) 0.4181(7) 0.077(1) 1 0.0645922545719905
C10 1 ? 0.1473(6) 0.1567(6) -0.125(1) 1 0.0405284734569352
C11 1 ? 0.1658(6) 0.0811(6) -0.141(1) 1 0.0468610474345813
C12 1 ? 0.1181(7) 0.0329(6) -0.225(1) 1 0.0582596805943443
C13 1 ? 0.0483(7) 0.0575(6) -0.291(1) 1 0.0582596805943443
C14 1 ? 0.0282(6) 0.1328(6) -0.282(1) 1 0.050660591821169
C15 1 ? 0.0742(8) 0.1812(7) -0.198(1) 1 0.0531936214122274
C16 1 ? 0.245(1) 0.0468(8) -0.074(2) 1 0.0823234617093996
C17 1 ? -0.005(1) 0.0055(8) -0.383(2) 1 0.0911890652781042
C18 1 ? 0.0413(7) 0.2603(6) -0.196(1) 1 0.0569931657988151
C19 1 ? 0.270(1) 0.270(1) -0.444(2) 1 0.169712982600916
H1 1 ? 0.0047 0.3111 0.3615 1 0.0633257397764612
H2 1 ? 0.1439 0.4824 0.2231 1 0.0569931657988151
H3 1 ? 0.1362 -0.0191 -0.2401 1 0.0683917989585781
H4 1 ? -0.0189 0.1519 -0.3359 1 0.0595261953898736
