|||Eichenseher (2005), Organometallics 24, p245|| ()
C37.50 H53 Cl3 N O2 P2 Re
14.22990(10) 15.8221(2) 17.9834(2) 69.7910(10) 89.8820(10) 87.0440(10)
P-1
Re1 ? ? 1.089094(14) -0.194893(13) -0.118838(11) 1 0.02698(7)
N1 ? ? 1.1101(3) -0.1086(3) -0.0819(3) 1 0.0354(10)
O1 ? ? 1.1319(4) -0.0494(3) -0.0575(3) 1 0.0575(13)
P1 ? ? 0.95399(11) -0.31065(9) 0.04637(8) 1 0.0331(3)
C1 ? ? 0.9590(4) -0.2448(4) -0.0566(3) 1 0.0332(11)
H1A ? ? 0.9159 -0.1911 -0.0649 1 0.040
H1B ? ? 0.9306 -0.2806 -0.0854 1 0.040
P2 ? ? 0.99214(9) -0.09619(9) -0.22179(7) 1 0.0262(3)
C11 ? ? 1.2383(4) -0.2403(5) -0.1317(5) 1 0.0500(16)
H11A ? ? 1.2954 -0.2067 -0.1299 1 0.060
C12 ? ? 1.1868(5) -0.2340(5) -0.2007(4) 1 0.0472(15)
H12A ? ? 1.2013 -0.1958 -0.2563 1 0.057
C13 ? ? 1.1204(5) -0.3016(5) -0.1778(4) 1 0.0481(15)
H13A ? ? 1.0769 -0.3171 -0.2142 1 0.058
C14 ? ? 1.1307(5) -0.3469(4) -0.0959(4) 1 0.0484(16)
H14A ? ? 1.0937 -0.3989 -0.0640 1 0.058
C15 ? ? 1.2019(5) -0.3111(4) -0.0666(4) 1 0.0500(17)
H15A ? ? 1.2271 -0.3339 -0.0109 1 0.060
C21 ? ? 1.0359(4) 0.0153(3) -0.2712(3) 1 0.0291(10)
C22 ? ? 0.9746(4) 0.0864(4) -0.3169(3) 1 0.0349(12)
H22A ? ? 0.9092 0.0779 -0.3192 1 0.042
C23 ? ? 1.0102(5) 0.1702(4) -0.3592(4) 1 0.0443(14)
H23A ? ? 0.9688 0.2179 -0.3912 1 0.053
C24 ? ? 1.1027(5) 0.1839(4) -0.3551(4) 1 0.0461(15)
H24A ? ? 1.1253 0.2417 -0.3826 1 0.055
C25 ? ? 1.1653(4) 0.1138(4) -0.3108(4) 1 0.0408(13)
H25A ? ? 1.2306 0.1233 -0.3096 1 0.049
C26 ? ? 1.1315(4) 0.0301(4) -0.2684(3) 1 0.0347(11)
H26A ? ? 1.1737 -0.0174 -0.2373 1 0.042
C31 ? ? 0.9743(4) -0.1380(4) -0.3033(3) 1 0.0287(10)
C32 ? ? 1.0155(4) -0.0986(4) -0.3764(3) 1 0.0317(11)
H32A ? ? 1.0498 -0.0460 -0.3861 1 0.038
C33 ? ? 1.0067(4) -0.1361(4) -0.4358(4) 1 0.0413(13)
H33A ? ? 1.0343 -0.1087 -0.4860 1 0.050
C34 ? ? 0.9577(4) -0.2131(4) -0.4213(4) 1 0.0436(14)
H34A ? ? 0.9524 -0.2387 -0.4616 1 0.052
C35 ? ? 0.9167(4) -0.2529(4) -0.3497(4) 1 0.0406(13)
H35A ? ? 0.8824 -0.3053 -0.3410 1 0.049
C36 ? ? 0.9252(4) -0.2170(4) -0.2898(3) 1 0.0357(12)
H36A ? ? 0.8980 -0.2457 -0.2397 1 0.043
C41 ? ? 0.8748(4) -0.0666(4) -0.1936(3) 1 0.0313(11)
C42 ? ? 0.8702(4) -0.0271(4) -0.1350(4) 1 0.0374(12)
H42A ? ? 0.9269 -0.0124 -0.1157 1 0.045
C43 ? ? 0.7864(5) -0.0088(4) -0.1047(4) 1 0.0447(14)
H43A ? ? 0.7849 0.0186 -0.0653 1 0.054
C44 ? ? 0.7038(5) -0.0310(5) -0.1324(5) 1 0.0555(18)
H44A ? ? 0.6454 -0.0201 -0.1108 1 0.067
C45 ? ? 0.7056(5) -0.0684(5) -0.1906(5) 1 0.0558(18)
H45A ? ? 0.6484 -0.0818 -0.2100 1 0.067
C46 ? ? 0.7905(4) -0.0869(4) -0.2212(4) 1 0.0415(13)
H46A ? ? 0.7912 -0.1135 -0.2611 1 0.050
C50 ? ? 0.9897(5) -0.2490(4) 0.1113(3) 1 0.0411(13)
C51 ? ? 1.0979(5) -0.2515(5) 0.1126(4) 1 0.0495(16)
H51A ? ? 1.1194 -0.2193 0.1466 1 0.074
H51B ? ? 1.1204 -0.2225 0.0586 1 0.074
H51C ? ? 1.1228 -0.3143 0.1333 1 0.074
C52 ? ? 0.9495(6) -0.1511(5) 0.0785(4) 1 0.0539(17)
H52A ? ? 0.9686 -0.1189 0.1133 1 0.081
H52B ? ? 0.8807 -0.1503 0.0759 1 0.081
H52C ? ? 0.9736 -0.1215 0.0252 1 0.081
C53 ? ? 0.9576(6) -0.2964(6) 0.1972(4) 1 0.060(2)
H53A ? ? 0.9771 -0.2625 0.2305 1 0.091
H53B ? ? 0.9865 -0.3578 0.2177 1 0.091
H53C ? ? 0.8889 -0.2990 0.1978 1 0.091
C60 ? ? 0.8385(5) -0.3611(4) 0.0673(4) 1 0.0457(15)
C61 ? ? 0.8385(6) -0.4375(5) 0.1489(4) 1 0.062(2)
H61A ? ? 0.7762 -0.4626 0.1582 1 0.093
H61B ? ? 0.8534 -0.4132 0.1906 1 0.093
H61C ? ? 0.8859 -0.4851 0.1499 1 0.093
C62 ? ? 0.7615(6) -0.2906(6) 0.0610(5) 1 0.067(2)
H62A ? ? 0.7010 -0.3191 0.0723 1 0.101
H62B ? ? 0.7595 -0.2459 0.0073 1 0.101
H62C ? ? 0.7735 -0.2608 0.0993 1 0.101
C63 ? ? 0.8239(6) -0.4063(5) 0.0043(4) 1 0.061(2)
H63A ? ? 0.7631 -0.4344 0.0125 1 0.091
H63B ? ? 0.8745 -0.4525 0.0096 1 0.091
H63C ? ? 0.8248 -0.3606 -0.0488 1 0.091
Re1' ? ? 1.473541(14) 0.263548(13) 0.455290(13) 1 0.03016(7)
N1' ? ? 1.4556(3) 0.3512(3) 0.4938(3) 1 0.0421(12)
O1' ? ? 1.4356(4) 0.4044(4) 0.5264(4) 1 0.0651(14)
P1' ? ? 1.44221(11) 0.40921(10) 0.25965(9) 1 0.0383(3)
C1' ? ? 1.5212(4) 0.3361(4) 0.3340(3) 1 0.0403(13)
H1'A ? ? 1.5738 0.3725 0.3390 1 0.048
H1'B ? ? 1.5481 0.2901 0.3131 1 0.048
P2' ? ? 1.63352(9) 0.24472(9) 0.49449(8) 1 0.0288(3)
C11' ? ? 1.4535(5) 0.1242(5) 0.4464(5) 1 0.0550(18)
H11B ? ? 1.5018 0.0885 0.4274 1 0.066
C12' ? ? 1.4423(6) 0.1185(5) 0.5239(5) 1 0.062(2)
H12B ? ? 1.4792 0.0767 0.5706 1 0.075
C13' ? ? 1.3650(7) 0.1742(7) 0.5270(7) 1 0.081(3)
H13B ? ? 1.3365 0.1784 0.5766 1 0.097
C14' ? ? 1.3265(5) 0.2131(6) 0.4518(8) 1 0.085(4)
H14B ? ? 1.2665 0.2511 0.4370 1 0.102
C15' ? ? 1.3840(7) 0.1810(6) 0.4003(6) 1 0.076(3)
H15B ? ? 1.3723 0.1938 0.3426 1 0.091
C21' ? ? 1.6569(4) 0.2350(4) 0.5971(3) 1 0.0331(11)
C22' ? ? 1.5933(5) 0.1993(5) 0.6553(4) 1 0.0513(17)
H22B ? ? 1.5332 0.1849 0.6416 1 0.062
C23' ? ? 1.6155(6) 0.1838(6) 0.7343(4) 1 0.065(2)
H23B ? ? 1.5708 0.1583 0.7740 1 0.078
C24' ? ? 1.7006(5) 0.2047(5) 0.7556(4) 1 0.0543(17)
H24B ? ? 1.7155 0.1931 0.8098 1 0.065
C25' ? ? 1.7645(5) 0.2428(5) 0.6983(4) 1 0.0519(16)
H25B ? ? 1.8235 0.2586 0.7129 1 0.062
C26' ? ? 1.7438(5) 0.2585(5) 0.6186(4) 1 0.0487(16)
H26B ? ? 1.7884 0.2850 0.5791 1 0.058
C31' ? ? 1.6934(4) 0.1428(4) 0.4877(3) 1 0.0328(11)
C32' ? ? 1.7366(4) 0.0764(4) 0.5520(4) 1 0.0395(13)
H32B ? ? 1.7370 0.0836 0.6023 1 0.047
C33' ? ? 1.7795(4) -0.0006(4) 0.5437(4) 1 0.0418(13)
H33B ? ? 1.8085 -0.0458 0.5885 1 0.050
C34' ? ? 1.7805(4) -0.0121(4) 0.4714(4) 1 0.0397(13)
H34B ? ? 1.8121 -0.0637 0.4655 1 0.048
C35' ? ? 1.7350(4) 0.0521(4) 0.4074(4) 1 0.0381(12)
H35B ? ? 1.7335 0.0436 0.3576 1 0.046
C36' ? ? 1.6916(4) 0.1286(4) 0.4150(3) 1 0.0367(12)
H36B ? ? 1.6602 0.1721 0.3705 1 0.044
C41' ? ? 1.7093(4) 0.3360(3) 0.4413(3) 1 0.0299(10)
C42' ? ? 1.7897(4) 0.3235(4) 0.4013(4) 1 0.0406(13)
H42B ? ? 1.8076 0.2656 0.3995 1 0.049
C43' ? ? 1.8441(5) 0.3977(5) 0.3635(4) 1 0.0518(17)
H43B ? ? 1.8993 0.3896 0.3364 1 0.062
C44' ? ? 1.8181(5) 0.4815(5) 0.3654(4) 1 0.0488(15)
H44B ? ? 1.8554 0.5311 0.3395 1 0.059
C45' ? ? 1.7372(5) 0.4946(4) 0.4050(4) 1 0.0424(14)
H45B ? ? 1.7193 0.5527 0.4063 1 0.051
C46' ? ? 1.6834(4) 0.4217(4) 0.4423(3) 1 0.0351(12)
H46B ? ? 1.6281 0.4304 0.4690 1 0.042
C50' ? ? 1.4433(7) 0.5269(5) 0.2540(5) 1 0.069(2)
C51' ? ? 1.4371(9) 0.5286(6) 0.3387(6) 1 0.092(4)
H51D ? ? 1.4382 0.5910 0.3373 1 0.138
H51E ? ? 1.4907 0.4930 0.3705 1 0.138
H51F ? ? 1.3783 0.5029 0.3625 1 0.138
C52' ? ? 1.5378(11) 0.5663(8) 0.2136(7) 1 0.131(6)
H52D ? ? 1.5398 0.6294 0.2098 1 0.196
H52E ? ? 1.5406 0.5625 0.1603 1 0.196
H52F ? ? 1.5915 0.5313 0.2455 1 0.196
C53' ? ? 1.3509(9) 0.5800(6) 0.2088(6) 1 0.100(4)
H53D ? ? 1.3515 0.6433 0.2050 1 0.150
H53E ? ? 1.2954 0.5530 0.2380 1 0.150
H53F ? ? 1.3486 0.5767 0.1554 1 0.150
C60' ? ? 1.4602(6) 0.3884(6) 0.1646(4) 1 0.0592(19)
C61' ? ? 1.4059(5) 0.4576(6) 0.0940(4) 1 0.061(2)
H61D ? ? 1.4186 0.4433 0.0459 1 0.091
H61E ? ? 1.4262 0.5181 0.0866 1 0.091
H61F ? ? 1.3383 0.4553 0.1044 1 0.091
C62' ? ? 1.5656(6) 0.3883(10) 0.1464(6) 1 0.103(4)
H62D ? ? 1.5751 0.3776 0.0963 1 0.154
H62E ? ? 1.5994 0.3404 0.1893 1 0.154
H62F ? ? 1.5895 0.4468 0.1421 1 0.154
C63' ? ? 1.4198(8) 0.2946(6) 0.1786(5) 1 0.082(3)
H63D ? ? 1.4270 0.2791 0.1306 1 0.123
H63E ? ? 1.3529 0.2968 0.1913 1 0.123
H63F ? ? 1.4540 0.2488 0.2228 1 0.123
C70 ? ? 1.8428(10) 0.4800(8) 0.6034(9) 0.54(2) 0.069(4)
H70A ? ? 1.7877 0.4519 0.5947 0.54(2) 0.082
H70B ? ? 1.8432 0.4769 0.6576 0.54(2) 0.082
C70A ? ? 1.9269(11) 0.5245(9) 0.5972(11) 0.46 0.069(4)
H70C ? ? 1.9179 0.5163 0.6521 0.46(2) 0.082
H70D ? ? 1.9838 0.5555 0.5811 0.46(2) 0.082
Cl71 ? ? 1.8345(3) 0.5916(2) 0.5438(2) 1 0.1145(12)
Cl72 ? ? 1.94139(19) 0.41865(16) 0.58867(16) 1 0.0820(6)
O80 ? ? 1.4832(4) -0.0403(7) 0.8172(3) 1 0.116(3)
H80A ? ? 1.5117 -0.0896 0.8428 1 0.174
C80 ? ? 1.4383(6) -0.0476(9) 0.7503(5) 1 0.091(4)
C81 ? ? 1.3697(9) -0.0992(10) 0.7726(6) 1 0.160(8)
H81A ? ? 1.3385 -0.1048 0.7261 1 0.240
H81B ? ? 1.3246 -0.0735 0.8013 1 0.240
H81C ? ? 1.3935 -0.1589 0.8076 1 0.240
C82 ? ? 1.3931(6) 0.0377(5) 0.7092(4) 1 0.061(2)
H82A ? ? 1.3617 0.0358 0.6614 1 0.091
H82B ? ? 1.4400 0.0837 0.6943 1 0.091
H82C ? ? 1.3464 0.0525 0.7436 1 0.091
C83 ? ? 1.5010(5) -0.0608(7) 0.7021(4) 1 0.063(2)
H83A ? ? 1.4694 -0.0656 0.6554 1 0.095
H83B ? ? 1.5386 -0.1168 0.7291 1 0.095
H83C ? ? 1.5423 -0.0101 0.6855 1 0.095
C100 ? ? 1.1275(6) 0.4631(5) 0.1711(5) 1 0.0608(19)
O100 ? ? 1.1671(3) 0.5311(3) 0.1095(3) 1 0.0492(11)
H10A ? ? 1.1267 0.5738 0.0901 1 0.074
C101 ? ? 1.1949(4) 0.3949(4) 0.2021(4) 1 0.0468(16)
H10B ? ? 1.1686 0.3466 0.2460 1 0.070
H10C ? ? 1.2485 0.4183 0.2216 1 0.070
H10D ? ? 1.2160 0.3711 0.1609 1 0.070
C102 ? ? 1.0546(4) 0.4304(5) 0.1433(5) 1 0.0494(17)
H10E ? ? 1.0274 0.3824 0.1869 1 0.074
H10F ? ? 1.0770 0.4061 0.1028 1 0.074
H10G ? ? 1.0065 0.4791 0.1200 1 0.074
C103 ? ? 1.0950(6) 0.4962(5) 0.2265(4) 1 0.0534(18)
H10H ? ? 1.0682 0.4478 0.2701 1 0.080
H10I ? ? 1.0463 0.5441 0.2029 1 0.080
H10J ? ? 1.1469 0.5207 0.2469 1 0.080
C200 ? ? 0.4418(8) -0.1518(7) -0.0172(9) 1 0.29(2)
H20A ? ? 0.4646 -0.0947 -0.0199 1 0.353
H20B ? ? 0.4303 -0.1478 -0.0709 1 0.353
Cl20 ? ? 0.4722(8) -0.0715(9) 0.0217(6) 0.33 0.1241(17)
Cl21 ? ? 0.3338(9) -0.1580(13) 0.0228(10) 0.33 0.1241(17)
Cl22 ? ? 0.3388(9) -0.1848(13) 0.0357(10) 0.33 0.1241(17)
Cl23 ? ? 0.3947(8) -0.2423(8) 0.0401(6) 0.33 0.1241(17)
Cl24 ? ? 0.4783(9) -0.2732(8) 0.0117(6) 0.33 0.1241(17)
Cl25 ? ? 0.5294(8) -0.2299(10) 0.0151(7) 0.33 0.1241(17)
C90 ? ? 1.3728(10) 0.1632(8) -0.1832(7) 0.84(3) 0.119(8)
H90A ? ? 1.4071 0.1847 -0.1479 0.84(3) 0.142
H90B ? ? 1.4168 0.1292 -0.2038 0.84(3) 0.142
C90A ? ? 1.341(5) 0.1384(13) -0.218(2) 0.16 0.119(8)
H90C ? ? 1.4062 0.1184 -0.2146 0.16(3) 0.142
H90D ? ? 1.3100 0.1155 -0.2536 0.16(3) 0.142
Cl91 ? ? 1.3321(3) 0.2508(3) -0.2564(3) 1 0.1355(14)
Cl92 ? ? 1.2931(3) 0.0930(3) -0.1296(2) 1 0.1159(10)

|||Eichenseher (2005), Organometallics 24, p245|| ()
C32 H40 N O P2 Re
9.3511(3) 25.5777(4) 13.0351(3) 90.00 105.2548(9) 90.00
P21/c
Re1 ? ? 0.363029(19) 0.632087(6) 0.648484(13) 1 0.02866(7)
P1 ? ? 0.32667(12) 0.62877(4) 0.46342(9) 1 0.0250(2)
N1 ? ? 0.1725(5) 0.62975(13) 0.6386(3) 1 0.0363(9)
O1 ? ? 0.0426(5) 0.62893(14) 0.6364(4) 1 0.0533(10)
C1 ? ? 0.3920(5) 0.54817(17) 0.6491(4) 1 0.0386(11)
H1A ? ? 0.2958 0.5310 0.6400 1 0.058
H1B ? ? 0.4593 0.5374 0.7169 1 0.058
H1C ? ? 0.4342 0.5381 0.5906 1 0.058
P2 ? ? 0.55450(15) 0.59587(5) 0.92590(10) 1 0.0383(3)
C11 ? ? 0.5223(5) 0.64074(16) 0.8129(3) 1 0.0333(10)
C12 ? ? 0.4382(6) 0.68793(17) 0.7844(3) 1 0.0380(10)
H14A ? ? 0.3729 0.7039 0.8255 1 0.046
C13 ? ? 0.4764(7) 0.71160(19) 0.6963(4) 1 0.0475(13)
H15A ? ? 0.4410 0.7463 0.6639 1 0.057
C14 ? ? 0.5848(6) 0.6800(2) 0.6710(4) 1 0.0504(14)
H11A ? ? 0.6350 0.6875 0.6136 1 0.060
C15 ? ? 0.6129(6) 0.63663(19) 0.7388(4) 1 0.0429(12)
H12A ? ? 0.6886 0.6089 0.7394 1 0.051
C21 ? ? 0.2103(5) 0.68033(16) 0.3858(3) 1 0.0293(9)
C22 ? ? 0.1817(5) 0.6813(2) 0.2756(4) 1 0.0438(11)
H22A ? ? 0.2212 0.6546 0.2403 1 0.053
C23 ? ? 0.0968(6) 0.7204(2) 0.2171(5) 1 0.0558(15)
H23A ? ? 0.0807 0.7212 0.1421 1 0.067
C24 ? ? 0.0342(6) 0.7589(2) 0.2678(5) 1 0.0573(16)
H24A ? ? -0.0253 0.7858 0.2277 1 0.069
C25 ? ? 0.0595(6) 0.7573(2) 0.3753(5) 1 0.0559(15)
H25A ? ? 0.0157 0.7830 0.4099 1 0.067
C26 ? ? 0.1483(5) 0.71864(18) 0.4358(4) 1 0.0413(11)
H26A ? ? 0.1662 0.7186 0.5110 1 0.050
C31 ? ? 0.5015(5) 0.63402(14) 0.4280(3) 1 0.0277(9)
C32 ? ? 0.5435(5) 0.67878(17) 0.3819(4) 1 0.0350(10)
H32A ? ? 0.4747 0.7065 0.3603 1 0.042
C33 ? ? 0.6848(6) 0.6830(2) 0.3676(4) 1 0.0429(11)
H33A ? ? 0.7123 0.7140 0.3374 1 0.051
C34 ? ? 0.7857(6) 0.6430(2) 0.3965(4) 1 0.0439(11)
H34A ? ? 0.8816 0.6458 0.3850 1 0.053
C35 ? ? 0.7448(5) 0.5983(2) 0.4430(5) 1 0.0469(12)
H35A ? ? 0.8137 0.5705 0.4637 1 0.056
C36 ? ? 0.6050(5) 0.59401(18) 0.4594(4) 1 0.0388(10)
H36A ? ? 0.5793 0.5636 0.4923 1 0.047
C41 ? ? 0.2374(5) 0.57081(15) 0.3917(3) 1 0.0274(8)
C42 ? ? 0.2888(5) 0.54580(18) 0.3133(4) 1 0.0381(10)
H42A ? ? 0.3766 0.5578 0.2973 1 0.046
C43 ? ? 0.2123(6) 0.50338(19) 0.2583(4) 1 0.0441(12)
H43A ? ? 0.2476 0.4868 0.2045 1 0.053
C44 ? ? 0.0865(6) 0.48543(19) 0.2815(4) 1 0.0445(12)
H44A ? ? 0.0351 0.4562 0.2443 1 0.053
C45 ? ? 0.0345(6) 0.5097(2) 0.3585(4) 1 0.0458(12)
H45A ? ? -0.0536 0.4975 0.3738 1 0.055
C46 ? ? 0.1095(5) 0.55195(18) 0.4140(4) 1 0.0358(10)
H46A ? ? 0.0733 0.5682 0.4677 1 0.043
C50 ? ? 0.3880(6) 0.6034(2) 0.9835(4) 1 0.0522(13)
C51 ? ? 0.2492(8) 0.5939(4) 0.8940(6) 1 0.088(2)
H51A ? ? 0.1615 0.5977 0.9212 1 0.132
H51B ? ? 0.2520 0.5585 0.8659 1 0.132
H51C ? ? 0.2446 0.6195 0.8371 1 0.132
C52 ? ? 0.3701(9) 0.6565(3) 1.0361(6) 1 0.078(2)
H52A ? ? 0.2811 0.6556 1.0624 1 0.117
H52B ? ? 0.3606 0.6846 0.9835 1 0.117
H52C ? ? 0.4572 0.6630 1.0956 1 0.117
C53 ? ? 0.4013(9) 0.5624(3) 1.0689(6) 1 0.078(2)
H53A ? ? 0.3172 0.5654 1.1002 1 0.116
H53B ? ? 0.4939 0.5677 1.1243 1 0.116
H53C ? ? 0.4016 0.5276 1.0376 1 0.116
C60 ? ? 0.7207(7) 0.62840(19) 1.0189(5) 1 0.0507(14)
C61 ? ? 0.7131(9) 0.6868(3) 1.0279(8) 1 0.106(3)
H61A ? ? 0.8038 0.6996 1.0780 1 0.160
H61B ? ? 0.6271 0.6963 1.0537 1 0.160
H61C ? ? 0.7033 0.7027 0.9580 1 0.160
C62 ? ? 0.7567(9) 0.6035(3) 1.1279(5) 1 0.082(2)
H62A ? ? 0.8430 0.6209 1.1745 1 0.124
H62B ? ? 0.7788 0.5663 1.1219 1 0.124
H62C ? ? 0.6716 0.6070 1.1580 1 0.124
C63 ? ? 0.8555(8) 0.6154(4) 0.9710(6) 1 0.088(2)
H63A ? ? 0.9461 0.6311 1.0158 1 0.132
H63B ? ? 0.8359 0.6296 0.8989 1 0.132
H63C ? ? 0.8679 0.5774 0.9688 1 0.132
