|?|Schäfer, Bernhard; Görls, Helmar; Presselt, Martin; Schmitt, Michael; Popp, Jürgen; Henry, William; Vos, Johannes G.; Rau, Sven|Derivatives of dipyrido[3,2-a:2',3'-c]phenazine and its ruthenium complexes, influence of arylic substitution on photophysical properties.|Dalton transactions (Cambridge, England : 2003)|2006 (18) 2225 2231
C42 H26 N4 * C7 H7
11.3762(6) 12.7563(7) 13.6865(5) 97.221(3) 102.933(3) 110.078(2)
P-1
N1 1 ? 0.1669(3) 0.4157(3) 0.1611(2) 1 0.0665(9)
N2 1 ? 0.4160(3) 0.5700(3) 0.1993(2) 1 0.0625(8)
N3 1 ? 0.3159(2) 0.2182(2) 0.40831(18) 1 0.0445(6)
N4 1 ? 0.5705(2) 0.3903(2) 0.46051(18) 1 0.0439(6)
C1 1 ? 0.2631(3) 0.4036(3) 0.2321(2) 1 0.0527(8)
C2 1 ? 0.0471(5) 0.3376(4) 0.1407(3) 1 0.0792(12)
H2A 1 ? -0.0205 0.3459 0.0912 1 0.095
C3 1 ? 0.0132(4) 0.2441(4) 0.1867(3) 1 0.0764(12)
H3A 1 ? -0.0743 0.1900 0.1683 1 0.092
C4 1 ? 0.1100(4) 0.2329(3) 0.2591(3) 1 0.0634(10)
H4A 1 ? 0.0904 0.1707 0.2925 1 0.076
C5 1 ? 0.2376(3) 0.3132(3) 0.2837(2) 1 0.0503(8)
C6 1 ? 0.3435(3) 0.3057(3) 0.3623(2) 1 0.0433(7)
C7 1 ? 0.4719(3) 0.3915(3) 0.3882(2) 1 0.0427(7)
C8 1 ? 0.4969(3) 0.4842(3) 0.3324(2) 1 0.0467(7)
C9 1 ? 0.6212(4) 0.5687(3) 0.3552(3) 1 0.0567(8)
H9A 1 ? 0.6911 0.5685 0.4081 1 0.068
C10 1 ? 0.6412(4) 0.6527(3) 0.2998(3) 1 0.0663(10)
H10A 1 ? 0.7246 0.7124 0.3139 1 0.080
C11 1 ? 0.5348(4) 0.6474(4) 0.2219(3) 1 0.0687(11)
H11A 1 ? 0.5497 0.7043 0.1824 1 0.082
C12 1 ? 0.3959(4) 0.4885(3) 0.2551(2) 1 0.0517(8)
C13 1 ? 0.4163(3) 0.2159(3) 0.4821(2) 1 0.0419(7)
C14 1 ? 0.5428(3) 0.3022(2) 0.5096(2) 1 0.0402(6)
C15 1 ? 0.6437(3) 0.2949(2) 0.5870(2) 1 0.0420(7)
H15A 1 ? 0.7295 0.3518 0.6041 1 0.050
C16 1 ? 0.6198(3) 0.2069(2) 0.6381(2) 1 0.0414(7)
C17 1 ? 0.4898(3) 0.1214(2) 0.6129(2) 1 0.0413(7)
C18 1 ? 0.3924(3) 0.1261(3) 0.5361(2) 1 0.0433(7)
H18A 1 ? 0.3072 0.0683 0.5186 1 0.052
C19 1 ? 0.4540(3) 0.0305(2) 0.6716(2) 1 0.0419(7)
C20 1 ? 0.4863(3) 0.0578(3) 0.7783(2) 1 0.0482(7)
H20A 1 ? 0.5354 0.1350 0.8143 1 0.058
C21 1 ? 0.4480(3) -0.0256(3) 0.8325(2) 1 0.0482(8)
H21A 1 ? 0.4703 -0.0045 0.9053 1 0.058
C22 1 ? 0.3771(3) -0.1405(2) 0.7830(2) 1 0.0400(6)
C23 1 ? 0.3450(3) -0.1675(3) 0.6758(2) 1 0.0449(7)
H23A 1 ? 0.2969 -0.2448 0.6396 1 0.054
C24 1 ? 0.3825(3) -0.0832(3) 0.6218(2) 1 0.0448(7)
H24A 1 ? 0.3586 -0.1036 0.5489 1 0.054
C25 1 ? 0.3420(3) -0.2293(3) 0.8429(2) 1 0.0432(7)
C26 1 ? 0.3167(3) -0.2052(3) 0.9365(2) 1 0.0529(8)
H26A 1 ? 0.3179 -0.1316 0.9608 1 0.063
C27 1 ? 0.2898(3) -0.2873(4) 0.9946(2) 1 0.0656(11)
H27A 1 ? 0.2726 -0.2693 1.0580 1 0.079
C28 1 ? 0.2878(4) -0.3940(4) 0.9616(3) 1 0.0711(11)
H28A 1 ? 0.2709 -0.4496 1.0023 1 0.085
C29 1 ? 0.3105(4) -0.4191(3) 0.8696(3) 1 0.0731(11)
H29A 1 ? 0.3081 -0.4932 0.8457 1 0.088
C30 1 ? 0.3371(4) -0.3382(3) 0.8104(3) 1 0.0599(9)
H30A 1 ? 0.3522 -0.3579 0.7463 1 0.072
C31 1 ? 0.7339(3) 0.1993(3) 0.7115(2) 1 0.0421(7)
C32 1 ? 0.8302(3) 0.2966(3) 0.7806(2) 1 0.0456(7)
H32A 1 ? 0.8190 0.3673 0.7855 1 0.055
C33 1 ? 0.9420(3) 0.2917(3) 0.8421(2) 1 0.0486(7)
H33A 1 ? 1.0066 0.3594 0.8880 1 0.058
C34 1 ? 0.9614(3) 0.1888(3) 0.8379(2) 1 0.0502(8)
C35 1 ? 0.8623(3) 0.0911(3) 0.7701(3) 1 0.0519(8)
H35A 1 ? 0.8720 0.0198 0.7660 1 0.062
C36 1 ? 0.7512(3) 0.0964(3) 0.7091(2) 1 0.0488(7)
H36A 1 ? 0.6852 0.0284 0.6646 1 0.059
C37 1 ? 1.0838(3) 0.1838(3) 0.9010(3) 1 0.0595(9)
C38 1 ? 1.1985(4) 0.2774(4) 0.9372(3) 1 0.0750(11)
H38A 1 ? 1.2008 0.3483 0.9211 1 0.090
C39 1 ? 1.3116(4) 0.2723(5) 0.9966(4) 1 0.0946(16)
H39A 1 ? 1.3898 0.3391 1.0199 1 0.114
C40 1 ? 1.3117(5) 0.1746(5) 1.0215(5) 1 0.1082(19)
H40A 1 ? 1.3903 0.1712 1.0602 1 0.130
C41 1 ? 1.1989(6) 0.0798(5) 0.9911(5) 1 0.130(3)
H41A 1 ? 1.1984 0.0108 1.0108 1 0.156
C42 1 ? 1.0840(5) 0.0830(4) 0.9314(4) 1 0.1046(18)
H42A 1 ? 1.0055 0.0166 0.9113 1 0.126
C1TA 1 ? 0.0551(8) -0.0847(7) 0.5211(7) 1 0.151(3)
C2TA 1 ? 0.0679(7) 0.0134(6) 0.5980(5) 1 0.122(2)
C3TA 1 ? 0.0148(8) 0.0921(7) 0.5745(6) 1 0.137(2)
C4TA 1 ? 0.1411(10) 0.0205(8) 0.6888(7) 0.50 0.086(3)
C1T 1 ? -0.0109(11) 0.5399(10) 0.4586(8) 0.50 0.094(3)
C2T 1 ? 0.0119(6) 0.4398(6) 0.4321(5) 1 0.1160(19)
C3T 1 ? 0.0302(14) 0.3793(12) 0.4928(11) 0.50 0.124(4)
C4T 1 ? 0.0264(8) 0.3942(7) 0.6031(6) 1 0.149(3)
C5T 1 ? 0.0094(12) 0.5005(11) 0.6299(9) 0.50 0.108(3)
