Ferrobustamite ||Yamanaka T; Sadanaga R; Takeuchi Y|Structural variation in the ferrobustamite solid solution Wo82Fs18 Note: the sample is from the Ofuku mine, Yamaguchi Prefecture, Japan|American Mineralogist|1977 62 1216 1224
(Ca.822 Fe.178) Si O3
7.862 7.253 13.967 89.44 95.28 103.29
A-1
Ca1 ? ? 0.20060 0.41750 0.37750 0.97200 0.00528
Fe1 ? ? 0.20060 0.41750 0.37750 0.02800 0.00528
Ca2 ? ? 0.19880 0.93290 0.37570 0.98300 0.00679
Fe2 ? ? 0.19880 0.93290 0.37570 0.01700 0.00679
Ca3 ? ? 0.50000 0.25000 0.25000 0.03500 0.00640
Fe3 ? ? 0.50000 0.25000 0.25000 0.96500 0.00640
Ca4 ? ? 0.50000 0.75000 0.25000 0.98600 0.00679
Fe4 ? ? 0.50000 0.75000 0.25000 0.01400 0.00679
Si1 ? ? 0.18880 0.39600 0.63650 1.00000 0.00450
Si2 ? ? 0.19250 0.95700 0.63150 1.00000 0.00799
Si3 ? ? 0.39710 0.72630 0.52310 1.00000 0.00442
O1 ? ? 0.42920 0.23460 0.40260 1.00000 0.00917
O2 ? ? 0.40080 0.72370 0.40850 1.00000 0.00733
O3 ? ? 0.31770 0.48080 0.73150 1.00000 0.00870
O4 ? ? 0.31030 0.92800 0.72920 1.00000 0.01140
O5 ? ? 0.01500 0.62130 0.35560 1.00000 0.01102
O6 ? ? 0.01290 0.13390 0.37380 1.00000 0.01321
O7 ? ? 0.26370 0.51830 0.54340 1.00000 0.00978
O8 ? ? 0.27870 0.88380 0.54000 1.00000 0.01042
O9 ? ? 0.22380 0.18600 0.61880 1.00000 0.01402
