Ferrierite-Na ||Gramlich-Meier R; Gramlich V; Meier W M|The crystal structure of the monoclinic variety of ferrierite Locality: Altoona, Washinton, USA|American Mineralogist|1985 70 619 623
(Na1.5 K.5) Mg.25 (Si15.498 Al2.502) O42.5 H26
18.886 14.182 7.470 90 90.0 90
P121/n1
NaI ? ? 0.49900 0.27310 -0.01200 0.75000 ?
KI ? ? 0.49900 0.27310 -0.01200 0.25000 ?
MgIII ? ? 0.50000 0.50000 0.00000 0.25000 ?
Si11 ? ? 0.15480 0.00580 0.00040 0.86100 ?
Al11 ? ? 0.15480 0.00580 0.00040 0.13900 ?
Si21 ? ? 0.08200 0.20550 0.00260 0.86100 ?
Al21 ? ? 0.08200 0.20550 0.00260 0.13900 ?
Si22 ? ? 0.41430 0.30560 0.50540 0.86100 ?
Al22 ? ? 0.41430 0.30560 0.50540 0.13900 ?
Si31 ? ? 0.27380 0.00580 0.29350 0.86100 ?
Al31 ? ? 0.27380 0.00580 0.29350 0.13900 ?
Si32 ? ? 0.27470 0.00570 0.70890 0.86100 ?
Al32 ? ? 0.27470 0.00570 0.70890 0.13900 ?
Si41 ? ? 0.32450 0.20830 0.21500 0.86100 ?
Al41 ? ? 0.32450 0.20830 0.21500 0.13900 ?
Si42 ? ? 0.17560 0.30310 0.29830 0.86100 ?
Al42 ? ? 0.17560 0.30310 0.29830 0.13900 ?
Si43 ? ? 0.31760 0.21240 0.79960 0.86100 ?
Al43 ? ? 0.31760 0.21240 0.79960 0.13900 ?
Si44 ? ? 0.16780 0.30580 0.71190 0.86100 ?
Al44 ? ? 0.16780 0.30580 0.71190 0.13900 ?
O11 ? ? -0.00170 0.20880 0.03400 1.00000 ?
O21 ? ? 0.25180 0.00500 0.50100 1.00000 ?
O31 ? ? 0.10690 0.09750 -0.01500 1.00000 ?
O32 ? ? 0.39930 0.41580 0.48700 1.00000 ?
O41 ? ? 0.20290 0.00800 0.18100 1.00000 ?
O42 ? ? 0.20410 -0.00200 -0.17600 1.00000 ?
O51 ? ? 0.25060 0.25500 0.27900 1.00000 ?
O52 ? ? 0.23960 0.25400 -0.23600 1.00000 ?
O61 ? ? 0.34030 0.23060 0.00900 1.00000 ?
O62 ? ? 0.14820 0.28990 0.50400 1.00000 ?
O71 ? ? 0.11750 0.25350 0.17600 1.00000 ?
O72 ? ? 0.38980 0.25200 0.32600 1.00000 ?
O73 ? ? 0.37740 0.26340 -0.31800 1.00000 ?
O74 ? ? 0.10230 0.26190 -0.17700 1.00000 ?
O81 ? ? 0.32370 0.09690 0.24500 1.00000 ?
O82 ? ? 0.17900 0.41320 0.24800 1.00000 ?
O83 ? ? 0.31830 0.09970 -0.23800 1.00000 ?
O84 ? ? 0.17070 0.41610 -0.24500 1.00000 ?
WatII ? ? 0.40200 0.44100 0.00200 0.50000 ?
WatII* ? ? 0.09600 0.07100 0.50500 0.50000 ?
WatIV ? ? 0.00000 -0.00700 -0.26700 0.50000 ?
WatV ? ? 0.48700 0.11300 0.04000 0.50000 ?
WatVI ? ? 0.45100 0.04900 -0.03100 0.50000 ?
WatVII ? ? 0.49000 0.07200 -0.22000 0.25000 ?
WatVIII ? ? 0.50000 0.04800 0.25000 0.25000 ?
WatIX ? ? 0.50000 0.05300 0.40000 0.25000 ?
