|Tetrabarium heptafluoropentaoxodimolybdate tris(hydrogendifluoride) hydrate|Fourquet, J L; Duroy, H; Crosnier-Lopez, M P|Synthesis and crystal structure of Ba4 Mo2 O5 F7 (H F2)3.H2 O|Zeitschrift fuer Anorganische und Allgemeine Chemie|1997 623 439 443
H5 Ba4 F13 Mo2 O6
16.49699(100) 8.6939(5) 11.5174(6) 90 90 90
Pnnm
Ba1 4 g 0.3125(1) 0.0145(1) 0. 1. ?
Ba2 8 h 0.1106(1) 0.2545(1) 0.1799(1) 1. ?
Ba3 4 g 0.3090(1) 0.4878(1) 0. 1. ?
Mo1 8 h 0.3416(1) 0.2532(1) 0.3399(1) 1. ?
O1 4 g 0.0654(4) 0.7527(7) 0.5 1. ?
O2 8 h 0.3289(3) 0.4514(4) 0.3479(4) 1. ?
O3 8 h 0.4416(3) 0.2339(5) 0.3047(5) 1. ?
O4 4 g 0.3434(4) 0.2131(8) 0.5 1. ?
F1 4 g 0.2932(3) 0.7473(56) 0.5 1. ?
F2 8 h 0.3047(3) 0.2485(4) 0.1765(3) 1. ?
F3 8 h 0.2105(2) 0.2513(3) 0.3699(3) 1. ?
F4 8 h 0.1895(2) 0.5282(4) 0.1743(4) 1. ?
F5 8 h 0.0605(2) 0.0624(5) 0.3575(4) 1. ?
F6 8 h 0.0601(2) 0.4355(5) 0.3622(4) 1. ?
F7 4 g 0.0447(4) 0.0978(7) 0. 1. ?
F8 4 g 0.4457(4) 0.9210(7) 0.5 1. ?
H8 4 g -1. -1. -1. 5. ?
