|||||
Cu3 Fe4 O24 P6
7.9296(1) 9.3275(2) 6.2555(1) 107.160(1) 101.011(1) 105.830(1)
P-1
M1 2 ? 0.4480(4) 0.1169(4) 0.3864(6) 1.0 0.00050660591821169
M2 2 ? -0.1967(3) 0.2743(3) 0.2672(4) 1.0 0.014691571628139
M3 2 ? -0.2799(4) -0.4747(4) 0.0472(5) 1.0 0.00354624142748183
M4 1 ? 0.0 0.0 0.0 0.9376 0.0278633255016429
P1 2 ? -0.4007(7) -0.1666(6) 0.0983(9) 1.0 0.0126651479552922
P2 2 ? 0.2309(6) 0.3706(5) 0.4022(9) 1.0 0.00126651479552922
P3 2 ? 0.1466(7) -0.2356(6) 0.2302(8) 1.0 0.0126651479552922
O1 2 ? 0.032(1) 0.245(1) 0.288(1) 1.0 0.00633257397764612
O2 2 ? -0.462(1) -0.083(1) 0.311(2) 1.0 0.00633257397764612
O3 2 ? 0.276(1) 0.464(1) 0.248(2) 1.0 0.00633257397764612
O4 2 ? 0.359(1) 0.278(1) 0.439(1) 1.0 0.00633257397764612
O5 2 ? 0.271(1) -0.223(1) 0.465(2) 1.0 0.00633257397764612
O6 2 ? -0.453(1) -0.347(1) 0.068(1) 1.0 0.00633257397764612
O7 2 ? -0.188(1) -0.077(1) 0.133(1) 1.0 0.00633257397764612
O8 2 ? -0.475(1) 0.164(1) 0.122(2) 1.0 0.00633257397764612
O9 2 ? -0.201(1) 0.332(1) -0.013(2) 1.0 0.00633257397764612
O10 2 ? -0.248(1) -0.496(1) 0.360(2) 1.0 0.00633257397764612
O11 2 ? 0.203(1) -0.053(1) 0.233(1) 1.0 0.00633257397764612
O12 2 ? -0.055(1) -0.302(1) 0.206(2) 1.0 0.00633257397764612
