||Phan Thanh, S.; Marrot, J.; Renaudin, J.; Maisonneuve, V.|[H~3~N(CH~2~)~5~NH~3~].AlP~2~O~8~H, a one-dimensional aluminophosphate|Acta Crystallographica, Section C|2000 56(9) 1073 1074
C5 H17 Al N2 O8 P2
7.8783(2) 10.46890(10) 16.0680(4) 90.00 95.1470(10) 90.00
P121/n1
P1 ? ? .55909(13) .78402(9) .02396(7) 1 .0280(3)
P2 ? ? .09646(13) 1.05563(11) .13485(6) 1 .0290(3)
Al1 ? ? .24723(13) .95928(11) -.02995(7) 1 .0246(4)
O1 ? ? .1684(4) .9724(3) .0667(2) 1 .0379(7)
O2 ? ? .6564(4) .7078(3) -.0386(2) 1 .0373(7)
H2 ? ? .7123 .7571 -.0649 1 .056
O3 ? ? .0882(4) .9116(3) -.1048(2) 1 .0381(7)
O4 ? ? .1982(4) 1.1793(3) .1459(2) 1 .0467(9)
O5 ? ? .4005(4) .8408(3) -.0252(2) 1 .0435(8)
O6 ? ? .5116(4) .6993(3) .0927(2) 1 .0466(8)
O7 ? ? .1067(5) .9814(4) .2149(2) 1 .0521(9)
O8 ? ? .6701(4) .8956(3) .0585(2) 1 .0398(8)
N1 ? ? .5653(6) .4525(4) .1464(2) 1 .0438(10)
H1A ? ? .4934 .4053 .1133 1 .066
H1B ? ? .5704 .5309 .1254 1 .066
H1C ? ? .5288 .4565 .1972 1 .066
C1 ? ? .7372(9) .3936(7) .1518(5) 1 .077(2)
H1D ? ? .7840 .4038 .0984 1 .092
H1E ? ? .7258 .3028 .1618 1 .092
C2 ? ? .8618(10) .4488(8) .2194(5) 1 .088(2)
H2A ? ? .8225 .4271 .2732 1 .105
H2B ? ? .9709 .4071 .2162 1 .105
C3 ? ? .8903(13) .5913(9) .2175(5) 1 .110(3)
H3A ? ? .7912 .6290 .2395 1 .132
H3B ? ? .9855 .6077 .2587 1 .132
C4 ? ? .9232(15) .6711(14) .1428(8) 1 .153(5)
H4A ? ? .8502 .6411 .0950 1 .184
H4B ? ? .8917 .7587 .1534 1 .184
C5 ? ? 1.1025(11) .6688(10) .1213(5) 1 .099(3)
H5A ? ? 1.1363 .5802 .1162 1 .118
H5B ? ? 1.1062 .7081 .0669 1 .118
N2 ? ? 1.2290(5) .7318(4) .1793(3) 1 .0439(9)
H2C ? ? 1.3301 .7296 .1586 1 .066
H2D ? ? 1.2357 .6916 .2283 1 .066
H2E ? ? 1.1984 .8127 .1863 1 .066
