|Rubidium tecto-molybdophosphate hydrate *|Leclaire, A; Borel, M M; Grandin, A; Raveau, B|The mixed valent molybdenum monophosphate RbMo~2~P~2~O~10~.(1-x)H~2~O: an intersecting tunnel structure isotypic with leucophosphite|Journal of Solid State Chemistry|1994 108 177 183
H1.8 Mo2 O10.9 P2 Rb
9.789(1) 9.752(1) 12.347(1) 90 128.81(1) 90
P121/c1
Mo1 4 e 0.24602(9) 0.1966(1) 0.16663(8) 1. ?
Mo2 4 e -0.01442(9) 0.0319(1) 0.39763(7) 1. ?
P1 4 e 0.1526(3) 0.3084(3) 0.3593(2) 1. ?
P2 4 e 0.6313(3) 0.0142(3) 0.3403(2) 1. ?
Rb1 4 e 0.6475(2) 0.3215(2) 0.1264(1) 0.85 ?
Rb2 4 e 0.662(2) 0.182(2) 0.038(1) 0.1 ?
Rb3 2 b 0.5 0. 0. 0.1 ?
O1 4 e 0.114(1) 0.066(1) 0.1273(8) 1. ?
O2 4 e 0.2818(8) 0.2524(9) 0.3394(7) 1. ?
O3 4 e 0.2639(8) 0.1608(9) 0.0150(7) 1. ?
O4 4 e 0.0647(8) 0.3501(8) 0.0589(6) 1. ?
O5 4 e 0.4759(9) 0.0986(9) 0.3000(7) 1. ?
O6 4 e 0.4251(8) 0.3709(9) 0.2165(7) 1. ?
O7 4 e 0.0063(8) 0.2066(9) 0.3144(7) 1. ?
O8 4 e -0.0693(8) -0.0610(9) 0.2254(7) 1. ?
O9 4 e 0.2391(8) -0.0087(8) 0.4971(6) 1. ?
O10 4 e -0.2676(8) 0.0822(9) 0.2943(6) 1. ?
O11 4 e 0.753(1) 0.338(1) 0.488(1) 0.9 ?
H1 4 e . . . 1 ?
H2 4 e . . . 0.8 ?
