|Sodium phosphate tungstate (1.7/4/14)|Lamire, M; Labbe, P; Goreaud, M; Raveau, B|Na(x) P4 W14 O50: The sodium m=7 member of the monophosphate tungsten bronze series A(x)(P O2)4 (W O3)2m|Journal of Solid State Chemistry|1987 66 64 72
Na1.7 O50 P4 W14
6.575(2) 5.304(1) 27.07599(300) 89.62(1) 96.17(1) 90.26(1)
A-1
W1 2 a 0. 0. 0. 1. ?
W2 4 i 0.69794(5) 0.49951(5) 0.054470(9) 1. ?
W3 4 i 0.39771(4) 0.99115(5) 0.111450(9) 1. ?
W4 4 i 0.08628(4) 0.49454(4) 0.167630(8) 1. ?
P1 4 i 0.2046(2) 0.5227(3) 0.29191(6) 1. ?
O1 4 i 0.192(1) -0.006(1) 0.0597(2) 1. ?
O2 2 e 0.5 0.5 0. 1. ?
O3 4 i 0.8225(8) 0.7865(9) 0.0327(2) 1. ?
O4 4 i 0.8654(7) 0.2810(8) 0.0237(2) 1. ?
O5 4 i 0.5209(7) 0.7085(8) 0.0927(2) 1. ?
O6 4 i 0.5639(8) 0.2117(9) 0.0834(2) 1. ?
O7 4 i 0.901(1) 0.495(1) 0.1139(2) 1. ?
O8 4 i 0.2204(8) 0.7774(8) 0.1523(2) 1. ?
O9 4 i 0.2654(8) 0.2775(9) 0.1459(2) 1. ?
O10 4 i 0.585(1) .000(1) 0.1779(3) 1. ?
O11 4 i 0.2500(9) 0.490(1) 0.2380(2) 1. ?
O12 4 i 0.1208(9) 0.792(1) 0.2965(2) 1. ?
O13 4 i 0.055(1) 0.316(2) 0.3042(3) 1. ?
Na1 4 i 0.330(3) 0.012(3) 0.2368(6) 0.425 ?
