Tungsten sulfide cluster with tri-n-|octakis(mu!3$-sulfido)-hexakis(tri-n-butylphosphine) -hexa-tungsten|Jin, Song.; Zhou, Ran.; Scheuer, Ellen. M.; Adamchuk, Jennifer.; Rayburn, Lori. L.; DiSalvo, Francis. J.||Inorganic Chemistry|2001 40 2666 2674
C72 H162 P6 S8 W6
24.6648(12) 19.8619(9) 20.1365(10) 90.00 103.3240(10) 90.00
C2/c
W1 1 ? 0.221998(5) 0.661077(5) 0.487536(5) 1 0.01761(3)
W2 1 ? 0.318507(5) 0.720290(5) 0.483260(5) 1 0.01700(3)
W3 1 ? 0.277213(5) 0.732942(5) 0.594292(5) 1 0.01748(3)
S1 1 ? 0.31176(3) 0.62583(3) 0.55952(4) 1 0.02175(14)
S2 1 ? 0.26217(3) 0.65700(3) 0.38643(4) 1 0.02124(14)
S3 1 ? 0.13662(3) 0.71088(4) 0.41763(4) 1 0.02330(14)
S4 1 ? 0.18644(3) 0.68070(4) 0.59069(4) 1 0.02235(14)
P1 1 ? 0.18736(4) 0.54149(4) 0.47100(4) 1 0.02516(16)
P2 1 ? 0.41114(3) 0.68164(4) 0.46487(4) 1 0.02415(15)
P3 1 ? 0.31241(4) 0.70392(5) 0.71849(4) 1 0.03089(19)
C101 1 ? 0.1333(4) 0.5201(4) 0.5175(5) 0.533(8) 0.0234(16)
H10A 1 ? 0.1237 0.4719 0.5093 0.533(8) 0.028
H10B 1 ? 0.1495 0.5255 0.5669 0.533(8) 0.028
C102 1 ? 0.0800(3) 0.5605(3) 0.4994(4) 0.533(8) 0.0297(15)
H10C 1 ? 0.0610 0.5508 0.4514 0.533(8) 0.036
H10Z 1 ? 0.0895 0.6090 0.5026 0.533(8) 0.036
C103 1 ? 0.0396(3) 0.5458(4) 0.5453(4) 0.533(8) 0.046(2)
H10D 1 ? 0.0044 0.5707 0.5277 0.533(8) 0.056
H10E 1 ? 0.0308 0.4971 0.5433 0.533(8) 0.056
C104 1 ? 0.0624(4) 0.5650(6) 0.6156(6) 0.533(8) 0.061(3)
H10F 1 ? 0.0352 0.5551 0.6429 0.533(8) 0.091
H10G 1 ? 0.0708 0.6133 0.6179 0.533(8) 0.091
H10H 1 ? 0.0967 0.5395 0.6336 0.533(8) 0.091
C11' 1 ? 0.1512(5) 0.5088(7) 0.5335(7) 0.467(8) 0.038(3)
H11H 1 ? 0.1430 0.4605 0.5240 0.467(8) 0.046
H11I 1 ? 0.1763 0.5122 0.5795 0.467(8) 0.046
C12' 1 ? 0.0974(5) 0.5450(5) 0.5340(6) 0.467(8) 0.050(3)
H12A 1 ? 0.0694 0.5362 0.4910 0.467(8) 0.060
H12Z 1 ? 0.1039 0.5942 0.5384 0.467(8) 0.060
C13' 1 ? 0.0750(5) 0.5158(5) 0.6005(5) 0.467(8) 0.090(5)
H13A 1 ? 0.0616 0.4689 0.5925 0.467(8) 0.03(2)
H13B 1 ? 0.1051 0.5172 0.6426 0.467(8) 0.25(11)
C14' 1 ? 0.0282(5) 0.5624(5) 0.6060(5) 0.467(8) 0.082(5)
H14A 1 ? 0.0124 0.5484 0.6443 0.467(8) 0.099
H14B 1 ? -0.0008 0.5607 0.5636 0.467(8) 0.099
H14C 1 ? 0.0425 0.6085 0.6137 0.467(8) 0.099
C105 1 ? 0.15063(15) 0.51964(15) 0.38377(17) 1 0.0318(7)
H10I 1 ? 0.1173 0.5488 0.3710 1 0.038
H10Y 1 ? 0.1752 0.5310 0.3529 1 0.038
C106 1 ? 0.13194(17) 0.44700(17) 0.37022(19) 1 0.0426(9)
H10J 1 ? 0.1652 0.4175 0.3806 1 0.051
H10K 1 ? 0.1080 0.4346 0.4016 1 0.051
C107 1 ? 0.10028(19) 0.4340(2) 0.2979(2) 1 0.0516(11)
H10L 1 ? 0.0659 0.4615 0.2883 1 0.062
H10M 1 ? 0.1233 0.4487 0.2663 1 0.062
C108 1 ? 0.0847(2) 0.3611(2) 0.2838(2) 1 0.0760(18)
H10N 1 ? 0.0642 0.3561 0.2362 1 0.114
H10O 1 ? 0.0611 0.3463 0.3141 1 0.114
H10P 1 ? 0.1185 0.3336 0.2919 1 0.114
C109 1 ? 0.24167(15) 0.47756(15) 0.49410(17) 1 0.0333(8)
H10Q 1 ? 0.2599 0.4831 0.5430 1 0.040
H10R 1 ? 0.2237 0.4327 0.4886 1 0.040
C110 1 ? 0.28632(15) 0.47870(16) 0.45350(17) 1 0.0333(8)
H11A 1 ? 0.2982 0.5258 0.4491 1 0.040
H11B 1 ? 0.2706 0.4611 0.4071 1 0.040
C111 1 ? 0.33680(18) 0.4367(2) 0.4873(2) 1 0.0528(11)
H11C 1 ? 0.3520 0.4539 0.5340 1 0.063
H11D 1 ? 0.3248 0.3896 0.4912 1 0.063
C112 1 ? 0.38193(18) 0.4376(2) 0.4487(3) 1 0.0576(12)
H11E 1 ? 0.4133 0.4099 0.4728 1 0.086
H11F 1 ? 0.3946 0.4839 0.4454 1 0.086
H11G 1 ? 0.3675 0.4194 0.4028 1 0.086
C201 1 ? 0.4087(5) 0.6477(5) 0.3791(6) 0.734(12) 0.0270(17)
H20A 1 ? 0.4459 0.6295 0.3784 0.734(12) 0.032
H20B 1 ? 0.3820 0.6096 0.3707 0.734(12) 0.032
C202 1 ? 0.3920(3) 0.6979(3) 0.3214(3) 0.734(12) 0.0305(12)
H20C 1 ? 0.3598 0.7242 0.3289 0.734(12) 0.037
H20D 1 ? 0.4232 0.7297 0.3235 0.734(12) 0.037
C203 1 ? 0.3766(3) 0.6683(3) 0.2508(3) 0.734(12) 0.0493(19)
H20E 1 ? 0.3465 0.6349 0.2490 0.734(12) 0.059
H20F 1 ? 0.3617 0.7046 0.2179 0.734(12) 0.059
C204 1 ? 0.4236(6) 0.6351(7) 0.2287(5) 0.734(12) 0.174(8)
H20G 1 ? 0.4104 0.6172 0.1825 0.734(12) 0.261
H20H 1 ? 0.4380 0.5981 0.2601 0.734(12) 0.261
H20I 1 ? 0.4532 0.6680 0.2292 0.734(12) 0.261
C21' 1 ? 0.4144(14) 0.6309(13) 0.3902(18) 0.266(12) 0.027(4)
H21F 1 ? 0.4516 0.6094 0.3977 0.266(12) 0.032
H21G 1 ? 0.3862 0.5946 0.3849 0.266(12) 0.032
C22' 1 ? 0.4042(8) 0.6725(11) 0.3247(9) 0.266(12) 0.037(4)
H22A 1 ? 0.3672 0.6942 0.3176 0.266(12) 0.044
H22B 1 ? 0.4325 0.7087 0.3303 0.266(12) 0.044
C23' 1 ? 0.4065(8) 0.6313(9) 0.2611(9) 0.266(12) 0.050(5)
H23A 1 ? 0.4412 0.6045 0.2713 0.266(12) 0.060
H23B 1 ? 0.3749 0.5992 0.2525 0.266(12) 0.060
C24' 1 ? 0.4045(10) 0.6679(14) 0.2005(10) 0.266(12) 0.083(8)
H24A 1 ? 0.4035 0.6365 0.1627 0.266(12) 0.099
H24B 1 ? 0.4376 0.6965 0.2063 0.266(12) 0.099
H24C 1 ? 0.3710 0.6962 0.1904 0.266(12) 0.099
C205 1 ? 0.44569(15) 0.61636(17) 0.52372(18) 1 0.0344(7)
H20J 1 ? 0.4201 0.5776 0.5208 1 0.041
H20K 1 ? 0.4790 0.6007 0.5085 1 0.041
C206 1 ? 0.46383(18) 0.6381(2) 0.59829(19) 1 0.0463(10)
H20L 1 ? 0.4302 0.6485 0.6153 0.52(2) 0.056
H20M 1 ? 0.4858 0.6801 0.6007 0.52(2) 0.056
H20R 1 ? 0.5004 0.6610 0.6056 0.48(2) 0.056
H20S 1 ? 0.4366 0.6709 0.6083 0.48(2) 0.056
C207 1 ? 0.4992(5) 0.5848(7) 0.6465(6) 0.52(2) 0.057(3)
H20N 1 ? 0.5321 0.5718 0.6290 0.52(2) 0.068
H20X 1 ? 0.5126 0.6040 0.6928 0.52(2) 0.068
C208 1 ? 0.4622(7) 0.5219(6) 0.6497(6) 0.52(2) 0.068(4)
H20P 1 ? 0.4834 0.4890 0.6817 0.52(2) 0.102
H20Q 1 ? 0.4510 0.5016 0.6042 0.52(2) 0.102
H20R 1 ? 0.4289 0.5355 0.6651 0.52(2) 0.102
C27' 1 ? 0.4685(12) 0.5791(9) 0.6475(7) 0.48(2) 0.090(7)
H27A 1 ? 0.4817 0.5976 0.6941 0.48(2) 0.108
H27B 1 ? 0.4302 0.5623 0.6443 0.48(2) 0.108
C28' 1 ? 0.5010(12) 0.5240(8) 0.6425(8) 0.48(2) 0.117(9)
H28A 1 ? 0.4951 0.4893 0.6747 0.48(2) 0.175
H28B 1 ? 0.5404 0.5374 0.6534 0.48(2) 0.175
H28C 1 ? 0.4909 0.5061 0.5960 0.48(2) 0.175
C209 1 ? 0.46358(13) 0.74862(16) 0.47293(18) 1 0.0300(7)
H20O 1 ? 0.4489 0.7834 0.4382 1 0.036
H20W 1 ? 0.4675 0.7699 0.5182 1 0.036
C210 1 ? 0.52155(15) 0.72880(19) 0.4654(2) 1 0.0405(8)
H20S 1 ? 0.5375 0.6958 0.5014 1 0.049
H20T 1 ? 0.5181 0.7063 0.4207 1 0.049
C211 1 ? 0.56111(17) 0.7870(2) 0.4700(2) 1 0.0517(11)
H21A 1 ? 0.5650 0.8093 0.5149 1 0.062
H21B 1 ? 0.5452 0.8203 0.4342 1 0.062
C212 1 ? 0.61794(18) 0.7662(3) 0.4618(3) 1 0.0619(13)
H21C 1 ? 0.6419 0.8060 0.4652 1 0.093
H21D 1 ? 0.6145 0.7450 0.4170 1 0.093
H21E 1 ? 0.6343 0.7341 0.4977 1 0.093
C301 1 ? 0.3311(6) 0.6203(6) 0.7393(5) 0.64(3) 0.033(2)
H30A 1 ? 0.3577 0.6049 0.7123 0.64(3) 0.040
H30B 1 ? 0.3500 0.6173 0.7883 0.64(3) 0.040
C302 1 ? 0.2795(7) 0.5741(5) 0.7247(6) 0.64(3) 0.039(3)
H30C 1 ? 0.2536 0.5894 0.7526 0.64(3) 0.047
H30D 1 ? 0.2601 0.5788 0.6761 0.64(3) 0.047
C303 1 ? 0.2925(9) 0.5014(5) 0.7395(5) 0.64(3) 0.051(4)
H30E 1 ? 0.3132 0.4967 0.7876 0.64(3) 0.062
H30F 1 ? 0.3171 0.4854 0.7102 0.64(3) 0.062
C304 1 ? 0.2418(9) 0.4574(5) 0.7277(7) 0.64(3) 0.062(4)
H30G 1 ? 0.2530 0.4105 0.7383 0.64(3) 0.093
H30H 1 ? 0.2215 0.4607 0.6799 0.64(3) 0.093
H30I 1 ? 0.2176 0.4721 0.7573 0.64(3) 0.093
C31' 1 ? 0.3148(7) 0.6045(8) 0.7326(7) 0.36(3) 0.016(2)
H31H 1 ? 0.3410 0.5852 0.7071 0.36(3) 0.019
H31Z 1 ? 0.3304 0.5955 0.7816 0.36(3) 0.019
C32' 1 ? 0.2585(8) 0.5665(9) 0.7105(9) 0.36(3) 0.026(3)
H32A 1 ? 0.2437 0.5714 0.6607 0.36(3) 0.031
H32B 1 ? 0.2311 0.5861 0.7340 0.36(3) 0.031
C33' 1 ? 0.2674(8) 0.4899(7) 0.7294(9) 0.36(3) 0.032(3)
H33A 1 ? 0.2948 0.4707 0.7057 0.36(3) 0.038
H33B 1 ? 0.2827 0.4854 0.7791 0.36(3) 0.038
C34' 1 ? 0.2131(9) 0.4505(7) 0.7093(8) 0.36(3) 0.039(4)
H34A 1 ? 0.2202 0.4030 0.7214 0.36(3) 0.058
H34B 1 ? 0.1980 0.4544 0.6600 0.36(3) 0.058
H34C 1 ? 0.1862 0.4687 0.7335 0.36(3) 0.058
C305 1 ? 0.3817(3) 0.7501(4) 0.7583(4) 0.610(10) 0.0340(18)
H30J 1 ? 0.3969 0.7315 0.8045 0.610(10) 0.041
H30K 1 ? 0.4089 0.7402 0.7303 0.610(10) 0.041
C306 1 ? 0.3768(3) 0.8273(4) 0.7643(4) 0.610(10) 0.0363(16)
H30L 1 ? 0.3510 0.8444 0.7225 0.610(10) 0.044
H30Z 1 ? 0.3602 0.8376 0.8035 0.610(10) 0.044
C307 1 ? 0.4315(3) 0.8638(4) 0.7736(4) 0.610(10) 0.058(2)
H30M 1 ? 0.4474 0.8546 0.7337 0.610(10) 0.069
H30N 1 ? 0.4246 0.9128 0.7748 0.610(10) 0.069
C308 1 ? 0.4733(4) 0.8442(6) 0.8373(5) 0.610(10) 0.092(4)
H30O 1 ? 0.5075 0.8704 0.8408 0.610(10) 0.138
H30P 1 ? 0.4818 0.7961 0.8356 0.610(10) 0.138
H30Q 1 ? 0.4579 0.8532 0.8772 0.610(10) 0.138
C35' 1 ? 0.3787(5) 0.7217(5) 0.7626(6) 0.390(10) 0.025(2)
H35A 1 ? 0.3867 0.6972 0.8066 0.390(10) 0.030
H35B 1 ? 0.4055 0.7063 0.7361 0.390(10) 0.030
C36' 1 ? 0.3862(4) 0.7979(5) 0.7763(5) 0.390(10) 0.0246(19)
H36A 1 ? 0.3767 0.8222 0.7322 0.390(10) 0.030
H36B 1 ? 0.3598 0.8127 0.8037 0.390(10) 0.030
C37' 1 ? 0.4451(4) 0.8163(5) 0.8137(6) 0.390(10) 0.046(3)
H37A 1 ? 0.4554 0.7898 0.8564 0.390(10) 0.055
H37B 1 ? 0.4712 0.8041 0.7849 0.390(10) 0.055
C38' 1 ? 0.4515(6) 0.8908(6) 0.8310(8) 0.390(10) 0.067(4)
H38A 1 ? 0.4901 0.9000 0.8552 0.390(10) 0.100
H38B 1 ? 0.4263 0.9032 0.8601 0.390(10) 0.100
H38C 1 ? 0.4424 0.9173 0.7888 0.390(10) 0.100
C309 1 ? 0.26647(14) 0.72969(16) 0.77369(15) 1 0.0286(7)
H30R 1 ? 0.2629 0.7793 0.7715 1 0.034
H30S 1 ? 0.2290 0.7106 0.7547 1 0.034
C310 1 ? 0.28445(17) 0.70919(19) 0.84890(17) 1 0.0401(9)
H31A 1 ? 0.2864 0.6595 0.8518 1 0.048
H31B 1 ? 0.3223 0.7269 0.8681 1 0.048
C311 1 ? 0.24542(17) 0.73457(19) 0.89221(18) 1 0.0403(9)
H31C 1 ? 0.2070 0.7199 0.8709 1 0.048
H31D 1 ? 0.2562 0.7135 0.9379 1 0.048
C312 1 ? 0.24594(19) 0.8098(2) 0.9005(2) 1 0.0477(10)
H31E 1 ? 0.2202 0.8227 0.9288 1 0.072
H31F 1 ? 0.2343 0.8311 0.8556 1 0.072
H31G 1 ? 0.2837 0.8247 0.9225 1 0.072
