||Jin, Song.; Zhou, Ran.; Scheuer, Ellen. M.; Adamchuk, Jennifer.; Rayburn, Lori. L.; DiSalvo, Francis. J.||Inorganic Chemistry|2001 40 2666 2674
C72 H162 P6 S8 W6
24.6648(12) 19.8619(9) 20.1365(10) 90.00 103.3240(10) 90.00
P1
P1 ? ? 0.187360 0.541490 0.471000 1 0.02516(16)
P2 ? ? 0.411140 0.681640 0.464870 1 0.02415(15)
P3 ? ? 0.312410 0.703920 0.718490 1 0.03089(19)
S1 ? ? 0.311760 0.625830 0.559520 1 0.02175(14)
S2 ? ? 0.262170 0.657000 0.386430 1 0.02124(14)
S3 ? ? 0.136620 0.710880 0.417630 1 0.02330(14)
S4 ? ? 0.186440 0.680700 0.590690 1 0.02235(14)
W1 ? ? 0.221998 0.661077 0.487536 1 0.01761(3)
W2 ? ? 0.318507 0.720290 0.483260 1 0.01700(3)
W3 ? ? 0.277213 0.732942 0.594292 1 0.01748(3)
C101 ? ? 0.133300 0.520100 0.517500 0.533(8) 0.0234(16)
C102 ? ? 0.080000 0.560500 0.499400 0.533(8) 0.0297(15)
C103 ? ? 0.039600 0.545800 0.545300 0.533(8) 0.046(2)
C104 ? ? 0.062400 0.565000 0.615600 0.533(8) 0.061(3)
C105 ? ? 0.150630 0.519640 0.383770 1 0.0318(7)
C106 ? ? 0.131940 0.447000 0.370220 1 0.0426(9)
C107 ? ? 0.100280 0.434000 0.297900 1 0.0516(11)
C108 ? ? 0.084700 0.361100 0.283800 1 0.0760(18)
C109 ? ? 0.241670 0.477560 0.494100 1 0.0333(8)
C110 ? ? 0.286320 0.478700 0.453500 1 0.0333(8)
C111 ? ? 0.336800 0.436700 0.487300 1 0.0528(11)
C112 ? ? 0.381930 0.437600 0.448700 1 0.0576(12)
C201 ? ? 0.408700 0.647700 0.379100 0.734(12) 0.0270(17)
C202 ? ? 0.392000 0.697900 0.321400 0.734(12) 0.0305(12)
C203 ? ? 0.376600 0.668300 0.250800 0.734(12) 0.0493(19)
C204 ? ? 0.423600 0.635100 0.228700 0.734(12) 0.174(8)
C205 ? ? 0.445690 0.616360 0.523720 1 0.0344(7)
C206 ? ? 0.463830 0.638100 0.598290 1 0.0463(10)
C207 ? ? 0.499200 0.584800 0.646500 0.52(2) 0.057(3)
C208 ? ? 0.462200 0.521900 0.649700 0.52(2) 0.068(4)
C209 ? ? 0.463580 0.748620 0.472930 1 0.0300(7)
C210 ? ? 0.521550 0.728800 0.465400 1 0.0405(8)
C211 ? ? 0.561110 0.787000 0.470000 1 0.0517(11)
C212 ? ? 0.617940 0.766200 0.461800 1 0.0619(13)
C301 ? ? 0.331100 0.620300 0.739300 0.64(3) 0.033(2)
C302 ? ? 0.279500 0.574100 0.724700 0.64(3) 0.039(3)
C303 ? ? 0.292500 0.501400 0.739500 0.64(3) 0.051(4)
C304 ? ? 0.241800 0.457400 0.727700 0.64(3) 0.062(4)
C305 ? ? 0.381700 0.750100 0.758300 0.610(10) 0.0340(18)
C306 ? ? 0.376800 0.827300 0.764300 0.610(10) 0.0363(16)
C307 ? ? 0.431500 0.863800 0.773600 0.610(10) 0.058(2)
C308 ? ? 0.473300 0.844200 0.837300 0.610(10) 0.092(4)
C309 ? ? 0.266470 0.729690 0.773690 1 0.0286(7)
C310 ? ? 0.284450 0.709190 0.848900 1 0.0401(9)
C311 ? ? 0.245420 0.734570 0.892210 1 0.0403(9)
C312 ? ? 0.245940 0.809800 0.900500 1 0.0477(10)
H10A ? ? 0.123700 0.471900 0.509300 0.533(8) 0.028
H10B ? ? 0.149500 0.525500 0.566900 0.533(8) 0.028
H10C ? ? 0.061000 0.550800 0.451400 0.533(8) 0.036
H10D ? ? 0.004400 0.570700 0.527700 0.533(8) 0.056
H10E ? ? 0.030800 0.497100 0.543300 0.533(8) 0.056
H10F ? ? 0.035200 0.555100 0.642900 0.533(8) 0.091
H10G ? ? 0.070800 0.613300 0.617900 0.533(8) 0.091
H10H ? ? 0.096700 0.539500 0.633600 0.533(8) 0.091
H10I ? ? 0.117300 0.548800 0.371000 1 0.038
H10J ? ? 0.165200 0.417500 0.380600 1 0.051
H10K ? ? 0.108000 0.434600 0.401600 1 0.051
H10L ? ? 0.065900 0.461500 0.288300 1 0.062
H10M ? ? 0.123300 0.448700 0.266300 1 0.062
H10N ? ? 0.064200 0.356100 0.236200 1 0.114
H10O ? ? 0.061100 0.346300 0.314100 1 0.114
H10P ? ? 0.118500 0.333600 0.291900 1 0.114
H10Q ? ? 0.259900 0.483100 0.543000 1 0.040
H10R ? ? 0.223700 0.432700 0.488600 1 0.040
H10Y ? ? 0.175200 0.531000 0.352900 1 0.038
H10Z ? ? 0.089500 0.609000 0.502600 0.533(8) 0.036
H11A ? ? 0.298200 0.525800 0.449100 1 0.040
H11B ? ? 0.270600 0.461100 0.407100 1 0.040
H11C ? ? 0.352000 0.453900 0.534000 1 0.063
H11D ? ? 0.324800 0.389600 0.491200 1 0.063
H11E ? ? 0.413300 0.409900 0.472800 1 0.086
H11F ? ? 0.394600 0.483900 0.445400 1 0.086
H11G ? ? 0.367500 0.419400 0.402800 1 0.086
H20A ? ? 0.445900 0.629500 0.378400 0.734(12) 0.032
H20B ? ? 0.382000 0.609600 0.370700 0.734(12) 0.032
H20C ? ? 0.359800 0.724200 0.328900 0.734(12) 0.037
H20D ? ? 0.423200 0.729700 0.323500 0.734(12) 0.037
H20E ? ? 0.346500 0.634900 0.249000 0.734(12) 0.059
H20F ? ? 0.361700 0.704600 0.217900 0.734(12) 0.059
H20G ? ? 0.410400 0.617200 0.182500 0.734(12) 0.261
H20H ? ? 0.438000 0.598100 0.260100 0.734(12) 0.261
H20I ? ? 0.453200 0.668000 0.229200 0.734(12) 0.261
H20J ? ? 0.420100 0.577600 0.520800 1 0.041
H20K ? ? 0.479000 0.600700 0.508500 1 0.041
H20L ? ? 0.430200 0.648500 0.615300 0.52(2) 0.056
H20M ? ? 0.485800 0.680100 0.600700 0.52(2) 0.056
H20N ? ? 0.532100 0.571800 0.629000 0.52(2) 0.068
H20O ? ? 0.448900 0.783400 0.438200 1 0.036
H20P ? ? 0.483400 0.489000 0.681700 0.52(2) 0.102
H20Q ? ? 0.451000 0.501600 0.604200 0.52(2) 0.102
H20T ? ? 0.518100 0.706300 0.420700 1 0.049
H20W ? ? 0.467500 0.769900 0.518200 1 0.036
H20X ? ? 0.512600 0.604000 0.692800 0.52(2) 0.068
H21A ? ? 0.565000 0.809300 0.514900 1 0.062
H21B ? ? 0.545200 0.820300 0.434200 1 0.062
H21C ? ? 0.641900 0.806000 0.465200 1 0.093
H21D ? ? 0.614500 0.745000 0.417000 1 0.093
H21E ? ? 0.634300 0.734100 0.497700 1 0.093
H30A ? ? 0.357700 0.604900 0.712300 0.64(3) 0.040
H30B ? ? 0.350000 0.617300 0.788300 0.64(3) 0.040
H30C ? ? 0.253600 0.589400 0.752600 0.64(3) 0.047
H30D ? ? 0.260100 0.578800 0.676100 0.64(3) 0.047
H30E ? ? 0.313200 0.496700 0.787600 0.64(3) 0.062
H30F ? ? 0.317100 0.485400 0.710200 0.64(3) 0.062
H30G ? ? 0.253000 0.410500 0.738300 0.64(3) 0.093
H30H ? ? 0.221500 0.460700 0.679900 0.64(3) 0.093
H30I ? ? 0.217600 0.472100 0.757300 0.64(3) 0.093
H30J ? ? 0.396900 0.731500 0.804500 0.610(10) 0.041
H30K ? ? 0.408900 0.740200 0.730300 0.610(10) 0.041
H30L ? ? 0.351000 0.844400 0.722500 0.610(10) 0.044
H30M ? ? 0.447400 0.854600 0.733700 0.610(10) 0.069
H30N ? ? 0.424600 0.912800 0.774800 0.610(10) 0.069
H30O ? ? 0.507500 0.870400 0.840800 0.610(10) 0.138
H30P ? ? 0.481800 0.796100 0.835600 0.610(10) 0.138
H30Q ? ? 0.457900 0.853200 0.877200 0.610(10) 0.138
H30R ? ? 0.262900 0.779300 0.771500 1 0.034
H30S ? ? 0.229000 0.710600 0.754700 1 0.034
H30Z ? ? 0.360200 0.837600 0.803500 0.610(10) 0.044
H31A ? ? 0.286400 0.659500 0.851800 1 0.048
H31B ? ? 0.322300 0.726900 0.868100 1 0.048
H31C ? ? 0.207000 0.719900 0.870900 1 0.048
H31D ? ? 0.256200 0.713500 0.937900 1 0.048
H31E ? ? 0.220200 0.822700 0.928800 1 0.072
H31F ? ? 0.234300 0.831100 0.855600 1 0.072
H31G ? ? 0.283700 0.824700 0.922500 1 0.072
H20R_1 ? ? 0.428900 0.535500 0.665100 0.52(2) 0.102
H20S_1 ? ? 0.537500 0.695800 0.501400 1 0.049
P1_7_555 ? ? 0.312640 0.958510 0.529000 1 0.02516(16)
P2_7_555 ? ? 0.088860 0.818360 0.535130 1 0.02415(15)
P3_7_555 ? ? 0.187590 0.796080 0.281510 1 0.03089(19)
S1_7_555 ? ? 0.188240 0.874170 0.440480 1 0.02175(14)
S2_7_555 ? ? 0.237830 0.843000 0.613570 1 0.02124(14)
S3_7_555 ? ? 0.363380 0.789120 0.582370 1 0.02330(14)
S4_7_555 ? ? 0.313560 0.819300 0.409310 1 0.02235(14)
W1_7_555 ? ? 0.278002 0.838923 0.512464 1 0.01761(3)
W2_7_555 ? ? 0.181493 0.779710 0.516740 1 0.01700(3)
W3_7_555 ? ? 0.222787 0.767058 0.405708 1 0.01748(3)
C101_7_555 ? ? 0.366700 0.979900 0.482500 0.533(8) 0.0234(16)
C102_7_555 ? ? 0.420000 0.939500 0.500600 0.533(8) 0.0297(15)
C103_7_555 ? ? 0.460400 0.954200 0.454700 0.533(8) 0.046(2)
C104_7_555 ? ? 0.437600 0.935000 0.384400 0.533(8) 0.061(3)
C105_7_555 ? ? 0.349370 0.980360 0.616230 1 0.0318(7)
C106_7_565 ? ? 0.368060 1.053000 0.629780 1 0.0426(9)
C107_7_565 ? ? 0.399720 1.066000 0.702100 1 0.0516(11)
C108_7_565 ? ? 0.415300 1.138900 0.716200 1 0.0760(18)
C109_7_565 ? ? 0.258330 1.022440 0.505900 1 0.0333(8)
C110_7_565 ? ? 0.213680 1.021300 0.546500 1 0.0333(8)
C111_7_565 ? ? 0.163200 1.063300 0.512700 1 0.0528(11)
C112_7_565 ? ? 0.118070 1.062400 0.551300 1 0.0576(12)
C201_7_555 ? ? 0.091300 0.852300 0.620900 0.734(12) 0.0270(17)
C202_7_555 ? ? 0.108000 0.802100 0.678600 0.734(12) 0.0305(12)
C203_7_555 ? ? 0.123400 0.831700 0.749200 0.734(12) 0.0493(19)
C204_7_555 ? ? 0.076400 0.864900 0.771300 0.734(12) 0.174(8)
C205_7_555 ? ? 0.054310 0.883640 0.476280 1 0.0344(7)
C206_7_555 ? ? 0.036170 0.861900 0.401710 1 0.0463(10)
C207_7_555 ? ? 0.000800 0.915200 0.353500 0.52(2) 0.057(3)
C208_7_555 ? ? 0.037800 0.978100 0.350300 0.52(2) 0.068(4)
C209_7_555 ? ? 0.036420 0.751380 0.527070 1 0.0300(7)
C210_7_455 ? ? -0.021550 0.771200 0.534600 1 0.0405(8)
C211_7_455 ? ? -0.061110 0.713000 0.530000 1 0.0517(11)
C212_7_455 ? ? -0.117940 0.733800 0.538200 1 0.0619(13)
C301_7_555 ? ? 0.168900 0.879700 0.260700 0.64(3) 0.033(2)
C302_7_555 ? ? 0.220500 0.925900 0.275300 0.64(3) 0.039(3)
C303_7_555 ? ? 0.207500 0.998600 0.260500 0.64(3) 0.051(4)
C304_7_565 ? ? 0.258200 1.042600 0.272300 0.64(3) 0.062(4)
C305_7_555 ? ? 0.118300 0.749900 0.241700 0.610(10) 0.0340(18)
C306_7_555 ? ? 0.123200 0.672700 0.235700 0.610(10) 0.0363(16)
C307_7_555 ? ? 0.068500 0.636200 0.226400 0.610(10) 0.058(2)
C308_7_555 ? ? 0.026700 0.655800 0.162700 0.610(10) 0.092(4)
C309_7_555 ? ? 0.233530 0.770310 0.226310 1 0.0286(7)
C310_7_555 ? ? 0.215550 0.790810 0.151100 1 0.0401(9)
C311_7_555 ? ? 0.254580 0.765430 0.107790 1 0.0403(9)
C312_7_555 ? ? 0.254060 0.690200 0.099500 1 0.0477(10)
H10A_7_565 ? ? 0.376300 1.028100 0.490700 0.533(8) 0.028
H10B_7_555 ? ? 0.350500 0.974500 0.433100 0.533(8) 0.028
H10C_7_555 ? ? 0.439000 0.949200 0.548600 0.533(8) 0.036
H10D_7_555 ? ? 0.495600 0.929300 0.472300 0.533(8) 0.056
H10E_7_565 ? ? 0.469200 1.002900 0.456700 0.533(8) 0.056
H10F_7_555 ? ? 0.464800 0.944900 0.357100 0.533(8) 0.091
H10G_7_555 ? ? 0.429200 0.886700 0.382100 0.533(8) 0.091
H10H_7_555 ? ? 0.403300 0.960500 0.366400 0.533(8) 0.091
H10I_7_555 ? ? 0.382700 0.951200 0.629000 1 0.038
H10J_7_565 ? ? 0.334800 1.082500 0.619400 1 0.051
H10K_7_565 ? ? 0.392000 1.065400 0.598400 1 0.051
H10L_7_565 ? ? 0.434100 1.038500 0.711700 1 0.062
H10M_7_565 ? ? 0.376700 1.051300 0.733700 1 0.062
H10N_7_565 ? ? 0.435800 1.143900 0.763800 1 0.114
H10O_7_565 ? ? 0.438900 1.153700 0.685900 1 0.114
H10P_7_565 ? ? 0.381500 1.166400 0.708100 1 0.114
H10Q_7_565 ? ? 0.240100 1.016900 0.457000 1 0.040
H10R_7_565 ? ? 0.276300 1.067300 0.511400 1 0.040
H10Y_7_555 ? ? 0.324800 0.969000 0.647100 1 0.038
H10Z_7_555 ? ? 0.410500 0.891000 0.497400 0.533(8) 0.036
H11A_7_555 ? ? 0.201800 0.974200 0.550900 1 0.040
H11B_7_565 ? ? 0.229400 1.038900 0.592900 1 0.040
H11C_7_565 ? ? 0.148000 1.046100 0.466000 1 0.063
H11D_7_565 ? ? 0.175200 1.110400 0.508800 1 0.063
H11E_7_565 ? ? 0.086700 1.090100 0.527200 1 0.086
H11F_7_565 ? ? 0.105400 1.016100 0.554600 1 0.086
H11G_7_565 ? ? 0.132500 1.080600 0.597200 1 0.086
H20A_7_555 ? ? 0.054100 0.870500 0.621600 0.734(12) 0.032
H20B_7_555 ? ? 0.118000 0.890400 0.629300 0.734(12) 0.032
H20C_7_555 ? ? 0.140200 0.775800 0.671100 0.734(12) 0.037
H20D_7_555 ? ? 0.076800 0.770300 0.676500 0.734(12) 0.037
H20E_7_555 ? ? 0.153500 0.865100 0.751000 0.734(12) 0.059
H20F_7_555 ? ? 0.138300 0.795400 0.782100 0.734(12) 0.059
H20G_7_555 ? ? 0.089600 0.882800 0.817500 0.734(12) 0.261
H20H_7_555 ? ? 0.062000 0.901900 0.739900 0.734(12) 0.261
H20I_7_555 ? ? 0.046800 0.832000 0.770800 0.734(12) 0.261
H20J_7_555 ? ? 0.079900 0.922400 0.479200 1 0.041
H20K_7_555 ? ? 0.021000 0.899300 0.491500 1 0.041
H20L_7_555 ? ? 0.069800 0.851500 0.384700 0.52(2) 0.056
H20M_7_555 ? ? 0.014200 0.819900 0.399300 0.52(2) 0.056
H20N_7_455 ? ? -0.032100 0.928200 0.371000 0.52(2) 0.068
H20O_7_555 ? ? 0.051100 0.716600 0.561800 1 0.036
H20P_7_565 ? ? 0.016600 1.011000 0.318300 0.52(2) 0.102
H20Q_7_555 ? ? 0.049000 0.998400 0.395800 0.52(2) 0.102
H20T_7_455 ? ? -0.018100 0.793700 0.579300 1 0.049
H20W_7_555 ? ? 0.032500 0.730100 0.481800 1 0.036
H20X_7_455 ? ? -0.012600 0.896000 0.307200 0.52(2) 0.068
H21A_7_455 ? ? -0.065000 0.690700 0.485100 1 0.062
H21B_7_455 ? ? -0.045200 0.679700 0.565800 1 0.062
H21C_7_455 ? ? -0.141900 0.694000 0.534800 1 0.093
H21D_7_455 ? ? -0.114500 0.755000 0.583000 1 0.093
H21E_7_455 ? ? -0.134300 0.765900 0.502300 1 0.093
H30A_7_555 ? ? 0.142300 0.895100 0.287700 0.64(3) 0.040
H30B_7_555 ? ? 0.150000 0.882700 0.211700 0.64(3) 0.040
H30C_7_555 ? ? 0.246400 0.910600 0.247400 0.64(3) 0.047
H30D_7_555 ? ? 0.239900 0.921200 0.323900 0.64(3) 0.047
H30E_7_565 ? ? 0.186800 1.003300 0.212400 0.64(3) 0.062
H30F_7_565 ? ? 0.182900 1.014600 0.289800 0.64(3) 0.062
H30G_7_565 ? ? 0.247000 1.089500 0.261700 0.64(3) 0.093
H30H_7_565 ? ? 0.278500 1.039300 0.320100 0.64(3) 0.093
H30I_7_565 ? ? 0.282400 1.027900 0.242700 0.64(3) 0.093
H30J_7_555 ? ? 0.103100 0.768500 0.195500 0.610(10) 0.041
H30K_7_555 ? ? 0.091100 0.759800 0.269700 0.610(10) 0.041
H30L_7_555 ? ? 0.149000 0.655600 0.277500 0.610(10) 0.044
H30M_7_555 ? ? 0.052600 0.645400 0.266300 0.610(10) 0.069
H30N_7_555 ? ? 0.075400 0.587200 0.225200 0.610(10) 0.069
H30O_7_455 ? ? -0.007500 0.629600 0.159200 0.610(10) 0.138
H30P_7_555 ? ? 0.018200 0.703900 0.164400 0.610(10) 0.138
H30Q_7_555 ? ? 0.042100 0.646800 0.122800 0.610(10) 0.138
H30R_7_555 ? ? 0.237100 0.720700 0.228500 1 0.034
H30S_7_555 ? ? 0.271000 0.789400 0.245300 1 0.034
H30Z_7_555 ? ? 0.139800 0.662400 0.196500 0.610(10) 0.044
H31A_7_555 ? ? 0.213600 0.840500 0.148200 1 0.048
H31B_7_555 ? ? 0.177700 0.773100 0.131900 1 0.048
H31C_7_555 ? ? 0.293000 0.780100 0.129100 1 0.048
H31D_7_555 ? ? 0.243800 0.786500 0.062100 1 0.048
H31E_7_555 ? ? 0.279800 0.677300 0.071200 1 0.072
H31F_7_555 ? ? 0.265700 0.668900 0.144400 1 0.072
H31G_7_555 ? ? 0.216300 0.675300 0.077500 1 0.072
H20R_1_7_555 ? ? 0.071100 0.964500 0.334900 0.52(2) 0.102
H20S_1_7_455 ? ? -0.037500 0.804200 0.498600 1 0.049

||Jin, Song.; Zhou, Ran.; Scheuer, Ellen. M.; Adamchuk, Jennifer.; Rayburn, Lori. L.; DiSalvo, Francis. J.||Inorganic Chemistry|2001 40 2666 2674
C72 H162 P6 S8 W6
24.6648(12) 19.8619(9) 20.1365(10) 90.00 103.3240(10) 90.00
P1
P1 ? ? 0.187360 0.541490 0.471000 1 0.02516(16)
P2 ? ? 0.411140 0.681640 0.464870 1 0.02415(15)
P3 ? ? 0.312410 0.703920 0.718490 1 0.03089(19)
S1 ? ? 0.311760 0.625830 0.559520 1 0.02175(14)
S2 ? ? 0.262170 0.657000 0.386430 1 0.02124(14)
S3 ? ? 0.136620 0.710880 0.417630 1 0.02330(14)
S4 ? ? 0.186440 0.680700 0.590690 1 0.02235(14)
W1 ? ? 0.221998 0.661077 0.487536 1 0.01761(3)
W2 ? ? 0.318507 0.720290 0.483260 1 0.01700(3)
W3 ? ? 0.277213 0.732942 0.594292 1 0.01748(3)
C105 ? ? 0.150630 0.519640 0.383770 1 0.0318(7)
C106 ? ? 0.131940 0.447000 0.370220 1 0.0426(9)
C107 ? ? 0.100280 0.434000 0.297900 1 0.0516(11)
C108 ? ? 0.084700 0.361100 0.283800 1 0.0760(18)
C109 ? ? 0.241670 0.477560 0.494100 1 0.0333(8)
C11' ? ? 0.151200 0.508800 0.533500 0.467(8) 0.038(3)
C110 ? ? 0.286320 0.478700 0.453500 1 0.0333(8)
C111 ? ? 0.336800 0.436700 0.487300 1 0.0528(11)
C112 ? ? 0.381930 0.437600 0.448700 1 0.0576(12)
C12' ? ? 0.097400 0.545000 0.534000 0.467(8) 0.050(3)
C13' ? ? 0.075000 0.515800 0.600500 0.467(8) 0.090(5)
C14' ? ? 0.028200 0.562400 0.606000 0.467(8) 0.082(5)
C205 ? ? 0.445690 0.616360 0.523720 1 0.0344(7)
C206 ? ? 0.463830 0.638100 0.598290 1 0.0463(10)
C209 ? ? 0.463580 0.748620 0.472930 1 0.0300(7)
C21' ? ? 0.414400 0.630900 0.390200 0.266(12) 0.027(4)
C210 ? ? 0.521550 0.728800 0.465400 1 0.0405(8)
C211 ? ? 0.561110 0.787000 0.470000 1 0.0517(11)
C212 ? ? 0.617940 0.766200 0.461800 1 0.0619(13)
C22' ? ? 0.404200 0.672500 0.324700 0.266(12) 0.037(4)
C23' ? ? 0.406500 0.631300 0.261100 0.266(12) 0.050(5)
C24' ? ? 0.404500 0.667900 0.200500 0.266(12) 0.083(8)
C27' ? ? 0.468500 0.579100 0.647500 0.48(2) 0.090(7)
C28' ? ? 0.501000 0.524000 0.642500 0.48(2) 0.117(9)
C309 ? ? 0.266470 0.729690 0.773690 1 0.0286(7)
C31' ? ? 0.314800 0.604500 0.732600 0.36(3) 0.016(2)
C310 ? ? 0.284450 0.709190 0.848900 1 0.0401(9)
C311 ? ? 0.245420 0.734570 0.892210 1 0.0403(9)
C312 ? ? 0.245940 0.809800 0.900500 1 0.0477(10)
C32' ? ? 0.258500 0.566500 0.710500 0.36(3) 0.026(3)
C33' ? ? 0.267400 0.489900 0.729400 0.36(3) 0.032(3)
C34' ? ? 0.213100 0.450500 0.709300 0.36(3) 0.039(4)
C35' ? ? 0.378700 0.721700 0.762600 0.390(10) 0.025(2)
C36' ? ? 0.386200 0.797900 0.776300 0.390(10) 0.0246(19)
C37' ? ? 0.445100 0.816300 0.813700 0.390(10) 0.046(3)
C38' ? ? 0.451500 0.890800 0.831000 0.390(10) 0.067(4)
H10I ? ? 0.117300 0.548800 0.371000 1 0.038
H10J ? ? 0.165200 0.417500 0.380600 1 0.051
H10K ? ? 0.108000 0.434600 0.401600 1 0.051
H10L ? ? 0.065900 0.461500 0.288300 1 0.062
H10M ? ? 0.123300 0.448700 0.266300 1 0.062
H10N ? ? 0.064200 0.356100 0.236200 1 0.114
H10O ? ? 0.061100 0.346300 0.314100 1 0.114
H10P ? ? 0.118500 0.333600 0.291900 1 0.114
H10Q ? ? 0.259900 0.483100 0.543000 1 0.040
H10R ? ? 0.223700 0.432700 0.488600 1 0.040
H10Y ? ? 0.175200 0.531000 0.352900 1 0.038
H11A ? ? 0.298200 0.525800 0.449100 1 0.040
H11B ? ? 0.270600 0.461100 0.407100 1 0.040
H11C ? ? 0.352000 0.453900 0.534000 1 0.063
H11D ? ? 0.324800 0.389600 0.491200 1 0.063
H11E ? ? 0.413300 0.409900 0.472800 1 0.086
H11F ? ? 0.394600 0.483900 0.445400 1 0.086
H11G ? ? 0.367500 0.419400 0.402800 1 0.086
H11H ? ? 0.143000 0.460500 0.524000 0.467(8) 0.046
H11I ? ? 0.176300 0.512200 0.579500 0.467(8) 0.046
H12A ? ? 0.069400 0.536200 0.491000 0.467(8) 0.060
H12Z ? ? 0.103900 0.594200 0.538400 0.467(8) 0.060
H13A ? ? 0.061600 0.468900 0.592500 0.467(8) 0.03(2)
H13B ? ? 0.105100 0.517200 0.642600 0.467(8) 0.25(11)
H14A ? ? 0.012400 0.548400 0.644300 0.467(8) 0.099
H14C ? ? 0.042500 0.608500 0.613700 0.467(8) 0.099
H20J ? ? 0.420100 0.577600 0.520800 1 0.041
H20K ? ? 0.479000 0.600700 0.508500 1 0.041
H20O ? ? 0.448900 0.783400 0.438200 1 0.036
H20T ? ? 0.518100 0.706300 0.420700 1 0.049
H20W ? ? 0.467500 0.769900 0.518200 1 0.036
H21A ? ? 0.565000 0.809300 0.514900 1 0.062
H21B ? ? 0.545200 0.820300 0.434200 1 0.062
H21C ? ? 0.641900 0.806000 0.465200 1 0.093
H21D ? ? 0.614500 0.745000 0.417000 1 0.093
H21E ? ? 0.634300 0.734100 0.497700 1 0.093
H21F ? ? 0.451600 0.609400 0.397700 0.266(12) 0.032
H21G ? ? 0.386200 0.594600 0.384900 0.266(12) 0.032
H22A ? ? 0.367200 0.694200 0.317600 0.266(12) 0.044
H22B ? ? 0.432500 0.708700 0.330300 0.266(12) 0.044
H23A ? ? 0.441200 0.604500 0.271300 0.266(12) 0.060
H23B ? ? 0.374900 0.599200 0.252500 0.266(12) 0.060
H24A ? ? 0.403500 0.636500 0.162700 0.266(12) 0.099
H24B ? ? 0.437600 0.696500 0.206300 0.266(12) 0.099
H24C ? ? 0.371000 0.696200 0.190400 0.266(12) 0.099
H27A ? ? 0.481700 0.597600 0.694100 0.48(2) 0.108
H27B ? ? 0.430200 0.562300 0.644300 0.48(2) 0.108
H28A ? ? 0.495100 0.489300 0.674700 0.48(2) 0.175
H28B ? ? 0.540400 0.537400 0.653400 0.48(2) 0.175
H28C ? ? 0.490900 0.506100 0.596000 0.48(2) 0.175
H30R ? ? 0.262900 0.779300 0.771500 1 0.034
H30S ? ? 0.229000 0.710600 0.754700 1 0.034
H31A ? ? 0.286400 0.659500 0.851800 1 0.048
H31B ? ? 0.322300 0.726900 0.868100 1 0.048
H31C ? ? 0.207000 0.719900 0.870900 1 0.048
H31D ? ? 0.256200 0.713500 0.937900 1 0.048
H31E ? ? 0.220200 0.822700 0.928800 1 0.072
H31F ? ? 0.234300 0.831100 0.855600 1 0.072
H31G ? ? 0.283700 0.824700 0.922500 1 0.072
H31H ? ? 0.341000 0.585200 0.707100 0.36(3) 0.019
H31Z ? ? 0.330400 0.595500 0.781600 0.36(3) 0.019
H32A ? ? 0.243700 0.571400 0.660700 0.36(3) 0.031
H32B ? ? 0.231100 0.586100 0.734000 0.36(3) 0.031
H33A ? ? 0.294800 0.470700 0.705700 0.36(3) 0.038
H33B ? ? 0.282700 0.485400 0.779100 0.36(3) 0.038
H34A ? ? 0.220200 0.403000 0.721400 0.36(3) 0.058
H34B ? ? 0.198000 0.454400 0.660000 0.36(3) 0.058
H34C ? ? 0.186200 0.468700 0.733500 0.36(3) 0.058
H35A ? ? 0.386700 0.697200 0.806600 0.390(10) 0.030
H35B ? ? 0.405500 0.706300 0.736100 0.390(10) 0.030
H36A ? ? 0.376700 0.822200 0.732200 0.390(10) 0.030
H36B ? ? 0.359800 0.812700 0.803700 0.390(10) 0.030
H37A ? ? 0.455400 0.789800 0.856400 0.390(10) 0.055
H37B ? ? 0.471200 0.804100 0.784900 0.390(10) 0.055
H38A ? ? 0.490100 0.900000 0.855200 0.390(10) 0.100
H38B ? ? 0.426300 0.903200 0.860100 0.390(10) 0.100
H38C ? ? 0.442400 0.917300 0.788800 0.390(10) 0.100
H20R_0 ? ? 0.500400 0.661000 0.605600 0.48(2) 0.056
H20S_0 ? ? 0.436600 0.670900 0.608300 0.48(2) 0.056
H20S_1 ? ? 0.537500 0.695800 0.501400 1 0.049
P1_7_555 ? ? 0.312640 0.958510 0.529000 1 0.02516(16)
P2_7_555 ? ? 0.088860 0.818360 0.535130 1 0.02415(15)
P3_7_555 ? ? 0.187590 0.796080 0.281510 1 0.03089(19)
S1_7_555 ? ? 0.188240 0.874170 0.440480 1 0.02175(14)
S2_7_555 ? ? 0.237830 0.843000 0.613570 1 0.02124(14)
S3_7_555 ? ? 0.363380 0.789120 0.582370 1 0.02330(14)
S4_7_555 ? ? 0.313560 0.819300 0.409310 1 0.02235(14)
W1_7_555 ? ? 0.278002 0.838923 0.512464 1 0.01761(3)
W2_7_555 ? ? 0.181493 0.779710 0.516740 1 0.01700(3)
W3_7_555 ? ? 0.222787 0.767058 0.405708 1 0.01748(3)
C105_7_555 ? ? 0.349370 0.980360 0.616230 1 0.0318(7)
C106_7_565 ? ? 0.368060 1.053000 0.629780 1 0.0426(9)
C107_7_565 ? ? 0.399720 1.066000 0.702100 1 0.0516(11)
C108_7_565 ? ? 0.415300 1.138900 0.716200 1 0.0760(18)
C109_7_565 ? ? 0.258330 1.022440 0.505900 1 0.0333(8)
C11'_7_555 ? ? 0.348800 0.991200 0.466500 0.467(8) 0.038(3)
C110_7_565 ? ? 0.213680 1.021300 0.546500 1 0.0333(8)
C111_7_565 ? ? 0.163200 1.063300 0.512700 1 0.0528(11)
C112_7_565 ? ? 0.118070 1.062400 0.551300 1 0.0576(12)
C12'_7_555 ? ? 0.402600 0.955000 0.466000 0.467(8) 0.050(3)
C13'_7_555 ? ? 0.425000 0.984200 0.399500 0.467(8) 0.090(5)
C14'_7_555 ? ? 0.471800 0.937600 0.394000 0.467(8) 0.082(5)
C205_7_555 ? ? 0.054310 0.883640 0.476280 1 0.0344(7)
C206_7_555 ? ? 0.036170 0.861900 0.401710 1 0.0463(10)
C209_7_555 ? ? 0.036420 0.751380 0.527070 1 0.0300(7)
C21'_7_555 ? ? 0.085600 0.869100 0.609800 0.266(12) 0.027(4)
C210_7_455 ? ? -0.021550 0.771200 0.534600 1 0.0405(8)
C211_7_455 ? ? -0.061110 0.713000 0.530000 1 0.0517(11)
C212_7_455 ? ? -0.117940 0.733800 0.538200 1 0.0619(13)
C22'_7_555 ? ? 0.095800 0.827500 0.675300 0.266(12) 0.037(4)
C23'_7_555 ? ? 0.093500 0.868700 0.738900 0.266(12) 0.050(5)
C24'_7_555 ? ? 0.095500 0.832100 0.799500 0.266(12) 0.083(8)
C27'_7_555 ? ? 0.031500 0.920900 0.352500 0.48(2) 0.090(7)
C28'_7_455 ? ? -0.001000 0.976000 0.357500 0.48(2) 0.117(9)
C309_7_555 ? ? 0.233530 0.770310 0.226310 1 0.0286(7)
C31'_7_555 ? ? 0.185200 0.895500 0.267400 0.36(3) 0.016(2)
C310_7_555 ? ? 0.215550 0.790810 0.151100 1 0.0401(9)
C311_7_555 ? ? 0.254580 0.765430 0.107790 1 0.0403(9)
C312_7_555 ? ? 0.254060 0.690200 0.099500 1 0.0477(10)
C32'_7_555 ? ? 0.241500 0.933500 0.289500 0.36(3) 0.026(3)
C33'_7_565 ? ? 0.232600 1.010100 0.270600 0.36(3) 0.032(3)
C34'_7_565 ? ? 0.286900 1.049500 0.290700 0.36(3) 0.039(4)
C35'_7_555 ? ? 0.121300 0.778300 0.237400 0.390(10) 0.025(2)
C36'_7_555 ? ? 0.113800 0.702100 0.223700 0.390(10) 0.0246(19)
C37'_7_555 ? ? 0.054900 0.683700 0.186300 0.390(10) 0.046(3)
C38'_7_555 ? ? 0.048500 0.609200 0.169000 0.390(10) 0.067(4)
H10I_7_555 ? ? 0.382700 0.951200 0.629000 1 0.038
H10J_7_565 ? ? 0.334800 1.082500 0.619400 1 0.051
H10K_7_565 ? ? 0.392000 1.065400 0.598400 1 0.051
H10L_7_565 ? ? 0.434100 1.038500 0.711700 1 0.062
H10M_7_565 ? ? 0.376700 1.051300 0.733700 1 0.062
H10N_7_565 ? ? 0.435800 1.143900 0.763800 1 0.114
H10O_7_565 ? ? 0.438900 1.153700 0.685900 1 0.114
H10P_7_565 ? ? 0.381500 1.166400 0.708100 1 0.114
H10Q_7_565 ? ? 0.240100 1.016900 0.457000 1 0.040
H10R_7_565 ? ? 0.276300 1.067300 0.511400 1 0.040
H10Y_7_555 ? ? 0.324800 0.969000 0.647100 1 0.038
H11A_7_555 ? ? 0.201800 0.974200 0.550900 1 0.040
H11B_7_565 ? ? 0.229400 1.038900 0.592900 1 0.040
H11C_7_565 ? ? 0.148000 1.046100 0.466000 1 0.063
H11D_7_565 ? ? 0.175200 1.110400 0.508800 1 0.063
H11E_7_565 ? ? 0.086700 1.090100 0.527200 1 0.086
H11F_7_565 ? ? 0.105400 1.016100 0.554600 1 0.086
H11G_7_565 ? ? 0.132500 1.080600 0.597200 1 0.086
H11H_7_565 ? ? 0.357000 1.039500 0.476000 0.467(8) 0.046
H11I_7_555 ? ? 0.323700 0.987800 0.420500 0.467(8) 0.046
H12A_7_555 ? ? 0.430600 0.963800 0.509000 0.467(8) 0.060
H12Z_7_555 ? ? 0.396100 0.905800 0.461600 0.467(8) 0.060
H13A_7_565 ? ? 0.438400 1.031100 0.407500 0.467(8) 0.03(2)
H13B_7_555 ? ? 0.394900 0.982800 0.357400 0.467(8) 0.25(11)
H14A_7_555 ? ? 0.487600 0.951600 0.355700 0.467(8) 0.099
H14B_1_455 ? ? -0.000800 0.560700 0.563600 0.467(8) 0.099
H14B_7_555 ? ? 0.500800 0.939300 0.436400 0.467(8) 0.099
H14C_7_555 ? ? 0.457500 0.891500 0.386300 0.467(8) 0.099
H20J_7_555 ? ? 0.079900 0.922400 0.479200 1 0.041
H20K_7_555 ? ? 0.021000 0.899300 0.491500 1 0.041
H20O_7_555 ? ? 0.051100 0.716600 0.561800 1 0.036
H20T_7_455 ? ? -0.018100 0.793700 0.579300 1 0.049
H20W_7_555 ? ? 0.032500 0.730100 0.481800 1 0.036
H21A_7_455 ? ? -0.065000 0.690700 0.485100 1 0.062
H21B_7_455 ? ? -0.045200 0.679700 0.565800 1 0.062
H21C_7_455 ? ? -0.141900 0.694000 0.534800 1 0.093
H21D_7_455 ? ? -0.114500 0.755000 0.583000 1 0.093
H21E_7_455 ? ? -0.134300 0.765900 0.502300 1 0.093
H21F_7_555 ? ? 0.048400 0.890600 0.602300 0.266(12) 0.032
H21G_7_555 ? ? 0.113800 0.905400 0.615100 0.266(12) 0.032
H22A_7_555 ? ? 0.132800 0.805800 0.682400 0.266(12) 0.044
H22B_7_555 ? ? 0.067500 0.791300 0.669700 0.266(12) 0.044
H23A_7_555 ? ? 0.058800 0.895500 0.728700 0.266(12) 0.060
H23B_7_555 ? ? 0.125100 0.900800 0.747500 0.266(12) 0.060
H24A_7_555 ? ? 0.096500 0.863500 0.837300 0.266(12) 0.099
H24B_7_555 ? ? 0.062400 0.803500 0.793700 0.266(12) 0.099
H24C_7_555 ? ? 0.129000 0.803800 0.809600 0.266(12) 0.099
H27A_7_555 ? ? 0.018300 0.902400 0.305900 0.48(2) 0.108
H27B_7_555 ? ? 0.069800 0.937700 0.355700 0.48(2) 0.108
H28A_7_565 ? ? 0.004900 1.010700 0.325300 0.48(2) 0.175
H28B_7_455 ? ? -0.040400 0.962600 0.346600 0.48(2) 0.175
H28C_7_555 ? ? 0.009100 0.993900 0.404000 0.48(2) 0.175
H30R_7_555 ? ? 0.237100 0.720700 0.228500 1 0.034
H30S_7_555 ? ? 0.271000 0.789400 0.245300 1 0.034
H31A_7_555 ? ? 0.213600 0.840500 0.148200 1 0.048
H31B_7_555 ? ? 0.177700 0.773100 0.131900 1 0.048
H31C_7_555 ? ? 0.293000 0.780100 0.129100 1 0.048
H31D_7_555 ? ? 0.243800 0.786500 0.062100 1 0.048
H31E_7_555 ? ? 0.279800 0.677300 0.071200 1 0.072
H31F_7_555 ? ? 0.265700 0.668900 0.144400 1 0.072
H31G_7_555 ? ? 0.216300 0.675300 0.077500 1 0.072
H31H_7_555 ? ? 0.159000 0.914800 0.292900 0.36(3) 0.019
H31Z_7_555 ? ? 0.169600 0.904500 0.218400 0.36(3) 0.019
H32A_7_555 ? ? 0.256300 0.928600 0.339300 0.36(3) 0.031
H32B_7_555 ? ? 0.268900 0.913900 0.266000 0.36(3) 0.031
H33A_7_565 ? ? 0.205200 1.029300 0.294300 0.36(3) 0.038
H33B_7_565 ? ? 0.217300 1.014600 0.220900 0.36(3) 0.038
H34A_7_565 ? ? 0.279800 1.097000 0.278600 0.36(3) 0.058
H34B_7_565 ? ? 0.302000 1.045600 0.340000 0.36(3) 0.058
H34C_7_565 ? ? 0.313800 1.031300 0.266500 0.36(3) 0.058
H35A_7_555 ? ? 0.113300 0.802800 0.193400 0.390(10) 0.030
H35B_7_555 ? ? 0.094500 0.793700 0.263900 0.390(10) 0.030
H36A_7_555 ? ? 0.123300 0.677800 0.267800 0.390(10) 0.030
H36B_7_555 ? ? 0.140200 0.687300 0.196300 0.390(10) 0.030
H37A_7_555 ? ? 0.044600 0.710200 0.143600 0.390(10) 0.055
H37B_7_555 ? ? 0.028800 0.695900 0.215100 0.390(10) 0.055
H38A_7_555 ? ? 0.009900 0.600000 0.144800 0.390(10) 0.100
H38B_7_555 ? ? 0.073700 0.596800 0.139900 0.390(10) 0.100
H38C_7_555 ? ? 0.057600 0.582700 0.211200 0.390(10) 0.100
H20R_0_7_455 ? ? -0.000400 0.839000 0.394400 0.48(2) 0.056
H20S_0_7_555 ? ? 0.063400 0.829100 0.391700 0.48(2) 0.056
H20S_1_7_455 ? ? -0.037500 0.804200 0.498600 1 0.049
