Tungsten sulfide cluster with|octakis(mu!3$-sulfido)-hexakis(methylamine) -hexa-tungsten|Jin, Song.; Zhou, Ran.; Scheuer, Ellen. M.; Adamchuk, Jennifer.; Rayburn, Lori. L.; DiSalvo, Francis. J.|Synthesis, Characterization, and Ligand Exchange Studies of W6S8L6 Cluster Compounds|Inorganic Chemistry|2001 40 2666 2674
C6 H30 N6 S8 W6
9.0847(5) 9.1602(5) 9.5660(5) 103.7320(10) 116.6220(10) 106.2650(10)
P-1
W1 1 ? 0.97011(6) 0.77966(6) 0.41202(6) 1 0.0086(2)
W2 1 ? 0.89130(6) 0.98906(6) 0.27547(6) 1 0.0086(2)
W3 1 ? 0.76642(6) 0.91450(6) 0.46528(6) 1 0.0085(2)
S5 1 ? 0.7108(4) 1.1175(4) 0.3413(4) 1 0.0137(7)
S4 1 ? 0.6591(4) 0.7105(4) 0.1837(4) 1 0.0163(7)
S6 1 ? 1.0930(4) 0.8690(4) 0.2456(4) 1 0.0127(7)
S7 1 ? 0.8608(4) 0.7279(4) 0.5959(4) 1 0.0147(7)
N1 1 ? 0.9158(14) 0.5077(13) 0.2976(13) 1 0.020(2)
H1A 1 ? 1.009(10) 0.5026(14) 0.350(6) 1 0.025
H1B 1 ? 0.846(8) 0.454(6) 0.315(2) 1 0.025
N2 1 ? 0.7514(13) 0.9588(13) -0.0043(12) 1 0.016(2)
H2A 1 ? 0.671(9) 0.981(3) -0.025(3) 1 0.019
H2B 1 ? 0.820(8) 1.022(7) -0.0109(14) 1 0.019
N3 1 ? 0.4802(13) 0.8050(13) 0.4117(12) 1 0.016(2)
H3A 1 ? 0.4877(14) 0.851(5) 0.503(9) 1 0.019
H3B 1 ? 0.416(7) 0.834(3) 0.339(7) 1 0.019
C1 1 ? 0.8424(17) 0.4249(16) 0.1118(14) 1 0.020(3)
H1B 1 ? 0.8249 0.3086 0.0814 1 0.030
H1C 1 ? 0.9296 0.4852 0.0880 1 0.030
H1D 1 ? 0.7243 0.4259 0.0432 1 0.030
C2 1 ? 0.6814(18) 0.7909(19) -0.1366(15) 1 0.030(4)
H2B 1 ? 0.6252 0.7916 -0.2509 1 0.045
H2C 1 ? 0.5892 0.7079 -0.1332 1 0.045
H2D 1 ? 0.7833 0.7618 -0.1137 1 0.045
C3 1 ? 0.3792(17) 0.6218(17) 0.3483(17) 1 0.025(3)
H3B 1 ? 0.2586 0.5943 0.3317 1 0.037
H3C 1 ? 0.4492 0.5851 0.4329 1 0.037
H3D 1 ? 0.3629 0.5645 0.2382 1 0.037
