|||||
C32 H72 Cl3 F6 O2 P5 Ru2
10.9035(8) 14.2678(11) 15.5810(13) 68.844(4) 89.075(5) 83.462(5)
P-1
Ru1 1 ? 0.21797(6) 0.08521(5) 0.16997(5) 1 0.02934(18)
Ru2 1 ? 0.20905(6) -0.13186(5) 0.34176(5) 1 0.02893(18)
Cl1 1 ? 0.38547(18) -0.04137(15) 0.26488(15) 1 0.0349(5)
Cl2 1 ? 0.12934(19) 0.05192(14) 0.31782(14) 1 0.0320(4)
Cl3 1 ? 0.13857(19) -0.08110(15) 0.18576(14) 1 0.0328(5)
P1 1 ? 0.3316(2) 0.21391(16) 0.15850(16) 1 0.0347(5)
P2 1 ? 0.0542(2) 0.16860(16) 0.07305(16) 1 0.0332(5)
P3 1 ? 0.3160(2) -0.28444(15) 0.36361(15) 1 0.0304(5)
P4 1 ? 0.0352(2) -0.17938(16) 0.42249(16) 1 0.0343(5)
O1 1 ? 0.3059(5) 0.0879(4) 0.0458(4) 1 0.0357(14)
O2 1 ? 0.2813(5) -0.1529(4) 0.4757(4) 1 0.0355(13)
C1 1 ? 0.4150(9) 0.2241(6) 0.0520(6) 1 0.040(2)
H1A 1 ? 0.3698 0.2772 -0.0013 1 0.048
H1B 1 ? 0.4983 0.2436 0.0562 1 0.048
C2 1 ? 0.4264(8) 0.1231(7) 0.0379(7) 1 0.038(2)
H2A 1 ? 0.4593 0.1315 -0.0237 1 0.046
H2B 1 ? 0.4843 0.0729 0.0848 1 0.046
C3 1 ? 0.2324(8) 0.1345(7) -0.0399(6) 1 0.041(2)
H3A 1 ? 0.2612 0.1021 -0.0843 1 0.050
H3B 1 ? 0.2427 0.2073 -0.0676 1 0.050
C4 1 ? 0.0985(8) 0.1220(7) -0.0205(6) 1 0.039(2)
H4A 1 ? 0.0857 0.0498 -0.0019 1 0.047
H4B 1 ? 0.0469 0.1610 -0.0765 1 0.047
C5 1 ? 0.4608(8) 0.1781(7) 0.2453(6) 1 0.041(2)
H5A 1 ? 0.5121 0.1190 0.2377 1 0.049
C6 1 ? 0.4174(9) 0.1399(7) 0.3476(6) 1 0.042(2)
H6A 1 ? 0.4895 0.1220 0.3896 1 0.064
H6B 1 ? 0.3738 0.0803 0.3592 1 0.064
H6C 1 ? 0.3618 0.1936 0.3579 1 0.064
C7 1 ? 0.5490(8) 0.2584(7) 0.2331(7) 1 0.043(2)
H7A 1 ? 0.6132 0.2323 0.2820 1 0.064
H7B 1 ? 0.5025 0.3199 0.2367 1 0.064
H7C 1 ? 0.5875 0.2743 0.1730 1 0.064
C8 1 ? 0.2652(9) 0.3458(6) 0.1408(6) 1 0.042(2)
H8A 1 ? 0.1913 0.3594 0.0992 1 0.051
C9 1 ? 0.2145(10) 0.3508(7) 0.2310(8) 1 0.056(3)
H9A 1 ? 0.1789 0.4202 0.2213 1 0.085
H9B 1 ? 0.2814 0.3301 0.2775 1 0.085
H9C 1 ? 0.1504 0.3052 0.2521 1 0.085
C10 1 ? 0.3445(11) 0.4309(7) 0.0928(7) 1 0.058(3)
H10A 1 ? 0.2985 0.4961 0.0869 1 0.086
H10B 1 ? 0.3651 0.4305 0.0314 1 0.086
H10C 1 ? 0.4207 0.4205 0.1292 1 0.086
C11 1 ? 0.0269(9) 0.3081(6) 0.0134(6) 1 0.041(2)
H11A 1 ? 0.1104 0.3321 0.0019 1 0.049
C12 1 ? -0.0405(10) 0.3454(7) -0.0818(7) 1 0.062(3)
H12A 1 ? -0.0499 0.4195 -0.1077 1 0.094
H12B 1 ? -0.1221 0.3215 -0.0747 1 0.094
H12C 1 ? 0.0080 0.3188 -0.1233 1 0.094
C13 1 ? -0.0380(10) 0.3600(7) 0.0751(7) 1 0.055(3)
H13A 1 ? -0.0503 0.4333 0.0417 1 0.082
H13B 1 ? 0.0131 0.3450 0.1307 1 0.082
H13C 1 ? -0.1182 0.3350 0.0925 1 0.082
C14 1 ? -0.0982(8) 0.1210(7) 0.1104(6) 1 0.038(2)
H14A 1 ? -0.0804 0.0456 0.1361 1 0.045
C15 1 ? -0.1523(8) 0.1496(7) 0.1881(6) 1 0.043(2)
H15A 1 ? -0.2305 0.1208 0.2055 1 0.065
H15B 1 ? -0.1674 0.2235 0.1684 1 0.065
H15C 1 ? -0.0945 0.1233 0.2411 1 0.065
C16 1 ? -0.1967(9) 0.1446(7) 0.0331(7) 1 0.049(3)
H16A 1 ? -0.2720 0.1154 0.0596 1 0.074
H16B 1 ? -0.1653 0.1153 -0.0121 1 0.074
H16C 1 ? -0.2155 0.2181 0.0028 1 0.074
C17 1 ? 0.3800(8) -0.3188(6) 0.4809(6) 1 0.036(2)
H17A 1 ? 0.3235 -0.3587 0.5263 1 0.044
H17B 1 ? 0.4608 -0.3607 0.4877 1 0.044
C18 1 ? 0.3959(8) -0.2237(7) 0.4980(7) 1 0.041(2)
H18A 1 ? 0.4196 -0.2412 0.5635 1 0.049
H18B 1 ? 0.4634 -0.1904 0.4600 1 0.049
C19 1 ? 0.1976(8) -0.1766(7) 0.5524(6) 1 0.039(2)
H19A 1 ? 0.2209 -0.1462 0.5968 1 0.047
H19B 1 ? 0.2027 -0.2508 0.5846 1 0.047
C20 1 ? 0.0685(9) -0.1350(6) 0.5159(6) 1 0.038(2)
H20A 1 ? 0.0601 -0.0602 0.4924 1 0.046
H20B 1 ? 0.0091 -0.1582 0.5658 1 0.046
C21 1 ? 0.4531(8) -0.2942(7) 0.2925(6) 1 0.038(2)
H21A 1 ? 0.4719 -0.3677 0.3028 1 0.045
C22 1 ? 0.5722(8) -0.2625(7) 0.3204(8) 1 0.052(3)
H22A 1 ? 0.6386 -0.2704 0.2795 1 0.078
H22B 1 ? 0.5960 -0.3053 0.3841 1 0.078
H22C 1 ? 0.5579 -0.1916 0.3152 1 0.078
C23 1 ? 0.4256(9) -0.2410(7) 0.1891(6) 1 0.047(2)
H23A 1 ? 0.5002 -0.2485 0.1551 1 0.071
H23B 1 ? 0.3994 -0.1689 0.1754 1 0.071
H23C 1 ? 0.3596 -0.2714 0.1704 1 0.071
C24 1 ? 0.2458(8) -0.3992(6) 0.3707(6) 1 0.038(2)
H24A 1 ? 0.1718 -0.4017 0.4099 1 0.045
C25 1 ? 0.3292(9) -0.4987(7) 0.4174(7) 1 0.050(3)
H25A 1 ? 0.2858 -0.5556 0.4187 1 0.076
H25B 1 ? 0.3498 -0.5055 0.4806 1 0.076
H25C 1 ? 0.4051 -0.4984 0.3829 1 0.076
C26 1 ? 0.1975(10) -0.3891(7) 0.2748(6) 1 0.053(3)
H26A 1 ? 0.1604 -0.4502 0.2796 1 0.080
H26B 1 ? 0.2662 -0.3807 0.2323 1 0.080
H26C 1 ? 0.1352 -0.3300 0.2516 1 0.080
C27 1 ? 0.0060(9) -0.3130(7) 0.4850(7) 1 0.045(2)
H27A 1 ? 0.0892 -0.3535 0.4994 1 0.054
C28 1 ? -0.0621(8) -0.3549(6) 0.4241(7) 1 0.044(2)
H28A 1 ? -0.0752 -0.4252 0.4593 1 0.067
H28B 1 ? -0.0125 -0.3523 0.3704 1 0.067
H28C 1 ? -0.1420 -0.3141 0.4035 1 0.067
C29 1 ? -0.0580(10) -0.3347(8) 0.5783(7) 1 0.058(3)
H29A 1 ? -0.0679 -0.4069 0.6056 1 0.087
H29B 1 ? -0.1394 -0.2948 0.5685 1 0.087
H29C 1 ? -0.0075 -0.3162 0.6198 1 0.087
C30 1 ? -0.1121(8) -0.1030(6) 0.3698(6) 1 0.039(2)
H30A 1 ? -0.0926 -0.0314 0.3458 1 0.047
C31 1 ? -0.2185(9) -0.1046(8) 0.4375(8) 1 0.058(3)
H31A 1 ? -0.2921 -0.0626 0.4033 1 0.086
H31B 1 ? -0.1933 -0.0779 0.4835 1 0.086
H31C 1 ? -0.2374 -0.1743 0.4685 1 0.086
C32 1 ? -0.1566(8) -0.1211(7) 0.2857(6) 1 0.045(2)
H32A 1 ? -0.2340 -0.0777 0.2615 1 0.067
H32B 1 ? -0.1705 -0.1922 0.3031 1 0.067
H32C 1 ? -0.0940 -0.1052 0.2383 1 0.067
P5 1 ? 0.2516(3) -0.5069(2) 0.7688(2) 1 0.0604(8)
F1 1 ? 0.3959(8) -0.5211(8) 0.7711(9) 1 0.145(4)
F2 1 ? 0.1054(8) -0.4924(7) 0.7616(7) 1 0.125(3)
F3 1 ? 0.2537(12) -0.5025(7) 0.6669(6) 1 0.150(5)
F4 1 ? 0.2417(11) -0.5162(8) 0.8696(6) 1 0.144(4)
F5 1 ? 0.2535(11) -0.6261(5) 0.8039(7) 1 0.143(4)
F6 1 ? 0.2509(8) -0.3881(5) 0.7338(6) 1 0.105(3)
