||Soh-ichi, Kitoh; Hitoshi, Senda; Ko-Ki, Kunimoto|Crystal Structures of Chiral and Racemic 4-Methyl-5-phenyl-1,3-oxazolidine- 2-thione|Analytical Sciences|2003 19 x15 x16
C10 H11 N O S
10.104(2) 32.447(1) 6.014(1) 90 90 90
P1
C(1A) ? ? -0.054100 -0.343940 -0.750200 1.00 0.0224(4)
C(2A) ? ? -0.117900 -0.312410 -0.418900 1.00 0.0244(4)
C(3A) ? ? -0.055900 -0.280480 -0.581800 1.00 0.0237(4)
C(4A) ? ? -0.265700 -0.308910 -0.378400 1.00 0.0331(5)
C(5A) ? ? -0.131200 -0.241080 -0.615000 1.00 0.0233(4)
C(6A) ? ? -0.126700 -0.211210 -0.448300 1.00 0.0299(5)
C(7A) ? ? -0.197500 -0.174520 -0.472900 1.00 0.0331(5)
C(8A) ? ? -0.270100 -0.167410 -0.662600 1.00 0.0314(5)
C(9A) ? ? -0.273700 -0.196620 -0.829600 1.00 0.0352(5)
H(1A) ? ? -0.101000 -0.374000 -0.491000 1.00 0.051(8)
H(2A) ? ? -0.076000 -0.311000 -0.279000 1.00 0.022(6)
H(4A) ? ? -0.295000 -0.331000 -0.289000 1.00 0.040(7)
H(5A) ? ? -0.311000 -0.308000 -0.518000 1.00 0.035(7)
H(6A) ? ? -0.293000 -0.282300 -0.288000 1.00 0.039(7)
H(7A) ? ? -0.073000 -0.216400 -0.311000 1.00 0.042(7)
H(8A) ? ? -0.195000 -0.155400 -0.357000 1.00 0.044(7)
H(9A) ? ? -0.316000 -0.141600 -0.687000 1.00 0.033(6)
N(1A) ? ? -0.085600 -0.350230 -0.540600 1.00 0.0254(4)
O(1A) ? ? -0.045800 -0.302920 -0.792500 1.00 0.0278(3)
S(1A) ? ? -0.026840 -0.378220 -0.950140 1.00 0.0265(1)
C(10A) ? ? -0.204800 -0.233600 -0.806100 1.00 0.0305(5)
H(10A) ? ? -0.313000 -0.191600 -0.972000 1.00 0.046(8)
H(11A) ? ? -0.212000 -0.253100 -0.922000 1.00 0.036(7)
H(3A)_1_455 ? ? 0.034000 -0.276100 -0.521000 1.00 0.024(6)
