|||||
C7.5 H8 N2 S0.5
18.381(4) 6.1799(12) 6.1865(12) 90.00 90.00 90.00
Pmn21
S1 2 ? 0.0000 1.1710(4) 0.2148(4) 1 0.0605(10)
N1 1 ? 0.0363(3) 0.7481(8) 0.6423(9) 1 0.0418(13)
N2 1 ? 0.0610(3) 0.8900(10) 0.5024(10) 1 0.0498(15)
H2A 1 ? 0.1057 0.9192 0.4737 1 0.060
C1 1 ? 0.0815(4) 0.6119(12) 0.7721(11) 1 0.0486(18)
C2 1 ? 0.1045(4) 0.6897(11) 0.9709(13) 1 0.0504(19)
H2B 1 ? 0.0898 0.8254 1.0194 1 0.060
C3 1 ? 0.1504(4) 0.5586(12) 1.0976(13) 1 0.057(2)
H3A 1 ? 0.1657 0.6059 1.2329 1 0.068
C4 1 ? 0.1732(5) 0.3545(12) 1.0182(15) 1 0.059(2)
C5 1 ? 0.1504(4) 0.2861(13) 0.8177(14) 1 0.056(2)
H5A 1 ? 0.1670 0.1545 0.7640 1 0.067
C6 1 ? 0.1030(4) 0.4097(11) 0.6939(15) 1 0.0556(18)
H6A 1 ? 0.0860 0.3590 0.5617 1 0.067
C7 1 ? 0.2212(5) 0.2136(15) 1.1530(17) 1 0.074(3)
H7A 1 ? 0.2321 0.2855 1.2866 1 0.111
H7B 1 ? 0.2656 0.1851 1.0763 1 0.111
H7C 1 ? 0.1968 0.0794 1.1825 1 0.111
C8 2 ? 0.0000 0.9821(19) 0.4114(17) 1 0.054(3)
