Bismuth(V)iron(III) oxophosphate|Bismuth(V) iron(III) tris(phosphate) oxide|Benabad, Aicha; Bakhous, Karima; Cherkaoui, Fatima; Holt, Elizabeth M.|Bismuth(V) iron(III) tris(phosphate) oxide|Acta Crystallographica, Section C|2000 56 1292 1293
Bi0.4 Fe3 O13 P3
7.4960(10) 6.3080(10) 10.125(2) 90.00 100.110(10) 90.00
P121/m1
Bi1 ? ? .6591(2) 1/4 .19371(15) .40(3) .0114(5)
Fe1 ? ? 0 0 0 1 .0070(4)
Fe2 ? ? .6496(2) 1/4 -.20185(16) 1 .0060(4)
Fe3 ? ? .2143(2) 1/4 -.43654(16) 1 .0081(4)
O1 ? ? .8762(11) 1/4 -.0928(7) 1 .0088(16)
P1 ? ? .7834(4) 1/4 .5116(3) 1 .0072(6)
O11 ? ? .9749(10) 1/4 .5901(8) 1 .0120(18)
O12 ? ? .6511(11) 1/4 .6076(8) 1 .0129(18)
O13 ? ? .7512(8) 0.0608(9) .4154(5) 1 .0113(12)
P2 ? ? .3173(4) 1/4 -.1129(3) 1 .0061(6)
O21 ? ? .3585(10) 1/4 -.2563(7) 1 .0060(15)
O22 ? ? .5078(11) 1/4 -.0310(7) 1 .0091(16)
O23 ? ? .2109(7) 0.0486(9) -.0936(5) 1 .0088(12)
P3 ? ? .2634(4) 1/4 .2394(3) 1 .0064(6)
O31 ? ? .2150(12) 1/4 .3744(8) 1 .0161(19)
O32 ? ? .0829(10) 1/4 .1343(7) 1 .0083(16)
O33 ? ? .3797(7) 0.4374(9) .2129(5) 1 .0093(12)
