||Chase, Preston A.; Gagliardo, Marcella; van Klink, Gerard P. M.; Lutz, Martin; Spek, Anthony L.; van Koten, Gerard|Synthesis and Structures of Electron-poor Pentafluorophenyl -substituted PCP-Pd Pincer Complexes||
C34 H10 B F24 N P2 Pd
10.1565(2) 25.6619(5) 16.1795(3) 90.00 110.5437(8) 90.00
P21/c
Pd1 1 ? 0.99146(3) 0.079376(12) 0.777666(18) 1 0.03873(10)
P1 1 ? 0.85438(10) 0.00640(4) 0.74168(6) 1 0.0390(2)
P2 1 ? 1.16523(10) 0.13583(4) 0.85151(7) 1 0.0405(2)
F1 1 ? 0.7587(3) -0.10546(10) 0.69740(16) 1 0.0634(7)
F2 1 ? 0.8422(4) -0.17527(11) 0.60229(19) 1 0.0893(10)
F3 1 ? 1.0252(4) -0.14618(13) 0.52210(19) 1 0.0907(10)
F4 1 ? 1.1306(3) -0.04839(13) 0.54302(17) 1 0.0780(9)
F5 1 ? 1.0467(2) 0.02133(10) 0.63569(15) 1 0.0546(6)
F6 1 ? 0.7092(2) 0.04411(9) 0.56105(13) 1 0.0467(5)
F7 1 ? 0.4419(2) 0.07551(10) 0.48272(15) 1 0.0559(6)
F8 1 ? 0.2546(2) 0.06177(12) 0.56484(17) 1 0.0697(8)
F9 1 ? 0.3354(2) 0.01527(14) 0.72576(17) 1 0.0785(9)
F10 1 ? 0.5978(2) -0.01669(12) 0.80310(15) 1 0.0681(8)
F11 1 ? 1.1539(3) 0.14042(13) 0.66451(17) 1 0.0790(8)
F12 1 ? 1.2845(3) 0.20632(15) 0.58995(18) 1 0.0966(11)
F13 1 ? 1.4429(4) 0.28432(14) 0.6842(2) 1 0.1042(11)
F14 1 ? 1.4762(4) 0.29627(13) 0.8579(2) 1 0.0994(11)
F15 1 ? 1.3511(3) 0.22982(11) 0.93449(17) 1 0.0667(7)
F16 1 ? 0.9616(3) 0.22089(11) 0.8062(2) 1 0.0744(8)
F17 1 ? 0.8332(3) 0.26924(13) 0.9040(3) 1 0.1146(13)
F18 1 ? 0.9136(4) 0.24872(15) 1.0799(3) 1 0.1304(15)
F19 1 ? 1.1130(5) 0.17599(13) 1.1538(2) 1 0.1097(13)
F20 1 ? 1.2389(3) 0.12658(10) 1.05758(17) 1 0.0697(7)
N1 1 ? 0.8617(3) 0.12913(14) 0.6820(2) 1 0.0508(9)
C1 1 ? 1.1078(4) 0.03157(14) 0.8755(2) 1 0.0359(8)
C2 1 ? 1.0494(4) -0.01456(15) 0.8951(2) 1 0.0395(9)
C3 1 ? 1.1301(4) -0.04845(17) 0.9604(2) 1 0.0458(9)
H3 1 ? 1.0906 -0.0800 0.9719 1 0.055
C4 1 ? 1.2687(4) -0.03587(17) 1.0086(3) 1 0.0462(10)
H4 1 ? 1.3250 -0.0593 1.0523 1 0.055
C5 1 ? 1.3250(4) 0.01017(16) 0.9935(2) 1 0.0403(9)
H5 1 ? 1.4185 0.0192 1.0290 1 0.048
C6 1 ? 1.2474(3) 0.04371(15) 0.9271(2) 1 0.0359(8)
C7 1 ? 0.8946(4) -0.02542(18) 0.8477(2) 1 0.0462(10)
H7A 1 ? 0.8375 -0.0107 0.8806 1 0.055
H7B 1 ? 0.8766 -0.0634 0.8402 1 0.055
C8 1 ? 0.9033(4) -0.04013(16) 0.6730(2) 1 0.0407(9)
C9 1 ? 0.8527(4) -0.09083(17) 0.6608(3) 1 0.0501(10)
C10 1 ? 0.8946(5) -0.12662(18) 0.6121(3) 1 0.0596(12)
C11 1 ? 0.9864(5) -0.1123(2) 0.5721(3) 1 0.0635(13)
C12 1 ? 1.0393(4) -0.0625(2) 0.5819(3) 1 0.0556(11)
C13 1 ? 0.9967(4) -0.02700(18) 0.6312(3) 1 0.0474(10)
C14 1 ? 0.6652(4) 0.01407(16) 0.6864(2) 1 0.0404(9)
C15 1 ? 0.6184(4) 0.03696(16) 0.6038(2) 1 0.0420(9)
C16 1 ? 0.4818(4) 0.05286(17) 0.5619(2) 1 0.0460(10)
C17 1 ? 0.3871(4) 0.04552(19) 0.6039(3) 1 0.0526(11)
C18 1 ? 0.4269(4) 0.0218(2) 0.6844(3) 1 0.0557(12)
C19 1 ? 0.5651(4) 0.00603(18) 0.7247(2) 1 0.0484(10)
C20 1 ? 1.3117(4) 0.09339(16) 0.9104(3) 1 0.0439(9)
H20A 1 ? 1.3710 0.0866 0.8743 1 0.053
H20B 1 ? 1.3706 0.1096 0.9668 1 0.053
C21 1 ? 1.2421(4) 0.18422(16) 0.8009(3) 1 0.0474(10)
C22 1 ? 1.2312(4) 0.17948(19) 0.7136(3) 1 0.0563(11)
C23 1 ? 1.2974(5) 0.2128(2) 0.6750(3) 1 0.0674(13)
C24 1 ? 1.3781(5) 0.2524(2) 0.7232(4) 1 0.0727(15)
C25 1 ? 1.3947(5) 0.2581(2) 0.8098(4) 1 0.0678(13)
C26 1 ? 1.3273(4) 0.22436(18) 0.8480(3) 1 0.0530(11)
C27 1 ? 1.1040(4) 0.17231(16) 0.9273(3) 1 0.0481(10)
C28 1 ? 1.0002(5) 0.20903(19) 0.8929(3) 1 0.0591(12)
C29 1 ? 0.9333(5) 0.2341(2) 0.9415(5) 1 0.0812(18)
C30 1 ? 0.9744(7) 0.2232(2) 1.0305(5) 1 0.0856(18)
C31 1 ? 1.0752(7) 0.1870(2) 1.0674(4) 1 0.0774(16)
C32 1 ? 1.1408(5) 0.16180(18) 1.0174(3) 1 0.0576(12)
C33 1 ? 0.7752(5) 0.1546(2) 0.6382(3) 1 0.0645(13)
C34 1 ? 0.6595(6) 0.1876(2) 0.5822(4) 1 0.102(2)
H34A 1 ? 0.5695 0.1734 0.5815 1 0.153
H34B 1 ? 0.6610 0.1881 0.5219 1 0.153
H34C 1 ? 0.6711 0.2231 0.6058 1 0.153
F22A 1 ? 0.6440(6) 0.3106(2) 0.2777(4) 0.60 0.0725(17)
F23A 1 ? 0.5173(5) 0.3830(3) 0.2843(5) 0.60 0.079(2)
F24A 1 ? 0.6247(7) 0.3360(3) 0.4050(3) 0.60 0.0907(19)
F22B 1 ? 0.6022(12) 0.3346(6) 0.2365(7) 0.28 0.114(5)
F23B 1 ? 0.5229(8) 0.3881(4) 0.3175(8) 0.28 0.056(4)
F24B 1 ? 0.6417(14) 0.3160(5) 0.3805(10) 0.28 0.153(9)
F22C 1 ? 0.5436(16) 0.3689(7) 0.2375(9) 0.12 0.070(7)
F23C 1 ? 0.5668(19) 0.3614(9) 0.3812(13) 0.12 0.112(12)
F24C 1 ? 0.6658(15) 0.3022(3) 0.3181(14) 0.12 0.058(8)
F21 1 ? 0.7533(3) 0.38395(13) 0.3426(2) 1 0.0999(11)
B1 1 ? 0.6333(5) 0.35424(18) 0.3225(3) 1 0.0769(19)
