||Carballo, Rosa; Vazquez-Lopez, Ezequiel M.; Covelo, Berta; Garcia-Martinez, Emilia; Castineiras, Alfonso; Niclos, Juan|'Solid state coordination chemistry of mononuclear mixed-ligand complexes of Ni(II), Cu(II) and Zn(II) with α-hydroxycarboxylic acids and imidazole'|Polyhedron|2004 23 1505 1518
C46 H46 N12 O6 Zn
12.9507(17) 9.0191(11) 22.209(3) 90.00 119.763(6) 90.00
P121/c1
Zn 2 ? 0.5000 0.5000 0.0000 1 0.03725(15)
N1 1 ? 0.6128(2) 0.4223(3) 0.10618(12) 1 0.0407(6)
N2 1 ? 0.7507(3) 0.4149(4) 0.21557(16) 1 0.0559(8)
C1 1 ? 0.7013(3) 0.4931(4) 0.15769(16) 1 0.0538(8)
H1 1 ? 0.7262 0.5875 0.1538 1 0.065
C2 1 ? 0.6065(3) 0.2922(4) 0.13474(18) 1 0.0630(10)
H2 1 ? 0.5514 0.2175 0.1114 1 0.076
C3 1 ? 0.6921(3) 0.2870(4) 0.20210(19) 1 0.0706(11)
H3 1 ? 0.7071 0.2094 0.2330 1 0.085
N3 1 ? 0.37383(19) 0.5927(3) 0.02845(12) 1 0.0400(6)
N4 1 ? 0.2203(3) 0.7046(4) 0.02270(17) 1 0.0682(10)
C4 1 ? 0.2804(3) 0.6746(4) -0.00977(17) 1 0.0555(9)
H4 1 ? 0.2589 0.7077 -0.0541 1 0.067
C5 1 ? 0.3709(3) 0.5701(4) 0.08801(18) 1 0.0559(9)
H5 1 ? 0.4266 0.5155 0.1257 1 0.067
C6 1 ? 0.2756(3) 0.6383(4) 0.0845(2) 1 0.0689(11)
H6 1 ? 0.2531 0.6391 0.1182 1 0.083
N5 1 ? 0.6029(2) 0.7078(3) 0.02842(12) 1 0.0409(6)
N6 1 ? 0.7492(3) 0.8647(3) 0.05575(15) 1 0.0556(8)
C7 1 ? 0.6984(3) 0.7386(4) 0.02441(17) 1 0.0512(8)
H7 1 ? 0.7273 0.6785 0.0020 1 0.061
C9 1 ? 0.6844(4) 0.9189(4) 0.0824(2) 1 0.0781(12)
H9 1 ? 0.6987 1.0059 0.1078 1 0.094
C8 1 ? 0.5943(3) 0.8231(4) 0.0652(2) 1 0.0675(11)
H8 1 ? 0.5349 0.8340 0.0768 1 0.081
O11 1 ? 0.05247(18) -0.0084(2) 0.15984(10) 1 0.0518(5)
O12 1 ? -0.07190(17) 0.0218(2) 0.04798(10) 1 0.0460(5)
O13 1 ? 0.05581(18) 0.2265(2) 0.03114(9) 1 0.0415(5)
H13 1 ? 0.0565 0.1505 0.0111 1 0.062
C11 1 ? 0.0190(2) 0.0565(3) 0.10437(15) 1 0.0343(6)
C12 1 ? 0.0906(2) 0.1927(3) 0.10160(13) 1 0.0314(6)
C13 1 ? 0.0606(2) 0.3294(3) 0.13070(14) 1 0.0331(6)
C14 1 ? 0.0444(3) 0.4649(3) 0.09876(17) 1 0.0484(8)
H14 1 ? 0.0484 0.4715 0.0582 1 0.058
C15 1 ? 0.0224(3) 0.5909(4) 0.1257(2) 1 0.0603(9)
H15 1 ? 0.0112 0.6812 0.1030 1 0.072
C16 1 ? 0.0170(3) 0.5837(4) 0.1852(2) 1 0.0633(10)
H16 1 ? 0.0034 0.6692 0.2037 1 0.076
C17 1 ? 0.0314(4) 0.4515(4) 0.2174(2) 1 0.0680(11)
H17 1 ? 0.0264 0.4459 0.2577 1 0.082
C18 1 ? 0.0534(3) 0.3251(4) 0.19049(17) 1 0.0582(9)
H18 1 ? 0.0635 0.2352 0.2132 1 0.070
C19 1 ? 0.2236(2) 0.1551(3) 0.14163(14) 1 0.0353(7)
C20 1 ? 0.3052(3) 0.2300(4) 0.1983(2) 1 0.0784(12)
H20 1 ? 0.2811 0.3096 0.2149 1 0.094
C21 1 ? 0.4246(3) 0.1894(5) 0.2319(3) 1 0.1077(18)
H21 1 ? 0.4791 0.2425 0.2706 1 0.129
C22 1 ? 0.4622(3) 0.0752(5) 0.2093(2) 1 0.0788(12)
H22 1 ? 0.5418 0.0469 0.2326 1 0.095
C23 1 ? 0.3824(3) 0.0023(5) 0.1523(2) 1 0.0841(13)
H23 1 ? 0.4076 -0.0756 0.1354 1 0.101
C24 1 ? 0.2645(3) 0.0408(4) 0.11877(18) 1 0.0712(11)
H24 1 ? 0.2112 -0.0120 0.0796 1 0.085
H60 1 ? 0.812(3) 0.911(4) 0.0571(18) 1 0.077(12)
H20 1 ? 0.801(3) 0.442(4) 0.251(2) 1 0.082(14)
H40 1 ? 0.164(4) 0.751(4) 0.008(2) 1 0.088(15)
