|[Ti2(mu-O)2(C5H4Me)2{Me3SiNC(C6H5)NCH2CH2CH2NMe2}2]||||
C44 H66 N6 O2 Si2 Ti2
9.3597(2) 10.7886(2) 12.1749(3) 72.8419(8) 76.2046(8) 72.8192(9)
P-1
Ti1 ? ? 0.03615(3) 0.36211(3) 0.54027(3) 1.0000 0.0203
N1 ? ? 0.2182(2) 0.2654(1) 0.6459(1) 1.0000 0.0240
N2 ? ? -0.0241(2) 0.3221(1) 0.7222(1) 1.0000 0.0238
N3 ? ? -0.3255(2) 0.3319(2) 1.0535(1) 1.0000 0.0307
O1 ? ? 0.1359(1) 0.4893(1) 0.4595(1) 1.0000 0.0237
Si1 ? ? 0.41383(5) 0.24223(5) 0.62235(4) 1.0000 0.0259
C1 ? ? 0.1169(2) 0.2844(2) 0.7408(1) 1.0000 0.0221
C2 ? ? 0.1591(2) 0.2667(2) 0.8567(1) 1.0000 0.0241
C3 ? ? 0.1997(2) 0.1391(2) 0.9280(2) 1.0000 0.0316
C4 ? ? 0.2407(3) 0.1226(2) 1.0346(2) 1.0000 0.0397
C5 ? ? 0.2407(2) 0.2319(2) 1.0709(2) 1.0000 0.0395
C6 ? ? 0.2002(3) 0.3594(2) 1.0010(2) 1.0000 0.0395
C7 ? ? 0.1586(2) 0.3769(2) 0.8943(2) 1.0000 0.0326
C8 ? ? -0.1557(2) 0.3559(2) 0.8101(2) 1.0000 0.0264
C9 ? ? -0.2174(2) 0.2350(2) 0.8792(2) 1.0000 0.0297
C10 ? ? -0.3531(2) 0.2662(2) 0.9741(2) 1.0000 0.0297
C11 ? ? -0.4642(3) 0.3664(2) 1.1348(2) 1.0000 0.0399
C12 ? ? -0.2052(3) 0.2475(2) 1.1184(2) 1.0000 0.0448
C13 ? ? 0.5084(3) 0.0768(2) 0.7094(2) 1.0000 0.0480
C14 ? ? 0.4835(2) 0.2473(3) 0.4653(2) 1.0000 0.0421
C15 ? ? 0.4675(2) 0.3775(2) 0.6586(2) 1.0000 0.0441
C16 ? ? 0.0324(3) 0.1333(2) 0.5455(2) 1.0000 0.0351
C17 ? ? -0.1075(2) 0.2171(2) 0.5242(2) 1.0000 0.0369
C18 ? ? -0.0900(3) 0.3104(2) 0.4196(2) 1.0000 0.0455
C19 ? ? 0.0606(4) 0.2870(2) 0.3726(2) 1.0000 0.0513
C20 ? ? 0.1397(2) 0.1776(3) 0.4496(2) 1.0000 0.0477
C21 ? ? 0.0639(5) 0.0204(2) 0.6490(3) 1.0000 0.0774
H31 ? ? 0.1997(2) 0.0628(2) 0.9028(2) 1.0000 0.0424
H41 ? ? 0.2690(3) 0.0345(2) 1.0837(2) 1.0000 0.0532
H51 ? ? 0.2688(2) 0.2199(2) 1.1449(2) 1.0000 0.0530
H61 ? ? 0.2008(3) 0.4354(2) 1.0264(2) 1.0000 0.0559
H71 ? ? 0.1291(2) 0.4653(2) 0.8462(2) 1.0000 0.0464
H81 ? ? -0.1263(2) 0.3909(2) 0.8630(2) 1.0000 0.0353
H82 ? ? -0.2341(2) 0.4226(2) 0.7722(2) 1.0000 0.0353
H91 ? ? -0.1380(2) 0.1681(2) 0.9157(2) 1.0000 0.0409
H92 ? ? -0.2475(2) 0.2010(2) 0.8260(2) 1.0000 0.0409
H101 ? ? -0.3792(2) 0.1840(2) 1.0188(2) 1.0000 0.0419
H102 ? ? -0.4367(2) 0.3241(2) 0.9367(2) 1.0000 0.0419
H111 ? ? -0.4459(3) 0.4094(2) 1.1870(2) 1.0000 0.0529
H112 ? ? -0.4968(3) 0.2869(2) 1.1788(2) 1.0000 0.0529
H113 ? ? -0.5417(3) 0.4262(2) 1.0918(2) 1.0000 0.0529
H121 ? ? -0.1900(3) 0.2936(2) 1.1694(2) 1.0000 0.0602
H122 ? ? -0.2323(3) 0.1658(2) 1.1635(2) 1.0000 0.0602
H123 ? ? -0.1134(3) 0.2274(2) 1.0644(2) 1.0000 0.0602
H131 ? ? 0.6161(3) 0.0672(2) 0.6943(2) 1.0000 0.0566
H132 ? ? 0.4711(3) 0.0715(2) 0.7908(2) 1.0000 0.0566
H133 ? ? 0.4862(3) 0.0066(2) 0.6878(2) 1.0000 0.0566
H141 ? ? 0.5917(2) 0.2347(3) 0.4492(2) 1.0000 0.0550
H142 ? ? 0.4372(2) 0.3323(3) 0.4192(2) 1.0000 0.0550
H143 ? ? 0.4573(2) 0.1774(3) 0.4463(2) 1.0000 0.0550
H151 ? ? 0.5759(2) 0.3623(2) 0.6448(2) 1.0000 0.0641
H152 ? ? 0.4291(2) 0.3777(2) 0.7391(2) 1.0000 0.0641
H153 ? ? 0.4248(2) 0.4623(2) 0.6103(2) 1.0000 0.0641
H171 ? ? -0.2022(2) 0.2102(2) 0.5747(2) 1.0000 0.0543
H181 ? ? -0.1698(3) 0.3801(2) 0.3862(2) 1.0000 0.0635
H191 ? ? 0.1049(4) 0.3364(2) 0.2995(2) 1.0000 0.0658
H201 ? ? 0.2471(2) 0.1395(3) 0.4392(2) 1.0000 0.0685
H211 ? ? 0.1707(5) -0.0202(2) 0.6413(3) 1.0000 0.0858
H212 ? ? 0.0311(5) 0.0532(2) 0.7184(3) 1.0000 0.0858
H213 ? ? 0.0100(5) -0.0448(2) 0.6540(3) 1.0000 0.0858
