||Ghosh, Sundargopal; Noll,Bruce C.; Fehlner, Thomas P.|||
C20 H41 B8 Cl Ru2
9.705(4) 13.701(4) 19.123(6) 90.00 90.00 90.00
P212121
Ru1 1 ? 0.03895(4) -0.52564(3) -0.05163(2) 1 0.01513(9)
Ru2 1 ? 0.03254(4) -0.53339(3) 0.09994(2) 1 0.01549(9)
Cl1 1 ? -0.29946(16) -0.42116(12) -0.07089(9) 0.850(5) 0.0221(4)
Cl1' 1 ? -0.2953(12) -0.4196(10) 0.1117(7) 0.150(5) 0.037(3)
B1 1 ? -0.0458(6) -0.4322(4) 0.0259(4) 1 0.0195(10)
H1 1 ? -0.031(9) -0.343(6) 0.028(4) 1 0.03(2)
B2 1 ? -0.1786(7) -0.4943(5) -0.0194(4) 1 0.0248(13)
B3 1 ? -0.1851(7) -0.4853(5) 0.0726(4) 1 0.0221(12)
B4 1 ? 0.1187(6) -0.6274(4) 0.0212(3) 1 0.0171(10)
H4 1 ? 0.223(9) -0.652(6) 0.026(4) 1 0.03(2)
H45 1 ? 0.0334 -0.6976 0.0388 1 0.030
B5 1 ? 0.0056(7) -0.6823(5) -0.0416(4) 1 0.0240(13)
H5 1 ? 0.034(10) -0.742(7) -0.086(5) 1 0.05(3)
H56 1 ? -0.124(8) -0.707(6) -0.017(4) 1 0.03(2)
B6 1 ? -0.1504(7) -0.6108(5) -0.0558(4) 1 0.0236(12)
H6 1 ? -0.204(8) -0.626(5) -0.101(4) 1 0.019(18)
B7 1 ? -0.2663(7) -0.5833(5) 0.0293(4) 1 0.0270(13)
H7 1 ? -0.368(9) -0.587(7) 0.008(4) 1 0.04(2)
H78 1 ? -0.198(7) -0.655(5) 0.069(3) 1 0.012(16)
B8 1 ? -0.1726(8) -0.6026(5) 0.1073(4) 1 0.0262(14)
H8 1 ? -0.212(11) -0.613(7) 0.149(5) 1 0.05(3)
C1 1 ? 0.0830(7) -0.3958(5) -0.1228(3) 1 0.0257(12)
C2 1 ? 0.0388(6) -0.4767(5) -0.1632(3) 1 0.0279(12)
C3 1 ? 0.1382(6) -0.5510(4) -0.1567(3) 1 0.0220(11)
C4 1 ? 0.2424(6) -0.5191(4) -0.1100(3) 1 0.0196(10)
C5 1 ? 0.2110(6) -0.4211(4) -0.0906(3) 1 0.0215(11)
C6 1 ? 0.0205(10) -0.2955(5) -0.1206(5) 1 0.050(2)
H6A 1 ? 0.0492 -0.2587 -0.1621 1 0.060
H6B 1 ? 0.0518 -0.2614 -0.0784 1 0.060
H6C 1 ? -0.0801 -0.3009 -0.1199 1 0.060
C7 1 ? -0.0817(8) -0.4755(9) -0.2125(4) 1 0.049(2)
H7A 1 ? -0.1615 -0.4463 -0.1892 1 0.058
H7B 1 ? -0.1040 -0.5425 -0.2266 1 0.058
H7C 1 ? -0.0583 -0.4370 -0.2541 1 0.058
C8 1 ? 0.1364(9) -0.6437(6) -0.1984(4) 1 0.0379(17)
H8A 1 ? 0.1766 -0.6317 -0.2446 1 0.045
H8B 1 ? 0.0412 -0.6662 -0.2038 1 0.045
H8C 1 ? 0.1903 -0.6937 -0.1740 1 0.045
C9 1 ? 0.3750(6) -0.5714(5) -0.0941(4) 1 0.0286(13)
H9A 1 ? 0.3643 -0.6411 -0.1042 1 0.034
H9B 1 ? 0.3980 -0.5627 -0.0445 1 0.034
H9C 1 ? 0.4491 -0.5444 -0.1230 1 0.034
C10 1 ? 0.3041(9) -0.3492(5) -0.0540(4) 1 0.0364(16)
H10A 1 ? 0.3861 -0.3832 -0.0367 1 0.044
H10B 1 ? 0.2547 -0.3197 -0.0146 1 0.044
H10C 1 ? 0.3319 -0.2981 -0.0869 1 0.044
C11 1 ? 0.1460(6) -0.4111(4) 0.1534(3) 1 0.0186(10)
C12 1 ? 0.0434(7) -0.4463(3) 0.1997(3) 1 0.0193(9)
C13 1 ? 0.0728(7) -0.5463(4) 0.2142(3) 1 0.0231(11)
C14 1 ? 0.1968(7) -0.5715(4) 0.1784(3) 1 0.0218(11)
C15 1 ? 0.2438(6) -0.4871(4) 0.1402(3) 1 0.0199(10)
C16 1 ? 0.1618(7) -0.3051(4) 0.1319(3) 1 0.0241(12)
H16A 1 ? 0.2119 -0.2696 0.1684 1 0.029
H16B 1 ? 0.0705 -0.2759 0.1255 1 0.029
H16C 1 ? 0.2133 -0.3015 0.0879 1 0.029
C17 1 ? -0.0725(7) -0.3875(4) 0.2306(3) 1 0.0255(12)
H17A 1 ? -0.1434 -0.4317 0.2487 1 0.031
H17B 1 ? -0.1125 -0.3456 0.1944 1 0.031
H17C 1 ? -0.0370 -0.3470 0.2688 1 0.031
C18 1 ? -0.0020(8) -0.6101(4) 0.2651(3) 1 0.0289(14)
H18A 1 ? 0.0481 -0.6112 0.3096 1 0.035
H18B 1 ? -0.0080 -0.6765 0.2463 1 0.035
H18C 1 ? -0.0950 -0.5844 0.2727 1 0.035
C19 1 ? 0.2747(8) -0.6661(5) 0.1860(4) 1 0.0292(13)
H19A 1 ? 0.3105 -0.6715 0.2338 1 0.035
H19B 1 ? 0.3515 -0.6672 0.1528 1 0.035
H19C 1 ? 0.2127 -0.7209 0.1764 1 0.035
C20 1 ? 0.3790(6) -0.4793(5) 0.1044(3) 1 0.0277(12)
H20A 1 ? 0.3831 -0.4178 0.0783 1 0.033
H20B 1 ? 0.3900 -0.5341 0.0719 1 0.033
H20C 1 ? 0.4531 -0.4808 0.1392 1 0.033
