|trans-Carbonyl-chloro-bis(2,4,6-triphenylphosphabenzene)-rhodium dichlorometha ne solvate|B.Breit; R.Winde; T.Mackewitz; R.Paciello; K.Harms||Chemistry-A European Journal|2001 7 3106
C47.5 H35 Cl2 O P2 Rh
10.966(1) 13.868(1) 14.306(1) 79.09(1) 74.83(1) 74.74(1)
P-1
Rh1 ? ? 0.31564(3) 0.25385(2) 0.28112(2) ? ?
Cl1 ? ? 0.26249(16) 0.43066(10) 0.26317(11) ? ?
C1 ? ? 0.3567(5) 0.1165(4) 0.2921(4) ? ?
O1 ? ? 0.3817(5) 0.0334(3) 0.2991(4) ? ?
P1 ? ? 0.13322(11) 0.25234(9) 0.40231(9) ? ?
C2 ? ? 0.0836(4) 0.3081(3) 0.5075(3) ? ?
C3 ? ? -0.0362(5) 0.3049(4) 0.5686(3) ? ?
H1 ? ? -0.05920 0.33810 0.62510 ? ?
C4 ? ? -0.1279(5) 0.2567(4) 0.5549(3) ? ?
C5 ? ? -0.1007(4) 0.2026(4) 0.4762(3) ? ?
H2 ? ? -0.16430 0.16940 0.47210 ? ?
C6 ? ? 0.0130(4) 0.1934(3) 0.4029(3) ? ?
C7 ? ? 0.1702(4) 0.3623(4) 0.5325(3) ? ?
C8 ? ? 0.3039(5) 0.3229(4) 0.5166(4) ? ?
H3 ? ? 0.34080 0.26100 0.49020 ? ?
C9 ? ? 0.3828(5) 0.3748(5) 0.5395(4) ? ?
H4 ? ? 0.47370 0.34810 0.52890 ? ?
C10 ? ? 0.3291(6) 0.4651(4) 0.5778(4) ? ?
H5 ? ? 0.38370 0.49970 0.59340 ? ?
C11 ? ? 0.1970(5) 0.5053(4) 0.5935(4) ? ?
H6 ? ? 0.16090 0.56760 0.61920 ? ?
C12 ? ? 0.1177(5) 0.4536(4) 0.5711(3) ? ?
H7 ? ? 0.02680 0.48060 0.58230 ? ?
C13 ? ? -0.2571(5) 0.2702(4) 0.6244(3) ? ?
C14 ? ? -0.3164(5) 0.3609(4) 0.6583(4) ? ?
H8 ? ? -0.27390 0.41520 0.63640 ? ?
C15 ? ? -0.4358(5) 0.3765(4) 0.7232(4) ? ?
H9 ? ? -0.47490 0.44020 0.74550 ? ?
C16 ? ? -0.4976(5) 0.2956(5) 0.7553(4) ? ?
H10 ? ? -0.57940 0.30420 0.80020 ? ?
C17 ? ? -0.4406(5) 0.2047(4) 0.7222(4) ? ?
H11 ? ? -0.48350 0.15060 0.74450 ? ?
C18 ? ? -0.3210(5) 0.1897(4) 0.6564(4) ? ?
H12 ? ? -0.28270 0.12620 0.63330 ? ?
C19 ? ? 0.0322(4) 0.1361(4) 0.3213(3) ? ?
C20 ? ? 0.0245(5) 0.0343(4) 0.3395(4) ? ?
H13 ? ? -0.00110 0.00390 0.40470 ? ?
C21 ? ? 0.0539(6) -0.0210(4) 0.2637(5) ? ?
H14 ? ? 0.04560 -0.08900 0.27650 ? ?
C22 ? ? 0.0951(6) 0.0205(5) 0.1696(5) ? ?
H15 ? ? 0.11650 -0.01970 0.11820 ? ?
C23 ? ? 0.1059(5) 0.1170(5) 0.1485(4) ? ?
H16 ? ? 0.13660 0.14420 0.08300 ? ?
C24 ? ? 0.0711(5) 0.1781(4) 0.2250(4) ? ?
H17 ? ? 0.07450 0.24720 0.21040 ? ?
P2 ? ? 0.49853(11) 0.25691(9) 0.16179(9) ? ?
C25 ? ? 0.5162(4) 0.3124(3) 0.0422(3) ? ?
C26 ? ? 0.6391(5) 0.3064(4) -0.0185(3) ? ?
H18 ? ? 0.64380 0.33860 -0.08370 ? ?
C27 ? ? 0.7558(5) 0.2574(4) 0.0077(3) ? ?
C28 ? ? 0.7604(4) 0.2025(4) 0.0996(4) ? ?
H19 ? ? 0.84290 0.16700 0.11130 ? ?
C29 ? ? 0.6519(4) 0.1962(4) 0.1755(3) ? ?
C30 ? ? 0.4006(4) 0.3675(4) 0.0037(3) ? ?
C31 ? ? 0.4016(5) 0.4578(4) -0.0592(3) ? ?
H20 ? ? 0.47700 0.48460 -0.07700 ? ?
C32 ? ? 0.2938(6) 0.5086(4) -0.0959(4) ? ?
H21 ? ? 0.29590 0.56980 -0.13870 ? ?
C33 ? ? 0.1835(5) 0.4711(5) -0.0710(4) ? ?
H22 ? ? 0.10960 0.50680 -0.09600 ? ?
C34 ? ? 0.1803(5) 0.3810(5) -0.0091(4) ? ?
H23 ? ? 0.10470 0.35450 0.00750 ? ?
C35 ? ? 0.2869(5) 0.3304(4) 0.0282(4) ? ?
H24 ? ? 0.28370 0.26930 0.07110 ? ?
C36 ? ? 0.8800(5) 0.2653(4) -0.0648(3) ? ?
C37 ? ? 0.9890(5) 0.1867(4) -0.0730(4) ? ?
H25 ? ? 0.98610 0.12400 -0.03280 ? ?
C38 ? ? 1.1026(5) 0.1996(5) -0.1404(4) ? ?
H26 ? ? 1.17670 0.14520 -0.14650 ? ?
C39 ? ? 1.1091(5) 0.2905(6) -0.1985(4) ? ?
H27 ? ? 1.18740 0.29870 -0.24380 ? ?
C40 ? ? 1.0034(6) 0.3676(5) -0.1907(4) ? ?
H28 ? ? 1.00770 0.43000 -0.23110 ? ?
C41 ? ? 0.8890(5) 0.3570(4) -0.1247(4) ? ?
H29 ? ? 0.81580 0.41220 -0.11980 ? ?
C42 ? ? 0.6639(4) 0.1320(4) 0.2699(4) ? ?
C43 ? ? 0.6088(5) 0.1673(4) 0.3588(4) ? ?
H30 ? ? 0.56680 0.23630 0.36110 ? ?
C44 ? ? 0.6146(6) 0.1019(5) 0.4450(4) ? ?
H31 ? ? 0.57600 0.12650 0.50610 ? ?
C45 ? ? 0.6753(6) 0.0027(6) 0.4425(5) ? ?
H32 ? ? 0.67830 -0.04130 0.50190 ? ?
C46 ? ? 0.7320(7) -0.0338(5) 0.3553(5) ? ?
H33 ? ? 0.77400 -0.10300 0.35400 ? ?
C47 ? ? 0.7278(6) 0.0304(4) 0.2691(4) ? ?
H34 ? ? 0.76880 0.00520 0.20850 ? ?
C48? ? ? 0.539(3) 0.048(3) -0.050(2) ? ?
H35? ? ? 0.53050 0.12010 -0.06330 ? ?
H36? ? ? 0.60380 0.01900 -0.10270 ? ?
Cl2? ? ? 0.3993(11) 0.0232(13) -0.0523(9) ? ?
Cl3? ? ? 0.5956(12) 0.0076(8) 0.0499(9) ? ?
