|trans-3-Benzoyl-2-(tert-butyl)-4-(iso-butyl)-1,3-oxazolidin-5-one|Willis, Anthony C.; Beckwith, Athelstan L.J.; Tozer, Matthew J.|trans-3-Benzoyl-2-(tert-butyl)-4-(iso-butyl)-1,3-oxazolidin-5-one||
C18 H25 N O3
5.959(1) 14.956(1) 19.737(3) 90.0 90.0 90.0
P212121
O1 ? ? .4154(4) .5699(1) .3026(0) ? .060(1)
C2 ? ? .5630(5) .5087(2) .3246(1) ? .060(2)
C3 ? ? .5350(5) .4920(2) .3997(1) ? .048(1)
N4 ? ? .3570(3) .5558(1) .4167(0) ? .039(1)
C5 ? ? .3000(5) .6122(2) .3581(1) ? .045(1)
O21 ? ? .6958(5) .4738(2) .2874(1) ? .090(2)
C31 ? ? .4869(6) .3929(2) .4143(2) ? .059(2)
C32 ? ? .2552(7) .3558(2) .3953(2) ? .073(2)
C321 ? ? .209(1) .3542(4) .3211(3) ? .111(4)
C322 ? ? .230(1) .2626(3) .4264(3) ? .149(5)
C41 ? ? .2034(4) .5476(2) .4682(1) ? .041(1)
O41 ? ? .0124(3) .5776(1) .4624(0) ? .054(1)
C411 ? ? .2826(4) .5093(2) .5334(1) ? .043(1)
C412 ? ? .1315(5) .4613(2) .5725(1) ? .064(2)
C413 ? ? .1914(7) .4324(3) .6366(2) ? .086(2)
C414 ? ? .3987(6) .4522(3) .6620(1) ? .078(2)
C415 ? ? .5494(6) .4997(2) .6241(1) ? .065(2)
C416 ? ? .4920(5) .5279(2) .5594(1) ? .053(2)
C51 ? ? .3745(5) .7097(2) .3634(1) ? .052(2)
C511 ? ? .6299(6) .7166(3) .3669(2) ? .072(2)
C512 ? ? .2881(8) .7581(3) .3000(2) ? .079(2)
C513 ? ? .2757(7) .7522(2) .4267(2) ? .068(2)
H3 ? ? .679(5) .510(2) .422(1) ? .06000
H5 ? ? .135(5) .608(2) .350(1) ? .06000
H31A ? ? .507(5) .381(2) .461(2) ? .07000
H31B ? ? .593(6) .357(2) .390(2) ? .07000
H32 ? ? .129(6) .401(3) .417(2) ? .09000
H321A ? ? .330(9) .311(4) .306(3) ? .14000
H321B ? ? .22(1) .415(4) .298(2) ? .14000
H321C ? ? .04(1) .318(3) .320(2) ? .14000
H322A ? ? .25(1) .272(4) .475(3) ? .19000
H322B ? ? .34976 .22118 .40954 ? .19000
H322C ? ? .08(1) .234(4) .397(3) ? .19000
H412 ? ? -.007(6) .447(2) .552(2) ? .08000
H413 ? ? .096(7) .392(3) .661(2) ? .11000
H414 ? ? .447(7) .433(2) .708(2) ? .10000
H415 ? ? .722(6) .521(2) .641(2) ? .08000
H416 ? ? .588(5) .564(2) .535(1) ? .07000
H511A ? ? .683(7) .692(2) .322(2) ? .09000
H511B ? ? .689(6) .681(2) .408(2) ? .09000
H511C ? ? .678(7) .781(3) .372(2) ? .09000
H512A ? ? .143(8) .759(3) .302(2) ? .10000
H512B ? ? .345(7) .726(3) .258(2) ? .10000
H512C ? ? .361(7) .820(3) .302(2) ? .10000
H513A ? ? .337(6) .717(2) .469(2) ? .09000
H513B ? ? .115(7) .757(3) .426(2) ? .09000
H513C ? ? .329(6) .817(2) .430(2) ? .09000
