||Soh-ichi, Kitoh; Hitoshi, Senda; Ko-Ki, Kunimoto|Crystal Structures of Chiral and Racemic 4-Methyl-5-phenyl-1,3-oxazolidine- 2-thione|Analytical Sciences|2003 19 x15 x16
C10 H11 N O S
10.104(2) 32.447(1) 6.014(1) 90 90 90
P1
C(1B) ? ? 0.149600 0.477060 0.562000 1.00 0.0204(4)
C(2B) ? ? 0.205200 0.504280 0.905900 1.00 0.0198(4)
C(3B) ? ? 0.216900 0.537110 0.720900 1.00 0.0200(4)
C(4B) ? ? 0.336200 0.488140 0.995100 1.00 0.0228(4)
C(5B) ? ? 0.339700 0.563440 0.729200 1.00 0.0209(4)
C(6B) ? ? 0.358500 0.588040 0.916700 1.00 0.0251(4)
C(7B) ? ? 0.472600 0.611760 0.939100 1.00 0.0302(5)
C(8B) ? ? 0.567300 0.611450 0.772900 1.00 0.0311(5)
C(9B) ? ? 0.547300 0.587950 0.583500 1.00 0.0302(5)
H(1B) ? ? 0.120000 0.454900 0.821000 1.00 0.033(7)
H(3B) ? ? 0.133000 0.555700 0.712000 1.00 0.033(6)
H(5B) ? ? 0.395000 0.481400 0.868000 1.00 0.029(6)
H(9B) ? ? 0.647000 0.626400 0.784000 1.00 0.038(7)
N(1B) ? ? 0.137500 0.472370 0.777700 1.00 0.0208(4)
O(1B) ? ? 0.211000 0.513060 0.515100 1.00 0.0221(3)
S(1B) ? ? 0.098510 0.445420 0.360010 1.00 0.0239(1)
C(10B) ? ? 0.434500 0.563760 0.561400 1.00 0.0247(4)
H(10B) ? ? 0.614000 0.587600 0.472000 1.00 0.032(6)
H(11B) ? ? 0.419000 0.546600 0.448000 1.00 0.023(5)
H(2B)_1_556 ? ? 0.153000 0.515200 1.024000 1.00 0.025(6)
H(4B)_1_556 ? ? 0.320000 0.463400 1.093000 1.00 0.023(5)
H(6B)_1_556 ? ? 0.380000 0.507000 1.083000 1.00 0.029(6)
H(7B)_1_556 ? ? 0.299000 0.589300 1.018000 1.00 0.040(7)
H(8B)_1_556 ? ? 0.484000 0.627300 1.071000 1.00 0.031(6)
