[Pt(bpy)~2~][Au(CN)~2~]~2~|||||
C24 H16 Au2 N8 Pt
7.0515(13) 9.2481(14) 9.2728(18) 75.077(2) 77.247(5) 79.743(6)
P-1
Pt1 2 ? 0.5000 0.5000 0.5000 1 0.00839(15)
C1 1 ? 0.7496(13) 0.2181(11) 0.4223(11) 1 0.014(2)
H1 1 ? 0.7385 0.1767 0.5283 1 0.017
C2 1 ? 0.8418(14) 0.1273(12) 0.3226(11) 1 0.017(2)
H2 1 ? 0.8949 0.0260 0.3597 1 0.020
C3 1 ? 0.8551(14) 0.1864(11) 0.1688(10) 1 0.014(2)
H3 1 ? 0.9082 0.1245 0.0985 1 0.017
C4 1 ? 0.7897(14) 0.3383(12) 0.1185(11) 1 0.017(2)
H4 1 ? 0.8043 0.3819 0.0126 1 0.021
C5 1 ? 0.7031(12) 0.4265(11) 0.2218(10) 1 0.0113(19)
C6 1 ? 0.6577(14) 0.5892(11) 0.1849(11) 1 0.015(2)
C7 1 ? 0.6994(13) 0.6803(11) 0.0415(11) 1 0.014(2)
H7 1 ? 0.7416 0.6366 -0.0442 1 0.017
C8 1 ? 0.6802(14) 0.8316(12) 0.0230(11) 1 0.016(2)
H8 1 ? 0.7018 0.8946 -0.0763 1 0.020
C9 1 ? 0.6300(13) 0.8942(12) 0.1467(11) 1 0.015(2)
H9 1 ? 0.6241 1.0000 0.1344 1 0.018
C10 1 ? 0.5880(13) 0.8024(11) 0.2893(11) 1 0.014(2)
H10 1 ? 0.5528 0.8451 0.3759 1 0.017
N1 1 ? 0.6761(11) 0.3612(9) 0.3746(8) 1 0.0111(16)
N2 1 ? 0.5964(10) 0.6533(9) 0.3068(8) 1 0.0101(16)
Au1 1 ? 0.83233(5) 0.52210(4) 0.67213(4) 1 0.01418(15)
C11 1 ? 0.7529(14) 0.7438(11) 0.6381(11) 1 0.014(2)
C12 1 ? 0.8878(14) 0.2998(11) 0.7375(12) 1 0.015(2)
N3 1 ? 0.6915(13) 0.8679(11) 0.6293(10) 1 0.024(2)
N4 1 ? 0.9038(14) 0.1722(11) 0.7858(10) 1 0.026(2)
