|[Ti{Me3SiNC(Ph)CH2CH2CH2NMe2}{OC(O)N-t-Bu}]||||
C30 H50 N4 O2 Si Ti
9.0352(3) 20.1007(8) 18.2507(7) 90.00 104.140(2) 90.00
P121/n1
Ti1 ? ? 0.65879(11) 0.43276(6) 0.32422(6) 1.0000 0.0334
N1 ? ? 0.6046(5) 0.3472(2) 0.2583(3) 1.0000 0.0362
N2 ? ? 0.7554(4) 0.4249(2) 0.2291(2) 1.0000 0.0326
N3 ? ? 0.8879(5) 0.5698(3) 0.0327(3) 1.0000 0.0431
N4 ? ? 0.5150(5) 0.5066(3) 0.2840(3) 1.0000 0.0394
Si1 ? ? 0.44899(19) 0.2921(1) 0.24149(11) 1.0000 0.0466
C1 ? ? 0.6916(6) 0.3665(3) 0.2112(3) 1.0000 0.0331
C2 ? ? 0.7155(6) 0.3255(3) 0.1473(3) 1.0000 0.0382
C3 ? ? 0.8224(7) 0.2743(3) 0.1598(4) 1.0000 0.0509
C4 ? ? 0.8485(8) 0.2382(4) 0.0986(5) 1.0000 0.0609
C5 ? ? 0.7690(9) 0.2520(4) 0.0268(5) 1.0000 0.0675
C6 ? ? 0.6624(9) 0.3026(4) 0.0143(4) 1.0000 0.0620
C7 ? ? 0.6370(7) 0.3393(3) 0.0740(4) 1.0000 0.0494
C8 ? ? 0.8745(6) 0.4501(3) 0.1935(3) 1.0000 0.0370
C9 ? ? 0.8129(6) 0.4900(3) 0.1214(3) 1.0000 0.0344
C10 ? ? 0.9373(6) 0.5333(3) 0.1035(3) 1.0000 0.0380
C11 ? ? 0.7698(8) 0.6174(4) 0.0371(5) 1.0000 0.0777
C12 ? ? 1.0188(7) 0.6052(3) 0.0167(4) 1.0000 0.0480
C13 ? ? 0.4111(7) 0.2684(4) 0.3335(4) 1.0000 0.0593
C14 ? ? 0.2776(7) 0.3351(4) 0.1836(4) 1.0000 0.0678
C15 ? ? 0.4841(9) 0.2154(4) 0.1923(5) 1.0000 0.0912
C16 ? ? 0.3977(7) 0.4748(3) 0.3059(4) 1.0000 0.0450
C17 ? ? 0.4840(6) 0.5645(3) 0.2317(3) 1.0000 0.0417
C18 ? ? 0.6358(7) 0.5988(3) 0.2367(4) 1.0000 0.0499
C19 ? ? 0.4122(7) 0.5379(3) 0.1522(4) 1.0000 0.0555
C20 ? ? 0.3752(8) 0.6145(4) 0.2550(5) 1.0000 0.0720
C21 ? ? 0.9180(6) 0.4059(3) 0.3876(3) 1.0000 0.0345
C22 ? ? 0.8954(6) 0.4744(3) 0.3974(3) 1.0000 0.0336
C23 ? ? 0.7840(7) 0.4804(4) 0.4401(4) 1.0000 0.0497
C24 ? ? 0.7407(6) 0.4160(4) 0.4567(3) 1.0000 0.0489
C25 ? ? 0.8225(6) 0.3694(3) 0.4239(3) 1.0000 0.0419
C26 ? ? 1.0365(6) 0.3735(3) 0.3530(3) 1.0000 0.0399
C27 ? ? 0.9820(7) 0.5316(3) 0.3751(4) 1.0000 0.0451
C28 ? ? 0.7300(8) 0.5460(4) 0.4658(4) 1.0000 0.0696
C29 ? ? 0.6340(7) 0.3996(5) 0.5063(4) 1.0000 0.0760
C30 ? ? 0.8191(7) 0.2947(4) 0.4312(4) 1.0000 0.0646
O1 ? ? 0.4615(4) 0.4250(2) 0.3516(2) 1.0000 0.0458
O2 ? ? 0.2623(4) 0.4872(2) 0.2909(3) 1.0000 0.0578
H31 ? ? 0.8796(7) 0.2638(3) 0.2127(4) 1.0000 0.0710
H41 ? ? 0.9254(8) 0.2014(4) 0.1075(5) 1.0000 0.0836
H51 ? ? 0.7885(9) 0.2257(4) -0.0164(5) 1.0000 0.0858
H61 ? ? 0.6039(9) 0.3121(4) -0.0387(4) 1.0000 0.0807
H71 ? ? 0.5612(7) 0.3765(3) 0.0643(4) 1.0000 0.0638
H81 ? ? 0.9430(6) 0.4802(3) 0.2304(3) 1.0000 0.0557
H82 ? ? 0.9348(6) 0.4115(3) 0.1819(3) 1.0000 0.0557
H91 ? ? 0.7258(6) 0.5185(3) 0.1272(3) 1.0000 0.0477
H92 ? ? 0.7768(6) 0.4584(3) 0.0785(3) 1.0000 0.0477
H101 ? ? 0.9692(6) 0.5661(3) 0.1456(3) 1.0000 0.0501
H102 ? ? 1.0263(6) 0.5045(3) 0.1009(3) 1.0000 0.0501
H111 ? ? 0.7367(8) 0.6413(4) -0.0123(5) 1.0000 0.1042
H112 ? ? 0.8118(8) 0.6502(4) 0.0781(5) 1.0000 0.1042
H113 ? ? 0.6803(8) 0.5940(4) 0.0484(5) 1.0000 0.1042
H121 ? ? 0.9855(7) 0.6301(3) -0.0320(4) 1.0000 0.0663
H122 ? ? 1.0612(7) 0.6371(3) 0.0585(4) 1.0000 0.0663
H123 ? ? 1.0992(7) 0.5721(3) 0.0127(4) 1.0000 0.0663
H131 ? ? 0.3230(7) 0.2368(4) 0.3249(4) 1.0000 0.0823
H132 ? ? 0.3860(7) 0.3094(4) 0.3592(4) 1.0000 0.0823
H133 ? ? 0.5037(7) 0.2467(4) 0.3659(4) 1.0000 0.0823
H141 ? ? 0.1883(7) 0.3041(4) 0.1737(4) 1.0000 0.0840
H142 ? ? 0.2544(7) 0.3750(4) 0.2115(4) 1.0000 0.0840
H143 ? ? 0.2981(7) 0.3493(4) 0.1345(4) 1.0000 0.0840
H151 ? ? 0.3929(9) 0.1856(4) 0.1843(5) 1.0000 0.1206
H152 ? ? 0.5756(9) 0.1915(4) 0.2229(5) 1.0000 0.1206
H153 ? ? 0.5024(9) 0.2281(4) 0.1423(5) 1.0000 0.1206
H181 ? ? 0.6197(7) 0.6383(3) 0.2024(4) 1.0000 0.0681
H182 ? ? 0.6773(7) 0.6138(3) 0.2901(4) 1.0000 0.0681
H183 ? ? 0.7098(7) 0.5676(3) 0.2220(4) 1.0000 0.0681
H191 ? ? 0.3902(7) 0.5762(3) 0.1161(4) 1.0000 0.0667
H192 ? ? 0.4846(7) 0.5066(3) 0.1363(4) 1.0000 0.0667
H193 ? ? 0.3150(7) 0.5140(3) 0.1520(4) 1.0000 0.0667
H201 ? ? 0.3563(8) 0.6529(4) 0.2190(5) 1.0000 0.1039
H202 ? ? 0.4225(8) 0.6311(4) 0.3071(5) 1.0000 0.1039
H203 ? ? 0.2763(8) 0.5920(4) 0.2544(5) 1.0000 0.1039
H261 ? ? 1.0257(6) 0.3241(3) 0.3547(3) 1.0000 0.0552
H262 ? ? 1.1410(6) 0.3867(3) 0.3824(3) 1.0000 0.0552
H263 ? ? 1.0211(6) 0.3883(3) 0.2994(3) 1.0000 0.0552
H271 ? ? 0.9391(7) 0.5745(3) 0.3885(4) 1.0000 0.0535
H272 ? ? 1.0921(7) 0.5283(3) 0.4024(4) 1.0000 0.0535
H273 ? ? 0.9725(7) 0.5299(3) 0.3194(4) 1.0000 0.0535
H281 ? ? 0.6522(8) 0.5375(4) 0.4953(4) 1.0000 0.0857
H282 ? ? 0.8188(8) 0.5703(4) 0.4982(4) 1.0000 0.0857
H283 ? ? 0.6836(8) 0.5736(4) 0.4204(4) 1.0000 0.0857
H291 ? ? 0.6224(7) 0.3502(5) 0.5079(4) 1.0000 0.1003
H292 ? ? 0.6774(7) 0.4168(5) 0.5586(4) 1.0000 0.1003
H293 ? ? 0.5319(7) 0.4204(5) 0.4852(4) 1.0000 0.1003
H301 ? ? 0.7412(7) 0.2811(4) 0.4589(4) 1.0000 0.0781
H302 ? ? 0.9219(7) 0.2782(4) 0.4590(4) 1.0000 0.0781
H303 ? ? 0.7920(7) 0.2752(4) 0.3792(4) 1.0000 0.0781
