|||||
C12 Cr6 N4 O100 P2 W18
16.009(4) 16.009(4) 21.785(9) 90 90 120
P63/m
W(1) 1 ? 0.33200(5) 0.44567(5) 0.16398(4) 1.00 0.0230(2)
W(2) 1 ? 0.55865(5) 0.67845(5) 0.16419(4) 1.00 0.0225(2)
W(3) 1 ? 0.40632(6) 0.59872(6) 0.02479(3) 1.00 0.0324(2)
Cr(1) 2 ? 0.5328(3) 0.2853(3) 0.2500 1.00 0.031(1)
Cr(2) 1 ? 0.9246(4) 0.8614(4) 0.1535(3) 0.50 0.022(1)
P(1) 3 ? 0.3333 0.6667 0.1590(3) 1.00 0.020(1)
O(1) 1 ? 0.4573(9) 0.5514(9) 0.1782(6) 1.00 0.025(3)
O(2) 1 ? 0.350(1) 0.495(1) 0.0816(6) 1.00 0.034(4)
O(3) 1 ? 0.283(1) 0.5625(8) 0.1802(5) 1.00 0.022(3)
O(4) 2 ? 0.315(1) 0.431(1) 0.2500 1.00 0.023(4)
O(5) 1 ? 0.1958(9) 0.3801(9) 0.1502(6) 1.00 0.028(3)
O(6) 1 ? 0.349(1) 0.3508(9) 0.1478(8) 1.00 0.039(4)
O(7) 1 ? 0.5099(9) 0.661(1) 0.0813(6) 1.00 0.028(4)
O(8) 2 ? 0.575(1) 0.698(1) 0.2500 1.00 0.027(5)
O(9) 1 ? 0.6545(9) 0.6626(9) 0.1488(7) 1.00 0.032(4)
O(10) 3 ? 0.3333 0.6667 0.0872(8) 1.00 0.020(4)
O(11) 1 ? 0.454(1) 0.557(1) -0.0291(7) 1.00 0.052(5)
O(12) 1 ? 0.279(1) 0.555(1) -0.0083(5) 1.00 0.031(4)
O(13) 6 ? 0.6667 0.3333 0.2500 1.00 0.032(7)
O(14) 1 ? 0.503(1) 0.188(1) 0.1872(9) 1.00 0.057(5)
O(15) 2 ? 0.385(2) 0.234(2) 0.2500 1.00 0.059(7)
O(16) 1 ? 0.538(1) 0.373(1) 0.1842(8) 1.00 0.054(4)
O(17) 1 ? 0.842(2) 0.715(2) 0.156(1) 0.50 0.031(6)
O(18) 1 ? 1.002(2) 0.846(2) 0.090(1) 0.50 0.038(7)
O(19) 1 ? 1.001(2) 0.846(2) 0.220(1) 0.50 0.027(6)
O(20) 1 ? 0.837(2) 0.858(2) 0.091(1) 0.50 0.036(7)
O(21) 1 ? 0.834(2) 0.855(2) 0.220(1) 0.50 0.032(6)
O(22) 3 ? 1.0000 1.0000 0.152(2) 0.50 0.021(8)
O(23) 1 ? 0.825(3) 0.631(3) 0.063(2) 1.00 0.19(2)
N(1) 1 ? 0.321(2) 0.332(2) -0.004(1) 0.67 0.031(5)
C(1) 1 ? 0.602(1) 0.452(1) 0.164(1) 1.00 0.035(4)
C(2) 2 ? 1.087(4) 0.896(4) 0.2500 1.00 0.07(1)
C(3) 1 ? 0.814(3) 0.914(3) 0.077(2) 0.50 0.026(8)
