||Mohammad Abul Haj; Miguel Quirós; Juan M. Salas; José A. Dobado; José Molina Molina; Manuel G. Basallote; M. Ángeles Máñez||European Journal of Inorganic Chemistry|2002 811 818
C20 H20 Cu2 N16 O8
10.2473(5) 16.1318(8) 16.2087(12) 90.00 90.00 90.00
Pbca
Cu ? ? 0.41295(10) 0.43409(7) 0.47510(8) 1 0.0408(4)
N1A ? ? 0.7195(8) 0.3217(5) 0.3432(6) 1 0.055(2)
C2A ? ? 0.6011(10) 0.3308(7) 0.3724(8) 1 0.061(3)
H2A ? ? 0.5371(10) 0.2908(7) 0.3638(8) 1 0.073
N3A ? ? 0.5756(8) 0.4013(5) 0.4152(5) 1 0.045(2)
C3AA ? ? 0.6909(8) 0.4396(5) 0.4156(5) 1 0.034(2)
N4A ? ? 0.7217(7) 0.5118(4) 0.4498(5) 1 0.038(2)
C5A ? ? 0.8448(9) 0.5439(6) 0.4348(6) 1 0.037(2)
O5A ? ? 0.8758(6) 0.6132(4) 0.4616(5) 1 0.057(2)
C6A ? ? 0.9342(9) 0.4936(7) 0.3892(6) 1 0.049(3)
H6A ? ? 1.0180(9) 0.5139(7) 0.3803(6) 1 0.059
C7A ? ? 0.9038(9) 0.4184(6) 0.3581(6) 1 0.044(2)
H7A ? ? 0.9640(9) 0.3860(6) 0.3298(6) 1 0.052
N8A ? ? 0.7761(7) 0.3929(5) 0.3714(5) 1 0.041(2)
N1B ? ? 0.5385(11) 0.2800(6) 0.6626(7) 1 0.073(3)
C2B ? ? 0.4674(11) 0.2982(8) 0.6019(8) 1 0.065(3)
H2B ? ? 0.4068(11) 0.2623(8) 0.5785(8) 1 0.078
N3B ? ? 0.4895(9) 0.3804(5) 0.5741(6) 1 0.053(2)
C3AB ? ? 0.5804(10) 0.4087(6) 0.6209(6) 1 0.045(2)
N4B ? ? 0.6369(7) 0.4849(6) 0.6196(5) 1 0.045(2)
C5B ? ? 0.7322(10) 0.4995(7) 0.6819(7) 1 0.054(3)
O5B ? ? 0.7828(8) 0.5678(5) 0.6836(5) 1 0.065(2)
C6B ? ? 0.7658(11) 0.4336(8) 0.7331(7) 1 0.058(3)
H6B ? ? 0.8330(11) 0.4421(8) 0.7708(7) 1 0.070
C7B ? ? 0.7081(10) 0.3591(7) 0.7326(6) 1 0.052(3)
H7B ? ? 0.7336(10) 0.3173(7) 0.7687(6) 1 0.063
N8B ? ? 0.6120(9) 0.3471(6) 0.6772(6) 1 0.059(2)
O1W ? ? 0.2983(7) 0.3260(4) 0.4336(5) 1 0.069(2)
H11W ? ? 0.2792(7) 0.3462(4) 0.3859(5) 1 0.083
H12W ? ? 0.2362(7) 0.3328(4) 0.4683(5) 1 0.083
O2W ? ? 0.3527(8) 0.1539(5) 0.4495(7) 1 0.075(3)
H21W ? ? 0.3426(127) 0.2068(19) 0.4548(81) 1 0.090
H22W ? ? 0.4347(36) 0.1420(79) 0.4521(82) 1 0.090
