||Juan M. Salas; Miguel Quirós; M. Angustias Romero; M. Purificación Sánchez; Miguel A. Salas; Rosario Vilaplana|Metal complexes of theophylline-7-acetic acid. Crystal structure of a nickel(II) compound containing non-coordinated theophylline-7-acetate ion|Polyhedron|1995 14 611 616
C18 H38 N8 Ni O18
8.148(3) 9.104(2) 11.854(3) 105.37(1) 95.31(2) 115.17(1)
P-1
Ni ? ? 0.50000 0.50000 0.50000 ? 0.0242(2)
N1 ? ? 0.7319(3) 0.4183(2) -0.0226(2) ? 0.0318(8)
C1 ? ? 0.6115(4) 0.3860(4) -0.1362(2) ? 0.046(1)
H11 ? ? 0.6391(4) 0.4995(4) -0.1363(2) ? 0.076(3)
H12 ? ? 0.4814(4) 0.3222(4) -0.1390(2) ? 0.076(3)
H13 ? ? 0.6407(4) 0.3277(4) -0.2053(2) ? 0.076(3)
C2 ? ? 0.7416(3) 0.2751(3) -0.0074(2) ? 0.0318(9)
O2 ? ? 0.6619(2) 0.1337(2) -0.0880(1) ? 0.0428(8)
N3 ? ? 0.8460(3) 0.2984(2) 0.0992(2) ? 0.0326(8)
C3 ? ? 0.8577(4) 0.1508(3) 0.1195(2) ? 0.048(1)
H31 ? ? 0.9271(4) 0.1846(3) 0.2000(2) ? 0.076(3)
H32 ? ? 0.9194(4) 0.1108(3) 0.0631(2) ? 0.076(3)
H33 ? ? 0.7343(4) 0.0598(3) 0.1080(2) ? 0.076(3)
C4 ? ? 0.9325(3) 0.4588(3) 0.1873(2) ? 0.0287(9)
C5 ? ? 0.9206(3) 0.5974(3) 0.1701(2) ? 0.0279(9)
C6 ? ? 0.8187(3) 0.5863(3) 0.0621(2) ? 0.0300(9)
O6 ? ? 0.8037(2) 0.7059(2) 0.0399(2) ? 0.0424(8)
N7 ? ? 1.0262(2) 0.7334(2) 0.2763(2) ? 0.0319(8)
C8 ? ? 1.0898(3) 0.6676(3) 0.3481(2) ? 0.039(1)
H8 ? ? 1.1656(3) 0.7345(3) 0.4284(2) ? 0.076(3)
N9 ? ? 1.0374(3) 0.5005(2) 0.2971(2) ? 0.0361(9)
C10 ? ? 1.0508(3) 0.9086(3) 0.3099(2) ? 0.0335(9)
H101 ? ? 1.1615(3) 0.9822(3) 0.3733(2) ? 0.076(3)
H102 ? ? 1.0651(3) 0.9454(3) 0.2410(2) ? 0.076(3)
C11 ? ? 0.8870(3) 0.9247(2) 0.3534(2) ? 0.0270(9)
O11 ? ? 0.7465(2) 0.7919(2) 0.3471(2) ? 0.0389(7)
O12 ? ? 0.9076(2) 1.0751(2) 0.3917(2) ? 0.0377(7)
O1W ? ? 0.6060(2) 0.4646(2) 0.3506(2) ? 0.0370(7)
H11W ? ? 0.548(4) 0.391(3) 0.282(2) ? 0.079(3)
H12W ? ? 0.666(4) 0.554(3) 0.335(3) ? 0.079(3)
O2W ? ? 0.7676(2) 0.6499(2) 0.6057(2) ? 0.0369(7)
H21W ? ? 0.864(4) 0.733(3) 0.596(3) ? 0.079(3)
H22W ? ? 0.820(4) 0.596(4) 0.630(3) ? 0.079(3)
O3W ? ? 0.4884(2) 0.7111(2) 0.4771(2) ? 0.0333(7)
H31W ? ? 0.487(5) 0.792(3) 0.532(2) ? 0.079(3)
H32W ? ? 0.559(4) 0.755(4) 0.435(3) ? 0.079(3)
O4W ? ? 0.4126(4) 0.2223(3) 0.1259(2) ? 0.067(1)
H41W ? ? 0.351(4) 0.115(2) 0.118(3) ? 0.079(3)
H42W ? ? 0.328(4) 0.232(4) 0.081(3) ? 0.079(3)
O5W ? ? 0.5413(3) 1.0459(3) 0.3475(2) ? 0.062(1)
H51W ? ? 0.649(3) 1.046(4) 0.360(3) ? 0.079(3)
H52W ? ? 0.501(5) 1.011(4) 0.273(2) ? 0.079(3)
