|||||
H50.5 Nd3 O85.75 P2 W17
14.297(3) 17.167(3) 19.490(4) 82.95(3) 74.68(3) 78.40(3)
P-1
W1 1 ? 0.86628(6) 0.09361(6) 0.06307(4) 1 0.0123(2)
W2 1 ? 1.03966(6) 0.04864(6) 0.17346(5) 1 0.0148(2)
W3 1 ? 0.53308(6) 0.09717(6) 0.33070(5) 1 0.0157(2)
W4 1 ? 0.82501(6) -0.12098(6) 0.32891(4) 1 0.0138(2)
W5 1 ? 0.69320(7) 0.05647(6) 0.43348(5) 1 0.0161(2)
W6 1 ? 0.62232(6) 0.12572(6) 0.13755(5) 1 0.0148(2)
W7 1 ? 0.51695(7) 0.31736(6) 0.33931(5) 1 0.0202(2)
W8 1 ? 0.95591(7) 0.03860(6) 0.35144(5) 1 0.0155(2)
W9 1 ? 0.67493(7) 0.27729(6) 0.44381(5) 1 0.0211(2)
W10 1 ? 0.85291(7) 0.31713(6) 0.07068(5) 1 0.0165(2)
W11 1 ? 0.66820(6) -0.08009(6) 0.22536(5) 1 0.0139(2)
W12 1 ? 0.94190(7) 0.25665(6) 0.36216(5) 1 0.0201(2)
W13 1 ? 0.60936(7) 0.34471(6) 0.14467(5) 1 0.0198(2)
W14 1 ? 1.02918(7) 0.27160(6) 0.18543(5) 1 0.0179(2)
W15 1 ? 0.78629(8) 0.45519(7) 0.36205(5) 1 0.0250(2)
W16 1 ? 0.62516(8) 0.49705(6) 0.25795(6) 1 0.0254(2)
W17 1 ? 0.87207(8) 0.47263(6) 0.18103(5) 1 0.0222(2)
Nd1 1 ? 0.94145(9) -0.13980(8) 0.12648(6) 1 0.0155(3)
Nd2 1 ? 0.39968(10) -0.14933(9) 0.24092(8) 1 0.0261(3)
Nd3 1 ? 0.88190(9) -0.26944(8) 0.50084(6) 1 0.0189(3)
P1 1 ? 0.7845(4) 0.0692(4) 0.2481(3) 1 0.0122(12)
P2 1 ? 0.7701(4) 0.3064(4) 0.2591(3) 1 0.0165(13)
O1 1 ? 0.3901(13) 0.3517(13) 0.3636(10) 1 0.036(5)
O2 1 ? 0.8462(12) 0.4220(11) 0.1114(8) 1 0.021(4)
O3 1 ? 0.8330(11) -0.1959(10) 0.3967(8) 1 0.018(3)
O4 1 ? 0.5605(11) 0.0702(11) 0.4230(9) 1 0.022(4)
O5 1 ? 0.7183(11) 0.3585(10) 0.0664(8) 1 0.018(3)
O6 1 ? 0.5154(12) 0.3822(12) 0.1057(10) 1 0.029(4)
O7 1 ? 0.5800(11) -0.0027(10) 0.3012(8) 1 0.017(3)
O8 1 ? 1.0083(11) -0.0440(10) 0.1710(8) 1 0.018(3)
O9 1 ? 1.1612(12) 0.0350(12) 0.1230(10) 1 0.029(4)
O10 1 ? 0.6249(12) 0.2366(11) 0.1270(9) 1 0.024(4)
O11 1 ? 0.5720(11) -0.1264(11) 0.2265(9) 1 0.023(4)
O12 1 ? 0.9681(12) 0.1461(11) 0.3491(8) 1 0.023(4)
O13 1 ? 0.6523(16) 0.2863(14) 0.5333(11) 1 0.041(5)
O14 1 ? 0.4072(12) 0.1002(11) 0.3527(9) 1 0.025(4)
O15 1 ? 1.0418(12) 0.1650(12) 0.1918(9) 1 0.026(4)
O16 1 ? 0.7061(13) 0.3839(11) 0.4153(9) 1 0.027(4)
O17 1 ? 0.8742(11) -0.0091(10) 0.0818(8) 1 0.018(3)
O18 1 ? 0.9066(11) -0.1675(10) 0.2542(8) 1 0.018(3)
O19 1 ? 0.6744(13) 0.0308(12) 0.5239(9) 1 0.028(4)
O20 1 ? 0.5330(15) 0.5796(14) 0.2547(11) 1 0.039(5)
O21 1 ? 0.8414(11) 0.2179(10) 0.0628(8) 1 0.019(4)
O22 1 ? 0.9122(13) 0.3464(12) -0.0145(9) 1 0.029(4)
O23 1 ? 0.9148(11) -0.0564(11) 0.3414(8) 1 0.021(4)
O24 1 ? 0.6426(11) 0.0119(11) 0.1632(8) 1 0.019(3)
O25 1 ? 0.6648(11) 0.1721(11) 0.4434(8) 1 0.022(4)
O26 1 ? 0.7090(11) -0.1396(11) 0.3069(9) 1 0.020(4)
O27 1 ? 0.7375(14) 0.5340(12) 0.1957(10) 1 0.034(5)
O28 1 ? 0.7317(12) -0.0405(11) 0.3956(8) 1 0.022(4)
O29 1 ? 0.5204(11) 0.2110(11) 0.3496(8) 1 0.021(4)
O30 1 ? 0.9608(11) 0.2837(11) 0.1127(8) 1 0.020(4)
O31 1 ? 0.7019(11) 0.1003(10) 0.3114(8) 1 0.017(3)
O32 1 ? 0.6715(13) 0.5176(12) 0.3355(9) 1 0.029(4)
O33 1 ? 0.7992(16) 0.5105(14) 0.4256(11) 1 0.040(5)
O34 1 ? 0.8617(13) 0.5029(12) 0.2769(9) 1 0.028(4)
O35 1 ? 0.7623(11) -0.1309(10) 0.1631(8) 1 0.016(3)
O36 1 ? 0.5283(12) 0.1266(12) 0.0986(9) 1 0.025(4)
O37 1 ? 0.8147(13) 0.2460(12) 0.4182(9) 1 0.027(4)
O38 1 ? 0.9698(11) 0.1017(10) 0.1058(8) 1 0.014(3)
O39 1 ? 0.5461(13) 0.3157(12) 0.4304(10) 1 0.031(4)
O40 1 ? 1.0444(13) 0.2745(12) 0.2813(9) 1 0.026(4)
O41 1 ? 0.9381(14) 0.5438(12) 0.1318(10) 1 0.034(5)
O42 1 ? 0.9272(11) 0.0996(10) -0.0259(8) 1 0.015(3)
O43 1 ? 0.7885(10) -0.0216(9) 0.2454(7) 1 0.012(3)
O44 1 ? 1.0611(11) 0.0245(10) 0.2678(8) 1 0.018(3)
O45 1 ? 1.0044(13) 0.2535(13) 0.4264(9) 1 0.031(4)
O46 1 ? 0.8738(12) 0.2641(10) 0.2659(8) 1 0.018(4)
O47 1 ? 0.6889(11) 0.2797(10) 0.3219(8) 1 0.014(3)
O48 1 ? 0.8269(11) 0.0688(10) 0.4098(8) 1 0.016(3)
O49 1 ? 0.9704(12) 0.3878(11) 0.1955(9) 1 0.024(4)
O50 1 ? 1.1446(13) 0.2855(12) 0.1367(9) 1 0.030(4)
O51 1 ? 1.0204(12) 0.0017(11) 0.4149(9) 1 0.024(4)
O52 1 ? 0.7652(12) 0.3977(11) 0.2633(9) 1 0.024(4)
O53 1 ? 0.7530(11) 0.2951(10) 0.1880(8) 1 0.018(3)
O54 1 ? 0.5542(11) 0.1387(11) 0.2330(8) 1 0.021(4)
O55 1 ? 0.7636(10) 0.1124(10) 0.1779(7) 1 0.013(3)
O56 1 ? 0.8939(13) 0.3680(11) 0.3598(9) 1 0.024(4)
O57 1 ? 0.7312(10) 0.1100(10) 0.0558(8) 1 0.013(3)
O58 1 ? 0.5404(12) 0.3174(11) 0.2385(9) 1 0.024(4)
O59 1 ? 0.8856(10) 0.0809(10) 0.2579(8) 1 0.017(3)
O60 1 ? 0.6181(13) 0.4387(11) 0.1819(9) 1 0.026(4)
O61 1 ? 0.5557(12) 0.4227(12) 0.3172(9) 1 0.026(4)
O1W 1 ? 1.0966(15) -0.2257(14) 0.1403(12) 1 0.044(5)
O2W 1 ? 0.9085(15) -0.1746(14) 0.0148(10) 1 0.038(5)
O3W 1 ? 0.9128(18) -0.2810(17) 0.1488(13) 1 0.056(6)
O4W 1 ? 1.0418(15) -0.2355(15) 0.4284(11) 1 0.046(5)
O5W 1 ? 0.7066(16) -0.2021(16) 0.5371(11) 1 0.049(6)
O6W 1 ? 0.877(2) -0.1254(18) 0.5165(14) 1 0.063(7)
O7W 1 ? 0.777(2) -0.3698(19) 0.5115(15) 1 0.070(7)
O8W 1 ? 0.9866(18) -0.3959(17) 0.5286(14) 1 0.058(6)
O9W 1 ? 0.9368(17) -0.3471(16) 0.3929(13) 1 0.054(6)
O10W 1 ? 0.8102(17) -0.2938(16) 0.6337(12) 1 0.053(6)
O11W 1 ? 0.4942(16) -0.2663(15) 0.2907(13) 1 0.049(6)
O12W 1 ? 0.4183(17) -0.0928(17) 0.3460(13) 1 0.058(6)
O13W 1 ? 0.420(2) -0.011(2) 0.1821(16) 1 0.075(8)
O14W 1 ? 0.508(2) -0.200(2) 0.1274(17) 1 0.086(9)
O15W 1 ? 0.2890(18) -0.2078(17) 0.3499(13) 1 0.056(6)
O16W 1 ? 0.244(2) -0.056(2) 0.2868(16) 1 0.071(8)
O17W 1 ? 0.346(3) -0.267(2) 0.2140(19) 0.50 0.028(8)
O18W 1 ? 0.308(3) -0.121(3) 0.142(2) 0.50 0.048(10)
OW1 1 ? 0.5764(19) -0.1436(18) 0.4525(13) 1 0.061(7)
OW2 1 ? 1.1429(15) -0.1287(14) 0.4588(10) 1 0.040(5)
OW3 1 ? 0.549(2) 0.585(2) 0.4575(17) 0.75 0.061(9)
OW4 1 ? 1.278(2) 0.061(2) -0.0174(15) 0.75 0.047(7)
OW5 1 ? 1.288(2) -0.225(2) 0.0619(15) 0.75 0.047(7)
OW6 1 ? 0.698(3) 0.702(2) 0.1457(18) 0.75 0.061(9)
OW7 1 ? 0.104(2) -0.171(2) 0.2832(16) 0.75 0.052(8)
OW8 1 ? 0.924(3) -0.515(3) 0.618(3) 0.50 0.055(12)
OW9 1 ? 0.628(3) 0.714(3) 0.373(2) 0.75 0.070(10)
OW10 1 ? 0.818(2) -0.335(2) 0.2918(17) 0.75 0.053(8)
