||Jorge A. R. Navarro; M. Angustias Romero; Juan M. Salas; Miguel Quirós; Jaouad El Bahraoui; José Molina|Binuclear platinum(II) triazolopyrimidine bridged complexes. Preparation, crystal structure, NMR spectroscopy, and ab initio MO investigation on the bonding nature of the Pt(II)...Pt(II) interaction in the model compound {Pt~2~[NHCHN(C(CH~2~)(CH~3~))]~4~}|Inorganic Chemistry|1996 35 7829 7835
C14 H16 N8 O3 Pt S
14.207(3) 15.187(3) 17.165(3) 90.00 90.00 90.00
Pbcn
Pt ? ? 0.01477(4) 0.08549(5) 0.02270(4) 1 0.0520(3)
N1A ? ? 0.2911(14) 0.0803(21) -0.0669(13) 1 0.094(6)
C2A ? ? 0.2181(18) 0.1183(15) -0.0298(14) 1 0.077(7)
H2A ? ? 0.2206(18) 0.1788(15) -0.0136(14) 1 0.080
N3A ? ? 0.1406(11) 0.0661(12) -0.0262(11) 1 0.060(4)
C3AA ? ? 0.1641(17) -0.0128(18) -0.0607(13) 1 0.057(6)
N4A ? ? 0.1171(11) -0.0857(15) -0.0718(10) 1 0.060(4)
C5A ? ? 0.1589(21) -0.1487(17) -0.1116(13) 1 0.072(8)
C51A ? ? 0.1032(18) -0.2276(14) -0.1332(12) 1 0.084(8)
H51A ? ? 0.1435(18) -0.2666(14) -0.1620(12) 1 0.080
H52A ? ? 0.0495(18) -0.2126(14) -0.1644(12) 1 0.080
H53A ? ? 0.0827(18) -0.2563(14) -0.0864(12) 1 0.080
C6A ? ? 0.2487(27) -0.1407(19) -0.1386(15) 1 0.102(10)
H6A ? ? 0.2799(27) -0.1897(19) -0.1627(15) 1 0.080
C7A ? ? 0.3088(26) -0.0680(27) -0.1270(19) 1 0.117(12)
O7A ? ? 0.3901(14) -0.0524(14) -0.1482(13) 1 0.145(10)
N8A ? ? 0.2574(17) -0.0003(19) -0.0861(14) 1 0.090(7)
N1B ? ? 0.1274(13) 0.0063(16) 0.2362(11) 1 0.071(6)
C2B ? ? 0.0998(16) 0.0656(19) 0.1854(15) 1 0.077(8)
H2B ? ? 0.1046(16) 0.1279(19) 0.1942(15) 1 0.080
N3B ? ? 0.0650(13) 0.0321(14) 0.1176(10) 1 0.064(5)
C3AB ? ? 0.0665(14) -0.0554(18) 0.1318(14) 1 0.060(7)
N4B ? ? 0.0386(11) -0.1217(12) 0.0840(10) 1 0.054(5)
C5B ? ? 0.0466(17) -0.2009(18) 0.1157(17) 1 0.075(8)
C51B ? ? 0.0097(17) -0.2770(13) 0.0686(12) 1 0.087(7)
H51B ? ? 0.0208(17) -0.3327(13) 0.0934(12) 1 0.080
H52B ? ? 0.0403(17) -0.2761(13) 0.0188(12) 1 0.080
H53B ? ? -0.0568(17) -0.2687(13) 0.0617(12) 1 0.080
C6B ? ? 0.0872(16) -0.2204(16) 0.1832(19) 1 0.073(8)
H6B ? ? 0.0838(16) -0.2801(16) 0.2015(19) 1 0.080
C7B ? ? 0.1200(20) -0.1578(20) 0.2386(21) 1 0.089(9)
O7B ? ? 0.1548(14) -0.1616(13) 0.3026(9) 1 0.102(7)
N8B ? ? 0.1061(12) -0.0694(17) 0.2019(11) 1 0.067(6)
S1D ? ? 0.1733(13) 0.3715(13) 0.1176(11) 0.50 0.130(7)
O1D ? ? 0.1678(25) 0.2749(17) 0.1029(21) 0.50 0.150(16)
C11D ? ? 0.1344(54) 0.3749(37) 0.2139(18) 0.50 0.180(37)
H111 ? ? 0.1803(54) 0.3493(37) 0.2480(18) 0.50 0.120
H112 ? ? 0.1234(54) 0.4350(37) 0.2287(18) 0.50 0.120
H113 ? ? 0.0766(54) 0.3424(37) 0.2175(18) 0.50 0.120
C12D ? ? 0.0825(36) 0.4211(31) 0.0686(33) 0.50 0.137(24)
H121 ? ? 0.0983(36) 0.4226(31) 0.0142(33) 0.50 0.120
H122 ? ? 0.0260(36) 0.3875(31) 0.0758(33) 0.50 0.120
H123 ? ? 0.0728(36) 0.4801(31) 0.0871(33) 0.50 0.120
S2D ? ? 0.1503(16) 0.4808(13) 0.1182(13) 0.50 0.161(8)
O2D ? ? 0.2220(21) 0.4147(30) 0.0892(20) 0.50 0.131(14)
C21D ? ? 0.0504(28) 0.4460(43) 0.0668(37) 0.50 0.203(42)
H211 ? ? 0.0545(28) 0.4683(43) 0.0145(37) 0.50 0.120
H212 ? ? 0.0460(28) 0.3830(43) 0.0654(37) 0.50 0.120
H213 ? ? -0.0044(28) 0.4699(43) 0.0917(37) 0.50 0.120
C22D ? ? 0.1294(44) 0.4365(40) 0.2102(19) 0.50 0.152(30)
H221 ? ? 0.1812(44) 0.4497(40) 0.2442(19) 0.50 0.120
H222 ? ? 0.0726(44) 0.4607(40) 0.2316(19) 0.50 0.120
H223 ? ? 0.1229(44) 0.3738(40) 0.2053(19) 0.50 0.120
