|?|Carmen Enrique; Miguel Quirós; Juan M. Salas; Antonio García; José Daniel Martín|5(2'Carboxy)phenylazo barbiturate diaqua copper(II) trihydrate: Characterization and crystal structure|Journal of Crystallographic and Spectroscopic Research|1993 23 407 410
C11 H16 Cu N4 O10
11.432(3) 6.927(2) 21.289(8) 90.00 106.54(4) 90.00
P121/c1
Cu 1 ? 0.04566(5) 0.18305(8) 0.14577(3) 1 0.0315(5)
N1 1 ? 0.3636(3) 0.3572(5) 0.11464(17) 1 0.0266(10)
H1 1 ? 0.404(3) 0.355(6) 0.1568(8) 1 0.034(5)
C2 1 ? 0.4189(4) 0.4133(6) 0.0692(2) 1 0.0266(11)
O2 1 ? 0.5279(3) 0.4581(4) 0.08412(13) 1 0.0348(8)
N3 1 ? 0.3467(3) 0.4148(5) 0.00608(17) 1 0.0277(10)
H3 1 ? 0.381(3) 0.461(5) -0.0238(15) 1 0.034(5)
C4 1 ? 0.2244(4) 0.3688(6) -0.0157(2) 1 0.0237(11)
O4 1 ? 0.1719(3) 0.3756(4) -0.07400(16) 1 0.0373(8)
C5 1 ? 0.1696(4) 0.3131(5) 0.0362(2) 1 0.0221(11)
C6 1 ? 0.2439(4) 0.3054(5) 0.1022(2) 1 0.0237(12)
O6 1 ? 0.2082(2) 0.2537(5) 0.14980(14) 1 0.0312(8)
N7 1 ? 0.0512(3) 0.2691(5) 0.01385(16) 1 0.0260(10)
N8 1 ? -0.0145(3) 0.2135(5) 0.05110(17) 1 0.0239(10)
C1' 1 ? -0.1386(4) 0.1755(5) 0.0136(2) 1 0.0246(12)
C2' 1 ? -0.2270(4) 0.1169(6) 0.04382(19) 1 0.0233(11)
C3' 1 ? -0.3457(4) 0.0843(6) 0.0039(2) 1 0.0315(12)
H3' 1 ? -0.396(3) 0.037(5) 0.0294(16) 1 0.034(5)
C4' 1 ? -0.3787(4) 0.1029(6) -0.0627(2) 1 0.0339(12)
H4' 1 ? -0.4562(19) 0.066(5) -0.0917(16) 1 0.034(5)
C5' 1 ? -0.2916(4) 0.1590(6) -0.0929(2) 1 0.0332(13)
H5' 1 ? -0.319(4) 0.176(5) -0.1393(6) 1 0.034(5)
C6' 1 ? -0.1728(4) 0.1955(5) -0.0545(2) 1 0.0281(12)
H6' 1 ? -0.115(3) 0.250(5) -0.0744(18) 1 0.034(5)
C7' 1 ? -0.2089(5) 0.0824(6) 0.1152(2) 1 0.0327(12)
O1' 1 ? -0.1027(3) 0.0982(6) 0.15588(14) 1 0.0517(10)
O2' 1 ? -0.2973(3) 0.0377(5) 0.13471(14) 1 0.0419(9)
OW1 1 ? 0.1211(3) 0.0661(5) 0.23419(14) 1 0.0425(9)
HW11 1 ? 0.074(4) 0.065(10) 0.258(2) 1 0.100(8)
HW12 1 ? 0.192(2) 0.099(9) 0.257(2) 1 0.100(8)
OW2 1 ? 0.0159(3) 0.5049(5) 0.17890(14) 1 0.0422(9)
HW21 1 ? 0.086(2) 0.555(8) 0.190(3) 1 0.100(8)
HW22 1 ? -0.025(4) 0.569(8) 0.146(2) 1 0.100(8)
OW3 1 ? -0.2433(4) 0.1893(5) 0.26304(18) 1 0.0607(11)
HW31 1 ? -0.218(6) 0.165(8) 0.230(2) 1 0.100(8)
HW32 1 ? -0.300(4) 0.106(7) 0.258(3) 1 0.100(8)
OW4 1 ? 0.6635(3) 0.6940(4) 0.18931(15) 1 0.0454(10)
HW41 1 ? 0.690(6) 0.784(6) 0.170(2) 1 0.100(8)
HW42 1 ? 0.626(5) 0.615(7) 0.160(2) 1 0.100(8)
OW5 1 ? 0.5029(4) 0.3231(6) 0.24320(18) 1 0.0637(12)
HW51 1 ? 0.502(6) 0.360(8) 0.2054(14) 1 0.100(8)
HW52 1 ? 0.493(7) 0.202(2) 0.241(3) 1 0.100(8)
