|?|Su, Yong-Sheng; Chen, Chuan-Feng|Novel anthracene-based cylindrical macrotricyclic polyether: powerful host for bispyridinium dications.|Organic letters|2010 12(8) 1888 1891
C82 H111 F12 N5 O22 P2
28.597(6) 10.465(2) 29.068(6) 90.00 95.36(3) 90.00
C12/c1
P1 1 ? 0.39743(3) 0.34341(8) 0.13683(3) 1 0.0455(2)
F1 1 ? 0.38276(10) 0.4867(2) 0.12555(8) 1 0.0924(8)
F2 1 ? 0.34430(7) 0.2996(3) 0.12947(8) 1 0.0978(9)
F3 1 ? 0.45073(7) 0.3850(2) 0.14311(8) 1 0.0803(7)
F4 1 ? 0.41321(8) 0.20136(19) 0.14866(7) 1 0.0728(6)
F5 1 ? 0.39173(8) 0.3665(2) 0.19008(6) 1 0.0723(6)
F6 1 ? 0.40210(7) 0.3192(2) 0.08361(6) 1 0.0727(6)
O1 1 ? 0.14481(6) 0.63625(17) 0.13315(6) 1 0.0385(4)
O2 1 ? 0.14820(7) 0.55408(17) 0.22687(6) 1 0.0427(4)
O3 1 ? 0.15113(6) 0.34503(18) 0.28843(6) 1 0.0397(4)
O4 1 ? 0.36093(6) 0.54394(18) -0.10600(6) 1 0.0399(4)
O5 1 ? 0.45574(6) 0.47840(19) -0.12183(7) 1 0.0464(5)
O6 1 ? 0.46286(7) 0.23909(19) -0.16296(7) 1 0.0495(5)
O7 1 ? 0.29268(6) 0.50302(18) -0.16687(6) 1 0.0393(4)
O8 1 ? 0.30078(9) 0.3738(2) -0.25565(8) 1 0.0628(6)
O9 1 ? -0.00714(7) 0.45383(19) 0.09960(6) 1 0.0468(5)
O10 1 ? 0.07550(6) 0.59706(18) 0.07415(6) 1 0.0379(4)
O11 1 ? 0.18911(8) 0.3293(2) 0.19053(7) 1 0.0592(6)
H1O 1 ? 0.1901 0.2663 0.2085 1 0.071
H2O 1 ? 0.1750 0.3878 0.2033 1 0.071
N1 1 ? 0.34696(7) 0.22612(19) -0.06527(7) 1 0.0359(5)
N3 1 ? 0.02624(10) 0.1701(3) 0.01090(11) 1 0.0692(8)
C1 1 ? 0.00922(11) 0.4733(3) 0.14697(9) 1 0.0484(7)
H1A 1 ? -0.0088 0.5432 0.1600 1 0.058
H1B 1 ? 0.0428 0.4979 0.1496 1 0.058
C2 1 ? -0.00663(9) 0.5666(3) 0.07251(10) 1 0.0433(6)
H2A 1 ? -0.0051 0.6421 0.0931 1 0.052
H2B 1 ? -0.0361 0.5718 0.0518 1 0.052
C3 1 ? 0.03456(9) 0.5684(3) 0.04402(9) 1 0.0408(6)
H3A 1 ? 0.0380 0.4842 0.0292 1 0.049
H3B 1 ? 0.0298 0.6341 0.0195 1 0.049
C4 1 ? 0.11786(8) 0.5946(2) 0.05598(9) 1 0.0334(5)
C5 1 ? 0.12473(8) 0.5775(2) 0.01059(9) 1 0.0336(5)
H5A 1 ? 0.0983 0.5677 -0.0115 1 0.040
C6 1 ? 0.17112(8) 0.5742(2) -0.00452(8) 1 0.0315(5)
C7 1 ? 0.17853(8) 0.5546(2) -0.05138(9) 1 0.0332(5)
C8 1 ? 0.13729(9) 0.5443(3) -0.08767(9) 1 0.0458(7)
H8A 1 ? 0.1124 0.6029 -0.0800 1 0.069
H8B 1 ? 0.1253 0.4565 -0.0886 1 0.069
H8C 1 ? 0.1474 0.5669 -0.1179 1 0.069
C9 1 ? 0.22487(8) 0.5488(2) -0.06411(9) 1 0.0320(5)
C10 1 ? 0.23456(8) 0.5274(2) -0.11102(9) 1 0.0343(5)
H10A 1 ? 0.2091 0.5158 -0.1341 1 0.041
C11 1 ? 0.27934(8) 0.5231(2) -0.12331(9) 1 0.0339(5)
C12 1 ? 0.25642(9) 0.4912(3) -0.20390(9) 1 0.0464(7)
H12A 1 ? 0.2341 0.5633 -0.2032 1 0.056
H12B 1 ? 0.2389 0.4105 -0.2008 1 0.056
C13 1 ? 0.27881(10) 0.4916(3) -0.24858(10) 1 0.0450(6)
H13A 1 ? 0.2546 0.5083 -0.2745 1 0.054
H13B 1 ? 0.3024 0.5611 -0.2480 1 0.054
C14 1 ? 0.31859(12) 0.3654(3) -0.30007(11) 1 0.0551(8)
H14A 1 ? 0.3263 0.4519 -0.3109 1 0.066
H14B 1 ? 0.2944 0.3281 -0.3227 1 0.066
C15 1 ? 0.49694(11) 0.1473(3) -0.17312(11) 1 0.0522(7)
H15A 1 ? 0.5288 0.1821 -0.1647 1 0.063
H15B 1 ? 0.4938 0.1291 -0.2067 1 0.063
C16 1 ? 0.46786(11) 0.3552(3) -0.18675(11) 1 0.0508(7)
H16A 1 ? 0.4588 0.3430 -0.2202 1 0.061
H16B 1 ? 0.5010 0.3836 -0.1827 1 0.061
C17 1 ? 0.43708(10) 0.4540(3) -0.16796(10) 1 0.0501(7)
H17A 1 ? 0.4371 0.5331 -0.1866 1 0.060
H17B 1 ? 0.4044 0.4222 -0.1686 1 0.060
C18 1 ? 0.44173(9) 0.5950(3) -0.10209(11) 1 0.0455(7)
H18A 1 ? 0.4335 0.6577 -0.1271 1 0.055
H18B 1 ? 0.4684 0.6302 -0.0818 1 0.055
C19 1 ? 0.40057(8) 0.5772(3) -0.07460(10) 1 0.0407(6)
H19A 1 ? 0.4071 0.5085 -0.0515 1 0.049
H19B 1 ? 0.3942 0.6571 -0.0581 1 0.049
C20 1 ? 0.31808(8) 0.5432(2) -0.08909(9) 1 0.0343(5)
C21 1 ? 0.31032(8) 0.5608(2) -0.04423(9) 1 0.0332(5)
H21A 1 ? 0.3364 0.5715 -0.0218 1 0.040
C22 1 ? 0.26377(8) 0.5636(2) -0.02969(9) 1 0.0322(5)
C23 1 ? 0.25645(8) 0.5839(2) 0.01693(9) 1 0.0329(5)
C24 1 ? 0.29777(9) 0.5974(3) 0.05310(9) 1 0.0438(6)
H24A 1 ? 0.2899 0.5593 0.0822 1 0.066
H24B 1 ? 0.3051 0.6882 0.0579 1 0.066
H24C 1 ? 0.3251 0.5535 0.0426 1 0.066
C25 1 ? 0.21034(8) 0.5899(2) 0.02946(8) 1 0.0312(5)
C26 1 ? 0.20117(9) 0.6128(2) 0.07633(9) 1 0.0334(5)
H26A 1 ? 0.2269 0.6269 0.0989 1 0.040
C27 1 ? 0.15688(8) 0.6150(2) 0.08949(8) 1 0.0333(5)
C28 1 ? 0.18231(10) 0.6644(3) 0.16759(9) 1 0.0415(6)
H28A 1 ? 0.1979 0.7452 0.1600 1 0.050
H28B 1 ? 0.2059 0.5950 0.1691 1 0.050
C29 1 ? 0.16201(10) 0.6767(3) 0.21278(9) 1 0.0430(6)
H29A 1 ? 0.1857 0.7131 0.2362 1 0.052
H29B 1 ? 0.1345 0.7346 0.2096 1 0.052
C30 1 ? 0.12675(10) 0.5576(3) 0.26932(9) 1 0.0452(7)
H30A 1 ? 0.0994 0.6162 0.2665 1 0.054
H30B 1 ? 0.1495 0.5888 0.2946 1 0.054
C31 1 ? 0.11120(9) 0.4254(3) 0.27970(10) 1 0.0454(7)
H31A 1 ? 0.0930 0.4268 0.3071 1 0.054
H31B 1 ? 0.0906 0.3918 0.2532 1 0.054
C32 1 ? 0.13861(10) 0.2161(3) 0.29656(11) 1 0.0502(7)
H32A 1 ? 0.1162 0.1855 0.2709 1 0.060
H32B 1 ? 0.1231 0.2105 0.3256 1 0.060
C33 1 ? 0.30325(9) 0.2177(2) -0.08640(9) 1 0.0364(6)
H33A 1 ? 0.2988 0.2053 -0.1189 1 0.044
C34 1 ? 0.26473(9) 0.2270(2) -0.06141(9) 1 0.0357(5)
H34A 1 ? 0.2340 0.2210 -0.0768 1 0.043
C35 1 ? 0.27042(8) 0.2450(2) -0.01390(8) 1 0.0316(5)
C36 1 ? 0.31651(9) 0.2534(2) 0.00691(9) 1 0.0357(5)
H36A 1 ? 0.3220 0.2653 0.0394 1 0.043
C37 1 ? 0.35388(9) 0.2445(2) -0.01939(9) 1 0.0376(6)
H37A 1 ? 0.3850 0.2515 -0.0050 1 0.045
C38 1 ? 0.38751(9) 0.2171(3) -0.09334(10) 1 0.0450(7)
H38A 1 ? 0.3764 0.1942 -0.1252 1 0.067
H38B 1 ? 0.4093 0.1515 -0.0803 1 0.067
H38C 1 ? 0.4037 0.2998 -0.0931 1 0.067
N2 2 ? 0.5000 0.0979(5) 0.2500 1 0.1020(19)
C39 2 ? 0.5000 0.2054(5) 0.2500 1 0.0540(11)
C40 2 ? 0.5000 0.3403(6) 0.2500 1 0.102(2)
H40A 1 ? 0.4766 0.3715 0.2259 0.50 0.154
H40B 1 ? 0.5312 0.3715 0.2440 0.50 0.154
H40C 1 ? 0.4923 0.3715 0.2802 0.50 0.154
C41 1 ? -0.00434(11) 0.1506(3) 0.03256(12) 1 0.0560(8)
C42 1 ? -0.04326(12) 0.1273(4) 0.05982(13) 1 0.0726(11)
H42A 1 ? -0.0646 0.2009 0.0574 1 0.109
H42B 1 ? -0.0314 0.1147 0.0922 1 0.109
H42C 1 ? -0.0602 0.0507 0.0483 1 0.109
