||Su, Yong-Sheng; Chen, Chuan-Feng|Novel anthracene-based cylindrical macrotricyclic polyether: powerful host for bispyridinium dications.|Organic letters|2010 12(8) 1888 1891
C82 H114 F12 N5 O22 P2
28.597(6) 10.465(2) 29.068(6) 90.00 95.36(3) 90.00
P1
C1 ? ? 0.009220 0.473300 0.146970 1 0.0484(7)
C3 ? ? 0.034560 0.568400 0.044020 1 0.0408(6)
C4 ? ? 0.117860 0.594600 0.055980 1 0.0334(5)
C5 ? ? 0.124730 0.577500 0.010590 1 0.0336(5)
F1 ? ? 0.382760 0.486700 0.125550 1 0.0924(8)
F2 ? ? 0.344300 0.299600 0.129470 1 0.0978(9)
F3 ? ? 0.450730 0.385000 0.143110 1 0.0803(7)
F4 ? ? 0.413210 0.201360 0.148660 1 0.0728(6)
F5 ? ? 0.391730 0.366500 0.190080 1 0.0723(6)
F6 ? ? 0.402100 0.319200 0.083610 1 0.0727(6)
N1 ? ? 0.346960 0.226120 0.934730 1 0.0359(5)
N2 ? ? 0.500000 0.097900 0.250000 1 0.1020(19)
N3 ? ? 0.026240 0.170100 0.010900 1 0.0692(8)
O1 ? ? 0.144810 0.636250 0.133150 1 0.0385(4)
O2 ? ? 0.148200 0.554080 0.226870 1 0.0427(4)
O3 ? ? 0.151130 0.345030 0.288430 1 0.0397(4)
P1 ? ? 0.397430 0.343410 0.136830 1 0.0455(2)
C23 ? ? 0.256450 0.583900 0.016930 1 0.0329(5)
C24 ? ? 0.297770 0.597400 0.053100 1 0.0438(6)
C25 ? ? 0.210340 0.589900 0.029460 1 0.0312(5)
C26 ? ? 0.201170 0.612800 0.076330 1 0.0334(5)
C27 ? ? 0.156880 0.615000 0.089490 1 0.0333(5)
C28 ? ? 0.182310 0.664400 0.167590 1 0.0415(6)
C29 ? ? 0.162010 0.676700 0.212780 1 0.0430(6)
C30 ? ? 0.126750 0.557600 0.269320 1 0.0452(7)
C31 ? ? 0.111200 0.425400 0.279700 1 0.0454(7)
C32 ? ? 0.138610 0.216100 0.296560 1 0.0502(7)
C33 ? ? 0.303250 0.217700 0.913600 1 0.0364(6)
C34 ? ? 0.264730 0.227000 0.938590 1 0.0357(5)
C35 ? ? 0.270420 0.245000 0.986100 1 0.0316(5)
C37 ? ? 0.353880 0.244500 0.980610 1 0.0376(6)
C38 ? ? 0.387510 0.217100 0.906660 1 0.0450(7)
C39 ? ? 0.500000 0.205400 0.250000 1 0.0540(11)
C40 ? ? 0.500000 0.340300 0.250000 1 0.102(2)
H1B ? ? 0.042800 0.497900 0.149600 1 0.058
H1O ? ? 0.190100 0.266300 0.208500 1 0.071
H2O ? ? 0.175000 0.387800 0.203300 1 0.071
H3A ? ? 0.038000 0.484200 0.029200 1 0.049
H3B ? ? 0.029800 0.634100 0.019500 1 0.049
O10 ? ? 0.075500 0.597060 0.074150 1 0.0379(4)
O11 ? ? 0.189110 0.329300 0.190530 1 0.0592(6)
H24A ? ? 0.289900 0.559300 0.082200 1 0.066
H24B ? ? 0.305100 0.688200 0.057900 1 0.066
H24C ? ? 0.325100 0.553500 0.042600 1 0.066
H26A ? ? 0.226900 0.626900 0.098900 1 0.040
H28A ? ? 0.197900 0.745200 0.160000 1 0.050
H28B ? ? 0.205900 0.595000 0.169100 1 0.050
H29A ? ? 0.185700 0.713100 0.236200 1 0.052
H29B ? ? 0.134500 0.734600 0.209600 1 0.052
H30A ? ? 0.099400 0.616200 0.266500 1 0.054
H30B ? ? 0.149500 0.588800 0.294600 1 0.054
H31A ? ? 0.093000 0.426800 0.307100 1 0.054
H31B ? ? 0.090600 0.391800 0.253200 1 0.054
H32A ? ? 0.116200 0.185500 0.270900 1 0.060
H32B ? ? 0.123100 0.210500 0.325600 1 0.060
H33A ? ? 0.298800 0.205300 0.881100 1 0.044
H34A ? ? 0.234000 0.221000 0.923200 1 0.043
H37A ? ? 0.385000 0.251500 0.995000 1 0.045
H38A ? ? 0.376400 0.194200 0.874800 1 0.067
H38B ? ? 0.409300 0.151500 0.919700 1 0.067
H38C ? ? 0.403700 0.299800 0.906900 1 0.067
H40A ? ? 0.476600 0.371500 0.225900 0.50 0.154
H40B ? ? 0.531200 0.371500 0.244000 0.50 0.154
H40C ? ? 0.492300 0.371500 0.280200 0.50 0.154
C1_7_554 ? ? 0.490780 0.026700 -0.146970 1 0.0484(7)
C2_1_455 ? ? -0.006630 0.566600 0.072510 1 0.0433(6)
C2_7_544 ? ? 0.506630 -0.066600 -0.072510 1 0.0433(6)
C3_7_544 ? ? 0.465440 -0.068400 -0.044020 1 0.0408(6)
C4_7_544 ? ? 0.382140 -0.094600 -0.055980 1 0.0334(5)
C5_7_544 ? ? 0.375270 -0.077500 -0.010590 1 0.0336(5)
C6_1_554 ? ? 0.171120 0.574200 -0.004520 1 0.0315(5)
C6_7_545 ? ? 0.328880 -0.074200 0.004520 1 0.0315(5)
C7_1_554 ? ? 0.178530 0.554600 -0.051380 1 0.0332(5)
C7_7_545 ? ? 0.321470 -0.054600 0.051380 1 0.0332(5)
C8_1_554 ? ? 0.137290 0.544300 -0.087670 1 0.0458(7)
C8_7_545 ? ? 0.362710 -0.044300 0.087670 1 0.0458(7)
C9_1_554 ? ? 0.224870 0.548800 -0.064110 1 0.0320(5)
C9_7_545 ? ? 0.275130 -0.048800 0.064110 1 0.0320(5)
F1_7_554 ? ? 0.117240 0.013300 -0.125550 1 0.0924(8)
F2_7_554 ? ? 0.155700 0.200400 -0.129470 1 0.0978(9)
F3_7_554 ? ? 0.049270 0.115000 -0.143110 1 0.0803(7)
F4_7_554 ? ? 0.086790 0.298640 -0.148660 1 0.0728(6)
F5_7_554 ? ? 0.108270 0.133500 -0.190080 1 0.0723(6)
F6_7_554 ? ? 0.097900 0.180800 -0.083610 1 0.0727(6)
N1_7_556 ? ? 0.153040 0.273880 1.065270 1 0.0359(5)
N3_7_554 ? ? 0.473760 0.329900 -0.010900 1 0.0692(8)
O1_7_544 ? ? 0.355190 -0.136250 -0.133150 1 0.0385(4)
O2_7_544 ? ? 0.351800 -0.054080 -0.226870 1 0.0427(4)
O3_7_554 ? ? 0.348870 0.154970 -0.288430 1 0.0397(4)
O4_1_554 ? ? 0.360930 0.543940 -0.106000 1 0.0399(4)
O4_7_545 ? ? 0.139070 -0.043940 0.106000 1 0.0399(4)
O5_1_554 ? ? 0.455740 0.478400 -0.121830 1 0.0464(5)
O5_7_555 ? ? 0.044260 0.021600 0.121830 1 0.0464(5)
O6_1_554 ? ? 0.462860 0.239090 -0.162960 1 0.0495(5)
O6_7_555 ? ? 0.037140 0.260910 0.162960 1 0.0495(5)
O7_1_554 ? ? 0.292680 0.503020 -0.166870 1 0.0393(4)
O7_7_545 ? ? 0.207320 -0.003020 0.166870 1 0.0393(4)
O8_1_554 ? ? 0.300780 0.373800 -0.255650 1 0.0628(6)
O8_7_555 ? ? 0.199220 0.126200 0.255650 1 0.0628(6)
O9_1_455 ? ? -0.007140 0.453830 0.099600 1 0.0468(5)
O9_7_554 ? ? 0.507140 0.046170 -0.099600 1 0.0468(5)
P1_7_554 ? ? 0.102570 0.156590 -0.136830 1 0.0455(2)
C10_1_554 ? ? 0.234560 0.527400 -0.111020 1 0.0343(5)
C10_7_545 ? ? 0.265440 -0.027400 0.111020 1 0.0343(5)
C11_1_554 ? ? 0.279340 0.523100 -0.123310 1 0.0339(5)
C11_7_545 ? ? 0.220660 -0.023100 0.123310 1 0.0339(5)
C12_1_554 ? ? 0.256420 0.491200 -0.203900 1 0.0464(7)
C12_7_555 ? ? 0.243580 0.008800 0.203900 1 0.0464(7)
C13_1_554 ? ? 0.278810 0.491600 -0.248580 1 0.0450(6)
C13_7_555 ? ? 0.221190 0.008400 0.248580 1 0.0450(6)
C14_1_554 ? ? 0.318590 0.365400 -0.300070 1 0.0551(8)
C14_7_555 ? ? 0.181410 0.134600 0.300070 1 0.0551(8)
C15_1_554 ? ? 0.496940 0.147300 -0.173120 1 0.0522(7)
C15_7_555 ? ? 0.003060 0.352700 0.173120 1 0.0522(7)
C16_1_554 ? ? 0.467860 0.355200 -0.186750 1 0.0508(7)
C16_7_555 ? ? 0.032140 0.144800 0.186750 1 0.0508(7)
C17_1_554 ? ? 0.437080 0.454000 -0.167960 1 0.0501(7)
C17_7_555 ? ? 0.062920 0.046000 0.167960 1 0.0501(7)
C18_1_554 ? ? 0.441730 0.595000 -0.102090 1 0.0455(7)
C18_7_545 ? ? 0.058270 -0.095000 0.102090 1 0.0455(7)
C19_1_554 ? ? 0.400570 0.577200 -0.074600 1 0.0407(6)
C19_7_545 ? ? 0.099430 -0.077200 0.074600 1 0.0407(6)
C20_1_554 ? ? 0.318080 0.543200 -0.089090 1 0.0343(5)
C20_7_545 ? ? 0.181920 -0.043200 0.089090 1 0.0343(5)
C21_1_554 ? ? 0.310320 0.560800 -0.044230 1 0.0332(5)
C21_7_545 ? ? 0.189680 -0.060800 0.044230 1 0.0332(5)
C22_1_554 ? ? 0.263770 0.563600 -0.029690 1 0.0322(5)
C22_7_545 ? ? 0.236230 -0.063600 0.029690 1 0.0322(5)
C23_7_544 ? ? 0.243550 -0.083900 -0.016930 1 0.0329(5)
C24_7_544 ? ? 0.202230 -0.097400 -0.053100 1 0.0438(6)
C25_7_544 ? ? 0.289660 -0.089900 -0.029460 1 0.0312(5)
C26_7_544 ? ? 0.298830 -0.112800 -0.076330 1 0.0334(5)
C27_7_544 ? ? 0.343120 -0.115000 -0.089490 1 0.0333(5)
C28_7_544 ? ? 0.317690 -0.164400 -0.167590 1 0.0415(6)
C29_7_544 ? ? 0.337990 -0.176700 -0.212780 1 0.0430(6)
C30_7_544 ? ? 0.373250 -0.057600 -0.269320 1 0.0452(7)
C31_7_554 ? ? 0.388800 0.074600 -0.279700 1 0.0454(7)
C32_7_554 ? ? 0.361390 0.283900 -0.296560 1 0.0502(7)
C33_7_556 ? ? 0.196750 0.282300 1.086400 1 0.0364(6)
C34_7_556 ? ? 0.235270 0.273000 1.061410 1 0.0357(5)
C35_7_556 ? ? 0.229580 0.255000 1.013900 1 0.0316(5)
C36_1_556 ? ? 0.316510 0.253400 1.006910 1 0.0357(5)
C36_7_555 ? ? 0.183490 0.246600 0.993090 1 0.0357(5)
C37_7_556 ? ? 0.146120 0.255500 1.019390 1 0.0376(6)
C38_7_556 ? ? 0.112490 0.282900 1.093340 1 0.0450(7)
C41_1_455 ? ? -0.004340 0.150600 0.032560 1 0.0560(8)
C41_7_554 ? ? 0.504340 0.349400 -0.032560 1 0.0560(8)
C42_1_455 ? ? -0.043260 0.127300 0.059820 1 0.0726(11)
C42_7_554 ? ? 0.543260 0.372700 -0.059820 1 0.0726(11)
H1A_1_455 ? ? -0.008800 0.543200 0.160000 1 0.058
H1A_7_544 ? ? 0.508800 -0.043200 -0.160000 1 0.058
H1B_7_554 ? ? 0.457200 0.002100 -0.149600 1 0.058
H1O_7_554 ? ? 0.309900 0.233700 -0.208500 1 0.071
H2A_1_455 ? ? -0.005100 0.642100 0.093100 1 0.052
H2A_7_544 ? ? 0.505100 -0.142100 -0.093100 1 0.052
H2B_1_455 ? ? -0.036100 0.571800 0.051800 1 0.052
H2B_7_544 ? ? 0.536100 -0.071800 -0.051800 1 0.052
H2O_7_554 ? ? 0.325000 0.112200 -0.203300 1 0.071
H3A_7_554 ? ? 0.462000 0.015800 -0.029200 1 0.049
H3B_7_544 ? ? 0.470200 -0.134100 -0.019500 1 0.049
H5A_1_554 ? ? 0.098300 0.567700 -0.011500 1 0.040
H5A_7_545 ? ? 0.401700 -0.067700 0.011500 1 0.040
H8A_1_554 ? ? 0.112400 0.602900 -0.080000 1 0.069
H8A_7_545 ? ? 0.387600 -0.102900 0.080000 1 0.069
H8B_1_554 ? ? 0.125300 0.456500 -0.088600 1 0.069
H8B_7_555 ? ? 0.374700 0.043500 0.088600 1 0.069
H8C_1_554 ? ? 0.147400 0.566900 -0.117900 1 0.069
H8C_7_545 ? ? 0.352600 -0.066900 0.117900 1 0.069
O10_7_544 ? ? 0.424500 -0.097060 -0.074150 1 0.0379(4)
O11_7_554 ? ? 0.310890 0.170700 -0.190530 1 0.0592(6)
H10A_1_554 ? ? 0.209100 0.515800 -0.134100 1 0.041
H10A_7_545 ? ? 0.290900 -0.015800 0.134100 1 0.041
H12A_1_554 ? ? 0.234100 0.563300 -0.203200 1 0.056
H12A_7_545 ? ? 0.265900 -0.063300 0.203200 1 0.056
H12B_1_554 ? ? 0.238900 0.410500 -0.200800 1 0.056
H12B_7_555 ? ? 0.261100 0.089500 0.200800 1 0.056
H13A_1_554 ? ? 0.254600 0.508300 -0.274500 1 0.054
H13A_7_545 ? ? 0.245400 -0.008300 0.274500 1 0.054
H13B_1_554 ? ? 0.302400 0.561100 -0.248000 1 0.054
H13B_7_545 ? ? 0.197600 -0.061100 0.248000 1 0.054
H14A_1_554 ? ? 0.326300 0.451900 -0.310900 1 0.066
H14A_7_555 ? ? 0.173700 0.048100 0.310900 1 0.066
H14B_1_554 ? ? 0.294400 0.328100 -0.322700 1 0.066
H14B_7_555 ? ? 0.205600 0.171900 0.322700 1 0.066
H15A_1_554 ? ? 0.528800 0.182100 -0.164700 1 0.063
H15A_7_455 ? ? -0.028800 0.317900 0.164700 1 0.063
H15B_1_554 ? ? 0.493800 0.129100 -0.206700 1 0.063
H15B_7_555 ? ? 0.006200 0.370900 0.206700 1 0.063
H16A_1_554 ? ? 0.458800 0.343000 -0.220200 1 0.061
H16A_7_555 ? ? 0.041200 0.157000 0.220200 1 0.061
H16B_1_554 ? ? 0.501000 0.383600 -0.182700 1 0.061
H16B_7_455 ? ? -0.001000 0.116400 0.182700 1 0.061
H17A_1_554 ? ? 0.437100 0.533100 -0.186600 1 0.060
H17A_7_545 ? ? 0.062900 -0.033100 0.186600 1 0.060
H17B_1_554 ? ? 0.404400 0.422200 -0.168600 1 0.060
H17B_7_555 ? ? 0.095600 0.077800 0.168600 1 0.060
H18A_1_554 ? ? 0.433500 0.657700 -0.127100 1 0.055
H18A_7_545 ? ? 0.066500 -0.157700 0.127100 1 0.055
H18B_1_554 ? ? 0.468400 0.630200 -0.081800 1 0.055
H18B_7_545 ? ? 0.031600 -0.130200 0.081800 1 0.055
H19A_1_554 ? ? 0.407100 0.508500 -0.051500 1 0.049
H19A_7_545 ? ? 0.092900 -0.008500 0.051500 1 0.049
H19B_1_554 ? ? 0.394200 0.657100 -0.058100 1 0.049
H19B_7_545 ? ? 0.105800 -0.157100 0.058100 1 0.049
H21A_1_554 ? ? 0.336400 0.571500 -0.021800 1 0.040
H21A_7_545 ? ? 0.163600 -0.071500 0.021800 1 0.040
H24A_7_544 ? ? 0.210100 -0.059300 -0.082200 1 0.066
H24B_7_544 ? ? 0.194900 -0.188200 -0.057900 1 0.066
H24C_7_544 ? ? 0.174900 -0.053500 -0.042600 1 0.066
H26A_7_544 ? ? 0.273100 -0.126900 -0.098900 1 0.040
H28A_7_544 ? ? 0.302100 -0.245200 -0.160000 1 0.050
H28B_7_544 ? ? 0.294100 -0.095000 -0.169100 1 0.050
H29A_7_544 ? ? 0.314300 -0.213100 -0.236200 1 0.052
H29B_7_544 ? ? 0.365500 -0.234600 -0.209600 1 0.052
H30A_7_544 ? ? 0.400600 -0.116200 -0.266500 1 0.054
H30B_7_544 ? ? 0.350500 -0.088800 -0.294600 1 0.054
H31A_7_554 ? ? 0.407000 0.073200 -0.307100 1 0.054
H31B_7_554 ? ? 0.409400 0.108200 -0.253200 1 0.054
H32A_7_554 ? ? 0.383800 0.314500 -0.270900 1 0.060
H32B_7_554 ? ? 0.376900 0.289500 -0.325600 1 0.060
H33A_7_556 ? ? 0.201200 0.294700 1.118900 1 0.044
H34A_7_556 ? ? 0.266000 0.279000 1.076800 1 0.043
H36A_1_556 ? ? 0.322000 0.265300 1.039400 1 0.043
H36A_7_555 ? ? 0.178000 0.234700 0.960600 1 0.043
H37A_7_556 ? ? 0.115000 0.248500 1.005000 1 0.045
H38A_7_556 ? ? 0.123600 0.305800 1.125200 1 0.067
H38B_7_556 ? ? 0.090700 0.348500 1.080300 1 0.067
H38C_7_556 ? ? 0.096300 0.200200 1.093100 1 0.067
H40A_2_555 ? ? 0.523400 0.371500 0.274100 0.50 0.154
H40B_2_555 ? ? 0.468800 0.371500 0.256000 0.50 0.154
H40C_2_555 ? ? 0.507700 0.371500 0.219800 0.50 0.154
H42A_1_455 ? ? -0.064600 0.200900 0.057400 1 0.109
H42A_7_554 ? ? 0.564600 0.299100 -0.057400 1 0.109
H42B_1_455 ? ? -0.031400 0.114700 0.092200 1 0.109
H42B_7_554 ? ? 0.531400 0.385300 -0.092200 1 0.109
H42C_1_455 ? ? -0.060200 0.050700 0.048300 1 0.109
H42C_7_554 ? ? 0.560200 0.449300 -0.048300 1 0.109
