|?|Haskins-Glusac, Ksenija; Ghiviriga, Ion; Abboud, Khalil A.; Schanze, Kirk S.|Photophysics and Photochemistry of Stilbene-Containing Platinum Acetylides|The Journal of Physical Chemistry B|2004 108(16) 4969
C56 H76 P2 Pt
10.0075(5) 10.7197(6) 12.8122(7) 101.670(1) 109.882(1) 95.533(1)
P-1
Pt 2 ? 0.0000 -1.0000 0.0000 1 0.01753(7)
P 1 ? -0.17526(8) -0.90547(7) -0.11028(6) 1 0.01946(14)
C1 1 ? 0.1372(3) -0.9090(3) -0.0550(3) 1 0.0234(5)
C2 1 ? 0.2146(3) -0.8534(3) -0.0914(3) 1 0.0262(6)
C3 1 ? 0.2996(3) -0.7885(3) -0.1416(3) 1 0.0243(6)
C4 1 ? 0.2648(4) -0.8218(3) -0.2609(3) 1 0.0278(6)
H4A 1 ? 0.1855 -0.8892 -0.3080 1 0.033
C5\ 1 ? 0.3441(4) -0.7581(3) -0.3112(3) 1 0.0279(6)
H5\A 1 ? 0.3178 -0.7829 -0.3920 1 0.034
C6' 1 ? 0.4614(3) -0.6586(3) -0.2455(3) 1 0.0247(6)
C7 1 ? 0.4983(4) -0.6253(3) -0.1262(3) 1 0.0276(6)
H7A 1 ? 0.5779 -0.5581 -0.0794 1 0.033
C8" 1 ? 0.4193(4) -0.6898(3) -0.0755(3) 1 0.0264(6)
H8A 1 ? 0.4472 -0.6664 0.0056 1 0.032
C9 1 ? 0.5406(4) -0.5948(3) -0.3044(3) 1 0.0272(6)
H9A 1 ? 0.5139 -0.6318 -0.3842 1 0.033
C10 1 ? 0.6457(4) -0.4908(3) -0.2581(3) 1 0.0286(6)
H10A 1 ? 0.6710 -0.4502 -0.1792 1 0.034
C11 1 ? 0.7249(4) -0.4345(3) -0.3200(3) 1 0.0274(6)
C12 1 ? 0.7137(4) -0.4952(4) -0.4317(3) 1 0.0367(8)
H12A 1 ? 0.6506 -0.5758 -0.4712 1 0.044
C13 1 ? 0.7937(5) -0.4383(5) -0.4842(4) 1 0.0440(9)
H13A 1 ? 0.7850 -0.4800 -0.5596 1 0.053
C14 1 ? 0.8875(4) -0.3195(4) -0.4275(4) 1 0.0390(8)
H14A 1 ? 0.9422 -0.2806 -0.4640 1 0.047
C15 1 ? 0.8996(4) -0.2595(4) -0.3178(4) 1 0.0340(7)
H15A 1 ? 0.9632 -0.1791 -0.2787 1 0.041
C16 1 ? 0.8196(4) -0.3158(3) -0.2646(3) 1 0.0294(6)
H16A 1 ? 0.8290 -0.2733 -0.1892 1 0.035
C17 1 ? -0.1838(4) -0.9335(3) -0.2582(3) 1 0.0249(6)
H17A 1 ? -0.0859 -0.9045 -0.2566 1 0.030
H17B 1 ? -0.2100 -1.0279 -0.2933 1 0.030
C18 1 ? -0.2898(4) -0.8666(4) -0.3359(3) 1 0.0294(6)
H18A 1 ? -0.3858 -0.8863 -0.3308 1 0.035
H18B 1 ? -0.2565 -0.7717 -0.3078 1 0.035
C19 1 ? -0.3050(4) -0.9083(4) -0.4610(3) 1 0.0357(8)
H19C 1 ? -0.3405 -1.0029 -0.4893 1 0.043
H19A 1 ? -0.3787 -0.8653 -0.5067 1 0.043
C20 1 ? -0.1654(6) -0.8766(6) -0.4807(4) 1 0.0531(12)
H20A 1 ? -0.1832 -0.9059 -0.5626 1 0.080
H20B 1 ? -0.0924 -0.9206 -0.4374 1 0.080
H20D 1 ? -0.1306 -0.7828 -0.4548 1 0.080
C21 1 ? -0.1385(3) -0.7299(3) -0.0585(3) 1 0.0246(6)
H21A 1 ? -0.0387 -0.6976 -0.0511 1 0.030
H21B 1 ? -0.2048 -0.6939 -0.1171 1 0.030
C22 1 ? -0.1541(3) -0.6773(3) 0.0565(3) 1 0.0237(6)
H22A 1 ? -0.2574 -0.6934 0.0463 1 0.028
H22B 1 ? -0.1017 -0.7239 0.1126 1 0.028
C23 1 ? -0.0946(4) -0.5330(3) 0.1029(3) 1 0.0279(6)
H23A 1 ? -0.1472 -0.4876 0.0458 1 0.033
H23B 1 ? 0.0082 -0.5180 0.1115 1 0.033
C24 1 ? -0.1055(4) -0.4732(3) 0.2176(3) 1 0.0342(7)
H24A 1 ? -0.0651 -0.3805 0.2412 1 0.051
H24B 1 ? -0.0514 -0.5156 0.2755 1 0.051
H24C 1 ? -0.2071 -0.4852 0.2097 1 0.051
C25 1 ? -0.3603(3) -0.9544(3) -0.1207(3) 1 0.0228(5)
H25A 1 ? -0.3602 -0.9483 -0.0425 1 0.027
H25B 1 ? -0.4196 -0.8929 -0.1533 1 0.027
C26 1 ? -0.4303(4) -1.0911(3) -0.1940(3) 1 0.0261(6)
H26A 1 ? -0.4425 -1.0948 -0.2746 1 0.031
H26B 1 ? -0.3657 -1.1519 -0.1675 1 0.031
C27 1 ? -0.5768(4) -1.1342(4) -0.1886(4) 1 0.0345(7)
H27A 1 ? -0.6398 -1.0708 -0.2112 1 0.041
H27B 1 ? -0.5639 -1.1347 -0.1086 1 0.041
C28 1 ? -0.6514(4) -1.2688(4) -0.2668(4) 1 0.0399(8)
H28A 1 ? -0.7449 -1.2919 -0.2603 1 0.060
H28B 1 ? -0.5907 -1.3324 -0.2438 1 0.060
H28C 1 ? -0.6665 -1.2684 -0.3464 1 0.060
