|?|Meißner, Antje; Alberico, Elisabetta; Drexler, Hans-Joachim; Baumann, Wolfgang; Heller, Detlef|Rhodium Diphosphine Complexes: a Case Study for Catalyst Activation and Deactivation|Catalysis Science &amp; Technology|2014
C78 H64 Cl2 O2 P4 Rh2
29.9133(15) 18.7802(9) 19.2461(10) 90.00 114.8610(10) 90.00
C12/m1
Rh1 2 ? 0.281618(8) 0.5000 0.178915(11) 1 0.02024(6)
Rh2 2 ? 0.239857(8) 0.5000 0.328316(11) 1 0.02108(6)
Cl1 1 ? 0.276500(19) 0.58167(2) 0.27209(3) 1 0.02835(12)
P1 1 ? 0.273679(19) 0.40677(2) 0.10177(3) 1 0.02135(11)
P2 1 ? 0.226330(19) 0.58971(3) 0.39152(3) 1 0.02308(11)
O1 2 ? 0.27398(7) 0.5000 -0.01719(10) 1 0.0257(4)
O2 2 ? 0.29062(7) 0.5000 0.51239(10) 1 0.0237(4)
C1 1 ? 0.30370(7) 0.38806(10) 0.03733(11) 1 0.0245(4)
C2 1 ? 0.32961(7) 0.32653(10) 0.03778(11) 1 0.0291(5)
H2 1 ? 0.3319 0.2891 0.0723 1 0.035
C3 1 ? 0.35226(8) 0.31911(11) -0.01168(12) 1 0.0346(5)
H3 1 ? 0.3695 0.2765 -0.0111 1 0.042
C4 1 ? 0.34994(8) 0.37344(11) -0.06206(12) 1 0.0354(5)
H4 1 ? 0.3662 0.3680 -0.0948 1 0.043
C5 1 ? 0.32424(8) 0.43527(10) -0.06497(11) 1 0.0328(5)
C6 2 ? 0.31954(14) 0.5000 -0.11589(18) 1 0.0401(8)
C7 2 ? 0.35997(18) 0.5000 -0.1456(2) 1 0.0738(15)
H7A 1 ? 0.3570 0.5431 -0.1760 0.50 0.111
H7B 1 ? 0.3562 0.4579 -0.1776 0.50 0.111
H7C 2 ? 0.3924 0.4991 -0.1021 1 0.111
C8 2 ? 0.26856(17) 0.5000 -0.18386(18) 1 0.0668(13)
H8A 1 ? 0.2680 0.5353 -0.2217 0.50 0.100
H8B 1 ? 0.2434 0.5120 -0.1658 0.50 0.100
H8C 1 ? 0.2618 0.4527 -0.2075 0.50 0.100
C9 1 ? 0.30109(8) 0.43943(10) -0.01587(11) 1 0.0268(4)
C10 1 ? 0.29121(7) 0.32416(10) 0.15785(10) 1 0.0246(4)
C11 1 ? 0.33930(8) 0.31860(11) 0.21328(12) 1 0.0339(5)
H11 1 ? 0.3619 0.3563 0.2201 1 0.041
C12 1 ? 0.35456(9) 0.25783(13) 0.25907(13) 1 0.0456(6)
H12 1 ? 0.3875 0.2541 0.2967 1 0.055
C13 1 ? 0.32173(11) 0.20335(13) 0.24957(14) 1 0.0505(7)
H13 1 ? 0.3319 0.1622 0.2810 1 0.061
C14 1 ? 0.27424(11) 0.20847(12) 0.19464(15) 1 0.0500(7)
H14 1 ? 0.2518 0.1706 0.1881 1 0.060
C15 1 ? 0.25865(8) 0.26882(10) 0.14831(12) 1 0.0331(5)
H15 1 ? 0.2257 0.2719 0.1103 1 0.040
C16 1 ? 0.20868(7) 0.39279(10) 0.03712(11) 1 0.0256(4)
C17 1 ? 0.19274(8) 0.36740(11) -0.03711(11) 1 0.0332(5)
H17 1 ? 0.2162 0.3555 -0.0565 1 0.040
C18 1 ? 0.14266(9) 0.35924(12) -0.08343(13) 1 0.0419(6)
H18 1 ? 0.1322 0.3421 -0.1343 1 0.050
C19 1 ? 0.10853(9) 0.37572(13) -0.05625(14) 1 0.0470(6)
H19 1 ? 0.0744 0.3706 -0.0883 1 0.056
C20 1 ? 0.12390(9) 0.40001(13) 0.01844(15) 1 0.0495(6)
H20 1 ? 0.1003 0.4101 0.0381 1 0.059
C21 1 ? 0.17332(8) 0.40948(11) 0.06411(13) 1 0.0374(5)
H21 1 ? 0.1835 0.4276 0.1146 1 0.045
C22 1 ? 0.28860(7) 0.61463(10) 0.45982(11) 1 0.0255(4)
C23 1 ? 0.31415(8) 0.67609(10) 0.45797(12) 1 0.0326(5)
H23 1 ? 0.2974 0.7138 0.4242 1 0.039
C24 1 ? 0.36394(8) 0.68244(11) 0.50522(13) 1 0.0389(5)
H24 1 ? 0.3806 0.7253 0.5045 1 0.047
C25 1 ? 0.39002(8) 0.62757(12) 0.55364(12) 1 0.0371(5)
H25 1 ? 0.4243 0.6327 0.5844 1 0.045
C26 1 ? 0.36610(7) 0.56510(10) 0.55722(11) 1 0.0284(4)
C27 2 ? 0.38981(11) 0.5000 0.60709(16) 1 0.0326(7)
C28 2 ? 0.44557(11) 0.5000 0.63716(19) 1 0.0431(8)
H28A 1 ? 0.4589 0.5432 0.6675 0.50 0.065
H28B 2 ? 0.4548 0.4989 0.5940 1 0.065
H28C 1 ? 0.4590 0.4580 0.6694 0.50 0.065
C29 2 ? 0.37631(12) 0.5000 0.67643(16) 1 0.0396(8)
H29A 1 ? 0.3959 0.4639 0.7135 0.50 0.059
H29B 1 ? 0.3412 0.4891 0.6589 0.50 0.059
H29C 1 ? 0.3832 0.5470 0.7008 0.50 0.059
C30 1 ? 0.31602(7) 0.56160(10) 0.51113(10) 1 0.0246(4)
C31 1 ? 0.19091(8) 0.59066(10) 0.44968(11) 1 0.0302(5)
C32 1 ? 0.21230(10) 0.59999(15) 0.52825(13) 1 0.0549(7)
H32 1 ? 0.2471 0.6020 0.5553 1 0.066
C33 1 ? 0.18272(12) 0.60646(18) 0.56763(16) 1 0.0714(9)
H33 1 ? 0.1978 0.6133 0.6215 1 0.086
C34 1 ? 0.13374(12) 0.60337(17) 0.53177(18) 1 0.0703(9)
H34 1 ? 0.1142 0.6079 0.5597 1 0.084
C35 1 ? 0.11192(11) 0.5934(2) 0.4536(2) 1 0.0921(12)
H35 1 ? 0.0771 0.5906 0.4272 1 0.111
C36 1 ? 0.14084(9) 0.58755(17) 0.41349(15) 1 0.0662(9)
H36 1 ? 0.1254 0.5812 0.3595 1 0.079
C37 1 ? 0.20047(7) 0.67167(10) 0.33730(11) 1 0.0275(4)
C38 1 ? 0.17901(8) 0.67059(11) 0.25773(11) 1 0.0323(5)
H38 1 ? 0.1796 0.6281 0.2314 1 0.039
C39 1 ? 0.15668(9) 0.73117(12) 0.21651(13) 1 0.0426(6)
H39 1 ? 0.1425 0.7301 0.1621 1 0.051
C40 1 ? 0.15506(9) 0.79270(12) 0.25403(14) 1 0.0462(6)
H40 1 ? 0.1395 0.8340 0.2256 1 0.055
C41 1 ? 0.17619(9) 0.79450(12) 0.33334(13) 1 0.0442(6)
H41 1 ? 0.1753 0.8371 0.3594 1 0.053
C42 1 ? 0.19833(8) 0.73470(11) 0.37415(12) 1 0.0365(5)
H42 1 ? 0.2125 0.7362 0.4285 1 0.044
