diruthenium tetra-acetate cobalt phthalocyanine dicyanide||Kevin H. Stone; Peter W. Stephens; Megan B. Wainer; Royce A. Davidson; Joel S. Miller|Linear (1-D) chain structure of [Ru2(O2CMe)4]+[CoIIIPc(CN)2]- determined via synchrotron powder diffraction data|Inorganica Chimica Acta|2015 424 116 119
C42 H28 Co N10 O8 Ru2
17.3635(5) 17.3635(5) 13.0372(4) 90 90 90
I41/a:1
Ru1B ? ? 0.00000 0.50000 -0.16171(18) 1.000 0.0546(12)
Co1A ? ? 0.00000 0.50000 0.25000 1.000 0.0500(2)
O1B ? ? 0.03113(17) 0.6168(3) -0.1705(6) 1.000 0.012(1)
O3B ? ? 0.03148(18) 0.6167(3) -0.3295(6) 1.000 0.012(1)
N1 ? ? 0.00000 0.50000 0.0131(16) 1.000 0.012(1)
N1A ? ? 0.0900(4) 0.4486(3) 0.25392(10) 1.000 0.012(1)
N2A ? ? 0.1883(5) 0.5513(3) 0.2417(10) 1.000 0.012(1)
C1 ? ? 0.00000 0.50000 0.096(3) 1.000 0.012(1)
C1A ? ? 0.1630(4) 0.4690(6) 0.2495(6) 1.000 0.012(1)
C1B ? ? 0.0421(3) 0.6580(8) -0.25000 1.000 0.012(1)
C2A ? ? 0.1093(5) 0.3755(6) 0.2624(5) 1.000 0.012(1)
C3A ? ? 0.2263(6) 0.4184(7) 0.2540(5) 1.000 0.012(1)
C3B ? ? 0.0641(3) 0.7404(8) -0.25000 1.000 0.012(1)
C4A ? ? 0.1851(5) 0.3466(5) 0.2639(4) 1.000 0.012(1)
C5A ? ? 0.3035(4) 0.4140(4) 0.2525(8) 1.000 0.012(1)
C6A ? ? 0.2280(8) 0.2825(7) 0.2707(6) 1.000 0.012(1)
C7A ? ? 0.3436(7) 0.3481(5) 0.2595(6) 1.000 0.012(1)
C8A ? ? 0.3052(7) 0.2813(5) 0.2688(4) 1.000 0.012(1)
H1B ? ? 0.1200(10) 0.7454(8) -0.233(5) 1.000 0.012(1)
H2B ? ? 0.030(2) 0.7695(9) -0.202(4) 1.000 0.012(1)
H3B ? ? 0.050(3) 0.7640(13) -0.3174(19) 1.000 0.012(1)
H5A ? ? 0.3350(8) 0.4619(7) 0.2458(13) 1.000 0.012(1)
H6A ? ? 0.2024(14) 0.2312(5) 0.2776(11) 1.000 0.012(1)
H7A ? ? 0.4012(7) 0.3493(12) 0.2579(8) 1.000 0.012(1)
H8A ? ? 0.3333(7) 0.2312(7) 0.2742(6) 1.000 0.012(1)
