||Mizuguchi, J.; Rihs, G.|Structure of 5,7,12,14-tetrahydroquinolino[2,3-<i>b</i>]acridine-7,14-dithione|Acta Crystallographica Section C|1992 48(8) 1553 1555
C20 H12 N2 S2
10.6570(10) 5.1200(10) 14.813(2) 90 109.060(10) 90
P121/c1
S1 ? ? .28820(10) .1233(2) .63948(6) ? .0690(10)
N2 ? ? .3631(2) .1551(5) .3592(2) ? .0400(10)
C3 ? ? .4095(3) .3226(5) .5191(2) ? .0340(10)
C4 ? ? .3155(3) .1382(6) .5366(2) ? .0400(10)
C5 ? ? .2457(3) -.0305(6) .4574(2) ? .0390(10)
C6 ? ? .1504(3) -.2165(8) .4636(3) ? .0550(10)
C7 ? ? .0892(3) -.3776(7) .3886(3) ? .0580(10)
C8 ? ? .1195(3) -.3637(7) .3044(3) ? .0530(10)
C9 ? ? .2089(3) -.1870(6) .2943(3) ? .0470(10)
C10 ? ? .2730(3) -.0189(6) .3710(2) ? .0390(10)
C11 ? ? .4307(3) .3260(6) .4296(2) ? .0360(10)
C12 ? ? .4810(3) .4980(7) .5888(2) ? .0390(10)
H1 ? ? .378(4) .160(8) .301(3) ? ?
H2 ? ? .127(4) -.220(10) .521(3) ? ?
H3 ? ? .026(5) -.500(10) .395(4) ? ?
H4 ? ? .078(4) -.480(10) .254(3) ? ?
H5 ? ? .230(4) -.175(8) .236(3) ? ?
H6 ? ? .470(4) .497(9) .650(3) ? ?
