||M.T.Averbuch-Pouchot; A.Durif; J.C.Guitel||Acta Crystallogr.,Sect.C:Cryst.Struct.Commun.|1987 43 1896
C2 H24 N2 Na2 O14 P2
11.699(9) 10.164(9) 6.835(4) 90 105.00(5) 90
P121/c1
Na1 ? ? 0.59327(5) 0.13069(5) 0.10285(8) ? ?
P1 ? ? 0.19048(3) 0.01690(3) 0.09303(5) ? ?
O1 ? ? 0.27422(8) 0.0182(1) 0.3038(1) ? ?
O2 ? ? 0.12632(8) -0.12147(9) 0.0688(2) ? ?
O3 ? ? 0.09597(8) 0.12196(9) 0.0723(2) ? ?
O4 ? ? 0.25655(8) 0.0279(1) -0.0689(1) ? ?
O5 ? ? 0.49452(8) 0.9641(1) 0.2335(2) ? ?
O6 ? ? 0.31084(8) 0.80010(9) 0.5560(2) ? ?
O7 ? ? 0.6006(1) 0.7512(1) 0.4911(2) ? ?
N1 ? ? 0.12995(9) 0.3850(1) 0.0602(2) ? ?
C1 ? ? 0.0048(1) 0.4260(1) 0.0063(2) ? ?
H1 ? ? 0.054(1) -0.117(2) 0.019(3) ? ?
H2 ? ? 0.435(2) 0.978(2) 0.272(3) ? ?
H3 ? ? 0.531(2) 0.912(2) 0.305(3) ? ?
H4 ? ? 0.248(1) 0.764(2) 0.538(2) ? ?
H5 ? ? 0.293(2) 0.863(2) 0.475(3) ? ?
H6 ? ? 0.648(2) 0.690(2) 0.512(3) ? ?
H7 ? ? 0.630(2) 0.801(2) 0.581(3) ? ?
H8 ? ? 0.169(1) 0.416(2) 0.183(3) ? ?
H9 ? ? 0.171(1) 0.414(2) -0.028(3) ? ?
H10 ? ? 0.130(1) 0.302(2) 0.066(2) ? ?
H11 ? ? -0.033(1) 0.384(2) -0.122(2) ? ?
H12 ? ? -0.028(1) 0.391(2) 0.107(2) ? ?
C1B* ? ? -0.0048(1) 0.5740(1) -0.0063(2) ? ?
N1B* ? ? -0.12995(9) 0.6150(1) -0.0602(2) ? ?
H11B* ? ? 0.033(1) 0.616(2) 0.122(2) ? ?
H12B* ? ? 0.028(1) 0.609(2) -0.107(2) ? ?
H8B* ? ? -0.169(1) 0.584(2) -0.183(3) ? ?
H9B* ? ? -0.171(1) 0.586(2) 0.028(3) ? ?
H10B* ? ? -0.130(1) 0.698(2) -0.066(2) ? ?
