|1,4-Dibenzoylbenzene|Kolev, T.; Preut, H.; Bleckmann, P.; Juchnovski, I.|1,4-Dibenzoylbenzene|Acta Crystallographica Section C|1992 48(9) 1715 1717
C20 H14 O2
6.532(4) 7.387(6) 8.743(7) 70.23(6) 83.25(6) 66.32(5)
P-1
C(1) ? ? 0.6502(3) 0.9157(2) 0.6303(2) ? .0417
H(1) ? ? 0.7539(3) 0.8578(2) 0.7200(2) ? .0594
C(2) ? ? 0.5310(3) 0.8056(2) 0.6115(2) ? .0410
H(2) ? ? 0.5508(3) 0.6714(2) 0.6890(2) ? .0594
C(3) ? ? 0.3813(2) 0.8881(2) 0.4817(2) ? .0383
C(4) ? ? 0.2534(3) 0.7647(2) 0.4680(2) ? .0428
O(5) ? ? 0.1892(2) 0.6640(2) 0.59140(10) ? .0681
C(6) ? ? 0.2145(2) 0.7591(2) 0.3054(2) ? .0401
C(7) ? ? 0.0403(3) 0.7057(2) 0.2838(2) ? .0488
H(7) ? ? -0.0596(3) 0.6835(2) 0.3713(2) ? .0594
C(8) ? ? 0.0125(3) 0.6847(3) 0.1368(2) ? .0575
H(8) ? ? -0.1075(3) 0.6479(3) 0.1227(2) ? .0594
C(9) ? ? 0.1574(3) 0.7140(3) 0.0117(2) ? .0599
H(9) ? ? 0.1368(3) 0.6998(3) -0.0900(2) ? .0594
C(10) ? ? 0.3313(3) 0.7654(3) 0.0326(2) ? .0574
H(10) ? ? 0.4327(3) 0.7851(3) -0.0543(2) ? .0594
C(11) ? ? 0.3602(3) 0.7885(2) 0.1783(2) ? .0474
H(11) ? ? 0.4801(3) 0.8259(2) 0.1919(2) ? .0594
