||Jones, P. G.; Schomburg, D.; Hopf, H.; Lehne, V.|Structures of three derivatives of 5,12-methano[2.2.2]paracyclophane|Acta Crystallographica Section C|1992 48(12) 2203 2207
C26 H26 O1
23.978(4) 23.978(4) 8.918(2) 90 90 120
R3:H
O ? ? .08046(6) .01404(7) .4000 ? .0620(10)
C(1) ? ? .31660(10) .26040(10) .4183(3) ? .0720(10)
C(2) ? ? .28020(10) .21720(10) .2843(3) ? .0690(10)
C(3) ? ? .26600(10) .14900(10) .3068(3) ? .0590(10)
C(4) ? ? .20400(10) .09990(10) .3390(3) ? .0510(10)
C(5) ? ? .19030(10) .03830(10) .3798(3) ? .0520(10)
C(6) ? ? .24140(10) .02500(10) .3903(3) ? .0650(10)
C(7) ? ? .30250(10) .07400(10) .3535(4) ? .0830(10)
C(8) ? ? .31500(10) .13440(10) .3111(4) ? .0810(10)
C(9) ? ? .23420(10) -.03810(10) .4454(4) ? .0890(10)
C(10) ? ? .19760(10) -.06620(10) .5920(4) ? .0840(10)
C(11) ? ? .17040(10) -.03060(10) .6748(3) ? .0630(10)
C(12) ? ? .13270(10) -.00760(10) .6079(3) ? .0530(10)
C(13) ? ? .11220(10) .02690(10) .6955(3) ? .0550(10)
C(14) ? ? .12630(10) .03910(10) .8465(3) ? .0650(10)
C(15) ? ? .16170(10) .01470(10) .9130(3) ? .0770(10)
C(16) ? ? .18310(10) -.01870(10) .8286(3) ? .0780(10)
C(17) ? ? .10980(10) .0831(2) .9312(3) ? .0840(10)
C(18) ? ? .16970(10) .14890(10) .9655(3) ? .082(2)
C(19) ? ? .20970(10) .18070(10) .8290(3) ? .0630(10)
C(20) ? ? .19610(10) .21800(10) .7341(3) ? .0720(10)
C(21) ? ? .23090(10) .24440(10) .6056(3) ? .0690(10)
C(22) ? ? .28110(10) .23470(10) .5631(3) ? .0610(10)
C(23) ? ? .29530(10) .19790(10) .6596(3) ? .0670(10)
C(24) ? ? .26060(10) .17200(10) .7888(3) ? .0710(10)
C(25) ? ? .12290(10) -.00990(10) .4373(3) ? .0530(10)
C(26) ? ? .09270(10) -.07700(10) .3672(4) ? .0780(10)
H(O) ? ? .0421 -.0174 .3992 ? ?
H(1A) ? ? .3226 .3026 .4020 ? ?
H(1B) ? ? .3583 .2641 .4245 ? ?
H(2A) ? ? .3052 .2340 .1945 ? ?
H(2B) ? ? .2406 .2174 .2711 ? ?
H(4) ? ? .1692 .1088 .3329 ? ?
H(7) ? ? .3377 .0659 .3593 ? ?
H(8) ? ? .3576 .1667 .2817 ? ?
H(9A) ? ? .2766 -.0325 .4553 ? ?
H(9B) ? ? .2124 -.0696 .3683 ? ?
H(10A) ? ? .2264 -.0708 .6593 ? ?
H(10B) ? ? .1625 -.1088 .5721 ? ?
H(13) ? ? .0874 .0433 .6477 ? ?
H(15) ? ? .1713 .0212 1.0182 ? ?
H(16) ? ? .2084 -.0347 .8755 ? ?
H(17A) ? ? .0887 .0625 1.0232 ? ?
H(17B) ? ? .0804 .0905 .8731 ? ?
H(18A) ? ? .1955 .1422 1.0375 ? ?
H(18B) ? ? .1571 .1775 1.0092 ? ?
H(20) ? ? .1606 .2244 .7572 ? ?
H(21) ? ? .2211 .2710 .5432 ? ?
H(23) ? ? .3301 .1907 .6348 ? ?
H(24) ? ? .2720 .1473 .8536 ? ?
H(26A) ? ? .1173 -.0982 .3794 ? ?
H(26B) ? ? .0861 -.0733 .2623 ? ?
H(26C) ? ? .0518 -.1017 .4160 ? ?
