|Di[3,4;3',4'-bis(ethylenedithio)-2,2',5,5'-tetrathiafulvalenium] Dicyanamide|Bu, X.; Coppens, P.; Lederle, B.; Naughton, M. J.|Structure of (BEDT-TTF)~2~N(CN)~2~|Acta Crystallographica Section C|1992 48(8) 1560 1561
C22 H16 N3 S16
14.7440(10) 6.676(2) 32.151(3) 90 90 90
Pcca
S1 ? ? 0.3624(8) 0.1610(10) -0.1442(3) ? 0.049(3)
S2 ? ? 0.3711(8) -0.260(2) -0.1682(3) ? 0.047(3)
S3 ? ? 0.3683(8) 0.2900(10) -0.2412(3) ? 0.047(3)
S4 ? ? 0.3675(8) -0.1310(10) -0.2653(3) ? 0.043(3)
S5 ? ? 0.3832(8) 0.0890(10) -0.0543(3) ? 0.051(3)
S6 ? ? 0.3940(10) -0.412(2) -0.0839(3) ? 0.092(5)
S7 ? ? 0.3997(9) 0.442(2) -0.3259(3) ? 0.069(4)
S8 ? ? 0.3917(8) -0.0570(10) -0.3554(3) ? 0.049(3)
C1 ? ? 0.363(3) -0.011(5) -0.1870(10) ? 0.040(10)
C2 ? ? 0.372(2) 0.043(4) -0.2273(8) ? 0.021(8)
C3 ? ? 0.382(2) -0.011(6) -0.1050(10) ? 0.040(10)
C4 ? ? 0.380(2) -0.205(5) -0.1160(10) ? 0.040(10)
C5 ? ? 0.391(2) 0.227(6) -0.2940(10) ? 0.040(10)
C6 ? ? 0.381(2) 0.039(5) -0.3060(9) ? 0.040(10)
C7 ? ? 0.370(3) -0.129(5) -0.0240(10) ? 0.040(10)
C8 ? ? 0.425(3) -0.307(6) -0.0340(10) ? 0.060(10)
C9 ? ? 0.356(3) 0.342(7) -0.373(2) ? 0.10(2)
C10 ? ? 0.373(3) 0.159(7) -0.3910(10) ? 0.08(2)
C11 ? ? 0.295(2) 0.364(5) 0.0380(10) ? 0.040(10)
N1 ? ? 0.339(2) 0.237(6) 0.0490(10) ? 0.080(10)
N0 ? ? 0.250 0.500 0.028(2) ? 0.22(4)
