catena-(dabconium tris(phosphato)-zinc)||J. Patarin; B. Marler; L. Huve|Synthesis and structure of Zn(H2PO4)(2)(HPO4).H2N2C6H12|European Journal of Solid State and Inorganic Chemistry|1994 31(10) 909 920
C6 H19 N2 O12 P3 Zn
9.777(2) 10.640(2) 15.384(3) 90 90 90
P212121
Zn1 ? ? 0.1017(1) 0.2646(1) -0.0930(1) ? ?
P1 ? ? 0.2587(2) 0.2880(2) -0.2682(1) ? ?
P2 ? ? 0.3420(2) 0.3894(2) 0.0108(1) ? ?
P3 ? ? -0.0639(2) 0.5054(2) -0.0488(1) ? ?
O1 ? ? 0.2551(5) 0.2747(5) -0.0108(3) ? ?
O2 ? ? 0.3064(5) 0.2000(5) -0.3444(3) ? ?
O3 ? ? 0.1703(5) 0.2147(4) -0.2057(3) ? ?
O4 ? ? -0.0788(5) 0.6405(4) -0.0770(3) ? ?
O5 ? ? 0.3859(5) 0.3442(5) -0.2287(3) ? ?
O6 ? ? 0.3914(7) 0.4488(5) -0.0776(3) ? ?
O7 ? ? 0.2573(6) 0.4891(5) 0.0568(3) ? ?
O8 ? ? 0.0007(6) 0.4938(5) 0.0441(3) ? ?
O9 ? ? -0.2118(5) 0.4535(5) -0.0392(4) ? ?
O10 ? ? 0.4636(5) 0.3550(4) 0.0652(3) ? ?
O11 ? ? 0.1636(5) 0.3905(5) -0.3103(3) ? ?
O12 ? ? 0.0204(6) 0.4286(4) -0.1107(3) ? ?
N1 ? ? 0.3687(6) 0.2376(6) -0.6561(3) ? ?
N2 ? ? 0.1314(7) 0.1988(6) -0.7129(4) ? ?
C1 ? ? 0.1224(8) 0.2554(7) -0.6233(4) ? ?
C2 ? ? 0.2681(7) 0.2538(8) -0.5830(5) ? ?
C3 ? ? 0.2072(8) 0.0793(8) -0.7127(6) ? ?
C4 ? ? 0.3405(1) 0.3291(9) -0.7298(6) ? ?
C5 ? ? 0.3603(9) 0.1061(8) -0.6897(6) ? ?
C6 ? ? 0.2013(9) 0.2959(9) -0.7721(5) ? ?
. ? ? . . . ? ?
