||A.Gonzalez; A.Beltran; A.le Bail||Acta Crystallogr.,Sect.C:Cryst.Struct.Commun.|1991 47 1624
C16 H44 Co1 Nd2 O26
8.243(2) 10.368(3) 11.497(3) 111.64(1) 107.94(1) 93.45(1)
P-1
Nd1 ? ? 0.08652(1) 0.91889(1) 0.33204(1) ? ?
Co1 ? ? 0.00000 1.00000 0.00000 ? ?
O1 ? ? 0.1104(2) 1.1320(2) 0.5666(2) ? ?
O2 ? ? 0.2765(3) 1.1607(2) 0.4591(2) ? ?
O3 ? ? 0.1692(2) 0.9534(2) 0.1531(1) ? ?
O4 ? ? 0.3817(2) 0.9169(2) 0.2987(2) ? ?
O5 ? ? -0.0662(2) 1.1611(2) 0.1408(2) ? ?
O6 ? ? -0.1046(2) 1.0779(2) 0.2862(2) ? ?
O7 ? ? -0.2041(2) 0.8361(2) -0.0437(2) ? ?
O8 ? ? -0.1406(3) 0.7728(2) 0.1286(2) ? ?
O9 ? ? 0.2875(2) 0.8905(2) 0.5313(2) ? ?
O10 ? ? 0.3925(3) 0.2934(2) 0.3264(2) ? ?
O11 ? ? 0.1131(3) 0.6666(2) 0.2612(3) ? ?
O12 ? ? 0.0941(4) 0.6002(3) 0.9368(3) ? ?
O13 ? ? 0.3018(4) 0.5562(3) 0.4230(3) ? ?
C1 ? ? 0.3266(2) 0.9366(2) 0.1939(2) ? ?
C2 ? ? -0.2295(2) 0.7568(2) 0.0125(2) ? ?
C3 ? ? 0.2321(3) 1.2062(2) 0.5599(2) ? ?
C4 ? ? -0.1002(3) 1.1743(2) 0.2435(2) ? ?
C5 ? ? 0.4411(3) 0.9424(4) 0.1169(3) ? ?
C6 ? ? -0.3757(4) 0.6297(3) -0.0662(3) ? ?
C7 ? ? 0.3274(5) 1.3442(3) 0.6732(3) ? ?
C8 ? ? -0.1363(7) 1.3150(3) 0.3215(4) ? ?
H1 ? ? 0.1991(49) 0.9233(52) 0.5730(49) ? ?
H2 ? ? 0.4008(33) 0.9591(43) 0.5848(46) ? ?
H3 ? ? 0.2912(38) 0.2807(64) 0.2454(35) ? ?
H4 ? ? 0.3530(57) 0.2516(60) 0.3812(44) ? ?
H5 ? ? 0.0390(56) 0.5809(32) 0.1806(36) ? ?
H6 ? ? 0.2211(42) 0.6412(50) 0.3093(47) ? ?
H7 ? ? 0.1026(80) 0.6802(33) 0.9088(47) ? ?
H8 ? ? 0.0848(80) 0.6363(46) 1.0277(25) ? ?
H9 ? ? 0.3767(53) 0.4899(43) 0.3897(51) ? ?
H10 ? ? 0.3767(53) 0.6421(36) 0.5032(39) ? ?
H11 ? ? 0.3756(64) 0.9536(52) 0.0251(27) ? ?
H12 ? ? 0.5401(51) 0.8803(47) 0.1042(48) ? ?
H13 ? ? 0.5008(60) 1.0460(25) 0.1971(33) ? ?
H14 ? ? -0.4444(58) 0.6118(57) -0.0056(45) ? ?
H15 ? ? -0.3174(64) 0.5399(37) -0.1033(46) ? ?
H16 ? ? -0.4657(52) 0.6434(56) -0.1497(31) ? ?
H17 ? ? 0.2961(67) 1.3575(61) 0.7610(32) ? ?
H18 ? ? 0.2674(60) 1.4135(49) 0.6298(53) ? ?
H19 ? ? 0.4668(10) 1.3698(53) 0.7010(51) ? ?
H20 ? ? -0.0448(44) 1.3532(52) 0.2858(44) ? ?
H21 ? ? -0.0895(55) 1.3650(55) 0.4296(5) ? ?
H22 ? ? -0.2612(32) 1.3399(59) 0.2816(46) ? ?
O1A* ? ? -0.1104(2) 0.8680(2) 0.4334(2) ? ?
Nd1A* ? ? -0.08652(1) 1.08111(1) 0.66796(1) ? ?
O3A* ? ? -0.1692(2) 1.0466(2) -0.1531(1) ? ?
O5A* ? ? 0.0662(2) 0.8389(2) -0.1408(2) ? ?
O7A* ? ? 0.2041(2) 1.1639(2) 0.0437(2) ? ?
C3A* ? ? -0.2321(3) 0.7938(2) 0.4401(2) ? ?
O2A* ? ? -0.2765(3) 0.8393(2) 0.5409(2) ? ?
O3A** ? ? -0.1692(2) 1.0466(2) 0.8469(1) ? ?
O4A* ? ? -0.3817(2) 1.0831(2) 0.7013(2) ? ?
O6A* ? ? 0.1046(2) 0.9221(2) 0.7138(2) ? ?
O8A* ? ? 0.1406(3) 1.2272(2) 0.8714(2) ? ?
O9A* ? ? -0.2875(2) 1.1095(2) 0.4687(2) ? ?
O11A* ? ? -0.1131(3) 1.3334(2) 0.7388(3) ? ?
Nd1A** ? ? -0.08652(1) 1.08111(1) -0.33204(1) ? ?
C1A* ? ? -0.3266(2) 1.0634(2) -0.1939(2) ? ?
C4A* ? ? 0.1002(3) 0.8257(2) -0.2435(2) ? ?
C2A* ? ? 0.2295(2) 1.2432(2) -0.0125(2) ? ?
C7A* ? ? -0.3274(5) 0.6558(3) 0.3268(3) ? ?
C1A** ? ? -0.3266(2) 1.0634(2) 0.8061(2) ? ?
C4A** ? ? 0.1002(3) 0.8257(2) 0.7565(2) ? ?
C2A** ? ? 0.2295(2) 1.2432(2) 0.9875(2) ? ?
H1A* ? ? -0.1991(49) 1.0767(52) 0.4270(49) ? ?
H2A* ? ? -0.4008(33) 1.0409(43) 0.4152(46) ? ?
H5A* ? ? -0.0390(56) 1.4191(32) 0.8194(36) ? ?
H6A* ? ? -0.2211(42) 1.3588(50) 0.6907(47) ? ?
O4A** ? ? -0.3817(2) 1.0831(2) -0.2987(2) ? ?
C5A* ? ? -0.4411(3) 1.0576(4) -0.1169(3) ? ?
O6A** ? ? 0.1046(2) 0.9221(2) -0.2862(2) ? ?
C8A* ? ? 0.1363(7) 0.6850(3) -0.3215(4) ? ?
O8A** ? ? 0.1406(3) 1.2272(2) -0.1286(2) ? ?
C6A* ? ? 0.3757(4) 1.3703(3) 0.0662(3) ? ?
H17A* ? ? -0.2961(67) 0.6425(61) 0.2390(32) ? ?
H18A* ? ? -0.2674(60) 0.5865(49) 0.3702(53) ? ?
H19A* ? ? -0.4668(10) 0.6302(53) 0.2990(51) ? ?
H11A* ? ? -0.3756(64) 1.0464(52) -0.0251(27) ? ?
H12A* ? ? -0.5401(51) 1.1197(47) -0.1042(48) ? ?
H13A* ? ? -0.5008(60) 0.9540(25) -0.1971(33) ? ?
H20A* ? ? 0.0448(44) 0.6468(52) -0.2858(44) ? ?
H21A* ? ? 0.0895(55) 0.6350(55) -0.4296(5) ? ?
H22A* ? ? 0.2612(32) 0.6601(59) -0.2816(46) ? ?
H14A* ? ? 0.4444(58) 1.3882(57) 0.0056(45) ? ?
H15A* ? ? 0.3174(64) 1.4601(37) 0.1033(46) ? ?
H16A* ? ? 0.4657(52) 1.3566(56) 0.1497(31) ? ?
