||Macíček, J.; Angelova, O.; Dodoff, N.|Structure of <i>cis</i>-dichloro[methylphosphinylidenebis(methylamine-<i>N</i>,<i>N</i>')]platinum(II) hemihydrate|Acta Crystallographica Section C|1991 47(5) 971 973
C3 H11 Cl2 N2 O P Pt
17.696(3) 7.175(4) 17.1550(10) 90 117.150(10) 90
I2/c11
Pt ? ? .13023(2) .4421(4) .24840(2) ? ?
Cl(1) ? ? .19100(10) .7202(3) .31650(10) ? ?
Cl(2) ? ? .12630(10) .3348(4) .37290(10) ? ?
P ? ? .09600(10) .2165(3) .04610(10) ? ?
O ? ? .0040(3) .2631(9) -.0071(4) ? ?
N(1) ? ? .1330(4) .5420(10) .1380(4) ? ?
N(2) ? ? .0725(4) .1980(10) .1893(4) ? ?
C(1) ? ? .1629(4) .4190(10) .0868(5) ? ?
C(2) ? ? .1105(5) .0880(10) .1427(5) ? ?
C(3) ? ? .1422(5) .078(2) -.0060(5) ? ?
O(W) ? ? .500 .6220(10) .250 ? ?
H(W) ? ? .473 .706 .219 ? ?
H(11N) ? ? .169 .648 .155 ? ?
H(12N) ? ? .077 .580 .099 ? ?
H(21N) ? ? .016 .227 .148 ? ?
H(22N) ? ? .072 .120 .234 ? ?
H(11) ? ? .161 .488 .039 ? ?
H(12) ? ? .219 .381 .124 ? ?
H(21) ? ? .169 .072 .180 ? ?
H(22) ? ? .084 -.030 .126 ? ?
H(31) ? ? .200 .057 .033 ? ?
H(32) ? ? .113 -.038 -.023 ? ?
H(33) ? ? .138 .141 -.057 ? ?
