||M.T.Averbuch-Pouchot; A.Durif; J.C.Guitel||Acta Crystallogr.,Sect.C:Cryst.Struct.Commun.|1988 44 1968
C6 H17 N2 O8 P1
14.442(7) 10.352(6) 9.062(4) 90 119.08(4) 90
C2/c
P1 ? ? 0.00000 0.41984(5) 0.75000 ? ?
O1 ? ? -0.0926(1) 0.3417(1) 0.6202(2) ? ?
O2 ? ? 0.0376(1) 0.5051(2) 0.6553(2) ? ?
O3 ? ? 0.69201(8) 0.3803(1) 0.6997(1) ? ?
O4 ? ? 0.63850(9) 0.3881(1) 0.4234(1) ? ?
N1 ? ? 0.7675(1) 0.6178(1) 0.7565(1) ? ?
C1 ? ? 0.6761(1) 0.4367(1) 0.5708(2) ? ?
C2 ? ? 0.5987(2) 0.6589(2) 0.5017(2) ? ?
C3 ? ? 0.6993(1) 0.5806(1) 0.5782(1) ? ?
H1 ? ? -0.107(2) 0.244(3) 0.597(3) ? ?
H2? ? ? 0.494(4) 0.002(5) 0.442(5) ? ?
H3 ? ? 0.784(1) 0.704(2) 0.772(2) ? ?
H4 ? ? 0.728(2) 0.602(2) 0.814(3) ? ?
H5 ? ? 0.832(2) 0.577(2) 0.805(3) ? ?
H6 ? ? 0.736(2) 0.595(2) 0.516(2) ? ?
H7 ? ? 0.557(2) 0.632(2) 0.561(3) ? ?
H8 ? ? 0.557(2) 0.626(3) 0.409(4) ? ?
H9 ? ? 0.609(2) 0.745(2) 0.504(3) ? ?
O1B* ? ? 0.0926(1) 0.3417(1) 0.8798(2) ? ?
O2B* ? ? -0.0376(1) 0.5051(2) 0.8447(2) ? ?
H1B* ? ? 0.107(2) 0.244(3) 0.903(3) ? ?
