||Dealwis, C. G.; Janes, R. W.; Palmer, R. A.; Lisgarten, J. N.; Maes, D.; Flint, C. D.; Gazi, D. M.|Structures of chromium(III) cyclam complexes. 3. Structure of <i>trans</i>-dichloro(1,4,8,11-tetraazacyclotetradecane)chromium(III) bromide|Acta Crystallographica Section C|1992 48(10) 1754 1756
C10 H24 Br Cl2 Cr N4
6.440(3) 16.6080(10) 7.641(2) 86.61(2) 89.21(2) 105.13(3)
A-1
Br(1) ? ? .5 .25 .25 ? .020(3)
Cr(1) ? ? .0 .0 .0 ? .030(3)
Cl(1) ? ? -.25940(10) .0102 -.20390(10) ? .041(3)
N(1) ? ? -.2143(3) .01110(10) .1946(2) ? .028(10)
C(2) ? ? -.1379(5) .0977(2) .2545(3) ? .039(14)
C(3) ? ? -.0636(5) .1565(2) .0940(4) ? .039(14)
N(4) ? ? .1069(3) .12870(10) -.0011(3) ? .027(10)
C(5) ? ? .1687(5) .1738(2) -.1755(4) ? .035(14)
C(6) ? ? .3365(5) .1415(2) -.2713(4) ? .037(14)
C(7) ? ? -.2607(5) -.0549(2) .3398(3) ? .039(15)
H(1) ? ? -.3597 .0069 .1230 ? ?
H(2) ? ? -.2678 .114 .3218 ? ?
H(21) ? ? -.0060 .1012 .3419 ? ?
H(3) ? ? .0009 .2194 .1331 ? ?
H(31) ? ? -.1974 .1549 .0095 ? ?
H(4) ? ? .2479 .1393 .0781 ? ?
H(5) ? ? .0272 .1653 -.2539 ? ?
H(51) ? ? .2340 .2395 -.1577 ? ?
H(6) ? ? .3751 .1681 -.3520 ? ?
H(61) ? ? .4584 .1397 -.1792 ? ?
H(7) ? ? -.3792 -.0484 .4182 ? ?
H(71) ? ? -.1013 -.0469 .3996 ? ?
