|(1S,3S)-3-acetyl-5-methoxy-3-methylthio-1,2,3,4- tetrahydronaphthalene-1,8-diyl di(benzoate)|Kamei, S.; Sakai, Y.; Ohashi, Y.; Adachi, A.; Tanino, K.; Kuwajima, I.|Structure of an optically active anthracycline precursor|Acta Crystallographica Section C|1993 49(8) 1509 1511
C28 H26 O6 S
10.159(2) 13.533(5) 10.016(3) 108.10(2) 102.92(2) 96.30(2)
P1
S1A ? ? 0.5994 0.3421 0.7544 1.0000 0.0491
O1A ? ? 0.7684(3) 0.5572(2) 1.0719(3) 1.0000 0.0634
O2A ? ? 0.6828(3) 0.6440(2) 0.5481(3) 1.0000 0.0593
O3A ? ? 0.5333(2) 0.8608(2) 1.0389(2) 1.0000 0.0459
O4A ? ? 0.7356(3) 0.8730(3) 1.1939(3) 1.0000 0.0808
O5A ? ? 0.3721(2) 0.6576(2) 0.9512(2) 1.0000 0.0429
O6A ? ? 0.3963(3) 0.6894(3) 1.1897(3) 1.0000 0.0713
C1A ? ? 0.5702(3) 0.6966(2) 0.8770(3) 1.0000 0.0366
C2A ? ? 0.5782(3) 0.8060(3) 0.9179(3) 1.0000 0.0424
C3A ? ? 0.6228(3) 0.8631(3) 0.8387(4) 1.0000 0.0489
C4A ? ? 0.6579(4) 0.8107(3) 0.7130(4) 1.0000 0.0491
C5A ? ? 0.6521(3) 0.7032(3) 0.6706(3) 1.0000 0.0433
C6A ? ? 0.6091(3) 0.6443(3) 0.7533(3) 1.0000 0.0398
C7A ? ? 0.6032(3) 0.5265(3) 0.7035(3) 1.0000 0.0420
C8A ? ? 0.6166(3) 0.4865(2) 0.8336(3) 1.0000 0.0376
C9A ? ? 0.5007(3) 0.5165(3) 0.9022(3) 1.0000 0.0436
C10A ? ? 0.5117(3) 0.6371(2) 0.9627(3) 1.0000 0.0390
C11A ? ? 0.7580(3) 0.5268(2) 0.9425(3) 1.0000 0.0404
C12A ? ? 0.8824(3) 0.5240(3) 0.8857(4) 1.0000 0.0589
C13A ? ? 0.6228(4) 0.3019(3) 0.9122(5) 1.0000 0.0689
C14A ? ? 0.7024(5) 0.6940(4) 0.4454(4) 1.0000 0.0766
C15A ? ? 0.6227(3) 0.8923(3) 1.1742(4) 1.0000 0.0471
C16A ? ? 0.5633(3) 0.9503(2) 1.2893(3) 1.0000 0.0428
C17A ? ? 0.4314(4) 0.9707(3) 1.2600(4) 1.0000 0.0565
C18A ? ? 0.3817(4) 1.0258(3) 1.3739(5) 1.0000 0.0709
C19A ? ? 0.4635(5) 1.0613(3) 1.5145(5) 1.0000 0.0706
C20A ? ? 0.5930(5) 1.0410(3) 1.5444(4) 1.0000 0.0719
C21A ? ? 0.6437(4) 0.9865(3) 1.4326(4) 1.0000 0.0590
C22A ? ? 0.3326(3) 0.6905(3) 1.0736(3) 1.0000 0.0413
C23A ? ? 0.2039(3) 0.7331(2) 1.0486(3) 1.0000 0.0403
C24A ? ? 0.1503(3) 0.7511(3) 0.9209(4) 1.0000 0.0458
C25A ? ? 0.0320(4) 0.7932(3) 0.9036(4) 1.0000 0.0587
C26A ? ? -0.0328(4) 0.8166(3) 1.0143(5) 1.0000 0.0670
C27A ? ? 0.0203(4) 0.7987(3) 1.1413(5) 1.0000 0.0686
C28A ? ? 0.1371(3) 0.7558(3) 1.1587(4) 1.0000 0.0542
S1B ? ? 0.11282(12) 0.66448(8) 0.47780(12) 1.0000 0.0510
O1B ? ? 0.2556(3) 0.4474(2) 0.5005(3) 1.0000 0.0595
O2B ? ? -0.3277(3) 0.3807(2) 0.3578(3) 1.0000 0.0716
O3B ? ? 0.0031(3) 0.1424(2) 0.0805(3) 1.0000 0.0577
O4B ? ? -0.1551(3) 0.0756(2) -0.1378(3) 1.0000 0.0663
O5B ? ? 0.0551(2) 0.3326(2) 0.0251(2) 1.0000 0.0461
O6B ? ? 0.2807(3) 0.3433(3) 0.0409(3) 1.0000 0.0669
C1B ? ? -0.0454(3) 0.3095(2) 0.2057(3) 1.0000 0.0415
C2B ? ? -0.0874(3) 0.1991(3) 0.1454(3) 1.0000 0.0493
C3B ? ? -0.2062(4) 0.1484(3) 0.1579(4) 1.0000 0.0610
C4B ? ? -0.2886(4) 0.2065(3) 0.2273(4) 1.0000 0.0653
C5B ? ? -0.2506(3) 0.3157(3) 0.2885(4) 1.0000 0.0536
C6B ? ? -0.1264(3) 0.3687(3) 0.2820(3) 1.0000 0.0433
C7B ? ? -0.0819(3) 0.4869(3) 0.3565(3) 1.0000 0.0457
C8B ? ? 0.0746(3) 0.5190(2) 0.3935(3) 1.0000 0.0389
C9B ? ? 0.1178(3) 0.4818(3) 0.2536(3) 1.0000 0.0470
C10B ? ? 0.0837(3) 0.3612(3) 0.1843(3) 1.0000 0.0418
C11B ? ? 0.1513(3) 0.4798(2) 0.5104(3) 1.0000 0.0417
C12B ? ? 0.0970(4) 0.4864(3) 0.6394(3) 1.0000 0.0531
C13B ? ? 0.2986(4) 0.6955(3) 0.5217(5) 1.0000 0.0695
C14B ? ? -0.4686(4) 0.3384(5) 0.3366(5) 1.0000 0.1036
C15B ? ? -0.0387(4) 0.0882(3) -0.0656(4) 1.0000 0.0521
C16B ? ? 0.0760(4) 0.0492(3) -0.1214(4) 1.0000 0.0568
C17B ? ? 0.2090(5) 0.0672(3) -0.0329(5) 1.0000 0.0712
C18B ? ? 0.3119(6) 0.0324(5) -0.0927(6) 1.0000 0.0934
C19B ? ? 0.2859(7) -0.0218(4) -0.2385(7) 1.0000 0.0946
C20B ? ? 0.1554(7) -0.0401(4) -0.3281(6) 1.0000 0.0896
C21B ? ? 0.0492(5) -0.0044(3) -0.2698(5) 1.0000 0.0712
C22B ? ? 0.1636(3) 0.3219(2) -0.0323(3) 1.0000 0.0421
C23B ? ? 0.1181(3) 0.2784(2) -0.1935(3) 1.0000 0.0397
C24B ? ? -0.0202(3) 0.2518(3) -0.2726(3) 1.0000 0.0486
C25B ? ? -0.0561(4) 0.2087(3) -0.4222(4) 1.0000 0.0652
C26B ? ? 0.0445(5) 0.1926(3) -0.4944(4) 1.0000 0.0716
C27B ? ? 0.1823(5) 0.2218(3) -0.4178(4) 1.0000 0.0649
C28B ? ? 0.2187(4) 0.2638(3) -0.2677(4) 1.0000 0.0521
H3A ? ? 0.6273 0.9388 0.8699 1.0000 0.0589
H4A ? ? 0.6880 0.8501 0.6562 1.0000 0.0613
H71A ? ? 0.5168 0.4913 0.6331 1.0000 0.0513
H72A ? ? 0.6753 0.5100 0.6594 1.0000 0.0513
H91A ? ? 0.4146 0.4858 0.8313 1.0000 0.0547
H92A ? ? 0.5043 0.4894 0.9807 1.0000 0.0547
H10A ? ? 0.5652 0.6649 1.0629 1.0000 0.0471
H121A ? ? 0.9356 0.4778 0.9192 1.0000 0.0744
H122A ? ? 0.8561 0.4990 0.7825 1.0000 0.0744
H123A ? ? 0.9378 0.5933 0.9218 1.0000 0.0744
H131A ? ? 0.5509 0.3216 0.9594 1.0000 0.0829
H132A ? ? 0.6139 0.2274 0.8834 1.0000 0.0829
H133A ? ? 0.7085 0.3361 0.9790 1.0000 0.0829
H141A ? ? 0.7785 0.7557 0.4939 1.0000 0.0986
H142A ? ? 0.7256 0.6483 0.3660 1.0000 0.0986
H143A ? ? 0.6231 0.7205 0.4117 1.0000 0.0986
H17A ? ? 0.3738 0.9471 1.1613 1.0000 0.0678
H18A ? ? 0.2894 1.0398 1.3531 1.0000 0.0832
H19A ? ? 0.4264 1.0980 1.5921 1.0000 0.0849
H20A ? ? 0.6498 1.0662 1.6450 1.0000 0.0861
H21A ? ? 0.7364 0.9733 1.4538 1.0000 0.0723
H24A ? ? 0.1941 0.7334 0.8429 1.0000 0.0551
H25A ? ? -0.0035 0.8091 0.8166 1.0000 0.0713
H26A ? ? -0.1143 0.8463 1.0028 1.0000 0.0814
H27A ? ? -0.0253 0.8140 1.2169 1.0000 0.0806
H28A ? ? 0.1717 0.7426 1.2481 1.0000 0.0670
H3B ? ? -0.2299 0.0724 0.1179 1.0000 0.0746
H4B ? ? -0.3757 0.1740 0.2345 1.0000 0.0779
H71B ? ? -0.1263 0.5224 0.2950 1.0000 0.0550
H72B ? ? -0.1122 0.5079 0.4450 1.0000 0.0550
H91B ? ? 0.0727 0.5118 0.1862 1.0000 0.0558
H92B ? ? 0.2157 0.5050 0.2745 1.0000 0.0558
H10B ? ? 0.1596 0.3323 0.2193 1.0000 0.0508
H121B ? ? 0.1617 0.5330 0.7268 1.0000 0.0669
H122B ? ? 0.0130 0.5133 0.6282 1.0000 0.0669
H123B ? ? 0.0780 0.4183 0.6473 1.0000 0.0669
H131B ? ? 0.3372 0.6610 0.5893 1.0000 0.0847
H132B ? ? 0.3285 0.6701 0.4371 1.0000 0.0847
H133B ? ? 0.3312 0.7694 0.5681 1.0000 0.0847
H141B ? ? -0.5122 0.3900 0.3921 1.0000 0.1253
H142B ? ? -0.5198 0.3135 0.2375 1.0000 0.1253
H143B ? ? -0.4757 0.2789 0.3722 1.0000 0.1253
H17B ? ? 0.2292 0.1037 0.0698 1.0000 0.0877
H18B ? ? 0.4042 0.0504 -0.0306 1.0000 0.1103
H19B ? ? 0.3557 -0.0505 -0.2785 1.0000 0.1146
H20B ? ? 0.1390 -0.0754 -0.4307 1.0000 0.1042
H21B ? ? -0.0420 -0.0178 -0.3335 1.0000 0.0859
H24B ? ? -0.0895 0.2643 -0.2223 1.0000 0.0610
H25B ? ? -0.1505 0.1897 -0.4762 1.0000 0.0754
H26B ? ? 0.0181 0.1609 -0.5986 1.0000 0.0898
H27B ? ? 0.2542 0.2130 -0.4668 1.0000 0.0806
H28B ? ? 0.3127 0.2831 -0.2136 1.0000 0.0659
