||Lu, T.-H.; Chen, B.-H.; Chung, C.-S.|Structure of carbonato(<i>C</i>-<i>rac</i>-5,5,7,12,12,14-hexamethyl-1,4,8,11-tetraazacyclotetradecane)cobalt(III) perchlorate|Acta Crystallographica Section C|1993 49(11) 1912 1914
C17 H36 Cl Co N4 O7
7.185(5) 9.552(3) 16.742(3) 90 90 90.0
P211
Co ? ? .40141(11) .0 .0 ? ?
Cl ? ? .7923(5) .5 .0 ? ?
O(1) ? ? .6211(5) -.0570(4) .0552(2) ? ?
O(2) ? ? .8961(6) .0 .0 ? ?
O(3) ? ? .9231(15) .5094(3) .0670(9) ? ?
O(4) ? ? .626(2) .434(2) -.029(2) ? ?
O(5) ? ? .780(2) .3667(18) .0286(18) ? ?
N(1) ? ? .2240(7) .0754(5) -.0798(3) ? ?
N(2) ? ? .4020(7) .1927(5) .0497(3) ? ?
C ? ? .7214(10) 0 .0 ? ?
C(1) ? ? .2517(9) .2300(7) -.0780(4) ? ?
C(2) ? ? .2529(8) .2758(7) .0036(6) ? ?
C(3) ? ? .3870(9) .2131(9) .1393(4) ? ?
C(4) ? ? .3550(14) .3729(9) .1572(5) ? ?
C(5) ? ? .5704(11) .1718(10) .1760(4) ? ?
C(6) ? ? .2234(12) -.1297(10) -.1710(4) ? ?
C(7) ? ? .2328(9) .0256(9) -.1657(4) ? ?
C(8) ? ? .0723(14) .0896(13) -.2130(5) ? ?
H(1) ? ? .088 .053 -.054 ? ?
H(2) ? ? .387 .255 -.106 ? ?
H(3) ? ? .142 .281 -.110 ? ?
H(4) ? ? .285 .386 .008 ? ?
H(5) ? ? .117 .255 .031 ? ?
H(6) ? ? .517 .237 .017 ? ?
H(7) ? ? .207 .395 .152 ? ?
H(8) ? ? .431 .438 .111 ? ?
H(9) ? ? .409 .401 .215 ? ?
H(10) ? ? .583 .184 .242 ? ?
H(11) ? ? .683 .234 .150 ? ?
H(12) ? ? .593 .061 .164 ? ?
H(13) ? ? .100 -.167 -.136 ? ?
H(14) ? ? .203 -.161 -.232 ? ?
H(15) ? ? .372 .063 -.179 ? ?
H(16) ? ? -.071 .050 -.199 ? ?
H(17) ? ? .096 .056 -.277 ? ?
H(18) ? ? .075 .199 -.209 ? ?
