|1-Benzhydryl-4-(2-benzoylethyl)piperazonium Tetrachlorocuprate(II) Monohydrate|Macíček, J.; Tcholakova, J.; Parvanova, M.|Structure of 1-benzhydryl-4-(2-benzoylethyl)piperazinium tetrachlorocuprate(II) hydrate|Acta Crystallographica Section C|1993 49(4) 788 790
C26 H32 Cl4 Cu N2 O2
8.8800(10) 10.5940(10) 16.387(2) 71.200(10) 89.850(10) 77.740(10)
P-1
Cu ? ? 0.2105(2) -0.14130(10) 0.34609(9) 1 0.0580(4)
Cl1 ? ? 0.0254(3) 0.0435(2) 0.3466(2) 1 0.0503(8)
Cl2 ? ? 0.3128(4) -0.2102(3) 0.4830(2) 1 0.0800(10)
Cl3 ? ? 0.1373(4) -0.3320(3) 0.3434(2) 1 0.0800(10)
Cl4 ? ? 0.2798(5) -0.0678(4) 0.2157(2) 1 0.113(2)
O ? ? 0.4589(8) -0.1063(7) 0.7130(4) 1 0.065(3)
N1 ? ? 0.2561(7) 0.2131(6) 0.4923(4) 1 0.026(2)
N2 ? ? 0.0867(7) 0.3307(6) 0.3218(4) 1 0.025(2)
C1 ? ? 0.3630(10) -0.0193(9) 0.7274(5) 1 0.035(3)
C2 ? ? 0.2880(10) 0.1086(8) 0.6552(5) 1 0.030(3)
C3 ? ? 0.3280(10) 0.0913(8) 0.5698(5) 1 0.031(3)
C4 ? ? 0.0850(9) 0.2346(8) 0.4816(5) 1 0.030(3)
C5 ? ? 0.0142(9) 0.3507(8) 0.4005(5) 1 0.032(3)
C6 ? ? 0.3274(9) 0.1948(8) 0.4130(5) 1 0.028(3)
C7 ? ? 0.2581(9) 0.3102(8) 0.3334(5) 1 0.029(3)
C8 ? ? 0.0202(9) 0.4490(8) 0.2412(5) 1 0.028(3)
C1a ? ? 0.3210(10) -0.0309(8) 0.8171(5) 1 0.035(3)
C2a ? ? 0.1820(10) 0.0360(10) 0.8355(6) 1 0.055(4)
C3a ? ? 0.1520(10) 0.0200(10) 0.9197(6) 1 0.081(5)
C4a ? ? 0.2540(10) -0.0570(10) 0.9848(6) 1 0.078(5)
C5a ? ? 0.3930(10) -0.1250(10) 0.9673(6) 1 0.076(5)
C6a ? ? 0.4250(10) -0.1150(10) 0.8844(6) 1 0.058(4)
C1b ? ? 0.0966(9) 0.4295(9) 0.1613(5) 1 0.032(3)
C2b ? ? 0.1080(10) 0.3121(9) 0.1399(5) 1 0.043(3)
C3b ? ? 0.1730(10) 0.3000(10) 0.0652(6) 1 0.056(4)
C4b ? ? 0.2260(10) 0.4060(10) 0.0135(6) 1 0.067(4)
C5b ? ? 0.2150(10) 0.5210(10) 0.0317(6) 1 0.068(4)
C6b ? ? 0.1510(10) 0.5330(10) 0.1065(6) 1 0.049(3)
C1c ? ? -0.1546(9) 0.4793(8) 0.2323(5) 1 0.031(3)
C2c ? ? -0.2390(10) 0.3909(9) 0.2240(6) 1 0.045(3)
C3c ? ? -0.3950(10) 0.4270(10) 0.2107(7) 1 0.060(4)
C4c ? ? -0.4690(10) 0.5500(10) 0.2079(6) 1 0.067(4)
C5c ? ? -0.3890(10) 0.6420(10) 0.2161(6) 1 0.067(4)
C6c ? ? -0.2320(10) 0.6080(10) 0.2277(6) 1 0.051(3)
H1 ? ? 0.2755 0.2924 0.5013 1 0.0633
H2 ? ? 0.0635 0.2517 0.3138 1 0.0633
H21 ? ? 0.3242 0.1838 0.6605 1 0.0633
H22 ? ? 0.1788 0.1253 0.6585 1 0.0633
H31 ? ? 0.4367 0.0754 0.5674 1 0.0633
H32 ? ? 0.2934 0.0138 0.5664 1 0.0633
H41 ? ? 0.0410 0.2534 0.5304 1 0.0633
H42 ? ? 0.0618 0.1528 0.4782 1 0.0633
H51 ? ? -0.0935 0.3554 0.3952 1 0.0633
H52 ? ? 0.0303 0.4338 0.4054 1 0.0633
H61 ? ? 0.3107 0.1123 0.4072 1 0.0633
H62 ? ? 0.4352 0.1892 0.4189 1 0.0633
H71 ? ? 0.2793 0.3918 0.3379 1 0.0633
H72 ? ? 0.3044 0.2928 0.2845 1 0.0633
H8 ? ? 0.0429 0.5300 0.2462 1 0.0633
H2a ? ? 0.1076 0.0933 0.7899 1 0.0633
H3a ? ? 0.0560 0.0675 0.9322 1 0.0633
H4a ? ? 0.2312 -0.0663 1.0427 1 0.0633
H5a ? ? 0.4665 -0.1810 1.0135 1 0.0633
H6a ? ? 0.5213 -0.1636 0.8730 1 0.0633
H2b ? ? 0.0707 0.2381 0.1773 1 0.0633
H3b ? ? 0.1811 0.2185 0.0513 1 0.0633
H4b ? ? 0.2689 0.3995 -0.0383 1 0.0633
H5b ? ? 0.2525 0.5939 -0.0066 1 0.0633
H6b ? ? 0.1444 0.6154 0.1195 1 0.0633
H2c ? ? -0.1874 0.3007 0.2276 1 0.0633
H3c ? ? -0.4507 0.3635 0.2036 1 0.0633
H4c ? ? -0.5786 0.5748 0.1992 1 0.0633
H5c ? ? -0.4399 0.7309 0.2145 1 0.0633
H6c ? ? -0.1758 0.6718 0.2329 1 0.0633
Ow1^*^ ? ? 0.265(2) 0.449(2) 0.5230(10) 0.340(10) 0.038
Ow2^*^ ? ? 0.359(2) 0.426(2) 0.5020(10) 0.270(10) 0.038
Ow3^*^ ? ? 0.338(2) 0.436(2) 0.5390(10) 0.330(10) 0.038
Ow4^*^ ? ? 0.295(2) 0.5170(10) 0.4862(9) 0.390(10) 0.038
