|2,4,6-tris(tert.-butyl)anilin|Pohl, E.; Herbst-Irmer, R.; Köhler, K.; Roesky, H. W.; Sheldrick, G. M.|Structure of 2,4,6-tri(<i>tert</i>-butyl)aniline at 153 K|Acta Crystallographica Section C|1993 49(12) 2141 2143
C18 H31 N
9.2210(10) 18.157(2) 10.3180(10) 90.00 90.00 90.00
Pnma
N1 ? ? 0.0978(2) 0.7500 0.3241(2) 1 0.0423(10)
H1 ? ? 0.080(2) 0.7074(7) 0.2785(18) 1 0.064(6)
C1 ? ? 0.2317(2) 0.7500 0.3911(2) 1 0.0282(10)
C2 ? ? 0.2962(2) 0.68253(8) 0.42781(13) 1 0.0314(7)
C3 ? ? 0.4273(2) 0.68500(8) 0.49517(14) 1 0.0346(8)
H3 ? ? 0.4722(2) 0.63927(8) 0.51904(14) 1 0.041
C4 ? ? 0.4961(2) 0.7500 0.5294(2) 1 0.0336(10)
C6 ? ? 0.2234(2) 0.60754(9) 0.4007(2) 1 0.0478(10)
C7 ? ? 0.2100(3) 0.59136(11) 0.2551(2) 1 0.0711(13)
H7A ? ? 0.3067(4) 0.5952(9) 0.2140(4) 1 0.107
H7B ? ? 0.1434(14) 0.6275(6) 0.2149(4) 1 0.107
H7C ? ? 0.1714(16) 0.5410(4) 0.2426(2) 1 0.107
C8 ? ? 0.3113(3) 0.54316(11) 0.4590(3) 1 0.0870(15)
H8A ? ? 0.4078(9) 0.5409(7) 0.4170(14) 1 0.130
H8B ? ? 0.2590(11) 0.4963(2) 0.4440(17) 1 0.130
H8C ? ? 0.3237(18) 0.5510(6) 0.5533(5) 1 0.130
C9 ? ? 0.0732(2) 0.60425(11) 0.4673(2) 1 0.0647(11)
H9A ? ? 0.0242(7) 0.5576(4) 0.4439(12) 1 0.097
H9B ? ? 0.0135(6) 0.6464(5) 0.4381(11) 1 0.097
H9C ? ? 0.0858(2) 0.6066(8) 0.5625(2) 1 0.097
C5 ? ? 0.6405(2) 0.7500 0.6046(2) 1 0.0433(10)
C10 ? ? 0.6210(4) 0.7132(3) 0.7336(3) 0.50 0.070(2)
H10A ? ? 0.546(2) 0.7397(10) 0.7840(12) 0.50 0.105
H10B ? ? 0.7139(10) 0.7141(15) 0.7816(13) 0.50 0.105
H10C ? ? 0.590(3) 0.6615(5) 0.7203(3) 0.50 0.105
C11 ? ? 0.6941(4) 0.8324(2) 0.6332(4) 0.50 0.057(2)
H11A ? ? 0.712(3) 0.8582(6) 0.5501(4) 0.50 0.086
H11B ? ? 0.7852(18) 0.8309(2) 0.684(3) 0.50 0.086
H11C ? ? 0.6188(14) 0.8590(6) 0.683(3) 0.50 0.086
C12 ? ? 0.7568(3) 0.7152(2) 0.5246(4) 0.50 0.053(2)
H12A ? ? 0.7645(19) 0.7413(9) 0.4406(11) 0.50 0.080
H12B ? ? 0.7325(14) 0.6629(4) 0.509(2) 0.50 0.080
H12C ? ? 0.8505(6) 0.7185(13) 0.5711(12) 0.50 0.080
