||Caracelli, I.; Zukerman-Schpector, J.; Barreiro, E. J.; Freitas, A. C. C.|Structures of pyrazole derivatives. I. A potential bioisoster of thromboxane synthetase inhibitors|Acta Crystallographica Section C|1993 49(3) 633 635
C14 H14 N2 O2
5.6478(6) 5.232(2) 41.641(6) 90.0 93.98(2) 90.0
P121/n1
N(1) ? ? -.1053(5) .1326(5) .34680(10) ? ?
N(2) ? ? -.3070(5) .1733(7) .36140(10) ? ?
O(1) ? ? .5861(5) 1.3180(6) .46900(10) ? ?
O(2) ? ? .2509(5) 1.3169(6) .49270(10) ? ?
C(3) ? ? -.2495(7) .3519(9) .38350(10) ? ?
C(4) ? ? -.0139(6) .4288(7) .38310(10) ? ?
C(5) ? ? .0732(6) .2861(7) .35940(10) ? ?
C(6) ? ? .1156(6) .6300(7) .40370(10) ? ?
C(7) ? ? -.0360(7) .7383(9) .42850(10) ? ?
C(8) ? ? .0787(7) .9407(8) .44990(10) ? ?
C(9) ? ? .2904(6) 1.0298(8) .44980(10) ? ?
C(10) ? ? .3817(7) 1.2307(7) .47170(10) ? ?
C(11) ? ? -.0988(5) -.0536(6) .32220(10) ? ?
C(12) ? ? .0884(6) -.0577(7) .30270(10) ? ?
C(13) ? ? .0932(6) -.2424(7) .27870(10) ? ?
C(14) ? ? -.0871(6) -.4182(7) .27420(10) ? ?
C(15) ? ? -.2739(6) -.4109(7) .29360(10) ? ?
C(16) ? ? -.2826(6) -.2283(7) .31810(10) ? ?
H(N2) ? ? -.4398 .0410 .3604 ? ?
H(C3) ? ? -.3917 .4376 .3972 ? ?
H(C5) ? ? .2515 .2663 .3559 ? ?
H(C6) ? ? .2709 .5409 .4172 ? ?
H'(C6) ? ? .1847 .7857 .3892 ? ?
H(C7) ? ? -.1828 .6203 .4381 ? ?
H'(C7) ? ? -.1756 .8311 .4151 ? ?
H(C8) ? ? -.0603 1.0566 .4585 ? ?
H(C9) ? ? .4097 .9565 .4335 ? ?
H(C12) ? ? .2152 .0866 .3042 ? ?
H(C13) ? ? .2093 -.2457 .2608 ? ?
H(C14) ? ? -.0581 -.5676 .2565 ? ?
H(C15) ? ? -.4179 -.5481 .2878 ? ?
H(C16) ? ? -.3945 -.2341 .3383 ? ?
