|3-(2,5-diphenylfuryl)-3-(2,5-diphenylthienyl)sulfoxyde|Ginderow, D.; Mornon, J.-P.; Erdelmeier, I.; Dansette, P.; Mansuy, D.|Structure du 2,5-diphényl-3-furyl 2,5-diphényl-3-thiényl sulfoxyde|Acta Crystallographica Section C|1993 49(11) 2009 2012
C32 H22 O2 S2
19.214(8) 12.727(5) 10.451(4) 90.0 98.65(4) 90.0
P121/n1
S(1a) ? ? 0.85530(10) 0.1982(2) 0.1467(2) ? ?
C(2a) ? ? 0.8263(3) 0.3249(5) 0.1301(5) ? ?
C(3a) ? ? 0.8812(3) 0.3934(5) 0.1277(5) ? ?
C(4a) ? ? 0.9464(3) 0.3426(5) 0.1367(5) ? ?
C(5a) ? ? 0.9404(3) 0.2379(5) 0.1468(5) ? ?
C(6a) ? ? 0.9959(3) 0.1566(5) 0.1516(5) ? ?
C(7a) ? ? 0.9827(4) 0.0529(6) 0.1795(7) ? ?
C(8a) ? ? 1.0334(4) -.0234(6) 0.1776(7) ? ?
C(9a) ? ? 1.0986(4) 0.0022(6) 0.1502(8) ? ?
C(10a) ? ? 1.1135(4) 0.1038(6) 0.1240(7) ? ?
C(11a) ? ? 1.0626(4) 0.1802(5) 0.1245(7) ? ?
C(12a) ? ? 0.7515(3) 0.3442(5) 0.1210(6) ? ?
C(13a) ? ? 0.7130(4) 0.3921(6) 0.0162(7) ? ?
C(14a) ? ? 0.6420(4) 0.4076(7) 0.0039(8) ? ?
C(15a) ? ? 0.6058(4) 0.3788(7) 0.1021(10) ? ?
C(16a) ? ? 0.6413(4) 0.3309(7) 0.2109(8) ? ?
C(17a) ? ? 0.7126(4) 0.3134(6) 0.2221(7) ? ?
O(1b) ? ? 0.9980(2) 0.6434(3) 0.4030(4) ? ?
C(2b) ? ? 0.9352(3) 0.5948(5) 0.3537(5) ? ?
C(3b) ? ? 0.9349(3) 0.5774(5) 0.2207(5) ? ?
C(4b) ? ? 0.9975(3) 0.6187(5) 0.1905(5) ? ?
C(5b) ? ? 1.0358(3) 0.6594(5) 0.2994(6) ? ?
C(6b) ? ? 1.1018(3) 0.7117(5) 0.3274(5) ? ?
C(7b) ? ? 1.1239(4) 0.7648(6) 0.4446(6) ? ?
C(8b) ? ? 1.1857(4) 0.8144(6) 0.4679(7) ? ?
C(9b) ? ? 1.2320(4) 0.8130(6) 0.3782(7) ? ?
C(10b) ? ? 1.2105(4) 0.7618(6) 0.2595(7) ? ?
C(11b) ? ? 1.1482(3) 0.7138(6) 0.2370(6) ? ?
C(12b) ? ? 0.8864(3) 0.5701(5) 0.4442(5) ? ?
C(13b) ? ? 0.8246(3) 0.5229(6) 0.4063(5) ? ?
C(14b) ? ? 0.7775(4) 0.4998(6) 0.4919(6) ? ?
C(15b) ? ? 0.7990(4) 0.5247(6) 0.6220(6) ? ?
C(16b) ? ? 0.8621(4) 0.5701(7) 0.6604(6) ? ?
C(17b) ? ? 0.9056(3) 0.5958(6) 0.5744(6) ? ?
S(2) ? ? 0.86650(10) 0.53020(10) 0.10470(10) ? ?
O(2) ? ? 0.8888(2) 0.5592(4) -.0229(4) ? ?
H(4a) ? ? 0.988(3) 0.378(4) 0.142(5) ? ?
H(7a) ? ? 0.935(3) 0.034(4) 0.190(5) ? ?
H(8a) ? ? 1.027(3) -0.106(4) 0.201(5) ? ?
H(9a) ? ? 1.135(3) -0.077(4) 0.155(5) ? ?
H(10a) ? ? 1.165(3) 0.132(4) 0.111(5) ? ?
H(11a) ? ? 1.073(3) 0.247(5) 0.103(5) ? ?
H(13a) ? ? 0.743(3) 0.423(4) -0.036(5) ? ?
H(14a) ? ? 0.618(3) 0.450(4) -0.076(5) ? ?
H(15a) ? ? 0.547(3) 0.404(4) 0.097(5) ? ?
H(16a) ? ? 0.608(3) 0.310(4) 0.292(5) ? ?
H(17a) ? ? 0.746(3) 0.282(4) 0.300(5) ? ?
H(4b) ? ? 1.012(3) 0.627(4) 0.105(5) ? ?
H(7b) ? ? 1.081(3) 0.777(4) 0.486(5) ? ?
H(8b) ? ? 1.194(3) 0.865(4) 0.544(5) ? ?
H(9b) ? ? 1.290(3) 0.838(4) 0.404(5) ? ?
H(10b) ? ? 1.255(3) 0.755(4) 0.199(5) ? ?
H(11b) ? ? 1.132(3) 0.678(4) 0.172(5) ? ?
H(13b) ? ? 0.807(3) 0.504(4) 0.320(5) ? ?
H(14b) ? ? 0.724(3) 0.467(4) 0.457(5) ? ?
H(15b) ? ? 0.764(3) 0.509(4) 0.669(5) ? ?
H(16b) ? ? 0.881(3) 0.574(4) 0.752(5) ? ?
H(17b) ? ? 0.956(3) 0.624(4) 0.610(5) ? ?
