|Cs(0.86)Rb(0.14)TiOAsO4|Womersley, M N, Thomas, P A; Corker, D L|An Investigation of the Cs(x)Rb(1-x)TiOAsO4 Series, Part I: Crystal Structural Analysis and Pseudo-symmetry|Acta Crystallographica, Section B|1998 54 635 644
As2 Cs1.72 O10 Rb0.28 Ti2
13.442(5) 6.816(2) 10.735(2) 90.0 90.0 90.0
Pna21
Rb1 ? ? 0.385970(10) 0.78411(2) 0.34697(2) 0.225(5) 0.0093
Rb2 ? ? 0.109600(10) 0.69304(2) 0.09023(2) 0.056(5) 0.0075
Cs1 ? ? 0.385970(10) 0.78411(2) 0.34697(2) 0.775(5) 0.0093
Cs2 ? ? 0.109600(10) 0.69304(2) 0.09023(2) 0.944(5) 0.0075
Ti1 ? ? 0.37280(3) 0.50234(6) 0.00348(4) 1.0000 0.0038
Ti2 ? ? 0.25062(3) 0.26677(6) 0.25458(4) 1.0000 0.0035
As1 ? ? 0.50078(2) 0.32714(3) 0.26050(3) 1.0000 0.0033
As2 ? ? 0.17857(2) 0.50204(4) 0.51499(3) 1.0000 0.0034
O1 ? ? 0.4859(2) 0.4803(3) 0.1411(2) 1.0000 0.0067
O2 ? ? 0.5138(2) 0.4604(3) 0.3922(2) 1.0000 0.0067
O3 ? ? 0.39720(10) 0.1930(3) 0.2848(2) 1.0000 0.0060
O4 ? ? 0.60210(10) 0.1828(3) 0.2402(2) 1.0000 0.0066
O5 ? ? 0.21610(10) -0.0558(3) 0.6446(2) 1.0000 0.0060
O6 ? ? 0.21750(10) 0.0561(3) 0.3949(2) 1.0000 0.0056
O7 ? ? 0.11290(10) 0.3008(3) 0.5523(2) 1.0000 0.0070
O8 ? ? 0.10970(10) 0.7011(3) 0.4799(2) 1.0000 0.0067
O9 ? ? 0.2547(2) 0.5465(3) 0.6379(2) 1.0000 0.0061
O10 ? ? 0.25640(10) 0.4521(3) 0.3956(2) 1.0000 0.0064
