|Strontium niobium oxide (6/34/91)|Schueckel, K; Mueller-Buschbaum, Hk|Zur Kenntnis eines Strontiumoxoniobats mit bronzeaehnlicher Struktur: Sr6 Nb34 O91|Revue de Chimie Minerale|1986 23 154 161
Nb34 O91 Sr6
37.088(12) 37.088(12) 3.9500(8) 90 90 90
P4bm
Nb1 2 b 0.5 0. 0.583 1. ?
Nb2 8 d 0.5673(4) 0.4770(4) 0.401(5) 1. ?
Nb3 8 d 0.1412(4) 0.0991(4) 0.400(5) 1. ?
Nb4 8 d 0.0953(3) 0.1931(4) 0.463(5) 1. ?
Nb5 8 d 0.1882(4) 0.2371(4) 0.501(6) 1. ?
Nb6 8 d 0.2328(3) 0.1426(3) 0.482(5) 1. ?
Nb7 8 d 0.9956(3) 0.1702(3) 0.461(5) 1. ?
Nb8 8 d 0.0693(3) 0.3611(3) 0.507(5) 1. ?
Nb9 8 d 0.4015(3) 0.0233(4) 0.501(5) 1. ?
Nb10 8 d 0.0202(3) 0.2663(3) 0.431(5) 1. ?
Nb11 8 d 0.3067(2) 0.0731(2) 0.547(3) 1. ?
Nb12 8 d 0.1094(3) 0.2780(3) 0.583(3) 1. ?
Nb13 4 c 0.3246(2) 0.1754(2) 0.378(5) 1. ?
Nb14 4 c 0.1667(3) 0.3333(3) 0.558(6) 1. ?
Nb15 4 c 0.3894(2) 0.1106(2) 0.498(5) 1. ?
Sr1 2 a 0. 0. 0.96(1) 1. ?
Sr2 8 d 0.2191(3) 0.0664 0.960(6) 1. ?
Sr3 4 c 0.2724(3) 0.2276(3) 0.969(10) 1. ?
Sr4 4 c 0.0559(3) 0.4441(3) 0.974(7) 1. ?
O1 2 b 0.5 0. 0.06(5) 0.9681 ?
O2 8 d 0.073(2) 0.025(2) 0.93(2) 0.9681 ?
O3 8 d 0.137(2) 0.107(2) 0.92(4) 0.9681 ?
O4 8 d 0.094(2) 0.199(2) 0.01(3) 0.9681 ?
O5 8 d 0.244(2) 0.807(2) 0.99(3) 0.9681 ?
O6 8 d 0.233(2) 0.133(2) 0.96(2) 0.9681 ?
O7 8 d 0.179(1) 0.004(2) 0.01(3) 0.9681 ?
O8 8 d 0.077(2) 0.353(2) 0.98(3) 0.9681 ?
O9 8 d 0.397(2) 0.024(2) 0.02(3) 0.9681 ?
O10 8 d 0.266(2) 0.985(2) 0.96(3) 0.9681 ?
O11 8 d 0.312(2) 0.072(2) 0.97(3) 0.9681 ?
O12 8 d 0.115(2) 0.270(2) 0.05(3) 0.9681 ?
O13 4 c 0.324(2) 0.176(2) 0.92(4) 0.9681 ?
O14 4 c 0.170(2) 0.330(2) 0.01(4) 0.9681 ?
O15 4 c 0.390(2) 0.110(2) 0.98(3) 0.9681 ?
O16 8 d 0.051(2) 0.307(2) 0.40(2) 0.9681 ?
O17 8 d 0.621(2) 0.024(2) 0.55(3) 0.9681 ?
O18 8 d 0.551(3) 0.003(3) 0.49(3) 0.9681 ?
O19 8 d 0.055(2) 0.164(2) 0.56(3) 0.9681 ?
O20 8 d 0.382(2) 0.175(2) 0.47(3) 0.9681 ?
O21 8 d 0.121(2) 0.151(2) 0.42(2) 0.9681 ?
O22 8 d 0.141(2) 0.222(2) 0.55(3) 0.9681 ?
O23 8 d 0.005(2) 0.122(2) 0.46(3) 0.9681 ?
O24 8 d 0.161(3) 0.725(2) 0.53(3) 0.9681 ?
O25 8 d 0.224(2) 0.008(2) 0.50(4) 0.9681 ?
O26 8 d 0.380(2) 0.833(2) 0.47(3) 0.9681 ?
O27 8 d 0.163(4) 0.054(4) 0.43(3) 0.9681 ?
O28 8 d 0.410(2) 0.241(2) 0.43(2) 0.9681 ?
O29 8 d 0.571(2) 0.260(2) 0.45(3) 0.9681 ?
O30 8 d 0.093(2) 0.079(2) 0.42(4) 0.9681 ?
O31 8 d 0.186(2) 0.123(1) 0.49(4) 0.9681 ?
O32 8 d 0.218(2) 0.192(2) 0.41(3) 0.9681 ?
O33 8 d 0.302(2) 0.029(2) 0.48(2) 0.9681 ?
O34 8 d 0.283(2) 0.835(2) 0.49(2) 0.9681 ?
O35 8 d 0.028(2) 0.054(2) 0.41(3) 0.9681 ?
O36 8 d 0.362(2) 0.061(2) 0.47(3) 0.9681 ?
O37 4 c 0.236(2) 0.264(2) 0.51(3) 0.9681 ?
O38 4 c 0.091(5) 0.409(5) 0.49(4) 0.9681 ?
O39 4 c 0.426(2) 0.074(2) 0.46(3) 0.9681 ?
