|||Bis(pentafluorophenyl)boron Chloride|Acta Crystallographica Section C|1995 51 1688 1689
C12 B Cl F10
14.454(2) 6.3050(6) 15.085(3) 90.0 112.03(2) 90.0
P21/n
Cl ? ? 0.36753(10) 0.3953(2) 0.08929(8) ? 0.0858(10)
F1 ? ? 0.24531(18) 0.3210(4) 0.20646(18) ? 0.0754(17)
F2 ? ? 0.22348(17) 0.3670(4) 0.37220(17) ? 0.079(2)
F3 ? ? 0.38091(18) 0.3157(4) 0.53851(17) ? 0.081(2)
F4 ? ? 0.56387(17) 0.2257(4) 0.53708(16) ? 0.0662(18)
F5 ? ? 0.58901(16) 0.1856(4) 0.37246(15) ? 0.0635(17)
F6 ? ? 0.55941(19) 0.2997(4) 0.07093(17) ? 0.082(2)
F7 ? ? 0.69580(18) 0.0316(4) 0.05978(17) ? 0.090(2)
F8 ? ? 0.72461(18) -0.3485(5) 0.15166(18) ? 0.085(2)
F9 ? ? 0.61288(16) -0.4556(4) 0.25379(17) ? 0.0677(17)
F10 ? ? 0.47725(16) -0.1879(3) 0.26776(15) ? 0.0592(16)
C1 ? ? 0.4186(3) 0.2534(6) 0.2802(3) ? 0.047(3)
C2 ? ? 0.3275(3) 0.2990(6) 0.2870(3) ? 0.053(3)
C3 ? ? 0.3136(3) 0.3211(6) 0.3714(3) ? 0.054(3)
C4 ? ? 0.3930(3) 0.2952(7) 0.4553(3) ? 0.055(3)
C5 ? ? 0.4847(3) 0.2513(7) 0.4544(3) ? 0.050(3)
C6 ? ? 0.4959(3) 0.2299(6) 0.3683(3) ? 0.049(3)
C7 ? ? 0.5109(3) 0.0706(7) 0.1701(3) ? 0.047(3)
C8 ? ? 0.5695(3) 0.1131(8) 0.1171(3) ? 0.055(3)
C9 ? ? 0.6407(3) -0.0220(9) 0.1106(3) ? 0.059(3)
C10 ? ? 0.6555(3) -0.2134(8) 0.1566(3) ? 0.058(3)
C11 ? ? 0.5991(3) -0.2671(7) 0.2095(3) ? 0.050(3)
C12 ? ? 0.5297(3) -0.1242(7) 0.2151(3) ? 0.047(3)
B ? ? 0.4354(4) 0.2293(8) 0.1840(3) ? 0.054(4)
