|||Conformationally Defined Cyclohexyl Carnitine Analogs|Acta Crystallographica C|1995 51 1160 1164
C10 H20 Cl N O3
7.123(2) 11.237(2) 14.989(1) 90 90 90
P212121
Cl ? ? .58061(7) 1.00084(4) .84718(3) ? 0.0447333025780922
O1 ? ? .5995(2) .7673(1) .9472(1) ? 0.0529403184531216
O2 ? ? .7885(3) .6891(1) .8454(1) ? 0.0649722090106492
O3 ? ? .8533(3) .3827(1) 1.0015(1) ? 0.0576264231965797
N1 ? ? .8584(2) .3359(1) .7992(1) ? 0.0330560361633128
C1 ? ? .7066(3) .5722(2) .9737(1) ? 0.0344492024383949
C2 ? ? .8288(3) .4718(2) .9352(1) ? 0.0347025053975008
C3 ? ? .7285(2) .4162(2) .8553(1) ? 0.0302697036131485
C4 ? ? .5453(3) .3585(2) .8852(1) ? 0.0415416852933586
C5 ? ? .4209(3) .4573(2) .9230(2) ? 0.049014122586981
C6 ? ? .5120(3) .5255(2) .9991(1) ? 0.0452145782003933
C7 ? ? .7022(3) .6808(2) .9142(1) ? 0.0348291568770537
C8 ? ? .7489(3) .2753(2) .7267(1) ? 0.0502806373825102
C9 ? ? 1.0040(4) .4123(2) .7548(2) ? 0.05547334804418
C10 ? ? .9558(3) .2406(2) .8516(2) ? 0.0493940770256398
H1 ? ? .770(3) .600(2) 1.029(1) ? 0.0443280178435229
H2 ? ? .948(3) .508(2) .923(1) ? 0.0455945326390521
H3 ? ? .706(3) .485(2) .814(1) ? 0.039261958661406
H4 ? ? .561(3) .298(2) .929(1) ? 0.0544601362077567
H4' ? ? .459(3) .327(2) .835(1) ? 0.0544601362077567
H5 ? ? .325(3) .424(2) .941(2) ? 0.0633257397764612
H5' ? ? .388(3) .512(2) .876(2) ? 0.0633257397764612
H6 ? ? .434(3) .596(2) 1.015(2) ? 0.0582596805943443
H6' ? ? .530(3) .468(2) 1.053(2) ? 0.0582596805943443
H8 ? ? .676(3) .212(2) .755(1) ? 0.0658587693675197
H8' ? ? .677(4) .334(2) .703(2) ? 0.0658587693675197
H8" ? ? .830(4) .236(3) .681(2) ? 0.0658587693675197
H9 ? ? .944(3) .471(2) .722(2) ? 0.0721913433451658
H9' ? ? 1.080(3) .449(2) .802(2) ? 0.0721913433451658
H9" ? ? 1.092(3) .358(2) .712(2) ? 0.0721913433451658
H10 ? ? 1.051(3) .273(3) .903(2) ? 0.0645922545719905
H10' ? ? .856(4) .188(2) .874(2) ? 0.0645922545719905
H10" ? ? 1.050(3) .192(2) .808(2) ? 0.0645922545719905
HO1 ? ? .603(3) .819(2) .916(2) ? 0.0683917989585781
HO3 ? ? .928(3) .413(2) 1.035(2) ? 0.0747243729362243
