|bismuth tantalum oxide|Ling, C. D.; Schmid, S.; Withers, R. L.; Thompson, J. G.; Ishizawa, N.; Kishimoto, S|Solution and Refinement of the Structure of Bi7Ta3O18 Using Single-Crystal X-ray and Powder Neutron Diffraction Data|Acta Crystallographica, Section B|1999 55 157 164
Bi7 O18 Ta3
34.005(3) 7.6024(4) 6.6358(5) 90.086(6) 109.127(6) 90.043(6)
C1
Bi1 ? ? .34035(3) .23954(9) .48808(13) ? .0175(4)
Bi2 ? ? .338481(19) -.49941(8) -.03295(9) ? .0077(3)
Bi3 ? ? .352745(18) .00191(8) .00818(8) ? .0078(3)
Ta4 ? ? .439500(19) .25362(8) -.02517(10) ? .0053(2)
Bi5 ? ? .13920(2) .25045(8) .42381(9) ? .0084(3)
Ta6 ? ? .44073(2) -.24841(8) -.01788(10) ? .0052(3)
Bi7 ? ? .145987(18) -.49905(7) -.03491(8) ? .0074(3)
Ta8 ? ? .25045(2) -.25148(9) .00335(10) ? .0055(2)
Bi9 ? ? .13846(2) -.25211(8) .42799(10) ? .0106(3)
Bi10 ? ? .35341(2) -.25195(9) -.49329(11) ? .0149(4)
Bi11 ? ? .44582(2) .01013(9) -.47120(9) ? .0108(3)
Ta12 ? ? .051995(18) -.25145(7) -.03194(9) ? .0052(3)
Bi13 ? ? .249612(19) -.00439(8) -.47642(9) ? .0076(3)
Bi14 ? ? .05081(2) .00216(9) -.50979(10) ? .0095(3)
Ta15 ? ? .24956(2) .25148(9) -.00335(11) ? .0059(2)
Bi16 ? ? .246719(19) -.49654(9) .46346(9) ? .0090(3)
Bi17 ? ? .045577(19) -.49984(8) .42758(9) ? .0097(3)
Ta18 ? ? .052326(18) .25109(7) -.03323(9) ? .0049(3)
Bi19 ? ? .158172(19) -.00140(8) -.00700(8) ? .0088(3)
Bi20 ? ? .44170(2) -.50124(8) .46484(9) ? .0079(3)
O1 ? ? .4279(3) .0028(12) -.1082(13) ? .0066(14)
O2 ? ? .3787(3) -.2898(13) -.1112(15) ? .0104(16)
O3 ? ? .1165(3) -.2130(12) .0673(14) ? .0084(15)
O4 ? ? .3789(3) .2971(13) -.1083(15) ? .0117(17)
O5 ? ? .1162(3) .2103(11) .0686(13) ? .0053(14)
O6 ? ? .0674(3) .2152(12) .2988(14) ? .0068(15)
O7 ? ? .4455(3) .2042(13) .2681(15) ? .0127(17)
O8 ? ? .4476(3) -.1953(13) .2686(16) ? .0137(18)
O9 ? ? .4247(3) -.2881(12) -.3500(14) ? .0096(16)
O10 ? ? .4971(3) -.2166(12) -.0312(14) ? .0087(15)
O11 ? ? .2356(3) .0006(13) -.0646(15) ? .0124(16)
O12 ? ? .3814(3) -.0066(13) .4020(14) ? .0095(15)
O13 ? ? .2581(3) -.2062(13) .3109(15) ? .0129(17)
O14 ? ? .4506(3) -.4968(13) .0500(15) ? .0119(17)
O15 ? ? .2662(3) .2029(11) .3241(13) ? .0085(14)
O16 ? ? .1632(3) -.4978(13) .3090(14) ? .0100(15)
O17 ? ? .3246(3) .0028(14) -.3502(15) ? .0146(17)
O18 ? ? .0456(3) -.0030(13) -.1058(14) ? .0110(16)
O19 ? ? .3779(3) -.4902(14) .3089(15) ? .0144(17)
O20 ? ? .1917(3) .2938(12) -.0200(14) ? .0117(16)
O21 ? ? .1131(3) .0024(14) -.3657(15) ? .0144(17)
O22 ? ? .1907(3) -.2977(14) -.0463(16) ? .0158(18)
O23 ? ? .0671(3) -.5002(13) .0475(13) ? .0083(15)
O24 ? ? .1805(3) .0085(14) .3466(16) ? .0142(18)
O25 ? ? .1098(3) -.4942(14) -.4592(16) ? .0136(17)
O26 ? ? .0476(3) .2990(12) -.3211(14) ? .0094(16)
O27 ? ? .0687(3) -.2092(13) .2996(15) ? .0106(16)
O28 ? ? .2646(3) -.4973(12) .0867(14) ? .0105(15)
O29 ? ? .4278(3) .2940(13) -.3478(15) ? .0107(16)
O30 ? ? .0448(3) -.2963(14) -.3225(16) ? .0148(18)
O31 ? ? .3110(3) .2065(13) .0623(15) ? .0151(18)
O32 ? ? .3111(3) -.1971(14) .0691(17) ? .019(2)
O33 ? ? .2428(3) .3012(15) -.2909(17) ? .022(2)
O34 ? ? .3141(3) -.5071(14) -.4091(16) ? .0153(18)
O35 ? ? .2463(3) -.3006(14) -.2943(17) ? .019(2)
O36 ? ? .4982(3) .2185(13) -.0190(14) ? .0095(16)
