?|3-chloropyridinium trichloromercurate(II)|Linden, Anthony; James, Bruce D.; Liesegang, John; Gonis, Nick|Polynuclear Chloromercurate(II) Systems in their Chloropyridinium Salts|Acta Crystallographica, Section B|1999 55 396 409
C5 H5 Cl4 Hg N
7.243(5) 22.145(8) 12.320(3) 90 99.52(3) 90
P121/c1
Hg1 ? ? -0.05411(7) 0.57150(3) 0.36436(4) 1 0.02636(17)
Hg2 ? ? 0.38188(7) 0.60230(2) 0.21518(3) 1 0.01930(14)
Cl1 ? ? -0.1703(4) 0.51782(13) 0.2032(2) 1 0.0214(9)
Cl2 ? ? -0.0229(5) 0.58621(14) 0.5531(2) 1 0.0247(10)
Cl3 ? ? 0.1175(4) 0.66586(12) 0.2803(2) 1 0.0180(8)
Cl4 ? ? 0.6411(4) 0.66852(13) 0.2927(2) 1 0.0178(8)
Cl5 ? ? 0.3091(5) 0.56245(14) 0.0324(2) 1 0.0268(10)
Cl6 ? ? 0.3566(4) 0.52641(13) 0.3688(2) 1 0.0207(9)
Cl7 ? ? 0.1227(5) 0.23839(14) -0.0429(3) 1 0.0291(10)
N1 ? ? 0.1987(14) 0.4106(5) 0.0256(8) 1 0.022(3)
C2 ? ? 0.1859(18) 0.3567(6) -0.0270(9) 1 0.022(4)
C3 ? ? 0.1413(15) 0.3066(5) 0.0255(8) 1 0.016(3)
C4 ? ? 0.1031(16) 0.3099(6) 0.1328(9) 1 0.021(4)
C5 ? ? 0.1121(19) 0.3651(7) 0.1814(10) 1 0.029(4)
C6 ? ? 0.1569(18) 0.4175(6) 0.1280(10) 1 0.026(4)
Cl8 ? ? 0.6317(5) 0.22561(14) 0.4759(3) 1 0.0258(10)
N21 ? ? 0.5419(15) 0.3964(4) 0.4002(8) 1 0.024(3)
C22 ? ? 0.5583(18) 0.3430(6) 0.4581(9) 1 0.022(4)
C23 ? ? 0.6106(15) 0.2930(5) 0.4051(9) 1 0.015(3)
C24 ? ? 0.6498(15) 0.2970(5) 0.3008(9) 1 0.017(4)
C25 ? ? 0.6319(18) 0.3536(6) 0.2450(10) 1 0.024(4)
C26 ? ? 0.5820(16) 0.4024(6) 0.2989(10) 1 0.022(4)
H1 ? ? 0.238 0.445 -0.011 1 0.027
H2 ? ? 0.208 0.354 -0.101 1 0.026
H4 ? ? 0.072 0.275 0.170 1 0.026
H5 ? ? 0.087 0.368 0.254 1 0.035
H6 ? ? 0.158 0.456 0.162 1 0.031
H21 ? ? 0.499 0.431 0.434 1 0.028
H22 ? ? 0.534 0.341 0.532 1 0.027
H24 ? ? 0.689 0.262 0.265 1 0.021
H25 ? ? 0.655 0.357 0.171 1 0.028
H26 ? ? 0.575 0.441 0.265 1 0.027
