|||Bis[tris(2-hydroxyethyl)amine]nickel(II) Chloride|Acta Crystallographica C|1995 51 1759 1761
C12 H30 Cl2 N2 Ni O6
7.374(4) 7.469(4) 9.598(4) 117.57(3) 72.19(4) 96.81(4)
P-1
Ni ? ? .5 .5 .5 ? .175(1)
Cl ? ? .86552(6) .39203(7) .75640(6) ? .0323(1)
O1 ? ? .5051(2) .4076(2) .6713(2) ? .0254(3)
O2 ? ? .7674(2) .6204(2) .4991(2) ? .0290(3)
O3 ? ? .2030(3) 1.1479(2) .9817(2) ? .0446(5)
N ? ? .4173(2) .7825(2) .7075(2) ? .0205(3)
C1 ? ? .4154(3) .7593(3) .8547(2) ? .0263(4)
C2 ? ? .3784(2) .5427(3) .8249(2) ? .0269(4)
C3 ? ? .5690(3) .9187(2) .6746(2) ? .0286(4)
C4 ? ? .7649(3) .8256(3) .6212(2) ? .0334(5)
C5 ? ? .2262(2) .8510(3) .7236(2) ? .0269(4)
C6 ? ? .1811(3) 1.0763(3) .8222(3) ? .0344(5)
H01 ? ? .6002(48) .3993(52) .6737(41) ? ?
H02 ? ? .8640(46) .5973(49) .4248(43) ? ?
H03 ? ? .1882(45) 1.2551(56) 1.0232(44) ? ?
H1A ? ? .5353 .7964 .8763 ? ?
H1B ? ? .3179 .8449 .9465 ? ?
H2A ? ? .2503 .5127 .8221 ? ?
H2B ? ? .3986 .5256 .9112 ? ?
H3A ? ? .5545 .9440 .5903 ? ?
H3B ? ? .5571 1.0424 .7718 ? ?
H4A ? ? .7925 .8289 .7127 ? ?
H4B ? ? .8576 .8992 .5765 ? ?
H5A ? ? .2181 .8108 .6163 ? ?
H5B ? ? .1323 .7844 .7746 ? ?
H6A ? ? .0535 1.1015 .8318 ? ?
H6B ? ? .2655 1.1453 .7675 ? ?
