|||Bis(η^5^-indenyl)tetrakis(μ~2~-iodo)dimolybdenum|Acta Crystallographica C|1995 51 569 571
C18 H14 I4 Mo2
8.155(13) 8.546(8) 8.681(11) 102.47(9) 117.42(11) 93.41(11)
P-1
Mo1 ? ? -0.0410(2) 0.1060(2) 0.1130(2) 1 0.0273(4)
I1 ? ? -0.27753(15) 0.03909(14) -0.26087(15) 1 0.0443(4)
I2 ? ? -0.19230(15) -0.22821(13) 0.00659(15) 1 0.0390(4)
C1 ? ? -0.180(2) 0.316(2) 0.154(2) 1 0.046(5)
H1 ? ? -0.240(2) 0.360(2) 0.057(2) 1 0.056
C2 ? ? -0.257(2) 0.183(2) 0.178(2) 1 0.041(4)
H2 ? ? -0.381(2) 0.127(2) 0.105(2) 1 0.050
C3 ? ? -0.119(3) 0.145(2) 0.335(2) 1 0.051(5)
H3 ? ? -0.131(3) 0.058(2) 0.380(2) 1 0.061
C4 ? ? 0.044(2) 0.271(2) 0.407(2) 1 0.042(4)
C5 ? ? 0.221(3) 0.298(2) 0.572(2) 1 0.053(5)
H5 ? ? 0.249(3) 0.227(2) 0.644(2) 1 0.064
C6 ? ? 0.345(3) 0.435(3) 0.614(3) 1 0.068(6)
H6 ? ? 0.459(3) 0.459(3) 0.721(3) 1 0.082
C7 ? ? 0.309(3) 0.542(2) 0.501(3) 1 0.050(5)
H7 ? ? 0.399(3) 0.634(2) 0.537(3) 1 0.060
C8 ? ? 0.148(2) 0.513(2) 0.346(2) 1 0.039(4)
H8 ? ? 0.129(2) 0.580(2) 0.271(2) 1 0.047
C9 ? ? 0.007(2) 0.378(2) 0.297(2) 1 0.040(4)
