||Laknifli, A.; Pierrot, M.; Chanon, F.; Chanon, M.|Six Substituted Thiazolidine-2-thiones|Acta Crystallographica Section C|1995 51(12) 2661 2665
C4 H7 N S2
8.583(3) 8.710(3) 17.030(6) ? ? ?
P212121
S2 ? ? .4718(2) .0298(3) .93190(10) ? ?
S2' ? ? .2363(3) -.2678(2) 1.24950(10) ? ?
S1 ? ? .7085(3) .0869(3) 1.05460(10) ? ?
S1' ? ? .3321(3) -.0434(3) 1.12870(10) ? ?
N3 ? ? .7692(7) -.0636(7) .9316(3) ? ?
N3' ? ? .1818(8) .0329(7) 1.2493(4) ? ?
C2 ? ? .6524(9) .0084(9) .9648(4) ? ?
C2' ? ? .2430(10) -.0878(9) 1.2167(4) ? ?
C4 ? ? .9149(9) -.0890(10) .9765(5) ? ?
C4' ? ? .1890(10) .1803(9) 1.2073(5) ? ?
C5 ? ? .9100(10) .0400(10) 1.0392(5) ? ?
C5' ? ? .3150(10) .1600(10) 1.1453(6) ? ?
C41 ? ? 1.0530(10) -.0820(10) .9253(7) ? ?
C41' ? ? .2200(10) .3090(10) 1.2619(6) ? ?
H3 ? ? .7599 -.1020 .8753 ? ?
H3' ? ? .1298 .0255 1.3030 ? ?
H4 ? ? .9227 -.1952 1.0015 ? ?
H4' ? ? .0855 .2082 1.1816 ? ?
H51 ? ? .9586 .0023 1.0904 ? ?
H52 ? ? .9691 .1340 1.0197 ? ?
H51' ? ? .2836 .2144 1.0946 ? ?
H52' ? ? .4182 .2035 1.1649 ? ?
H411 ? ? 1.0488 -.1696 .8856 ? ?
H412 ? ? 1.0543 .0203 .8962 ? ?
H413 ? ? 1.1513 -.0918 .9585 ? ?
H411' ? ? .1317 .3164 1.3019 ? ?
H412' ? ? .322 .2901 1.2905 ? ?
H413' ? ? .2269 .4090 1.2310 ? ?
