|[(N-2,6-Diisopropylphenyl-N-trimethylsilyl)amido-N](pyridine-N)- (Diethyl ether-O)lithium|Blake, A. J.; Mountford, P.; Nikonov, G. I.|(Diethyl ether-<i>O</i>)[<i>N</i>-(2,6-diisopropylphenyl)-<i>N</i>-(trimethylsilyl)amido-<i>N</i>](pyridine-<i>N</i>)lithium|Acta Crystallographica Section C|1996 52(8) 1911 1913
C24 H41 Li N2 O Si
12.556(6) 14.408(7) 14.996(8) 90 91.56(2) 90
P121/n1
Li1 ? ? .8527(7) .2335(7) .1426(5) 1 .060(3)
N1 ? ? .9937(3) .2351(3) .1946(2) 1 .048(2)
N2 ? ? .7135(3) .2006(3) .2049(3) 1 .064(2)
O1 ? ? .8083(3) .2610(3) .0198(2) 1 .072(2)
Si1 ? ? 1.1015(1) .2634(1) .1378(1) 1 .0620(5)
C1 ? ? .9887(4) .2105(4) .2846(3) 1 .044(3)
C2 ? ? 1.0013(4) .1162(4) .3117(3) 1 .051(3)
C3 ? ? .9856(5) .0924(4) .4002(4) 1 .067(3)
C4 ? ? .9581(5) .1562(5) .4618(4) 1 .067(3)
C5 ? ? .9472(4) .2480(5) .4376(4) 1 .069(3)
C6 ? ? .9626(4) .2764(4) .3507(3) 1 .051(3)
C7 ? ? .7093(5) .1678(5) .2876(4) 1 .077(3)
C8 ? ? .6147(7) .1460(5) .3269(4) 1 .088(3)
C9 ? ? .5216(6) .1600(6) .2791(5) 1 .089(3)
C10 ? ? .5256(5) .1935(5) .1953(6) 1 .092(3)
C11 ? ? .6214(5) .2130(4) .1606(4) 1 .071(3)
C12 ? ? .7808(6) .3492(6) -.0150(5) 1 .103(4)
C13 ? ? .7716(7) .4174(6) .0579(6) 1 .121(4)
C14 ? ? .8055(7) .1916(6) -.0469(5) 1 .102(4)
C15 ? ? .8244(8) .0985(6) -.0055(6) 1 .125(4)
C16 ? ? 1.1117(6) .1965(6) .0320(5) 1 .108(4)
C17 ? ? 1.1037(6) .3871(5) .1004(5) 1 .094(3)
C18 ? ? 1.2280(4) .2441(7) .2026(5) 1 .104(4)
C21 ? ? 1.0304(5) .0422(4) .2452(4) 1 .067(2)
C22 ? ? .9388(7) -.0227(5) .2248(5) 1 .115(4)
C23 ? ? 1.1279(6) -.0139(6) .2768(5) 1 .109(4)
C61 ? ? .9513(5) .3774(4) .3277(4) 1 .070(2)
C62 ? ? .8458(6) .4179(5) .3495(6) 1 .116(4)
C63 ? ? 1.0402(7) .4352(5) .3675(7) 1 .130(5)
H31 ? ? .9940(5) .0262(4) .4191(4) 1 .0651
H41 ? ? .9460(5) .1375(5) .5249(4) 1 .073
H51 ? ? .9287(4) .2954(5) .4834(4) 1 .0684
H71 ? ? .7775(5) .1592(5) .3226(4) 1 .0819
H81 ? ? .6123(7) .1185(5) .3880(4) 1 .0894
H91 ? ? .4511(6) .1477(6) .3063(5) 1 .0933
H101 ? ? .4581(5) .2039(5) .1597(6) 1 .0953
H111 ? ? .6235(5) .2360(4) .0978(4) 1 .0715
H121 ? ? .8363(6) .3701(6) -.0571(5) 1 .1075
H122 ? ? .7100(6) .3464(6) -.0471(5) 1 .1075
H131 ? ? .7526(7) .4799(6) .0334(6) 1 .111
H132 ? ? .8422(7) .4208(6) .0901(6) 1 .111
H133 ? ? .7159(7) .3970(6) .1002(6) 1 .111
H141 ? ? .8635(7) .2042(6) -.0897(5) 1 .1083
H142 ? ? .7352(7) .1910(6) -.0798(5) 1 .1083
H151 ? ? .8245(8) .0491(6) -.0523(6) 1 .1196
H152 ? ? .8948(8) .0990(6) .0274(6) 1 .1196
H153 ? ? .7665(8) .0857(6) .0373(6) 1 .1196
H161 ? ? 1.1768(6) .2161(6) .0000(5) 1 .1394
H162 ? ? 1.1166(6) .1289(6) .0466(5) 1 .1394
H163 ? ? 1.0472(6) .2080(6) -.0070(5) 1 .1394
H171 ? ? 1.1702(6) .3990(5) .0671(5) 1 .1352
H172 ? ? 1.1013(6) .4294(5) .1532(5) 1 .1352
H173 ? ? 1.0402(6) .3987(5) .0603(5) 1 .1352
H181 ? ? 1.2898(4) .2626(7) .1659(5) 1 .1432
H182 ? ? 1.2276(4) .2825(7) .2582(5) 1 .1432
H183 ? ? 1.2344(4) .1770(7) .2189(5) 1 .1432
H211 ? ? 1.0498(5) .0774(4) .1905(4) 1 .0708
H221 ? ? .9595(7) -.0705(5) .1801(5) 1 .1188
H222 ? ? .9188(7) -.0541(5) .2814(5) 1 .1188
H223 ? ? .8767(7) .0139(5) .2006(5) 1 .1188
H231 ? ? 1.1454(6) -.0608(6) .2303(5) 1 .1103
H232 ? ? 1.1901(6) .0285(6) .2870(5) 1 .1103
H233 ? ? 1.1114(6) -.0463(6) .3337(5) 1 .1103
H611 ? ? .9536(5) .3805(4) .2612(4) 1 .0659
H621 ? ? .8422(6) .4848(5) .3320(6) 1 .1185
H622 ? ? .8367(6) .4122(5) .4153(6) 1 .1185
H623 ? ? .7877(6) .3829(5) .3173(6) 1 .1185
H631 ? ? 1.0309(7) .5018(5) .3505(7) 1 .1388
H632 ? ? 1.1099(7) .4121(5) .3456(7) 1 .1388
H633 ? ? 1.0390(7) .4291(5) .4339(7) 1 .1388
