|||An Mo~2~(CO)~4~ (Mo≡Mo) Fragment Stabilized by a Tripod Ligand|Acta Crystallographica Section C|1996 52 2161 2164
C26 H46 Co2 Mo2 O22 P6
13.651(1) 23.910(3) 27.883(2) 90 102.44(1) 90
P21/c
Molecule (1) ? ? ? ? ? ? ?
Mo(1) ? ? .45701(3) .76080(1) .19896(1) ? ?
C(1) ? ? .5977(3) .7795(2) .2094(1) ? ?
O(1) ? ? .6802(3) .7942(2) .2133(1) ? ?
C(1') ? ? .4521(3) .8281(2) .2374(2) ? ?
O(1') ? ? .4508(3) .8706(2) .2576(1) ? ?
O(1A) ? ? .4536(2) .7002(1) .1406(1) ? ?
P(1A) ? ? .3888(1) .6908(1) .0905(1) ? ?
O(11A) ? ? .3447(4) .6280(2) .0874(2) ? ?
C(12A) ? ? .3883(5) .5830(3) .1115(2) ? ?
O(14A) ? ? .4574(3) .6858(3) .0533(2) ? ?
C(15A) ? ? .5518(6) .7071(3) .0581(3) ? ?
O(1B) ? ? .4250(2) .8181(1) .1356(1) ? ?
P(1B) ? ? .3495(1) .8179(1) .0877(1) ? ?
O(11B) ? ? .2776(3) .8704(1) .0867(1) ? ?
C(12B) ? ? .2867(5) .9102(3) .1235(2) ? ?
O(14B) ? ? .4080(3) .8332(2) .0453(1) ? ?
C(15B) ? ? .4957(4) .8659(3) .0556(2) ? ?
O(1C) ? ? .2978(2) .7449(1) .1794(1) ? ?
P(1C) ? ? .2186(1) .7393(1) .1335(1) ? ?
O(11C) ? ? .1594(3) .6835(2) .1362(1) ? ?
C(12C) ? ? .1761(5) .6458(3) .1758(2) ? ?
O(14C) ? ? .1350(3) .7851(2) .1337(1) ? ?
C(15C) ? ? .1067(5) .8021(3) .1779(2) ? ?
Co(1) ? ? .26129(4) .74434(2) .06323(2) ? ?
C(11) ? ? .1515(3) .7843(2) .0095(1) ? ?
C(12) ? ? .2317 .7666 -.0119 ? ?
C(13) ? ? .2407 .7076 -.0065 ? ?
C(14) ? ? .1660 .6889 .0183 ? ?
C(15) ? ? .1109 .7364 .0281 ? ?
Mo(2) ? ? .53266(3) .72868(1) .28286(1) ? ?
C(2) ? ? .4846(3) .6620(2) .2458(1) ? ?
O(2) ? ? .4551(3) .6199(1) .2271(1) ? ?
C(2') ? ? .3909(3) .7385(2) .2861(2) ? ?
O(2') ? ? .3096(3) .7414(2) .2912(1) ? ?
O(2A) ? ? .5424(2) .6800(1) .3508(1) ? ?
P(2A) ? ? .6134(1) .6795(1) .3999(1) ? ?
O(21A) ? ? .6430(4) .6163(2) .4130(2) ? ?
C(22A) ? ? .5954(5) .5703(3) .3903(2) ? ?
O(24A) ? ? .5526(3) .6925(4) .4398(2) ? ?
C(25A) ? ? .4556(6) .7068(4) .4320(3) ? ?
O(2B) ? ? .6903(2) .7084(1) .2961(1) ? ?
P(2B) ? ? .7725(1) .7024(1) .3415(1) ? ?
O(21B) ? ? .8065(4) .6394(2) .3463(1) ? ?
C(22B) ? ? .7921(5) .5993(3) .3107(2) ? ?
O(24B) ? ? .8693(3) .7329(3) .3326(2) ? ?
C(25B) ? ? .8955(5) .7470(3) .2913(3) ? ?
O(2C) ? ? .5908(2) .7958(1) .3322(1) ? ?
P(2C) ? ? .6683(1) .8014(1) .3792(1) ? ?
O(21C) ? ? .6163(3) .8295(2) .4187(1) ? ?
C(22C) ? ? .5344(5) .8652(3) .4075(3) ? ?
O(24C) ? ? .7447(4) .8475(2) .3721(2) ? ?
C(25C) ? ? .7443(6) .8802(3) .3323(3) ? ?
Co(2) ? ? .74842(5) .72878(3) .41240(2) ? ?
C(21) ? ? .8264(3) .7787(1) .4679(2) ? ?
C(22) ? ? .8956 .7535 .4431 ? ?
C(23) ? ? .8880 .6946 .4475 ? ?
C(24) ? ? .8141 .6834 .4751 ? ?
C(25) ? ? .7760 .7354 .4877 ? ?
Molecule (2) ? ? ? ? ? ? ?
Mo(3) ? ? 1.03973(3) .48319(1) .79301(1) ? ?
C(3) ? ? .9907(3) .4157(2) .7577(1) ? ?
O(3) ? ? .9605(3) .3732(1) .7402(1) ? ?
C(3') ? ? .8990(3) .4932(2) .7962(1) ? ?
O(3') ? ? .8168(3) .4958(2) .8008(1) ? ?
O(3A) ? ? 1.0479(2) .4355(1) .8619(1) ? ?
P(3A) ? ? 1.1167(1) .4362(1) .9113(1) ? ?
O(31A) ? ? 1.0553(3) .4572(3) .9504(2) ? ?
C(32A) ? ? .9549(5) .4507(4) .9456(3) ? ?
O(34A) ? ? 1.1371(4) .3742(2) .9285(2) ? ?
C(35A) ? ? 1.1084(5) .3263(3) .9005(2) ? ?
O(3B) ? ? 1.1976(2) .4621(1) .8071(1) ? ?
P(3B) ? ? 1.2784(1) .4560(1) .8527(1) ? ?
O(31B) ? ? 1.3083(3) .3915(2) .8594(1) ? ?
C(32B) ? ? 1.3030(5) .3538(2) .8211(2) ? ?
O(34B) ? ? 1.3771(3) .4831(3) .8436(1) ? ?
C(35B) ? ? 1.3998(5) .5045(3) .8032(2) ? ?
O(3C) ? ? 1.1000(2) .5506(1) .8416(1) ? ?
P(3C) ? ? 1.1749(1) .5564(1) .8891(1) ? ?
O(31C) ? ? 1.1211(4) .5861(2) .9269(2) ? ?
C(32C) ? ? 1.0292(5) .6133(4) .9145(3) ? ?
O(34C) ? ? 1.2546(4) .6018(2) .8828(2) ? ?
C(35C) ? ? 1.2451(6) .6400(3) .8452(3) ? ?
Co(3) ? ? 1.25373(5) .48367(3) .92333(2) ? ?
C(31) ? ? 1.4014(3) .5083(2) .9547(1) ? ?
C(32) ? ? 1.3928 .4494 .9589 ? ?
C(33) ? ? 1.3187 .4384 .9864 ? ?
C(34) ? ? 1.2814 .4904 .9992 ? ?
C(35) ? ? 1.3325 .5337 .9796 ? ?
Mo(4) ? ? .96314(3) .51454(1) .70897(1) ? ?
C(4) ? ? 1.1045(3) .5317(2) .7181(1) ? ?
O(4) ? ? 1.1872(3) .5464(2) .7205(1) ? ?
C(4') ? ? .9637(4) .5840(2) .7461(2) ? ?
O(4') ? ? .9664(3) .6269(2) .7654(1) ? ?
O(4A) ? ? .9339(2) .5695(1) .6433(1) ? ?
P(4A) ? ? .8601(1) .5671(1) .5948(1) ? ?
O(41A) ? ? .9207(2) .5745(1) .5518(1) ? ?
C(42A) ? ? 1.0035(4) .6134(2) .5588(2) ? ?
O(44A) ? ? .7968(3) .6237(1) .5883(1) ? ?
C(45A) ? ? .7893(5) .6600(3) .6269(2) ? ?
O(4B) ? ? .9548(2) .4501(1) .6535(1) ? ?
P(4B) ? ? .8874(1) .4382(1) .6044(1) ? ?
O(41B) ? ? .8380(3) .3776(1) .6043(1) ? ?
C(42B) ? ? .8947(4) .3308(2) .6270(2) ? ?
O(44B) ? ? .9591(3) .4264(2) .5673(1) ? ?
C(45B) ? ? 1.0495(4) .4571(3) .5702(2) ? ?
O(4C) ? ? .8031(2) .5024(1) .6908(1) ? ?
P(4C) ? ? .7225(1) .4963(1) .6452(1) ? ?
O(41C) ? ? .6568(3) .4436(2) .6512(1) ? ?
C(42C) ? ? .6844(5) .4023(3) .6877(2) ? ?
O(44C) ? ? .6422(2) .5451(2) .6429(1) ? ?
C(45C) ? ? .6062(4) .5601(3) .6859(2) ? ?
Co(4) ? ? .76538(4) .49483(2) .57477(2) ? ?
C(41) ? ? .7430(2) .5045(2) .4991(1) ? ?
C(42) ? ? .6689 .5352 .5167 ? ?
C(43) ? ? .6135 .4970 .5394 ? ?
C(44) ? ? .6533 .4426 .5358 ? ?
C(45) ? ? .7333 .4473 .5109 ? ?
H(12A) ? ? .3462 .5505 .1052 ? ?
H(12B) ? ? .4054 .5900 .1462 ? ?
H(12C) ? ? .4484 .5768 .0997 ? ?
H(15A) ? ? .5809 .6959 .0312 ? ?
H(15B) ? ? .5951 .6960 .0884 ? ?
H(15C) ? ? .5436 .7470 .0576 ? ?
H(12D) ? ? .2345 .9375 .1145 ? ?
H(12E) ? ? .3508 .9281 .1277 ? ?
H(12F) ? ? .2811 .8927 .1538 ? ?
H(15D) ? ? .5204 .8706 .0261 ? ?
H(15E) ? ? .5462 .8480 .0801 ? ?
H(15F) ? ? .4800 .9018 .0673 ? ?
H(12G) ? ? .1301 .6151 .1689 ? ?
H(12H) ? ? .1668 .6648 .2049 ? ?
H(12I) ? ? .2436 .6321 .1809 ? ?
H(15G) ? ? .0550 .8298 .1702 ? ?
H(15H) ? ? .1643 .8178 .1996 ? ?
H(15I) ? ? .0825 .7708 .1935 ? ?
H(11) ? ? .1287 .8221 .0111 ? ?
H(12) ? ? .2726 .7902 -.0273 ? ?
H(13) ? ? .2888 .6844 -.0176 ? ?
H(14) ? ? .1548 .6509 .0268 ? ?
H(15) ? ? .0559 .7360 .0445 ? ?
H(22A) ? ? .6282 .5370 .4049 ? ?
H(22B) ? ? .5965 .5712 .3560 ? ?
H(22C) ? ? .5272 .5705 .3941 ? ?
H(25A) ? ? .4358 .7119 .4627 ? ?
H(25B) ? ? .4146 .6784 .4133 ? ?
H(25C) ? ? .4472 .7413 .4140 ? ?
H(22D) ? ? .8206 .5647 .3244 ? ?
H(22E) ? ? .8242 .6108 .2849 ? ?
H(22F) ? ? .7216 .5944 .2977 ? ?
H(25D) ? ? .9591 .7657 .2976 ? ?
H(25E) ? ? .8453 .7710 .2723 ? ?
H(25F) ? ? .8998 .7132 .2734 ? ?
H(22G) ? ? .5153 .8771 .4370 ? ?
H(22H) ? ? .4791 .8463 .3868 ? ?
H(22I) ? ? .5527 .8972 .3906 ? ?
H(25G) ? ? .8013 .9047 .3387 ? ?
H(25H) ? ? .6839 .9020 .3248 ? ?
H(25I) ? ? .7478 .8565 .3050 ? ?
H(21) ? ? .8156 .8181 .4708 ? ?
H(22) ? ? .9398 .7729 .4262 ? ?
H(23) ? ? .9261 .6672 .4342 ? ?
H(24) ? ? .7934 .6470 .4837 ? ?
H(25) ? ? .7252 .7403 .5064 ? ?
H(32A) ? ? .9347 .4658 .9738 ? ?
H(32B) ? ? .9378 .4117 .9425 ? ?
H(32C) ? ? .9211 .4702 .9167 ? ?
H(35A) ? ? 1.1319 .2936 .9195 ? ?
H(35B) ? ? 1.1352 .3268 .8714 ? ?
H(35C) ? ? 1.0365 .3257 .8915 ? ?
H(32D) ? ? 1.3244 .3175 .8340 ? ?
H(32E) ? ? 1.3459 .3663 .8002 ? ?
H(32F) ? ? 1.2352 .3516 .8026 ? ?
H(35D) ? ? 1.4674 .5182 .8104 ? ?
H(35E) ? ? 1.3547 .5346 .7911 ? ?
H(35F) ? ? 1.3931 .4756 .7789 ? ?
H(32G) ? ? 1.0115 .6282 .9434 ? ?
H(32H) ? ? .9790 .5870 .8991 ? ?
H(32I) ? ? 1.0334 .6432 .8921 ? ?
H(35G) ? ? 1.3046 .6624 .8495 ? ?
H(35H) ? ? 1.1884 .6636 .8457 ? ?
H(35I) ? ? 1.2350 .6209 .8142 ? ?
H(31) ? ? 1.4459 .5275 .9380 ? ?
H(32) ? ? 1.4306 .4218 .9455 ? ?
H(33) ? ? 1.2975 .4021 .9949 ? ?
H(34) ? ? 1.2306 .4956 1.0179 ? ?
H(35) ? ? 1.3223 .5731 .9827 ? ?
H(42A) ? ? 1.0319 .6131 .5302 ? ?
H(42B) ? ? 1.0537 .6027 .5870 ? ?
H(42C) ? ? .9797 .6503 .5636 ? ?
H(45A) ? ? .7474 .6912 .6142 ? ?
H(45B) ? ? .8548 .6733 .6424 ? ?
H(45C) ? ? .7604 .6403 .6505 ? ?
H(42D) ? ? .8532 .2980 .6233 ? ?
H(42E) ? ? .9190 .3385 .6613 ? ?
H(42F) ? ? .9504 .3246 .6118 ? ?
H(45D) ? ? 1.0825 .4446 .5451 ? ?
H(45E) ? ? 1.0927 .4512 .6018 ? ?
H(45F) ? ? 1.0344 .4963 .5658 ? ?
H(42G) ? ? .6332 .3742 .6842 ? ?
H(42H) ? ? .6926 .4196 .7194 ? ?
H(42I) ? ? .7465 .3853 .6846 ? ?
H(45G) ? ? .5589 .5902 .6779 ? ?
H(45H) ? ? .6614 .5719 .7113 ? ?
H(45I) ? ? .5739 .5285 .6970 ? ?
H(41) ? ? .7912 .5198 .4821 ? ?
H(42) ? ? .6582 .5749 .5137 ? ?
H(43) ? ? .5587 .5062 .5545 ? ?
H(44) ? ? .6301 .4087 .5481 ? ?
H(45) ? ? .7738 .4171 .5034 ? ?
