|||Acetonitrile(η^5^-cyclopentadienyl)bis(triphenylphosphine)ruthenium(II) Tetrafluoroborate|Acta Crystallographica Section C|1997 53 301 302
C43 H38 B F4 N P2 Ru
10.320(4) 17.062(8) 21.803(1) 90 90.28(2) 90
P121/c1
Ru1 ? ? 0.06987(3) 0.72163(2) 0.15726(1) 1.0000 0.0330
P1 ? ? 0.04070(8) 0.82872(5) 0.09132(4) 1.0000 0.0336
P2 ? ? 0.28004(9) 0.67977(5) 0.12948(4) 1.0000 0.0363
N1 ? ? -0.0154(4) 0.6501(2) 0.0938(2) 1.0000 0.0504
C1 ? ? -0.0167(5) 0.6537(3) 0.2330(2) 1.0000 0.0563
C2 ? ? -0.0933(4) 0.7227(3) 0.2222(2) 1.0000 0.0558
C3 ? ? -0.0127(5) 0.7880(3) 0.2347(2) 1.0000 0.0504
C4 ? ? 0.1112(4) 0.7608(3) 0.2516(2) 1.0000 0.0493
C5 ? ? 0.1077(5) 0.6776(3) 0.2507(2) 1.0000 0.0498
C6 ? ? -0.0778(8) 0.6106(4) 0.0645(3) 1.0000 0.0811
C7 ? ? -0.158(1) 0.5610(8) 0.0258(4) 1.0000 0.1484
C11 ? ? -0.0864(3) 0.8966(2) 0.1168(2) 1.0000 0.0389
C12 ? ? -0.0653(4) 0.9776(2) 0.1209(2) 1.0000 0.0489
C13 ? ? -0.1651(5) 1.0269(3) 0.1395(2) 1.0000 0.0563
C14 ? ? -0.2842(4) 0.9975(3) 0.1552(2) 1.0000 0.0600
C15 ? ? -0.3064(4) 0.9176(3) 0.1506(2) 1.0000 0.0604
C16 ? ? -0.2086(4) 0.8674(3) 0.1301(2) 1.0000 0.0516
C21 ? ? 0.1789(3) 0.8953(2) 0.0826(2) 1.0000 0.0384
C22 ? ? 0.2377(4) 0.9215(2) 0.1362(2) 1.0000 0.0449
C23 ? ? 0.3414(4) 0.9735(3) 0.1335(2) 1.0000 0.0549
C24 ? ? 0.3835(4) 1.0003(3) 0.0764(3) 1.0000 0.0563
C25 ? ? 0.3240(4) 0.9747(3) 0.0237(2) 1.0000 0.0557
C26 ? ? 0.2215(4) 0.9223(2) 0.0266(2) 1.0000 0.0482
C31 ? ? -0.0126(4) 0.8110(2) 0.0118(2) 1.0000 0.0371
C32 ? ? 0.0418(4) 0.7498(3) -0.0206(2) 1.0000 0.0506
C33 ? ? 0.0069(5) 0.7354(3) -0.0809(2) 1.0000 0.0567
C34 ? ? -0.0835(4) 0.7811(3) -0.1092(2) 1.0000 0.0539
C35 ? ? -0.1383(5) 0.8430(3) -0.0775(2) 1.0000 0.0555
C36 ? ? -0.1030(4) 0.8572(3) -0.0173(2) 1.0000 0.0509
C41 ? ? 0.4017(4) 0.6959(2) 0.1907(2) 1.0000 0.0414
C42 ? ? 0.4126(4) 0.7704(2) 0.2165(2) 1.0000 0.0485
C43 ? ? 0.5024(4) 0.7864(3) 0.2627(2) 1.0000 0.0564
C44 ? ? 0.5826(4) 0.7269(3) 0.2835(2) 1.0000 0.0575
C45 ? ? 0.5734(5) 0.6533(3) 0.2579(2) 1.0000 0.0614
C46 ? ? 0.4839(4) 0.6374(3) 0.2121(2) 1.0000 0.0528
C51 ? ? 0.2933(4) 0.5736(2) 0.1185(2) 1.0000 0.0468
C52 ? ? 0.2001(5) 0.5240(3) 0.1438(2) 1.0000 0.0558
C53 ? ? 0.2158(6) 0.4430(3) 0.1410(3) 1.0000 0.0692
C54 ? ? 0.3240(7) 0.4111(3) 0.1133(3) 1.0000 0.0692
C55 ? ? 0.4158(6) 0.4589(3) 0.0877(3) 1.0000 0.0693
C56 ? ? 0.4009(5) 0.5402(3) 0.0901(3) 1.0000 0.0595
C61 ? ? 0.3664(4) 0.7157(2) 0.0615(2) 1.0000 0.0395
C62 ? ? 0.3377(4) 0.6852(3) 0.0038(2) 1.0000 0.0505
C63 ? ? 0.3977(5) 0.7151(3) -0.0486(2) 1.0000 0.0608
C64 ? ? 0.4864(6) 0.7744(3) -0.0433(2) 1.0000 0.0649
C65 ? ? 0.5182(5) 0.8039(3) 0.0129(2) 1.0000 0.0647
C66 ? ? 0.4579(4) 0.7760(2) 0.0656(2) 1.0000 0.0514
B1 ? ? 0.7805(7) 0.4613(4) 0.1751(4) 1.0000 0.0721
F1 ? ? 0.7485(5) 0.5348(2) 0.1622(2) 1.0000 0.1180
F2 ? ? 0.8935(5) 0.4598(3) 0.2050(4) 1.0000 0.1599
F3 ? ? 0.7889(9) 0.4191(4) 0.1262(3) 1.0000 0.1887
F4 ? ? 0.6923(6) 0.4282(4) 0.2113(3) 1.0000 0.1656
H11 ? ? -0.0467 0.5975 0.2287 1.0000 0.0633
H21 ? ? -0.1866 0.7243 0.2082 1.0000 0.0598
H31 ? ? -0.0392 0.8447 0.2320 1.0000 0.0549
H41 ? ? 0.1879 0.7944 0.2624 1.0000 0.0510
H51 ? ? 0.1828 0.6422 0.2607 1.0000 0.0530
H71 ? ? -0.1477 0.5060 0.0353 1.0000 0.1924
H72 ? ? -0.2524 0.5775 0.0307 1.0000 0.1924
H73 ? ? -0.1352 0.5713 -0.0191 1.0000 0.1924
H121 ? ? 0.0215 1.0002 0.1103 1.0000 0.0499
H131 ? ? -0.1490 1.0851 0.1416 1.0000 0.0593
H141 ? ? -0.3548 1.0331 0.1699 1.0000 0.0652
H151 ? ? -0.3932 0.8955 0.1622 1.0000 0.0619
H161 ? ? -0.2266 0.8098 0.1256 1.0000 0.0534
H221 ? ? 0.2056 0.9024 0.1773 1.0000 0.0453
H231 ? ? 0.3854 0.9916 0.1725 1.0000 0.0550
H241 ? ? 0.4571 1.0385 0.0738 1.0000 0.0596
H251 ? ? 0.3547 0.9943 -0.0176 1.0000 0.0586
H261 ? ? 0.1777 0.9033 -0.0122 1.0000 0.0510
H321 ? ? 0.1082 0.7153 0.0001 1.0000 0.0530
H331 ? ? 0.0472 0.6902 -0.1036 1.0000 0.0584
H341 ? ? -0.1090 0.7699 -0.1530 1.0000 0.0551
H351 ? ? -0.2056 0.8770 -0.0979 1.0000 0.0580
H361 ? ? -0.1436 0.9018 0.0059 1.0000 0.0515
H421 ? ? 0.3546 0.8138 0.2017 1.0000 0.0511
H431 ? ? 0.5101 0.8410 0.2806 1.0000 0.0574
H441 ? ? 0.6463 0.7378 0.3174 1.0000 0.0587
H451 ? ? 0.6342 0.6102 0.2724 1.0000 0.0641
H461 ? ? 0.4786 0.5831 0.1937 1.0000 0.0559
H521 ? ? 0.1208 0.5468 0.1635 1.0000 0.0581
H531 ? ? 0.1475 0.4074 0.1591 1.0000 0.0718
H541 ? ? 0.3365 0.3526 0.1126 1.0000 0.0709
H551 ? ? 0.4943 0.4355 0.0668 1.0000 0.0749
H561 ? ? 0.4686 0.5754 0.0715 1.0000 0.0635
H621 ? ? 0.2726 0.6416 0.0000 1.0000 0.0526
H631 ? ? 0.3747 0.6924 -0.0900 1.0000 0.0652
H641 ? ? 0.5270 0.7962 -0.0819 1.0000 0.0717
H651 ? ? 0.5855 0.8474 0.0164 1.0000 0.0684
H661 ? ? 0.4807 0.7986 0.1070 1.0000 0.0527
