||Engelhardt, Udo; Rosefid, Mehdi|A Tricyclic Phosphorus(V)-Hydrazine System with Twist Conformation of the Central Heterocycle|Acta Crystallographica Section C|1997 53 773 775
C15 H21 N4 O2 P S
8.002(5) 12.286(2) 17.380(4) 90.0 91.10(2) 90.0
P121/n1
S ? ? .12237(9) .59818(5) .24318(4) ? .0595(5)
P2 ? ? .31535(9) .64953(5) .19106(4) ? .0451(4)
O1 ? ? .4067(2) .56070(10) .14000(10) ? .0580(10)
O2 ? ? .6413(2) .91770(10) .14430(10) ? .0730(10)
N1 ? ? .2815(3) .7554(2) .13470(10) ? .0440(10)
N3 ? ? .4800(3) .69130(10) .24330(10) ? .0470(10)
N8 ? ? .5317(3) .8005(2) .23200(10) ? .056(2)
N10 ? ? .4346(3) .7983(2) .10670(10) ? .0500(10)
C1 ? ? .3258(3) .4863(2) .0905(2) ? .051(2)
C2 ? ? .3157(4) .3804(2) .1129(2) ? .064(2)
C3 ? ? .2502(5) .3046(3) .0609(3) ? .085(3)
C8 ? ? .1995(5) .3355(4) -.0104(3) ? .096(3)
C10 ? ? .2066(6) .4434(4) -.0305(2) ? .112(3)
C15 ? ? .2730(5) .5185(3) .0200(2) ? .089(3)
C4 ? ? .6198(4) .6200(2) .2653(2) ? .059(2)
C5 ? ? .7062(5) .6634(3) .3368(2) ? .067(2)
C6 ? ? .7622(4) .7794(3) .3248(2) ? .060(2)
C7 ? ? .6164(4) .8483(2) .2986(2) ? .059(2)
C9 ? ? .5451(3) .8446(2) .1600(2) ? .058(2)
C11 ? ? .4075(4) .8547(3) .0328(2) ? .062(2)
C12 ? ? .2788(5) .9448(2) .0403(2) ? .066(3)
C13 ? ? .1178(4) .9000(3) .0728(2) ? .065(2)
C14 ? ? .1533(4) .8397(2) .1477(2) ? .053(2)
H2 ? ? .347(4) .362(2) .1600(10) ? .080(10)
H3 ? ? .249(4) .240(2) .072(2) ? .090(10)
H8 ? ? .156(4) .283(3) -.047(2) ? .130(10)
H10 ? ? .167(4) .465(3) -.088(2) ? .15(2)
H15 ? ? .266(4) .593(3) .009(2) ? .130(10)
H41 ? ? .572(3) .545(2) .2730(10) ? .077(9)
H42 ? ? .694(3) .617(2) .2190(10) ? .070(9)
H51 ? ? .623(3) .664(2) .3790(10) ? .068(9)
H52 ? ? .791(3) .616(2) .3480(10) ? .071(9)
H61 ? ? .810(3) .807(2) .3750(10) ? .058(8)
H62 ? ? .847(3) .778(2) .2860(10) ? .080(10)
H71 ? ? .534(3) .854(2) .3420(10) ? .090(10)
H72 ? ? .648(3) .918(2) .2810(10) ? .080(10)
H111 ? ? .364(3) .796(2) -.0030(10) ? .052(7)
H112 ? ? .524(3) .881(2) .0210(10) ? .063(8)
H121 ? ? .251(3) .982(2) -.0110(10) ? .058(7)
H122 ? ? .333(3) .998(2) .0760(10) ? .061(8)
H131 ? ? .069(3) .845(2) .0320(10) ? .080(10)
H132 ? ? .034(3) .956(2) .0810(10) ? .090(10)
H141 ? ? .058(3) .805(2) .1630(10) ? .055(8)
H142 ? ? .195(3) .890(2) .1900(10) ? .051(7)
