||Harrison, William T. A.; Dussack, Laurie L.; Jacobson, Allan J.|Bis(piperazinium) Pentakis(trioxomolybdo)bis(phenylphosphonate) Dihydrate|Acta Crystallographica Section C|1997 53 856 859
C20 H38 Mo5 N4 O23 P2
13.133(4) 18.932(6) 14.646(9) 90.000 95.70(3) 90.000
P121/a1
Mo1 ? ? .15930(4) .40194(3) .29834(3) 1.0000 .0245
Mo2 ? ? .17808(4) .67833(3) .19795(4) 1.0000 .0268
Mo3 ? ? .42830(4) .45418(3) .28435(4) 1.0000 .0269
Mo4 ? ? .42074(4) .61664(3) .19019(4) 1.0000 .0275
Mo5 ? ? .02863(4) .55482(3) .27584(4) 1.0000 .0295
P1 ? ? .21840(10) .50888(8) .12920(10) 1.0000 .0238
P2 ? ? .27500(10) .57068(8) .37510(10) 1.0000 .0224
O1 ? ? .3044(3) .4061(2) .3022(2) 1.0000 .0246
O2 ? ? .1822(3) .5238(2) .3444(2) 1.0000 .0246
O3 ? ? .1836(3) .4336(2) .1429(2) 1.0000 .0256
O4 ? ? .0403(3) .4541(2) .2622(2) 1.0000 .0275
O5 ? ? .1283(3) .3219(2) .2481(3) 1.0000 .0352
O6 ? ? .1480(3) .3847(2) .4114(2) 1.0000 .0337
O7 ? ? .1429(3) .5622(2) .1633(2) 1.0000 .0246
O8 ? ? .0921(3) .6482(2) .2869(3) 1.0000 .0301
O9 ? ? .2956(3) .6583(2) .1324(2) 1.0000 .0245
O10 ? ? .2970(3) .6248(2) .3014(2) 1.0000 .0239
O11 ? ? .2180(3) .7598(2) .2384(3) 1.0000 .0385
O12 ? ? .0916(3) .6978(2) .1065(3) 1.0000 .0368
O13 ? ? .4916(3) .5448(2) .2681(3) 1.0000 .0282
O14 ? ? .3683(3) .5245(2) .3995(2) 1.0000 .0239
O15 ? ? .3271(3) .5199(2) .1788(2) 1.0000 .0222
O16 ? ? .4650(3) .4057(2) .1949(3) 1.0000 .0397
O17 ? ? .5092(3) .4247(2) .3743(3) 1.0000 .0344
O18 ? ? .4815(3) .6081(2) .0946(3) 1.0000 .0419
O19 ? ? .4760(3) .6891(2) .2431(3) 1.0000 .0421
O20 ? ? -.0304(3) .5581(2) .3741(3) 1.0000 .0409
O21 ? ? -.0670(3) .5741(2) .1923(3) 1.0000 .0442
O31 ? ? .4524(4) .2599(2) .1886(4) 1.0000 .0660
O32 ? ? .9459(4) .7199(3) .3954(4) 1.0000 .0690
N31 ? ? .5998(4) .5675(3) .4454(3) 1.0000 .0376
N32 ? ? .7549(4) .6604(3) .3960(4) 1.0000 .0540
N41 ? ? .7303(5) .6998(4) -.0919(5) .722(8) .0330
N42 ? ? .8660(5) .7062(4) .0748(5) .722(8) .0331
N51 ? ? .7170(10) .7610(10) -.0340(10) .278(8) .041(6)
N52 ? ? .8870(10) .6590(10) .0070(10) .278(8) .040(6)
C11 ? ? .2281(5) .5274(3) .0105(4) 1.0000 .0257
C12 ? ? .1492(5) .5600(3) -.0432(4) 1.0000 .0372
C13 ? ? .1621(6) .5763(3) -.1356(5) 1.0000 .0449
C14 ? ? .2518(7) .5591(4) -.1710(5) 1.0000 .0486
C15 ? ? .3295(6) .5272(4) -.1181(5) 1.0000 .0548
C16 ? ? .3196(5) .5117(3) -.0276(4) 1.0000 .0427
C21 ? ? .2460(4) .6178(3) .4761(4) 1.0000 .0240
C22 ? ? .3154(5) .6688(3) .5121(4) 1.0000 .0340
C23 ? ? .2993(5) .7045(3) .5901(5) 1.0000 .0426
C24 ? ? .2106(6) .6917(4) .6320(5) 1.0000 .0502
C25 ? ? .1417(6) .6421(4) .5965(5) 1.0000 .0508
C26 ? ? .1598(5) .6045(3) .5199(4) 1.0000 .0383
C31 ? ? .6122(5) .6398(3) .4855(4) 1.0000 .0484
C32 ? ? .6956(5) .5411(3) .4113(5) 1.0000 .0472
C33 ? ? .6568(5) .6886(3) .4211(4) 1.0000 .0482
C34 ? ? .7359(5) .5912(3) .3481(5) 1.0000 .0515
C41 ? ? .6973(5) .6767(3) -.0019(4) 1.0000 .0461
C42 ? ? .7896(6) .6528(4) .0610(5) 1.0000 .0506
C43 ? ? .8992(5) .7331(4) -.0169(5) 1.0000 .0526
C44 ? ? .8072(5) .7583(3) -.0778(5) 1.0000 .0487
H12 ? ? .0874(5) .5716(3) -.0181(4) 1.0000 .075(4)
H13 ? ? .1089(6) .5991(3) -.1733(5) 1.0000 .075(4)
H14 ? ? .2595(7) .5699(4) -.2332(5) 1.0000 .075(4)
H15 ? ? .3906(6) .5156(4) -.1444(5) 1.0000 .075(4)
H16 ? ? .3743(5) .4899(3) .0095(4) 1.0000 .075(4)
H22 ? ? .3745(5) .6779(3) .4815(4) 1.0000 .075(4)
H23 ? ? .3479(5) .7384(3) .6146(5) 1.0000 .075(4)
H24 ? ? .1988(6) .7170(4) .6860(5) 1.0000 .075(4)
H25 ? ? .0814(6) .6341(4) .6258(5) 1.0000 .075(4)
H26 ? ? .1125(5) .5694(3) .4967(4) 1.0000 .075(4)
H31 ? ? .5812(4) .5361(3) .4916(3) 1.0000 .075(4)
H32 ? ? .5471(4) .5684(3) .3961(3) 1.0000 .075(4)
H33 ? ? .6561(5) .6377(3) .5410(4) 1.0000 .075(4)
H34 ? ? .5470(5) .6571(3) .4978(4) 1.0000 .075(4)
H35 ? ? .6680(5) .7335(3) .4492(4) 1.0000 .075(4)
H36 ? ? .6110(5) .6934(3) .3670(4) 1.0000 .075(4)
H37 ? ? .7858(4) .6928(3) .3574(4) 1.0000 .075(4)
H38 ? ? .7994(4) .6526(3) .4502(4) 1.0000 .075(4)
H39 ? ? .7975(5) .5738(3) .3275(5) 1.0000 .075(4)
H40 ? ? .6865(5) .5980(3) .2969(5) 1.0000 .075(4)
H41 ? ? .7460(5) .5343(3) .4617(5) 1.0000 .075(4)
H42 ? ? .6820(5) .4975(3) .3805(5) 1.0000 .075(4)
H43 ? ? .6681(5) .7159(3) .0265(4) 1.0000 .075(4)
H44 ? ? .6478(5) .6402(3) -.0116(4) 1.0000 .075(4)
H45 ? ? .8194(6) .6144(4) .0316(5) 1.0000 .075(4)
H46 ? ? .7680(6) .6374(4) .1177(5) 1.0000 .075(4)
H47 ? ? .8366(5) .7445(4) .1049(5) 1.0000 .075(4)
H48 ? ? .9234(5) .6886(4) .1125(5) 1.0000 .075(4)
H49 ? ? .9491(5) .7692(4) -.0060(5) 1.0000 .075(4)
H50 ? ? .9277(5) .6947(4) -.0475(5) 1.0000 .075(4)
H51 ? ? .8269(5) .7752(3) -.1345(5) 1.0000 .075(4)
H52 ? ? .7764(5) .7955(3) -.0468(5) 1.0000 .075(4)
H53 ? ? .6728(5) .7139(4) -.1323(5) 1.0000 .075(4)
H54 ? ? .7638(5) .6615(4) -.1182(5) 1.0000 .075(4)
