Isoalangidiol monoacetate||Bhattacharyya, Kinkini; Chaudhuri, Siddhartha; Achari, Basudeb; Mazumdar, Biswanath; Mazumdar, Sunil Kumar|Isoalangidiol Monoacetate, a Triterpene Alcohol|Acta Crystallographica Section C|1997 53 1299 1301
C32 H54 O3
12.201(2) 12.8625(14) 18.571(2) 90.00 90.00 90.00
P212121
C1 ? ? -.2774(3) -.1129(4) .4225(3) 1 .0566(12)
H1A ? ? -.2966(3) -.0538(4) .3926(3) 1 .074(2)
H1B ? ? -.2798(3) -.1746(4) .3925(3) 1 .074(2)
C2 ? ? -.3625(4) -.1238(4) .4825(3) 1 .0674(14)
H2A ? ? -.4348(4) -.1297(4) .4611(3) 1 .074(2)
H2B ? ? -.3483(4) -.1872(4) .5091(3) 1 .074(2)
C3 ? ? -.3617(4) -.0333(4) .5339(3) 1 .0615(12)
H3 ? ? -.4131(4) -.0475(4) .5733(3) 1 .074(2)
C4 ? ? -.2484(4) -.0094(4) .5659(2) 1 .0617(12)
C5 ? ? -.1621(3) -.0050(3) .5039(2) 1 .0476(10)
H5 ? ? -.1851(3) .0541(3) .4742(2) 1 .074(2)
C6 ? ? -.0465(3) .0228(4) .5281(2) 1 .0570(12)
H6A ? ? -.0499(3) .0782(4) .5635(2) 1 .074(2)
H6B ? ? -.0129(3) -.0373(4) .5508(2) 1 .074(2)
C7 ? ? .0236(3) .0575(3) .4647(2) 1 .0491(10)
H7A ? ? .0968(3) .0731(3) .4821(2) 1 .074(2)
H7B ? ? -.0070(3) .1212(3) .4453(2) 1 .074(2)
C8 ? ? .0321(3) -.0230(3) .4039(2) 1 .0417(9)
C9 ? ? -.0860(3) -.0637(3) .3859(2) 1 .0435(9)
H9 ? ? -.1238(3) -.0028(3) .3661(2) 1 .074(2)
C10 ? ? -.1599(3) -.0983(3) .4510(2) 1 .0491(11)
C11 ? ? -.0828(4) -.1412(3) .3231(3) 1 .0582(12)
H11A ? ? -.0434(4) -.2031(3) .3379(3) 1 .074(2)
H11B ? ? -.1571(4) -.1615(3) .3108(3) 1 .074(2)
C12 ? ? -.0279(3) -.0950(3) .2576(2) 1 .0542(11)
H12A ? ? -.0719(3) -.0376(3) .2400(2) 1 .074(2)
H12B ? ? -.0247(3) -.1472(3) .2200(2) 1 .074(2)
C13 ? ? .0874(3) -.0563(3) .2732(2) 1 .0437(9)
H13 ? ? .1262(3) -.1155(3) .2944(2) 1 .074(2)
C14 ? ? .0832(3) .0283(3) .3334(2) 1 .0392(9)
C15 ? ? .2008(3) .0685(3) .3473(2) 1 .0463(10)
H15A ? ? .1978(3) .1264(3) .3806(2) 1 .074(2)
H15B ? ? .2436(3) .0137(3) .3696(2) 1 .074(2)
C16 ? ? .2572(3) .1031(3) .2786(2) 1 .0490(10)
H16A ? ? .3300(3) .1280(3) .2905(2) 1 .074(2)
H16B ? ? .2167(3) .1610(3) .2584(2) 1 .074(2)
C17 ? ? .2676(3) .0180(3) .2208(2) 1 .0470(10)
C18 ? ? .1513(3) -.0286(3) .2043(2) 1 .0478(10)
O18 ? ? .0844(2) .0406(2) .1633(2) 1 .0609(8)
H18 ? ? .1166(2) .0569(2) .1262(2) 1 .091(9)
C19 ? ? .1798(4) -.1277(4) .1622(3) 1 .0618(12)
H19A ? ? .1223(4) -.1792(4) .1675(3) 1 .074(2)
H19B ? ? .1887(4) -.1123(4) .1114(3) 1 .074(2)
C20 ? ? .2868(4) -.1673(4) .1941(3) 1 .0728(15)
H20A ? ? .3386(4) -.1831(4) .1560(3) 1 .074(2)
H20B ? ? .2738(4) -.2301(4) .2217(3) 1 .074(2)
C21 ? ? .3329(4) -.0812(3) .2433(2) 1 .0543(11)
H21 ? ? .3112(4) -.0983(3) .2927(2) 1 .074(2)
C22 ? ? .4593(4) -.0779(4) .2417(3) 1 .0634(13)
H22 ? ? .4820(4) -.0655(4) .1918(3) 1 .074(2)
C23 ? ? -.2538(4) .0999(5) .6027(3) 1 .081(2)
H23A ? ? -.3207(4) .1058(5) .6295(3) 1 .074(2)
H23B ? ? -.2514(4) .1531(5) .5665(3) 1 .074(2)
H23C ? ? -.1925(4) .1078(5) .6346(3) 1 .074(2)
C24 ? ? -.2253(5) -.0892(5) .6247(3) 1 .091(2)
H24A ? ? -.1519(5) -.0801(5) .6421(3) 1 .074(2)
H24B ? ? -.2333(5) -.1579(5) .6053(3) 1 .074(2)
H24C ? ? -.2761(5) -.0797(5) .6636(3) 1 .074(2)
C25 ? ? -.1224(4) -.2031(3) .4844(3) 1 .0700(14)
H25A ? ? -.0677(4) -.1901(3) .5204(3) 1 .074(2)
H25B ? ? -.0923(4) -.2467(3) .4474(3) 1 .074(2)
H25C ? ? -.1842(4) -.2372(3) .5061(3) 1 .074(2)
C26 ? ? .1074(3) -.1118(3) .4310(3) 1 .0553(11)
H26A ? ? .1821(3) -.0883(3) .4315(3) 1 .091(9)
H26B ? ? .1007(3) -.1707(3) .3995(3) 1 .091(9)
H26C ? ? .0859(3) -.1315(3) .4789(3) 1 .091(9)
C27 ? ? .0159(3) .1234(3) .3085(2) 1 .0472(10)
H27A ? ? -.0603(3) .1117(3) .3185(2) 1 .074(2)
H27B ? ? .0259(3) .1335(3) .2577(2) 1 .074(2)
H27C ? ? .0403(3) .1842(3) .3339(2) 1 .074(2)
C28 ? ? .3160(4) .0668(4) .1529(2) 1 .0632(13)
H28A ? ? .3241(4) .0143(4) .1165(2) 1 .074(2)
H28B ? ? .3864(4) .0962(4) .1638(2) 1 .074(2)
H28C ? ? .2680(4) .1204(4) .1357(2) 1 .074(2)
C29 ? ? .5055(3) -.1830(3) .2647(3) 1 .097(2)
H29A ? ? .4800(3) -.2359(3) .2323(3) 1 .074(2)
H29B ? ? .4815(3) -.1986(3) .3127(3) 1 .074(2)
H29C ? ? .5842(3) -.1805(3) .2635(3) 1 .074(2)
C30 ? ? .5106(3) .0056(3) .2879(3) 1 .084(2)
H30A ? ? .4843(3) -.0009(3) .3364(3) 1 .074(2)
H30B ? ? .4913(3) .0727(3) .2693(3) 1 .074(2)
H30C ? ? .5889(3) -.0021(3) .2874(3) 1 .074(2)
O31 ? ? -.3983(2) .0596(2) .4951(2) 1 .0638(9)
C32 ? ? -.5056(4) .0738(4) .4885(3) 1 .0620(12)
O32 ? ? -.5749(3) .0139(3) .5085(2) 1 .0766(10)
C33 ? ? -.5294(5) .1753(4) .4510(3) 1 .082(2)
H33A ? ? -.4616(5) .2098(4) .4401(3) 1 .074(2)
H33B ? ? -.5729(5) .2186(4) .4818(3) 1 .074(2)
H33C ? ? -.5686(5) .1620(4) .4071(3) 1 .074(2)
