||Andres E. Goeta; Carlos E. Boschetti; Oreste Mascaretti; Graciela Punte|6α-Chloro-3α-hydroxymethyl-2,2-dimethylpenam 1,1-Dioxide|Acta Crystallographica Section C|1998 54 242 244
C8 H12 Cl N O4 S
21.511(5) 21.511(5) 6.369(9) 90.00 90.00 120.00
R3
S(1) ? ? .49814(3) .55304(3) .95554(10) 1 .02071(13)
C(2) ? ? .47239(13) .56608(12) .6898(4) 1 .0204(5)
C(3) ? ? .43388(12) .48841(12) .5961(4) 1 .0188(4)
N(4) ? ? .47399(10) .45467(10) .6785(4) 1 .0188(4)
C(5) ? ? .50040(12) .47120(12) .8971(4) 1 .0186(4)
C(6) ? ? .57168(13) .47733(13) .8225(5) 1 .0251(5)
C(7) ? ? .53820(13) .46302(13) .6009(5) 1 .0244(5)
O(8) ? ? .55734(10) .46092(11) .4251(4) 1 .0343(5)
Cl(9) ? ? .59147(4) .41196(4) .9177(2) 1 .0432(2)
O(10) ? ? .32490(9) .37382(10) .5517(3) 1 .0214(4)
O(11) ? ? .56801(11) .61125(10) 1.0134(3) 1 .0308(4)
O(12) ? ? .43912(10) .53330(10) 1.0978(3) 1 .0284(4)
C(13) ? ? .4246(2) .59965(15) .7097(5) 1 .0304(6)
C(14) ? ? .5415(2) .61505(14) .5680(4) 1 .0307(6)
C(15) ? ? .35454(12) .44325(12) .6474(4) 1 .0198(5)
H(31) ? ? .43944(12) .49207(12) .4400(4) 1 .023
H(51) ? ? .47275(12) .43113(12) .9984(4) 1 .022
H(61) ? ? .61325(13) .52719(13) .8375(5) 1 .030
H(101) ? ? .320(2) .351(2) .643(7) 1 .046(12)
H(131) ? ? .4056(10) .6014(11) .5712(7) 1 .046
H(132) ? ? .4528(3) .6485(5) .766(3) 1 .046
H(133) ? ? .3846(7) .5706(7) .805(3) 1 .046
H(141) ? ? .5294(2) .6203(10) .4232(11) 1 .046
H(142) ? ? .5725(5) .5938(6) .568(3) 1 .046
H(143) ? ? .5666(6) .6623(4) .635(2) 1 .046
H(151) ? ? .34809(12) .43781(12) .8015(4) 1 .024
H(152) ? ? .32887(12) .46768(12) .5956(4) 1 .024
