|1-(2-chloro-6-fluorophenyl)-1H,3H-thiazolo[3,4-a]benzimidazole|Bruno, Giuseppe; Chimirri, Alba; Monforte, Anna Maria; Nicoló, Francesco; Scopelliti, Rosario|1-Aryl-1<i>H</i>,3<i>H</i>-thiazolo[3,4-<i>a</i>]benzimidazole Derivatives|Acta Crystallographica Section C|1997 53(9) 1337 1341
C15 H10 Cl F N2 S
22.093(5) 7.8780(10) 31.473(5) 90.00 100.28(3) 90.00
I12/a1
S1A ? ? .40351(7) 1.3569(2) -.01572(6) 1 .0635(5)
C1A ? ? .3711(2) 1.1405(6) -.0256(2) 1 .0477(13)
H1A ? ? .3759(2) 1.0792(6) .0019(2) 1 .070
N2A ? ? .3065(2) 1.1727(5) -.04096(14) 1 .0427(10)
C8A ? ? .2846(3) 1.3342(6) -.0465(2) 1 .0445(13)
C9A ? ? .3316(2) 1.4714(6) -.0348(2) 1 .059(2)
H9A1 ? ? .3211(2) 1.5436(6) -.0122(2) 1 .070
H9A2 ? ? .3349(2) 1.5409(6) -.0597(2) 1 .070
C2A ? ? .2574(2) 1.0682(6) -.0539(2) 1 .0420(12)
C7A ? ? .2068(2) 1.1737(6) -.0672(2) 1 .0414(12)
N1A ? ? .2255(2) 1.3433(5) -.0619(2) 1 .0509(12)
C3A ? ? .2527(3) .8933(6) -.0555(2) 1 .0522(14)
H3A ? ? .2870(3) .8248(6) -.0467(2) 1 .070
C4A ? ? .1964(3) .8243(7) -.0703(2) 1 .059(2)
H4A ? ? .1919(3) .7069(7) -.0716(2) 1 .070
C5A ? ? .1452(3) .9286(8) -.0838(2) 1 .061(2)
H5A ? ? .1073(3) .8787(8) -.0941(2) 1 .070
C6A ? ? .1495(3) 1.1017(7) -.0820(2) 1 .0535(14)
H6A ? ? .1150(3) 1.1695(7) -.0906(2) 1 .070
C10A ? ? .4002(2) 1.0380(6) -.0573(2) 1 .0424(12)
C11A ? ? .4328(2) .8906(6) -.0463(2) 1 .0491(14)
Cl1A ? ? .44206(8) .8145(2) .00606(5) 1 .0676(5)
C12A ? ? .4588(3) .7982(7) -.0752(2) 1 .062(2)
H12A ? ? .4802(3) .6989(7) -.0665(2) 1 .070
C13A ? ? .4530(3) .8538(8) -.1173(3) 1 .075(2)
H13A ? ? .4708(3) .7920(8) -.1370(3) 1 .070
C14A ? ? .4210(3) .9998(7) -.1301(2) 1 .061(2)
H14A ? ? .4168(3) 1.0388(7) -.1584(2) 1 .070
C15A ? ? .3955(3) 1.0864(7) -.0998(2) 1 .0551(15)
F1A ? ? .3621(2) 1.2311(4) -.11306(11) 1 .0738(11)
S1B ? ? .35629(7) .0218(2) .19571(5) 1 .0508(4)
C1B ? ? .3759(2) .0804(6) .2530(2) 1 .0441(13)
H1B ? ? .3754(2) .2044(6) .2553(2) 1 .070
N2B ? ? .4388(2) .0217(5) .26594(14) 1 .0379(9)
C8B ? ? .4688(2) -.0428(7) .2357(2) 1 .0495(14)
C9B ? ? .4324(3) -.0544(9) .1919(2) 1 .067(2)
H9B1 ? ? .4306(3) -.1709(9) .1818(2) 1 .070
H9B2 ? ? .4505(3) .0152(9) .1720(2) 1 .070
C2B ? ? .4792(2) .0268(6) .3048(2) 1 .0407(12)
C7B ? ? .5338(2) -.0392(6) .2940(2) 1 .057(2)
N1B ? ? .5268(2) -.0820(6) .2508(2) 1 .0629(14)
C3B ? ? .4735(3) .0804(7) .3455(2) 1 .0547(15)
H3B ? ? .4367(3) .1238(7) .3514(2) 1 .070
C4B ? ? .5255(3) .0664(7) .3772(2) 1 .071(2)
H4B ? ? .5235(3) .1007(7) .4052(2) 1 .070
C5B ? ? .5807(3) .0021(7) .3682(3) 1 .077(2)
H5B ? ? .6149(3) -.0044(7) .3902(3) 1 .070
C6B ? ? .5850(3) -.0513(7) .3277(3) 1 .081(2)
H6B ? ? .6218(3) -.0959(7) .3223(3) 1 .070
C10B ? ? .3331(2) .0073(5) .2807(2) 1 .0344(10)
C11B ? ? .3269(3) -.1662(7) .2887(2) 1 .0501(14)
Cl1B ? ? .36906(9) -.3107(2) .26629(6) 1 .0775(5)
C12B ? ? .2875(3) -.2243(9) .3145(2) 1 .075(2)
H12B ? ? .2836(3) -.3401(9) .3191(2) 1 .070
C13B ? ? .2535(3) -.1077(11) .3335(2) 1 .075(2)
H13B ? ? .2273(3) -.1470(11) .3515(2) 1 .070
C14B ? ? .2571(3) .0575(10) .3269(2) 1 .067(2)
H14B ? ? .2343(3) .1340(10) .3401(2) 1 .070
C15B ? ? .2959(2) .1137(7) .2998(2) 1 .0498(13)
F1B ? ? .29835(13) .2973(4) .29257(10) 1 .0535(8)
