Dimethyl 2-iodobenzoylphosphonate||Griffiths, D. Vaughan; Harris, Jayne E.; Miller, John R.|Dimethyl 2-Iodobenzoylphosphonate, an Unusual Example of a Crystalline α-Ketophosphonate|Acta Crystallographica Section C|1997 53 1462 1464
C9 H10 I O4 P
7.642(4) 19.928(8) 8.388(4) 90.00 113.23(2) 90.00
P121/n1
I ? ? .09067(4) .09900(2) .11052(3) 1 .05199(14)
P ? ? .27036(14) .17292(6) .74582(12) 1 .0422(2)
O ? ? .3185(5) .1299(2) .8976(4) 1 .0615(8)
O7 ? ? .3431(4) .1155(2) .5009(4) 1 .0684(10)
O8 ? ? .4339(4) .2207(2) .7485(4) 1 .0544(7)
O9 ? ? .0965(4) .2212(2) .6984(5) 1 .0614(8)
C1 ? ? .0176(5) .0957(2) .4490(5) 1 .0386(8)
C2 ? ? -.0560(5) .0803(2) .2714(5) 1 .0422(8)
C3 ? ? -.2381(6) .0534(2) .1942(6) 1 .0552(10)
H3 ? ? -.2899(6) .0436(2) .0735(6) 1 .072
C4 ? ? -.3435(6) .0409(2) .2907(7) 1 .0589(11)
H4 ? ? -.4678(6) .0226(2) .2360(7) 1 .077
C5 ? ? -.2720(6) .0543(2) .4649(6) 1 .0528(10)
H5 ? ? -.3451(6) .0443(2) .5309(6) 1 .069
C6 ? ? -.0934(6) .0824(2) .5439(6) 1 .0467(9)
H6 ? ? -.0452(6) .0927(2) .6642(6) 1 .061
C7 ? ? .2103(5) .1241(2) .5436(5) 1 .0418(8)
C8 ? ? .6300(6) .1998(3) .8246(7) 1 .0707(14)
H8A ? ? .7163(6) .2384(3) .8135(7) 1 .092
H8B ? ? .6483(6) .1575(3) .7603(7) 1 .092
H8C ? ? .6672(6) .1886(3) .9550(7) 1 .092
C9 ? ? .0961(7) .2770(3) .8083(8) 1 .0695(14)
H9A ? ? -.0326(7) .3026(3) .7532(8) 1 .090
H9B ? ? .2075(7) .3094(3) .8208(8) 1 .090
H9C ? ? .1130(7) .2592(3) .9301(8) 1 .090
