||Lim, Jong Wan; Yeo, Hwan Jin; Jeong, Jong Hwa|trans-[Bis-2,6-(2-benzimidazolyl-κN^2^)pyridine-κN]nitrobis (triphenylphosphine-P)ruthenium(II) Perchlorate Ethanol Solvate|Acta Crystallographica Section C|1997 53 1405 1407
[Ru (C57 H49 N6 O3 P2)], Cl O4
11.991(2) 13.951(4) 14.923(4) 96.02(2) 94.49(2) 98.42(2)
P-1
Ru ? ? .15950(5) .25795(4) .30085(4) 1 .0273(2)
P1 ? ? .0507(2) .27811(14) .16349(13) 1 .0336(5)
P2 ? ? .2731(2) .23848(13) .43812(13) 1 .0320(5)
N1 ? ? .1395(5) .1056(4) .2557(4) 1 .0341(14)
N2 ? ? .2944(5) .2468(4) .2306(4) 1 .0345(14)
N3 ? ? .2410(5) .4045(4) .3138(4) 1 .0329(14)
N4 ? ? .2201(5) -.0096(4) .1825(4) 1 .0289(13)
H4 ? ? .2675(5) -.0359(4) .1515(4) 1 .035
N5 ? ? .3900(5) .5019(4) .2756(4) 1 .0271(13)
H5 ? ? .4531(5) .5200(4) .2540(4) 1 .032
N6 ? ? .0199(5) .2738(4) .3696(4) 1 .0332(14)
O1 ? ? -.0316(5) .3424(4) .3595(4) 1 .051(2)
O2 ? ? -.0163(5) .2137(4) .4206(4) 1 .0512(15)
C1 ? ? .0717(7) .0145(5) .2588(5) 1 .036(2)
C2 ? ? -.0284(7) -.0131(6) .2989(5) 1 .044(2)
H2 ? ? -.0674(7) .0326(6) .3273(5) 1 .052
C3 ? ? -.0656(8) -.1124(6) .2936(6) 1 .056(2)
H3 ? ? -.1321(8) -.1342(6) .3184(6) 1 .067
C4 ? ? -.0073(10) -.1799(6) .2527(7) 1 .067(3)
H4 ? ? -.0348(10) -.2457(6) .2530(7) 1 .080
C5 ? ? .0893(9) -.1550(6) .2116(7) 1 .058(3)
H5 ? ? .1276(9) -.2012(6) .1832(7) 1 .069
C6 ? ? .1257(8) -.0550(6) .2157(6) 1 .047(2)
C7 ? ? .2217(7) .0843(5) .2092(5) 1 .036(2)
C8 ? ? .3115(7) .1609(5) .1899(5) 1 .036(2)
C9 ? ? .4004(8) .1517(6) .1386(6) 1 .051(2)
H9 ? ? .4093(8) .0916(6) .1093(6) 1 .062
C10 ? ? .4775(8) .2365(7) .1319(6) 1 .057(2)
H10 ? ? .5379(8) .2331(7) .0969(6) 1 .069
C11 ? ? .4638(7) .3225(6) .1760(6) 1 .046(2)
H11 ? ? .5162(7) .3779(6) .1732(6) 1 .056
C12 ? ? .3706(6) .3287(5) .2263(5) 1 .036(2)
C13 ? ? .3352(6) .4101(5) .2733(5) 1 .037(2)
C14 ? ? .3237(7) .5603(5) .3196(5) 1 .042(2)
C15 ? ? .3409(9) .6608(6) .3346(7) 1 .056(2)
H15 ? ? .4040(9) .6988(6) .3171(7) 1 .067
C16 ? ? .2586(10) .7005(7) .3771(7) 1 .069(3)
H16 ? ? .2656(10) .7680(7) .3889(7) 1 .083
C17 ? ? .1637(9) .6424(6) .4035(7) 1 .061(3)
H17 ? ? .1101(9) .6725(6) .4328(7) 1 .074
C18 ? ? .1480(7) .5428(6) .3874(6) 1 .045(2)
H18 ? ? .0846(7) .5046(6) .4042(6) 1 .054
C19 ? ? .2305(7) .5017(5) .3449(5) 1 .039(2)
C1R ? ? -.0934(7) .2097(6) .1381(5) 1 .039(2)
C2R ? ? -.1461(7) .2036(6) .0502(6) 1 .048(2)
H2R ? ? -.1093(7) .2362(6) .0070(6) 1 .058
C3R ? ? -.2505(8) .1505(7) .0275(7) 1 .061(3)
H3R ? ? -.2858(8) .1492(7) -.0304(7) 1 .073
C4R ? ? -.3052(8) .0981(7) .0895(7) 1 .057(2)
H4R ? ? -.3757(8) .0601(7) .0729(7) 1 .069
C5R ? ? -.2546(8) .1028(6) .1750(7) 1 .053(2)
H5R ? ? -.2909(8) .0679(6) .2170(7) 1 .063
C6R ? ? -.1484(7) .1598(6) .2004(6) 1 .042(2)
H6R ? ? -.1152(7) .1638(6) .2594(6) 1 .050
C7R ? ? .1159(7) .2318(5) .0639(5) 1 .035(2)
C8R ? ? .0953(7) .1307(6) .0380(6) 1 .046(2)
H8R ? ? .0455(7) .0906(6) .0679(6) 1 .056
C9R ? ? .1492(9) .0908(7) -.0321(6) 1 .057(2)
H9R ? ? .1348(9) .0237(7) -.0488(6) 1 .069
C10R ? ? .2227(8) .1470(8) -.0773(6) 1 .061(3)
H10R ? ? .2585(8) .1186(8) -.1239(6) 1 .074
C11R ? ? .2433(9) .2449(7) -.0537(6) 1 .062(3)
H11R ? ? .2930(9) .2841(7) -.0845(6) 1 .074
C12R ? ? .1899(7) .2871(6) .0167(5) 1 .044(2)
H12R ? ? .2049(7) .3543(6) .0322(5) 1 .053
C13R ? ? .0319(8) .4021(5) .1441(5) 1 .040(2)
C14R ? ? .1269(9) .4740(6) .1405(5) 1 .048(2)
H14R ? ? .1994(9) .4583(6) .1493(5) 1 .058
C15R ? ? .1131(10) .5689(7) .1240(6) 1 .060(3)
H15R ? ? .1762(10) .6161(7) .1229(6) 1 .073
C16R ? ? .0075(10) .5916(6) .1095(6) 1 .059(3)
H16R ? ? -.0021(10) .6536(6) .0959(6) 1 .071
C17R ? ? -.0846(10) .5232(7) .1150(6) 1 .062(3)
H17R ? ? -.1566(10) .5398(7) .1059(6) 1 .075
C18R ? ? -.0738(8) .4300(6) .1336(6) 1 .046(2)
H18R ? ? -.1382(8) .3856(6) .1391(6) 1 .055
C19R ? ? .2593(7) .3145(5) .5436(5) 1 .037(2)
C20R ? ? .3246(9) .3070(7) .6208(6) 1 .058(2)
H20R ? ? .3736(9) .2610(7) .6200(6) 1 .069
C21R ? ? .3195(10) .3661(8) .6997(6) 1 .069(3)
H21R ? ? .3650(10) .3603(8) .7517(6) 1 .083
C22R ? ? .2470(9) .4334(8) .7013(7) 1 .069(3)
H22R ? ? .2446(9) .4746(8) .7541(7) 1 .083
C23R ? ? .1783(8) .4403(7) .6255(7) 1 .058(3)
H23R ? ? .1275(8) .4847(7) .6274(7) 1 .070
C24R ? ? .1841(7) .3818(6) .5466(6) 1 .045(2)
H24R ? ? .1377(7) .3870(6) .4950(6) 1 .054
C25R ? ? .4244(6) .2695(5) .4218(5) 1 .035(2)
C26R ? ? .4766(7) .2027(6) .3748(5) 1 .042(2)
H26R ? ? .4380(7) .1402(6) .3556(5) 1 .050
C27R ? ? .5880(8) .2285(7) .3557(6) 1 .052(2)
H27R ? ? .6240(8) .1828(7) .3241(6) 1 .063
C28R ? ? .6456(7) .3214(7) .3834(7) 1 .059(3)
H28R ? ? .7206(7) .3379(7) .3715(7) 1 .071
C29R ? ? .5924(8) .3883(7) .4279(7) 1 .059(3)
H29R ? ? .6306(8) .4513(7) .4457(7) 1 .070
C30R ? ? .4808(7) .3635(6) .4472(6) 1 .046(2)
H30R ? ? .4442(7) .4100(6) .4770(6) 1 .055
C31R ? ? .2666(7) .1166(5) .4751(5) 1 .037(2)
C32R ? ? .1613(7) .0576(5) .4659(5) 1 .038(2)
H32R ? ? .0977(7) .0802(5) .4415(5) 1 .045
C33R ? ? .1517(8) -.0340(6) .4930(5) 1 .044(2)
H33R ? ? .0819(8) -.0745(6) .4838(5) 1 .053
C34R ? ? .2420(8) -.0667(6) .5329(6) 1 .048(2)
H34R ? ? .2337(8) -.1291(6) .5508(6) 1 .057
C35R ? ? .3464(8) -.0077(6) .5470(6) 1 .055(2)
H35R ? ? .4081(8) -.0287(6) .5765(6) 1 .067
C36R ? ? .3573(7) .0832(6) .5165(6) 1 .049(2)
H36R ? ? .4278(7) .1226(6) .5242(6) 1 .059
Cl ? ? -.4765(4) .1179(4) -.2025(4) .70 .0829(13)
O3 ? ? -.3655(10) .1777(9) -.1930(9) .70 .097(4)
O4 ? ? -.4943(14) .1086(13) -.1023(10) .70 .141(7)
O5 ? ? -.5641(12) .1659(11) -.2371(10) .70 .117(5)
O6 ? ? -.4821(15) .0239(12) -.2462(12) .70 .172(7)
Cl' ? ? .4701(10) .8416(9) .1750(8) .30 .083(3)
O3' ? ? .361(3) .776(2) .139(2) .30 .166(17)
O4' ? ? .4857(19) .9305(16) .1285(15) .30 .060(6)
O5' ? ? .560(3) .789(2) .194(2) .30 .147(15)
O6' ? ? .435(3) .889(2) .2722(18) .30 .128(12)
O1S ? ? .418(4) .609(3) .054(3) 1 .46(2)
C1S ? ? .467(3) .536(3) .023(3) 1 .241(14)
C2S ? ? .391(2) .489(2) -.063(2) 1 .212(11)
