||Oswald M. Peeters; Norbert M. Blaton; Camiel J. De Ranter|Absolute Configuration of the Double Salt of cis-4-Amino-5-chloro-N-{1-[3-(4-fluorophenoxy)propyl]-3-methoxy piperidin-1-ium-4-yl}-2-methoxybenzamide Tartrate (Cisapride Tartrate)|Acta Crystallographica|1997 C53 597 599
C27 H35 Cl1 F1 N3 O10
8.7641(4) 26.785(2) 12.5316(7) 90.00 104.412(4) 90.00
P21
F1 ? ? .3687(4) 1.51140(10) .4191(3) ? .0800(10)
C2 ? ? .3776(6) 1.4616(2) .3974(4) ? .054(2)
C3 ? ? .2417(6) 1.4353(2) .3672(4) ? .064(2)
C4 ? ? .2496(6) 1.3849(2) .3456(4) ? .061(2)
C5 ? ? .3939(5) 1.3624(2) .3553(3) ? .049(2)
C6 ? ? .5288(6) 1.3897(2) .3878(4) ? .054(2)
C7 ? ? .5201(6) 1.4403(2) .4093(3) ? .056(2)
O8 ? ? .3876(4) 1.31200(10) .3340(3) ? .0640(10)
C9 ? ? .5218(6) 1.2882(2) .3151(4) ? .060(2)
C10 ? ? .4703(6) 1.2357(2) .2744(4) ? .060(2)
C11 ? ? .4098(5) 1.20790(10) .3605(3) ? .0440(10)
N12 ? ? .3841(4) 1.15300(10) .3384(2) ? .0350(10)
C13 ? ? .3579(5) 1.12830(10) .4390(3) ? .0400(10)
C14 ? ? .3343(5) 1.07300(10) .4207(3) ? .0390(10)
C15 ? ? .1954(5) 1.06210(10) .3234(3) ? .0350(10)
C16 ? ? .2199(5) 1.08760(10) .2211(3) ? .0360(10)
C17 ? ? .2478(5) 1.14300(10) .2412(3) ? .0380(10)
O18 ? ? .3483(3) 1.06297(9) .1924(2) ? .0415(9)
C19 ? ? .3602(7) 1.0720(2) .0832(4) ? .078(2)
N20 ? ? .1764(4) 1.00850(10) .3056(3) ? .0400(10)
C21 ? ? .1161(5) .97910(10) .3720(3) ? .0380(10)
O22 ? ? .0558(4) .99710(10) .4428(3) ? .0540(10)
C23 ? ? .1307(4) .92420(10) .3621(3) ? .0340(10)
C24 ? ? .0813(4) .89580(10) .4400(3) ? .0370(10)
C25 ? ? .0976(4) .84500(10) .4460(3) ? .0360(10)
C26 ? ? .1622(4) .81910(10) .3712(3) ? .0370(10)
C27 ? ? .2124(5) .84710(10) .2911(3) ? .0400(10)
C28 ? ? .1986(4) .89830(10) .2879(3) ? .0350(10)
O29 ? ? .2498(3) .92620(10) .2124(2) ? .0480(10)
C30 ? ? .3158(6) .9015(2) .1328(4) ? .060(2)
N31 ? ? .1798(5) .76820(10) .3753(3) ? .057(2)
Cl32 ? ? .04400(10) .81254(3) .55126(8) ? .0482(3)
O33 ? ? -.0972(5) .8094(2) -.1367(3) ? .089(2)
O34 ? ? -.0321(4) .75560(10) -.2503(3) ? .0680(10)
C35 ? ? -.0034(6) .7734(2) -.1593(4) ? .055(2)
C36 ? ? .1321(5) .75590(10) -.0670(3) ? .0420(10)
O37 ? ? .2264(3) .72180(10) -.1060(2) ? .0500(10)
C38 ? ? .0700(4) .73400(10) .0254(3) ? .0410(10)
O39 ? ? -.0460(3) .69730(10) -.0145(3) ? .0610(10)
C40 ? ? .2066(5) .71080(10) .1121(3) ? .0380(10)
O41 ? ? .3084(3) .73920(10) .1664(2) ? .0450(10)
O42 ? ? .2025(4) .66440(10) .1207(2) ? .0550(10)
F51 ? ? .3291(5) -.15150(10) -.1205(3) ? .095(2)
C52 ? ? .3355(7) -.1015(2) -.1412(4) ? .059(2)
C53 ? ? .4764(7) -.0792(2) -.1186(4) ? .065(2)
C54 ? ? .4862(6) -.0286(2) -.1390(4) ? .061(2)
C55 ? ? .3492(5) -.0023(2) -.1803(4) ? .052(2)
C56 ? ? .2064(6) -.0261(2) -.2045(5) ? .072(2)
C57 ? ? .1994(7) -.0766(2) -.1836(5) ? .080(2)
O58 ? ? .3417(4) .04800(10) -.1994(3) ? .074(2)
C59 ? ? .4728(5) .0721(2) -.2255(4) ? .058(2)
C60 ? ? .4222(5) .12550(10) -.2543(3) ? .047(2)
C61 ? ? .4024(5) .15230(10) -.1527(3) ? .0400(10)
N62 ? ? .3934(4) .20810(10) -.1641(2) ? .0350(10)
C63 ? ? .3855(5) .23020(10) -.0563(3) ? .0410(10)
C64 ? ? .3744(5) .28660(10) -.0629(3) ? .0450(10)
C65 ? ? .2352(5) .30320(10) -.1558(3) ? .0430(10)
C66 ? ? .2485(5) .28140(10) -.2638(3) ? .0400(10)
C67 ? ? .2586(4) .22490(10) -.2558(3) ? .0420(10)
O68 ? ? .3862(3) .30220(10) -.2871(2) ? .0447(9)
C69 ? ? .3903(7) .2998(3) -.3978(4) ? .089(3)
N70 ? ? .2243(4) .35720(10) -.1633(3) ? .0470(10)
C71 ? ? .1506(5) .38440(10) -.1014(3) ? .0410(10)
O72 ? ? .0766(4) .36400(10) -.0405(2) ? .0530(10)
C73 ? ? .1630(4) .43950(10) -.1050(3) ? .0370(10)
C74 ? ? .1112(5) .46590(10) -.0254(3) ? .0400(10)
C75 ? ? .1271(5) .51670(10) -.0151(3) ? .0410(10)
C76 ? ? .1946(4) .54490(10) -.0862(3) ? .0390(10)
C77 ? ? .2412(5) .51920(10) -.1687(3) ? .041(2)
C78 ? ? .2298(5) .46770(10) -.1769(3) ? .0380(10)
O79 ? ? .2840(3) .44170(10) -.2547(2) ? .0480(10)
C80 ? ? .3482(6) .4685(2) -.3311(4) ? .061(2)
N81 ? ? .2147(5) .59500(10) -.0758(3) ? .0570(10)
Cl82 ? ? .06720(10) .54767(4) .08999(9) ? .0591(4)
O83 ? ? .3350(4) .61870(10) .6884(2) ? .0570(10)
O84 ? ? .1211(4) .65770(10) .7092(3) ? .0650(10)
C85 ? ? .2102(5) .6424(2) .6529(3) ? .0430(10)
C86 ? ? .1637(5) .65480(10) .5311(3) ? .0380(10)
O87 ? ? .0454(4) .69207(9) .5072(3) ? .0560(10)
C88 ? ? .1071(5) .60870(10) .4603(3) ? .0360(10)
O89 ? ? -.0375(3) .59210(10) .4768(2) ? .0490(10)
C90 ? ? .0906(5) .62140(10) .3406(3) ? .0390(10)
O91 ? ? .2293(3) .63230(10) .3224(2) ? .0610(10)
O92 ? ? -.0313(4) .62380(10) .2709(3) ? .0680(10)
H3 ? ? .1450(6) 1.4508(2) .3612(4) ? .080
H4 ? ? .1576(6) 1.3662(2) .3245(4) ? .077
H6 ? ? .6263(6) 1.3744(2) .3955(4) ? .068
H7 ? ? .6114(6) 1.4593(2) .4316(3) ? .070
H9A ? ? .6048(6) 1.2866(2) .3827(4) ? .075
H9B ? ? .5608(6) 1.3062(2) .2603(4) ? .075
H10A ? ? .3880(6) 1.2377(2) .2065(4) ? .075
H10B ? ? .5589(6) 1.2178(2) .2592(4) ? .075
H11A ? ? .4844(5) 1.21210(10) .4315(3) ? .055
H11B ? ? .3110(5) 1.22280(10) .3655(3) ? .055
H12 ? ? .4727(4) 1.14000(10) .3239(2) ? .043
H13A ? ? .2658(5) 1.14260(10) .4571(3) ? .050
H13B ? ? .4480(5) 1.13410(10) .5006(3) ? .050
H14A ? ? .3160(5) 1.05760(10) .4865(3) ? .049
H14B ? ? .4291(5) 1.05840(10) .4072(3) ? .049
H15 ? ? .0995(5) 1.07550(10) .3396(3) ? .044
H16 ? ? .1251(5) 1.08300(10) .1611(3) ? .045
H17A ? ? .2685(5) 1.15830(10) .1761(3) ? .047
H17B ? ? .1535(5) 1.15820(10) .2540(3) ? .047
H19A ? ? .419(3) 1.0455(7) .0610(10) ? .097
H19B ? ? .413(3) 1.1031(6) .0806(7) ? .097
H19C ? ? .2566(7) 1.0730(10) .0346(6) ? .097
H20 ? ? .2046(4) .99520(10) .2510(3) ? .049
H24 ? ? .0354(4) .91200(10) .4900(3) ? .046
H27 ? ? .2554(5) .83080(10) .2398(3) ? .050
H30A ? ? .357(3) .9258(2) .091(2) ? .076
H30B ? ? .2350(10) .8823(9) .0840(10) ? .076
H30C ? ? .399(2) .8796(8) .1700(4) ? .076
H31A ? ? .1506(5) .75130(10) .4252(3) ? .071
H31B ? ? .2200(5) .75330(10) .3281(3) ? .071
H33 ? ? -.062(4) .819(2) -.074(2) ? .112
H36 ? ? .1970(5) .78500(10) -.0380(3) ? .052
H37 ? ? .176(2) .7090(10) -.164(2) ? .063
H38 ? ? .0232(4) .76080(10) .0599(3) ? .051
H39 ? ? -.1337(4) .7101(4) -.027(4) ? .076
H53 ? ? .5674(7) -.0975(2) -.0894(4) ? .082
H54 ? ? .5835(6) -.0126(2) -.1250(4) ? .077
H56 ? ? .1146(6) -.0084(2) -.2349(5) ? .090
H57 ? ? .1031(7) -.0932(2) -.1983(5) ? .100
H59A ? ? .4997(5) .0558(2) -.2875(4) ? .072
H59B ? ? .5638(5) .0712(2) -.1629(4) ? .072
H60A ? ? .5009(5) .14240(10) -.2835(3) ? .059
H60B ? ? .3234(5) .12590(10) -.3104(3) ? .059
H61A ? ? .3070(5) .14040(10) -.1352(3) ? .050
H61B ? ? .4903(5) .14380(10) -.0914(3) ? .050
H62 ? ? .4841(4) .21890(10) -.1795(2) ? .044
H63A ? ? .4787(5) .22080(10) -.0002(3) ? .051
H63B ? ? .2942(5) .21710(10) -.0351(3) ? .051
H64A ? ? .4711(5) .30010(10) -.0755(3) ? .056
H64B ? ? .3620(5) .29970(10) .0066(3) ? .056
H65 ? ? .1383(5) .29050(10) -.1399(3) ? .054
H66 ? ? .1559(5) .29090(10) -.3219(3) ? .050
H67A ? ? .1610(4) .21190(10) -.2438(3) ? .053
H67B ? ? .2713(4) .21140(10) -.3250(3) ? .053
H69A ? ? .485(2) .3160(10) -.4068(7) ? .112
H69B ? ? .300(3) .3170(10) -.4422(5) ? .112
H69C ? ? .389(5) .2656(3) -.4204(9) ? .112
H70 ? ? .2668(4) .37240(10) -.2092(3) ? .059
H74 ? ? .0644(5) .44860(10) .0224(3) ? .050
H77 ? ? .2808(5) .53690(10) -.2197(3) ? .051
H80A ? ? .375(3) .4456(2) -.382(2) ? .077
H80B ? ? .441(2) .4860(9) -.2923(4) ? .077
H80C ? ? .2720(10) .4920(8) -.370(2) ? .077
H81A ? ? .2566(5) .61110(10) -.1207(3) ? .071
H81B ? ? .1855(5) .61070(10) -.0244(3) ? .071
H86 ? ? .2570(5) .66790(10) .5107(3) ? .048
H87 ? ? .017(4) .6990(10) .5630(10) ? .070
H88 ? ? .1854(5) .58210(10) .4818(3) ? .045
H89 ? ? -.029(2) .5628(5) .496(4) ? .062
H91 ? ? .2164(4) .645(2) .261(2) ? .076
