|rac-3,3-Bis(methoxycarbonyl)-18-oxo-5α-androst-6-en-11,17-dione|Drouin, Marc; Couturier, Michel; Deslongchamps, Pierre|Crystallographic Evidence of [1,5]Prototropic Shifts Occurring upon Transannular Diels‒Alder Reaction of a 14-Membered Macrocycle leading to a 5α-Steroid Skeleton|Acta Crystallographica Section C|1998 54(2) 256 261
C24 H30 O8
6.9986(4) 12.1754(6) 53.584(3) 90.00 90.00 90.00
P212121
C1 ? ? 1.6707(6) 1.0466(3) 1.06456(6) 1 .0570(9)
H1A ? ? 1.6080 1.1166 1.0617 1 .068
H1B ? ? 1.7895 1.0610 1.0733 1 .068
C2 ? ? 1.7162(6) .9943(4) 1.03936(6) 1 .0619(9)
H2A ? ? 1.7942 .9295 1.0421 1 .074
H2B ? ? 1.7905 1.0457 1.0295 1 .074
C3 ? ? 1.5379(6) .9615(3) 1.02464(6) 1 .0572(9)
C4 ? ? 1.4039(6) .8926(3) 1.04119(6) 1 .0596(9)
H4A ? ? 1.2853 .8791 1.0323 1 .071
H4B ? ? 1.4630 .8222 1.0447 1 .071
C5 ? ? 1.3611(5) .9510(3) 1.06568(6) 1 .0512(8)
H5 ? ? 1.3091 1.0230 1.0611 1 .061
C6 ? ? 1.2081(6) .8950(3) 1.08040(6) 1 .0566(9)
H6 ? ? 1.1179 .8532 1.0719 1 .068
C7 ? ? 1.1951(6) .9021(3) 1.10488(6) 1 .0562(9)
H7 ? ? 1.0926 .8680 1.1128 1 .067
C8 ? ? 1.3367(5) .9622(3) 1.12056(6) 1 .0478(7)
H8 ? ? 1.4171 .9079 1.1290 1 .057
C9 ? ? 1.4671(5) 1.0362(3) 1.10463(5) 1 .0457(7)
H9 ? ? 1.3834 1.0941 1.0981 1 .055
C10 ? ? 1.5416(5) .9747(3) 1.08131(6) 1 .0494(8)
C11 ? ? 1.6107(5) 1.0950(3) 1.12106(6) 1 .0519(8)
C12 ? ? 1.5280(6) 1.1586(3) 1.14278(6) 1 .0556(8)
H12A ? ? 1.4631 1.2234 1.1366 1 .067
H12B ? ? 1.6309 1.1826 1.1536 1 .067
C13 ? ? 1.3873(5) 1.0890(3) 1.15777(6) 1 .0487(8)
C14 ? ? 1.2409(5) 1.0329(3) 1.14031(5) 1 .0484(7)
H14 ? ? 1.1766 1.0924 1.1313 1 .058
C15 ? ? 1.0927(6) .9860(4) 1.15838(6) 1 .0607(9)
H15A ? ? .9742 .9687 1.1499 1 .073
H15B ? ? 1.1401 .9206 1.1666 1 .073
C16 ? ? 1.0658(6) 1.0801(4) 1.17683(7) 1 .0669(10)
H16A ? ? .9565 1.1246 1.1722 1 .080
H16B ? ? 1.0465 1.0520 1.1936 1 .080
C17 ? ? 1.2492(6) 1.1471(3) 1.17542(6) 1 .0600(9)
C18 ? ? 1.6469(6) .8699(3) 1.08896(7) 1 .0610(9)
H18A ? ? 1.7577 .8888 1.0986 1 .092
H18B ? ? 1.6855 .8305 1.0743 1 .092
H18C ? ? 1.5635 .8246 1.0988 1 .092
C19 ? ? 1.4328(7) 1.0602(3) 1.01431(7) 1 .0638(10)
C20 ? ? 1.4606(11) 1.2182(5) .98918(13) 1 .135(3)
H20A ? ? 1.5566 1.2606 .9808 1 .203
H20B ? ? 1.3962 1.2635 1.0012 1 .203
H20C ? ? 1.3698 1.1912 .9772 1 .203
C21 ? ? 1.5909(7) .8886(3) 1.00242(7) 1 .0631(10)
C22 ? ? 1.5003(9) .8317(4) .96203(7) 1 .094(2)
H22A ? ? 1.4073 .8494 .9495 1 .142
H22B ? ? 1.4849 .7565 .9670 1 .142
H22C ? ? 1.6263 .8422 .9554 1 .142
C23 ? ? 1.4991(5) 1.0031(3) 1.17223(6) 1 .0496(8)
C24 ? ? 1.5343(8) .9080(4) 1.20998(7) 1 .0820(14)
H24A ? ? 1.4838 .9076 1.2266 1 .123
H24B ? ? 1.6694 .9216 1.2106 1 .123
H24C ? ? 1.5112 .8381 1.2023 1 .123
O1 ? ? 1.7837(4) 1.0970(2) 1.11729(5) 1 .0662(7)
O2 ? ? 1.2784(5) 1.2350(2) 1.18541(5) 1 .0830(9)
O3 ? ? 1.2646(5) 1.0785(3) 1.01660(6) 1 .0825(9)
O4 ? ? 1.5497(5) 1.1264(3) 1.00181(6) 1 .0894(10)
O5 ? ? 1.7186(6) .8236(3) 1.00236(6) 1 .1027(12)
O6 ? ? 1.4735(5) .9026(2) .98341(5) 1 .0774(8)
O7 ? ? 1.6277(4) .9494(3) 1.16360(5) 1 .0705(7)
O8 ? ? 1.4421(4) .9934(2) 1.19565(4) 1 .0652(7)
C1' ? ? 1.4530(6) 1.4642(3) 1.14469(6) 1 .0614(9)
H1'1 ? ? 1.5638 1.4587 1.1555 1 .074
H1'2 ? ? 1.3823 1.3959 1.1460 1 .074
C2' ? ? 1.5203(7) 1.4788(3) 1.11774(7) 1 .0696(11)
H2'1 ? ? 1.5907 1.4138 1.1127 1 .084
H2'2 ? ? 1.6075 1.5407 1.1170 1 .084
C3' ? ? 1.3573(7) 1.4982(3) 1.09895(6) 1 .0677(11)
C4' ? ? 1.2278(7) 1.5904(3) 1.10855(6) 1 .0636(10)
H4'1 ? ? 1.2974 1.6592 1.1082 1 .076
H4'2 ? ? 1.1183 1.5975 1.0976 1 .076
C5' ? ? 1.1587(6) 1.5685(3) 1.13491(6) 1 .0527(8)
H5' ? ? 1.0975 1.4961 1.1345 1 .063
C6' ? ? 1.0085(5) 1.6473(3) 1.14384(6) 1 .0555(8)
H6' ? ? .9295 1.6801 1.1320 1 .067
C7' ? ? .9827(5) 1.6725(3) 1.16770(6) 1 .0560(8)
H7' ? ? .8848 1.7209 1.1718 1 .067
C8' ? ? 1.1027(5) 1.6273(3) 1.18835(6) 1 .0482(7)
H8' ? ? 1.1870 1.6861 1.1942 1 .058
C9' ? ? 1.2298(5) 1.5316(3) 1.17921(5) 1 .0487(7)
H9' ? ? 1.1405 1.4718 1.1755 1 .058
C10' ? ? 1.3261(5) 1.5587(3) 1.15379(6) 1 .0501(8)
C11' ? ? 1.3536(5) 1.4885(3) 1.20019(6) 1 .0522(8)
C12' ? ? 1.2444(5) 1.4515(3) 1.22307(6) 1 .0518(8)
H12C ? ? 1.3336 1.4321 1.2362 1 .062
H12D ? ? 1.1694 1.3869 1.2191 1 .062
C13' ? ? 1.1123(5) 1.5431(3) 1.23218(6) 1 .0467(7)
C14' ? ? .9862(5) 1.5866(3) 1.21067(5) 1 .0477(7)
H14' ? ? .9131 1.5233 1.2046 1 .057
C15' ? ? .8432(5) 1.6597(3) 1.22430(6) 1 .0556(8)
H15C ? ? .7314 1.6737 1.2141 1 .067
H15D ? ? .9006 1.7292 1.2290 1 .067
C16' ? ? .7920(5) 1.5917(3) 1.24723(7) 1 .0584(9)
H16C ? ? .7782 1.6384 1.2618 1 .070
H16D ? ? .6733 1.5522 1.2446 1 .070
C17' ? ? .9562(6) 1.5128(3) 1.25057(6) 1 .0544(8)
C18' ? ? 1.4407(6) 1.6650(3) 1.15576(7) 1 .0604(9)
H18D ? ? 1.3588 1.7231 1.1614 1 .091
H18E ? ? 1.4917 1.6836 1.1397 1 .091
H18F ? ? 1.5436 1.6552 1.1674 1 .091
C19' ? ? 1.4458(9) 1.5335(4) 1.07438(7) 1 .0851(15)
C20' ? ? 1.5106(11) 1.4962(7) 1.03265(8) 1 .137(3)
H20D ? ? 1.4837 1.4396 1.0207 1 .206
H20E ? ? 1.6464 1.5031 1.0347 1 .206
H20F ? ? 1.4590 1.5646 1.0269 1 .206
C21' ? ? 1.2462(10) 1.3913(3) 1.09500(7) 1 .0790(14)
C22' ? ? .9600(12) 1.3082(5) 1.08278(12) 1 .132(3)
H22D ? ? .8355 1.3280 1.0768 1 .198
H22E ? ? .9477 1.2690 1.0982 1 .198
H22F ? ? 1.0225 1.2623 1.0707 1 .198
C23' ? ? 1.2330(5) 1.6348(3) 1.24325(6) 1 .0492(8)
C24' ? ? 1.2863(7) 1.7482(4) 1.27846(8) 1 .0783(12)
H24D ? ? 1.2349 1.7605 1.2948 1 .117
H24E ? ? 1.2770 1.8145 1.2688 1 .117
H24F ? ? 1.4179 1.7268 1.2798 1 .117
O1' ? ? 1.5283(4) 1.4815(2) 1.19923(4) 1 .0632(7)
O2' ? ? .9595(4) 1.4329(2) 1.26435(5) 1 .0701(7)
O3' ? ? 1.5385(13) 1.6125(4) 1.07169(8) 1 .219(4)
O4' ? ? 1.4230(7) 1.4675(4) 1.05673(6) 1 .1157(14)
O5' ? ? 1.3119(9) 1.3028(3) 1.09881(8) 1 .150(2)
O6' ? ? 1.0711(6) 1.4058(3) 1.08671(6) 1 .0912(10)
O7' ? ? 1.1786(4) 1.6613(2) 1.26617(4) 1 .0648(7)
O8' ? ? 1.3670(4) 1.6769(2) 1.23289(5) 1 .0662(7)
