||García-Martínez, Emilia; Vázquez-López, Ezequiel M.; Tuck, Dennis G.|Hydrogen Bonding in the 1:1 Adduct of 1,10-Phenanthroline and 1,1'-Binaphthyl-2,2'-diol|Acta Crystallographica Section C|1998 54 840 842
C12 H8 N2, C20 H14 O2
10.8768(15) 11.238(2) 11.6786(8) 97.929(8) 110.895(7) 109.635(9)
P-1
N1 ? ? .4352(2) .65086(18) .53783(17) 1 .0615(5)
N2 ? ? .62702(18) .90958(16) .64234(15) 1 .0531(4)
C2 ? ? .3404(3) .5263(2) .4856(3) 1 .0757(7)
H2 ? ? .3161 .4789 .5394 1 .110(11)
C3 ? ? .2745(3) .4616(3) .3546(3) 1 .0802(8)
H3 ? ? .2081 .3736 .3226 1 .099(9)
C4 ? ? .3090(3) .5292(2) .2746(2) 1 .0708(7)
H4 ? ? .2654 .4879 .1868 1 .086(8)
C5 ? ? .4106(2) .6620(2) .32462(19) 1 .0551(5)
C6 ? ? .4704(2) .7181(2) .45810(18) 1 .0495(5)
C7 ? ? .4543(3) .7396(2) .2473(2) 1 .0662(6)
H7 ? ? .4140 .7020 .1591 1 .077(7)
C8 ? ? .5526(3) .8662(2) .3001(2) 1 .0634(6)
H8 ? ? .5810 .9141 .2482 1 .079(8)
C9 ? ? .6138(2) .9277(2) .43465(19) 1 .0505(5)
C10 ? ? .5739(2) .85480(19) .51415(18) 1 .0464(4)
C11 ? ? .7194(2) 1.0357(2) .6914(2) 1 .0608(6)
H11 ? ? .7559 1.0736 .7792 1 .067(7)
C12 ? ? .7651(2) 1.1149(2) .6206(2) 1 .0643(6)
H12 ? ? .8310 1.2028 .6600 1 .090(8)
C13 ? ? .7111(2) 1.0607(2) .4920(2) 1 .0615(6)
H13 ? ? .7389 1.1121 .4422 1 .077(7)
O1 ? ? .38076(18) .91075(16) 1.03452(13) 1 .0667(5)
H1A ? ? .426(3) .998(3) 1.093(3) 1 .115(10)
O2 ? ? .47763(16) .84426(14) .78448(13) 1 .0538(4)
H2A ? ? .524(3) .835(3) .732(3) 1 .114(10)
C14 ? ? .2747(2) .90142(19) .92226(17) 1 .0498(5)
C15 ? ? .2154(3) .9956(2) .9153(2) 1 .0641(6)
H15 ? ? .2491 1.0654 .9875 1 .070(7)
C16 ? ? .1090(2) .9842(2) .8032(2) 1 .0639(6)
H16 ? ? .0706 1.0468 .7997 1 .079(7)
C17 ? ? .0557(2) .87979(18) .69217(18) 1 .0487(5)
C18 ? ? .1155(2) .78497(17) .69912(17) 1 .0421(4)
C19 ? ? .22695(19) .79727(17) .81734(16) 1 .0416(4)
C20 ? ? .0651(2) .68371(18) .58525(17) 1 .0469(5)
H20 ? ? .1029 .6206 .5873 1 .052(6)
C21 ? ? -.0379(2) .6774(2) .47269(19) 1 .0563(5)
H21 ? ? -.0688 .6107 .3988 1 .055(6)
C22 ? ? -.0978(2) .7698(2) .4668(2) 1 .0624(6)
H22 ? ? -.1689 .7637 .3897 1 .084(8)
C23 ? ? -.0523(2) .8687(2) .5739(2) 1 .0608(6)
H23 ? ? -.0927 .9298 .5694 1 .070(7)
C24 ? ? .4179(2) .72768(18) .80879(16) 1 .0451(4)
C25 ? ? .2943(2) .70099(17) .82697(15) 1 .0411(4)
C26 ? ? .2324(2) .58045(17) .85336(15) 1 .0433(4)
C27 ? ? .3004(2) .49180(18) .86214(16) 1 .0480(5)
C28 ? ? .4274(2) .5251(2) .84359(19) 1 .0572(5)
H28 ? ? .4726 .4677 .8494 1 .069(7)
C29 ? ? .4849(2) .6396(2) .81734(19) 1 .0552(5)
H29 ? ? .5686 .6598 .8050 1 .072(7)
C30 ? ? .2372(3) .3718(2) .88762(19) 1 .0605(6)
H30 ? ? .2822 .3142 .8952 1 .066(7)
C31 ? ? .1124(3) .3396(2) .9012(2) 1 .0663(6)
H31 ? ? .0724 .2606 .9179 1 .073(7)
C32 ? ? .0440(3) .4258(2) .8899(2) 1 .0632(6)
H32 ? ? -.0426 .4026 .8975 1 .080(8)
C33 ? ? .1027(2) .54322(19) .86791(19) 1 .0534(5)
H33 ? ? .0564 .5998 .8624 1 .057(6)
