||Mernari, B.; El Azhar, M.; El Attari, H.; Lagrenée, M.; Pierrot, M.|Complexe de Tétracyanoquinodiméthane et 4-Amino-3,5-bis- (2-pyridyle)-1,2,4-triazole (TCNQ:abpt)|Acta Crystallographica Section C|1998 54 1983 1986
C24 H14 N10
9.4440(10) 10.6760(10) 11.4080(10) 82.4400(10) 85.4100(10) 67.9500(10)
P-1
N6 ? ? 0.30470(10) 0.54670(10) 0.63865(9) 1.00 0.0571(5)
N1 ? ? 0.37060(10) 0.44909(8) 0.73579(7) 1.00 0.0478(5)
N8 ? ? 0.13990(10) 0.36862(9) 0.64638(9) 1.00 0.0632(6)
N3 ? ? 0.39420(10) 0.29614(9) 0.88828(8) 1.00 0.0596(6)
N4 ? ? 0.50670(10) 0.34670(9) 0.89137(8) 1.00 0.0592(6)
C2 ? ? 0.31210(10) 0.35820(10) 0.79437(9) 1.00 0.0492(6)
C5 ? ? 0.49020(10) 0.43990(10) 0.79940(9) 1.00 0.0477(6)
C25 ? ? 0.60410(10) 0.04510(10) 0.74530(10) 1.00 0.0523(6)
C22 ? ? 0.26390(10) -0.12090(10) 0.75162(9) 1.00 0.0460(6)
N14 ? ? 0.58570(10) 0.58205(9) 0.66230(8) 1.00 0.0619(6)
C30 ? ? 0.15210(10) -0.17320(10) 0.75145(9) 1.00 0.0506(6)
C13 ? ? 0.59070(10) 0.51690(10) 0.77210(10) 1.00 0.0500(6)
C33 ? ? 0.0446(2) -0.13580(10) 0.66010(10) 1.00 0.0559(7)
C19 ? ? 0.49330(10) -0.00990(10) 0.74789(9) 1.00 0.0488(6)
C26 ? ? 0.61570(10) 0.14400(10) 0.65150(10) 1.00 0.0574(7)
N27 ? ? 0.62580(10) 0.22380(10) 0.57680(10) 1.00 0.0776(7)
N34 ? ? -0.04740(10) -0.10660(10) 0.59100(10) 1.00 0.0766(7)
N32 ? ? 0.11400(10) -0.35220(10) 0.91266(9) 1.00 0.0733(7)
C20 ? ? 0.47640(10) -0.10470(10) 0.84560(9) 1.00 0.0535(6)
C28 ? ? 0.7122(2) 0.01000(10) 0.83590(10) 1.00 0.0607(7)
N29 ? ? 0.80320(10) -0.01780(10) 0.90540(10) 1.00 0.0823(8)
C31 ? ? 0.13250(10) -0.27220(10) 0.84320(10) 1.00 0.0552(6)
C24 ? ? 0.39000(10) 0.02530(10) 0.65242(9) 1.00 0.0507(6)
C7 ? ? 0.18420(10) 0.32860(10) 0.75880(10) 1.00 0.0525(6)
C23 ? ? 0.28110(10) -0.02640(10) 0.65365(9) 1.00 0.0512(6)
C9 ? ? 0.0264(2) 0.33700(10) 0.61360(10) 1.00 0.0745(8)
C17 ? ? 0.7852(2) 0.58510(10) 0.82970(10) 1.00 0.0710(8)
C21 ? ? 0.36710(10) -0.15640(10) 0.84681(9) 1.00 0.0519(6)
C12 ? ? 0.1167(2) 0.25580(10) 0.83980(10) 1.00 0.0683(8)
C16 ? ? 0.7824(2) 0.65230(10) 0.71630(10) 1.00 0.0757(8)
C15 ? ? 0.6826(2) 0.64840(10) 0.63780(10) 1.00 0.0727(8)
C11 ? ? 0.0011(2) 0.22420(10) 0.80240(10) 1.00 0.0833(9)
C18 ? ? 0.68650(10) 0.51770(10) 0.85700(10) 1.00 0.0602(7)
C10 ? ? -0.0443(2) 0.26430(10) 0.6873(2) 1.00 0.0829(9)
H6A ? ? 0.259(2) 0.5060(10) 0.5940(10) 1.00 0.05000
H6B ? ? 0.392(2) 0.5690(10) 0.6050(10) 1.00 0.05000
H20 ? ? 0.54398 -0.13059 0.91020 1.00 0.05000
H24 ? ? 0.40535 0.08767 0.58662 1.00 0.05000
H23 ? ? 0.21526 -0.00086 0.58895 1.00 0.05000
H9 ? ? 0.00681 0.36817 0.53376 1.00 0.05000
H17 ? ? 0.87420 0.58483 0.88786 1.00 0.05000
H21 ? ? 0.35326 -0.21887 0.91241 1.00 0.05000
H12 ? ? 0.15887 0.22839 0.92011 1.00 0.05000
H16 ? ? 0.87279 0.70081 0.69311 1.00 0.05000
H15 ? ? 0.70158 0.69522 0.55948 1.00 0.05000
H11 ? ? -0.03934 0.17423 0.85569 1.00 0.05000
H18 ? ? 0.70179 0.47176 0.93503 1.00 0.05000
H10 ? ? -0.11444 0.24111 0.66003 1.00 0.05000
