||Lucjan B. Jerzykiewicz; Tadeusz Lis; Janusz Baran; Danuta Dziewońska-Baran|Racemic 3-Methyl-r-2,c-3,c-5-triphenylpyrrolidine and 3-Methyl-r-2,t-3,c-5-triphenylpyrrolidine|Acta Crystallographica Section C|1998 54 867 870
C23 H23 N
24.52(2) 6.369(6) 22.40(2) 90 90 90
Pca21
NA ? ? .42631(14) .0611(6) .75 1 .0204(7)
C2A ? ? .4582(2) .0448(6) .6938(3) 1 .0168(8)
C3A ? ? .5179(2) .0417(6) .7180(3) 1 .0178(8)
C4A ? ? .5137(2) .1961(7) .7719(3) 1 .0205(8)
C5A ? ? .4523(2) .2380(7) .7818(3) 1 .0208(8)
C6A ? ? .5316(2) -.1775(7) .7424(3) 1 .0238(9)
C11A ? ? .4352(2) .2503(8) .8461(3) 1 .0215(9)
C12A ? ? .4091(2) .4275(7) .8679(3) 1 .0273(10)
C13A ? ? .3928(3) .4387(9) .9277(3) 1 .0370(13)
C14A ? ? .4021(2) .2751(9) .9651(3) 1 .0349(12)
C15A ? ? .4284(2) .0933(9) .9447(3) 1 .0309(11)
C16A ? ? .4447(2) .0835(8) .8848(3) 1 .0257(9)
C21A ? ? .4419(2) -.1424(7) .6556(3) 1 .0200(8)
C22A ? ? .4602(2) -.1462(8) .5964(3) 1 .0247(9)
C23A ? ? .4463(3) -.3118(8) .5593(3) 1 .0319(11)
C24A ? ? .4132(2) -.4721(7) .5801(3) 1 .0290(10)
C25A ? ? .3946(2) -.4679(7) .6388(3) 1 .0255(9)
C26A ? ? .4094(2) -.3029(7) .6758(3) 1 .0215(9)
C31A ? ? .5574(2) .1194(7) .6704(3) 1 .0201(8)
C32A ? ? .6017(2) -.0008(8) .6505(2) 1 .0261(9)
C33A ? ? .6380(2) .0784(9) .6077(3) 1 .0357(12)
C34A ? ? .6305(3) .2774(10) .5840(3) 1 .0380(13)
C35A ? ? .5867(3) .3958(8) .6033(3) 1 .0394(13)
C36A ? ? .5510(2) .3164(7) .6455(3) 1 .0270(10)
NB ? ? .22771(14) .3962(6) .2832(2) 1 .0195(7)
C2B ? ? .2598(2) .4183(6) .3377(3) 1 .0162(7)
C3B ? ? .3192(2) .4175(7) .3128(3) 1 .0183(8)
C4B ? ? .3147(2) .2588(7) .2609(3) 1 .0194(8)
C5B ? ? .2532(2) .2179(6) .2502(3) 1 .0193(8)
C6B ? ? .3331(2) .6343(7) .2881(3) 1 .0236(9)
C11B ? ? .2358(2) .2084(7) .1861(3) 1 .0193(8)
C12B ? ? .2072(2) .0382(7) .1646(3) 1 .0223(9)
C13B ? ? .1908(2) .0259(8) .1053(3) 1 .0262(10)
C14B ? ? .2043(2) .1870(8) .0664(3) 1 .0283(10)
C15B ? ? .2337(2) .3594(8) .0872(3) 1 .0265(10)
C16B ? ? .2485(2) .3705(7) .1467(3) 1 .0234(9)
C21B ? ? .2437(2) .6072(6) .3744(3) 1 .0175(8)
C22B ? ? .2628(2) .6235(7) .4328(3) 1 .0212(9)
C23B ? ? .2496(2) .7942(6) .4680(3) 1 .0224(9)
C24B ? ? .2160(2) .9505(7) .4458(3) 1 .0236(9)
C25B ? ? .1956(2) .9337(7) .3886(3) 1 .0219(9)
C26B ? ? .2099(2) .7651(6) .3525(3) 1 .0199(8)
C31B ? ? .3599(2) .3422(7) .3602(3) 1 .0190(8)
C32B ? ? .4054(2) .4599(8) .3763(3) 1 .0291(10)
C33B ? ? .4435(2) .3789(9) .4174(3) 1 .0330(11)
C34B ? ? .4357(3) .1881(10) .4434(3) 1 .0388(13)
C35B ? ? .3899(3) .0708(8) .4284(3) 1 .0332(12)
C36B ? ? .3532(2) .1479(8) .3869(3) 1 .0275(10)
H1A ? ? .392(3) .096(8) .738(3) 1 .024
H2A ? ? .4527 .1761 .6700 1 .020
H4A ? ? .5302 .1327 .8081 1 .025
H40A ? ? .5331 .3288 .7630 1 .025
H5A ? ? .4421 .3721 .7614 1 .025
H61A ? ? .5046 -.2174 .7726 1 .029
H62A ? ? .5680 -.1753 .7604 1 .029
H63A ? ? .5309 -.2797 .7097 1 .029
H12A ? ? .4022 .5425 .8420 1 .033
H13A ? ? .3750 .5613 .9421 1 .044
H14A ? ? .3908 .2838 1.0056 1 .042
H15A ? ? .4351 -.0211 .9709 1 .037
H16A ? ? .4624 -.0390 .8703 1 .031
H22A ? ? .4822 -.0350 .5816 1 .030
H23A ? ? .4595 -.3155 .5195 1 .038
H24A ? ? .4032 -.5844 .5544 1 .035
H25A ? ? .3719 -.5774 .6534 1 .031
H26A ? ? .3967 -.3008 .7159 1 .026
H32A ? ? .6071 -.1378 .6662 1 .031
H33A ? ? .6680 -.0047 .5949 1 .043
H34A ? ? .6550 .3314 .5550 1 .046
H35A ? ? .5810 .5325 .5875 1 .047
H36A ? ? .5210 .4004 .6579 1 .032
H1B ? ? .194(3) .370(8) .288(3) 1 .023
H2B ? ? .2545 .2894 .3626 1 .019
H4B ? ? .3335 .1262 .2714 1 .023
H40B ? ? .3317 .3169 .2244 1 .023
H5B ? ? .2428 .0834 .2702 1 .023
H61B ? ? .3060 .6747 .2581 1 .028
H62B ? ? .3694 .6306 .2697 1 .028
H63B ? ? .3330 .7370 .3207 1 .028
H12B ? ? .1984 -.0737 .1910 1 .027
H13B ? ? .1705 -.0917 .0915 1 .031
H14B ? ? .1936 .1799 .0257 1 .034
H15B ? ? .2436 .4691 .0606 1 .032
H16B ? ? .2676 .4904 .1609 1 .028
H22B ? ? .2854 .5157 .4487 1 .025
H23B ? ? .2635 .8043 .5074 1 .027
H24B ? ? .2071 1.0685 .4698 1 .028
H25B ? ? .1715 1.0383 .3737 1 .026
H26B ? ? .1967 .7574 .3127 1 .024
H32B ? ? .4108 .5953 .3595 1 .035
H33B ? ? .4751 .4585 .4270 1 .040
H34B ? ? .4613 .1356 .4715 1 .047
H35B ? ? .3838 -.0618 .4467 1 .040
H36B ? ? .3225 .0648 .3763 1 .033
