3-acetamido-2-nitrobenzyl acetate|'3-acetamido-2-nitrobenzyl acetate'|Mazurek, Jarosław ; Lis, Tadeusz ; Rusek, Grzegorz ; Krajewski, Krzysztof|Nitro Derivatives of 3-Acetamidobenzyl Acetate|Acta Crystallographica Section C|1998 54(6) 863 867
C11 H12 N2 O5
4.851(4) 6.288(5) 9.781(8) 99.96(7) 101.26(7) 91.04(7)
P1
O1 ? ? .1643(3) .2000(3) .4239(2) 1 .0279(4)
O2 ? ? .6000(3) .1600(3) .5162(2) 1 .0262(4)
O3 ? ? .1074(3) .2308(3) .0000(2) 1 .0245(3)
O4 ? ? .4794(4) .0262(4) -.0035(2) 1 .0345(4)
O5 ? ? .4286(3) .5927(3) .6673(2) 1 .0246(3)
N1 ? ? .8385(3) .5870(3) .5893(2) 1 .0188(3)
N2 ? ? .4167(4) .2472(3) .4435(2) 1 .0188(3)
C1 ? ? .3774(4) .4088(3) .2295(2) 1 .0187(4)
C2 ? ? .5043(4) .4149(3) .3713(2) 1 .0171(4)
C3 ? ? .7154(4) .5709(3) .4447(2) 1 .0181(4)
C4 ? ? .8083(4) .7214(4) .3721(3) 1 .0232(4)
C5 ? ? .6862(5) .7167(4) .2311(3) 1 .0266(4)
C6 ? ? .4729(5) .5638(4) .1612(3) 1 .0245(4)
C7 ? ? .1491(4) .2397(4) .1507(2) 1 .0225(4)
C8 ? ? .2902(4) .1157(3) -.0660(2) 1 .0225(4)
C9 ? ? .2290(6) .1198(4) -.2213(3) 1 .0327(5)
C10 ? ? .6875(4) .6043(3) .6928(2) 1 .0179(4)
C11 ? ? .8560(4) .6381(4) .8417(3) 1 .0244(4)
H1 ? ? 1.023(7) .607(5) .611(4) 1 .019(7)
H4 ? ? .939(8) .818(6) .419(4) 1 .024(7)
H5 ? ? .747(8) .831(7) .186(4) 1 .033(8)
H6 ? ? .391(7) .546(6) .064(4) 1 .029(8)
H71 ? ? .193(6) .105(5) .169(3) 1 .010(6)
H72 ? ? -.036(6) .268(5) .175(4) 1 .018(6)
H91 ? ? .032(14) .103(12) -.253(7) 1 .087(18)
H92 ? ? .263(8) .240(7) -.236(4) 1 .033(9)
H93 ? ? .308(11) -.010(9) -.286(6) 1 .057(12)
H11 ? ? .815(9) .527(7) .890(5) 1 .039(9)
H12 ? ? .799(7) .761(6) .888(4) 1 .028(8)
H13 ? ? 1.064(7) .645(6) .848(4) 1 .022(7)
