([9]aneS3)(5-NO2-phen)Pd](PF6)2.MeNO2||Blake, Alexander J.; Champness, Neil R.; Li, Wan-Sheung; Schröder, Martin|[(5-Nitro-1,10-phenanthroline-N,N')(1,4,7-trithiacyclononane-S,S',S")- palladium(II)] Bis(hexafluorophosphate) Nitromethane Solvate|Acta Crystallographica Section C|1998 54
C19 H22 F12 N4 O4 P2 Pd S3
13.541(4) 13.177(4) 17.060(4) 90.00 98.49(2) 90.00
P121/c1
Pd ? ? 0.73881(7) 0.97993(7) 0.55273(6) 1 0.0253(3)
S1 ? ? 0.5667(2) 1.1098(2) 0.50975(19) 1 0.0313(8)
C2 ? ? 0.6372(10) 1.2254(9) 0.5018(9) 1 0.040(3)
H2a ? ? 0.5981 1.2705 0.4635 1 0.048
H2b ? ? 0.6464 1.2598 0.5533 1 0.048
C3 ? ? 0.7393(9) 1.2088(10) 0.4764(7) 1 0.035(3)
H3a ? ? 0.7714 1.2752 0.4740 1 0.042
H3b ? ? 0.7291 1.1809 0.4226 1 0.042
S4 ? ? 0.8252(2) 1.1261(3) 0.5385(2) 1 0.0354(8)
C5 ? ? 0.8422(11) 1.1868(10) 0.6343(8) 1 0.044(4)
H5a ? ? 0.9076 1.2201 0.6433 1 0.053
H5b ? ? 0.7909 1.2390 0.6354 1 0.053
C6 ? ? 0.8355(10) 1.1099(10) 0.7001(8) 1 0.042(4)
H6a ? ? 0.8333 1.1460 0.7501 1 0.051
H6b ? ? 0.8954 1.0671 0.7069 1 0.051
S7 ? ? 0.7255(2) 1.0302(2) 0.67828(17) 1 0.0292(7)
C8 ? ? 0.6271(10) 1.1211(9) 0.6773(8) 1 0.036(3)
H8a ? ? 0.6014 1.1167 0.7280 1 0.043
H8b ? ? 0.6557 1.1890 0.6741 1 0.043
C9 ? ? 0.5404(10) 1.1107(10) 0.6115(8) 1 0.038(3)
H9a ? ? 0.4940 1.1666 0.6165 1 0.046
H9b ? ? 0.5054 1.0475 0.6202 1 0.046
N11 ? ? 0.7698(8) 0.9171(8) 0.4494(7) 1 0.037(3)
C12 ? ? 0.8160(11) 0.9605(12) 0.3925(9) 1 0.053(4)
H12a ? ? 0.8358 1.0288 0.3980 1 0.063
C13 ? ? 0.8349(14) 0.9065(13) 0.3262(11) 1 0.069(5)
H13a ? ? 0.8664 0.9385 0.2873 1 0.083
C14 ? ? 0.8082(11) 0.8095(12) 0.3180(10) 1 0.054(4)
H14a ? ? 0.8216 0.7732 0.2733 1 0.065
C15 ? ? 0.7613(10) 0.7611(11) 0.3740(8) 1 0.040(3)
C16 ? ? 0.7323(10) 0.6577(11) 0.3722(9) 1 0.047(4)
H16a ? ? 0.7431 0.6179 0.3285 1 0.056
C17 ? ? 0.6906(10) 0.6145(10) 0.4297(9) 1 0.042(4)
C18 ? ? 0.6681(9) 0.6712(9) 0.4989(9) 1 0.037(3)
C19 ? ? 0.6266(10) 0.6345(10) 0.5624(9) 1 0.044(4)
H19a ? ? 0.6084 0.5658 0.5639 1 0.052
C20 ? ? 0.6117(10) 0.6986(10) 0.6240(10) 1 0.047(4)
H20a ? ? 0.5822 0.6734 0.6666 1 0.056
C21 ? ? 0.6407(9) 0.8014(9) 0.6232(9) 1 0.039(3)
H21a ? ? 0.6287 0.8449 0.6644 1 0.047
N22 ? ? 0.6847(7) 0.8367(7) 0.5646(6) 1 0.029(2)
C23 ? ? 0.6973(9) 0.7750(9) 0.5004(8) 1 0.033(3)
C24 ? ? 0.7438(9) 0.8187(10) 0.4411(8) 1 0.034(3)
N1 ? ? 0.6645(11) 0.5077(9) 0.4174(8) 1 0.061(4)
O1 ? ? 0.7091(9) 0.4568(8) 0.3746(6) 1 0.063(3)
O2 ? ? 0.5954(10) 0.4749(9) 0.4513(8) 1 0.075(3)
P1 ? ? 0.5769(3) 1.1018(3) 0.2424(2) 1 0.0442(9)
F1 ? ? 0.5948(10) 1.0816(10) 0.3348(6) 1 0.115(5)
F2 ? ? 0.6835(7) 1.1520(8) 0.2469(7) 1 0.085(3)
F3 ? ? 0.5320(10) 1.2076(8) 0.2558(10) 1 0.138(6)
F4 ? ? 0.6196(11) 0.9967(8) 0.2301(10) 1 0.138(6)
F5 ? ? 0.4686(7) 1.0542(8) 0.2395(7) 1 0.092(4)
F6 ? ? 0.5595(11) 1.1253(11) 0.1515(7) 1 0.127(5)
P2 ? ? 0.9846(3) 0.8232(4) 0.6629(3) 1 0.0586(13)
F11 ? ? 0.8914(7) 0.8643(8) 0.7015(7) 1 0.088(4)
F12 ? ? 1.0587(9) 0.8729(10) 0.7343(8) 1 0.110(4)
F13 ? ? 0.9867(8) 0.9291(9) 0.6187(8) 1 0.114(5)
F14 ? ? 0.9855(6) 0.7252(7) 0.7152(6) 1 0.071(3)
F15 ? ? 0.9080(8) 0.7767(10) 0.5962(8) 1 0.111(4)
F16 ? ? 1.0760(7) 0.7831(11) 0.6266(7) 1 0.105(4)
N1S ? ? 1.0808(14) 0.9439(15) 0.9250(10) 1 0.121(7)
C1S ? ? 1.066(3) 1.039(2) 0.880(2) 0.60 0.143(18)
O1S ? ? 1.007(2) 0.889(2) 0.926(2) 0.60 0.178(15)
O2S ? ? 1.1654(15) 0.9257(18) 0.9595(14) 0.60 0.096(7)
C1S' ? ? 0.978(2) 0.980(4) 0.891(3) 0.40 0.091(15)
O1S' ? ? 1.086(5) 0.883(4) 0.979(2) 0.40 0.23(3)
O2S' ? ? 1.149(3) 0.981(4) 0.893(3) 0.40 0.21(3)
