|dl-3-[[2,5-dihydro-3-methyl-2-oxo-5-furanyl]oxo]methylene-3,3a,6,6a- tetrahydro-2H-cyclopenta[b]furan-2-one|Rugutt, Joseph K.; Fronczek, Frank R.; Yarabe, Houphouet H.; Shamsi, Shahab A.; Henry III, Charles W.; Billiot, Eugene J.; Warner, Isiah M.|A racemic strigol analogue at 100K|Acta Crystallographica Section C|1999 55(5) 759 761
C13 H12 O5
12.748(2) 6.110(3) 14.870(6) 90 99.51(2) 90
P121/c1
O1' ? ? .28836(9) .2313(2) .58542(6) ? .0205(4)
O1 ? ? .04768(8) .80760(10) .27999(6) ? .0184(4)
O2 ? ? .00781(9) .7617(2) .41920(7) ? .0246(5)
O2' ? ? .44990(10) .2242(2) .67236(7) ? .0282(5)
O3 ? ? .21272(8) .20430(10) .43265(6) ? .0175(4)
C2 ? ? .05640(10) .7004(2) .36037(8) ? .0167(6)
C2' ? ? .38490(10) .1359(2) .61719(9) ? .0195(6)
C3a ? ? .18080(10) .5296(2) .27638(8) ? .0144(5)
C3 ? ? .13090(10) .5170(2) .36064(8) ? .0146(5)
C3' ? ? .38880(10) -.0797(2) .57093(8) ? .0173(5)
C4' ? ? .30010(10) -.1013(2) .51260(9) ? .0188(6)
C4 ? ? .28920(10) .6350(2) .29010(9) ? .0188(6)
C5' ? ? .22920(10) .0923(2) .51735(8) ? .0171(6)
C5 ? ? .29010(10) .8216(2) .24324(9) ? .0213(6)
C6a ? ? .10990(10) .7017(2) .21802(8) ? .0150(5)
C6 ? ? .18470(10) .8713(2) .18713(9) ? .0191(6)
C6' ? ? .48310(10) -.2255(2) .59350(10) ? .0249(6)
C7 ? ? .14380(10) .3759(2) .42989(8) ? .0155(5)
H3a ? ? .1780(10) .394(3) .2470(10) ? .027(5)
H4 ? ? .3470(10) .569(3) .3260(10) ? .020(4)
H4' ? ? .2750(10) -.214(3) .4670(10) ? .032(5)
H5' ? ? .1590(10) .061(3) .5350(10) ? .018(4)
H5 ? ? .355(2) .908(3) .2450(10) ? .030(5)
H6a ? ? .0600(10) .648(2) .1670(10) ? .011(4)
H7 ? ? .1030(10) .388(3) .4790(10) ? .021(4)
H61 ? ? .1620(10) 1.021(3) .2000(10) ? .030(5)
H61' ? ? .498(2) -.270(3) .6580(10) ? .034(5)
H62 ? ? .185(2) .854(3) .1210(10) ? .035(5)
H62' ? ? .472(2) -.349(4) .559(2) ? .066(7)
H63' ? ? .550(2) -.145(4) .5880(10) ? .047(6)
