||Leigh, D. A.; Moody, A. E.; Pritchard, R. G.|2,7-Dimethyl-3,5-octadiyne-2,7-diol Dichloromethane Solvate: a Clathrate Comprising Hydrogen-Bonded Supramolecular Tunnels Containing Dichloromethane Guest Molecules|Acta Crystallographica|1994 C50 129 131
C10 H14 Cl1 O2
22.426(5) 22.426(5) 6.395(4) 90 90 120
R3
O1 ? ? 1.0130(5) 0.7134(5) 1.3216 ? 0.0688
O2 ? ? 0.7192(4) 0.6949(4) 0.5920(10) ? 0.0551
C1 ? ? 1.0889(6) 0.8229(6) 1.175(2) ? 0.0755
C2 ? ? 1.0201(6) 0.7786(7) 1.278(2) ? 0.0552
C3 ? ? 0.9643(6) 0.7692(6) 1.138(2) ? 0.0581
C4 ? ? 0.9204(7) 0.7626(7) 1.024(2) ? 0.0615
C5 ? ? 0.8677(6) 0.7580(6) 0.889(2) ? 0.0571
C6 ? ? 0.8253(7) 0.7573(6) 0.777(2) ? 0.0534
C7 ? ? 0.7753(6) 0.7618(6) 0.641(2) ? 0.0515
C8 ? ? 0.8091(7) 0.7947(8) 0.436(2) ? 0.0891
C9 ? ? 1.0154(7) 0.8081(7) 1.484(3) ? 0.0837
C10 ? ? 0.7482(7) 0.8026(7) 0.753(3) ? 0.0899
H1 ? ? 1.004(7) 0.693(7) 1.22(2) ? 0.0811
H1A ? ? 1.1244 0.8262 1.2645 ? 0.0904
H1B ? ? 1.0903 0.8029 1.0462 ? 0.0904
H1C ? ? 1.0954 0.8676 1.1520 ? 0.0904
H2 ? ? 0.705(7) 0.676(6) 0.68(2) ? 0.0684
H8A ? ? 0.8257 0.7677 0.3709 ? 0.1080
H8B ? ? 0.7765 0.7972 0.3480 ? 0.1080
H8C ? ? 0.8465 0.8397 0.4616 ? 0.1080
H9A ? ? 1.0504 0.8113 1.5753 ? 0.1002
H9B ? ? 1.0215 0.8527 1.4626 ? 0.1002
H9C ? ? 0.9716 0.7791 1.5451 ? 0.1002
H10A ? ? 0.7852 0.8475 0.7837 ? 0.1088
H10B ? ? 0.7154 0.8060 0.6676 ? 0.1088
H10C ? ? 0.7268 0.7800 0.8805 ? 0.1088
Cl11 ? ? 1.0 1.0 0.673(8) ? 0.17(2)
Cl12 ? ? 0.9180(10) 0.936(2) 1.042(8) ? 0.17(2)
C11 ? ? 1.0 1.0 0.950(8) ? 0.17(2)
