|Hexakis(difluorphenylphosphan)wolfram(0) hydrat|Crump, W.; Kruck, Th.; Siegers, B.; Tebbe, K.-F.|Hexakis(difluorphenylphosphan)wolfram(0) hydrat, W(PF~2~Ph)~6~.H~2~O|Acta Crystallographica Section C|1994 50(7) 1074 1076
C36 H32 F12 O P6 W
13.258(3) 13.258(3) 14.680(7) 90.00(3) 90.00(3) 120.00(2)
P-31c
W ? ? .333333 .6666667 .25 1.000 .0348(4)
P ? ? .1796(2) .5201(2) .1620(2) 1.000 .0435(13)
F1 ? ? .0752(5) .5413(5) .1390(4) 1.000 .058(3)
F2 ? ? .1019(5) .3984(5) .2119(4) 1.000 .061(2)
C1 ? ? .1917(9) .4674(9) .0518(8) 1.000 .049(5)
C2 ? ? .2235(10) .3809(10) .0495(8) 1.000 .062(6)
C3 ? ? .2331(10) .3392(11) -.0378(9) 1.000 .076(7)
C4 ? ? .2100(12) .3808(14) -.1187(9) 1.000 .087(9)
C5 ? ? .1795(12) .4658(13) -.1107(9) 1.000 .081(8)
C6 ? ? .1687(11) .5095(10) -.0267(7) 1.000 .060(6)
O1 ? ? .053(2) -.053(2) .250 0.333 .138(17)
H2 ? ? .2400(10) .3473(10) .1114(8) 1.000 .096(18)
H3 ? ? .2588(10) .2739(11) -.0420(9) 1.000 .096(18)
H4 ? ? .2159(12) .3476(14) -.1844(9) 1.000 .096(18)
H5 ? ? .1632(12) .5002(13) -.1721(9) 1.000 .096(18)
H6 ? ? .1429(11) .5748(10) -.0235(7) 1.000 .096(18)
