||Kido, M.; Kondo, K.; Yamashita, H.; Ogawa, H.|Structure of OPC-21268|Acta Crystallographica Section C|1994 50 302 304
C26 H31 N3 O4
16.768(6) 8.958(3) 17.243(4) 90. 113.50(2) 90.
P121/c1
O(1) ? ? .9113(2) .3714(3) .5217(2) ? ?
O(2) ? ? .6714(2) -.1466(3) .37760(10) ? ?
O(3) ? ? .49790(10) .2508(3) .05490(10) ? ?
O(4) ? ? .2134(2) .4542(4) -.2187(2) ? ?
N(1) ? ? .8656(2) .3699(4) .6291(2) ? ?
N(2) ? ? .6915(2) .0702(3) .4488(2) ? ?
N(3) ? ? .2941(2) .2717(4) -.2398(2) ? ?
C(2) ? ? .9159(2) .4253(5) .5889(3) ? ?
C(3) ? ? .9727(3) .5552(5) .6302(3) ? ?
C(4) ? ? .9300(3) .6570(5) .6721(3) ? ?
C(5) ? ? .9246(3) .6141(6) .8168(3) ? ?
C(6) ? ? .9093(3) .5227(7) .8731(3) ? ?
C(7) ? ? .8798(3) .3815(6) .8505(3) ? ?
C(8) ? ? .8637(2) .3288(5) .7697(2) ? ?
C(9) ? ? .9103(2) .5664(5) .7355(3) ? ?
C(10) ? ? .8793(2) .4219(4) .7126(2) ? ?
C(11) ? ? .7962(2) .2592(4) .5868(2) ? ?
C(12) ? ? .8295(3) .1087(5) .5718(3) ? ?
C(13) ? ? .7538(3) .0031(5) .5276(2) ? ?
C(15) ? ? .6565(2) .2132(5) .4615(2) ? ?
C(16) ? ? .7291(3) .3238(5) .5044(2) ? ?
C(17) ? ? .6588(2) -.0105(5) .3777(2) ? ?
C(19) ? ? .6105(2) .0682(4) .2959(2) ? ?
C(20) ? ? .5327(3) .0117(5) .2384(2) ? ?
C(21) ? ? .4918(3) .0713(5) .1580(2) ? ?
C(22) ? ? .5304(2) .1876(4) .1334(2) ? ?
C(23) ? ? .6078(2) .2469(5) .1901(2) ? ?
C(24) ? ? .6466(2) .1878(5) .2710(2) ? ?
C(26) ? ? .4199(3) .1894(5) -.0074(2) ? ?
C(27) ? ? .4007(3) .2643(5) -.0910(2) ? ?
C(28) ? ? .3176(3) .2033(5) -.1574(2) ? ?
C(30) ? ? .2406(3) .3879(5) -.2656(2) ? ?
C(31) ? ? .2141(5) .4317(8) -.3560(3) ? ?
H(11) ? ? .760(2) .353(4) .463(2) ? ?
H(3) ? ? .506(2) -.091(4) .251(2) ? ?
H(9) ? ? .863(2) .128(4) .534(2) ? ?
H(19) ? ? .452(2) .244(4) -.108(2) ? ?
H(10) ? ? .867(2) .061(4) .626(2) ? ?
H(22) ? ? .424(2) .076(4) -.011(2) ? ?
H(6) ? ? .610(2) .251(4) .395(2) ? ?
H(12) ? ? .703(2) .419(4) .518(2) ? ?
H(14) ? ? .723(2) -.023(4) .572(2) ? ?
H(24) ? ? .266(2) .227(4) -.136(2) ? ?
H(4) ? ? .433(2) .028(4) .119(2) ? ?
H(15) ? ? .968(3) .745(5) .703(2) ? ?
H(21) ? ? .364(2) .201(4) .014(2) ? ?
H(23) ? ? .322(2) .088(4) -.164(2) ? ?
H(5) ? ? .709(2) .238(4) .316(2) ? ?
H(20) ? ? .399(2) .376(4) -.085(2) ? ?
H(7) ? ? .625(2) .192(4) .501(2) ? ?
H(1) ? ? .844(2) .216(4) .756(2) ? ?
H(16) ? ? 1.032(3) .493(5) .667(2) ? ?
H(2) ? ? .875(2) .308(4) .900(2) ? ?
H(8) ? ? .760(2) .248(4) .630(2) ? ?
H(17) ? ? .992(3) .611(5) .592(2) ? ?
H(18) ? ? .867(3) .692(4) .619(2) ? ?
H(13) ? ? .774(2) -.091(4) .516(2) ? ?
H(25) ? ? .954(2) .721(5) .839(2) ? ?
H(27) ? ? .639(2) .336(4) .168(2) ? ?
H(26) ? ? .921(3) .569(5) .927(3) ? ?
H(28) ? ? .226(3) .534(6) -.363(3) ? ?
H(29) ? ? .243(3) .377(5) -.384(3) ? ?
H(30) ? ? .154(3) .425(6) -.386(3) ? ?
H(31) ? ? .314(2) .212(4) -.280(2) ? ?
