||Ziemer, Burkhard; Rabis, Annegrit|Morpholinium dimorpholinidodithiophosphate|Acta Crystallographica, Section C|2000 56 e33 e33
C12 H26 N3 O3 P S2
7.355(2) 8.291(3) 14.374(5) 95.78(4) 98.68(4) 98.51(4)
P-1
C1 ? ? .3807(6) .7024(6) -.0077(3) 1 .0279(11)
H1A ? ? .4038(6) .7728(6) -.0578(3) 1 .031
H1B ? ? .3887(6) .5880(6) -.0318(3) 1 .031
C2 ? ? .5232(7) .7604(5) .0800(3) 1 .0281(11)
H2A ? ? .5023(7) .6864(5) .1286(3) 1 .031
H2B ? ? .6494(7) .7561(5) .0649(3) 1 .031
C3 ? ? .3345(7) .9294(6) .1427(3) 1 .0318(12)
H3A ? ? .3298(7) 1.0424(6) .1708(3) 1 .035
H3B ? ? .3148(7) .8549(6) .1912(3) 1 .035
C4 ? ? .1824(7) .8797(6) .0587(3) 1 .0319(12)
H4A ? ? .0596(7) .8822(6) .0785(3) 1 .035
H4B ? ? .1972(7) .9572(6) .0112(3) 1 .035
C5 ? ? -.1688(7) .2335(6) .2542(3) 1 .0326(12)
H5A ? ? -.1575(7) .1420(6) .2067(3) 1 .036
H5B ? ? -.2481(7) .3051(6) .2222(3) 1 .036
C6 ? ? -.2569(7) .1664(7) .3329(3) 1 .0363(13)
H6A ? ? -.2754(7) .2588(7) .3778(3) 1 .040
H6B ? ? -.3809(7) .1009(7) .3061(3) 1 .040
C7 ? ? .0343(7) .1578(6) .4214(3) 1 .0347(12)
H7A ? ? .1114(7) .0866(6) .4553(3) 1 .038
H7B ? ? .0215(7) .2505(6) .4677(3) 1 .038
C8 ? ? .1300(7) .2234(6) .3434(3) 1 .0322(12)
H8A ? ? .2540(7) .2879(6) .3711(3) 1 .035
H8B ? ? .1481(7) .1307(6) .2985(3) 1 .035
C9 ? ? .4807(6) .5411(6) .3253(3) 1 .0283(11)
H9A ? ? .5144(6) .4922(6) .2658(3) 1 .031
H9B ? ? .4887(6) .4611(6) .3718(3) 1 .031
C10 ? ? .6138(7) .6978(7) .3637(3) 1 .0379(13)
H10A ? ? .7418(7) .6731(7) .3790(3) 1 .042
H10B ? ? .6131(7) .7739(7) .3148(3) 1 .042
C11 ? ? .3818(7) .8179(6) .4260(3) 1 .0322(12)
H11A ? ? .3818(7) .8940(6) .3772(3) 1 .035
H11B ? ? .3492(7) .8750(6) .4836(3) 1 .035
C12 ? ? .2385(7) .6657(6) .3899(3) 1 .0284(11)
H12A ? ? .2312(7) .5935(6) .4405(3) 1 .031
H12B ? ? .1143(7) .6972(6) .3724(3) 1 .031
N1 ? ? .1929(6) .7106(5) .0165(3) 1 .0267(10)
H1NA ? ? .107(7) .681(6) -.034(4) 1 .029
H2NA ? ? .166(7) .637(6) .054(3) 1 .029
N2 ? ? .0156(5) .3277(4) .2929(2) 1 .0243(9)
N3 ? ? .2900(5) .5767(4) .3067(2) 1 .0209(8)
O1 ? ? .5127(5) .9238(4) .1169(2) 1 .0314(8)
O2 ? ? -.1455(5) .0657(4) .3828(2) 1 .0416(10)
O3 ? ? .5615(5) .7751(4) .4478(2) 1 .0409(10)
P1 ? ? .1177(2) .46109(13) .22869(7) 1 .0186(3)
S1 ? ? .2258(2) .34968(14) .12451(7) 1 .0250(3)
S2 ? ? -.0695(2) .59723(14) .18240(8) 1 .0261(3)
