||Park, Kwangyong; Swenson, Dale C.; Scott, William J.; Wiemer, David F.|(1β,5α,6β)-10,10-(1,2-Ethylenedioxy)-1,5-di-methylbicyclo [4.4.0]decan-4-one|Acta Crystallographica Section C|1995 51 268 270
C14 H22 O3
7.8890(10) 19.490(3) 8.5590(10) 90 101.700(10) 90
P121/c1
O(1) ? ? 0.4615(2) 0.87210(10) 0.1527(2) ? 0.0978(5)
O(2) ? ? 0.91590(10) 0.85509(6) 0.84810(10) ? 0.0504(3)
O(3) ? ? 1.06640(10) 0.93121(6) 0.72650(10) ? 0.0598(4)
C(1) ? ? 0.8336(2) 0.86594(8) 0.5612(2) ? 0.0404(4)
C(2) ? ? 0.8426(2) 0.91508(9) 0.4218(2) ? 0.0531(5)
C(3) ? ? 0.7603(3) 0.88570(10) 0.2588(2) ? 0.0655(5)
C(4) ? ? 0.5842(3) 0.85650(10) 0.2549(2) ? 0.0613(5)
C(5) ? ? 0.5703(2) 0.80745(9) 0.3882(2) ? 0.0550(5)
C(6) ? ? 0.6438(2) 0.84245(8) 0.5514(2) ? 0.0422(4)
C(7) ? ? 0.5260(2) 0.90090(10) 0.5847(2) ? 0.0552(5)
C(8) ? ? 0.5950(2) 0.93550(10) 0.7431(2) ? 0.0632(5)
C(9) ? ? 0.7778(2) 0.96122(9) 0.7524(2) ? 0.0588(5)
C(10) ? ? 0.8976(2) 0.90382(8) 0.7212(2) ? 0.0432(4)
C(11) ? ? 0.9534(2) 0.80430(10) 0.5562(2) ? 0.0617(5)
C(12) ? ? 0.3883(3) 0.77880(10) 0.3735(3) ? 0.0865(6)
C(13) ? ? 1.0684(2) 0.87280(10) 0.9620(2) ? 0.0599(5)
C(14) ? ? 1.1795(2) 0.90870(10) 0.8675(2) ? 0.0585(5)
H(11A) ? ? 0.9427 0.7730 0.6387 ? 0.08*
H(11B) ? ? 0.9217 0.7820 0.4556 ? 0.08*
H(11C) ? ? 1.0698 0.8197 0.5708 ? 0.08*
H(12B) ? ? 0.3858 0.7481 0.4594 ? 0.1*
H(12C) ? ? 0.3559 0.7549 0.2752 ? 0.1*
H(12A) ? ? 0.3095 0.8154 0.3766 ? 0.1*
H(2A) ? ? 0.7839 0.9563 0.4373 ? 0.06*
H(2B) ? ? 0.9607 0.9248 0.4227 ? 0.06*
H(3A) ? ? 0.7508 0.9212 0.1816 ? 0.08*
H(3B) ? ? 0.8329 0.8503 0.2328 ? 0.08*
H(5) ? ? 0.6391 0.7680 0.3808 ? 0.06*
H(6) ? ? 0.6455 0.8095 0.6334 ? 0.05*
H(7A) ? ? 0.5173 0.9340 0.5020 ? 0.06*
H(7B) ? ? 0.4144 0.8828 0.5857 ? 0.06*
H(8A) ? ? 0.5224 0.9731 0.7551 ? 0.08*
H(8B) ? ? 0.5946 0.9034 0.8265 ? 0.08*
H(9A) ? ? 0.7764 0.9962 0.6749 ? 0.08*
H(9B) ? ? 0.8202 0.9794 0.8559 ? 0.08*
H(13A) ? ? 1.0408 0.9022 1.0417 ? 0.08*
H(13B) ? ? 1.1243 0.8328 1.0107 ? 0.08*
H(14A) ? ? 1.2639 0.8782 0.8421 ? 0.08*
H(14B) ? ? 1.2356 0.9467 0.9253 ? 0.08*
