||Nunn, Christine M.; Parker, Esther J.|trans-1-(4-Iodophenyl)-2-phenyl-1-{4-[2-(1-pyrrolidinyl)ethoxy]phenyl}-1-butene, C~28~H~30~INO|Acta Crystallographica Section C|1994 50 2043 2045
C28 H30 I N O
32.649(8) 6.1165(7) 29.739(3) 90 124.360(10) 90
C12/c1
I ? ? 0.494270(10) 0.40181(4) 0.159830(10) ? ?
O ? ? 0.43789(8) 1.1303(4) 0.40957(8) ? ?
N ? ? 0.40820(10) 1.1384(5) 0.48820(10) ? ?
C1 ? ? 0.34727(9) 0.9948(6) 0.18420(10) ? ?
C2 ? ? 0.30160(10) 1.0621(5) 0.14420(10) ? ?
C3 ? ? 0.26610(10) 1.1507(6) 0.15580(10) ? ?
C4 ? ? 0.24310(10) 1.3522(6) 0.1365(2) ? ?
C5 ? ? 0.20940(10) 1.4284(7) 0.1475(2) ? ?
C6 ? ? 0.19800(10) 1.3061(9) 0.1765(2) ? ?
C7 ? ? 0.21960(10) 1.1022(7) 0.19580(10) ? ?
C8 ? ? 0.25330(10) 1.0289(7) 0.18520(10) ? ?
C9 ? ? 0.28210(10) 1.0511(7) 0.08440(10) ? ?
C10 ? ? 0.2377(2) 0.9113(8) 0.0501(2) ? ?
C11 ? ? 0.37919(9) 0.8645(5) 0.17280(10) ? ?
C12 ? ? 0.36520(10) 0.6560(6) 0.14980(10) ? ?
C13 ? ? 0.39670(10) 0.5262(6) 0.14460(10) ? ?
C14 ? ? 0.44310(10) 0.6039(5) 0.16200(10) ? ?
C15 ? ? 0.45740(10) 0.8096(5) 0.18280(10) ? ?
C16 ? ? 0.42590(10) 0.9379(5) 0.18910(10) ? ?
C17 ? ? 0.37066(9) 1.0386(5) 0.24320(10) ? ?
C18 ? ? 0.40040(10) 0.8796(5) 0.28230(10) ? ?
C19 ? ? 0.42230(10) 0.9149(5) 0.33670(10) ? ?
C20 ? ? 0.41530(10) 1.1145(5) 0.35450(10) ? ?
C21 ? ? 0.38813(9) 1.2756(5) 0.31730(10) ? ?
C22 ? ? 0.36610(9) 1.2358(5) 0.26240(10) ? ?
C23 ? ? 0.42940(10) 1.3203(6) 0.43080(10) ? ?
C24 ? ? 0.44420(10) 1.2713(7) 0.48760(10) ? ?
C25 ? ? 0.4129(2) 0.9067(7) 0.4835(2) ? ?
C26 ? ? 0.3815(2) 0.8043(9) 0.5012(2) ? ?
C27 ? ? 0.3763(2) 0.9775(9) 0.5328(2) ? ?
C28 ? ? 0.4095(2) 1.1584(8) 0.53770(10) ? ?
H4 ? ? 0.250 1.438 0.115 ? ?
H5 ? ? 0.194 1.569 0.134 ? ?
H6 ? ? 0.175 1.360 0.184 ? ?
H7 ? ? 0.212 1.015 0.217 ? ?
H8 ? ? 0.269 0.889 0.199 ? ?
H12 ? ? 0.333 0.603 0.138 ? ?
H13 ? ? 0.387 0.383 0.129 ? ?
H15 ? ? 0.489 0.865 0.193 ? ?
H16 ? ? 0.437 1.080 0.206 ? ?
H18 ? ? 0.405 0.743 0.270 ? ?
H19 ? ? 0.443 0.804 0.363 ? ?
H21 ? ? 0.384 1.415 0.329 ? ?
H22 ? ? 0.347 1.349 0.236 ? ?
H91 ? ? 0.308 0.999 0.081 ? ?
H92 ? ? 0.273 1.196 0.070 ? ?
H101 ? ? 0.227 0.911 0.013 ? ?
H102 ? ? 0.247 0.765 0.064 ? ?
H103 ? ? 0.211 0.962 0.053 ? ?
H231 ? ? 0.395 1.355 0.409 ? ?
H232 ? ? 0.448 1.441 0.430 ? ?
H241 ? ? 0.475 1.195 0.506 ? ?
H242 ? ? 0.448 1.406 0.506 ? ?
H251 ? ? 0.447 0.860 0.507 ? ?
H252 ? ? 0.400 0.868 0.446 ? ?
H261 ? ? 0.398 0.677 0.523 ? ?
H262 ? ? 0.349 0.764 0.470 ? ?
H271 ? ? 0.386 0.923 0.568 ? ?
H272 ? ? 0.343 1.029 0.514 ? ?
H281 ? ? 0.398 1.299 0.540 ? ?
H282 ? ? 0.443 1.136 0.569 ? ?
