|Iron(II) Diphosphate Dihydrate|Giesber, Henry G. III; Korzenski, Michael B.; Pennington, William T.; Kolis, Joseph W.|Fe~2~P~2~O~7~(H~2~O)~2~|Acta Crystallographica Section C|2000 56(4) 399 400
Fe2 H4 O9 P2
6.400(2) 14.181(3) 7.4160(10) 90 95.43(2) 90
P121/n1
Fe(1) ? ? .73740(10) .60990(10) -.08010(10) ? .0080(10)
Fe(2) ? ? .04900(10) .24740(10) .34700(10) ? .0080(10)
P(1) ? ? .75720(10) .41480(10) .14990(10) ? .0060(10)
P(2) ? ? .56580(10) .31240(10) .42480(10) ? .0060(10)
O(1) ? ? .7956(2) .51870(10) .1281(2) ? .0110(10)
O(2) ? ? .9588(2) .35800(10) .1585(2) ? .0100(10)
O(3) ? ? .5863(2) .37260(10) .0171(2) ? .0100(10)
O(4) ? ? .6691(2) .40530(10) .3460(2) ? .0080(10)
O(5) ? ? .7231(2) .23250(10) .4057(2) ? .0100(10)
O(6) ? ? .3627(2) .29500(10) .3057(2) ? .0100(10)
O(7) ? ? .5343(2) .33820(10) .6181(2) ? .0110(10)
O(8) ? ? .7500(3) .50210(10) -.2811(2) ? .0180(10)
O(9) ? ? .0693(2) .35020(10) .5611(2) ? 17.0(10)
H(1) ? ? .662(6) .458(3) -.303(5) ? .062(12)
H(2) ? ? .878(9) .475(4) -.290(7) ? .12(2)
H(3) ? ? .163(8) .389(3) .536(6) ? .088(17)
H(4) ? ? .085(7) .330(3) .684(6) ? .083(15)
