EtdCyd||Napper, Scott; Stuart, Allan L.; Kumar, Sashi V.P.; Gupta, V. Sagar ; Delbaere, Louis T.J.|5-Ethyl-2'-deoxycytidine, C~11~H~17~N~3~O~4~|Acta Crystallographica Section C|1995 51 96 98
C11 H17 N3 O4
4.600(3) 10.0410(10) 24.8350(3) 90.0 90.0 90.0
P212121
O2 ? ? 0.5910(9) 0.3677(3) 0.24090(10) ? 0.019(2)
O3' ? ? 0.5434(9) -0.0846(3) 0.15470(10) ? 0.020(2)
O4' ? ? 0.5145(9) 0.1900(3) 0.10500(10) ? 0.015(2)
O5' ? ? 0.2877(9) 0.1723(3) 0.00020(10) ? 0.020(2)
N1 ? ? 0.3061(10) 0.3409(4) 0.1671(2) ? 0.014(2)
N3 ? ? 0.2985(11) 0.5399(4) 0.2176(2) ? 0.016(2)
N4 ? ? 0.0036(12) 0.7109(4) 0.1951(2) ? 0.018(2)
C2 ? ? 0.4042(13) 0.4167(5) 0.2099(2) ? 0.015(3)
C4 ? ? 0.0967(13) 0.5874(5) 0.1843(2) ? 0.014(3)
C5 ? ? -0.0100(13) 0.5144(5) 0.1392(2) ? 0.015(3)
C51 ? ? -0.2254(13) 0.5719(5) 0.0992(2) ? 0.017(3)
C52 ? ? -0.0716(15) 0.6589(5) 0.0573(2) ? 0.027(3)
C6 ? ? 0.0991(13) 0.3917(5) 0.1325(2) ? 0.017(3)
C1' ? ? 0.4154(12) 0.2044(5) 0.1597(2) ? 0.012(3)
C2' ? ? 0.1906(13) 0.0953(5) 0.1679(2) ? 0.015(3)
C3' ? ? 0.3030(14) -0.0143(5) 0.1316(2) ? 0.016(3)
C4' ? ? 0.4129(13) 0.0638(5) 0.0836(2) ? 0.013(3)
C5' ? ? 0.1815(13) 0.0893(5) 0.0417(2) ? 0.016(3)
HO3' ? ? 0.471 -0.102 0.192 ? 0.030
HO5' ? ? 0.132 0.227 -0.017 ? 0.030
HN4A ? ? -0.177 0.735 0.175 ? 0.027
HN4B ? ? 0.102 0.775 0.220 ? 0.028
H51A ? ? -0.331 0.498 0.081 ? 0.027
H51B ? ? -0.369 0.629 0.119 ? 0.027
H52A ? ? 0.037 0.733 0.075 ? 0.037
H52B ? ? 0.073 0.604 0.037 ? 0.037
H52C ? ? -0.213 0.696 0.031 ? 0.037
HC1' ? ? 0.581 0.187 0.185 ? 0.022
HC2'A ? ? 0.180 0.067 0.206 ? 0.025
HC2'B ? ? -0.007 0.128 0.157 ? 0.025
HC3' ? ? 0.141 -0.075 0.121 ? 0.026
HC4' ? ? 0.576 0.015 0.066 ? 0.023
HC5'A ? ? 0.011 0.132 0.060 ? 0.027
HC5'B ? ? 0.112 0.003 0.026 ? 0.027
H6 ? ? 0.029 0.336 0.102 ? 0.027
