Berberine formate-succinic acid clathrate||Marek, Jaromír; Hulová, Dagmar; Dostál, Jiří; Marek, Radek|Berberine formate-succinic acid (1/1)|Acta Crystallographica, Section C|2003 59 o583 o585
C25 H25 N O10
7.9973(8) 12.4449(9) 12.6115(12) 63.753(8) 81.410(8) 84.866(7)
P-1
O1 ? ? 0.18951(13) 0.21279(9) -0.50582(9) 1 0.0175(2)
O2 ? ? 0.24748(13) 0.40990(10) -0.55428(9) 1 0.0189(3)
O3 ? ? -0.41402(13) -0.01022(9) 0.31041(9) 1 0.0166(2)
O4 ? ? -0.53375(13) -0.22912(9) 0.36453(9) 1 0.0173(2)
O5 ? ? 0.33656(14) -0.43595(10) -0.28123(9) 1 0.0199(3)
H5 ? ? 0.3869 -0.4769 -0.2214 1 0.030
O6 ? ? 0.32745(14) -0.29638(10) -0.21295(10) 1 0.0236(3)
O7 ? ? -0.07654(15) -0.13676(10) -0.19570(10) 1 0.0238(3)
O8 ? ? -0.08017(14) -0.30820(10) -0.21285(10) 1 0.0214(3)
H8 ? ? -0.1377 -0.3310 -0.1456 1 0.032
O9 ? ? -0.23840(14) -0.40122(11) -0.00933(10) 1 0.0262(3)
O10 ? ? -0.49024(14) -0.43117(10) 0.10049(10) 1 0.0219(3)
C1 ? ? 0.03082(18) 0.16941(13) -0.30765(13) 1 0.0143(3)
C2 ? ? 0.12019(18) 0.24121(14) -0.41355(13) 1 0.0144(3)
C3 ? ? 0.15317(18) 0.36009(14) -0.44406(13) 1 0.0152(3)
C4 ? ? 0.09293(18) 0.41347(13) -0.36999(13) 1 0.0158(3)
C4a ? ? -0.00292(18) 0.34328(13) -0.26135(13) 1 0.0143(3)
C5 ? ? -0.08275(19) 0.39723(13) -0.17891(13) 1 0.0171(3)
H5A ? ? -0.2001 0.4246 -0.1958 1 0.020
H5B ? ? -0.0184 0.4678 -0.1934 1 0.020
C6 ? ? -0.08438(19) 0.30612(13) -0.04948(13) 1 0.0163(3)
H6A ? ? 0.0330 0.2889 -0.0291 1 0.020
H6B ? ? -0.1490 0.3400 0.0026 1 0.020
N7 ? ? -0.16287(15) 0.19200(11) -0.02755(11) 1 0.0127(3)
C8 ? ? -0.24933(18) 0.12948(13) 0.07928(13) 1 0.0135(3)
C8a ? ? -0.31304(17) 0.01648(13) 0.11031(13) 1 0.0129(3)
C9 ? ? -0.40015(17) -0.05271(13) 0.22521(13) 1 0.0133(3)
C10 ? ? -0.45689(17) -0.16509(13) 0.25152(13) 1 0.0139(3)
C11 ? ? -0.43073(18) -0.20956(13) 0.16379(13) 1 0.0154(3)
C12 ? ? -0.34670(18) -0.14344(13) 0.05248(13) 1 0.0149(3)
C12a ? ? -0.28509(18) -0.02976(13) 0.02333(13) 1 0.0134(3)
C13 ? ? -0.19578(18) 0.04069(13) -0.08833(13) 1 0.0136(3)
C13a ? ? -0.13174(17) 0.14971(13) -0.11479(13) 1 0.0129(3)
C13b ? ? -0.03178(17) 0.22265(13) -0.22946(13) 1 0.0129(3)
C14 ? ? 0.29902(19) 0.31021(14) -0.58283(13) 1 0.0179(3)
H14A ? ? 0.2883 0.3329 -0.6673 1 0.021
H14B ? ? 0.4184 0.2864 -0.5695 1 0.021
C15 ? ? -0.5788(2) 0.03888(16) 0.33123(15) 1 0.0249(4)
H15A ? ? -0.6021 0.1110 0.2595 1 0.037
H15B ? ? -0.5819 0.0596 0.3980 1 0.037
H15C ? ? -0.6647 -0.0206 0.3504 1 0.037
C16 ? ? -0.58618(19) -0.34835(14) 0.39500(13) 1 0.0179(3)
H16A ? ? -0.6791 -0.3433 0.3502 1 0.027
H16B ? ? -0.6244 -0.3889 0.4806 1 0.027
H16C ? ? -0.4906 -0.3938 0.3749 1 0.027
C17 ? ? 0.29031(18) -0.33065(13) -0.28304(13) 1 0.0158(3)
C18 ? ? 0.19097(19) -0.25215(14) -0.38521(13) 1 0.0189(3)
H18A ? ? 0.1122 -0.3023 -0.3964 1 0.023
H18B ? ? 0.2701 -0.2162 -0.4594 1 0.023
C19 ? ? 0.09052(19) -0.15243(14) -0.36290(13) 1 0.0184(3)
H19A ? ? 0.1704 -0.0979 -0.3596 1 0.022
H19B ? ? 0.0253 -0.1053 -0.4306 1 0.022
C20 ? ? -0.03045(18) -0.19915(13) -0.24824(13) 1 0.0160(3)
C21 ? ? -0.3967(2) -0.39363(14) 0.00260(14) 1 0.0193(3)
H1 ? ? 0.016(2) 0.0846(18) -0.2852(16) 1 0.019(4)
H4 ? ? 0.117(2) 0.4984(18) -0.3905(16) 1 0.021(4)
H8A ? ? -0.258(2) 0.1652(16) 0.1321(16) 1 0.018(4)
H11 ? ? -0.473(2) -0.2885(17) 0.1835(15) 1 0.017(4)
H12 ? ? -0.330(2) -0.1755(17) -0.0033(17) 1 0.024(5)
H13 ? ? -0.179(2) 0.0122(17) -0.1453(17) 1 0.024(5)
H21 ? ? -0.446(2) -0.3555(17) -0.0681(18) 1 0.025(5)
