|ethyl 1-[4-(methylsulfonyl)phenyl]-5-phenyl-1H-pyrazole-3-carboxylate|Charlier, Caroline; Norberg, Bernadette; Goossens, Laurence; Hénichart, Jean-Pierre; Durant, François|1-[4-(Methylsulfonyl)phenyl]-5-phenyl-1<i>H</i>-pyrazole derivatives|Acta Crystallographica Section C|2004 60(9) o648 o652
C19 H18 N2 O4 S
19.4790(10) 5.6100(10) 33.586(3) 90.00 90.00 90.00
Pca21
C1 ? ? 0.1008(3) 0.4671(13) 0.23797(15) 1 0.097(2)
C10 ? ? -0.0189(2) 0.4595(8) 0.45582(12) 1 0.0426(10)
C11 ? ? 0.0310(2) 0.6411(8) 0.46895(12) 1 0.0422(10)
C12 ? ? 0.0990(2) 0.6349(9) 0.45690(14) 1 0.0543(12)
C13 ? ? 0.1452(3) 0.8049(10) 0.47048(15) 1 0.0603(13)
C14 ? ? 0.1233(3) 0.9820(9) 0.49586(16) 1 0.0635(13)
C15 ? ? 0.0566(3) 0.9875(10) 0.50848(15) 1 0.0632(14)
C16 ? ? 0.0104(2) 0.8166(8) 0.49505(13) 1 0.0502(11)
C17 ? ? -0.1556(2) 0.0180(9) 0.45707(14) 1 0.0490(11)
C18 ? ? -0.2241(3) -0.2933(10) 0.43027(18) 1 0.0768(17)
C19 ? ? -0.2257(3) -0.4389(12) 0.3937(2) 1 0.089(2)
C2 ? ? 0.0980(2) 0.5326(8) 0.31869(13) 1 0.0461(11)
C21 ? ? 0.3555(4) 0.8161(14) 0.31983(16) 1 0.101(2)
C22 ? ? 0.3447(2) 0.9209(8) 0.23979(13) 1 0.0456(11)
C23 ? ? 0.2964(2) 1.0886(9) 0.22976(13) 1 0.0524(12)
C24 ? ? 0.2555(2) 1.0507(8) 0.19670(13) 1 0.0497(11)
C25 ? ? 0.2632(2) 0.8458(7) 0.17505(11) 1 0.0399(10)
C26 ? ? 0.3103(2) 0.6751(8) 0.18573(13) 1 0.0530(12)
C27 ? ? 0.3521(2) 0.7111(9) 0.21838(14) 1 0.0534(12)
C28 ? ? 0.1326(2) 0.6550(8) 0.11237(12) 1 0.0437(10)
C29 ? ? 0.1572(2) 0.8360(8) 0.08773(12) 1 0.0451(11)
C3 ? ? 0.1094(3) 0.3163(9) 0.33729(15) 1 0.0569(12)
C30 ? ? 0.2131(2) 0.9300(8) 0.10672(12) 1 0.0405(10)
C31 ? ? 0.2617(2) 1.1155(7) 0.09382(12) 1 0.0408(10)
C32 ? ? 0.3303(2) 1.1198(8) 0.10533(13) 1 0.0474(11)
C33 ? ? 0.3737(2) 1.2941(9) 0.09230(14) 1 0.0582(13)
C34 ? ? 0.3508(3) 1.4710(9) 0.06714(15) 1 0.0624(13)
C35 ? ? 0.2838(3) 1.4680(9) 0.05466(15) 1 0.0597(13)
C36 ? ? 0.2393(2) 1.2923(8) 0.06779(12) 1 0.0491(11)
C37 ? ? 0.0747(2) 0.4947(10) 0.10531(15) 1 0.0528(12)
C38 ? ? 0.0077(3) 0.1781(10) 0.13123(16) 1 0.0727(16)
C39 ? ? 0.0074(3) 0.0250(10) 0.16705(17) 1 0.0761(16)
C4 ? ? 0.0723(2) 0.2565(8) 0.37115(14) 1 0.0538(12)
C5 ? ? 0.0237(2) 0.4136(8) 0.38466(12) 1 0.0423(10)
C6 ? ? 0.0104(2) 0.6272(8) 0.36632(14) 1 0.0504(11)
C7 ? ? 0.0487(2) 0.6865(9) 0.33249(14) 1 0.0510(11)
C8 ? ? -0.0989(2) 0.1818(8) 0.44939(13) 1 0.0447(10)
C9 ? ? -0.0728(2) 0.3558(8) 0.47539(12) 1 0.0454(11)
N1 ? ? -0.01658(17) 0.3505(7) 0.41944(9) 1 0.0430(9)
N2 ? ? -0.06500(18) 0.1800(7) 0.41477(10) 1 0.0463(9)
N21 ? ? 0.21930(17) 0.8049(6) 0.14157(10) 1 0.0418(8)
N22 ? ? 0.17038(17) 0.6346(6) 0.14556(10) 1 0.0458(9)
O1 ? ? 0.21163(18) 0.5010(7) 0.27923(14) 1 0.0943(13)
O2 ? ? 0.1420(2) 0.8608(7) 0.27151(14) 1 0.1093(16)
O21 ? ? 0.46217(16) 0.8620(8) 0.27527(13) 1 0.0934(13)
O22 ? ? 0.3948(2) 1.2197(7) 0.29103(14) 1 0.1099(16)
O23 ? ? 0.04019(17) 0.5020(7) 0.07566(11) 1 0.0774(11)
O24 ? ? 0.06306(16) 0.3475(6) 0.13552(10) 1 0.0617(9)
O3 ? ? -0.18626(18) 0.0095(8) 0.48787(11) 1 0.0794(12)
O4 ? ? -0.16947(17) -0.1189(6) 0.42581(10) 1 0.0651(9)
S1 ? ? 0.14544(7) 0.6086(2) 0.27617(6) 1 0.0640(4)
S21 ? ? 0.39735(6) 0.9702(2) 0.28211(6) 1 0.0635(4)
H12 ? ? 0.1138 0.5160 0.4396 1 0.065
H13 ? ? 0.1909 0.7991 0.4624 1 0.072
H14 ? ? 0.1540 1.0981 0.5044 1 0.076
H15 ? ? 0.0422 1.1055 0.5260 1 0.076
H16 ? ? -0.0349 0.8208 0.5038 1 0.060
H18A ? ? -0.2678 -0.2135 0.4340 1 0.092
H18B ? ? -0.2155 -0.3936 0.4533 1 0.092
H19A ? ? -0.2369 -0.3395 0.3714 1 0.133
H19B ? ? -0.2596 -0.5618 0.3964 1 0.133
H19C ? ? -0.1814 -0.5102 0.3896 1 0.133
H1A ? ? 0.0562 0.5377 0.2353 1 0.145
H1B ? ? 0.0960 0.3008 0.2441 1 0.145
H1C ? ? 0.1256 0.4847 0.2135 1 0.145
H21A ? ? 0.3795 0.8392 0.3445 1 0.151
H21B ? ? 0.3545 0.6492 0.3135 1 0.151
H21C ? ? 0.3094 0.8745 0.3224 1 0.151
H23 ? ? 0.2913 1.2259 0.2450 1 0.063
H24 ? ? 0.2229 1.1635 0.1893 1 0.060
H26 ? ? 0.3141 0.5354 0.1710 1 0.064
H27 ? ? 0.3844 0.5974 0.2258 1 0.064
H29 ? ? 0.1392 0.8832 0.0633 1 0.054
H3 ? ? 0.1419 0.2110 0.3271 1 0.068
H32 ? ? 0.3469 1.0016 0.1222 1 0.057
H33 ? ? 0.4193 1.2935 0.1005 1 0.070
H34 ? ? 0.3804 1.5908 0.0587 1 0.075
H35 ? ? 0.2682 1.5849 0.0373 1 0.072
H36 ? ? 0.1940 1.2924 0.0591 1 0.059
H38A ? ? 0.0146 0.0820 0.1076 1 0.087
H38B ? ? -0.0357 0.2611 0.1287 1 0.087
H39A ? ? 0.0506 -0.0566 0.1692 1 0.114
H39B ? ? -0.0290 -0.0895 0.1650 1 0.114
H39C ? ? 0.0005 0.1218 0.1903 1 0.114
H4 ? ? 0.0801 0.1133 0.3843 1 0.065
H6 ? ? -0.0231 0.7297 0.3761 1 0.060
H7 ? ? 0.0407 0.8299 0.3194 1 0.061
H9 ? ? -0.0888 0.3929 0.5007 1 0.054
