|Diaquabis(pyridine-2-carboxamide-κ^2^N^1^,O^2^)nickel(II) disaccharinate tetrahydrate|PAŞAOĞLU, Hümeyra ; TEZCAN, Fatma ; YEŞILEL, Okan Z.; ÖLMEZ, Halis; IÇBUDAK, Hasan; BÜYÜKGÜNGÖR, Orhan|Diaquabis(pyridine-2-carboxamide-κ^2^<i>N</i>^1^,<i>O</i>^2^)nickel(II) disaccharinate tetrahydrate|Acta Crystallographica Section C|2004 60(7) m335 m337
C26 H32 N6 Ni O14 S2
8.4478(7) 8.8751(7) 12.3854(9) 81.560(6) 72.655(6) 64.257(6)
P-1
Ni1 ? ? 0.0000 0.5000 0.5000 1 0.02811(10)
S1 ? ? 0.85099(6) 0.26341(6) 0.12654(4) 1 0.03816(12)
O4 ? ? 0.05234(19) 0.66522(16) 0.36526(11) 1 0.0365(3)
O2 ? ? 0.97326(19) 0.3085(2) 0.03402(13) 1 0.0560(4)
O5 ? ? -0.22722(16) 0.53655(15) 0.45586(11) 1 0.0344(3)
O1 ? ? 0.9384(2) 0.1083(2) 0.18296(14) 1 0.0572(4)
O2W ? ? 0.8759(2) 0.6675(3) 0.21039(15) 1 0.0527(4)
O3 ? ? 0.42664(17) 0.57728(17) 0.28724(11) 1 0.0411(3)
O1W ? ? 0.8804(2) 0.0217(3) 0.4258(2) 1 0.0674(5)
N2 ? ? -0.18510(18) 0.70195(17) 0.59537(12) 1 0.0289(3)
N3 ? ? 0.7291(2) 0.4123(2) 0.21548(14) 1 0.0407(4)
N1 ? ? -0.5228(2) 0.7034(2) 0.47645(15) 1 0.0383(4)
C11 ? ? 0.3527(2) 0.4176(2) 0.11839(16) 1 0.0349(4)
C1 ? ? -0.3671(2) 0.6593(2) 0.50040(14) 1 0.0298(3)
C5 ? ? -0.2857(3) 0.9224(2) 0.72110(17) 1 0.0415(4)
C7 ? ? 0.6738(2) 0.2615(2) 0.08123(15) 1 0.0323(3)
C12 ? ? 0.5148(2) 0.3849(2) 0.14016(14) 1 0.0294(3)
C2 ? ? -0.3541(2) 0.7604(2) 0.58212(14) 1 0.0289(3)
C10 ? ? 0.3537(3) 0.3240(3) 0.03788(17) 1 0.0408(4)
C6 ? ? -0.1514(2) 0.7804(2) 0.66366(16) 1 0.0357(4)
C3 ? ? -0.4943(2) 0.8993(2) 0.63798(16) 1 0.0367(4)
C8 ? ? 0.6795(3) 0.1659(3) 0.00131(17) 1 0.0419(4)
C13 ? ? 0.5516(2) 0.4680(2) 0.22064(14) 1 0.0320(3)
C4 ? ? -0.4592(3) 0.9816(2) 0.70833(17) 1 0.0420(4)
C9 ? ? 0.5145(3) 0.1999(3) -0.01923(18) 1 0.0446(5)
H6 ? ? -0.030(3) 0.731(3) 0.6726(17) 1 0.036(5)
H3 ? ? -0.617(3) 0.938(3) 0.625(2) 1 0.050(6)
H10 ? ? 0.244(3) 0.345(3) 0.021(2) 1 0.054(7)
H5 ? ? -0.253(3) 0.974(3) 0.7670(19) 1 0.040(6)
H4 ? ? -0.552(3) 1.082(3) 0.745(2) 1 0.055(7)
H8 ? ? 0.003(4) 0.670(4) 0.310(3) 1 0.081(10)
H1 ? ? -0.529(3) 0.644(3) 0.429(2) 1 0.052(7)
H11 ? ? 0.508(4) 0.146(4) -0.071(3) 1 0.075(9)
H2 ? ? -0.612(4) 0.784(3) 0.509(2) 1 0.058(7)
H9 ? ? 0.246(4) 0.505(3) 0.157(2) 1 0.059(7)
H4W ? ? 0.847(5) 0.591(5) 0.222(3) 1 0.103(14)
H7 ? ? 0.169(4) 0.640(4) 0.337(3) 1 0.079(9)
H12 ? ? 0.792(4) 0.078(3) -0.033(2) 1 0.063(7)
H3W ? ? 0.925(6) 0.683(5) 0.143(4) 1 0.116(14)
H2W ? ? 0.929(8) 0.068(7) 0.375(4) 1 0.21(3)
H1W ? ? 0.921(8) -0.076(3) 0.414(6) 1 0.22(3)
