||Turkington, David E.; Ferguson, George; Lough, Alan J.; Glidewell, Christopher|Supramolecular structures of three configurational isomers of 1-phenylethanaminium malate(1-)|Acta Crystallographica, Section C|2004 60 o617 o622
C12 H17 N O5
6.4227(5) 13.5815(10) 7.5439(3) 90.00 108.665(4) 90.00
P21
O1 ? ? 0.2835(2) 0.56554(15) 0.52472(19) 1 0.0384(4)
O2 ? ? -0.0794(2) 0.55913(14) 0.3834(2) 1 0.0396(4)
O3 ? ? 0.1967(3) 0.60310(14) -0.1758(2) 1 0.0418(4)
O4 ? ? 0.4973(3) 0.51581(17) -0.0412(2) 1 0.0507(5)
O5 ? ? -0.0516(3) 0.52137(15) 0.0518(2) 1 0.0442(5)
C1 ? ? 0.1127(3) 0.55626(19) 0.3832(3) 1 0.0364(5)
C2 ? ? 0.1540(4) 0.5258(3) 0.1998(4) 0.745(8) 0.0318(8)
C3 ? ? 0.3035(5) 0.6000(3) 0.1495(4) 0.745(8) 0.0342(9)
C4 ? ? 0.3444(4) 0.5657(2) -0.0313(3) 1 0.0445(6)
C21 ? ? 0.1191(12) 0.5796(8) 0.1802(9) 0.255(8) 0.035(2)
C31 ? ? 0.3321(13) 0.5373(8) 0.1634(10) 0.255(8) 0.035(2)
N1 ? ? 0.7339(3) 0.50000(14) 0.6569(2) 1 0.0311(4)
C11 ? ? 0.5908(4) 0.34122(16) 0.5052(3) 1 0.0340(5)
C12 ? ? 0.6286(4) 0.3399(2) 0.3339(3) 1 0.0444(6)
C13 ? ? 0.4807(5) 0.2935(2) 0.1808(4) 1 0.0534(7)
C14 ? ? 0.2954(5) 0.24796(19) 0.1973(4) 1 0.0546(7)
C15 ? ? 0.2561(5) 0.2491(2) 0.3663(5) 1 0.0529(7)
C16 ? ? 0.4027(4) 0.29537(18) 0.5185(4) 1 0.0412(5)
C17 ? ? 0.7470(4) 0.38941(17) 0.6764(3) 1 0.0336(5)
C18 ? ? 0.9852(4) 0.35830(18) 0.7166(4) 1 0.0424(5)
H3 ? ? 0.2278 0.5895 -0.2730 1 0.063
H5 ? ? -0.1551 0.5259 0.0968 1 0.066
H2A ? ? 0.2250 0.4594 0.2165 0.745(8) 0.038
H3A ? ? 0.4448 0.6048 0.2525 0.745(8) 0.041
H3B ? ? 0.2335 0.6658 0.1304 0.745(8) 0.041
H21 ? ? 0.1027 0.6515 0.1504 0.255(8) 0.042
H31A ? ? 0.3335 0.4648 0.1769 0.255(8) 0.042
H31B ? ? 0.4599 0.5647 0.2628 0.255(8) 0.042
H1A ? ? 0.5905 0.5190 0.6179 1 0.047
H1B ? ? 0.7986 0.5194 0.5715 1 0.047
H1C ? ? 0.8047 0.5283 0.7695 1 0.047
H12 ? ? 0.7560 0.3707 0.3214 1 0.053
H13 ? ? 0.5071 0.2932 0.0639 1 0.064
H14 ? ? 0.1955 0.2159 0.0924 1 0.065
H15 ? ? 0.1285 0.2183 0.3781 1 0.063
H16 ? ? 0.3745 0.2958 0.6347 1 0.049
H17 ? ? 0.7010 0.3708 0.7867 1 0.040
H18A ? ? 1.0755 0.3874 0.8352 1 0.064
H18B ? ? 1.0380 0.3811 0.6153 1 0.064
H18C ? ? 0.9957 0.2864 0.7252 1 0.064
