|3-(4-nitrobenzyl)-2-(4-nitrophenyl)-1,3-thiazolidin-4-one|Cunico, Wilson; Capri, Liliane R.; Gomez, C. R. B.; Wardell, Solange M. S. V.; Low, John N.; Glidewell, Christopher|Five symmetrically substituted 2-aryl-3-benzyl-1,3-thiazolidin-4-ones: supramolecular structures in zero, one and two dimensions|Acta Crystallographica, Section C|2007 63(2) o102 o107
C16 H13 N3 O5 S
14.2230(7) 7.9862(4) 14.1156(7) 90.00 93.908(3) 90.00
P121/c1
S1 ? ? 0.57935(12) 0.3020(2) 0.25750(11) 1 0.0345(6)
C2 ? ? 0.6704(4) 0.3409(7) 0.3549(4) 1 0.0233(13)
C21 ? ? 0.7232(4) 0.5020(7) 0.3406(4) 1 0.0212(12)
C22 ? ? 0.6771(4) 0.6565(7) 0.3434(4) 1 0.0219(12)
C23 ? ? 0.7243(4) 0.8034(7) 0.3264(5) 1 0.0242(13)
C24 ? ? 0.8186(4) 0.7926(7) 0.3067(4) 1 0.0204(12)
N24 ? ? 0.8683(4) 0.9486(7) 0.2865(4) 1 0.0340(13)
O241 ? ? 0.8229(4) 1.0779(6) 0.2771(5) 1 0.0524(16)
O242 ? ? 0.9539(3) 0.9423(6) 0.2771(4) 1 0.0431(13)
C25 ? ? 0.8662(4) 0.6424(8) 0.3060(4) 1 0.0259(13)
C26 ? ? 0.8183(4) 0.4970(7) 0.3224(5) 1 0.0254(13)
N3 ? ? 0.6199(3) 0.3373(6) 0.4400(3) 1 0.0203(11)
C37 ? ? 0.6741(4) 0.3395(7) 0.5314(4) 1 0.0223(12)
C31 ? ? 0.7322(4) 0.1820(7) 0.5459(4) 1 0.0230(12)
C32 ? ? 0.8298(5) 0.1898(7) 0.5522(5) 1 0.0296(14)
C33 ? ? 0.8832(5) 0.0423(8) 0.5595(5) 1 0.0327(15)
C34 ? ? 0.8356(4) -0.1088(7) 0.5629(4) 1 0.0252(13)
N34 ? ? 0.8920(4) -0.2628(7) 0.5687(4) 1 0.0304(12)
O341 ? ? 0.9763(4) -0.2540(7) 0.5611(5) 1 0.0565(18)
O342 ? ? 0.8506(3) -0.3948(5) 0.5820(4) 1 0.0381(12)
C35 ? ? 0.7390(4) -0.1190(8) 0.5590(4) 1 0.0264(13)
C36 ? ? 0.6870(4) 0.0272(7) 0.5501(4) 1 0.0240(12)
C4 ? ? 0.5253(4) 0.3139(7) 0.4354(4) 1 0.0234(12)
O4 ? ? 0.4780(3) 0.2999(6) 0.5036(3) 1 0.0321(11)
C5 ? ? 0.4834(5) 0.3084(9) 0.3345(5) 1 0.0332(16)
H2 ? ? 0.7164 0.2460 0.3572 1 0.028
H22 ? ? 0.6126 0.6604 0.3570 1 0.026
H23 ? ? 0.6933 0.9086 0.3282 1 0.029
H25 ? ? 0.9312 0.6394 0.2944 1 0.031
H26 ? ? 0.8501 0.3925 0.3215 1 0.030
H37A ? ? 0.6306 0.3496 0.5830 1 0.027
H37B ? ? 0.7163 0.4382 0.5346 1 0.027
H32 ? ? 0.8605 0.2953 0.5517 1 0.036
H33 ? ? 0.9501 0.0459 0.5620 1 0.039
H35 ? ? 0.7084 -0.2244 0.5624 1 0.032
H36 ? ? 0.6201 0.0223 0.5468 1 0.029
H51 ? ? 0.4441 0.4089 0.3207 1 0.040
H52 ? ? 0.4432 0.2079 0.3246 1 0.040
