|decaaqua-1κ^3^O,2κ^4^O,3κ^3^O-bis(benzene-1,3,5-tricarboxylato)- 1κO,3κO-di-μ-4,4'-bipyridine-1:2κ^2^N:N';2:3κ^2^N:N'-di-4,4'-bipyridine- 1κN,3κN-tricobalt(II) 4,4'-bipyridine solvate octahydrate|Hong-Zhen Xie; Zhi-Feng Li; Yue-Qing Zheng|\ A new trinuclear cobalt(II) complex: decaaqua-1κ^3^<i>O</i>,2κ^4^<i>O</i>,3κ^3^<i>O</i>-bis(benzene-1,3,5-\ tricarboxylato)-1κ<i>O</i>,3κ<i>O</i>-di-μ-4,4'-bipyridine-1:\ 2κ^2^<i>N</i>:<i>N</i>';2:3κ^2^<i>N</i>:<i>N</i>'-di-4,4'-bipyridine-\ 1κ<i>N</i>,3κ<i>N</i>-tricobalt(II) 4,4'-bipyridine solvate octahydrate|Acta Crystallographica, Section C|2007 63(1) m30 m32
C68 H82 Co3 N10 O30
13.193(3) 13.982(3) 20.193(4) 90.00 91.36(3) 90.00
P21/n
Co1 ? ? 1.0000 0.5000 0.5000 1 0.0375(2)
Co2 ? ? 0.93710(4) -0.16582(4) 0.81737(3) 1 0.03659(16)
O1 ? ? 1.0786(2) -0.1382(2) 0.86312(14) 1 0.0544(8)
H1A ? ? 1.1179 -0.1772 0.8725 1 0.065
H1B ? ? 1.0955 -0.0915 0.8844 1 0.065
O2 ? ? 0.8603(2) -0.0726(2) 0.88168(13) 1 0.0536(8)
H2A ? ? 0.8032 -0.0570 0.8733 1 0.064
H2B ? ? 0.8848 -0.0312 0.8997 1 0.064
O3 ? ? 1.0138(2) -0.2566(2) 0.75454(14) 1 0.0498(8)
H3A ? ? 1.0635 -0.2543 0.7409 1 0.060
H3B ? ? 0.9805 -0.2669 0.7200 1 0.060
O4 ? ? 0.8553(2) 0.5424(2) 0.52759(13) 1 0.0515(8)
H4A ? ? 0.8373 0.5403 0.5671 1 0.062
H4B ? ? 0.7959 0.5275 0.5090 1 0.062
O5 ? ? 1.0579(2) 0.5706(2) 0.58597(14) 1 0.0533(8)
H5A ? ? 1.0596 0.5410 0.6230 1 0.064
H5B ? ? 1.0501 0.6215 0.5882 1 0.064
N1 ? ? 0.9907(3) 0.3737(2) 0.55748(16) 1 0.0421(8)
N2 ? ? 0.9545(3) -0.0461(2) 0.75158(16) 1 0.0423(8)
C1 ? ? 1.0437(4) -0.0106(4) 0.7361(3) 1 0.0644(14)
H1 ? ? 1.1018 -0.0418 0.7517 1 0.077
C2 ? ? 1.0551(4) 0.0706(3) 0.6978(3) 1 0.0664(15)
H2 ? ? 1.1197 0.0935 0.6894 1 0.080
C3 ? ? 0.9714(3) 0.1177(3) 0.67207(19) 1 0.0375(10)
C4 ? ? 0.9784(3) 0.2057(3) 0.63229(19) 1 0.0375(9)
C5 ? ? 1.0681(3) 0.2558(3) 0.6271(2) 1 0.0448(11)
H5 ? ? 1.1265 0.2335 0.6487 1 0.054
C6 ? ? 1.0719(3) 0.3382(3) 0.5903(2) 1 0.0469(11)
H6 ? ? 1.1332 0.3707 0.5880 1 0.056
C7 ? ? 0.9034(3) 0.3259(3) 0.5626(2) 1 0.0544(12)
H7 ? ? 0.8457 0.3498 0.5409 1 0.065
C8 ? ? 0.8957(3) 0.2438(3) 0.5980(2) 1 0.0550(12)
H8 ? ? 0.8335 0.2125 0.5993 1 0.066
C9 ? ? 0.8782(3) 0.0799(3) 0.6885(2) 1 0.0538(12)
H9 ? ? 0.8188 0.1088 0.6728 1 0.065
C10 ? ? 0.8735(3) -0.0001(3) 0.7278(2) 1 0.0548(12)
H10 ? ? 0.8099 -0.0234 0.7383 1 0.066
N3 ? ? 0.9101(3) -0.2859(2) 0.88209(17) 1 0.0407(8)
N4 ? ? 0.8306(3) -0.6939(3) 1.0847(2) 1 0.0626(11)
C11 ? ? 0.9029(4) -0.3745(3) 0.8580(2) 1 0.0520(12)
H11 ? ? 0.9107 -0.3828 0.8127 1 0.062
C12 ? ? 0.8849(4) -0.4539(3) 0.8954(2) 1 0.0499(12)
H12 ? ? 0.8812 -0.5137 0.8753 1 0.060
C13 ? ? 0.8719(3) -0.4459(3) 0.9629(2) 1 0.0393(10)
C14 ? ? 0.8562(3) -0.5312(3) 1.0054(2) 1 0.0421(10)
C15 ? ? 0.8479(4) -0.6225(3) 0.9786(2) 1 0.0638(14)
H15 ? ? 0.8507 -0.6312 0.9331 1 0.077
C16 ? ? 0.8355(4) -0.7000(4) 1.0195(3) 1 0.0698(15)
H16 ? ? 0.8302 -0.7602 1.0002 1 0.084
C17 ? ? 0.8379(4) -0.6076(4) 1.1105(2) 1 0.0613(13)
H17 ? ? 0.8351 -0.6017 1.1563 1 0.074
C18 ? ? 0.8493(3) -0.5256(3) 1.0736(2) 1 0.0529(12)
H18 ? ? 0.8525 -0.4664 1.0946 1 0.063
C19 ? ? 0.8763(4) -0.3539(3) 0.9879(2) 1 0.0565(13)
H19 ? ? 0.8666 -0.3436 1.0328 1 0.068
C20 ? ? 0.8948(4) -0.2776(3) 0.9471(2) 1 0.0551(12)
H20 ? ? 0.8968 -0.2167 0.9656 1 0.066
O6 ? ? 0.8282(2) -0.2902(2) 0.69142(16) 1 0.0618(9)
O7 ? ? 0.7975(2) -0.19143(19) 0.77475(13) 1 0.0438(7)
O8 ? ? 0.3753(3) -0.3597(2) 0.58598(17) 1 0.0682(10)
O9 ? ? 0.5273(3) -0.4224(2) 0.57082(16) 1 0.0657(9)
O10 ? ? 0.3427(2) -0.0757(2) 0.74079(17) 1 0.0661(9)
O11 ? ? 0.4831(2) -0.0183(2) 0.79003(16) 1 0.0602(9)
C26 ? ? 0.6608(3) -0.2301(3) 0.70391(18) 1 0.0367(9)
C27 ? ? 0.6173(3) -0.2925(3) 0.65817(19) 1 0.0395(10)
H27 ? ? 0.6575 -0.3377 0.6376 1 0.047
C28 ? ? 0.5145(3) -0.2882(3) 0.64280(19) 1 0.0397(10)
C29 ? ? 0.4566(3) -0.2177(3) 0.6723(2) 1 0.0435(10)
H29 ? ? 0.3877 -0.2140 0.6619 1 0.052
C30 ? ? 0.4991(3) -0.1524(3) 0.71719(19) 1 0.0380(10)
C31 ? ? 0.6014(3) -0.1607(3) 0.73255(19) 1 0.0376(9)
H31 ? ? 0.6310 -0.1185 0.7629 1 0.045
C32 ? ? 0.4690(4) -0.3611(3) 0.5967(2) 1 0.0482(11)
C33 ? ? 0.4363(3) -0.0762(3) 0.7515(2) 1 0.0455(11)
C34 ? ? 0.7709(3) -0.2389(3) 0.7244(2) 1 0.0382(10)
O12 ? ? 0.2526(3) 0.0897(3) 0.7986(2) 1 0.1036(14)
H12A ? ? 0.2765 0.0379 0.7956 1 0.124
H12B ? ? 0.2390 0.0871 0.8384 1 0.124
O14 ? ? 0.6659(2) 0.5340(2) 0.46908(16) 1 0.0652(9)
H14A ? ? 0.6221 0.5374 0.4962 1 0.078
H14B ? ? 0.6630 0.4843 0.4512 1 0.078
O15 ? ? 0.8267(2) 0.5240(2) 0.65939(14) 1 0.0538(8)
H15A ? ? 0.8799 0.5062 0.6768 1 0.065
H15B ? ? 0.8237 0.5780 0.6657 1 0.065
N5 ? ? 1.0290(4) 0.7758(3) 0.5824(2) 1 0.0734(13)
C21 ? ? 1.1038(6) 0.8357(5) 0.5755(4) 1 0.120(3)
H21 ? ? 1.1672 0.8182 0.5927 1 0.144
C22 ? ? 1.0949(5) 0.9238(5) 0.5443(4) 1 0.111(3)
H22 ? ? 1.1517 0.9629 0.5417 1 0.133
C23 ? ? 1.0060(4) 0.9540(3) 0.5176(2) 1 0.0522(12)
C24 ? ? 0.9273(4) 0.8906(4) 0.5257(3) 1 0.0838(18)
H24 ? ? 0.8630 0.9060 0.5090 1 0.101
C25 ? ? 0.9423(5) 0.8048(4) 0.5580(3) 1 0.0874(19)
H25 ? ? 0.8866 0.7649 0.5626 1 0.105
O13 ? ? 0.2887(3) 0.2683(3) 0.7596(3) 1 0.127(2)
H13B ? ? 0.2767 0.2160 0.7699 1 0.153
H13A ? ? 0.2628 0.3153 0.7517 1 0.153
