|5-Hydroxymethyl-7,7,N-trimethyl-6-oxabicyclo[3.2.1]octane-1-carboxamide|Foces-Foces, C.; López-Rodríguez, M.; Pérez, C.|\ A case of concomitant polymorphism and spontaneous resolution: atetragonal phase of 5-hydroxymethyl-7,7,<i>N</i>-trimethyl-6-oxabicyclo[3.2.1]octane-1-\ carboxamide|Acta Crystallographica, Section C|2008 64(2) o95 o97
C12 H21 N O3
8.2616(18) 8.2616(18) 17.517(4) 90.00 90.00 90.00
P41
O1 ? ? 0.7498(3) 0.4425(3) 0.23964(13) 1 0.0176(5)
O2 ? ? 0.4398(3) 0.3520(3) 0.30670(14) 1 0.0218(5)
H2 ? ? 0.3544 0.3525 0.3327 1 0.033
O3 ? ? 1.1590(3) 0.3494(3) 0.39400(14) 1 0.0261(6)
N1 ? ? 0.9553(3) 0.3761(4) 0.47812(16) 1 0.0193(6)
H1 ? ? 0.8563 0.4113 0.4862 1 0.023
C1 ? ? 0.6639(4) 0.5433(4) 0.29450(18) 1 0.0161(6)
C2 ? ? 0.7056(4) 0.7204(4) 0.2773(2) 1 0.0254(8)
H2A ? ? 0.6631 0.7907 0.3184 1 0.031
H2B ? ? 0.6544 0.7535 0.2287 1 0.031
C3 ? ? 0.8901(4) 0.7402(4) 0.2715(2) 1 0.0292(8)
H3A ? ? 0.9174 0.8564 0.2764 1 0.035
H3B ? ? 0.9259 0.7039 0.2203 1 0.035
C4 ? ? 0.9840(5) 0.6441(4) 0.3328(2) 1 0.0240(8)
H4A ? ? 1.0976 0.6313 0.3159 1 0.029
H4B ? ? 0.9848 0.7073 0.3808 1 0.029
C5 ? ? 0.9122(4) 0.4750(4) 0.34908(17) 1 0.0159(6)
C6 ? ? 0.7356(4) 0.4968(4) 0.37123(18) 1 0.0161(6)
H6A ? ? 0.6881 0.3951 0.3910 1 0.019
H6B ? ? 0.7217 0.5839 0.4095 1 0.019
C7 ? ? 1.0197(4) 0.3930(4) 0.40864(19) 1 0.0168(6)
C8 ? ? 0.4824(4) 0.5144(4) 0.28705(19) 1 0.0201(7)
H8A ? ? 0.4239 0.5904 0.3209 1 0.024
H8B ? ? 0.4485 0.5366 0.2339 1 0.024
C9 ? ? 0.8925(4) 0.3708(4) 0.27517(19) 1 0.0173(6)
C10 ? ? 1.0321(4) 0.3769(6) 0.2181(2) 1 0.0302(9)
H10A ? ? 1.1292 0.3301 0.2414 1 0.036
H10B ? ? 1.0534 0.4896 0.2039 1 0.036
H10C ? ? 1.0031 0.3149 0.1724 1 0.036
C11 ? ? 0.8543(5) 0.1942(4) 0.2934(2) 1 0.0290(8)
H11A ? ? 0.9485 0.1438 0.3178 1 0.035
H11B ? ? 0.8287 0.1363 0.2461 1 0.035
H11C ? ? 0.7614 0.1890 0.3281 1 0.035
C12 ? ? 1.0435(4) 0.3013(5) 0.5409(2) 1 0.0254(8)
H12A ? ? 0.9753 0.3004 0.5867 1 0.031
H12B ? ? 1.1423 0.3633 0.5512 1 0.031
H12C ? ? 1.0723 0.1900 0.5271 1 0.031
