||||Acta Crystallographica, Section B|2006 62(2) 310 320
C4 H8 N2 O3
7.2437(8) 9.2083(13) 7.5328(17) 90 101.214(14) 90
P121/c1
C2 ? ? 0.5214(6) 0.3376(5) 0.2692(10) 1.0000 0.0177(13)
N2 ? ? 0.3849(6) 0.4133(4) 0.1709(9) 1.0000 0.0181(12)
C3 ? ? 0.2395(7) 0.3405(5) 0.0407(11) 1.0000 0.0195(13)
C4 ? ? 0.1426(6) 0.4434(5) -0.1027(10) 1.0000 0.0183(13)
O2 ? ? 0.1782(5) 0.5760(4) -0.0852(8) 1.0000 0.0252(11)
O3 ? ? 0.0300(5) 0.3862(4) -0.2332(8) 1.0000 0.0301(12)
C1 ? ? 0.6607(7) 0.4177(5) 0.4085(11) 1.0000 0.0198(14)
N1 ? ? 0.8432(6) 0.3422(5) 0.4362(9) 1.0000 0.0203(12)
O1 ? ? 0.5317(5) 0.2038(4) 0.2573(8) 1.0000 0.0262(12)
H2 ? ? 0.9270 0.3901 0.5197 1.0000 0.0244
H1 ? ? 0.8846 0.3395 0.3310 1.0000 0.0244
H3 ? ? 0.8294 0.2510 0.4746 1.0000 0.0244
H4 ? ? 0.6758 0.5190 0.3657 1.0000 0.0237
H5 ? ? 0.6145 0.4207 0.5252 1.0000 0.0237
H6 ? ? 0.3814 0.5103 0.1842 1.0000 0.0217
H7 ? ? 0.2985 0.2604 -0.0187 1.0000 0.0235
H8 ? ? 0.1440 0.2988 0.1059 1.0000 0.0235
