||Kubota, M.; Ohba, S.|Nitro-nitrito linkage photoisomerization in crystals of pentaamminenitrocobalt(III) dichloride|Acta Crystallographica Section B|1992 48(5) 627 632
H15 Cl2 Co1 N6 O2
10.191(5) 8.739(4) 10.682(4) ? 95.38(6) ?
C12/c1
Co ? ? 0 .2855(3) 1.25 ? .0216(7)
N(1) ? ? .0191(7) .2890(10) .4363(8) ? .028(3)
N(2) ? ? .1937(7) .2880(10) .2462(8) ? .032(3)
N(3) ? ? 0 .0580(10) .25 ? .029(4)
N(4) ? ? 0 .501(2) .25 ? .048(6)
Cl ? ? .2092(2) .0175(3) .0114(3) ? .0280(10)
O(1) ? ? .0740(10) .575(2) .1870(10) ? .063(4)
N(5) ? ? .040(7) .606(9) .201(8) ? .033(8)
O(2) ? ? 0 .501(2) .25 ? .033(8)
O(3) ? ? .010(10) .729(5) .233(7) ? .033(8)
H(11) ? ? -.0379 .3527 .4738 ? .050
H(12) ? ? .0871 .3647 .4661 ? .050
H(13) ? ? -.0316 .2254 .4795 ? .050
H(21) ? ? .2273 .3574 .1874 ? .050
H(22) ? ? .2262 .1906 .1990 ? .050
H(23) ? ? .2289 .3371 .3032 ? .050
H(31) ? ? .0679 .0000 .2007 ? .050
H(32) ? ? -.0114 .0017 .3256 ? .050
H(33) ? ? -.0396 -.0017 .1788 ? .050
