|tetraphenylarsonium tetraphenylborate|Lloyd, M. A.; Brock, C. P.|[<i>M</i>Ph~4~][BPh~4~], <i>M</i> = P, As and Sb|Acta Crystallographica Section B|1997 53(5) 773 779
C48 H40 As B
15.936(4) 15.936(4) 14.062(2) 90 90 90
I-4
As1 ? ? 0.0000 0.0000 0.0000 1 0.0478(2)
C1 ? ? 0.0750(3) 0.0611(3) 0.0782(4) 1 0.050(2)
C2 ? ? 0.0944(4) 0.1448(3) 0.0613(4) 1 0.051(2)
C3 ? ? 0.1526(4) 0.1857(3) 0.1185(4) 1 0.064(2)
C4 ? ? 0.1914(4) 0.1429(4) 0.1925(4) 1 0.067(2)
C5 ? ? 0.1720(4) 0.0592(4) 0.2094(4) 1 0.070(3)
C6 ? ? 0.1138(4) 0.0183(3) 0.1523(5) 1 0.056(2)
As2 ? ? 0.0000 0.5000 0.2500 1 0.0478(2)
C7 ? ? 0.0744(4) 0.4407(4) 0.3306(4) 1 0.054(3)
C8 ? ? 0.0885(4) 0.3558(4) 0.3143(4) 1 0.062(2)
C9 ? ? 0.1437(4) 0.3115(3) 0.3722(5) 1 0.068(2)
C10 ? ? 0.1846(3) 0.3520(4) 0.4464(5) 1 0.068(3)
C11 ? ? 0.1705(4) 0.4369(4) 0.4627(4) 1 0.065(2)
C12 ? ? 0.1154(4) 0.4812(3) 0.4048(5) 1 0.055(2)
B1 ? ? 0.0000 0.0000 0.5000 1 0.0398(9)
C13 ? ? 0.0684(3) 0.0518(3) 0.5710(4) 1 0.043(2)
C14 ? ? 0.0810(4) 0.1380(3) 0.5669(4) 1 0.054(2)
C15 ? ? 0.1357(3) 0.1765(3) 0.6303(4) 1 0.066(2)
C16 ? ? 0.1778(3) 0.1288(4) 0.6979(4) 1 0.065(2)
C17 ? ? 0.1652(3) 0.0425(4) 0.7021(4) 1 0.064(2)
C18 ? ? 0.1105(3) 0.0040(3) 0.6386(5) 1 0.055(2)
B2 ? ? 0.0000 0.5000 0.7500 1 0.0398(9)
C19 ? ? 0.0659(3) 0.4478(3) 0.8232(5) 1 0.046(2)
C20 ? ? 0.0792(3) 0.3621(3) 0.8125(4) 1 0.054(2)
C21 ? ? 0.1365(3) 0.3209(2) 0.8706(5) 1 0.065(2)
C22 ? ? 0.1805(3) 0.3654(3) 0.9394(4) 1 0.065(2)
C23 ? ? 0.1673(3) 0.4511(3) 0.9502(4) 1 0.061(2)
C24 ? ? 0.1100(4) 0.4923(2) 0.8921(5) 1 0.058(2)
H2 ? ? 0.0684(5) 0.1735(5) 0.0118(5) 1 0.061
H3 ? ? 0.1656(5) 0.2418(3) 0.1072(6) 1 0.077
H4 ? ? 0.2304(5) 0.1703(5) 0.2308(6) 1 0.080
H5 ? ? 0.1980(5) 0.0306(5) 0.2590(5) 1 0.084
H6 ? ? 0.1008(5) -0.0377(3) 0.1636(7) 1 0.067
H8 ? ? 0.0611(6) 0.3286(5) 0.2647(6) 1 0.074
H9 ? ? 0.1531(6) 0.2547(3) 0.3613(7) 1 0.082
H10 ? ? 0.2215(5) 0.3224(5) 0.4851(6) 1 0.082
H11 ? ? 0.1980(5) 0.4641(5) 0.5123(5) 1 0.078
H12 ? ? 0.1060(6) 0.5380(3) 0.4157(6) 1 0.066
H14 ? ? 0.0528(5) 0.1700(4) 0.5217(5) 1 0.065
H15 ? ? 0.1441(5) 0.2342(3) 0.6276(6) 1 0.080
H16 ? ? 0.2144(5) 0.1545(5) 0.7404(6) 1 0.078
H17 ? ? 0.1933(5) 0.0106(5) 0.7473(5) 1 0.077
H18 ? ? 0.1020(5) -0.0536(3) 0.6414(6) 1 0.066
H20 ? ? 0.0498(5) 0.3323(4) 0.7664(5) 1 0.065
H21 ? ? 0.1454(5) 0.2636(3) 0.8634(6) 1 0.078
H22 ? ? 0.2189(5) 0.3378(5) 0.9783(6) 1 0.078
H23 ? ? 0.1967(5) 0.4808(5) 0.9962(6) 1 0.073
H24 ? ? 0.1011(5) 0.5496(3) 0.8993(7) 1 0.070
