L-ornithine Hydrochloride||Dittrich, B.; Munshi, P.; Spackman, M. A.|Redetermination, invariom-model and multipole refinement of <small>L</small>-ornithine hydrochloride|Acta Crystallographica Section B|2007 63(3) 505 509
C5 H13 Cl N2 O2
9.9480(2) 7.9637(2) 4.98260(10) 90.0 83.130(10) 90.0
P1211
CL1 ? ? 0.420733(4) 0.220613 0.401602(9) 1 0.011
O1 ? ? -0.00485(2) -0.06033(2) -0.17400(3) 1 0.011
O2 ? ? -0.095930(10) -0.06593(2) 0.25880(3) 1 0.012
N1 ? ? 0.10999(2) 0.14325(2) 0.39039(3) 1 0.009
N2 ? ? 0.35613(2) -0.53068(2) -0.07902(3) 1 0.011
C1 ? ? -0.00159(2) -0.03766(2) 0.07543(4) 1 0.008
C2 ? ? 0.13384(2) 0.02295(2) 0.16088(4) 1 0.008
C3 ? ? 0.21365(2) -0.12686(3) 0.25227(4) 1 0.01
C4 ? ? 0.25894(2) -0.24816(2) 0.02337(4) 1 0.01
C5 ? ? 0.32130(2) -0.40292(3) 0.13674(4) 1 0.011
H1 ? ? 0.0647(5) 0.2507(8) 0.3347(9) 1 0.0280(10)
H2 ? ? 0.2017(5) 0.1780(6) 0.4382(9) 1 0.0230(10)
H3 ? ? 0.0551(5) 0.0849(7) 0.5542(11) 1 0.0250(10)
H4 ? ? 0.1908(4) 0.0873(5) -0.0031(9) 1 0.0200(9)
H5 ? ? 0.3001(5) -0.0776(6) 0.3379(9) 1 0.0240(10)
H6 ? ? 0.1495(5) -0.1922(6) 0.4114(10) 1 0.0260(10)
H7 ? ? 0.3315(5) -0.1891(6) -0.1273(10) 1 0.0290(10)
H8 ? ? 0.1734(4) -0.2873(8) -0.0786(8) 1 0.0274(9)
H9 ? ? 0.4125(5) -0.3773(7) 0.2154(9) 1 0.0290(10)
H10 ? ? 0.2505(5) -0.4607(6) 0.2924(10) 1 0.0290(10)
H11 ? ? 0.3937(5) -0.6356(7) 0.0088(10) 1 0.0250(10)
H12 ? ? 0.4292(5) -0.4850(7) -0.2211(11) 1 0.0280(10)
H13 ? ? 0.2716(5) -0.5613(7) -0.1646(10) 1 0.0290(10)
