BCCDBr(38%)|38% Brominated Betaine Calcium Chloride Dihydrate|Vieira, L. G.; Hernandez, O.; Ribeiro, J. L.; Cousson, A.; Kiat, J.-M.; Chaves, M. R.; Almeida, A.; Klöpperpieper, A.|Structure of the X-phase of 38% brominated betaine calcium chloride dihydrate|Acta Crystallographica Section B|2001 57(3) 296 302
C5 H15 Br0.77 Ca1 Cl1.23 N1 O4
11.04(3) 10.22(3) 10.55(2) 90.0 90.0 90.0
?
Ca0 ? ? .1923(2) .2631(3) .2258(2) 1.0000 .0088
N0 ? ? .48460(10) .20595(13) .67561(12) 1.0000 .0060
Cl1 ? ? .3074(3) .4513(3) .0776(3) .578(8) .0072
Br1 ? ? .3124(6) .4395(6) .0676(5) .422(8) .0027
Cl2 ? ? .2999(3) .0496(3) .1040(2) .649(7) .0072
Br2 ? ? .3015(7) .0566(8) .0894(6) .351(7) .0027
O1 ? ? .53600(17) .2525(3) .4136(2) 1.0000 .0095
O2 ? ? .34021(18) .2791(2) .3715(2) 1.0000 .0107
O31 ? ? .0825(2) .4365(3) .3208(3) 1.0000 .0167
O32 ? ? .0896(2) .1286(3) .3735(2) 1.0000 .0140
C1 ? ? .42523(16) .1960(2) .80237(17) 1.0000 .0103
C21 ? ? .58739(17) .2998(2) .68580(19) 1.0000 .0130
C22 ? ? .53025(18) .0736(2) .63900(19) 1.0000 .0119
C3 ? ? .38999(14) .2518(2) .58341(17) 1.0000 .0067
C4 ? ? .42674(14) .26050(18) .44441(16) 1.0000 .0055
H11 ? ? .3515(4) .1250(6) .7966(4) 1.0000 .0247
H12 ? ? .3884(5) .2898(5) .8306(5) 1.0000 .0273
H2 ? ? .4927(5) .1629(6) .8693(5) 1.0000 .0299
H31 ? ? .6351(4) .3061(7) .5953(5) 1.0000 .0310
H32 ? ? .5817(5) .0808(5) .5511(5) 1.0000 .0296
H41 ? ? .5515(6) .3941(5) .7124(7) 1.0000 .0370
H42 ? ? .4530(5) .0097(5) .6286(7) 1.0000 .0322
H51 ? ? .6479(5) .2640(8) .7605(6) 1.0000 .0386
H52 ? ? .5890(6) .0386(6) .7143(5) 1.0000 .0351
H61 ? ? .3149(4) .1833(5) .5910(4) 1.0000 .0221
H62 ? ? .3586(5) .3481(5) .6145(5) 1.0000 .0256
H71 ? ? -.0020(4) .4269(6) .3415(6) 1.0000 .0314
H72 ? ? .0033(4) .1179(5) .3845(5) 1.0000 .02790
H81 ? ? .1204(5) .4715(6) .3970(6) 1.0000 .0329
H82 ? ? .1279(5) .0788(6) .4409(5) 1.0000 .0283
