|7b-triisopropylsilylfluoradene|Xia, Aibing|Two fluoradene derivatives: pseudosymmetry, eccentric ellipsoids and a phase transition|Acta Crystallographica Section B|2001 57(4) 507 516
C28 H32 Si
8.0120(10) 16.171(2) 18.280(2) 80.780(10) 83.450(10) 84.070(10)
?
Si ? ? .12273(11) .23329(5) .18179(5) 1 .0618(3)
C01 ? ? -.1617(3) .31342(15) .11584(13) 1 .0432(5)
C02 ? ? -.1788(3) .29328(18) .04690(14) 1 .0521(6)
C03 ? ? -.2387(4) .3593(2) -.00598(19) 1 .0770(10)
H03 ? ? -.2450 .3509 -.0547 1 .092
C04 ? ? -.2880(4) .4366(2) .0156(3) 1 .0865(12)
H04 ? ? -.3153 .4817 -.0207 1 .104
C05 ? ? -.2986(4) .4500(2) .0878(3) 1 .0847(12)
H05 ? ? -.3442 .5014 .1012 1 .102
C06 ? ? -.2397(4) .38508(17) .14151(18) 1 .0621(8)
C07 ? ? -.2746(5) .3603(2) .2216(2) 1 .0836(12)
C08 ? ? -.3586(8) .4055(3) .2753(3) 1 .142(3)
H08 ? ? -.3887 .4628 .2633 1 .171
C09 ? ? -.3967(10) .3652(4) .3457(3) 1 .188(4)
H09 ? ? -.4510 .3955 .3820 1 .225
C10 ? ? -.3565(10) .2814(4) .3635(3) 1 .172(3)
H10 ? ? -.3887 .2549 .4113 1 .207
C11 ? ? -.2679(8) .2340(3) .31171(19) 1 .1179(19)
H11 ? ? -.2391 .1768 .3251 1 .141
C12 ? ? -.2235(5) .27349(19) .24023(16) 1 .0741(10)
C13 ? ? -.1218(3) .24168(14) .17312(13) 1 .0459(6)
C14 ? ? -.1520(3) .16968(15) .13338(14) 1 .0472(6)
C15 ? ? -.1536(4) .08468(18) .15796(19) 1 .0682(8)
H15 ? ? -.1409 .0631 .2075 1 .082
C16 ? ? -.1747(5) .0315(2) .1072(3) 1 .0860(11)
H16 ? ? -.1794 -.0258 .1236 1 .103
C17 ? ? -.1886(5) .0620(3) .0339(3) 1 .0899(12)
H17 ? ? -.2004 .0251 .0011 1 .108
C18 ? ? -.1854(5) .1465(3) .0080(2) 1 .0795(10)
H18 ? ? -.1949 .1667 -.0421 1 .095
C19 ? ? -.1678(3) .20124(18) .05730(15) 1 .0525(6)
C20 ? ? .1934(7) .1312(2) .2429(3) 1 .1187(19)
H20 ? ? .1840 .0863 .2138 1 .142
C21 ? ? .1013(10) .1046(3) .3176(3) 1 .170(3)
H21A ? ? -.0167 .1047 .3125 1 .255
H21B ? ? .1166 .1430 .3508 1 .255
H21C ? ? .1448 .0490 .3374 1 .255
C22 ? ? .3829(9) .1307(3) .2501(5) 1 .199(4)
H22A ? ? .4410 .1477 .2020 1 .298
H22B ? ? .4265 .0750 .2697 1 .298
H22C ? ? .3995 .1690 .2832 1 .298
C23 ? ? .2336(4) .2281(2) .0854(2) .813(6) .0827(12)
H23 ? ? .1568 .2605 .0512 .813(6) .099
C23X ? ? .2336(4) .2281(2) .0854(2) .19 .0827(12)
H23X ? ? .3474 .2278 .1003 .187(6) .099
C24 ? ? .2623(5) .1404(3) .0618(3) 1 .1151(17)
H24A ? ? .1598 .1130 .0730 1 .173
H24B ? ? .3494 .1077 .0883 1 .173
H24C ? ? .2957 .1458 .0092 1 .173
C25 ? ? .3970(6) .2685(4) .0670(5) .813(6) .147(3)
H25A ? ? .3830 .3234 .0817 .813(6) .220
H25B ? ? .4291 .2733 .0144 .813(6) .220
H25C ? ? .4832 .2346 .0933 .813(6) .220
C25X ? ? .237(3) .3145(9) .0342(11) .187(6) .094(7)
H25D ? ? .2183 .3588 .0642 .187(6) .141
H25E ? ? .1502 .3202 .0012 .187(6) .141
H25F ? ? .3450 .3179 .0056 .187(6) .141
C26 ? ? .1825(6) .3281(2) .2188(2) .813(6) .0928(14)
H26 ? ? .3056 .3188 .2172 .813(6) .111
C26X ? ? .1825(6) .3281(2) .2188(2) .19 .0928(14)
H26X ? ? .1007 .3709 .1958 .187(6) .111
C27 ? ? .1273(10) .3345(3) .3009(3) 1 .151(3)
H27A ? ? .1471 .2805 .3305 1 .227
H27B ? ? .0094 .3529 .3067 1 .227
H27C ? ? .1909 .3743 .3169 1 .227
C28 ? ? .1553(6) .4106(2) .1685(3) .813(6) .0869(15)
H28A ? ? .1915 .4032 .1179 .813(6) .130
H28B ? ? .2194 .4514 .1828 .813(6) .130
H28C ? ? .0377 .4300 .1727 .813(6) .130
C28X ? ? .345(2) .3717(16) .1916(14) .187(6) .110(8)
H28D ? ? .3755 .3674 .1400 .187(6) .165
H28E ? ? .4342 .3451 .2202 .187(6) .165
H28F ? ? .3260 .4299 .1977 .187(6) .165
