lead aluminum fluoride|pentalead trialuminum nonadecafluoride|Abrahams, S. C.; Ravez, J.; Ritter, H.; Ihringer, J.|Structure‒property correlation over five phases and four transitions in Pb~5~Al~3~F~19~|Acta Crystallographica Section B|2003 59(5) 557 574
Al3 F19 Pb5
14.2624(2) 14.2808(2) 7.23400(10) 90.001(10) 90.5090(10) 90.001(10)
?
Pb1 ? ? 0.2603(2) 0.4174(2) 0.5038(6) 1.0 0.0300(10)
Pb2 ? ? 0.4124(5) -0.2633(5) 0.4920(3) 1.0 0.027(2)
Pb3 ? ? 0.2222(3) -0.0623(3) 0.4967(7) 1.0 0.034(2)
Pb4 ? ? 0.0610(3) 0.2110(3) 0.5001(5) 1.0 0.025(5)
Pb5 ? ? 0.0023(5) 0.4772(2) 0.2557(14) 1.0 0.0520(10)
Al1 ? ? 0.1519(14) 0.3193(13) -0.010(3) 1.0 0.0070(10)
Al2 ? ? 0.6925(13) 0.1735(13) 0.021(3) 1.0 0.0070(10)
Al3 ? ? 0.0044(17) 0.0128(13) 0.245(3) 1.0 0.0070(10)
F1 ? ? 0.2878(13) 0.1155(13) 0.681(3) 1.0 0.0270(10)
F2 ? ? 0.6116(16) -0.2637(17) 0.339(3) 1.0 0.0270(10)
F3 ? ? 0.2606(14) 0.6116(14) 0.349(3) 1.0 0.0120(10)
F4 ? ? -0.2519(14) 0.3867(15) 0.333(2) 1.0 0.0120(10)
F5 ? ? 0.5735(13) 0.2107(13) 0.149(2) 1.0 0.0120(10)
F6 ? ? 0.4092(12) 0.2165(15) 0.305(3) 1.0 0.0270(10)
F7 ? ? 0.1895(13) 0.4066(14) 0.175(3) 1.0 0.0270(10)
F8 ? ? -0.0912(11) 0.2937(13) 0.687(3) 1.0 0.0120(10)
F9 ? ? 0.0391(13) 0.3871(14) -0.045(2) 1.0 0.0270(10)
F10 ? ? 0.6078(11) 0.0683(10) -0.007(3) 1.0 0.0120(10)
F11 ? ? 0.2524(15) 0.2458(13) 0.055(2) 1.0 0.0270(10)
F12 ? ? 0.7357(10) 0.2641(11) 0.015(3) 1.0 0.0120(10)
F13 ? ? 0.00000 0.00000 0.50000 1.0 0.039(2)
F14 ? ? 0.00000 0.00000 0.00000 1.0 0.039(2)
F15 ? ? 0.1171(14) 0.0421(14) 0.254(3) 1.0 0.0250(10)
F16 ? ? -0.1273(14) -0.0583(14) 0.270(3) 1.0 0.0250(10)
F17 ? ? -0.0565(15) 0.1069(16) 0.711(3) 1.0 0.0250(10)
F18 ? ? 0.0588(14) -0.1055(15) 0.740(3) 1.0 0.0250(10)
F19 ? ? 0.1284(15) 0.5927(14) 0.037(2) 1.0 0.0240(10)
F20 ? ? 0.5811(13) -0.1257(13) 0.005(3) 1.0 0.0240(10)
