||Overgaard, Jacob; Platts, Jamie A.; Iversen, Bo B.|Experimental and theoretical charge-density study of a tetranuclear cobalt carbonyl complex|Acta Crystallographica Section B|2009 65(6) 715 723
C28 H10 Co4 O12
8.8195(3) 17.5085(5) 18.3080(5) 90 90.4440(10) 90
?
CO(1) ? ? 0.834583(4) 0.3564490(19) 0.2025250(15) 1 0.009
CO(2) ? ? 0.678305(4) 0.2404320(19) 0.2088120(14) 1 0.009
CO(3) ? ? 0.807934(4) 0.3885640(19) 0.4328370(15) 1 0.009
CO(4) ? ? 0.547264(4) 0.3391920(19) 0.4381390(15) 1 0.009
O(1) ? ? 0.88621(3) 0.513994(13) 0.251917(12) 1 0.023
O(2) ? ? 1.12736(3) 0.283736(14) 0.244438(12) 1 0.023
O(3) ? ? 0.85532(3) 0.371195(14) 0.041843(10) 1 0.024
O(4) ? ? 0.40213(3) 0.160665(14) 0.255912(12) 1 0.024
O(5) ? ? 0.91304(3) 0.128305(13) 0.254849(11) 1 0.022
O(6) ? ? 0.66649(2) 0.210154(12) 0.049991(9) 1 0.019
O(7) ? ? 1.11988(3) 0.389558(15) 0.376976(13) 1 0.025
O(8) ? ? 0.72760(3) 0.549725(13) 0.401884(12) 1 0.024
O(9) ? ? 0.87872(3) 0.389794(15) 0.591427(10) 1 0.028
O(10) ? ? 0.30197(2) 0.236567(13) 0.390197(12) 1 0.021
O(11) ? ? 0.38967(3) 0.487830(13) 0.422938(11) 1 0.021
O(12) ? ? 0.54217(3) 0.305419(16) 0.596587(10) 1 0.029
C(1) ? ? 0.48182(3) 0.391441(14) 0.197253(11) 1 0.01
C(2) ? ? 0.44314(3) 0.456458(16) 0.237842(13) 1 0.016
C(3) ? ? 0.31826(4) 0.500665(19) 0.218176(17) 1 0.022
C(4) ? ? 0.23068(3) 0.480398(19) 0.157216(17) 1 0.023
C(5) ? ? 0.26858(3) 0.41587(2) 0.116500(14) 1 0.022
C(6) ? ? 0.39351(3) 0.371593(17) 0.136323(12) 1 0.016
C(7) ? ? 0.61352(3) 0.346353(13) 0.219023(10) 1 0.009
C(8) ? ? 0.69231(3) 0.325890(13) 0.279900(10) 1 0.009
C(9) ? ? 0.69510(3) 0.329717(13) 0.357794(10) 1 0.009
C(10) ? ? 0.73512(3) 0.284097(13) 0.414922(10) 1 0.009
C(11) ? ? 0.78885(3) 0.205602(13) 0.424020(10) 1 0.01
C(12) ? ? 0.94328(3) 0.189532(16) 0.432963(13) 1 0.015
C(13) ? ? 0.99487(3) 0.114248(17) 0.434724(14) 1 0.019
C(14) ? ? 0.89298(4) 0.053719(16) 0.428440(14) 1 0.02
C(15) ? ? 0.73859(4) 0.069212(16) 0.421058(14) 1 0.019
C(16) ? ? 0.68636(3) 0.144390(15) 0.419007(13) 1 0.015
C(17) ? ? 0.86743(3) 0.453403(15) 0.231468(12) 1 0.014
C(18) ? ? 1.01720(3) 0.312821(15) 0.228349(12) 1 0.014
C(19) ? ? 0.84827(3) 0.365950(15) 0.103749(12) 1 0.014
C(20) ? ? 0.50910(3) 0.191681(15) 0.237918(12) 1 0.015
C(21) ? ? 0.82186(3) 0.170984(15) 0.238995(12) 1 0.014
C(22) ? ? 0.66860(3) 0.220977(14) 0.111427(11) 1 0.013
C(23) ? ? 0.99871(3) 0.388018(16) 0.398207(13) 1 0.015
C(24) ? ? 0.76117(3) 0.488148(15) 0.413708(12) 1 0.014
C(25) ? ? 0.85199(3) 0.389056(16) 0.530567(12) 1 0.016
C(26) ? ? 0.39756(3) 0.276355(16) 0.407520(12) 1 0.014
C(27) ? ? 0.44799(3) 0.429880(16) 0.427678(12) 1 0.014
C(28) ? ? 0.53996(3) 0.319181(17) 0.536034(12) 1 0.017
H(2) ? ? 0.510995 0.472402 0.284981 1 0.03
H(3) ? ? 0.288762 0.550609 0.249942 1 0.045
H(4) ? ? 0.133619 0.51479 0.141637 1 0.054
H(5) ? ? 0.200164 0.400386 0.069407 1 0.047
H(6) ? ? 0.422096 0.321637 0.10438 1 0.033
H(12) ? ? 1.023598 0.23598 0.438653 1 0.032
H(13) ? ? 1.114904 0.102693 0.441003 1 0.04
H(14) ? ? 0.933557 -0.004658 0.429276 1 0.042
H(15) ? ? 0.658756 0.0224 0.416749 1 0.038
H(16) ? ? 0.566053 0.155607 0.413501 1 0.03
