|?|Weber, Thomas; Dshemuchadse, Julia; Kobas, Miroslav; Conrad, Matthias; Harbrecht, Bernd; Steurer, Walter|Large, larger, largest ‒ a family of cluster-based tantalum copper aluminides with giant unit cells. I. Structure solution and refinement|Acta Crystallographica Section B|2009 65(3) 308 317
Al3339.8 Cu231.95 Ta2336
45.3760(10) 45.3760(10) 45.3760(10) 90.00 90.00 90.00
F-43m
Ta1 ? ? 0.423734(7) 0.076266(7) -0.076266(7) 1 0.00329(9)
Ta2 ? ? 0.2500 0.2500 0.2500 1 0.00266(18)
Ta3 ? ? 0.144737(7) 0.066059(5) 0.066059(5) 1 0.00324(6)
Ta4 ? ? 0.287472(5) 0.212528(5) -0.076893(7) 1 0.00319(6)
Ta5 ? ? 0.461261(7) 0.038739(7) -0.038739(7) 1 0.00257(10)
Ta6 ? ? 0.382695(7) 0.039585(5) 0.039585(5) 1 0.00313(6)
Ta7 ? ? 0.172325(5) 0.172325(5) -0.041269(7) 1 0.00309(6)
Ta8 ? ? 0.144615(7) 0.144615(7) 0.144615(7) 1 0.00308(10)
Ta9 ? ? 0.261590(7) 0.184526(5) -0.184526(5) 1 0.00337(6)
Ta10 ? ? 0.236779(5) 0.106862(5) 0.025430(5) 1 0.00470(4)
Ta11 ? ? 0.382845(5) 0.117155(5) -0.036226(7) 1 0.00448(6)
Ta12 ? ? 0.355346(5) 0.144654(5) 0.065463(7) 1 0.00353(6)
Ta13 ? ? 0.315732(5) 0.104699(5) -0.050410(5) 1 0.00364(4)
Ta14 ? ? 0.210677(7) 0.210677(7) -0.210677(7) 1 0.00282(10)
Ta15 ? ? 0.247342(5) 0.171895(5) -0.117242(5) 1 0.00438(4)
Ta16 ? ? 0.328063(5) 0.171937(5) -0.036428(7) 1 0.00433(6)
Ta17 ? ? 0.2500 0.2500 -0.040746(10) 1 0.00244(9)
Ta18 ? ? 0.251844(5) 0.172493(5) 0.038065(5) 1 0.00361(5)
Ta19 ? ? 0.317999(7) 0.025222(5) 0.025222(5) 1 0.00311(6)
Ta20 ? ? 0.211830(7) 0.211830(7) 0.211830(7) 1 0.00303(10)
Ta21 ? ? 0.039643(7) 0.039643(7) -0.039643(7) 1 0.00422(10)
Ta22 ? ? 0.316165(5) 0.183835(5) 0.026723(7) 1 0.00285(6)
Ta23 ? ? 0.105066(8) 0.027088(5) -0.027088(5) 1 0.00598(6)
Ta24 ? ? 0.174599(7) 0.036333(5) -0.036333(5) 1 0.00292(6)
Ta25 ? ? 0.213490(5) 0.213490(5) -0.003282(7) 1 0.00317(6)
Ta26 ? ? 0.208248(7) 0.076960(5) -0.076960(5) 1 0.00307(6)
Ta27 ? ? 0.210837(7) 0.078026(6) 0.078026(6) 1 0.00519(6)
Ta28 ? ? 0.133041(5) 0.078667(5) -0.000004(5) 1 0.00510(5)
Ta29 ? ? 0.237158(6) 0.185367(5) 0.103964(5) 1 0.00621(5)
Ta30 ? ? 0.279734(7) 0.142144(5) 0.142144(5) 1 0.00469(6)
Ta31 ? ? 0.210060(10) 0.0000 0.0000 1 0.00267(9)
Ta32 ? ? 0.210632(7) 0.132640(5) 0.132640(5) 1 0.00566(6)
Ta33 ? ? 0.287722(5) 0.076762(5) 0.002501(5) 1 0.00306(5)
Ta34 ? ? 0.145191(7) 0.145191(7) -0.145191(7) 1 0.00340(10)
Ta35 ? ? 0.246382(7) 0.036036(5) 0.036036(5) 1 0.00306(6)
Ta36 ? ? 0.141591(7) 0.068996(5) -0.068996(5) 1 0.00309(6)
Ta37 ? ? 0.279573(7) 0.068589(5) 0.068589(5) 1 0.00427(6)
Ta38 ? ? 0.355419(7) 0.144581(7) -0.144581(7) 1 0.00325(10)
Ta39 ? ? 0.289445(5) 0.210555(5) 0.133025(7) 1 0.00445(6)
Ta40 ? ? 0.184082(5) 0.184082(5) -0.105311(7) 1 0.00287(6)
Ta41 ? ? 0.261301(7) 0.105036(5) -0.105036(5) 1 0.00358(6)
Ta42 ? ? 0.422353(10) 0.0000 0.0000 1 0.00338(8)
Ta43 ? ? 0.185024(5) 0.106982(5) -0.026151(5) 1 0.00367(5)
Ta44 ? ? 0.394768(5) 0.105232(5) 0.026594(7) 1 0.00296(6)
Ta45 ? ? 0.245845(7) 0.174265(5) 0.174265(5) 1 0.00363(6)
Ta46 ? ? 0.106124(7) 0.106124(7) -0.106124(7) 1 0.00257(10)
Ta47 ? ? 0.105791(7) 0.105791(7) 0.105791(7) 1 0.00512(10)
Ta49 ? ? 0.317177(7) 0.105477(5) 0.105477(5) 1 0.00285(6)
Ta50 ? ? 0.0000 0.0000 0.0000 1 0.0050(2)
Ta51 ? ? 0.316740(7) 0.183260(7) 0.183260(7) 1 0.00485(10)
T52A ? ? 0.177165(19) 0.177165(19) 0.03023(2) 0.33 0.00918(13)
T52B ? ? 0.174984(16) 0.186951(17) 0.035196(17) 0.33 0.00918(13)
T53S ? ? 0.03408(3) 0.03408(3) 0.04001(5) 0.17 0.0078(4)
M1CS ? ? 0.07968(18) 0.06669(13) 0.06669(13) 0.17 0.0088(12)
M1TS ? ? 0.07280(4) 0.07280(4) 0.06740(6) 0.17 0.0088(6)
M2A ? ? 0.21803(3) 0.21803(3) -0.15018(5) 0.880(6) 0.00643(16)
M2C ? ? 0.21803(3) 0.21803(3) -0.15018(5) 0.120(6) 0.00643(16)
M3A ? ? 0.36414(3) 0.01896(2) -0.01896(2) 0.569(6) 0.00643(16)
M3C ? ? 0.36414(3) 0.01896(2) -0.01896(2) 0.431(6) 0.00643(16)
M4A ? ? 0.23061(3) 0.23061(3) -0.09875(4) 0.743(6) 0.00643(16)
M4C ? ? 0.23061(3) 0.23061(3) -0.09875(4) 0.257(6) 0.00643(16)
M5A ? ? 0.44065(3) 0.05935(3) 0.01966(4) 0.689(6) 0.00643(16)
M5C ? ? 0.44065(3) 0.05935(3) 0.01966(4) 0.311(6) 0.00643(16)
M6A ? ? 0.37426(4) 0.08492(3) 0.08492(3) 0.748(6) 0.00643(16)
M6C ? ? 0.37426(4) 0.08492(3) 0.08492(3) 0.252(6) 0.00643(16)
M7A ? ? 0.40225(3) 0.05856(3) -0.01953(3) 0.824(4) 0.00643(16)
M7C ? ? 0.40225(3) 0.05856(3) -0.01953(3) 0.176(4) 0.00643(16)
M8A ? ? 0.23070(3) 0.19114(3) -0.05947(3) 0.881(4) 0.00643(16)
M8C ? ? 0.23070(3) 0.19114(3) -0.05947(3) 0.119(4) 0.00643(16)
M9A ? ? 0.26990(3) 0.19088(3) -0.02016(3) 0.763(5) 0.00643(16)
M9C ? ? 0.26990(3) 0.19088(3) -0.02016(3) 0.237(5) 0.00643(16)
M10A ? ? 0.26966(3) 0.23034(3) 0.01894(4) 0.793(6) 0.00643(16)
M10C ? ? 0.26966(3) 0.23034(3) 0.01894(4) 0.207(6) 0.00643(16)
M11A ? ? 0.47993(5) 0.02007(5) 0.02007(5) 0.905(10) 0.00643(16)
M11C ? ? 0.47993(5) 0.02007(5) 0.02007(5) 0.095(10) 0.00643(16)
M12A ? ? 0.25041(2) 0.10791(2) -0.03949(2) 0.450(5) 0.00643(16)
M12C ? ? 0.25041(2) 0.10791(2) -0.03949(2) 0.550(5) 0.00643(16)
M13A ? ? 0.2500 0.2500 0.10223(5) 0.477(8) 0.00643(16)
M13C ? ? 0.2500 0.2500 0.10223(5) 0.523(8) 0.00643(16)
M14A ? ? 0.33508(3) 0.08455(4) 0.04536(4) 0.902(4) 0.00643(16)
M14C ? ? 0.33508(3) 0.08455(4) 0.04536(4) 0.098(4) 0.00643(16)
M15A ? ? 0.31831(4) 0.04029(3) -0.04029(3) 0.733(6) 0.00643(16)
M15C ? ? 0.31831(4) 0.04029(3) -0.04029(3) 0.267(6) 0.00643(16)
M16A ? ? 0.37536(5) 0.12464(5) 0.12464(5) 0.937(9) 0.00643(16)
M16C ? ? 0.37536(5) 0.12464(5) 0.12464(5) 0.063(9) 0.00643(16)
M17A ? ? 0.2500 0.2500 -0.18151(6) 0.712(8) 0.00643(16)
M17C ? ? 0.2500 0.2500 -0.18151(6) 0.288(8) 0.00643(16)
Al1 ? ? 0.29427(4) 0.12412(4) 0.04628(4) 1 0.0078(3)
Al3 ? ? 0.20630(5) 0.12568(4) -0.12568(4) 1 0.0045(4)
Al4 ? ? 0.36278(6) 0.07050(4) -0.07050(4) 1 0.0090(5)
Al5 ? ? 0.12494(4) 0.12494(4) -0.04400(5) 1 0.0046(4)
Al6 ? ? 0.22107(4) 0.22107(4) 0.05694(6) 1 0.0108(5)
Al7 ? ? 0.10154(6) 0.03560(4) 0.03560(4) 1 0.0084(5)
Al8 ? ? 0.28123(4) 0.15140(4) -0.07035(4) 1 0.0079(3)
Al9 ? ? 0.17463(5) 0.11210(5) 0.03787(5) 1 0.0117(4)
Al10 ? ? 0.14279(4) 0.14279(4) 0.07441(6) 1 0.0067(5)
Al11 ? ? 0.28201(4) 0.13867(4) -0.00735(4) 1 0.0026(3)
Al12 ? ? 0.32070(6) 0.17930(6) -0.17930(6) 1 0.0077(8)
Al13 ? ? 0.27093(4) 0.22907(4) 0.18923(5) 1 0.0033(4)
Al14 ? ? 0.33399(4) 0.16601(4) 0.12501(5) 1 0.0035(4)
Al15 ? ? 0.27164(5) 0.01916(4) -0.01916(4) 1 0.0058(5)
Al16 ? ? 0.22922(4) 0.06163(4) -0.01882(4) 1 0.0061(3)
Al17 ? ? 0.21817(4) 0.13853(4) -0.07146(4) 1 0.0017(3)
Al18 ? ? 0.19031(4) 0.06227(4) 0.02038(4) 1 0.0058(3)
Al19 ? ? 0.27186(6) 0.22814(6) -0.22814(6) 1 0.0078(8)
Al20 ? ? 0.22865(4) 0.22865(4) 0.14828(5) 1 0.0057(4)
Al21 ? ? 0.42759(6) 0.07241(6) 0.07241(6) 1 0.0069(8)
Al22 ? ? 0.14292(4) 0.14292(4) 0.00328(7) 1 0.0116(5)
Al23 ? ? 0.15027(6) 0.01963(4) 0.01963(4) 1 0.0069(4)
Al24 ? ? 0.32063(6) 0.10966(4) -0.10966(4) 1 0.0064(5)
Al25 ? ? 0.27156(6) 0.06230(4) -0.06230(4) 1 0.0071(5)
Al26 ? ? 0.29349(4) 0.16449(4) 0.08581(4) 1 0.0073(3)
Al27 ? ? 0.34992(4) 0.07183(4) -0.00702(4) 1 0.0038(3)
Al28 ? ? 0.18984(4) 0.18984(4) 0.14821(6) 1 0.0116(5)
Al29 ? ? 0.28118(4) 0.21882(4) -0.13777(6) 1 0.0071(5)
Al30 ? ? 0.20606(5) 0.16417(4) -0.16417(4) 1 0.0049(4)
Al31 ? ? 0.33596(4) 0.12564(4) 0.00468(4) 1 0.0047(3)
Al32 ? ? 0.07012(5) 0.07012(5) 0.00472(7) 1 0.0134(6)
Al33 ? ? 0.28211(4) 0.21789(4) 0.07130(5) 1 0.0042(4)
Al34 ? ? 0.16493(4) 0.12459(4) -0.08438(4) 1 0.0043(3)
Al35 ? ? 0.08571(4) 0.08571(4) -0.04448(6) 1 0.0077(4)
Al36 ? ? 0.35577(8) 0.14423(8) -0.08129(8) 1 0.0373(12)
Al37 ? ? 0.29194(8) 0.14439(5) -0.14439(5) 1 0.0372(11)
Al38 ? ? 0.32019(8) 0.17981(8) -0.10934(11) 1 0.0445(13)
Al39 ? ? 0.39075(11) 0.10925(11) -0.10925(11) 1 0.050(2)
Al40 ? ? 0.11132(7) 0.11132(7) 0.04662(7) 1 0.0276(8)
Al41 ? ? 0.17333(7) 0.17333(7) 0.09809(8) 1 0.0303(8)
Al42 ? ? 0.22053(5) 0.15352(4) -0.00995(5) 1 0.0144(4)
A43S ? ? 0.00515(8) 0.05925(13) 0.00515(8) 0.50 0.0170(12)
A44S ? ? 0.10084(7) 0.10970(7) 0.16490(8) 0.50 0.0112(8)
A45A ? ? 0.25456(5) 0.12490(5) 0.08586(5) 0.745(7) 0.0069(6)
A45B ? ? 0.2573(3) 0.1102(3) 0.1014(3) 0.128(4) 0.0069(6)
A46A ? ? 0.13713(17) 0.21995(19) 0.07379(17) 0.280(6) 0.0115(6)
A46B ? ? 0.14327(6) 0.20737(7) 0.06888(6) 0.720(6) 0.0115(6)
