|hexaquanickel(II) nitrate (15-crown-5) dihydrate|Siegler, Maxime A.; Hao, Xiang; Parkin, Sean; Brock, Carolyn Pratt|[Ni(H~2~O)~6~](NO~3~)~2~·(15-crown-5)·2H~2~O: three phase transitions and an intermediate modulated phase stable over a range of <i>ca</i> 40K|Acta Crystallographica Section B|2011 67(6) 486 498
C10 H36 N2 Ni O19
12.3620(10) 12.5570(10) 8.1020(10) 90.00 101.360(10) 90.00
P121/m1
O1 2 ? 0.0705(9) 0.2500 0.7305(11) 1 0.135(3)
C1 1 ? 0.0403(9) 0.3436(9) 0.6309(13) 1 0.153(4)
H1A 1 ? -0.0387 0.3551 0.6154 1 0.184
H1B 1 ? 0.0589 0.3346 0.5209 1 0.184
C2 1 ? 0.0997(9) 0.4364(9) 0.7170(11) 1 0.132(3)
H2A 1 ? 0.0726 0.5022 0.6608 1 0.158
H2B 1 ? 0.0913 0.4400 0.8334 1 0.158
O2 1 ? 0.2147(9) 0.4185(8) 0.7066(11) 1 0.170(3)
C3 1 ? 0.2818(11) 0.4786(15) 0.7913(14) 1 0.189(5)
H3A 1 ? 0.2709 0.4780 0.9066 1 0.226
H3B 1 ? 0.2687 0.5506 0.7486 1 0.226
C4 1 ? 0.3988(10) 0.4482(9) 0.7892(12) 1 0.168(4)
H4A 1 ? 0.4078 0.4271 0.6775 1 0.202
H4B 1 ? 0.4496 0.5057 0.8295 1 0.202
O3 1 ? 0.413(2) 0.360(2) 0.903(4) 0.50 0.204(5)
C5 1 ? 0.5159(13) 0.3112(18) 0.896(3) 0.50 0.193(8)
H5A 1 ? 0.5393 0.3356 0.7945 0.50 0.231
H5B 1 ? 0.5703 0.3356 0.9912 0.50 0.231
O3' 1 ? 0.435(3) 0.3571(19) 0.889(4) 0.50 0.204(5)
C6 1 ? 0.450(2) 0.271(3) 0.782(2) 0.50 0.235(16)
H6A 1 ? 0.3972 0.2871 0.6801 0.50 0.281
H6B 1 ? 0.5215 0.2871 0.7547 0.50 0.281
Ni 2 ? 0.25183(7) 0.2500 0.25743(10) 1 0.0484(5)
O6 2 ? 0.2711(6) 0.2500 0.5136(8) 1 0.0719(19)
H6 1 ? 0.264(6) 0.186(2) 0.535(9) 1 0.108
O7 2 ? 0.2345(6) 0.2500 0.0042(8) 1 0.114(3)
H7 2 ? 0.180(5) 0.2500 -0.072(9) 1 0.171
H7' 2 ? 0.289(5) 0.2500 -0.038(11) 1 0.171
O8 1 ? 0.1335(4) 0.3643(4) 0.2454(7) 1 0.0757(14)
H8C 1 ? 0.078(4) 0.359(6) 0.172(8) 1 0.114
H8D 1 ? 0.147(6) 0.428(2) 0.264(9) 1 0.114
O9 1 ? 0.3706(4) 0.1359(4) 0.2709(7) 1 0.0861(16)
H9C 1 ? 0.431(4) 0.144(6) 0.333(9) 1 0.129
H9D 1 ? 0.354(6) 0.074(3) 0.276(11) 1 0.129
N1 2 ? 0.6271(8) 0.2500 0.4715(13) 1 0.096(3)
O12 1 ? 0.5795(5) 0.3346(6) 0.4462(10) 1 0.128(3)
O13 2 ? 0.7267(7) 0.2500 0.5360(17) 1 0.161(5)
N2 2 ? -0.1187(8) 0.2500 0.0311(14) 1 0.096(3)
O15 1 ? -0.0717(5) 0.3345(5) 0.0624(10) 1 0.126(3)
O16 2 ? -0.2157(8) 0.2500 -0.0489(17) 1 0.157(5)
O18 1 ? 0.2422(5) 0.5581(6) 0.2495(8) 1 0.128(3)
H18C 1 ? 0.271(10) 0.601(5) 0.321(10) 1 0.192
H18D 1 ? 0.206(10) 0.592(6) 0.170(9) 1 0.192
