||Niemeyer, Mark|A trigonal-bipyramidal coordinated ytterbium(III) alkyl: tris(trimethylsilylmethyl)bis(tetrahydrofuran-O)ytterbium(III)|Acta Crystallographica, Section E|2001 57 m553 m555
C20 H49 O2 Si3 Yb
10.6627(12) 18.549(2) 14.742(2) 90.00 95.293(10) 90.00
P121/n1
Yb ? ? .57857(3) .991285(13) .800031(19) 1 .02393(9)
C1 ? ? .5584(7) 1.0899(3) .8998(5) 1 .0320(15)
H1A ? ? .4683 1.1034 .8908 1 .057(12)
H1B ? ? .5710 1.0688 .9617 1 .057(12)
C2 ? ? .4093(7) .9102(3) .8101(5) 1 .0304(15)
H2A ? ? .4263 .8841 .8685 1 .057(12)
H2B ? ? .3333 .9400 .8158 1 .057(12)
C3 ? ? .7231(8) .9619(4) .6911(6) 1 .0388(17)
H3A ? ? .7283 .9086 .6914 1 .057(12)
H3B ? ? .6796 .9753 .6312 1 .057(12)
O11 ? ? .4596(5) 1.0586(3) .6887(3) 1 .0337(11)
O21 ? ? .7037(5) .9281(3) .9098(4) 1 .0383(12)
Si11 ? ? .6424(2) 1.17531(10) .90860(15) 1 .0331(4)
Si21 ? ? .3651(2) .84187(10) .72282(14) 1 .0321(4)
Si31 ? ? .8845(2) .99302(12) .68795(16) 1 .0426(5)
C12 ? ? .3306(9) 1.0815(6) .6983(7) 1 .056(3)
H12A ? ? .3292 1.1200 .7448 1 .070(9)
H12B ? ? .2795 1.0404 .7169 1 .070(9)
C13 ? ? .2801(11) 1.1090(5) .6066(7) 1 .060(3)
H13A ? ? .2153 1.1466 .6119 1 .070(9)
H13B ? ? .2436 1.0695 .5674 1 .070(9)
C14 ? ? .3966(11) 1.1400(5) .5698(6) 1 .057(3)
H14A ? ? .3875 1.1416 .5024 1 .070(9)
H14B ? ? .4151 1.1890 .5939 1 .070(9)
C15 ? ? .4974(10) 1.0872(4) .6047(5) 1 .045(2)
H15A ? ? .5049 1.0480 .5600 1 .070(9)
H15B ? ? .5798 1.1118 .6154 1 .070(9)
C22 ? ? .7624(9) .9504(5) .9986(6) 1 .047(2)
H22A ? ? .7013 .9756 1.0340 1 .070(9)
H22B ? ? .8351 .9825 .9921 1 .070(9)
C23 ? ? .8045(17) .8800(6) 1.0438(9) .65 .050(4)
H23A ? ? .8815 .8877 1.0855 .65 .070(9)
H23B ? ? .7378 .8609 1.0795 .65 .070(9)
C24 ? ? .8304(14) .8281(8) .9706(9) .65 .057(4)
H24A ? ? .8204 .7774 .9895 .65 .070(9)
H24B ? ? .9152 .8350 .9497 .65 .070(9)
C23A ? ? .851(3) .8916(11) 1.036(2) .35 .077(11)
H23C ? ? .9350 .8953 1.0140 .35 .070(9)
H23D ? ? .8585 .8902 1.1039 .35 .070(9)
C24A ? ? .776(3) .8298(14) .9953(11) .35 .057(7)
H24C ? ? .7054 .8185 1.0318 .35 .070(9)
H24D ? ? .8304 .7865 .9936 .35 .070(9)
C25 ? ? .7270(11) .8514(4) .8996(7) 1 .062(3)
H25A ? ? .7523 .8416 .8379 1 .070(9)
H25B ? ? .6491 .8239 .9074 1 .070(9)
C111 ? ? .6411(9) 1.2181(5) .7931(5) 1 .0427(19)
H11A ? ? .6859 1.1870 .7531 1 .074(7)
H11B ? ? .6830 1.2652 .7988 1 .074(7)
H11C ? ? .5539 1.2246 .7671 1 .074(7)
C112 ? ? .5733(11) 1.2444(4) .9832(6) 1 .054(3)
H11D ? ? .5820 1.2278 1.0465 1 .074(7)
H11E ? ? .4839 1.2512 .9631 1 .074(7)
H11F ? ? .6179 1.2903 .9787 1 .074(7)
C113 ? ? .8099(9) 1.1612(5) .9564(8) 1 .056(3)
H11G ? ? .8519 1.1284 .9168 1 .074(7)
H11H ? ? .8113 1.1402 1.0175 1 .074(7)
H11I ? ? .8541 1.2076 .9600 1 .074(7)
C211 ? ? .2164(9) .7933(5) .7404(7) 1 .055(2)
H21A ? ? .2230 .7720 .8015 1 .074(7)
H21B ? ? .2022 .7551 .6947 1 .074(7)
H21C ? ? .1458 .8273 .7343 1 .074(7)
C212 ? ? .3441(10) .8837(5) .6066(5) 1 .046(2)
H21D ? ? .4248 .9031 .5909 1 .074(7)
H21E ? ? .2823 .9228 .6064 1 .074(7)
H21F ? ? .3141 .8471 .5618 1 .074(7)
C213 ? ? .4881(10) .7713(5) .7193(8) 1 .059(3)
H21G ? ? .5004 .7472 .7785 1 .074(7)
H21H ? ? .5674 .7937 .7053 1 .074(7)
H21I ? ? .4615 .7359 .6720 1 .074(7)
C311 ? ? .9790(9) .9431(5) .6078(7) 1 .053(2)
H31A ? ? .9384 .9476 .5456 1 .074(7)
H31B ? ? .9840 .8921 .6251 1 .074(7)
H31C ? ? 1.0640 .9635 .6106 1 .074(7)
C312 ? ? .8874(12) 1.0902(5) .6561(11) 1 .088(5)
H31D ? ? .8383 1.0974 .5973 1 .074(7)
H31E ? ? .9747 1.1054 .6515 1 .074(7)
H31F ? ? .8509 1.1190 .7028 1 .074(7)
C313 ? ? .9775(11) .9820(8) .8026(8) 1 .092(5)
H31G ? ? .9415 1.0131 .8473 1 .074(7)
H31H ? ? 1.0654 .9957 .7977 1 .074(7)
H31I ? ? .9737 .9316 .8221 1 .074(7)
