||Gilfoy, Heather J. ; Robertson, Katherine N.; Cameron, T. Stanley; Aquino, Manuel A.S.|Tetra-μ-acetato-O:O'-bis(quinoline-N)diruthenium(II,III) hexafluorophosphate quinoline solvate|Acta Crystallographica, Section E|2001 57 m496 m497
C35 H33 F6 N3 O8 P Ru2
12.180(7) 10.980(3) 7.729(3) 99.750(10) 108.70(2) 79.0(3)
P-1
Ru1 ? ? .48727(4) .09331(4) .44470(6) 1 .0378(2)
P1A ? ? 1.0000 .0000 .5000 .50 .0850(11)
F1A ? ? .943(2) .0298(16) .2958(19) .50 .143(5)
F2A ? ? 1.1261(14) .013(2) .487(4) .50 .157(7)
F3A ? ? .984(2) .1451(15) .568(3) .50 .195(9)
P1B ? ? 1.0000 .0000 .5000 .50 .0850(11)
F1B ? ? .967(2) -.0372(14) .2858(19) .50 .143(5)
F2B ? ? 1.1313(14) -.0506(19) .523(4) .50 .157(7)
F3B ? ? 1.015(2) .1332(14) .483(3) .50 .195(9)
O1 ? ? .3916(4) .1713(4) .6166(6) 1 .0464(10)
O2 ? ? .3397(4) .0487(4) .2505(6) 1 .0501(11)
O3 ? ? .5811(4) .0102(4) .2723(6) 1 .0459(10)
O4 ? ? .6330(4) .1352(4) .6462(6) 1 .0485(10)
N1 ? ? .4585(4) .2862(5) .3388(7) 1 .0406(11)
C1 ? ? .3767(6) .1058(6) .7253(8) 1 .0461(14)
C2 ? ? .3067(8) .1655(8) .8497(12) 1 .072(2)
H2A ? ? .3027 .1053 .9234 .50 .108
H2B ? ? .2290 .1965 .7783 .50 .108
H2C ? ? .3428 .2336 .9282 .50 .108
H2D ? ? .2803 .2516 .8299 .50 .108
H2E ? ? .3540 .1604 .9750 .50 .108
H2F ? ? .2402 .1233 .8251 .50 .108
C3 ? ? .3088(6) -.0586(7) .2436(8) 1 .0478(15)
C4 ? ? .2026(7) -.0911(8) .0983(10) 1 .068(2)
H4A ? ? .1683 -.0230 .0256 .50 .102
H4B ? ? .1473 -.1071 .1535 .50 .102
H4C ? ? .2229 -.1645 .0211 .50 .102
H4D ? ? .1907 -.1734 .1078 .50 .102
H4E ? ? .2118 -.0893 -.0200 .50 .102
H4F ? ? .1361 -.0319 .1124 .50 .102
C5 ? ? .3515(5) .3478(6) .3135(9) 1 .0477(15)
H5 ? ? .2953 .3080 .3301 1 .057
C6 ? ? .3174(5) .4674(6) .2640(9) 1 .0534(17)
H6 ? ? .2409 .5070 .2499 1 .064
C7 ? ? .3984(5) .5264(6) .2362(9) 1 .0526(16)
H7 ? ? .3773 .6068 .2020 1 .063
C8 ? ? .5129(5) .4655(5) .2592(8) 1 .0435(14)
C9 ? ? .5993(6) .5233(7) .2324(10) 1 .0586(18)
H9 ? ? .5806 .6032 .1963 1 .070
C10 ? ? .7116(6) .4601(6) .2604(11) 1 .064(2)
H10 ? ? .7692 .4984 .2455 1 .077
C11 ? ? .7399(6) .3397(6) .3108(10) 1 .0586(18)
H11 ? ? .8159 .2981 .3277 1 .070
C12 ? ? .6567(5) .2817(6) .3357(9) 1 .0495(15)
H12 ? ? .6765 .2009 .3688 1 .059
C13 ? ? .5424(5) .3437(5) .3116(7) 1 .0372(13)
C14 ? ? 1.0363(12) .3005(18) 1.133(3) 1 .161(7)
H14 ? ? 1.0489 .2175 1.1548 1 .194
C16 ? ? 1.0042(9) .4505(10) .9312(14) 1 .111(3)
C18 ? ? .9694(14) .6052(18) .724(3) 1 .166(7)
H18 ? ? .9583 .6235 .6057 1 .199
C17 ? ? .9918(10) .4850(16) .7636(19) .75 .137(4)
H17 ? ? .9991 .4218 .6696 .75 .164
C15 ? ? 1.0236(10) .3275(13) .961(2) .75 .140(4)
H15 ? ? 1.0281 .2640 .8659 .75 .168
N2A ? ? .9918(10) .4850(16) .7636(19) .25 .137(4)
N2B ? ? 1.0236(10) .3275(13) .961(2) .25 .140(4)
