||Coustard, Jean-Marie; Le Toquin, Ronan; Leo, Roland; Paulus, Werner; Cousson, Alain|(E)-3-Methoxy-3-methylsulfanylisothiochroman-4-one oxime|Acta Crystallographica, Section E|2001 57 o256 o257
C11 H13 N O2 S2
9.3725(2) 10.7012(2) 23.0919(4) 90 90 90
Pbca
S1 ? ? .05819(5) -.11183(4) .389587(17) 1.0000 .0258
S2 ? ? -.22159(4) -.21074(4) .373388(16) 1.0000 .0231
O1 ? ? .05499(12) -.55520(10) .43741(4) 1.0000 .0229
O2 ? ? -.09002(13) -.22320(10) .47471(5) 1.0000 .0219
N1 ? ? -.00388(13) -.43753(12) .44816(5) 1.0000 .0183
C1 ? ? .05424(15) -.39098(13) .34967(6) 1.0000 .0176
C2 ? ? .00356(16) -.49106(14) .31756(6) 1.0000 .0199
C3 ? ? .05603(17) -.50977(16) .26373(7) 1.0000 .0253
C4 ? ? .1594(2) -.43021(17) .24260(7) 1.0000 .0292
C5 ? ? .21119(19) -.33152(18) .27437(7) 1.0000 .0300
C6 ? ? .15805(17) -.31031(15) .32804(6) 1.0000 .0222
C7 ? ? .20824(18) -.20566(17) .36504(7) 1.0000 .0270
C8 ? ? -.06304(16) -.23405(14) .41668(6) 1.0000 .0188
C9 ? ? -.00210(15) -.36337(14) .40602(6) 1.0000 .0167
C10 ? ? -.1580(2) -.11057(16) .49207(7) 1.0000 .0278
C11 ? ? -.34419(19) -.31788(17) .40594(8) 1.0000 .0309
H1 ? ? .0514 -.5889 .4709 1.0000 .0376(19)
H21 ? ? -.0705 -.5485 .3339 1.0000 .0476(19)
H31 ? ? .0201 -.5807 .2394 1.0000 .0476(19)
H41 ? ? .1982 -.4452 .2028 1.0000 .0476(19)
H51 ? ? .2870 -.2763 .2581 1.0000 .0476(19)
H71 ? ? .2654 -.2297 .3993 1.0000 .0376(19)
H72 ? ? .2696 -.1475 .3454 1.0000 .0376(19)
H101 ? ? -.1728 -.1114 .5349 1.0000 .0476(19)
H102 ? ? -.2524 -.1037 .4721 1.0000 .0476(19)
H103 ? ? -.0969 -.0377 .4811 1.0000 .0476(19)
H111 ? ? -.4376 -.3138 .3855 1.0000 .0476(19)
H112 ? ? -.3575 -.2954 .4477 1.0000 .0476(19)
H113 ? ? -.3046 -.4047 .4033 1.0000 .0476(19)
