||Öztürk, Levent; Hökelek, Tuncer; Dal, Hakan; Kılıç, Zeynel|2,2-[2,2'-Methylenebis(4-nitrophenoxy)]-4,6-[2,2'-methylenebis(4- nitrophenoxy)]-4,6-dichloro-1,3,5,2λ^5^,4λ^5^,6λ^5^-triazatriphosphorine (spiro-ansa) acetonitrile|Acta Crystallographica, Section E|2002 58 o20 o23
C28 H19 Cl2 N8 O12 P3
11.5487(10) 11.8570(10) 15.0238(10) 97.493(10) 109.989(10) 109.776(10)
P-1
Cl1 ? ? .38604(11) .39128(12) .12688(10) 1 .0663(3)
Cl2 ? ? .05091(13) -.01764(10) .18778(9) 1 .0629(3)
P1 ? ? .23329(10) .37485(9) .34729(7) 1 .0429(2)
P2 ? ? .22987(10) .35779(10) .16229(7) 1 .0444(2)
P3 ? ? .07247(10) .15802(9) .20110(7) 1 .0415(2)
O1 ? ? -.3052(5) .1841(8) .5044(4) 1 .139(3)
O2 ? ? -.1369(5) .2403(6) .6450(3) 1 .1167(19)
O3 ? ? .4528(6) .2162(6) .8156(4) 1 .1103(17)
O4 ? ? .6033(7) .1940(7) .7763(5) 1 .143(3)
O5 ? ? .1505(3) .4154(3) .08541(19) 1 .0465(6)
O6 ? ? -.0775(3) .1477(3) .16026(19) 1 .0452(6)
O7 ? ? .1616(3) .4505(3) .3864(2) 1 .0535(7)
O8 ? ? .3681(3) .4060(3) .43821(19) 1 .0486(6)
O9 ? ? -.2763(5) .5725(5) .1651(4) 1 .1044(15)
O10 ? ? -.4080(4) .4197(4) .0331(3) 1 .0747(10)
O11 ? ? -.5220(5) -.1790(5) -.2590(3) 1 .124(2)
O12 ? ? -.6250(4) -.2502(4) -.1685(3) 1 .1060(17)
N1 ? ? -.1838(5) .2374(6) .5581(4) 1 .0864(15)
N2 ? ? .5041(6) .2158(6) .7582(4) 1 .0884(16)
N3 ? ? .1395(3) .2308(3) .3135(2) 1 .0438(7)
N4 ? ? .1467(3) .2113(3) .1350(2) 1 .0476(7)
N5 ? ? .2750(4) .4364(3) .2704(2) 1 .0508(8)
N6 ? ? -.2968(5) .4867(4) .0970(3) 1 .0622(10)
N7 ? ? -.5288(5) -.1789(5) -.1780(4) 1 .0811(14)
N8 ? ? -.1449 -.0237 .5240 1 .0991(18)
C1 ? ? -.0922(5) .2940(5) .5149(4) 1 .0643(12)
C2 ? ? -.1475(5) .2862(5) .4148(4) 1 .0664(13)
C3 ? ? -.0604(5) .3379(5) .3727(4) 1 .0633(12)
C4 ? ? .0770(4) .3962(4) .4308(3) 1 .0508(9)
C5 ? ? .1336(4) .4060(4) .5319(3) 1 .0495(9)
C6 ? ? .0446(4) .3516(5) .5726(3) 1 .0567(10)
C7 ? ? .4565(5) .2571(5) .6707(4) 1 .0634(12)
C8 ? ? .3884(4) .3322(4) .6710(3) 1 .0534(10)
C9 ? ? .3533(4) .3814(4) .5919(3) 1 .0454(8)
C10 ? ? .3881(4) .3491(4) .5147(3) 1 .0456(8)
C11 ? ? .4540(5) .2732(5) .5150(4) 1 .0600(11)
C12 ? ? .4916(6) .2277(6) .5945(4) 1 .0704(14)
C13 ? ? .0367(4) .4283(3) .0916(3) 1 .0403(7)
C14 ? ? .0577(4) .5385(4) .1510(3) 1 .0497(9)
C15 ? ? -.0527(5) .5581(4) .1535(3) 1 .0551(10)
C16 ? ? -.1783(4) .4669(4) .0964(3) 1 .0495(9)
C17 ? ? -.2018(4) .3544(4) .0369(3) 1 .0463(8)
C18 ? ? -.0912(4) .3328(3) .0352(3) 1 .0404(8)
C19 ? ? -.3202(4) .0118(4) -.0991(3) 1 .0511(9)
C20 ? ? -.4117(4) -.0928(4) -.0894(3) 1 .0589(11)
C21 ? ? -.3940(5) -.1169(5) .0005(4) 1 .0627(12)
C22 ? ? -.2792(5) -.0352(4) .0822(3) 1 .0581(11)
C23 ? ? -.1878(4) .0667(4) .0725(3) 1 .0442(8)
C24 ? ? -.2067(4) .0963(3) -.0170(3) 1 .0420(8)
C25 ? ? .2836(5) .4696(4) .5924(3) 1 .0541(10)
C26 ? ? -.1128(4) .2119(4) -.0297(3) 1 .0435(8)
C27 ? ? .1137 .0560 .6407 1 .167(6)
C28 ? ? -.0332 .0074 .5698 1 .230(10)
H2 ? ? -.2404 .2473 .3775 1 .080
H3 ? ? -.0939 .3336 .3060 1 .076
H6 ? ? .0776 .3540 .6389 1 .068
H8 ? ? .3661 .3498 .7235 1 .064
H11 ? ? .4734 .2523 .4616 1 .072
H12 ? ? .5396 .1781 .5971 1 .085
H14 ? ? .1449 .5989 .1889 1 .060
H15 ? ? -.0415 .6315 .1932 1 .066
H17 ? ? -.2895 .2949 -.0011 1 .056
H19 ? ? -.3352 .0251 -.1610 1 .061
H21 ? ? -.4573 -.1859 .0061 1 .075
H22 ? ? -.2638 -.0494 .1438 1 .070
H251 ? ? .3008 .5057 .6598 1 .065
H252 ? ? .3221 .5371 .5669 1 .065
H261 ? ? -.0260 .2079 -.0151 1 .052
H262 ? ? -.1498 .2124 -.0981 1 .052
H271 ? ? .1571 .0123 .6151 1 .251
H272 ? ? .1195 .0430 .7035 1 .251
H273 ? ? .1577 .1436 .6483 1 .251
