||Jian-Rong Li; Li-Zhen Cai; Ru-Qiang Zou; Guo-Wei Zhou; Guo-Cong Guo; Xian-He Bu; Jin-Shun Huang|[EuFe(CN)~6~(DMF)~4~(H~2~O)~3~].H~2~O|Acta Crystallographica, Section E|2002 58 m686 m687
C18H36EuFeN10O8
17.633(4) 8.8791(18) 19.831(4) 90.00 96.12(3) 90.00
P21/n
Eu1 ? ? 0.271450(8) 0.582069(19) 0.523943(9) 1 0.02423(8)
Fe1 ? ? 0.45678(2) 0.25145(5) 0.71199(3) 1 0.02284(12)
N1 ? ? 0.36330(19) 0.4715(4) 0.6150(2) 1 0.0438(9)
N2 ? ? 0.5389(3) 0.0158(5) 0.8110(3) 1 0.0683(14)
N3 ? ? 0.5481(2) 0.2149(5) 0.5830(2) 1 0.0565(12)
N4 ? ? 0.3705(2) 0.2979(5) 0.8454(2) 1 0.0484(10)
N5 ? ? 0.5503(2) 0.5052(5) 0.7809(3) 1 0.0594(12)
N6 ? ? 0.3666(2) -0.0072(4) 0.6412(3) 1 0.0548(11)
N11 ? ? 0.4159(2) 0.2718(4) 0.4195(2) 1 0.0464(9)
N21 ? ? 0.2631(2) 0.7716(7) 0.2821(2) 1 0.0656(14)
N31 ? ? 0.16569(19) 0.2797(4) 0.6802(2) 1 0.0393(8)
N41 ? ? 0.1219(3) 0.2081(6) 0.4679(3) 1 0.0660(13)
C1 ? ? 0.39956(18) 0.3933(4) 0.6511(2) 1 0.0293(8)
C2 ? ? 0.5093(2) 0.1046(4) 0.7735(3) 1 0.0388(10)
C3 ? ? 0.51388(19) 0.2273(4) 0.6304(2) 1 0.0349(9)
C4 ? ? 0.40148(19) 0.2803(4) 0.7948(2) 1 0.0334(8)
C5 ? ? 0.5155(2) 0.4119(4) 0.7546(2) 1 0.0339(8)
C6 ? ? 0.39951(19) 0.0893(4) 0.6682(2) 1 0.0338(8)
C11 ? ? 0.4000(3) 0.4130(6) 0.4240(3) 1 0.0564(14)
H11A ? ? 0.4315 0.4817 0.4051 1 0.068
C12 ? ? 0.4767(4) 0.2247(9) 0.3858(5) 1 0.093(2)
H12A ? ? 0.5008 0.3106 0.3680 1 0.139
H12B ? ? 0.4584 0.1587 0.3493 1 0.139
H12C ? ? 0.5129 0.1721 0.4169 1 0.139
C13 ? ? 0.3732(5) 0.1577(8) 0.4477(7) 1 0.131(4)
H13A ? ? 0.3327 0.2026 0.4694 1 0.196
H13B ? ? 0.4058 0.1016 0.4805 1 0.196
H13C ? ? 0.3521 0.0913 0.4124 1 0.196
C21 ? ? 0.2829(3) 0.7137(7) 0.3471(3) 1 0.0587(14)
H21A ? ? 0.3349 0.6947 0.3557 1 0.070
C22 ? ? 0.1915(4) 0.8049(19) 0.2623(5) 1 0.208(8)
H22A ? ? 0.1606 0.7806 0.2977 1 0.312
H22B ? ? 0.1745 0.7480 0.2224 1 0.312
H22C ? ? 0.1872 0.9106 0.2523 1 0.312
C23 ? ? 0.3099(4) 0.8063(13) 0.2260(5) 1 0.129(4)
H23A ? ? 0.2776 0.8443 0.1877 1 0.194
H23B ? ? 0.3349 0.7163 0.2132 1 0.194
H23C ? ? 0.3475 0.8808 0.2409 1 0.194
C31 ? ? 0.1662(2) 0.4147(5) 0.6516(3) 1 0.0445(11)
H31A ? ? 0.1233 0.4741 0.6544 1 0.053
C32 ? ? 0.1044(3) 0.2215(7) 0.7096(4) 1 0.0701(18)
H32A ? ? 0.0640 0.2942 0.7068 1 0.105
H32B ? ? 0.1199 0.1983 0.7563 1 0.105
H32C ? ? 0.0869 0.1314 0.6861 1 0.105
C33 ? ? 0.2240(3) 0.1824(7) 0.6826(4) 1 0.080(2)
H33A ? ? 0.2651 0.2265 0.6614 1 0.120
H33B ? ? 0.2076 0.0915 0.6592 1 0.120
H33C ? ? 0.2411 0.1594 0.7291 1 0.120
C41 ? ? 0.1471(3) 0.3417(6) 0.4660(3) 1 0.0553(13)
H41A ? ? 0.1222 0.3855 0.4240 1 0.066
C42 ? ? 0.1637(6) 0.0791(8) 0.4734(7) 1 0.131(4)
H42A ? ? 0.2170 0.1036 0.4760 1 0.196
H42B ? ? 0.1500 0.0169 0.4344 1 0.196
H42C ? ? 0.1536 0.0259 0.5136 1 0.196
C43 ? ? 0.0482(4) 0.1865(12) 0.4644(5) 1 0.118(4)
H43A ? ? 0.0225 0.2819 0.4611 1 0.177
H43B ? ? 0.0361 0.1347 0.5043 1 0.177
H43C ? ? 0.0319 0.1270 0.4251 1 0.177
O1W ? ? 0.35552(15) 0.7768(3) 0.51615(18) 1 0.0444(8)
O2W ? ? 0.26578(15) 0.7736(4) 0.62169(19) 1 0.0505(9)
O3W ? ? 0.15759(15) 0.6869(4) 0.50913(17) 1 0.0451(7)
O4W ? ? 0.06700(18) 0.7533(4) 0.39143(19) 1 0.0523(8)
O11 ? ? 0.34818(18) 0.4610(4) 0.4504(2) 1 0.0520(9)
O21 ? ? 0.24661(17) 0.6806(4) 0.39742(18) 1 0.0522(9)
O31 ? ? 0.21597(17) 0.4688(4) 0.62251(19) 1 0.0505(8)
O41 ? ? 0.20856(19) 0.3726(4) 0.4674(2) 1 0.0551(9)
