[H~2~cyclenPO][I]||Twamley, Brendan; Gupta, O. D. ; Shreeve, Jean'ne M.|1,7-Dihydro-1,4,7,10-tetraazacyclododecanephosphine oxide iodide|Acta Crystallographica, Section E|2003 59 o734 o736
C8 H18 I N4 O P
19.327(3) 19.327(3) 10.052(2) 90.00 90.00 120.00
R32:H
P1 ? ? 0.90744(10) 0.3333 0.8333 1 0.0208(5)
O1 ? ? 0.9861(3) 0.3333 0.8333 1 0.0205(11)
I1 ? ? 0.6667 0.3333 0.8333 1 0.0380(3)
I1' ? ? 0.49062(10) 0.3333 0.3333 0.67 0.0771(5)
N1 ? ? 0.8791(3) 0.2988(3) 1.0111(4) 1 0.0225(10)
H1 ? ? 0.9201 0.3149 1.0620 1 0.027
N2 ? ? 0.9082(3) 0.4160(3) 0.8791(5) 1 0.0259(10)
C2 ? ? 0.8380(4) 0.3400(4) 1.0694(6) 1 0.0314(13)
H2A ? ? 0.8412 0.3410 1.1667 1 0.038
H2B ? ? 0.7816 0.3130 1.0430 1 0.038
C3 ? ? 0.8830(4) 0.4243(4) 1.0126(6) 1 0.0348(16)
H3A ? ? 0.8481 0.4476 1.0082 1 0.042
H3B ? ? 0.9294 0.4587 1.0679 1 0.042
C4 ? ? 0.9185(4) 0.4756(4) 0.7788(6) 1 0.0343(15)
H4A ? ? 0.9555 0.5298 0.8106 1 0.041
H4B ? ? 0.8672 0.4718 0.7576 1 0.041
C1 ? ? 0.8298(3) 0.2109(4) 1.0083(6) 1 0.0317(14)
H1A ? ? 0.7978 0.1912 1.0897 1 0.038
H1B ? ? 0.8636 0.1866 1.0006 1 0.038
