||Subha Nandhini, M.; Krishnakumar, R. V.; Narasimhamurthy, T.; Vijayakumar, V.; Sundaravadivelu, M.; Natarajan, S.|4,8,9,10-Tetraphenyl-1,3-diazaadamantan-6-one acetone hemisolvate|Acta Crystallographica, Section E|2002 58 o1210 o1212
C67 H62 N4 O3
12.6087(14) 13.7214(12) 17.056(2) 92.760(10) 103.570(10) 111.600(10)
P-1
N1A ? ? 0.80037(15) 0.08443(15) 0.38558(10) 1 0.0480(5)
C2A ? ? 0.88221(18) 0.04455(17) 0.43890(13) 1 0.0457(5)
H2A1 ? ? 0.9310 0.0293 0.4078 1 0.055
H2A2 ? ? 0.9344 0.1001 0.4839 1 0.055
N3A ? ? 0.82221(14) -0.05093(14) 0.47210(10) 1 0.0441(4)
C4A ? ? 0.74941(19) -0.13547(18) 0.40171(13) 1 0.0477(5)
H4A ? ? 0.8032 -0.1361 0.3686 1 0.057
C41A ? ? 0.7051(2) -0.24597(18) 0.42565(14) 1 0.0520(6)
C42A ? ? 0.5903(3) -0.3194(2) 0.39799(18) 1 0.0771(8)
H42A ? ? 0.5329 -0.3010 0.3647 1 0.093
C43A ? ? 0.7547(3) -0.3785(2) 0.49576(19) 1 0.0791(8)
H43A ? ? 0.8113 -0.3974 0.5294 1 0.095
C44A ? ? 0.6407(4) -0.4505(2) 0.4675(2) 1 0.0897(10)
H44A ? ? 0.6191 -0.5187 0.4810 1 0.108
C45A ? ? 0.5591(4) -0.4206(3) 0.4192(2) 1 0.1013(11)
H45A ? ? 0.4809 -0.4689 0.3999 1 0.122
C46A ? ? 0.7865(2) -0.2782(2) 0.47475(17) 1 0.0679(7)
H46A ? ? 0.8650 -0.2306 0.4941 1 0.081
C5A ? ? 0.65451(19) -0.1024(2) 0.34737(13) 1 0.0531(6)
H5A ? ? 0.6027 -0.1587 0.3018 1 0.064
C6A ? ? 0.5833(2) -0.0733(2) 0.39666(13) 1 0.0524(6)
O1A ? ? 0.47528(14) -0.10945(16) 0.37686(10) 1 0.0709(5)
C7A ? ? 0.65949(19) 0.01111(18) 0.46867(13) 1 0.0483(5)
H7A ? ? 0.6109 0.0270 0.5005 1 0.058
C8A ? ? 0.7270(2) 0.11079(18) 0.43228(13) 1 0.0497(6)
H8A ? ? 0.6663 0.1249 0.3926 1 0.060
C81A ? ? 0.7973(2) 0.21226(18) 0.49320(14) 1 0.0508(6)
C82A ? ? 0.7519(3) 0.2383(2) 0.55432(17) 1 0.0704(7)
H82A ? ? 0.6807 0.1908 0.5608 1 0.084
C85A ? ? 0.9639(3) 0.3795(2) 0.53926(18) 1 0.0755(8)
H53A ? ? 1.0363 0.4267 0.5344 1 0.091
C84A ? ? 0.9176(3) 0.4045(2) 0.5985(2) 1 0.0849(9)
H84A ? ? 0.9578 0.4685 0.6335 1 0.102
C83A ? ? 0.8119(3) 0.3347(3) 0.6056(2) 1 0.0865(9)
H83A ? ? 0.7796 0.3518 0.6454 1 0.104
C86A ? ? 0.9044(2) 0.28512(19) 0.48656(16) 1 0.0608(7)
H86A ? ? 0.9366 0.2701 0.4460 1 0.073
C9A ? ? 0.7206(2) 0.00208(19) 0.31543(13) 1 0.0527(6)
H9A ? ? 0.6596 0.0272 0.2890 1 0.063
C91A ? ? 0.7838(2) -0.0094(2) 0.25135(13) 1 0.0561(6)
C92A ? ? 0.7483(2) -0.1037(2) 0.19989(15) 1 0.0691(7)
H92A ? ? 0.6887 -0.1642 0.2072 1 0.083
C93A ? ? 0.8005(3) -0.1085(3) 0.13784(17) 1 0.0827(9)
H93A ? ? 0.7760 -0.1723 0.1039 1 0.099
C94A ? ? 0.8882(3) -0.0200(3) 0.12592(18) 1 0.0888(10)
H94A ? ? 0.9232 -0.0236 0.0841 1 0.107
C95A ? ? 0.9241(3) 0.0739(3) 0.17617(19) 1 0.0911(10)
H95A ? ? 0.9831 0.1344 0.1682 1 0.109
C96A ? ? 0.8725(3) 0.0787(2) 0.23855(16) 1 0.0737(8)
H96A ? ? 0.8980 0.1426 0.2726 1 0.088
C10A ? ? 0.75245(18) -0.02359(17) 0.52255(12) 1 0.0441(5)
H10A ? ? 0.8087 0.0399 0.5608 1 0.053
C11A ? ? 0.70444(19) -0.10593(17) 0.57514(12) 1 0.0449(5)
C12A ? ? 0.5848(2) -0.1600(2) 0.56731(15) 1 0.0598(6)
H12A ? ? 0.5299 -0.1477 0.5265 1 0.072
C13A ? ? 0.5447(3) -0.2321(2) 0.61866(17) 1 0.0680(7)
H13A ? ? 0.4637 -0.2678 0.6118 1 0.082
C14A ? ? 0.6241(3) -0.2506(2) 0.67929(17) 1 0.0700(8)
H14A ? ? 0.5978 -0.2994 0.7136 1 0.084
C15A ? ? 0.7435(3) -0.1963(2) 0.68905(16) 1 0.0709(7)
H15A ? ? 0.7978 -0.2081 0.7307 1 0.085
C16A ? ? 0.7838(2) -0.1247(2) 0.63823(14) 1 0.0594(6)
H16A ? ? 0.8649 -0.0886 0.6461 1 0.071
N1B ? ? 0.34468(15) 0.74897(13) -0.02138(10) 1 0.0436(4)
C2B ? ? 0.21908(19) 0.68652(17) -0.02756(13) 1 0.0438(5)
H2B1 ? ? 0.1860 0.7327 -0.0069 1 0.053
H2B2 ? ? 0.1768 0.6613 -0.0847 1 0.053
N3B ? ? 0.19843(15) 0.59501(13) 0.01698(10) 1 0.0420(4)
C4B ? ? 0.24574(18) 0.52321(16) -0.01815(13) 1 0.0430(5)
H4B ? ? 0.2070 0.5082 -0.0769 1 0.052
C41B ? ? 0.21317(19) 0.41601(16) 0.01159(12) 1 0.0436(5)
C42B ? ? 0.2970(2) 0.37658(18) 0.04646(15) 1 0.0565(6)
H42B ? ? 0.3769 0.4177 0.0536 1 0.068
C43B ? ? 0.2650(3) 0.2779(2) 0.07080(17) 1 0.0649(7)
H43B ? ? 0.3231 0.2538 0.0947 1 0.078
C44B ? ? 0.1483(3) 0.2155(2) 0.05998(17) 1 0.0669(7)
H44B ? ? 0.1266 0.1489 0.0763 1 0.080
C45B ? ? 0.0633(3) 0.2521(2) 0.0248(2) 1 0.0783(8)
H45B ? ? -0.0164 0.2096 0.0165 1 0.094
C46B ? ? 0.0959(2) 0.3517(2) 0.00155(17) 1 0.0658(7)
H46B ? ? 0.0374 0.3759 -0.0213 1 0.079
C5B ? ? 0.37971(19) 0.58357(17) -0.00941(13) 1 0.0443(5)
H5B ? ? 0.4126 0.5371 -0.0312 1 0.053
C6B ? ? 0.44455(19) 0.62772(17) 0.07873(14) 1 0.0472(5)
O1B ? ? 0.53423(15) 0.61642(14) 0.11460(11) 1 0.0655(5)
C7B ? ? 0.39377(19) 0.69650(16) 0.11585(13) 1 0.0452(5)
H7B ? ? 0.4361 0.7225 0.1736 1 0.054
C8B ? ? 0.4117(2) 0.79056(16) 0.06467(13) 1 0.0452(5)
H8B ? ? 0.4958 0.8203 0.0660 1 0.054
C81B ? ? 0.3843(2) 0.88178(17) 0.09699(13) 1 0.0492(6)
C82B ? ? 0.3590(3) 0.9493(2) 0.04468(16) 1 0.0726(8)
H82B ? ? 0.3533 0.9354 -0.0104 1 0.087
C83B ? ? 0.3423(3) 1.0370(2) 0.07313(18) 1 0.0928(11)
H83B ? ? 0.3243 1.0810 0.0371 1 0.111
C84B ? ? 0.3521(3) 1.0595(2) 0.15445(17) 1 0.0871(10)
H84B ? ? 0.3425 1.1194 0.1737 1 0.104
C85B ? ? 0.3762(3) 0.9932(2) 0.20719(16) 1 0.0715(8)
H85B ? ? 0.3817 1.0077 0.2622 1 0.086
C86B ? ? 0.3923(2) 0.90490(19) 0.17877(14) 1 0.0583(6)
H86B ? ? 0.4086 0.8605 0.2150 1 0.070
C9B ? ? 0.3963(2) 0.68192(17) -0.05547(13) 1 0.0468(5)
H9B ? ? 0.4818 0.7236 -0.0428 1 0.056
C91B ? ? 0.3500(2) 0.65604(17) -0.14824(13) 1 0.0489(6)
C92B ? ? 0.3551(2) 0.5704(2) -0.19113(16) 1 0.0635(7)
H92B ? ? 0.3850 0.5257 -0.1628 1 0.076
C93B ? ? 0.3164(3) 0.5502(2) -0.27532(16) 1 0.0746(8)
H93B ? ? 0.3213 0.4925 -0.3030 1 0.090
C94B ? ? 0.2711(3) 0.6145(2) -0.31822(16) 1 0.0718(8)
H94B ? ? 0.2442 0.6002 -0.3748 1 0.086
C95B ? ? 0.2655(3) 0.7002(2) -0.27711(16) 1 0.0708(7)
H95B ? ? 0.2344 0.7439 -0.3059 1 0.085
C96B ? ? 0.3062(2) 0.7219(2) -0.19267(15) 1 0.0630(7)
H96B ? ? 0.3042 0.7813 -0.1654 1 0.076
C10B ? ? 0.25869(19) 0.63749(17) 0.10467(12) 1 0.0435(5)
H10B ? ? 0.2308 0.6928 0.1172 1 0.052
C11B ? ? 0.2202(2) 0.55679(17) 0.16118(12) 1 0.0465(5)
C12B ? ? 0.2962(2) 0.52597(19) 0.21650(15) 1 0.0592(6)
H12B ? ? 0.3768 0.5541 0.2202 1 0.071
C13B ? ? 0.2532(3) 0.4533(2) 0.26676(17) 1 0.0732(8)
H13B ? ? 0.3056 0.4331 0.3036 1 0.088
C14B ? ? 0.1358(3) 0.4110(2) 0.26321(16) 1 0.0717(8)
H14B ? ? 0.1080 0.3616 0.2967 1 0.086
C15B ? ? 0.0595(3) 0.4420(3) 0.20980(15) 1 0.0787(9)
H15B ? ? -0.0207 0.4148 0.2074 1 0.094
C16B ? ? 0.1015(2) 0.5138(2) 0.15952(15) 1 0.0698(8)
H16B ? ? 0.0485 0.5340 0.1233 1 0.084
C32 ? ? 1.1099(5) 0.3049(3) 0.7543(3) 1 0.1538(19)
H32A ? ? 1.1675 0.3167 0.7238 1 0.231
H32B ? ? 1.1463 0.3049 0.8105 1 0.231
H32C ? ? 1.0803 0.3602 0.7503 1 0.231
C33 ? ? 1.0110(3) 0.2016(3) 0.7209(2) 1 0.0932(10)
C34 ? ? 0.9117(4) 0.1685(4) 0.7603(3) 1 0.1431(17)
H34A ? ? 0.8535 0.1003 0.7331 1 0.215
H34B ? ? 0.8759 0.2196 0.7564 1 0.215
H34C ? ? 0.9418 0.1643 0.8166 1 0.215
O3 ? ? 1.0089(2) 0.1446(2) 0.66400(16) 1 0.1133(8)
