trans-N,N'-dimethylquinacridone||Mizuguchi, Jin; Senju, Takatoshi|Reinvestigation of 5,12-dihydro-5,12-dimethylquino[2,3-b]acridine-7,4-dione|Acta Crystallographica, Section E|2003 59 o232 o233
C22 H16 N2 O2
4.928(3) 11.103(3) 14.462(2) 90 98.39(2) 90
P21/c
O1 ? ? 0.3115(3) 0.73650(10) -0.12444(7) 1.00 0.0480(3)
N1 ? ? 0.4143(2) 0.58724(9) 0.13854(7) 1.00 0.0237(2)
C1 ? ? 0.7310(3) 0.82620(10) 0.01053(10) 1.00 0.0338(3)
C2 ? ? 0.9407(3) 0.86480(10) 0.07730(10) 1.00 0.0358(3)
C3 ? ? 0.9722(3) 0.81100(10) 0.16559(9) 1.00 0.0317(3)
C4 ? ? 0.7988(3) 0.72140(10) 0.18705(8) 1.00 0.0273(3)
C5 ? ? 0.5848(2) 0.67940(10) 0.11876(8) 1.00 0.0226(3)
C6 ? ? 0.5536(2) 0.73320(10) 0.02929(8) 1.00 0.0260(3)
C7 ? ? 0.3424(3) 0.69220(10) -0.04536(9) 1.00 0.0296(3)
C8 ? ? 0.1689(2) 0.59330(10) -0.02056(8) 1.00 0.0231(3)
C9 ? ? 0.2095(2) 0.54360(10) 0.07058(7) 1.00 0.0217(3)
C10 ? ? 0.0369(2) 0.45000(10) 0.08876(8) 1.00 0.0241(3)
C11 ? ? 0.4437(3) 0.53550(10) 0.23233(9) 1.00 0.0384(4)
H1 ? ? 0.7050 0.8634 -0.0492 1.00 0.0405
H2 ? ? 1.0619 0.9267 0.0637 1.00 0.0425
H3 ? ? 1.1173 0.8367 0.2120 1.00 0.0377
H4 ? ? 0.8226 0.6877 0.2480 1.00 0.0327
H5 ? ? 0.0570 0.4141 0.1491 1.00 0.0287
H6 ? ? 0.5907 0.5734 0.2710 1.00 0.0458
H7 ? ? 0.2784 0.5468 0.2578 1.00 0.0458
H8 ? ? 0.4802 0.4514 0.2289 1.00 0.0458
