||Meyer, Gerd; Cesur, Nazife; Bremm, Stephan|Tetraamminehexabromodiscandium(III)|Acta Crystallographica, Section E|2003 59 i142 i144
Br6 H12 N4 Sc2
7.211(2) 10.157(3) 11.350(3) 105.39(2) 90.76(2) 109.85(2)
P-1
Br21 ? ? 0.1258(2) 0.40251(16) 0.34540(12) 1 0.0546(4)
Br11 ? ? -0.14637(19) -0.42322(15) 0.13769(11) 1 0.0521(4)
Br1 ? ? -0.0130(2) -0.01176(15) 0.24330(12) 1 0.0481(3)
Br2 ? ? 0.5115(2) 0.02968(14) 0.25850(12) 1 0.0486(4)
Br23 ? ? 0.33607(19) 0.22062(15) 0.53367(11) 1 0.0511(4)
Br22 ? ? 0.3424(2) 0.22896(17) 0.07698(11) 1 0.0558(4)
Sc1 ? ? 0.1727(3) -0.2021(3) 0.1969(2) 1 0.0415(5)
Sc2 ? ? 0.3187(3) 0.2260(3) 0.3042(2) 1 0.0394(5)
N13 ? ? 0.1770(14) -0.1951(11) 0.3998(8) 1 0.052(3)
H13A ? ? 0.2940 -0.1334 0.4400 1 0.117(16)
H13B ? ? 0.1576 -0.2840 0.4066 1 0.117(16)
H13C ? ? 0.0812 -0.1653 0.4317 1 0.117(16)
N11 ? ? 0.1814(14) -0.1890(11) 0.0005(8) 1 0.051(3)
H11A ? ? 0.3022 -0.1796 -0.0215 1 0.117(16)
H11B ? ? 0.1524 -0.1121 -0.0047 1 0.117(16)
H11C ? ? 0.0930 -0.2701 -0.0494 1 0.117(16)
N21 ? ? 0.6158(15) 0.3995(11) 0.3506(9) 1 0.052(3)
H21A ? ? 0.6266 0.4603 0.3051 1 0.117(16)
H21B ? ? 0.7083 0.3593 0.3356 1 0.117(16)
H21C ? ? 0.6320 0.4487 0.4299 1 0.117(16)
N12 ? ? 0.3669(15) -0.3404(11) 0.1667(8) 1 0.053(3)
H12A ? ? 0.2912 -0.4341 0.1522 1 0.117(16)
H12B ? ? 0.4524 -0.3132 0.2335 1 0.117(16)
H12C ? ? 0.4334 -0.3283 0.1025 1 0.117(16)
