|1,4-Diacetyl-1,2,4-triazolin-5-one|Crockett, Rowena; Forrester, Alexander R.; Howie, R. Alan|1,4-Diacetyl-1,2,4-triazolin-5-one|Acta Crystallographica, Section E|2004 60(3) o460 o461
C6 H7 N3 O3
6.572(3) 6.199(3) 9.463(3) 90.00 104.54(3) 90.00
P121/m1
O1 ? ? 1.1837(2) 0.2500 0.67936(18) 1 0.0607(5)
O2 ? ? 0.9826(2) 0.2500 0.37424(16) 1 0.0548(4)
O3 ? ? 0.3322(2) 0.2500 0.17084(18) 1 0.0756(6)
N1 ? ? 0.8331(2) 0.2500 0.57448(17) 1 0.0397(4)
N2 ? ? 0.6286(2) 0.2500 0.59470(18) 1 0.0416(4)
N3 ? ? 0.6193(2) 0.2500 0.35833(17) 1 0.0386(4)
C1 ? ? 1.0092(3) 0.2500 0.6965(2) 1 0.0435(5)
C2 ? ? 0.9545(3) 0.2500 0.8395(2) 1 0.0604(6)
H2A ? ? 0.8627 0.3691 0.8435 0.50 0.091
H2B ? ? 1.0804 0.2636 0.9167 0.50 0.091
H2C ? ? 0.8850 0.1173 0.8510 0.50 0.091
C3 ? ? 0.5092(3) 0.2500 0.4656(2) 1 0.0395(5)
H3 ? ? 0.3633 0.2500 0.4454 1 0.047
C4 ? ? 0.5205(3) 0.2500 0.2067(2) 1 0.0477(5)
C5 ? ? 0.8350(3) 0.2500 0.4286(2) 1 0.0392(4)
C6 ? ? 0.6558(4) 0.2500 0.1041(2) 1 0.0670(7)
H6A ? ? 0.7701 0.1510 0.1377 0.50 0.100
H6B ? ? 0.7106 0.3924 0.0985 0.50 0.100
H6C ? ? 0.5751 0.2065 0.0092 0.50 0.100
