dimeric distannoxane|bis[μ~2~-3-(4-methoxyphenyl)-2-phenyl-2-propenoato]bis[3-(4-methoxyphenyl)- 2-phenyl-2-propenoato]di-μ~3~oxo-tetrakis[dibutyltin(IV)]|Parvez, Masood; Sadiq-ur-Rehman; Shahid, Khadija; Ali, Saqib; Mazhar, Muhammad|Tetrabutylbis[3-(4-methoxyphenyl)-2-phenyl-2-propenoato]distannoxane dimer|Acta Crystallographica, Section E|2004 60(10) m1465 m1467
C96 H124 O14 Sn4
12.971(2) 13.429(3) 15.088(3) 92.490(11) 96.820(11) 118.531(8)
P-1
Sn1 ? ? 0.42616(2) 0.57298(2) 0.995031(17) 1 0.02952(9)
Sn2 ? ? 0.38616(2) 0.38833(2) 0.787339(17) 1 0.03005(9)
O1 ? ? 0.3346(3) 0.6089(2) 0.87460(19) 1 0.0422(7)
O2 ? ? 0.2497(3) 0.4483(2) 0.7802(2) 1 0.0520(9)
O3 ? ? -0.2278(3) 0.6085(3) 0.4785(2) 1 0.0562(9)
O4 ? ? 0.5220(2) 0.3353(2) 0.80965(16) 1 0.0352(7)
O5 ? ? 0.4248(3) 0.2472(3) 0.67464(19) 1 0.0517(8)
O6 ? ? 0.8809(3) 0.0301(3) 0.50410(19) 1 0.0494(8)
O7 ? ? 0.4604(2) 0.4698(2) 0.91445(16) 1 0.0295(6)
C1 ? ? 0.2657(4) 0.5458(3) 0.8038(3) 1 0.0348(10)
C2 ? ? 0.2015(3) 0.5946(3) 0.7481(2) 1 0.0311(9)
C3 ? ? 0.1069(4) 0.5242(4) 0.6866(3) 1 0.0349(10)
H3 ? ? 0.0896 0.4468 0.6803 1 0.042
C4 ? ? 0.2451(4) 0.7194(3) 0.7684(2) 1 0.0310(9)
C5 ? ? 0.3520(4) 0.7983(4) 0.7436(3) 1 0.0448(11)
H5 ? ? 0.3986 0.7723 0.7166 1 0.054
C6 ? ? 0.3915(5) 0.9153(4) 0.7579(4) 1 0.0646(15)
H6 ? ? 0.4638 0.9687 0.7400 1 0.077
C7 ? ? 0.3235(6) 0.9521(5) 0.7986(4) 1 0.0711(18)
H7 ? ? 0.3501 1.0315 0.8094 1 0.085
C8 ? ? 0.2182(6) 0.8749(5) 0.8234(3) 1 0.0637(15)
H8 ? ? 0.1717 0.9008 0.8509 1 0.076
C9 ? ? 0.1799(4) 0.7595(4) 0.8084(3) 1 0.0468(12)
H9 ? ? 0.1071 0.7067 0.8260 1 0.056
C10 ? ? 0.0267(4) 0.5507(3) 0.6279(2) 1 0.0328(9)
C11 ? ? 0.0568(4) 0.6573(4) 0.6010(3) 1 0.0354(10)
H11 ? ? 0.1361 0.7174 0.6184 1 0.042
C12 ? ? -0.0237(4) 0.6796(4) 0.5501(3) 1 0.0395(10)
H12 ? ? 0.0005 0.7536 0.5324 1 0.047
C13 ? ? -0.1402(4) 0.5934(4) 0.5249(3) 1 0.0392(10)
C14 ? ? -0.1723(4) 0.4837(4) 0.5466(3) 1 0.0432(11)
H14 ? ? -0.2511 0.4234 0.5279 1 0.052
C15 ? ? -0.0889(4) 0.4631(4) 0.5954(2) 1 0.0375(10)
H15 ? ? -0.1105 0.3873 0.6073 1 0.045
C16 ? ? -0.1961(5) 0.7223(5) 0.4599(3) 1 0.0629(15)
H16A ? ? -0.1645 0.7733 0.5163 1 0.094
H16B ? ? -0.2666 0.7238 0.4301 1 0.094
H16C ? ? -0.1354 0.7476 0.4205 1 0.094
C17 ? ? 0.5102(4) 0.2761(4) 0.7356(3) 1 0.0384(10)
C18 ? ? 0.6048(4) 0.2445(3) 0.7257(3) 1 0.0349(10)
C19 ? ? 0.5983(4) 0.1916(3) 0.6456(3) 1 0.0377(10)
H19 ? ? 0.5320 0.1788 0.6028 1 0.045
C20 ? ? 0.7025(4) 0.2784(4) 0.8030(3) 1 0.0357(10)
C21 ? ? 0.8155(4) 0.3661(4) 0.8016(3) 1 0.0480(12)
H21 ? ? 0.8311 0.4085 0.7514 1 0.058
C22 ? ? 0.9070(4) 0.3937(5) 0.8721(4) 1 0.0616(15)
H22 ? ? 0.9845 0.4538 0.8692 1 0.074
C23 ? ? 0.8870(5) 0.3359(5) 0.9449(4) 1 0.0687(17)
H23 ? ? 0.9501 0.3549 0.9928 1 0.082
C24 ? ? 0.7743(6) 0.2490(5) 0.9491(3) 1 0.0636(15)
H24 ? ? 0.7597 0.2087 1.0005 1 0.076
C25 ? ? 0.6818(4) 0.2200(4) 0.8787(3) 1 0.0475(12)
H25 ? ? 0.6043 0.1603 0.8822 1 0.057
C26 ? ? 0.6736(4) 0.1502(3) 0.6120(2) 1 0.0345(9)
C27 ? ? 0.6512(4) 0.1123(4) 0.5207(3) 1 0.0419(11)
H27 ? ? 0.5880 0.1147 0.4837 1 0.050
C28 ? ? 0.7171(4) 0.0713(4) 0.4816(3) 1 0.0429(11)
H28 ? ? 0.6995 0.0467 0.4190 1 0.051
C29 ? ? 0.8078(4) 0.0666(3) 0.5343(3) 1 0.0387(10)
C30 ? ? 0.8322(4) 0.1026(4) 0.6254(3) 1 0.0471(12)
H30 ? ? 0.8953 0.0994 0.6618 1 0.056
C31 ? ? 0.7663(4) 0.1429(4) 0.6642(3) 1 0.0448(11)
H31 ? ? 0.7838 0.1660 0.7270 1 0.054
C32 ? ? 0.8604(4) -0.0054(4) 0.4102(3) 1 0.0550(13)
H32A ? ? 0.7808 -0.0714 0.3934 1 0.083
H32B ? ? 0.9199 -0.0265 0.3964 1 0.083
H32C ? ? 0.8665 0.0573 0.3762 1 0.083
C33 ? ? 0.5493(4) 0.7497(3) 1.0027(3) 1 0.0479(12)
H33A ? ? 0.5118 0.7926 1.0258 1 0.058
H33B ? ? 0.6191 0.7664 1.0479 1 0.058
C34 ? ? 0.5924(5) 0.7946(5) 0.9206(4) 1 0.0762(17)
H34A ? ? 0.5231 0.7696 0.8726 1 0.091
H34B ? ? 0.6405 0.7605 0.9019 1 0.091
C35 ? ? 0.6663(7) 0.9227(5) 0.9276(5) 1 0.105(2)
H35A ? ? 0.7344 0.9498 0.9770 1 0.126
H35B ? ? 0.6177 0.9584 0.9412 1 0.126
C36 ? ? 0.7120(7) 0.9569(6) 0.8380(5) 1 0.110(2)
H36A ? ? 0.7561 0.9178 0.8232 1 0.165
H36B ? ? 0.7645 1.0396 0.8435 1 0.165
H36C ? ? 0.6443 0.9350 0.7902 1 0.165
C37 ? ? 0.2590(4) 0.4727(4) 1.0368(3) 1 0.0387(10)
H37A ? ? 0.2269 0.5239 1.0521 1 0.046
H37B ? ? 0.2039 0.4178 0.9850 1 0.046
C38 ? ? 0.2568(4) 0.4065(4) 1.1155(3) 1 0.0530(12)
H38A ? ? 0.2903 0.3562 1.1012 1 0.064
H38B ? ? 0.3097 0.4612 1.1682 1 0.064
C39 ? ? 0.1371(4) 0.3349(5) 1.1413(4) 1 0.0617(14)
H39A ? ? 0.0853 0.2776 1.0897 1 0.074
H39B ? ? 0.1019 0.3844 1.1528 1 0.074
C40 ? ? 0.1369(6) 0.2732(6) 1.2231(5) 1 0.101(2)
H40A ? ? 0.1734 0.2253 1.2133 1 0.152
H40B ? ? 0.0548 0.2252 1.2330 1 0.152
H40C ? ? 0.1822 0.3292 1.2759 1 0.152
C41 ? ? 0.2379(4) 0.2250(3) 0.7925(3) 1 0.0364(10)
H41A ? ? 0.1885 0.1988 0.7322 1 0.044
H41B ? ? 0.2682 0.1711 0.8047 1 0.044
C42 ? ? 0.1585(5) 0.2164(4) 0.8602(4) 1 0.0617(14)
H42A ? ? 0.1212 0.2642 0.8453 1 0.074
H42B ? ? 0.2076 0.2472 0.9204 1 0.074
C43 ? ? 0.0605(6) 0.0941(6) 0.8638(5) 1 0.102(2)
H43A ? ? 0.0037 0.0663 0.8069 0.784(18) 0.122
H43B ? ? 0.0959 0.0433 0.8713 0.784(18) 0.122
C44 ? ? -0.0048(11) 0.0913(11) 0.9430(7) 0.784(18) 0.164(6)
H44A ? ? -0.0675 0.0130 0.9453 0.784(18) 0.247
H44B ? ? -0.0404 0.1410 0.9350 0.784(18) 0.247
H44C ? ? 0.0516 0.1181 0.9992 0.784(18) 0.247
C43' ? ? 0.0605(6) 0.0941(6) 0.8638(5) 0.00 0.102(2)
H43C ? ? 0.0897 0.0668 0.9159 0.216(18) 0.122
H43D ? ? -0.0077 0.1008 0.8802 0.216(18) 0.122
C44' ? ? 0.008(4) -0.004(3) 0.788(2) 0.22 0.164(6)
H44D ? ? -0.0543 -0.0725 0.8080 0.216(18) 0.247
H44E ? ? 0.0709 -0.0195 0.7729 0.216(18) 0.247
H44F ? ? -0.0255 0.0167 0.7353 0.216(18) 0.247
C45 ? ? 0.4759(6) 0.4857(5) 0.6836(4) 0.682(7) 0.0379(16)
H45A ? ? 0.5566 0.4940 0.6916 0.682(7) 0.045
H45B ? ? 0.4334 0.4392 0.6252 0.682(7) 0.045
C46 ? ? 0.4892(7) 0.6025(5) 0.6765(4) 0.682(7) 0.0572(19)
H46A ? ? 0.5392 0.6541 0.7314 0.682(7) 0.069
H46B ? ? 0.4103 0.5980 0.6708 0.682(7) 0.069
C47 ? ? 0.5475(8) 0.6501(6) 0.5934(5) 0.682(7) 0.059(2)
H47A ? ? 0.6224 0.6468 0.5964 0.682(7) 0.070
H47B ? ? 0.4937 0.6018 0.5384 0.682(7) 0.070
C48 ? ? 0.5738(10) 0.7729(7) 0.5877(7) 0.682(7) 0.102(3)
H48A ? ? 0.6141 0.8015 0.5360 0.682(7) 0.152
H48B ? ? 0.6250 0.8205 0.6429 0.682(7) 0.152
H48C ? ? 0.4991 0.7756 0.5805 0.682(7) 0.152
C45' ? ? 0.4488(11) 0.5241(12) 0.7087(8) 0.32 0.0379(16)
H45C ? ? 0.3795 0.5156 0.6669 0.318(7) 0.045
H45D ? ? 0.4782 0.5952 0.7494 0.318(7) 0.045
C46' ? ? 0.5465(12) 0.5423(11) 0.6525(10) 0.32 0.0572(19)
H46C ? ? 0.5123 0.4847 0.5990 0.318(7) 0.069
H46D ? ? 0.6093 0.5325 0.6886 0.318(7) 0.069
C47' ? ? 0.6013(15) 0.6643(12) 0.6224(11) 0.32 0.059(2)
H47C ? ? 0.6721 0.6787 0.5950 0.318(7) 0.070
H47D ? ? 0.6286 0.7204 0.6764 0.318(7) 0.070
C48' ? ? 0.5171(19) 0.686(2) 0.5551(14) 0.32 0.102(3)
H48D ? ? 0.5603 0.7626 0.5372 0.318(7) 0.152
H48E ? ? 0.4501 0.6787 0.5833 0.318(7) 0.152
H48F ? ? 0.4875 0.6294 0.5019 0.318(7) 0.152
