|bis(di-2-pyridylmethanediol-κ^3^N,O,N')copper(II) diacetate tetrahydrate|Li, Cui-Jin; Li, Wei; Tong, Ming-Liang; Ng, Seik Weng|A C-centered monoclinic modification of bis(di-2-pyridylmethanediol-κ^3^N,O,N')copper(II) diacetate tetrahydrate|Acta Crystallographica, Section E|2005 61(2) m232 m234
C26 H34 Cu N4 O12
23.557(2) 8.5744(6) 15.8480(10) 90.00 91.9830(10) 90.00
C2/c
Cu1 ? ? 0.2500 0.7500 0.5000 1 0.03500(10)
O1 ? ? 0.30310(10) 0.73850(10) 0.37400(10) 1 0.0401(3)
O2 ? ? 0.31040(10) 0.5265(2) 0.28310(10) 1 0.0509(4)
O3 ? ? 0.41170(10) 0.7548(2) 0.3886(2) 1 0.0714(6)
O4 ? ? 0.42080(10) 0.5351(2) 0.31830(10) 1 0.0731(5)
O1w ? ? 0.45330(10) 1.0333(2) 0.44850(10) 1 0.0828(6)
O2w ? ? 0.46960(10) 1.2386(2) 0.32100(10) 1 0.0912(8)
N1 ? ? 0.19750(10) 0.6555(2) 0.41030(10) 1 0.0399(4)
N2 ? ? 0.29000(10) 0.5442(2) 0.50720(10) 1 0.0378(3)
C1 ? ? 0.14050(10) 0.6602(3) 0.40970(10) 1 0.0510(5)
C2 ? ? 0.10800(10) 0.5935(3) 0.3456(2) 1 0.0627(6)
C3 ? ? 0.13430(10) 0.5209(3) 0.2806(2) 1 0.0617(6)
C4 ? ? 0.19290(10) 0.5140(3) 0.28100(10) 1 0.0496(5)
C5 ? ? 0.22310(10) 0.5829(2) 0.34670(10) 1 0.0387(4)
C6 ? ? 0.28750(10) 0.5824(2) 0.35610(10) 1 0.0379(4)
C7 ? ? 0.30400(10) 0.4816(2) 0.43310(10) 1 0.0369(4)
C8 ? ? 0.33070(10) 0.3385(2) 0.4295(2) 1 0.0515(5)
C9 ? ? 0.34390(10) 0.2610(3) 0.5041(2) 1 0.0656(7)
C10 ? ? 0.32950(10) 0.3262(3) 0.5792(2) 1 0.0658(7)
C11 ? ? 0.30250(10) 0.4677(3) 0.57900(10) 1 0.0504(5)
C12 ? ? 0.44080(10) 0.6456(3) 0.3601(2) 1 0.0647(6)
C13 ? ? 0.50400(10) 0.6478(5) 0.3797(3) 1 0.122(2)
H1o ? ? 0.3230 0.8018 0.3501 1 0.048
H2o ? ? 0.3451 0.5261 0.2884 1 0.061
H1w1 ? ? 0.4387 0.9503 0.4353 1 0.099
H1w2 ? ? 0.4460 1.0592 0.4964 1 0.099
H2w1 ? ? 0.4480 1.3097 0.3055 1 0.109
H2w2 ? ? 0.4964 1.2805 0.3466 1 0.109
H1 ? ? 0.1226 0.7096 0.4537 1 0.061
H2 ? ? 0.0686 0.5976 0.3464 1 0.075
H3 ? ? 0.1128 0.4766 0.2365 1 0.074
H4 ? ? 0.2115 0.4639 0.2378 1 0.060
H8 ? ? 0.3396 0.2950 0.3779 1 0.062
H9 ? ? 0.3625 0.1653 0.5033 1 0.079
H10 ? ? 0.3379 0.2750 0.6298 1 0.079
H11 ? ? 0.2927 0.5117 0.6301 1 0.061
H13a ? ? 0.5204 0.5508 0.3625 1 0.183
H13b ? ? 0.5108 0.6619 0.4393 1 0.183
H13c ? ? 0.5211 0.7321 0.3497 1 0.183
