||Li, Cui-Jin; Li, Wei; Tong, Ming-Liang; Ng, Seik Weng|A <i>C</i>-centered monoclinic modification of bis(di-2-pyridylmethanediol-κ^3^<i>N,O,N</i>')copper(II) diacetate tetrahydrate|Acta Crystallographica Section E|2005 61(2) m232 m234
C22 H20 Cu N4 O4
23.557(2) 8.5744(6) 15.8480(10) 90.00 91.9830(10) 90.00
P1
C1 ? ? 0.140500 0.660200 0.409700 1 0.0510(5)
C2 ? ? 0.108000 0.593500 0.345600 1 0.0627(6)
C3 ? ? 0.134300 0.520900 0.280600 1 0.0617(6)
C4 ? ? 0.192900 0.514000 0.281000 1 0.0496(5)
C5 ? ? 0.223100 0.582900 0.346700 1 0.0387(4)
C6 ? ? 0.287500 0.582400 0.356100 1 0.0379(4)
C7 ? ? 0.304000 0.481600 0.433100 1 0.0369(4)
C8 ? ? 0.330700 0.338500 0.429500 1 0.0515(5)
C9 ? ? 0.343900 0.261000 0.504100 1 0.0656(7)
H1 ? ? 0.122600 0.709600 0.453700 1 0.061
H2 ? ? 0.068600 0.597600 0.346400 1 0.075
H3 ? ? 0.112800 0.476600 0.236500 1 0.074
H4 ? ? 0.211500 0.463900 0.237800 1 0.060
H8 ? ? 0.339600 0.295000 0.377900 1 0.062
H9 ? ? 0.362500 0.165300 0.503300 1 0.079
N1 ? ? 0.197500 0.655500 0.410300 1 0.0399(4)
N2 ? ? 0.290000 0.544200 0.507200 1 0.0378(3)
O1 ? ? 0.303100 0.738500 0.374000 1 0.0401(3)
O2 ? ? 0.310400 0.526500 0.283100 1 0.0509(4)
C10 ? ? 0.329500 0.326200 0.579200 1 0.0658(7)
C11 ? ? 0.302500 0.467700 0.579000 1 0.0504(5)
Cu1 ? ? 0.250000 0.750000 0.500000 1 0.03500(10)
H10 ? ? 0.337900 0.275000 0.629800 1 0.079
H11 ? ? 0.292700 0.511700 0.630100 1 0.061
H1o ? ? 0.323000 0.801800 0.350100 1 0.048
H2o ? ? 0.345100 0.526100 0.288400 1 0.061
C1_7_555 ? ? 0.359500 0.839800 0.590300 1 0.0510(5)
C2_7_555 ? ? 0.392000 0.906500 0.654400 1 0.0627(6)
C3_7_555 ? ? 0.365700 0.979100 0.719400 1 0.0617(6)
C4_7_555 ? ? 0.307100 0.986000 0.719000 1 0.0496(5)
C5_7_555 ? ? 0.276900 0.917100 0.653300 1 0.0387(4)
C6_7_555 ? ? 0.212500 0.917600 0.643900 1 0.0379(4)
C7_7_565 ? ? 0.196000 1.018400 0.566900 1 0.0369(4)
C8_7_565 ? ? 0.169300 1.161500 0.570500 1 0.0515(5)
C9_7_565 ? ? 0.156100 1.239000 0.495900 1 0.0656(7)
H1_7_555 ? ? 0.377400 0.790400 0.546300 1 0.061
H2_7_555 ? ? 0.431400 0.902400 0.653600 1 0.075
H3_7_565 ? ? 0.387200 1.023400 0.763500 1 0.074
H4_7_565 ? ? 0.288500 1.036100 0.762200 1 0.060
H8_7_565 ? ? 0.160400 1.205000 0.622100 1 0.062
H9_7_565 ? ? 0.137500 1.334700 0.496700 1 0.079
N1_7_555 ? ? 0.302500 0.844500 0.589700 1 0.0399(4)
N2_7_555 ? ? 0.210000 0.955800 0.492800 1 0.0378(3)
O1_7_555 ? ? 0.196900 0.761500 0.626000 1 0.0401(3)
O2_7_555 ? ? 0.189600 0.973500 0.716900 1 0.0509(4)
C10_7_565 ? ? 0.170500 1.173800 0.420800 1 0.0658(7)
C11_7_565 ? ? 0.197500 1.032300 0.421000 1 0.0504(5)
H10_7_565 ? ? 0.162100 1.225000 0.370200 1 0.079
H11_7_555 ? ? 0.207300 0.988300 0.369900 1 0.061
H1o_7_555 ? ? 0.177000 0.698200 0.649900 1 0.048
H2o_7_555 ? ? 0.154900 0.973900 0.711600 1 0.061

||Li, Cui-Jin; Li, Wei; Tong, Ming-Liang; Ng, Seik Weng|A <i>C</i>-centered monoclinic modification of bis(di-2-pyridylmethanediol-κ^3^<i>N,O,N</i>')copper(II) diacetate tetrahydrate|Acta Crystallographica Section E|2005 61(2) m232 m234
C2 H3 O2
23.557(2) 8.5744(6) 15.8480(10) 90.00 91.9830(10) 90.00
P1
O3 ? ? 0.411700 0.754800 0.388600 1 0.0714(6)
O4 ? ? 0.420800 0.535100 0.318300 1 0.0731(5)
C12 ? ? 0.440800 0.645600 0.360100 1 0.0647(6)
C13 ? ? 0.504000 0.647800 0.379700 1 0.122(2)
H13a ? ? 0.520400 0.550800 0.362500 1 0.183
H13b ? ? 0.510800 0.661900 0.439300 1 0.183
H13c ? ? 0.521100 0.732100 0.349700 1 0.183

||Li, Cui-Jin; Li, Wei; Tong, Ming-Liang; Ng, Seik Weng|A <i>C</i>-centered monoclinic modification of bis(di-2-pyridylmethanediol-κ^3^<i>N,O,N</i>')copper(II) diacetate tetrahydrate|Acta Crystallographica Section E|2005 61(2) m232 m234
H2 O
23.557(2) 8.5744(6) 15.8480(10) 90.00 91.9830(10) 90.00
P1
O1w ? ? 0.453300 0.033300 0.448500 1 0.0828(6)
H1w2 ? ? 0.446000 0.059200 0.496400 1 0.099
H1w1_1_545 ? ? 0.438700 -0.049700 0.435300 1 0.099

||Li, Cui-Jin; Li, Wei; Tong, Ming-Liang; Ng, Seik Weng|A <i>C</i>-centered monoclinic modification of bis(di-2-pyridylmethanediol-κ^3^<i>N,O,N</i>')copper(II) diacetate tetrahydrate|Acta Crystallographica Section E|2005 61(2) m232 m234
H2 O
23.557(2) 8.5744(6) 15.8480(10) 90.00 91.9830(10) 90.00
P1
O2w ? ? 0.469600 0.238600 0.321000 1 0.0912(8)
H2w1 ? ? 0.448000 0.309700 0.305500 1 0.109
H2w2 ? ? 0.496400 0.280500 0.346600 1 0.109
