|1-(1-Hydroxy-2-naphthyl)ethanone|Büyükgüngör, Orhan; Odabaşoğlu, Mustafa|1-(1-Hydroxy-2-naphthyl)ethanone|Acta Crystallographica, Section E|2006 62(3) o953 o954
C12 H10 O2
7.6259(10) 7.0348(7) 18.755(3) 90.00 111.502(10) 90.00
P21/c
C1 ? ? 1.0794(4) 0.2215(5) 0.66670(16) 1 0.1110(11)
H1A ? ? 1.1682 0.1914 0.6430 1 0.166
H1B ? ? 0.9827 0.1262 0.6536 1 0.166
H1C ? ? 1.1430 0.2254 0.7213 1 0.166
C2 ? ? 0.9926(4) 0.4108(5) 0.63892(14) 1 0.0862(8)
C3 ? ? 0.8637(3) 0.4367(3) 0.55939(12) 1 0.0698(6)
C4 ? ? 0.8234(3) 0.2867(3) 0.50551(13) 1 0.0738(7)
H4 ? ? 0.8807 0.1692 0.5209 1 0.089
C5 ? ? 0.7040(3) 0.3096(3) 0.43245(13) 1 0.0742(7)
H5 ? ? 0.6818 0.2086 0.3982 1 0.089
C6 ? ? 0.6120(3) 0.4859(3) 0.40719(12) 1 0.0656(6)
C7 ? ? 0.4825(3) 0.5147(4) 0.33177(13) 1 0.0818(8)
H7 ? ? 0.4567 0.4152 0.2968 1 0.098
C8 ? ? 0.3950(4) 0.6839(5) 0.30924(15) 1 0.0916(8)
H8 ? ? 0.3091 0.6988 0.2594 1 0.110
C9 ? ? 0.4328(4) 0.8346(5) 0.35991(19) 1 0.0940(9)
H9 ? ? 0.3725 0.9505 0.3439 1 0.113
C10 ? ? 0.5580(4) 0.8144(4) 0.43324(16) 1 0.0826(7)
H10 ? ? 0.5835 0.9173 0.4667 1 0.099
C11 ? ? 0.6491(3) 0.6394(3) 0.45884(12) 1 0.0667(6)
C12 ? ? 0.7788(3) 0.6115(3) 0.53556(13) 1 0.0701(6)
O1 ? ? 1.0298(3) 0.5474(4) 0.68427(10) 1 0.1133(8)
O2 ? ? 0.8105(3) 0.7617(3) 0.58252(10) 1 0.0964(6)
H2 ? ? 0.8881 0.7332 0.6247 1 0.145
CG1 ? ? 0.7385 0.4616 0.4832 0.00 0.010
CG2 ? ? 0.5216 0.6622 0.3834 0.00 0.010
