|Bis[3,3'-dimethyl-3,3'-methylenebis(2,3-dihydro-1H- imidazole)]disilver(I)(Ag—Ag) dichloride hemihydrate|Da-Qi Wang|\ Bis[3,3'-dimethyl-3,3'-methylenebis(2,3-dihydro-1<i>H</i>-imidazole)]\ disilver(I)(Ag—Ag) dichloride hemihydrate|Acta Crystallographica, Section E|2006 62(7) m1565 m1566
C18 H25 Ag2 Cl2 N8 O0.5
7.436(3) 12.498(4) 25.382(8) 90.00 95.702(6) 90.00
P121/c1
Ag1 ? ? -0.00855(7) 0.57564(3) 0.589794(16) 1 0.04468(17)
Ag2 ? ? 0.22652(6) 0.57933(3) 0.707936(15) 1 0.04179(16)
Cl1 ? ? 0.5165(2) 0.58662(12) 0.90127(6) 1 0.0619(4)
Cl2 ? ? 0.3973(2) 1.07330(10) 0.86482(5) 1 0.0479(4)
N1 ? ? -0.1372(6) 0.8003(4) 0.55445(15) 1 0.0415(11)
N2 ? ? 0.1315(6) 0.8151(3) 0.59151(15) 1 0.0325(10)
N3 ? ? 0.2937(6) 0.8172(3) 0.67768(16) 1 0.0344(10)
N4 ? ? 0.2444(6) 0.8053(4) 0.75884(15) 1 0.0403(11)
N5 ? ? -0.1402(6) 0.3505(3) 0.55391(16) 1 0.0415(11)
N6 ? ? 0.1203(6) 0.3343(3) 0.59455(15) 1 0.0358(10)
N7 ? ? 0.2801(6) 0.3374(3) 0.68209(15) 1 0.0350(10)
N8 ? ? 0.2303(6) 0.3570(3) 0.76234(16) 1 0.0395(11)
O1 ? ? 0.3895(15) 0.9249(7) 0.5077(4) 0.50 0.075(3)
H19 ? ? 0.4251 0.9817 0.5240 0.50 0.090
H20 ? ? 0.4628 0.9251 0.4838 0.50 0.090
C1 ? ? 0.0002(7) 0.7418(4) 0.57952(18) 1 0.0338(11)
C2 ? ? 0.0787(9) 0.9179(4) 0.5743(2) 1 0.0487(15)
H2 ? ? 0.1464 0.9805 0.5782 1 0.058
C3 ? ? -0.0910(10) 0.9067(5) 0.5510(2) 1 0.0542(16)
H3 ? ? -0.1637 0.9609 0.5354 1 0.065
C4 ? ? 0.2450(7) 0.7464(4) 0.71461(17) 1 0.0341(11)
C5 ? ? 0.2895(9) 0.9108(4) 0.7511(2) 1 0.0483(15)
H5 ? ? 0.2968 0.9652 0.7761 1 0.058
C6 ? ? 0.3207(9) 0.9191(4) 0.6998(2) 1 0.0463(15)
H6 ? ? 0.3538 0.9806 0.6825 1 0.056
C7 ? ? -0.3073(9) 0.7541(6) 0.5318(2) 1 0.0664(19)
H7A ? ? -0.3840 0.8098 0.5162 1 0.100
H7B ? ? -0.3660 0.7192 0.5591 1 0.100
H7C ? ? -0.2841 0.7029 0.5051 1 0.100
C8 ? ? 0.3031(7) 0.7929(4) 0.62232(18) 1 0.0369(12)
H8A ? ? 0.3339 0.7181 0.6185 1 0.044
H8B ? ? 0.3975 0.8357 0.6089 1 0.044
C9 ? ? 0.2013(9) 0.7638(5) 0.8100(2) 1 0.0627(18)
H9A ? ? 0.2098 0.8206 0.8356 1 0.094
H9B ? ? 0.2852 0.7082 0.8215 1 0.094
H9C ? ? 0.0807 0.7355 0.8065 1 0.094
C10 ? ? -0.0040(8) 0.4081(4) 0.57886(19) 1 0.0361(12)
C11 ? ? 0.0581(10) 0.2360(4) 0.5803(2) 1 0.0548(18)
H11 ? ? 0.1201 0.1724 0.5882 1 0.066
C12 ? ? -0.0995(9) 0.2425(5) 0.5542(2) 1 0.0547(16)
H12 ? ? -0.1699 0.1870 0.5390 1 0.066
C13 ? ? 0.2357(7) 0.4118(4) 0.71632(19) 1 0.0359(12)
C14 ? ? 0.2740(8) 0.2499(4) 0.7555(2) 1 0.0493(15)
H14 ? ? 0.2861 0.1967 0.7812 1 0.059
C15 ? ? 0.2946(9) 0.2399(4) 0.7052(2) 1 0.0507(15)
H15 ? ? 0.3159 0.1760 0.6881 1 0.061
C16 ? ? -0.3083(9) 0.3977(6) 0.5273(3) 1 0.0667(19)
H16A ? ? -0.3858 0.3415 0.5126 1 0.100
H16B ? ? -0.2786 0.4446 0.4995 1 0.100
H16C ? ? -0.3692 0.4374 0.5526 1 0.100
C17 ? ? 0.2921(7) 0.3587(4) 0.62593(19) 1 0.0370(12)
H17A ? ? 0.3876 0.3155 0.6135 1 0.044
H17B ? ? 0.3223 0.4334 0.6212 1 0.044
C18 ? ? 0.1868(10) 0.4029(5) 0.8124(2) 1 0.0612(18)
H18A ? ? 0.1928 0.3480 0.8390 1 0.092
H18B ? ? 0.0671 0.4324 0.8080 1 0.092
H18C ? ? 0.2720 0.4583 0.8231 1 0.092
