|catena-Poly[[bromomercury(II)]-di-μ-bromo-κ^4^Br:Br-[bromomercury(II)]- μ-1,3-bis(ethylsulfanyl)propane-κ^2^S:S']|Cui, Yun-Cheng; Che, Guang-Bo; Lin, Xian-Feng; Liu, Chun-Bo|\ <i>catena</i>-Poly[[bromomercury(II)]-di-μ-bromo-κ^4^<i>Br</i>:Br-\ [bromomercury(II)]- μ-1,3-bis(ethylsulfanyl)propane-κ^2^<i>S</i>:<i>S</i>']|Acta Crystallographica, Section E|2006 62(7) m1595 m1596
C7 H15 Br4 Hg2 S2
9.818(2) 11.948(2) 15.318(3) 90.00 108.41(3) 90.00
C12/c1
Hg1 ? ? 0.14467(3) 0.38901(2) 0.46728(2) 1 0.04531(12)
Br1 ? ? -0.12088(9) 0.36189(6) 0.43845(5) 1 0.04339(19)
Br2 ? ? 0.31584(9) 0.31862(5) 0.62501(4) 1 0.04034(19)
S1 ? ? 0.26409(19) 0.52813(13) 0.39237(10) 1 0.0308(3)
C1 ? ? 0.4769(9) 0.3958(6) 0.3732(6) 1 0.0476(19)
H1A ? ? 0.5172 0.3546 0.3334 1 0.071
H1B ? ? 0.4579 0.3457 0.4170 1 0.071
H1C ? ? 0.5435 0.4523 0.4052 1 0.071
C2 ? ? 0.3378(8) 0.4508(6) 0.3162(4) 1 0.0382(16)
H2A ? ? 0.2700 0.3942 0.2834 1 0.046
H2B ? ? 0.3560 0.5010 0.2714 1 0.046
C3 ? ? 0.1177(8) 0.6039(5) 0.3130(5) 1 0.0320(14)
H3A ? ? 0.0748 0.6523 0.3480 1 0.038
H3B ? ? 0.1562 0.6514 0.2751 1 0.038
C4 ? ? 0.0000 0.5304(7) 0.2500 1 0.034(2)
H4A ? ? -0.0405 0.4834 0.2863 0.50 0.041
