Farnasiaside|(1S,3aR,5aR,6S,6aR,7S,9R,11aS,11bR,11cS)-7- (beta-D-glucopyranosyloxy)dodecahydro-1,6- dihydroxy-3a,11b-dimethyl-8-methylene-1H- 6a,9-Methanocyclohept[2,3]indeno[4,5-c] furan-3(3aH)-one|Bhattacharyya, Kinkini; Kar, Tanusree; Bocelli, Gabriele; Banerjee, Sukdeb; Mondal, Nirup Bikash|Farnesiaside, a Novel diterpene glycoside|Acta Crystallographica, Section E|2006 62(9) o4007 o4009
C26 H38 O10
11.691(2) 9.336(3) 12.370(2) 90.00 114.82(3) 90.00
P1211
C1 ? ? 0.84069(19) 0.3137(2) 0.04432(17) 1 0.0307(4)
C2 ? ? 0.8089(2) 0.4429(3) 0.1017(2) 1 0.0452(6)
C3 ? ? 0.9290(2) 0.5194(3) 0.1817(2) 1 0.0449(6)
C4 ? ? 1.0024(2) 0.4252(2) 0.29099(18) 1 0.0335(4)
C5 ? ? 0.99885(17) 0.2623(2) 0.26492(16) 1 0.0256(4)
C6 ? ? 1.13382(18) 0.2133(3) 0.34700(18) 1 0.0327(4)
C7 ? ? 0.72650(18) 0.2144(2) -0.02009(16) 1 0.0286(4)
C8 ? ? 0.75578(16) 0.0788(2) 0.05580(15) 1 0.0238(4)
C9 ? ? 0.90080(17) 0.0645(2) 0.10313(15) 1 0.0241(4)
C10 ? ? 0.95464(17) 0.2194(2) 0.13098(15) 1 0.0246(4)
C11 ? ? 0.95394(18) -0.0563(2) 0.19622(17) 1 0.0309(4)
C12 ? ? 0.8875(2) -0.0747(2) 0.27903(17) 1 0.0346(4)
C13 ? ? 0.74353(19) -0.0568(3) 0.21344(17) 1 0.0327(4)
C14 ? ? 0.71415(18) 0.0930(2) 0.15894(17) 1 0.0293(4)
C15 ? ? 0.69608(17) -0.0667(2) -0.00044(15) 1 0.0251(4)
C16 ? ? 0.68443(18) -0.1478(2) 0.10209(17) 1 0.0299(4)
C17 ? ? 0.6225(2) -0.2691(3) 0.0914(2) 1 0.0412(5)
C18 ? ? 1.1411(2) 0.4599(3) 0.3412(2) 1 0.0418(5)
C19 ? ? 0.9584(3) 0.4550(4) 0.3893(2) 1 0.0546(6)
C20 ? ? 1.0647(2) 0.2346(3) 0.09394(18) 1 0.0368(5)
C21 ? ? 0.56711(18) -0.1102(2) -0.20594(16) 1 0.0263(4)
C22 ? ? 0.54675(18) -0.3324(2) -0.30547(17) 1 0.0280(4)
C23 ? ? 0.42753(18) -0.2829(2) -0.41210(17) 1 0.0293(4)
C24 ? ? 0.43031(18) -0.1204(2) -0.42344(17) 1 0.0277(4)
C25 ? ? 0.45274(18) -0.0452(2) -0.30748(17) 1 0.0285(4)
C26 ? ? 0.5528(2) -0.4942(2) -0.2830(2) 1 0.0365(5)
O1 ? ? 1.21256(14) 0.3422(2) 0.36876(15) 1 0.0427(4)
O2 ? ? 1.14018(15) 0.1622(2) 0.45396(13) 1 0.0437(4)
O3 ? ? 1.1867(2) 0.5792(3) 0.3562(2) 1 0.0725(7)
O4 ? ? 0.71632(16) 0.19158(19) -0.13861(12) 1 0.0406(4)
O5 ? ? 0.57420(12) -0.04957(16) -0.10035(11) 1 0.0282(3)
O6 ? ? 0.55316(14) -0.26130(16) -0.20032(12) 1 0.0315(3)
O7 ? ? 0.67420(15) -0.54557(19) -0.26418(14) 1 0.0400(3)
O8 ? ? 0.42630(14) -0.34697(18) -0.51700(13) 1 0.0391(4)
O9 ? ? 0.31556(14) -0.0664(2) -0.51304(12) 1 0.0397(4)
O10 ? ? 0.47394(17) 0.10494(17) -0.31335(13) 1 0.0392(4)
H1 ? ? 0.8652 0.3511 -0.0169 1 0.048(8)
H2A ? ? 0.7548 0.5079 0.0403 1 0.063(10)
H2B ? ? 0.7640 0.4119 0.1480 1 0.055(9)
H3A ? ? 0.9087 0.6106 0.2071 1 0.097(14)
H3B ? ? 0.9801 0.5378 0.1385 1 0.051(8)
H5 ? ? 0.9411 0.2176 0.2938 1 0.027(6)
H6 ? ? 1.1623 0.1399 0.3073 1 0.032(6)
H7 ? ? 0.6495 0.2593 -0.0231 1 0.035(6)
H9 ? ? 0.9159 0.0333 0.0346 1 0.025(5)
H11A ? ? 0.9483 -0.1459 0.1546 1 0.039(7)
H11B ? ? 1.0425 -0.0374 0.2445 1 0.038(7)
H12A ? ? 0.9203 -0.0045 0.3426 1 0.037(7)
H12B ? ? 0.9063 -0.1691 0.3149 1 0.035(6)
H13 ? ? 0.7027 -0.0735 0.2672 1 0.040(7)
H14A ? ? 0.7625 0.1658 0.2157 1 0.025(5)
H14B ? ? 0.6251 0.1150 0.1294 1 0.044(7)
H15 ? ? 0.7533 -0.1183 -0.0263 1 0.019(5)
H17A ? ? 0.6119 -0.3063 0.1564 1 0.074(11)
H17B ? ? 0.5895 -0.3174 0.0190 1 0.044(7)
H19A ? ? 0.8690 0.4407 0.3586 1 0.075(10)
H19B ? ? 0.9783 0.5521 0.4162 1 0.092(13)
H19C ? ? 1.0004 0.3908 0.4548 1 0.082(12)
H20A ? ? 1.1250 0.1598 0.1304 1 0.046(8)
H20B ? ? 1.1045 0.3261 0.1195 1 0.048(8)
H20C ? ? 1.0331 0.2275 0.0089 1 0.048(8)
H21 ? ? 0.6438 -0.0883 -0.2165 1 0.022(5)
H22 ? ? 0.6204 -0.3043 -0.3192 1 0.017(5)
H23 ? ? 0.3525 -0.3119 -0.4012 1 0.033(6)
H24 ? ? 0.4992 -0.0954 -0.4453 1 0.023(5)
H25 ? ? 0.3786 -0.0586 -0.2908 1 0.031(6)
H26A ? ? 0.5368 -0.5142 -0.2137 1 0.044(8)
H26B ? ? 0.4888 -0.5423 -0.3511 1 0.051(8)
H2O ? ? 1.1993 0.1062 0.4827 1 0.061(10)
H4O ? ? 0.6500 0.1502 -0.1783 1 0.054(9)
H7O ? ? 0.6917 -0.6158 -0.2204 1 0.073(11)
H8O ? ? 0.3538 -0.3687 -0.5619 1 0.054(9)
H9O ? ? 0.3155 -0.0780 -0.5788 1 0.052(8)
H10O ? ? 0.4914 0.1210 -0.3698 1 0.054(9)
