||Saeed, Aamer; Gotoh, Kazuma; Ishida, Hiroyuki|2,4-Dimethoxy-6-methylbenzoic acid|Acta Crystallographica Section E|2006 62(11) o4994 o4996
C10 H12 O4
7.3211(3) 8.3536(4) 8.5798(4) 88.847(2) 75.7410(19) 70.0857(19)
P-1
O1 ? ? 0.50299(12) 0.20765(9) 0.50292(10) 1 0.03001(18)
O2 ? ? 0.33729(11) 0.08888(8) 0.38392(9) 1 0.02661(17)
O3 ? ? 0.39058(12) 0.22523(8) 0.09065(8) 1 0.02831(18)
O4 ? ? 0.07362(12) 0.82553(8) 0.12510(9) 1 0.02782(18)
C1 ? ? 0.30530(13) 0.37886(10) 0.34056(10) 1 0.01800(17)
C2 ? ? 0.30590(13) 0.37919(10) 0.17533(10) 1 0.01980(18)
C3 ? ? 0.22875(13) 0.53113(11) 0.10681(10) 1 0.02102(18)
H3 ? ? 0.2306 0.5312 -0.0020 1 0.025
C4 ? ? 0.14833(13) 0.68379(11) 0.20279(11) 1 0.02028(18)
C5 ? ? 0.14658(13) 0.68605(10) 0.36508(10) 1 0.01975(18)
H5 ? ? 0.0922 0.7890 0.4274 1 0.024
C6 ? ? 0.22656(12) 0.53363(10) 0.43470(10) 1 0.01795(17)
C7 ? ? 0.38594(13) 0.21432(10) 0.41187(10) 1 0.01870(17)
C8 ? ? 0.38676(17) 0.21950(13) -0.07482(12) 1 0.0298(2)
H8A ? ? 0.2501 0.2636 -0.0826 1 0.045
H8B ? ? 0.4480 0.1036 -0.1198 1 0.045
H8C ? ? 0.4596 0.2875 -0.1333 1 0.045
C9 ? ? -0.0101(2) 0.98688(12) 0.21640(14) 1 0.0354(3)
H9A ? ? -0.1192 0.9857 0.3049 1 0.053
H9B ? ? -0.0586 1.0757 0.1484 1 0.053
H9C ? ? 0.0915 1.0075 0.2571 1 0.053
C10 ? ? 0.21727(14) 0.54317(11) 0.61205(10) 1 0.02157(18)
H10A ? ? 0.3491 0.5250 0.6255 1 0.032
H10B ? ? 0.1690 0.4570 0.6634 1 0.032
H10C ? ? 0.1278 0.6537 0.6601 1 0.032
H1 ? ? 0.544(4) 0.115(4) 0.535(3) 0.56(4) 0.025(8)
H2 ? ? 0.392(6) -0.004(5) 0.418(5) 0.44(4) 0.041(13)
