|<i>N</i>-{(<i>E</i>)-4-[(<i>E</i>)-(Dodecylimino)methyl]benzylidene}dodecan-\ 1-imine ?|Wang, Bin; Wan, Rong; Yin, Li-He; Han, Feng; Wang, Jin-Tang|<i>N</i>-{(<i>E</i>)-4-[(<i>E</i>)-(Dodecylimino)methyl]benzylidene}dodecan-1-imine|Acta Crystallographica Section E|2008 64(3) o565
C32 H56 N2
4.7370(9) 5.5190(11) 30.315(6) 91.18(3) 93.44(3) 101.75(3)
P-1
N1 ? ? 0.2538(4) -0.7333(4) 0.10048(7) 1 0.0778(7)
C1 ? ? 0.7923(7) 1.2784(5) 0.45915(9) 1 0.1139(11)
H1A ? ? 0.6948 1.3606 0.4799 1 0.171
H1B ? ? 0.8934 1.3977 0.4400 1 0.171
H1C ? ? 0.9278 1.1985 0.4749 1 0.171
C2 ? ? 0.5752(6) 1.0886(5) 0.43217(9) 1 0.0957(9)
H2A ? ? 0.4702 0.9734 0.4521 1 0.115
H2B ? ? 0.4372 1.1718 0.4171 1 0.115
C3 ? ? 0.6950(5) 0.9444(4) 0.39859(8) 1 0.0776(7)
H3A ? ? 0.8330 0.8612 0.4136 1 0.093
H3B ? ? 0.8002 1.0596 0.3786 1 0.093
C4 ? ? 0.4773(5) 0.7540(4) 0.37145(8) 1 0.0748(7)
H4A ? ? 0.3727 0.6382 0.3914 1 0.090
H4B ? ? 0.3389 0.8370 0.3565 1 0.090
C5 ? ? 0.6000(5) 0.6097(4) 0.33745(7) 1 0.0698(7)
H5A ? ? 0.7367 0.5248 0.3524 1 0.084
H5B ? ? 0.7060 0.7252 0.3176 1 0.084
C6 ? ? 0.3788(5) 0.4215(4) 0.31028(7) 1 0.0683(7)
H6A ? ? 0.2450 0.5068 0.2947 1 0.082
H6B ? ? 0.2695 0.3084 0.3301 1 0.082
C7 ? ? 0.5035(5) 0.2726(4) 0.27696(7) 1 0.0672(7)
H7A ? ? 0.6154 0.3861 0.2574 1 0.081
H7B ? ? 0.6351 0.1855 0.2926 1 0.081
C8 ? ? 0.2832(5) 0.0869(4) 0.24921(7) 1 0.0665(7)
H8A ? ? 0.1536 0.1742 0.2331 1 0.080
H8B ? ? 0.1691 -0.0251 0.2687 1 0.080
C9 ? ? 0.4102(5) -0.0638(4) 0.21653(7) 1 0.0680(7)
H9A ? ? 0.5357 -0.1544 0.2327 1 0.082
H9B ? ? 0.5289 0.0487 0.1976 1 0.082
C10 ? ? 0.1910(5) -0.2461(4) 0.18760(7) 1 0.0706(7)
H10A ? ? 0.0643 -0.3528 0.2064 1 0.085
H10B ? ? 0.0734 -0.1553 0.1698 1 0.085
C11 ? ? 0.3247(5) -0.4049(4) 0.15738(7) 1 0.0679(7)
H11A ? ? 0.4605 -0.2978 0.1400 1 0.081
H11B ? ? 0.4328 -0.5029 0.1753 1 0.081
C12 ? ? 0.1100(5) -0.5762(5) 0.12654(8) 1 0.0814(8)
H12A ? ? -0.0327 -0.6788 0.1435 1 0.098
H12B ? ? 0.0105 -0.4797 0.1069 1 0.098
C13 ? ? 0.2374(5) -0.7155(4) 0.05935(9) 1 0.0691(7)
H13A ? ? 0.1336 -0.6041 0.0472 1 0.083
C14 ? ? 0.3736(5) -0.8616(4) 0.02936(8) 1 0.0599(6)
C15 ? ? 0.5322(5) -1.0284(4) 0.04476(8) 1 0.0662(7)
H15A ? ? 0.5576 -1.0479 0.0750 1 0.079
C16 ? ? 0.3458(5) -0.8331(4) -0.01595(9) 1 0.0705(7)
H16A ? ? 0.2430 -0.7184 -0.0270 1 0.085
