|[1,2-Bis(diisopropylphosphino)-1,2-dicarba-closo-dodecaborane-\ κ^2^P,P']dichloridomercury(II)|Fangfang Su; Qingliang Guo; Jianmin Dou; Dacheng Li; Daqi Wang|\ [1,2-Bis(diisopropylphosphino)-1,2-dicarba-<i>closo</i>-dodecaborane-\ κ^2^<i>P</i>,<i>P</i>']dichloridomercury(II)|Acta Crystallographica, Section E|2008 64(1) m134 m134
C14 H38 B10 Cl2 Hg P2
21.110(3) 21.110(3) 24.585(6) 90.00 90.00 90.00
I41/a:2
P1 ? ? 0.88138(6) 0.58515(7) 0.21383(4) 1 0.0258(3)
Hg1 ? ? 0.906748(11) 0.554286(12) 0.117243(8) 1 0.03997(11)
P2 ? ? 1.02256(7) 0.53987(8) 0.13960(5) 1 0.0344(4)
Cl1 ? ? 0.87446(8) 0.63978(9) 0.05593(7) 1 0.0653(5)
Cl2 ? ? 0.85996(8) 0.45816(8) 0.07802(7) 1 0.0598(5)
B3 ? ? 1.0185(3) 0.6349(3) 0.2328(2) 1 0.0303(16)
H3 ? ? 1.0115 0.6728 0.2028 1 0.036
B4 ? ? 0.9818(3) 0.6364(4) 0.2987(2) 1 0.0391(19)
H4 ? ? 0.9519 0.6761 0.3122 1 0.047
B5 ? ? 0.9646(3) 0.5571(3) 0.3155(2) 1 0.0401(19)
H5 ? ? 0.9232 0.5447 0.3406 1 0.048
B6 ? ? 0.9896(3) 0.5093(3) 0.2589(2) 1 0.0319(16)
H6 ? ? 0.9638 0.4667 0.2457 1 0.038
B7 ? ? 1.0743(3) 0.5145(4) 0.2565(3) 1 0.0413(19)
H7 ? ? 1.1044 0.4750 0.2430 1 0.050
B8 ? ? 1.0922(3) 0.5945(3) 0.2405(3) 1 0.0379(18)
H8 ? ? 1.1341 0.6074 0.2164 1 0.046
B9 ? ? 1.0649(3) 0.6428(4) 0.2937(3) 1 0.046(2)
H9 ? ? 1.0894 0.6872 0.3041 1 0.056
B10 ? ? 1.0309(3) 0.5941(4) 0.3432(3) 1 0.050(2)
H10 ? ? 1.0334 0.6065 0.3866 1 0.060
B11 ? ? 1.0350(3) 0.5142(4) 0.3206(3) 1 0.047(2)
H11 ? ? 1.0393 0.4738 0.3486 1 0.057
B12 ? ? 1.0978(3) 0.5680(4) 0.3086(3) 1 0.050(2)
H12 ? ? 1.1436 0.5629 0.3294 1 0.060
C1 ? ? 0.9610(2) 0.5824(3) 0.24933(18) 1 0.0280(12)
C2 ? ? 1.0262(2) 0.5577(3) 0.21524(19) 1 0.0301(12)
C3 ? ? 0.8303(3) 0.5299(3) 0.2536(2) 1 0.0326(13)
H3A ? ? 0.8588 0.4975 0.2683 1 0.039
C4 ? ? 0.7960(3) 0.5584(3) 0.3027(2) 1 0.0508(17)
H4A ? ? 0.7646 0.5880 0.2903 1 0.076
H4B ? ? 0.8260 0.5799 0.3255 1 0.076
H4C ? ? 0.7758 0.5252 0.3230 1 0.076
C5 ? ? 0.7850(3) 0.4955(3) 0.2166(2) 1 0.0515(18)
H5A ? ? 0.7646 0.4620 0.2364 1 0.077
H5B ? ? 0.8079 0.4778 0.1864 1 0.077
H5C ? ? 0.7537 0.5246 0.2034 1 0.077
C6 ? ? 0.8465(3) 0.6652(3) 0.2224(2) 1 0.0380(14)
H6A ? ? 0.8417 0.6741 0.2613 1 0.046
C7 ? ? 0.8844(3) 0.7185(3) 0.1962(3) 1 0.0577(18)
H7A ? ? 0.8959 0.7066 0.1598 1 0.087
H7B ? ? 0.9220 0.7263 0.2171 1 0.087
H7C ? ? 0.8590 0.7563 0.1951 1 0.087
C8 ? ? 0.7808(3) 0.6633(3) 0.1959(3) 1 0.0584(18)
H8A ? ? 0.7606 0.7037 0.2001 1 0.088
H8B ? ? 0.7556 0.6312 0.2131 1 0.088
H8C ? ? 0.7851 0.6537 0.1579 1 0.088
C9 ? ? 1.0537(3) 0.4602(3) 0.1261(3) 1 0.0523(16)
H9A ? ? 1.0981 0.4580 0.1375 1 0.063
C10 ? ? 1.0167(4) 0.4082(3) 0.1536(3) 1 0.078(2)
H10A ? ? 0.9722 0.4173 0.1511 1 0.116
H10B ? ? 1.0288 0.4057 0.1912 1 0.116
H10C ? ? 1.0255 0.3686 0.1360 1 0.116
C11 ? ? 1.0495(4) 0.4506(4) 0.0638(3) 1 0.085(2)
H11A ? ? 1.0616 0.4080 0.0549 1 0.128
H11B ? ? 1.0774 0.4798 0.0459 1 0.128
H11C ? ? 1.0068 0.4580 0.0519 1 0.128
C12 ? ? 1.0783(3) 0.5968(3) 0.1081(2) 1 0.0502(16)
H12A ? ? 1.0793 0.6333 0.1326 1 0.060
C13 ? ? 1.1470(3) 0.5732(4) 0.1045(3) 1 0.069(2)
H13A ? ? 1.1509 0.5437 0.0750 1 0.104
H13B ? ? 1.1584 0.5527 0.1380 1 0.104
H13C ? ? 1.1748 0.6086 0.0983 1 0.104
C14 ? ? 1.0553(4) 0.6221(4) 0.0543(3) 1 0.093(3)
H14A ? ? 1.0866 0.6501 0.0393 1 0.140
H14B ? ? 1.0164 0.6448 0.0596 1 0.140
H14C ? ? 1.0483 0.5875 0.0297 1 0.140
