|Bis[1,4(η^5^)-cyclopentadienyl]hexakis(μ-diethyl phosphito)-1:2κ^6^P:O;3:4κ^6^O:P-μ-oxalato-2:3κ^4^O^1^,O^2^:O^1'^,O^2'^- dioxido-2κO,3κO-1,4-dicobalt(III)-2,3-divanadium(IV)|McLauchlan, Craig C.; Anderson, Alexander E.|Bis{[(η^5^)-cyclopentadienyl]tris(diethyl phosphito-κ^3^<i>P</i>,<i>P</i>',<i>P</i>'')cobaltate(III)-κ^3^<i>O</i>,<i>O</i>',<i>O</i>'']oxovanadium(IV)}-μ-oxalate|Acta Crystallographica Section E|2008 64(9) m1129 m1130
C36 H70 Co2 O24 P6 V2
28.364(5) 10.9825(18) 19.976(3) 90.00 117.412(2) 90.00
C12/c1
V1 ? ? 0.028671(16) 0.78146(4) 0.13941(2) 1 0.02455(10)
Co1 ? ? 0.176050(13) 0.74072(3) 0.16646(2) 1 0.02774(10)
P1 ? ? 0.11499(3) 0.60266(6) 0.12884(4) 1 0.02764(14)
P2 ? ? 0.15939(3) 0.78092(6) 0.26021(4) 1 0.02754(14)
P3 ? ? 0.11777(3) 0.87517(6) 0.09797(4) 1 0.02816(15)
O1 ? ? 0.00650(7) 0.66231(15) 0.19874(10) 1 0.0286(4)
O2 ? ? 0.01090(7) 0.90562(15) 0.20266(10) 1 0.0275(4)
C1 ? ? 0.0000 0.7134(3) 0.2500 1 0.0245(7)
C2 ? ? 0.0000 0.8544(3) 0.2500 1 0.0248(7)
O3 ? ? -0.02642(8) 0.79215(18) 0.06448(11) 1 0.0379(4)
O1P ? ? 0.05862(7) 0.64296(16) 0.10672(11) 1 0.0309(4)
O1A ? ? 0.13253(8) 0.50150(17) 0.19333(11) 1 0.0375(4)
O2A ? ? 0.11265(8) 0.5267(2) 0.05926(12) 1 0.0428(5)
C1A ? ? 0.09433(16) 0.4095(3) 0.1891(2) 1 0.0563(9)
H1AA ? ? 0.0580 0.4430 0.1613 1 0.068
H1AB ? ? 0.0970 0.3382 0.1606 1 0.068
C2A ? ? 0.1032(2) 0.3716(6) 0.2616(3) 1 0.105(2)
H2AA ? ? 0.0772 0.3089 0.2567 1 0.157
H2AB ? ? 0.0994 0.4415 0.2893 1 0.157
H2AC ? ? 0.1392 0.3383 0.2892 1 0.157
C3A ? ? 0.06647(12) 0.5172(3) -0.01328(17) 1 0.0377(6)
H3AA ? ? 0.0420 0.5859 -0.0204 1 0.045
H3AB ? ? 0.0474 0.4402 -0.0163 1 0.045
C4A ? ? 0.08407(16) 0.5198(4) -0.0731(2) 1 0.0567(9)
H4AA ? ? 0.0530 0.5145 -0.1228 1 0.085
H4AB ? ? 0.1077 0.4506 -0.0663 1 0.085
H4AC ? ? 0.1031 0.5960 -0.0695 1 0.085
O2P ? ? 0.10274(7) 0.76760(15) 0.24648(10) 1 0.0273(4)
O1B ? ? 0.18059(8) 0.91352(19) 0.29463(14) 1 0.0444(5)
O2B ? ? 0.19748(8) 0.6950(2) 0.32940(11) 1 0.0397(5)
C1B ? ? 0.14588(12) 1.0097(3) 0.29536(18) 1 0.0403(6)
H1BA ? ? 0.1091 0.9928 0.2566 1 0.048
H1BB ? ? 0.1570 1.0881 0.2826 1 0.048
C2B ? ? 0.1473(2) 1.0196(5) 0.3698(3) 1 0.0848(15)
H2BA ? ? 0.1262 1.0900 0.3702 1 0.127
H2BB ? ? 0.1841 1.0301 0.4087 1 0.127
H2BC ? ? 0.1325 0.9454 0.3800 1 0.127
C3B ? ? 0.18998(16) 0.6875(4) 0.3955(2) 1 0.0542(9)
H3BA ? ? 0.1516 0.6810 0.3806 1 0.065
H3BB ? ? 0.2038 0.7621 0.4261 1 0.065
C4B ? ? 0.21855(14) 0.5785(3) 0.4410(2) 1 0.0535(8)
H4BA ? ? 0.2162 0.5779 0.4884 1 0.080
H4BB ? ? 0.2559 0.5818 0.4519 1 0.080
H4BC ? ? 0.2022 0.5043 0.4124 1 0.080
O3P ? ? 0.07192(7) 0.90314(15) 0.11549(10) 1 0.0287(4)
O1C ? ? 0.09368(8) 0.83591(19) 0.01116(11) 1 0.0396(5)
O2C ? ? 0.14763(8) 1.00128(18) 0.10399(14) 1 0.0469(6)
C1C ? ? 0.04967(13) 0.9052(3) -0.04630(17) 1 0.0448(7)
H1CA ? ? 0.0637 0.9746 -0.0633 1 0.054
H1CB ? ? 0.0270 0.9378 -0.0248 1 0.054
C2C ? ? 0.01791(18) 0.8257(3) -0.1108(2) 1 0.0791(15)
H2CA ? ? -0.0109 0.8730 -0.1500 1 0.119
H2CB ? ? 0.0028 0.7590 -0.0942 1 0.119
H2CC ? ? 0.0406 0.7921 -0.1312 1 0.119
C3C ? ? 0.12391(11) 1.1198(2) 0.09617(17) 1 0.0337(6)
H3CA ? ? 0.1295 1.1500 0.1460 1 0.040
H3CB ? ? 0.0852 1.1152 0.0624 1 0.040
C4C ? ? 0.14959(12) 1.2044(3) 0.0636(2) 1 0.0435(7)
H4CA ? ? 0.1356 1.2869 0.0607 1 0.065
H4CB ? ? 0.1419 1.1767 0.0129 1 0.065
H4CC ? ? 0.1881 1.2048 0.0959 1 0.065
C32 ? ? 0.24880(11) 0.6532(3) 0.22456(19) 1 0.0429(7)
H32 ? ? 0.2576 0.5990 0.2656 1 0.051
C33 ? ? 0.25670(12) 0.7796(3) 0.2303(2) 1 0.0523(9)
H33 ? ? 0.2718 0.8255 0.2757 1 0.063
C34 ? ? 0.23856(15) 0.8257(4) 0.1582(3) 1 0.0677(13)
H34 ? ? 0.2394 0.9088 0.1455 1 0.081
C35 ? ? 0.21853(15) 0.7274(5) 0.1062(2) 1 0.0696(13)
H35 ? ? 0.2030 0.7329 0.0529 1 0.084
C36 ? ? 0.22599(12) 0.6204(3) 0.1488(2) 1 0.0512(8)
H36 ? ? 0.2170 0.5401 0.1293 1 0.061
