|(E)-3-(4-Bromophenyl)-1-(3,4-dichlorophenyl)prop-2-en-1-one|Kant, Rajni; Kamni; Narayana, B.; Veena, K.; Yathirajan, H. S.|(<i>E</i>)-3-(4-Bromophenyl)-1-(3,4-dichlorophenyl)prop-2-en-1-one|Acta Crystallographica Section E|2009 65(4) o836
C15 H9 Br Cl2 O
5.9370(5) 7.7365(6) 14.8254(11) 81.347(6) 88.182(6) 88.315(6)
P-1
H4 ? ? -0.733(6) -0.335(4) 0.696(2) 1 0.029(9)
H15 ? ? -0.435(6) -0.108(4) 0.215(2) 1 0.032(9)
H14 ? ? -0.208(6) 0.023(5) 0.096(2) 1 0.038(9)
H1 ? ? -0.040(6) -0.628(5) 0.737(2) 1 0.039(9)
H12 ? ? 0.256(6) 0.100(5) 0.275(2) 1 0.044(10)
H6 ? ? -0.128(6) -0.465(5) 0.599(3) 1 0.047(11)
H9 ? ? -0.520(6) -0.192(5) 0.370(2) 1 0.041(10)
H11 ? ? 0.024(6) -0.027(5) 0.393(3) 1 0.041(10)
H8 ? ? -0.193(6) -0.212(5) 0.496(2) 1 0.045(10)
Br1 ? ? 0.22801(7) 0.18580(5) 0.07919(2) 1 0.04765(14)
Cl1 ? ? -0.73344(15) -0.48572(14) 0.87746(6) 1 0.0488(2)
Cl2 ? ? -0.26813(16) -0.68518(13) 0.90475(6) 1 0.0491(2)
C12 ? ? 0.1124(6) 0.0635(5) 0.2638(2) 1 0.0365(7)
C13 ? ? 0.0417(5) 0.0773(4) 0.1753(2) 1 0.0339(7)
C4 ? ? -0.5964(6) -0.3937(4) 0.7036(2) 1 0.0325(7)
C3 ? ? -0.5425(5) -0.4813(4) 0.7880(2) 1 0.0308(6)
C10 ? ? -0.2309(5) -0.0822(4) 0.3167(2) 1 0.0314(7)
C6 ? ? -0.2335(6) -0.4685(5) 0.6444(2) 1 0.0377(8)
C11 ? ? -0.0236(6) -0.0170(5) 0.3342(2) 1 0.0354(7)
C5 ? ? -0.4425(5) -0.3860(4) 0.6308(2) 1 0.0321(7)
C2 ? ? -0.3345(5) -0.5675(4) 0.8006(2) 1 0.0316(6)
C9 ? ? -0.3824(6) -0.1641(5) 0.3887(2) 1 0.0358(7)
C15 ? ? -0.2963(6) -0.0639(5) 0.2264(2) 1 0.0350(7)
O1 ? ? -0.7120(4) -0.2757(4) 0.52258(17) 1 0.0547(7)
C1 ? ? -0.1805(6) -0.5621(5) 0.7283(2) 1 0.0385(8)
C7 ? ? -0.5123(6) -0.2916(5) 0.5405(2) 1 0.0374(7)
C14 ? ? -0.1609(6) 0.0134(5) 0.1552(2) 1 0.0375(8)
C8 ? ? -0.3364(6) -0.2186(5) 0.4749(2) 1 0.0392(8)
