|2-Methoxy-6-(6-methyl-1<i>H</i>-benzimidazol-2-yl)phenol|Eltayeb, Naser Eltaher; Teoh, Siang Guan; Quah, Ching Kheng; Fun, Hoong-Kun; Adnan, Rohana|2-Methoxy-6-(6-methyl-1<i>H</i>-benzimidazol-2-yl)phenol|Acta Crystallographica Section E|2009 65(7) o1613 o1614
C15 H14 N2 O2
14.4118(2) 14.4118(2) 12.0995(2) 90.00 90.00 90.00
P42/n:2
O1 ? ? 0.63382(12) 0.20396(13) -0.12954(12) 1 0.0575(5)
H1O ? ? 0.632(2) 0.268(2) -0.104(3) 1 0.094(10)
O2 ? ? 0.63393(12) 0.02461(12) -0.12218(13) 1 0.0641(5)
N1 ? ? 0.62805(13) 0.37806(15) 0.14723(17) 1 0.0556(5)
H1N ? ? 0.6438(18) 0.3647(18) 0.219(3) 1 0.077(8)
N2 ? ? 0.62434(13) 0.36357(13) -0.03521(15) 1 0.0506(5)
C1 ? ? 0.62626(15) 0.46707(17) 0.1047(2) 1 0.0579(6)
C2 ? ? 0.62707(18) 0.5541(2) 0.1545(3) 1 0.0726(8)
H2 ? ? 0.6299 0.5608 0.2309 1 0.087
C3 ? ? 0.62340(18) 0.63115(19) 0.0839(3) 1 0.0753(8)
H3 ? ? 0.6235 0.6906 0.1139 0.413(6) 0.090
C4 ? ? 0.6197(2) 0.6204(2) -0.0292(3) 1 0.0787(9)
H4 ? ? 0.6168 0.6729 -0.0738 0.587(6) 0.094
C5 ? ? 0.62015(19) 0.53499(19) -0.0773(3) 1 0.0730(8)
H5 ? ? 0.6182 0.5289 -0.1538 1 0.088
C6 ? ? 0.62354(15) 0.45686(17) -0.0092(2) 1 0.0540(6)
C7 ? ? 0.62715(14) 0.31865(16) 0.06068(17) 1 0.0469(6)
C8 ? ? 0.62766(14) 0.21826(16) 0.06973(17) 1 0.0456(5)
C9 ? ? 0.63060(14) 0.16508(16) -0.02796(16) 1 0.0456(5)
C10 ? ? 0.63048(15) 0.06902(17) -0.02064(18) 1 0.0511(6)
C11 ? ? 0.62696(16) 0.02486(17) 0.0801(2) 1 0.0559(6)
H11 ? ? 0.6263 -0.0396 0.0838 1 0.067
C12 ? ? 0.62437(16) 0.07732(17) 0.17613(19) 1 0.0572(6)
H12 ? ? 0.6227 0.0478 0.2444 1 0.069
C13 ? ? 0.62424(15) 0.17223(16) 0.17120(18) 1 0.0513(6)
H13 ? ? 0.6218 0.2065 0.2363 1 0.062
C14 ? ? 0.6320(2) -0.07360(18) -0.1201(2) 1 0.0739(8)
H14A ? ? 0.6353 -0.0970 -0.1942 1 0.111
H14B ? ? 0.5754 -0.0942 -0.0862 1 0.111
H14C ? ? 0.6840 -0.0962 -0.0784 1 0.111
C15 ? ? 0.6189(3) 0.7303(3) 0.1250(4) 0.587(6) 0.0672(15)
H15A ? ? 0.6664 0.7664 0.0896 0.587(6) 0.101
H15B ? ? 0.6282 0.7314 0.2035 0.587(6) 0.101
H15C ? ? 0.5592 0.7561 0.1078 0.587(6) 0.101
C15A ? ? 0.6243(6) 0.7101(5) -0.0739(9) 0.413(6) 0.106(3)
H15D ? ? 0.5763 0.7175 -0.1282 0.413(6) 0.160
H15E ? ? 0.6837 0.7191 -0.1080 0.413(6) 0.160
H15F ? ? 0.6159 0.7549 -0.0161 0.413(6) 0.160
