|Bis(2,4,6-triamino-1,3,5-triazin-1-ium) hydrogen phosphate trihydrate|Li, Xue-Mei; Feng, Si-Si; Wang, Fan; Ma, Qi; Zhu, Miao-Li|Bis(2,4,6-triamino-1,3,5-triazin-1-ium) hydrogen phosphate trihydrate|Acta Crystallographica Section E|2010 66(1) o239 o240
C6 H21 N12 O7 P
6.767(4) 10.548(7) 12.497(8) 91.865(11) 105.609(10) 108.020(9)
P-1
C1 ? ? 0.5323(6) 0.7920(4) -0.0156(3) 1 0.0352(8)
C2 ? ? 0.6740(6) 0.8584(4) 0.1714(3) 1 0.0359(8)
C3 ? ? 0.4373(6) 0.6393(4) 0.1008(3) 1 0.0337(8)
C4 ? ? 0.0847(5) 0.8128(3) 0.0751(3) 1 0.0317(8)
C5 ? ? 0.2296(6) 0.8597(4) 0.2627(3) 1 0.0372(8)
C6 ? ? -0.0212(5) 0.6489(4) 0.1803(3) 1 0.0329(8)
N1 ? ? 0.4191(5) 0.6664(3) -0.0031(2) 1 0.0352(7)
N2 ? ? 0.6575(5) 0.8903(3) 0.0688(2) 1 0.0355(7)
N3 ? ? 0.5651(5) 0.7323(3) 0.1889(3) 1 0.0363(7)
H3 ? ? 0.577(6) 0.712(4) 0.248(3) 1 0.029(10)
N4 ? ? 0.5233(5) 0.8212(3) -0.1176(3) 1 0.0436(8)
H4A ? ? 0.5955 0.9002 -0.1280 1 0.052
H4B ? ? 0.4453 0.7613 -0.1741 1 0.052
N5 ? ? 0.7957(5) 0.9458(3) 0.2586(3) 1 0.0459(8)
H5A ? ? 0.8672 1.0258 0.2499 1 0.055
H5B ? ? 0.8047 0.9235 0.3249 1 0.055
N6 ? ? 0.3325(5) 0.5192(3) 0.1207(3) 1 0.0418(8)
H6A ? ? 0.2515 0.4577 0.0659 1 0.050
H6B ? ? 0.3450 0.5021 0.1886 1 0.050
N7 ? ? 0.2203(5) 0.9023(3) 0.1634(2) 1 0.0358(7)
N8 ? ? 0.1115(5) 0.7333(3) 0.2726(3) 1 0.0374(7)
H8 ? ? 0.126(5) 0.703(3) 0.334(3) 1 0.021(8)
N9 ? ? -0.0400(4) 0.6864(3) 0.0791(2) 1 0.0330(7)
N10 ? ? 0.3541(5) 0.9350(4) 0.3562(3) 1 0.0552(10)
H10A ? ? 0.4343 1.0157 0.3550 1 0.066
H10B ? ? 0.3558 0.9039 0.4191 1 0.066
N11 ? ? -0.1322(5) 0.5270(3) 0.1931(3) 1 0.0420(8)
H11A ? ? -0.2178 0.4709 0.1354 1 0.050
H11B ? ? -0.1193 0.5031 0.2591 1 0.050
N12 ? ? 0.0741(5) 0.8512(3) -0.0246(2) 1 0.0379(7)
H12A ? ? 0.1520 0.9305 -0.0310 1 0.045
H12B ? ? -0.0107 0.7969 -0.0834 1 0.045
P1 ? ? 0.24796(15) 0.68587(9) 0.57240(7) 1 0.0335(3)
O1 ? ? 0.0294(5) 0.6330(3) 0.6053(3) 1 0.0599(9)
H1 ? ? -0.0482 0.5614 0.5669 1 0.090
O2A ? ? 0.2963(6) 0.8336(3) 0.5671(3) 0.767(9) 0.0445(14)
O3A ? ? 0.2088(7) 0.6098(4) 0.4601(4) 0.757(14) 0.0353(15)
O4A ? ? 0.4058(6) 0.6486(5) 0.6643(3) 0.765(11) 0.0507(16)
O2B ? ? 0.176(2) 0.7686(13) 0.4856(10) 0.233(9) 0.046(5)
O3B ? ? 0.279(2) 0.5614(14) 0.5130(13) 0.243(14) 0.040(5)
O4B ? ? 0.4481(19) 0.7567(17) 0.6642(10) 0.235(11) 0.048(5)
O5 ? ? 0.4731(5) 0.4107(3) 0.6295(3) 1 0.0606(9)
H5C ? ? 0.4405 0.4792 0.6078 1 0.091
H5D ? ? 0.5757 0.4063 0.6041 1 0.091
O6 ? ? 0.8660(5) 0.7583(4) 0.7442(3) 1 0.0753(11)
H6C ? ? 0.7299 0.7431 0.7189 1 0.113
H6D ? ? 0.8984 0.7038 0.7061 1 0.113
O7 ? ? 0.8612(6) 0.8583(4) 0.4724(3) 1 0.0799(11)
H7A ? ? 0.7320 0.8059 0.4420 1 0.120
H7B ? ? 0.9418 0.8093 0.4809 1 0.120
