932 [RuCl2(=CH-Ph-CH=O)(H2Im-Mes2)].Et2O|<i>cis</i>-Dichlorido(1,3-dimesitylimidazolidin-2-ylidene)(2- formylbenzylidene-κ^2^<i>C</i>,<i>O</i>)ruthenium|Slugovc, Christian; Perner, Bernhard; Stelzer, Franz; Mereiter, Kurt|<i>cis</i>-Dichlorido(1,3-dimesitylimidazolidin-2-ylidene)(2-formylbenzylidene-κ^2^<i>C</i>,<i>O</i>)ruthenium diethyl ether solvate|Acta Crystallographica Section E|2010 66(2) m154 m155
C33 H42 Cl2 N2 O2 Ru
19.8603(4) 19.8603(4) 15.6582(7) 90.00 90.00 90.00
P-4c2
Ru ? ? 0.163541(9) 0.497964(9) 0.046582(10) 1 0.02129(4)
Cl1 ? ? 0.27041(3) 0.53239(3) -0.00175(4) 1 0.02852(11)
Cl2 ? ? 0.11254(3) 0.57173(3) -0.05230(4) 1 0.03066(12)
C11 ? ? 0.20523(12) 0.48129(11) 0.16118(14) 1 0.0236(5)
N12 ? ? 0.23047(10) 0.42655(10) 0.19933(12) 1 0.0262(4)
C13 ? ? 0.25911(14) 0.44070(13) 0.28464(16) 1 0.0346(6)
H13A ? ? 0.3083 0.4328 0.2854 1 0.042
H13B ? ? 0.2376 0.4125 0.3291 1 0.042
C14 ? ? 0.24273(15) 0.51526(12) 0.29779(18) 1 0.0345(6)
H14A ? ? 0.2094 0.5216 0.3442 1 0.041
H14B ? ? 0.2838 0.5415 0.3111 1 0.041
N15 ? ? 0.21431(10) 0.53461(9) 0.21391(12) 1 0.0262(4)
C21 ? ? 0.23113(12) 0.35894(11) 0.16561(14) 1 0.0253(5)
C22 ? ? 0.17748(12) 0.31643(12) 0.18503(14) 1 0.0269(5)
C23 ? ? 0.17985(12) 0.25113(12) 0.15293(15) 1 0.0288(5)
H23 ? ? 0.1435 0.2214 0.1646 1 0.035
C24 ? ? 0.23375(13) 0.22794(12) 0.10419(16) 1 0.0302(5)
C25 ? ? 0.28701(12) 0.27169(12) 0.08777(16) 1 0.0296(5)
H25 ? ? 0.3243 0.2562 0.0553 1 0.035
C26 ? ? 0.28676(12) 0.33789(12) 0.11807(15) 1 0.0285(5)
C27 ? ? 0.11903(14) 0.33958(13) 0.23832(17) 1 0.0348(6)
H27A ? ? 0.1354 0.3547 0.2941 1 0.052
H27B ? ? 0.0874 0.3022 0.2462 1 0.052
H27C ? ? 0.0962 0.3769 0.2094 1 0.052
C28 ? ? 0.23392(14) 0.15699(12) 0.06930(18) 1 0.0359(6)
H28A ? ? 0.2786 0.1464 0.0464 1 0.054
H28B ? ? 0.2004 0.1532 0.0237 1 0.054
H28C ? ? 0.2229 0.1253 0.1152 1 0.054
C29 ? ? 0.34414(13) 0.38489(13) 0.09885(18) 1 0.0350(6)
H29A ? ? 0.3799 0.3602 0.0691 1 0.052
H29B ? ? 0.3619 0.4033 0.1524 1 0.052
H29C ? ? 0.3281 0.4218 0.0626 1 0.052
C31 ? ? 0.18137(13) 0.59830(11) 0.20283(15) 1 0.0275(5)
C32 ? ? 0.11424(13) 0.60492(12) 0.22833(15) 1 0.0303(5)
C33 ? ? 0.08306(13) 0.66723(13) 0.21854(17) 1 0.0339(6)
H33 ? ? 0.0371 0.6719 0.2344 1 0.041
C34 ? ? 0.11702(15) 0.72254(13) 0.18645(17) 1 0.0355(6)
C35 ? ? 0.18389(14) 0.71537(13) 0.16534(17) 1 0.0361(6)
H35 ? ? 0.2076 0.7535 0.1447 1 0.043
C36 ? ? 0.21842(14) 0.65417(13) 0.17305(16) 1 0.0317(5)
C37 ? ? 0.07556(14) 0.54747(13) 0.26922(17) 1 0.0359(6)
H37A ? ? 0.0719 0.5101 0.2286 1 0.054
H37B ? ? 0.0304 0.5630 0.2849 1 0.054
H37C ? ? 0.0994 0.5322 0.3205 1 0.054
C38 ? ? 0.08123(17) 0.78913(15) 0.1766(2) 1 0.0498(8)
H38A ? ? 0.1139 0.8259 0.1818 1 0.075
H38B ? ? 0.0470 0.7936 0.2213 1 0.075
H38C ? ? 0.0596 0.7911 0.1204 1 0.075
C39 ? ? 0.29151(14) 0.64977(14) 0.15142(18) 1 0.0384(6)
H39A ? ? 0.3106 0.6089 0.1767 1 0.058
H39B ? ? 0.3150 0.6893 0.1741 1 0.058
H39C ? ? 0.2969 0.6482 0.0892 1 0.058
C41 ? ? 0.17781(11) 0.41460(11) 0.00063(15) 1 0.0247(4)
H41 ? ? 0.2229 0.4046 -0.0152 1 0.030
C42 ? ? 0.12846(11) 0.36162(11) -0.01471(14) 1 0.0237(4)
C43 ? ? 0.14811(12) 0.30477(12) -0.06108(16) 1 0.0291(5)
H43 ? ? 0.1929 0.3017 -0.0820 1 0.035
C44 ? ? 0.10326(13) 0.25294(13) -0.07703(17) 1 0.0349(6)
H44 ? ? 0.1178 0.2150 -0.1091 1 0.042
C45 ? ? 0.03799(13) 0.25513(12) -0.0475(2) 1 0.0382(6)
H45 ? ? 0.0079 0.2189 -0.0584 1 0.046
C46 ? ? 0.01669(12) 0.31127(12) -0.00132(19) 1 0.0329(5)
H46 ? ? -0.0283 0.3135 0.0191 1 0.039
C47 ? ? 0.06097(12) 0.36413(11) 0.01500(15) 1 0.0254(5)
C48 ? ? 0.03578(12) 0.42013(11) 0.06446(14) 1 0.0256(5)
H48 ? ? -0.0097 0.4179 0.0830 1 0.031
O49 ? ? 0.06864(8) 0.47089(8) 0.08469(10) 1 0.0247(3)
