|Bis{4-chloro-<i>N</i>'-[phenyl(2- pyridyl)methylidene]benzohydrazidato}cobalt(III) nitrate methanol disolvate|Wu, Genhua; Ye, Hui; Wu, Dayu|Bis{4-chloro-<i>N</i>'-[phenyl(2-pyridyl)methylidene]benzohydrazidato-κ^2^<i>N</i>',<i>O</i>}cobalt(III) nitrate methanol disolvate|Acta Crystallographica Section E|2010 66(9) m1121
C40 H34 Cl2 Co N7 O7
12.914(8) 17.423(11) 17.451(11) 90.00 93.031(8) 90.00
P121/c1
Co1 ? ? 0.78242(3) 0.67158(2) 0.45385(2) 1 0.03739(16)
Cl1 ? ? 1.25567(8) 0.99362(6) 0.58995(7) 1 0.0794(3)
C1 ? ? 0.5964(3) 0.5811(2) 0.4093(2) 1 0.0584(10)
H1A ? ? 0.6374 0.5499 0.3801 1 0.070
Cl2 ? ? 0.87476(11) 0.29952(6) 0.76381(6) 1 0.0893(4)
C2 ? ? 0.4924(3) 0.5647(3) 0.4130(3) 1 0.0785(13)
H2A ? ? 0.4635 0.5232 0.3860 1 0.094
C3 ? ? 0.4327(3) 0.6090(3) 0.4561(3) 1 0.0953(17)
H3A ? ? 0.3628 0.5976 0.4598 1 0.143
C4 ? ? 0.4764(3) 0.6723(2) 0.4953(3) 1 0.0776(13)
H4A ? ? 0.4359 0.7038 0.5246 1 0.093
C5 ? ? 0.5800(3) 0.68681(19) 0.4894(2) 1 0.0499(9)
C6 ? ? 0.6359(2) 0.75209(18) 0.52701(18) 1 0.0428(8)
C7 ? ? 0.5881(2) 0.8070(2) 0.5784(2) 1 0.0494(9)
C8 ? ? 0.5451(3) 0.7802(3) 0.6441(2) 1 0.0721(12)
H8A ? ? 0.5458 0.7279 0.6551 1 0.087
C9 ? ? 0.5006(4) 0.8317(3) 0.6939(3) 1 0.0941(16)
H9A ? ? 0.4723 0.8140 0.7385 1 0.113
C10 ? ? 0.4986(4) 0.9092(3) 0.6767(4) 1 0.0972(18)
H10A ? ? 0.4676 0.9434 0.7093 1 0.117
C11 ? ? 0.5417(3) 0.9353(3) 0.6127(3) 1 0.0810(13)
H11A ? ? 0.5410 0.9876 0.6021 1 0.097
C12 ? ? 0.5867(3) 0.8852(2) 0.5631(2) 1 0.0618(10)
H12A ? ? 0.6161 0.9039 0.5193 1 0.074
C13 ? ? 0.8957(2) 0.78507(16) 0.51482(16) 1 0.0357(7)
C14 ? ? 0.9853(2) 0.83520(16) 0.53516(17) 1 0.0384(7)
C15 ? ? 0.9705(3) 0.90836(18) 0.5657(2) 1 0.0473(8)
H15A ? ? 0.9037 0.9249 0.5745 1 0.057
C16 ? ? 1.0538(3) 0.95642(19) 0.5829(2) 1 0.0541(9)
H16A ? ? 1.0436 1.0049 0.6035 1 0.065
C17 ? ? 1.1516(3) 0.9312(2) 0.5690(2) 1 0.0532(9)
C18 ? ? 1.1684(3) 0.8602(2) 0.5394(2) 1 0.0556(9)
H18A ? ? 1.2355 0.8447 0.5301 1 0.067
C19 ? ? 1.0863(3) 0.8113(2) 0.5233(2) 1 0.0501(9)
H19A ? ? 1.0982 0.7624 0.5044 1 0.060
C20 ? ? 0.9368(3) 0.47364(19) 0.2934(2) 1 0.0512(9)
H20A ? ? 0.9804 0.4804 0.3370 1 0.061
C21 ? ? 0.9521(3) 0.4125(2) 0.2450(3) 1 0.0675(11)
H21A ? ? 1.0063 0.3784 0.2560 1 0.081
C22 ? ? 0.8877(4) 0.4018(2) 0.1807(2) 1 0.0760(13)
H22A ? ? 0.8986 0.3605 0.1483 1 0.091
C23 ? ? 0.8071(4) 0.4517(2) 0.1639(2) 1 0.0698(12)
H23A ? ? 0.7630 0.4439 0.1207 1 0.084
C24 ? ? 0.7922(3) 0.5131(2) 0.2112(2) 1 0.0541(9)
H24A ? ? 0.7385 0.5474 0.1994 1 0.065
C25 ? ? 0.8568(2) 0.52489(18) 0.27717(17) 1 0.0408(8)
C26 ? ? 0.8359(2) 0.59022(17) 0.32795(17) 1 0.0391(7)
C27 ? ? 0.8125(2) 0.66884(17) 0.29955(17) 1 0.0406(7)
C28 ? ? 0.8283(3) 0.69599(19) 0.22675(19) 1 0.0501(9)
H28A ? ? 0.8529 0.6634 0.1896 1 0.060
C29 ? ? 0.8071(3) 0.7723(2) 0.2094(2) 1 0.0594(10)
H29A ? ? 0.8168 0.7909 0.1604 1 0.071
C30 ? ? 0.7716(3) 0.8203(2) 0.2648(2) 1 0.0594(10)
H30A ? ? 0.7573 0.8715 0.2537 1 0.071
C31 ? ? 0.7577(3) 0.79147(19) 0.3368(2) 1 0.0526(9)
H31A ? ? 0.7337 0.8238 0.3744 1 0.063
C32 ? ? 0.8300(2) 0.53820(17) 0.51756(17) 1 0.0386(7)
C33 ? ? 0.8387(2) 0.47777(17) 0.57681(17) 1 0.0373(7)
C34 ? ? 0.7889(2) 0.48666(18) 0.64438(19) 1 0.0435(8)
H34A ? ? 0.7487 0.5301 0.6514 1 0.052
C35 ? ? 0.7981(3) 0.43203(19) 0.7017(2) 1 0.0512(9)
H35A ? ? 0.7636 0.4383 0.7467 1 0.061
C36 ? ? 0.8591(3) 0.36758(19) 0.69139(19) 1 0.0516(9)
C37 ? ? 0.9087(3) 0.35630(19) 0.6240(2) 1 0.0504(9)
H37A ? ? 0.9486 0.3126 0.6172 1 0.061
C38 ? ? 0.8977(3) 0.41166(17) 0.56659(19) 1 0.0428(8)
H38A ? ? 0.9301 0.4045 0.5208 1 0.051
N1 ? ? 0.6394(2) 0.64084(15) 0.44688(15) 1 0.0445(7)
N2 ? ? 0.73280(19) 0.75294(13) 0.50965(14) 1 0.0372(6)
N3 ? ? 0.80414(19) 0.80719(14) 0.53669(14) 1 0.0390(6)
N4 ? ? 0.7780(2) 0.71727(15) 0.35430(15) 1 0.0423(6)
N5 ? ? 0.83192(19) 0.58678(14) 0.40247(14) 1 0.0388(6)
N6 ? ? 0.8493(2) 0.52095(14) 0.44585(14) 1 0.0406(6)
O1 ? ? 0.91181(16) 0.72240(11) 0.47687(12) 1 0.0416(5)
O2 ? ? 0.80192(16) 0.60633(11) 0.54059(11) 1 0.0412(5)
O39 ? ? 0.3498(5) 1.5978(3) 0.6311(3) 1 0.165(2)
H39D ? ? 0.3843 1.6034 0.6715 1 0.248
C39 ? ? 0.2696(5) 1.6509(3) 0.6272(4) 1 0.125(2)
H39A ? ? 0.2975 1.7016 0.6341 1 0.187
H39B ? ? 0.2228 1.6403 0.6669 1 0.187
H39C ? ? 0.2329 1.6474 0.5781 1 0.187
C40 ? ? 0.3173(11) 1.7336(7) 0.8722(10) 1 0.362(12)
H40A ? ? 0.3084 1.7797 0.9011 1 0.543
H40B ? ? 0.2507 1.7119 0.8580 1 0.543
H40C ? ? 0.3529 1.7453 0.8267 1 0.543
O40 ? ? 0.3808(7) 1.6761(6) 0.9207(6) 1 0.279(4)
H40D ? ? 0.4158 1.6491 0.8909 1 0.419
O3 ? ? 0.4443(5) 1.6345(6) 0.7710(5) 1 0.279(5)
O4 ? ? 0.5735(5) 1.5770(3) 0.7264(4) 1 0.179(3)
O5 ? ? 0.5666(5) 1.6126(4) 0.8508(4) 1 0.188(3)
N7 ? ? 0.5329(5) 1.6068(4) 0.7830(5) 1 0.130(2)
