|Bis(1-phenylbiguanidium) hexanedioate tetrahydrate|Matulková, Irena; Císařová, Ivana; Němec, Ivan|Bis(2-phenylbiguanidium) adipate tetrahydrate|Acta Crystallographica Section E|2011 67(1) o118 o119
C22 H40 N10 O8
7.15600(10) 10.8670(2) 11.1410(2) 61.5590(9) 88.6820(10) 71.7020(10)
P-1
C1 ? ? 1.08265(15) 0.19532(11) 0.51868(10) 1 0.0166(2)
C2 ? ? 1.02860(14) 0.43683(11) 0.33714(10) 1 0.0157(2)
N1 ? ? 1.01068(14) 0.10880(10) 0.62783(9) 1 0.0198(2)
H1 ? ? 0.9966 0.3356 0.2376 1 0.024
N2 ? ? 1.23411(14) 0.12406(10) 0.47705(10) 1 0.0211(2)
H2A ? ? 1.2927 0.0211 0.5352 1 0.025
H2B ? ? 1.3012 0.1750 0.4191 1 0.025
N3 ? ? 1.00775(13) 0.34344(10) 0.46586(9) 1 0.01745(19)
N4 ? ? 1.03596(14) 0.56792(10) 0.31118(9) 1 0.0205(2)
H4A ? ? 1.0268 0.5929 0.3779 1 0.025
H4B ? ? 1.0357 0.6423 0.2236 1 0.025
N5 ? ? 1.03464(14) 0.40864(10) 0.23239(9) 1 0.01899(19)
H5A ? ? 1.0784 0.0048 0.6749 1 0.023
H5B ? ? 1.0304 0.4875 0.1479 1 0.023
C3 ? ? 0.83808(15) 0.16121(11) 0.67987(11) 1 0.0170(2)
C4 ? ? 0.85199(17) 0.11060(13) 0.82069(11) 1 0.0232(2)
H4 ? ? 0.9739 0.0489 0.8776 1 0.028
C5 ? ? 0.68398(18) 0.15191(14) 0.87700(12) 1 0.0262(2)
H5 ? ? 0.6938 0.1175 0.9715 1 0.031
C6 ? ? 0.50251(17) 0.24393(13) 0.79302(13) 1 0.0246(2)
H6 ? ? 0.3900 0.2708 0.8308 1 0.030
C7 ? ? 0.48929(17) 0.29590(14) 0.65196(13) 1 0.0289(3)
H7 ? ? 0.3678 0.3591 0.5950 1 0.035
C8 ? ? 0.65620(17) 0.25428(14) 0.59510(12) 1 0.0251(2)
H8 ? ? 0.6461 0.2886 0.5006 1 0.030
C9 ? ? 0.65021(15) 0.26120(11) 0.25517(10) 1 0.0159(2)
C10 ? ? 0.55128(16) 0.42815(11) 0.19755(11) 1 0.0185(2)
H10A ? ? 0.6186 0.4595 0.2467 1 0.022
H10B ? ? 0.4142 0.4488 0.2143 1 0.022
C11 ? ? 0.55403(16) 0.51991(11) 0.04279(10) 1 0.0180(2)
H11A ? ? 0.4914 0.6250 0.0133 1 0.022
H11B ? ? 0.6910 0.5030 0.0260 1 0.022
O1 ? ? 0.82344(11) 0.21203(8) 0.23165(8) 1 0.02091(18)
O2 ? ? 0.55463(12) 0.17812(8) 0.32638(8) 1 0.02243(18)
O1W ? ? 0.98182(13) 0.70284(10) 0.00316(8) 1 0.0287(2)
H11 ? ? 1.0494 0.7325 -0.0619 1 0.034
H12 ? ? 0.8552 0.7580 -0.0462 1 0.034
O2W ? ? 0.40159(15) 0.11820(11) 0.13910(10) 1 0.0353(2)
H21 ? ? 0.4200 0.0216 0.1821 1 0.042
H22 ? ? 0.4504 0.1220 0.2138 1 0.042
