|<i>catena</i>-Poly[copper(I)-bis[μ-3-(1<i>H</i>-imidazol-2-yl)pyridine]- copper(I)-di-μ-iodido]|Zhan, Qing-Guang|<i>catena</i>-Poly[copper(I)-bis[μ-3-(1<i>H</i>-imidazol-2-yl)pyridine]-copper(I)-di-μ-iodido]|Acta Crystallographica Section E|2011 67(9) m1288
C16 H14 Cu2 I2 N6
8.141(3) 8.306(3) 8.816(5) 114.683(6) 101.989(5) 108.258(4)
P-1
I1 1 ? -0.63541(5) 0.55664(5) -0.19170(4) 1 0.03979(15)
Cu1 1 ? -0.29230(10) 0.58503(11) -0.03571(10) 1 0.0494(2)
N1 1 ? -0.1172(6) 0.8746(7) 0.1128(6) 1 0.0359(10)
N2 1 ? 0.0984(6) 1.1683(7) 0.3412(6) 1 0.0410(10)
H2 1 ? 0.1990 1.2584 0.4362 1 0.049
C5 1 ? 0.2418(7) 0.9476(8) 0.4986(7) 1 0.0387(12)
H5 1 ? 0.2385 1.0553 0.5891 1 0.046
C6 1 ? 0.3354(7) 0.8513(9) 0.5428(7) 1 0.0398(12)
H6 1 ? 0.3934 0.8906 0.6634 1 0.048
C7 1 ? 0.3418(7) 0.6968(8) 0.4067(7) 1 0.0379(12)
H7 1 ? 0.4039 0.6317 0.4384 1 0.045
C3 1 ? 0.0440(7) 0.9714(7) 0.2574(7) 1 0.0329(11)
C1 1 ? -0.1648(7) 1.0191(8) 0.1087(7) 1 0.0371(12)
H1 1 ? -0.2713 0.9951 0.0220 1 0.044
C2 1 ? -0.0336(8) 1.2007(8) 0.2495(7) 1 0.0414(13)
H2A 1 ? -0.0330 1.3221 0.2781 1 0.050
C4 1 ? 0.1521(7) 0.8819(7) 0.3165(7) 1 0.0324(11)
C8 1 ? 0.1698(7) 0.7266(7) 0.1884(7) 1 0.0343(11)
H8 1 ? 0.1135 0.6846 0.0668 1 0.041
N3 1 ? 0.2635(6) 0.6336(6) 0.2299(6) 1 0.0364(10)
