||Wei, Bin|Dimethyl(4-methylphenyl)ammonium naphthalene-1,5-disulfonate dihydrate|Acta Crystallographica Section E|2011 67(10) o2678
C28 H38 N2 O8 S2
9.2660(19) 9.882(2) 10.260(2) 109.59(3) 115.79(3) 98.39(3)
P1
C1 ? ? 0.531600 0.424400 0.307300 1 0.0732(7)
C2 ? ? 0.433800 0.256700 0.195000 1 0.0487(4)
C3 ? ? 0.351400 0.203400 0.030000 1 0.0649(6)
C7 ? ? 0.422000 0.151600 0.254800 1 0.0495(5)
H7 ? ? 0.477900 0.184800 0.366100 1 0.059
O1 ? ? 0.296930 0.750440 0.329820 1 0.0444(3)
O2 ? ? 0.103840 0.625320 0.387910 1 0.0482(3)
O4 ? ? 0.264010 0.607040 0.022230 1 0.0468(3)
S1 ? ? 0.132410 0.724410 0.318910 1 0.03323(14)
C16 ? ? 0.138370 0.906990 0.439050 1 0.0294(3)
H1A ? ? 0.582500 0.469000 0.260700 1 0.110
H1B ? ? 0.619400 0.436600 0.409600 1 0.110
H1C ? ? 0.455200 0.474600 0.323200 1 0.110
H4A ? ? 0.268000 0.640000 0.111000 1 0.073(8)
C1_2_444 ? ? -0.531600 -0.424400 -0.307300 1 0.0732(7)
C2_2_444 ? ? -0.433800 -0.256700 -0.195000 1 0.0487(4)
C3_2_444 ? ? -0.351400 -0.203400 -0.030000 1 0.0649(6)
C4_1_554 ? ? 0.257900 0.050200 -0.075200 1 0.0590(6)
C4_2_445 ? ? -0.257900 -0.050200 0.075200 1 0.0590(6)
C5_1_544 ? ? 0.246400 -0.051510 -0.013100 1 0.0369(4)
C5_2_455 ? ? -0.246400 0.051510 0.013100 1 0.0369(4)
C6_1_545 ? ? 0.328300 -0.002100 0.151600 1 0.0442(4)
C6_2_454 ? ? -0.328300 0.002100 -0.151600 1 0.0442(4)
C7_2_444 ? ? -0.422000 -0.151600 -0.254800 1 0.0495(5)
C9_1_544 ? ? 0.137200 -0.277300 -0.276600 1 0.0580(5)
C9_2_455 ? ? -0.137200 0.277300 0.276600 1 0.0580(5)
H3_1_554 ? ? 0.358700 0.272200 -0.012300 1 0.078
H3_2_445 ? ? -0.358700 -0.272200 0.012300 1 0.078
H4_1_554 ? ? 0.203500 0.016700 -0.186500 1 0.071
H4_2_445 ? ? -0.203500 -0.016700 0.186500 1 0.071
H6_1_545 ? ? 0.320900 -0.071400 0.193300 1 0.053
H6_2_454 ? ? -0.320900 0.071400 -0.193300 1 0.053
H7_2_444 ? ? -0.477900 -0.184800 -0.366100 1 0.059
N1_1_544 ? ? 0.141010 -0.214780 -0.120730 1 0.0374(3)
N1_2_455 ? ? -0.141010 0.214780 0.120730 1 0.0374(3)
O1_2_465 ? ? -0.296930 1.249560 0.670180 1 0.0444(3)
O2_2_465 ? ? -0.103840 1.374680 0.612090 1 0.0482(3)
O3_1_455 ? ? -0.007650 0.677420 0.155680 1 0.0466(3)
O3_2_565 ? ? 0.007650 1.322580 0.844320 1 0.0466(3)
O4_2_444 ? ? -0.264010 -0.607040 -0.022230 1 0.0468(3)
S1_2_465 ? ? -0.132410 1.275590 0.681090 1 0.03323(14)
C10_1_444 ? ? -0.036200 -0.244600 -0.151800 1 0.0573(5)
C10_2_555 ? ? 0.036200 0.244600 0.151800 1 0.0573(5)
C11_1_565 ? ? 0.284300 1.029320 0.517600 1 0.0371(4)
C11_2_455 ? ? -0.284300 0.970680 0.482400 1 0.0371(4)
C15_1_455 ? ? -0.006080 0.925100 0.452030 1 0.0275(3)
C15_2_565 ? ? 0.006080 1.074900 0.547970 1 0.0275(3)
C16_2_465 ? ? -0.138370 1.093010 0.560950 1 0.0294(3)
C17_1_455 ? ? -0.160500 0.801220 0.374000 1 0.0350(3)
C17_2_565 ? ? 0.160500 1.198780 0.626000 1 0.0350(3)
C18_1_455 ? ? -0.294900 0.824210 0.388300 1 0.0412(4)
C18_2_565 ? ? 0.294900 1.175790 0.611700 1 0.0412(4)
H10_1_544 ? ? 0.186000 -0.267000 -0.068000 1 0.043(5)
H10_2_455 ? ? -0.186000 0.267000 0.068000 1 0.043(5)
H11_1_565 ? ? 0.377500 1.015700 0.508800 1 0.045
H11_2_455 ? ? -0.377500 0.984300 0.491200 1 0.045
H17_1_455 ? ? -0.169500 0.703200 0.312400 1 0.042
H17_2_565 ? ? 0.169500 1.296800 0.687600 1 0.042
H18_1_455 ? ? -0.395400 0.741900 0.335100 1 0.049
H18_2_565 ? ? 0.395400 1.258100 0.664900 1 0.049
H1A_2_444 ? ? -0.582500 -0.469000 -0.260700 1 0.110
H1B_2_444 ? ? -0.619400 -0.436600 -0.409600 1 0.110
H1C_2_444 ? ? -0.455200 -0.474600 -0.323200 1 0.110
H4A_2_444 ? ? -0.268000 -0.640000 -0.111000 1 0.073(8)
H4B_1_554 ? ? 0.187000 0.519000 -0.036000 1 0.075(8)
H4B_2_445 ? ? -0.187000 -0.519000 0.036000 1 0.075(8)
H9A_1_544 ? ? 0.070400 -0.236900 -0.345400 1 0.087
H9A_2_455 ? ? -0.070400 0.236900 0.345400 1 0.087
H9B_1_544 ? ? 0.087200 -0.386800 -0.329100 1 0.087
H9B_2_455 ? ? -0.087200 0.386800 0.329100 1 0.087
H9C_1_544 ? ? 0.251500 -0.248500 -0.255600 1 0.087
H9C_2_455 ? ? -0.251500 0.248500 0.255600 1 0.087
H10A_1_444 ? ? -0.032500 -0.213500 -0.050800 1 0.086
H10A_2_555 ? ? 0.032500 0.213500 0.050800 1 0.086
H10B_1_444 ? ? -0.100600 -0.351900 -0.218600 1 0.086
H10B_2_555 ? ? 0.100600 0.351900 0.218600 1 0.086
H10C_1_444 ? ? -0.089700 -0.187700 -0.206000 1 0.086
H10C_2_555 ? ? 0.089700 0.187700 0.206000 1 0.086
