|Dimethyl(4-methylphenyl)ammonium naphthalene-1,5-disulfonate dihydrate|Wei, Bin|Dimethyl(4-methylphenyl)ammonium naphthalene-1,5-disulfonate dihydrate|Acta Crystallographica Section E|2011 67(10) o2678
C28 H38 N2 O8 S2
9.2660(19) 9.882(2) 10.260(2) 109.59(3) 115.79(3) 98.39(3)
P-1
C1 1 ? 0.5316(3) 0.4244(2) 0.3073(3) 1 0.0732(7)
H1A 1 ? 0.5825 0.4690 0.2607 1 0.110
H1B 1 ? 0.6194 0.4366 0.4096 1 0.110
H1C 1 ? 0.4552 0.4746 0.3232 1 0.110
N1 1 ? 0.14101(18) -0.21478(16) -0.12073(17) 1 0.0374(3)
O1 1 ? 0.29693(16) -0.24956(14) 0.32982(15) 1 0.0444(3)
S1 1 ? 0.13241(5) -0.27559(4) 0.31891(4) 1 0.03323(14)
C2 1 ? 0.4338(2) 0.2567(2) 0.1950(2) 1 0.0487(4)
O2 1 ? 0.10384(18) -0.37468(13) 0.38791(16) 1 0.0482(3)
C3 1 ? 0.3514(3) 0.2034(2) 0.0300(3) 1 0.0649(6)
H3 1 ? 0.3587 0.2722 -0.0123 1 0.078
O3 1 ? -0.00765(16) -0.32258(14) 0.15568(14) 1 0.0466(3)
C4 1 ? 0.2579(3) 0.0502(2) -0.0752(2) 1 0.0590(6)
H4 1 ? 0.2035 0.0167 -0.1865 1 0.071
O4 1 ? 0.26401(18) 0.60704(17) 0.02223(18) 1 0.0468(3)
C5 1 ? 0.2464(2) -0.05151(19) -0.0131(2) 1 0.0369(4)
C6 1 ? 0.3283(2) -0.0021(2) 0.1516(2) 1 0.0442(4)
H6 1 ? 0.3209 -0.0714 0.1933 1 0.053
C7 1 ? 0.4220(3) 0.1516(2) 0.2548(2) 1 0.0495(5)
H7 1 ? 0.4779 0.1848 0.3661 1 0.059
C9 1 ? 0.1372(3) -0.2773(2) -0.2766(2) 1 0.0580(5)
H9A 1 ? 0.0704 -0.2369 -0.3454 1 0.087
H9B 1 ? 0.0872 -0.3868 -0.3291 1 0.087
H9C 1 ? 0.2515 -0.2485 -0.2556 1 0.087
C10 1 ? -0.0362(3) -0.2446(2) -0.1518(3) 1 0.0573(5)
H10A 1 ? -0.0325 -0.2135 -0.0508 1 0.086
H10B 1 ? -0.1006 -0.3519 -0.2186 1 0.086
H10C 1 ? -0.0897 -0.1877 -0.2060 1 0.086
C11 1 ? 0.2843(2) 0.02932(18) 0.5176(2) 1 0.0371(4)
H11 1 ? 0.3775 0.0157 0.5088 1 0.045
C15 1 ? -0.00608(18) -0.07490(15) 0.45203(17) 1 0.0275(3)
C16 1 ? 0.13837(19) -0.09301(16) 0.43905(17) 1 0.0294(3)
C17 1 ? -0.1605(2) -0.19878(17) 0.37400(19) 1 0.0350(3)
H17 1 ? -0.1695 -0.2968 0.3124 1 0.042
C18 1 ? -0.2949(2) -0.17579(18) 0.3883(2) 1 0.0412(4)
H18 1 ? -0.3954 -0.2581 0.3351 1 0.049
H10 1 ? 0.186(3) -0.267(2) -0.068(2) 1 0.043(5)
H4A 1 ? 0.268(3) 0.640(3) 0.111(4) 1 0.073(8)
H4B 1 ? 0.187(3) 0.519(3) -0.036(3) 1 0.075(8)
