|Bis[μ-1-hexyl-3-(2,3,5,6,8,9,11,12-octahydro-1,4,7,10,13- benzopentaoxacyclopentadecin-15-yl)urea]bis(azidosodium) chloroform disolvate|Gilles, Arnaud; Barboiu, Mihail; Legrand, Yves-Marie; van der Lee, Arie|Bis[μ-1-hexyl-3-(2,3,5,6,8,9,11,12-octahydro-1,4,7,10,13-benzopentaoxacyclopentadecin-15-yl)urea]bis(azidosodium) chloroform disolvate|Acta Crystallographica Section E|2012 68(5) m609 m610
C44 H70 Cl6 N10 Na2 O12
7.8168(3) 9.9342(3) 18.5202(7) 82.320(3) 83.459(3) 87.784(3)
P-1
Cl1 ? ? 0.29314(7) 0.12610(6) 0.36316(4) 1.0000 0.0548
C2 ? ? 0.4561(2) 0.23861(19) 0.37104(11) 1.0000 0.0356
Cl3 ? ? 0.36653(10) 0.38944(6) 0.39926(4) 1.0000 0.0680
Cl4 ? ? 0.59472(7) 0.16173(6) 0.43316(3) 1.0000 0.0512
H21 ? ? 0.5200 0.2581 0.3235 1.0000 0.0434
Na5 ? ? 0.68726(8) 0.47918(6) 0.16960(4) 1.0000 0.0242
O6 ? ? 0.48814(15) 0.33622(11) -0.18581(7) 1.0000 0.0285
C7 ? ? 0.5384(2) 0.21761(16) -0.18696(10) 1.0000 0.0242
N8 ? ? 0.5406(2) 0.15234(17) -0.24686(9) 1.0000 0.0374
C9 ? ? 0.4602(3) 0.20770(19) -0.31162(11) 1.0000 0.0355
C10 ? ? 0.2949(2) 0.13728(18) -0.31851(10) 1.0000 0.0313
C11 ? ? 0.2103(2) 0.19461(19) -0.38655(10) 1.0000 0.0333
C12 ? ? 0.0434(3) 0.1250(2) -0.39224(12) 1.0000 0.0389
C13 ? ? -0.0472(3) 0.1801(2) -0.45926(12) 1.0000 0.0418
C14 ? ? -0.1142(3) 0.3249(2) -0.45882(13) 1.0000 0.0478
H143 ? ? -0.1799 0.3539 -0.4990 1.0000 0.0713
H142 ? ? -0.0221 0.3863 -0.4614 1.0000 0.0704
H141 ? ? -0.1882 0.3325 -0.4137 1.0000 0.0719
H132 ? ? 0.0331 0.1764 -0.5028 1.0000 0.0512
H131 ? ? -0.1463 0.1226 -0.4624 1.0000 0.0506
H122 ? ? -0.0352 0.1330 -0.3482 1.0000 0.0473
H121 ? ? 0.0706 0.0298 -0.3933 1.0000 0.0470
H112 ? ? 0.2902 0.1861 -0.4306 1.0000 0.0398
H111 ? ? 0.1888 0.2919 -0.3852 1.0000 0.0400
H102 ? ? 0.2142 0.1441 -0.2755 1.0000 0.0370
H101 ? ? 0.3182 0.0418 -0.3200 1.0000 0.0371
H92 ? ? 0.5433 0.1998 -0.3547 1.0000 0.0427
H91 ? ? 0.4372 0.3008 -0.3078 1.0000 0.0431
N15 ? ? 0.59760(19) 0.13769(14) -0.12871(8) 1.0000 0.0269
C16 ? ? 0.64335(19) 0.17637(15) -0.06340(9) 1.0000 0.0214
C17 ? ? 0.6957(2) 0.07199(15) -0.01212(10) 1.0000 0.0249
C18 ? ? 0.7524(2) 0.10018(15) 0.05227(9) 1.0000 0.0258
C19 ? ? 0.7575(2) 0.23293(15) 0.06711(9) 1.0000 0.0218
O20 ? ? 0.82203(15) 0.27206(11) 0.12686(6) 1.0000 0.0260
C21 ? ? 0.8591(3) 0.16670(17) 0.18375(10) 1.0000 0.0334
C22 ? ? 0.9369(3) 0.23127(19) 0.24011(11) 1.0000 0.0349
O23 ? ? 0.81354(16) 0.32292(13) 0.27110(7) 1.0000 0.0309
C24 ? ? 0.8829(3) 0.3975(2) 0.32158(10) 1.0000 0.0346
C25 ? ? 1.0045(2) 0.50500(19) 0.28352(10) 1.0000 0.0335
O26 ? ? 0.91448(15) 0.58835(12) 0.23138(7) 1.0000 0.0299
C27 ? ? 1.0246(2) 0.68301(18) 0.18535(10) 1.0000 0.0306
C28 ? ? 0.9298(2) 0.74580(16) 0.12253(10) 1.0000 0.0268
O29 ? ? 0.89393(14) 0.64030(11) 0.08208(6) 1.0000 0.0247
C30 ? ? 0.8041(2) 0.68851(15) 0.02080(9) 1.0000 0.0224
C31 ? ? 0.7725(2) 0.57005(15) -0.01825(9) 1.0000 0.0220
O32 ? ? 0.69444(14) 0.46654(10) 0.03651(6) 1.0000 0.0217
C33 ? ? 0.69806(19) 0.33699(14) 0.01680(9) 1.0000 0.0193
C34 ? ? 0.64267(19) 0.31041(15) -0.04782(9) 1.0000 0.0209
H341 ? ? 0.6064 0.3812 -0.0801 1.0000 0.0243
H311 ? ? 0.8789 0.5349 -0.0418 1.0000 0.0259
H312 ? ? 0.6931 0.5978 -0.0562 1.0000 0.0255
H302 ? ? 0.6927 0.7308 0.0380 1.0000 0.0260
H301 ? ? 0.8754 0.7532 -0.0129 1.0000 0.0261
H282 ? ? 0.9976 0.8153 0.0910 1.0000 0.0316
H281 ? ? 0.8213 0.7896 0.1414 1.0000 0.0311
H272 ? ? 1.1304 0.6344 0.1671 1.0000 0.0363
H271 ? ? 1.0565 0.7540 0.2137 1.0000 0.0370
H252 ? ? 1.1098 0.4676 0.2585 1.0000 0.0386
H251 ? ? 1.0413 0.5567 0.3199 1.0000 0.0395
H242 ? ? 0.9400 0.3365 0.3574 1.0000 0.0420
H241 ? ? 0.7839 0.4424 0.3465 1.0000 0.0405
H222 ? ? 0.9731 0.1600 0.2775 1.0000 0.0429
H221 ? ? 1.0366 0.2786 0.2178 1.0000 0.0406
H212 ? ? 0.7521 0.1202 0.2038 1.0000 0.0389
H211 ? ? 0.9414 0.1031 0.1638 1.0000 0.0403
H181 ? ? 0.7864 0.0271 0.0860 1.0000 0.0310
H171 ? ? 0.6928 -0.0178 -0.0217 1.0000 0.0294
N35 ? ? 0.4334(2) 0.33243(16) 0.19341(10) 1.0000 0.0391
N36 ? ? 0.38153(18) 0.22991(14) 0.18164(8) 1.0000 0.0282
N37 ? ? 0.3246(3) 0.12827(17) 0.17006(11) 1.0000 0.0481
H81 ? ? 0.575(3) 0.072(3) -0.2411(14) 1.0000 0.0500
H151 ? ? 0.620(3) 0.054(3) -0.1333(14) 1.0000 0.0500
