|<i>N</i>,<i>N</i>,<i>N</i>,<i>N</i>',<i>N</i>',<i>N</i>'-Hexakis(2-hydroxyethyl)butane-1,4-diaminium bis(2-sulfanylidene-1,3-dithiole-4,5-dithiolato-κ^2^<i>S</i>^4^,<i>S</i>^5^)zincate|Zhang, Xiulan; Xie, Bin; Zou, Like; Wang, Jun; Lin, Xiao|<i>N</i>,<i>N</i>,<i>N</i>,<i>N</i>',<i>N</i>',<i>N</i>'-Hexakis(2-hydroxyethyl)butane-1,4-diaminium bis(2-sulfanylidene-1,3-dithiole-4,5-dithiolato-κ^2^<i>S</i>^4^,<i>S</i>^5^)zincate|Acta Crystallographica Section E|2013 69(7) m368 m369
C22 H38 N2 O6 S10 Zn
9.051(5) 13.142(7) 15.321(8) 69.803(5) 84.566(5) 76.909(6)
P-1
Zn1 ? ? 0.72260(3) 0.31560(2) 0.29989(2) 1 0.03324(9)
S1 ? ? 1.43528(9) 0.07781(8) 0.13331(7) 1 0.0595(2)
S2 ? ? 1.16079(8) 0.26092(7) 0.11098(5) 1 0.04481(17)
S3 ? ? 1.19712(7) 0.07888(6) 0.28040(5) 1 0.04110(16)
S4 ? ? 0.86527(8) 0.38273(6) 0.16423(5) 1 0.03975(16)
S5 ? ? 0.91180(7) 0.16205(5) 0.37140(4) 1 0.03560(14)
S6 ? ? 0.60063(7) 0.43102(5) 0.38427(4) 1 0.03266(14)
S7 ? ? 0.49964(7) 0.27202(5) 0.26931(5) 1 0.03467(14)
S8 ? ? 0.18379(7) 0.36528(5) 0.31683(4) 1 0.03174(13)
S9 ? ? 0.26376(7) 0.50500(5) 0.40545(4) 1 0.03092(13)
S10 ? ? -0.06504(7) 0.51276(7) 0.38168(6) 1 0.04485(18)
C1 ? ? 1.2721(3) 0.1367(2) 0.1725(2) 1 0.0407(6)
C2 ? ? 1.0312(3) 0.1804(2) 0.27378(17) 1 0.0298(5)
C3 ? ? 1.0134(3) 0.2666(2) 0.19272(17) 1 0.0316(5)
C4 ? ? 0.3785(3) 0.35788(19) 0.32191(16) 1 0.0270(5)
C5 ? ? 0.4163(3) 0.42241(19) 0.36549(16) 1 0.0274(5)
C6 ? ? 0.1181(3) 0.4648(2) 0.36886(17) 1 0.0304(5)
O1 ? ? 0.8411(3) 1.0111(2) 0.13299(15) 1 0.0738(8)
H1 ? ? 0.9254 0.9745 0.1272 1 0.111
O2 ? ? 1.1048(2) 0.8211(2) 0.34668(15) 1 0.0574(6)
H2 ? ? 1.0753 0.8226 0.2972 1 0.086
O3 ? ? 0.3905(2) 0.79755(19) 0.43313(15) 1 0.0518(5)
H3 ? ? 0.3166 0.8242 0.3994 1 0.078
N1 ? ? 0.7275(2) 0.87055(15) 0.38146(13) 1 0.0259(4)
C15 ? ? 0.5189(3) 0.7627(3) 0.3815(2) 1 0.0452(7)
H15A ? ? 0.5092 0.8112 0.3172 1 0.054
H15B ? ? 0.5190 0.6884 0.3827 1 0.054
C16 ? ? 0.6697(3) 0.76267(19) 0.41688(18) 1 0.0325(5)
H16A ? ? 0.7460 0.7062 0.4015 1 0.039
H16B ? ? 0.6623 0.7403 0.4842 1 0.039
C17 ? ? 0.5665(3) 0.9539(2) 0.49775(17) 1 0.0374(6)
H17A ? ? 0.5393 0.8826 0.5290 1 0.045
H17B ? ? 0.6525 0.9572 0.5292 1 0.045
C18 ? ? 0.6089(3) 0.9665(2) 0.39676(16) 1 0.0303(5)
H18A ? ? 0.6470 1.0341 0.3688 1 0.036
H18B ? ? 0.5177 0.9748 0.3642 1 0.036
C19 ? ? 0.7612(3) 0.8966(2) 0.27804(16) 1 0.0332(5)
H19A ? ? 0.6700 0.8987 0.2484 1 0.040
H19B ? ? 0.8382 0.8360 0.2695 1 0.040
C20 ? ? 0.8147(4) 1.0040(3) 0.22751(19) 1 0.0460(7)
H20A ? ? 0.7379 1.0668 0.2322 1 0.055
H20B ? ? 0.9072 1.0040 0.2547 1 0.055
C21 ? ? 0.8694(3) 0.8543(2) 0.43514(17) 1 0.0307(5)
H21A ? ? 0.8970 0.9258 0.4192 1 0.037
H21B ? ? 0.8433 0.8310 0.5010 1 0.037
C22 ? ? 1.0087(3) 0.7720(2) 0.42009(19) 1 0.0362(5)
H22A ? ? 1.0658 0.7383 0.4771 1 0.043
H22B ? ? 0.9762 0.7137 0.4066 1 0.043
C12 ? ? 0.6135(5) 0.6888(6) 0.1276(3) 1 0.0924(16)
H12A ? ? 0.6734 0.6384 0.0978 0.701(9) 0.111
H12B ? ? 0.5920 0.7623 0.0814 0.701(9) 0.111
O4 ? ? 0.6950(5) 0.6901(5) 0.1991(3) 0.701(9) 0.096(2)
H4 ? ? 0.7745 0.7024 0.1711 0.701(9) 0.144
C14 ? ? 0.2392(5) 0.8699(3) 0.1175(3) 1 0.0687(10)
H14A ? ? 0.3198 0.8512 0.1613 0.671(8) 0.082
H14B ? ? 0.2246 0.9487 0.0831 0.671(8) 0.082
O5 ? ? 0.1091(4) 0.8486(4) 0.1657(3) 0.671(8) 0.0746(16)
H5 ? ? 0.0669 0.8126 0.1455 0.671(8) 0.112
C7 ? ? 0.0785(5) 0.6446(4) 0.0908(3) 1 0.0781(12)
H7A ? ? 0.1068 0.6577 0.0258 0.566(7) 0.094
H7B ? ? 0.0342 0.5793 0.1131 0.566(7) 0.094
O6 ? ? -0.0266(7) 0.7353(6) 0.1000(6) 0.566(7) 0.132(3)
H6 ? ? -0.0577 0.7765 0.0485 0.566(7) 0.198
H12C ? ? 0.6957 0.6376 0.1665 0.299(9) 0.111
H12D ? ? 0.6327 0.6850 0.0653 0.299(9) 0.111
O4' ? ? 0.6138(17) 0.7934(8) 0.1249(11) 0.299(9) 0.130(7)
H4' ? ? 0.6945 0.8099 0.1022 0.299(9) 0.195
H14C ? ? 0.1848 0.8266 0.1695 0.329(8) 0.082
H14D ? ? 0.3292 0.8784 0.1418 0.329(8) 0.082
O5' ? ? 0.1495(14) 0.9722(7) 0.0798(9) 0.329(8) 0.141(6)
H5' ? ? 0.1913 1.0077 0.0330 0.329(8) 0.212
H7'1 ? ? 0.0479 0.7232 0.0571 0.434(7) 0.094
H7'2 ? ? 0.1053 0.6070 0.0453 0.434(7) 0.094
O6' ? ? -0.0404(6) 0.6090(5) 0.1422(5) 0.434(7) 0.074(2)
H6' ? ? -0.0684 0.6440 0.1781 0.434(7) 0.111
N2 ? ? 0.3447(3) 0.68177(19) 0.09357(14) 1 0.0369(5)
C8 ? ? 0.2173(3) 0.6257(3) 0.1464(2) 1 0.0472(7)
H8A ? ? 0.2575 0.5466 0.1713 1 0.057
H8B ? ? 0.1861 0.6516 0.1987 1 0.057
C9 ? ? 0.4633(4) 0.5148(3) 0.0416(2) 1 0.0559(8)
H9A ? ? 0.5367 0.4913 0.0905 1 0.067
H9B ? ? 0.3801 0.4769 0.0654 1 0.067
C10 ? ? 0.4042(3) 0.6398(2) 0.01308(18) 1 0.0424(6)
H10A ? ? 0.3232 0.6607 -0.0309 1 0.051
H10B ? ? 0.4854 0.6765 -0.0187 1 0.051
C11 ? ? 0.4673(3) 0.6526(3) 0.1644(2) 1 0.0528(8)
H11A ? ? 0.4268 0.6852 0.2118 1 0.063
H11B ? ? 0.4898 0.5728 0.1943 1 0.063
C13 ? ? 0.2875(4) 0.8067(2) 0.0507(2) 1 0.0485(7)
H13A ? ? 0.3672 0.8375 0.0103 1 0.058
H13B ? ? 0.2020 0.8194 0.0119 1 0.058
