ibuprofen|???|Stone, Kevin H.; Lapidus, Saul H.; Stephens, Peter W.|Implementation and use of robust refinement in powder diffraction in the presence of impurities|Journal of Applied Crystallography|2009 42(3) 385 391
C13 H18 O2
14.6662(9) 7.8879(4) 10.7275(4) 90 99.432(3) 90
?
C1a ? ? 0.7001985 0.6300629 1.075148 1 ?
C2a ? ? 0.6545724 0.4903699 1.01451 1 ?
C3a ? ? 0.6941239 0.400947 0.9248313 1 ?
C4a ? ? 0.7793015 0.4512171 0.8957917 1 ?
C5a ? ? 0.8249276 0.5909101 0.9564304 1 ?
C6a ? ? 0.7853761 0.680333 1.046109 1 ?
C7a ? ? 0.6549341 0.7324024 1.17778 1 ?
C8a ? ? 0.5992737 0.6025749 1.251094 1 ?
C9a ? ? 0.5733623 0.8477376 1.106476 1 ?
C10a ? ? 0.8245659 0.3488776 0.7931601 1 ?
C11a ? ? 0.9100847 0.2432568 0.8649786 1 ?
C12a ? ? 0.9564374 0.1853601 0.7473537 1 ?
C13a ? ? 0.8609139 0.09053334 0.9253676 1 ?
O1a ? ? 0.6172549 0.9851383 1.099179 1 ?
O2a ? ? 0.5048676 0.8088345 1.062446 1 ?
H1a ? ? 0.590191 1.047029 1.020408 1 ?
H7a ? ? 0.7040752 0.7968961 1.234049 1 ?
H8a ? ? 0.5577554 0.5315585 1.188617 1 ?
H8b ? ? 0.6437922 0.5346535 1.311965 1 ?
H8c ? ? 0.5657227 0.666453 1.310181 1 ?
H2a ? ? 0.5934562 0.4543004 1.035346 1 ?
H3a ? ? 0.6613865 0.3007153 0.8813222 1 ?
H5a ? ? 0.8860438 0.6269796 0.9355941 1 ?
H6a ? ? 0.8181135 0.7805647 1.089618 1 ?
H10a ? ? 0.7762325 0.2780272 0.7407806 1 ?
H10b ? ? 0.8559684 0.4298995 0.7423439 1 ?
H11a ? ? 0.9506475 0.3194044 0.9246819 1 ?
H12a ? ? 1.006663 0.2666731 0.7356611 1 ?
H12b ? ? 0.9781493 0.06543135 0.7597019 1 ?
H12c ? ? 0.9076388 0.1738771 0.670946 1 ?
H13a ? ? 0.9085615 0.006609819 0.9634698 1 ?
H13b ? ? 0.8228096 0.1363839 0.9869167 1 ?
H13c ? ? 0.8119732 0.04036572 0.8598844 1 ?
