||Berta Gomez-Lor; Enrique GutierrezPuebla; M. Angeles Monge; Caridad Ruiz Valero; Natalia Snejko; Concepción Cascales|Catalytic behavior of rare-earth sulfates: applications in organic hydrogenation and oxidation reactions|Chemistry of Materials|2004
H6 Ho N O9 S2
10.2171(7) 8.3349(5) 10.3267(7) 90.00 119.5290(10) 90.00
P121/n1
Ho1 ? ? 0.28036(4) 0.36065(4) 0.03605(3) 1 0.00794(11)
S1 ? ? 0.6250(2) 0.3633(2) 0.1823(2) 1 0.0099(3)
S2 ? ? 0.1036(2) 0.7044(2) 0.0998(2) 1 0.0095(3)
O1 ? ? 0.2964(7) 0.5657(7) -0.1089(7) 1 0.0195(12)
O2 ? ? 0.2380(7) 0.2159(8) -0.1815(6) 1 0.0188(12)
O3 ? ? 0.5109(7) 0.2449(7) 0.0811(6) 1 0.0179(12)
O4 ? ? 0.5378(7) 0.4842(7) 0.2122(7) 1 0.0196(13)
O5 ? ? 0.0521(8) 0.7887(8) -0.0398(6) 1 0.0230(13)
O6 ? ? 0.3288(7) 0.3187(7) 0.2751(6) 1 0.0152(11)
O7 ? ? 0.2238(7) 0.5868(7) 0.1266(6) 1 0.0165(11)
O8 ? ? 0.0234(8) 0.3779(7) -0.1016(7) 1 0.0186(12)
O9 ? ? 0.2196(7) 0.0842(7) 0.0509(7) 1 0.0185(12)
N1 ? ? 0.4728(12) -0.1590(11) 0.1817(11) 1 0.021(2)
H91 ? ? 0.0998 0.0542 0.9518 1 0.050
H92 ? ? 0.2224 0.0873 0.1337 1 0.050
H11 ? ? 0.5520 0.8060 0.1460 1 0.050
H12 ? ? 0.5210 0.8282 0.2923 1 0.050
H13 ? ? 0.4920 0.9420 0.1880 1 0.050
H14 ? ? 0.4360 0.7460 0.1850 1 0.050
