||Taeshick Kim|Polymorphs and Blue Luminescence of Oligomeric Zinc (II) Complex; Zn3ppo6 [ppo ( 2((2(hydroxyphenyl)(5(phenyloxazole]|Chemistry of Materials|2003
C30 H20 N2 O4 Zn
5.0471(7) 13.337(1) 18.239(2) 106.042(8) 90.111(6) 90.019(4)
P-1
Zn1 1 ? 0.5581(4) 0.0001(1) 0.2500(1) 1.00 0.0369(5)
O1 1 ? 0.762(2) 0.1045(8) 0.2241(6) 1.00 0.046(3)
O2 1 ? 0.254(2) 0.2482(8) 0.4122(5) 1.00 0.039(3)
O3 1 ? 0.260(2) -0.2486(8) 0.0881(6) 1.00 0.036(3)
O4 1 ? 0.767(2) -0.1040(7) 0.2769(6) 1.00 0.042(3)
N1 1 ? 0.359(2) 0.0960(9) 0.3332(6) 1.00 0.029(4)
N2 1 ? 0.357(2) -0.0967(8) 0.1651(7) 1.00 0.035(4)
C1 1 ? 0.411(3) 0.198(1) 0.3515(8) 1.00 0.028(4)
C7 1 ? 0.088(3) 0.179(1) 0.4275(9) 1.00 0.033(4)
C8 1 ? 0.414(3) -0.197(1) 0.1444(9) 1.00 0.034(5)
C9 1 ? 0.783(3) -0.204(1) 0.2360(9) 1.00 0.039(5)
C11 1 ? -0.268(3) 0.143(1) 0.5105(9) 1.00 0.051(6)
C12 1 ? 0.610(3) 0.254(1) 0.3265(8) 1.00 0.029(4)
C13 1 ? 0.784(3) 0.204(1) 0.2615(8) 1.00 0.034(4)
C15 1 ? -0.263(3) -0.142(1) -0.011(1) 1.00 0.048(5)
C16 1 ? 0.095(3) -0.177(1) 0.072(1) 1.00 0.047(6)
C17 1 ? 0.830(3) 0.419(1) 0.3350(9) 1.00 0.050(5)
C18 1 ? 0.998(3) 0.371(1) 0.2745(9) 1.00 0.041(5)
C19 1 ? 0.154(3) -0.084(1) 0.119(1) 1.00 0.045(5)
C20 1 ? -0.128(3) -0.321(1) -0.0256(9) 1.00 0.042(5)
C21 1 ? -0.099(3) 0.215(1) 0.4891(8) 1.00 0.034(5)
C22 1 ? 0.612(3) -0.254(1) 0.1745(9) 1.00 0.036(5)
C23 1 ? 0.637(3) -0.363(1) 0.1402(9) 1.00 0.036(5)
C24 1 ? 0.636(3) 0.360(1) 0.3600(9) 1.00 0.040(5)
C25 1 ? 0.151(3) 0.085(1) 0.3784(9) 1.00 0.042(5)
C26 1 ? 0.992(3) -0.371(1) 0.224(1) 1.00 0.051(6)
C27 1 ? 0.971(3) 0.265(1) 0.241(1) 1.00 0.044(5)
C28 1 ? -0.318(3) 0.353(1) 0.581(1) 1.00 0.052(6)
C29 1 ? 0.824(3) -0.419(1) 0.166(1) 1.00 0.053(5)
C30 1 ? -0.450(4) 0.180(2) 0.570(1) 1.00 0.057(7)
C31 1 ? -0.099(3) -0.214(1) 0.0087(9) 1.00 0.040(5)
C32 1 ? -0.126(3) 0.320(1) 0.5223(9) 1.00 0.043(5)
C33 1 ? -0.488(3) -0.284(2) -0.102(1) 1.00 0.055(6)
C34 1 ? -0.474(3) 0.285(2) 0.604(1) 1.00 0.057(6)
C35 1 ? -0.317(3) -0.354(2) -0.080(1) 1.00 0.062(6)
C36 1 ? 0.978(3) -0.264(1) 0.260(1) 1.00 0.046(5)
C39 1 ? -0.449(4) -0.176(2) -0.066(1) 1.00 0.069(8)
H1 1 ? 1.093(3) 0.233(1) 0.202(1) 1.00 0.056(6)
H2 1 ? 1.128(3) 0.410(1) 0.2567(9) 1.00 0.050(5)
H3 1 ? 0.847(3) 0.492(1) 0.3595(9) 1.00 0.056(5)
H4 1 ? 0.518(3) 0.393(1) 0.3997(9) 1.00 0.048(5)
H5 1 ? 0.064(3) 0.021(1) 0.3767(9) 1.00 0.049(5)
H6 1 ? -0.256(3) 0.070(1) 0.4850(9) 1.00 0.061(6)
H7 1 ? -0.556(4) 0.131(2) 0.587(1) 1.00 0.070(7)
H8 1 ? -0.602(3) 0.309(2) 0.643(1) 1.00 0.064(6)
H9 1 ? -0.338(3) 0.426(1) 0.606(1) 1.00 0.062(6)
H10 1 ? -0.016(3) 0.369(1) 0.5074(9) 1.00 0.050(5)
H11 1 ? 1.095(3) -0.232(1) 0.300(1) 1.00 0.053(5)
H12 1 ? 1.121(3) -0.412(1) 0.240(1) 1.00 0.062(6)
H13 1 ? 0.836(3) -0.492(1) 0.143(1) 1.00 0.059(5)
H14 1 ? 0.525(3) -0.396(1) 0.0987(9) 1.00 0.043(5)
H15 1 ? 0.072(3) -0.020(1) 0.120(1) 1.00 0.049(5)
H16 1 ? -0.246(3) -0.069(1) 0.013(1) 1.00 0.057(5)
H17 1 ? -0.555(4) -0.127(2) -0.082(1) 1.00 0.092(9)
H18 1 ? -0.622(3) -0.308(2) -0.140(1) 1.00 0.064(6)
H19 1 ? -0.338(3) -0.426(2) -0.103(1) 1.00 0.072(6)
H20 1 ? -0.013(3) -0.370(1) -0.0122(9) 1.00 0.049(5)
