||Yuji Matsuya; Kazushige Sasaki; Mamiko Nagaoka; Hiroko Kakuda; Naoki Toyooka; Nobuko Imanishi; Hiroshi Ochiai; Hideo Nemoto|Synthesis of a New Class of Furan-Fused Tetracyclic Compounds Using o-Quinodimethane Chemistry and Investigation of Their Antiviral Activity|Journal of Organic Chemistry|2004 69 7989 7993
C17 H17 N O3
8.864(5) 14.597(5) 10.900(4) 90 108.36(3) 90
P121/a1
O1 ? ? 0.9260(4) 0.5410(2) 0.1783(3) 1 0.048(1)
O2 ? ? 0.6576(4) 0.5669(2) 0.1562(3) 1 0.045(1)
O3 ? ? 0.6455(4) 0.3503(2) 0.7467(3) 1 0.048(1)
N1 ? ? 0.8301(6) 0.1860(3) 0.2057(5) 1 0.059(2)
C1 ? ? 0.8225(6) 0.3551(3) 0.2891(5) 1 0.034(1)
C2 ? ? 0.9860(6) 0.4020(4) 0.3096(5) 1 0.040(2)
C3 ? ? 0.9985(7) 0.4499(3) 0.1897(5) 1 0.043(2)
C4 ? ? 0.8971(7) 0.4015(4) 0.0674(6) 1 0.047(2)
C5 ? ? 0.7359(6) 0.4354(4) 0.0655(5) 1 0.040(2)
C6 ? ? 0.6852(6) 0.4033(3) 0.1828(4) 1 0.034(1)
C7 ? ? 0.6273(6) 0.4922(3) 0.2325(5) 1 0.036(1)
C8 ? ? 0.7058(7) 0.5129(3) 0.3760(5) 1 0.041(2)
C9 ? ? 0.7220(5) 0.4277(3) 0.4564(4) 1 0.032(1)
C10 ? ? 0.6809(6) 0.4255(3) 0.5683(5) 1 0.037(2)
C11 ? ? 0.6970(6) 0.3455(3) 0.6409(5) 1 0.037(1)
C12 ? ? 0.7604(6) 0.2681(3) 0.6032(5) 1 0.039(2)
C13 ? ? 0.8033(6) 0.2706(3) 0.4909(5) 1 0.037(2)
C14 ? ? 0.7819(5) 0.3491(3) 0.4150(4) 1 0.032(1)
C15 ? ? 0.8290(6) 0.2594(4) 0.2423(5) 1 0.040(2)
C16 ? ? 0.7645(6) 0.5363(4) 0.0938(5) 1 0.045(2)
C17 ? ? 0.6475(8) 0.2671(4) 0.8163(6) 1 0.049(2)
H2a ? ? 1.004(5) 0.443(3) 0.385(4) 1 0.024(9)
H2b ? ? 1.069(6) 0.356(3) 0.333(4) 1 0.043(9)
H3 ? ? 1.110(6) 0.463(3) 0.196(4) 1 0.048(9)
H4a ? ? 0.930(5) 0.421(3) 0.001(4) 1 0.037(9)
H4b ? ? 0.911(5) 0.331(3) 0.077(4) 1 0.048(9)
H5 ? ? 0.654(6) 0.429(3) -0.016(5) 1 0.049(9)
H6 ? ? 0.586(5) 0.358(3) 0.159(4) 1 0.045(9)
H7 ? ? 0.508(5) 0.488(3) 0.209(4) 1 0.025(9)
H8a ? ? 0.812(6) 0.544(3) 0.382(4) 1 0.043(9)
H8b ? ? 0.637(6) 0.561(3) 0.400(5) 1 0.050(9)
H10 ? ? 0.638(5) 0.475(3) 0.600(4) 1 0.033(9)
H12 ? ? 0.777(5) 0.217(3) 0.653(4) 1 0.035(9)
H13 ? ? 0.850(5) 0.215(3) 0.466(4) 1 0.039(9)
H16 ? ? 0.758(5) 0.579(3) 0.020(4) 1 0.030(9)
H17a ? ? 0.765(7) 0.245(4) 0.864(5) 1 0.058(9)
H17b ? ? 0.586(5) 0.217(3) 0.755(4) 1 0.046(9)
H17c ? ? 0.594(7) 0.284(4) 0.883(6) 1 0.075(8)
