|?|Wenchao Qu; Tang Ding; Anil Cetin; John D. Harvey; Michael J. Taschner; Christopher J. Ziegler|Facile Peripheral Modification of N-Confused Porphyrin|Journal of Organic Chemistry|2006 71 811 814
C60 H55 Co N5 O2
13.029(4) 13.734(4) 13.913(4) 77.699(4) 79.722(4) 67.390(4)
P-1
Co1 1 ? 0.77179(7) 0.67011(7) 0.52183(6) 1 0.0361(3)
O1 1 ? 0.8522(6) 0.1724(7) 0.5565(6) 1 0.110(3)
O2 1 ? 1.0073(5) 0.0547(6) 0.6353(5) 1 0.090(2)
N1 1 ? 0.7846(5) 0.6274(5) 0.6651(4) 1 0.0443(15)
N2 1 ? 0.7289(4) 0.8230(4) 0.5357(4) 1 0.0364(13)
N3 1 ? 0.7741(5) 0.7110(4) 0.3750(4) 1 0.0406(14)
N4 1 ? 0.9379(5) 0.3387(5) 0.5300(6) 1 0.0573(17)
N5 1 ? 0.6023(4) 0.6695(4) 0.5324(4) 1 0.0391(13)
C1 1 ? 0.8068(6) 0.5232(7) 0.7207(5) 1 0.050(2)
C2 1 ? 0.7806(7) 0.5306(7) 0.8256(6) 1 0.063(2)
H2 1 ? 0.7861 0.4724 0.8781 1 0.075
C3 1 ? 0.7465(7) 0.6362(7) 0.8361(6) 1 0.058(2)
H3 1 ? 0.7242 0.6652 0.8959 1 0.069
C4 1 ? 0.7521(6) 0.6933(6) 0.7370(5) 1 0.0501(19)
C5 1 ? 0.7273(6) 0.8060(6) 0.7168(5) 1 0.0493(19)
C6 1 ? 0.7209(5) 0.8639(6) 0.6214(5) 1 0.0396(16)
C7 1 ? 0.7071(6) 0.9759(6) 0.5978(5) 1 0.0463(18)
H7 1 ? 0.7027 1.0208 0.6429 1 0.056
C8 1 ? 0.7017(6) 1.0042(6) 0.4988(5) 1 0.0446(17)
H8 1 ? 0.6928 1.0729 0.4614 1 0.054
C9 1 ? 0.7120(5) 0.9108(5) 0.4609(5) 1 0.0373(16)
C10 1 ? 0.7087(5) 0.9100(5) 0.3624(5) 1 0.0398(16)
C11 1 ? 0.7326(6) 0.8163(6) 0.3217(5) 1 0.0438(17)
C12 1 ? 0.7230(6) 0.8128(6) 0.2224(5) 1 0.0464(18)
H12 1 ? 0.6953 0.8729 0.1729 1 0.056
C13 1 ? 0.7602(6) 0.7092(6) 0.2106(6) 1 0.0523(19)
H13 1 ? 0.7629 0.6828 0.1520 1 0.063
C14 1 ? 0.7952(6) 0.6464(6) 0.3047(5) 1 0.0430(17)
C15 1 ? 0.8456(6) 0.5344(5) 0.3212(5) 1 0.0429(17)
C16 1 ? 0.8753(6) 0.4804(6) 0.4139(6) 1 0.0446(18)
C17 1 ? 0.9339(6) 0.3680(6) 0.4369(6) 1 0.0510(19)
H17 1 ? 0.9657 0.3212 0.3893 1 0.061
C18 1 ? 0.8434(5) 0.5236(5) 0.5061(5) 1 0.0390(16)
C19 1 ? 0.8794(5) 0.4327(6) 0.5798(6) 1 0.0492(19)
C20 1 ? 0.8555(6) 0.4279(6) 0.6822(6) 1 0.0495(19)
C21 1 ? 0.7085(8) 0.8659(8) 0.8014(5) 1 0.060(2)
C22 1 ? 0.6083(9) 0.9523(8) 0.8184(6) 1 0.072(3)
H22 1 ? 0.5517 0.9719 0.7758 1 0.086
C23 1 ? 0.5889(10) 1.0099(8) 0.8943(7) 1 0.081(3)
H23 1 ? 0.5200 1.0673 0.9039 1 0.098
C24 1 ? 0.6677(12) 0.9840(11) 0.9536(8) 1 0.093(4)
H24 1 ? 0.6543 1.0247 1.0049 1 0.112
C25 1 ? 0.7678(11) 0.9007(10) 0.9440(7) 1 0.085(3)
H25 1 ? 0.8217 0.8837 0.9887 1 0.102
C26 1 ? 0.7912(9) 0.8378(8) 0.8636(6) 1 0.081(3)
H26 1 ? 0.8601 0.7802 0.8548 1 0.097
C27 1 ? 0.6787(6) 1.0141(5) 0.2919(5) 1 0.0426(17)
C28 1 ? 0.5777(7) 1.0971(6) 0.3105(6) 1 0.058(2)
H28 1 ? 0.5281 1.0872 0.3675 1 0.069
C29 1 ? 0.5481(8) 1.1957(7) 0.2454(8) 1 0.073(3)
H29 1 ? 0.4789 1.2516 0.2583 1 0.088
C30 1 ? 0.6201(8) 1.2097(7) 0.1640(7) 1 0.067(2)
H30 1 ? 0.5995 1.2753 0.1196 1 0.080
C31 1 ? 0.7235(8) 1.1295(7) 0.1449(6) 1 0.061(2)
H31 1 ? 0.7738 1.1411 0.0892 1 0.073
C32 1 ? 0.7519(7) 1.0309(6) 0.2096(5) 1 0.0507(19)
H32 1 ? 0.8216 0.9755 0.1968 1 0.061
C33 1 ? 0.8613(6) 0.4739(5) 0.2386(5) 1 0.0456(18)
C34 1 ? 0.7923(7) 0.4171(7) 0.2411(8) 1 0.082(3)
H34 1 ? 0.7363 0.4182 0.2954 1 0.099
C35 1 ? 0.8016(9) 0.3597(8) 0.1689(10) 1 0.097(4)
H35 1 ? 0.7536 0.3209 0.1745 1 0.116
C36 1 ? 0.8793(10) 0.3578(7) 0.0888(7) 1 0.074(3)
H36 1 ? 0.8836 0.3216 0.0364 1 0.089
C37 1 ? 0.9505(10) 0.4094(8) 0.0862(7) 1 0.093(4)
H37 1 ? 1.0068 0.4072 0.0319 1 0.111
C38 1 ? 0.9431(8) 0.4653(8) 0.1609(7) 1 0.079(3)
H38 1 ? 0.9959 0.4982 0.1580 1 0.095
C39 1 ? 0.8725(6) 0.3237(6) 0.7538(5) 1 0.0490(18)
C40 1 ? 0.7969(7) 0.2728(7) 0.7579(6) 1 0.061(2)
H40 1 ? 0.7369 0.3032 0.7178 1 0.074
C41 1 ? 0.8120(8) 0.1728(7) 0.8243(7) 1 0.076(3)
H41 1 ? 0.7620 0.1368 0.8273 1 0.091
C42 1 ? 0.8970(8) 0.1302(7) 0.8824(6) 1 0.070(3)
H42 1 ? 0.9053 0.0657 0.9274 1 0.084
C43 1 ? 0.9695(8) 0.1803(6) 0.8754(6) 1 0.064(2)
H43 1 ? 1.0295 0.1490 0.9155 1 0.077
C44 1 ? 0.9603(7) 0.2764(7) 0.8118(6) 1 0.059(2)
H44 1 ? 1.0137 0.3089 0.8084 1 0.071
C45 1 ? 1.0062(8) 0.2317(7) 0.5657(8) 1 0.080(3)
H45A 1 ? 1.0346 0.2310 0.6274 1 0.095
H45B 1 ? 1.0716 0.2074 0.5163 1 0.095
C46 1 ? 0.9442(9) 0.1523(10) 0.5867(9) 1 0.098(4)
C47 1 ? 0.9609(14) -0.0281(12) 0.6585(11) 1 0.148(6)
H47A 1 ? 0.8945 -0.0061 0.7075 1 0.178
H47B 1 ? 0.9344 -0.0324 0.5976 1 0.178
C48 1 ? 1.0306(10) -0.1303(10) 0.6956(7) 1 0.154(7)
H48A 1 ? 1.0698 -0.1696 0.6407 1 0.231
H48B 1 ? 0.9857 -0.1682 0.7399 1 0.231
H48C 1 ? 1.0853 -0.1251 0.7324 1 0.231
C49 1 ? 0.5278(5) 0.7371(5) 0.4726(5) 1 0.0435(17)
H49 1 ? 0.5451 0.7940 0.4301 1 0.052
C50 1 ? 0.4246(6) 0.7283(6) 0.4693(6) 1 0.0514(19)
H50 1 ? 0.3734 0.7786 0.4256 1 0.062
C51 1 ? 0.3994(6) 0.6485(6) 0.5283(7) 1 0.061(2)
H51 1 ? 0.3305 0.6408 0.5259 1 0.074
C52 1 ? 0.4741(7) 0.5766(7) 0.5932(7) 1 0.073(3)
H52 1 ? 0.4570 0.5201 0.6367 1 0.088
C53 1 ? 0.5739(6) 0.5901(7) 0.5924(6) 1 0.062(2)
H53 1 ? 0.6255 0.5410 0.6364 1 0.074
