||Noriyasu Kataoka; Quinetta Shelby; James P. Stambuli; John F. Hartwig|Air Stable, Sterically Hindered Ferrocenyl Dialkylphosphines for Palladium-Catalyzed C-C, C-N, and C-O Bond-Forming Cross-Couplings|Journal of Organic Chemistry|2002 67 5553 5566
C96 H94 Fe2 P2
19.4129(3) 18.0760(4) 22.333(1) 90 104.744(1) 90
P121/n1
Fe(1) ? ? 0.26232(2) 0.25837(2) 0.95196(2) ? 0.0247(1)
Fe(2) ? ? 0.23714(2) 0.18521(2) 0.35051(2) ? 0.0258(1)
P(1) ? ? 0.08241(3) 0.16814(4) 0.93159(3) ? 0.0306(2)
P(2) ? ? 0.04398(3) 0.24458(4) 0.30066(3) ? 0.0347(2)
C(1) ? ? 0.2761(1) 0.3186(1) 0.8776(1) ? 0.0242(7)
C(2) ? ? 0.2709(1) 0.2409(1) 0.8627(1) ? 0.0241(7)
C(3) ? ? 0.3281(1) 0.2037(1) 0.9062(1) ? 0.0237(7)
C(4) ? ? 0.3672(1) 0.2580(1) 0.9478(1) ? 0.0239(7)
C(5) ? ? 0.3359(1) 0.3290(1) 0.9304(1) ? 0.0244(7)
C(6) ? ? 0.2335(1) 0.3798(1) 0.8419(1) ? 0.0262(7)
C(7) ? ? 0.2062(1) 0.4373(1) 0.8706(1) ? 0.0314(8)
C(8) ? ? 0.1707(1) 0.4961(1) 0.8360(1) ? 0.0402(9)
C(9) ? ? 0.1615(1) 0.4979(2) 0.7730(2) ? 0.0476(10)
C(10) ? ? 0.1879(1) 0.4414(2) 0.7438(1) ? 0.0462(9)
C(11) ? ? 0.2238(1) 0.3827(1) 0.7780(1) ? 0.0352(8)
C(12) ? ? 0.2169(1) 0.2081(1) 0.8103(1) ? 0.0244(7)
C(13) ? ? 0.1465(1) 0.2332(1) 0.7949(1) ? 0.0312(8)
C(14) ? ? 0.0963(1) 0.2041(2) 0.7453(1) ? 0.0391(8)
C(15) ? ? 0.1146(1) 0.1479(2) 0.7102(1) ? 0.0430(9)
C(16) ? ? 0.1838(1) 0.1211(1) 0.7252(1) ? 0.0395(9)
C(17) ? ? 0.2343(1) 0.1516(1) 0.7742(1) ? 0.0313(8)
C(18) ? ? 0.3548(1) 0.1265(1) 0.9065(1) ? 0.0251(7)
C(19) ? ? 0.3243(2) 0.0668(2) 0.9275(1) ? 0.0490(10)
C(20) ? ? 0.3535(2) -0.0033(2) 0.9296(1) ? 0.067(1)
C(21) ? ? 0.4160(2) -0.0136(2) 0.9125(2) ? 0.065(1)
C(22) ? ? 0.4469(1) 0.0449(2) 0.8910(2) ? 0.065(1)
C(23) ? ? 0.4168(1) 0.1145(1) 0.8881(1) ? 0.0438(9)
C(24) ? ? 0.4349(1) 0.2441(1) 0.9959(1) ? 0.0255(7)
C(25) ? ? 0.4980(1) 0.2690(1) 0.9851(1) ? 0.0405(9)
C(26) ? ? 0.5628(1) 0.2580(2) 1.0279(1) ? 0.0492(10)
C(27) ? ? 0.5645(1) 0.2223(2) 1.0826(1) ? 0.0461(9)
C(28) ? ? 0.5026(1) 0.1961(2) 1.0939(1) ? 0.0466(9)
C(29) ? ? 0.4381(1) 0.2063(2) 1.0501(1) ? 0.0384(8)
C(30) ? ? 0.3647(1) 0.4005(1) 0.9590(1) ? 0.0253(7)
C(31) ? ? 0.3744(1) 0.4595(1) 0.9218(1) ? 0.0303(8)
C(32) ? ? 0.4022(1) 0.5260(1) 0.9480(1) ? 0.0364(8)
C(33) ? ? 0.4211(1) 0.5347(1) 1.0113(1) ? 0.0372(9)
C(34) ? ? 0.4127(1) 0.4765(2) 1.0487(1) ? 0.0376(8)
C(35) ? ? 0.3850(1) 0.4099(1) 1.0227(1) ? 0.0316(8)
C(36) ? ? 0.1674(1) 0.2139(1) 0.9689(1) ? 0.0250(7)
C(37) ? ? 0.2289(1) 0.1945(1) 1.0172(1) ? 0.0314(8)
C(38) ? ? 0.2630(1) 0.2603(2) 1.0442(1) ? 0.0357(8)
C(39) ? ? 0.2247(1) 0.3212(1) 1.0125(1) ? 0.0357(8)
C(40) ? ? 0.1676(1) 0.2928(1) 0.9659(1) ? 0.0294(7)
C(41) ? ? 0.0397(1) 0.1756(1) 0.9996(1) ? 0.0373(8)
C(42) ? ? 0.0767(2) 0.1374(2) 1.0586(1) ? 0.059(1)
C(43) ? ? 0.0359(2) 0.2572(2) 1.0146(2) ? 0.086(1)
C(44) ? ? -0.0370(2) 0.1483(3) 0.9782(2) ? 0.113(2)
C(45) ? ? 0.0990(1) 0.0675(1) 0.9188(1) ? 0.0371(8)
C(46) ? ? 0.1451(2) 0.0225(2) 0.9717(2) ? 0.067(1)
C(47) ? ? 0.1333(2) 0.0657(2) 0.8650(1) ? 0.064(1)
C(48) ? ? 0.0269(2) 0.0287(2) 0.8974(2) ? 0.099(2)
C(49) ? ? 0.2806(1) 0.2842(1) 0.3888(1) ? 0.0245(7)
C(50) ? ? 0.2948(1) 0.2259(1) 0.4344(1) ? 0.0244(7)
C(51) ? ? 0.3345(1) 0.1689(1) 0.4125(1) ? 0.0230(7)
C(52) ? ? 0.3442(1) 0.1920(1) 0.3536(1) ? 0.0238(7)
C(53) ? ? 0.3115(1) 0.2632(1) 0.3392(1) ? 0.0241(7)
C(54) ? ? 0.2430(1) 0.3541(1) 0.3954(1) ? 0.0284(7)
C(55) ? ? 0.2675(1) 0.4219(1) 0.3796(1) ? 0.0372(8)
C(56) ? ? 0.2321(2) 0.4870(2) 0.3879(1) ? 0.0529(10)
C(57) ? ? 0.1741(2) 0.4848(2) 0.4131(1) ? 0.056(1)
C(58) ? ? 0.1500(1) 0.4178(2) 0.4286(1) ? 0.0493(10)
C(59) ? ? 0.1832(1) 0.3530(1) 0.4195(1) ? 0.0359(8)
C(60) ? ? 0.2798(1) 0.2273(1) 0.4963(1) ? 0.0259(7)
C(61) ? ? 0.2510(1) 0.1667(1) 0.5204(1) ? 0.0310(8)
C(62) ? ? 0.2422(1) 0.1680(2) 0.5798(1) ? 0.0368(8)
C(63) ? ? 0.2606(1) 0.2298(2) 0.6167(1) ? 0.0416(9)
C(64) ? ? 0.2884(1) 0.2909(2) 0.5934(1) ? 0.0407(9)
C(65) ? ? 0.2979(1) 0.2894(1) 0.5342(1) ? 0.0328(8)
C(66) ? ? 0.3635(1) 0.1002(1) 0.4462(1) ? 0.0260(7)
C(67) ? ? 0.3592(1) 0.0318(1) 0.4164(1) ? 0.0325(8)
C(68) ? ? 0.3868(1) -0.0315(1) 0.4484(1) ? 0.0375(8)
C(69) ? ? 0.4200(1) -0.0278(2) 0.5106(1) ? 0.0396(9)
C(70) ? ? 0.4262(1) 0.0392(2) 0.5408(1) ? 0.0361(8)
C(71) ? ? 0.3986(1) 0.1031(1) 0.5093(1) ? 0.0295(7)
C(72) ? ? 0.3873(1) 0.1547(1) 0.3165(1) ? 0.0268(7)
C(73) ? ? 0.4576(1) 0.1350(1) 0.3444(1) ? 0.0370(8)
C(74) ? ? 0.5005(1) 0.1039(2) 0.3107(1) ? 0.0480(10)
C(75) ? ? 0.4748(2) 0.0926(2) 0.2484(2) ? 0.052(1)
C(76) ? ? 0.4057(2) 0.1126(2) 0.2198(1) ? 0.055(1)
C(77) ? ? 0.3622(1) 0.1434(2) 0.2534(1) ? 0.0400(9)
C(78) ? ? 0.3202(1) 0.3089(1) 0.2863(1) ? 0.0261(7)
C(79) ? ? 0.3880(1) 0.3303(2) 0.2839(1) ? 0.0451(9)
C(80) ? ? 0.3980(2) 0.3728(2) 0.2352(2) ? 0.057(1)
C(81) ? ? 0.3413(2) 0.3936(2) 0.1884(1) ? 0.057(1)
C(82) ? ? 0.2742(2) 0.3729(2) 0.1900(1) ? 0.062(1)
C(83) ? ? 0.2643(1) 0.3307(2) 0.2388(1) ? 0.0494(10)
C(84) ? ? 0.1244(1) 0.1876(1) 0.3099(1) ? 0.0279(7)
C(85) ? ? 0.1623(1) 0.1554(1) 0.2689(1) ? 0.0329(8)
C(86) ? ? 0.2011(1) 0.0934(1) 0.2980(1) ? 0.0367(8)
C(87) ? ? 0.1900(1) 0.0867(1) 0.3578(1) ? 0.0363(8)
C(88) ? ? 0.1449(1) 0.1454(1) 0.3658(1) ? 0.0313(8)
C(89) ? ? -0.0259(1) 0.1705(2) 0.2682(1) ? 0.0416(9)
C(90) ? ? -0.0092(1) 0.1011(2) 0.3089(2) ? 0.066(1)
C(91) ? ? -0.0982(1) 0.1986(2) 0.2740(2) ? 0.073(1)
C(92) ? ? -0.0316(1) 0.1451(2) 0.2023(1) ? 0.061(1)
C(93) ? ? 0.0409(1) 0.3159(2) 0.2379(1) ? 0.0380(8)
C(94) ? ? -0.0347(2) 0.3478(2) 0.2174(2) ? 0.075(1)
C(95) ? ? 0.0628(1) 0.2930(2) 0.1797(1) ? 0.0511(9)
C(96) ? ? 0.0898(2) 0.3781(2) 0.2693(1) ? 0.059(1)
H(1) ? ? 0.2119 0.4362 0.9141 ? 0.0377
H(2) ? ? 0.1528 0.5353 0.8560 ? 0.0483
H(3) ? ? 0.1370 0.5381 0.7496 ? 0.0572
H(4) ? ? 0.1815 0.4427 0.7002 ? 0.0554
H(5) ? ? 0.2420 0.3440 0.7576 ? 0.0422
H(6) ? ? 0.1329 0.2711 0.8192 ? 0.0375
H(7) ? ? 0.0490 0.2227 0.7351 ? 0.0470
H(8) ? ? 0.0801 0.1278 0.6761 ? 0.0516
H(9) ? ? 0.1965 0.0817 0.7019 ? 0.0474
H(10) ? ? 0.2818 0.1337 0.7834 ? 0.0376
H(11) ? ? 0.2820 0.0737 0.9409 ? 0.0588
H(12) ? ? 0.3304 -0.0442 0.9429 ? 0.0807
H(13) ? ? 0.4375 -0.0611 0.9157 ? 0.0777
H(14) ? ? 0.4893 0.0378 0.8778 ? 0.0782
H(15) ? ? 0.4391 0.1549 0.8732 ? 0.0525
H(16) ? ? 0.4970 0.2942 0.9475 ? 0.0486
H(17) ? ? 0.6057 0.2750 1.0195 ? 0.0591
H(18) ? ? 0.6085 0.2158 1.1126 ? 0.0554
H(19) ? ? 0.5039 0.1710 1.1315 ? 0.0560
H(20) ? ? 0.3956 0.1870 1.0577 ? 0.0461
H(21) ? ? 0.3617 0.4541 0.8781 ? 0.0363
H(22) ? ? 0.4082 0.5658 0.9220 ? 0.0437
H(23) ? ? 0.4398 0.5806 1.0291 ? 0.0446
H(24) ? ? 0.4260 0.4821 1.0924 ? 0.0451
H(25) ? ? 0.3797 0.3701 1.0489 ? 0.0380
H(26) ? ? 0.2443 0.1456 1.0291 ? 0.0377
H(27) ? ? 0.3043 0.2629 1.0778 ? 0.0428
H(28) ? ? 0.2355 0.3720 1.0211 ? 0.0429
H(29) ? ? 0.1343 0.3219 0.9367 ? 0.0353
H(30) ? ? 0.0502 0.1443 1.0886 ? 0.0713
H(31) ? ? 0.0803 0.0860 1.0510 ? 0.0713
H(32) ? ? 0.1231 0.1576 1.0737 ? 0.0713
H(33) ? ? 0.0827 0.2764 1.0290 ? 0.1028
H(34) ? ? 0.0115 0.2831 0.9784 ? 0.1028
H(35) ? ? 0.0110 0.2630 1.0458 ? 0.1028
H(36) ? ? -0.0605 0.1562 1.0101 ? 0.1356
H(37) ? ? -0.0611 0.1748 0.9422 ? 0.1356
H(38) ? ? -0.0372 0.0970 0.9689 ? 0.1356
H(39) ? ? 0.1235 0.0215 1.0053 ? 0.0808
H(40) ? ? 0.1497 -0.0265 0.9580 ? 0.0808
H(41) ? ? 0.1909 0.0446 0.9847 ? 0.0808
H(42) ? ? 0.1374 0.0159 0.8528 ? 0.0767
H(43) ? ? 0.1047 0.0927 0.8312 ? 0.0767
H(44) ? ? 0.1793 0.0875 0.8773 ? 0.0767
H(45) ? ? 0.0049 0.0266 0.9308 ? 0.1190
H(46) ? ? -0.0027 0.0555 0.8641 ? 0.1190
H(47) ? ? 0.0337 -0.0201 0.8841 ? 0.1190
H(48) ? ? 0.3081 0.4239 0.3633 ? 0.0447
H(49) ? ? 0.2482 0.5331 0.3762 ? 0.0635
H(50) ? ? 0.1510 0.5292 0.4196 ? 0.0677
H(51) ? ? 0.1100 0.4162 0.4457 ? 0.0591
H(52) ? ? 0.1653 0.3071 0.4298 ? 0.0430
H(53) ? ? 0.2373 0.1239 0.4955 ? 0.0373
H(54) ? ? 0.2233 0.1258 0.5954 ? 0.0442
H(55) ? ? 0.2543 0.2305 0.6575 ? 0.0499
H(56) ? ? 0.3008 0.3339 0.6182 ? 0.0489
H(57) ? ? 0.3173 0.3315 0.5189 ? 0.0393
H(58) ? ? 0.3369 0.0287 0.3734 ? 0.0390
H(59) ? ? 0.3829 -0.0776 0.4274 ? 0.0450
H(60) ? ? 0.4385 -0.0714 0.5327 ? 0.0475
H(61) ? ? 0.4496 0.0417 0.5836 ? 0.0433
H(62) ? ? 0.4035 0.1490 0.5306 ? 0.0354
H(63) ? ? 0.4763 0.1432 0.3876 ? 0.0444
H(64) ? ? 0.5481 0.0902 0.3307 ? 0.0576
H(65) ? ? 0.5043 0.0712 0.2251 ? 0.0622
H(66) ? ? 0.3878 0.1051 0.1765 ? 0.0655
H(67) ? ? 0.3147 0.1569 0.2330 ? 0.0480
H(68) ? ? 0.4280 0.3157 0.3159 ? 0.0542
H(69) ? ? 0.4447 0.3876 0.2344 ? 0.0685
H(70) ? ? 0.3485 0.4223 0.1549 ? 0.0682
H(71) ? ? 0.2344 0.3873 0.1576 ? 0.0741
H(72) ? ? 0.2173 0.3165 0.2394 ? 0.0593
H(73) ? ? 0.1614 0.1729 0.2286 ? 0.0395
H(74) ? ? 0.2298 0.0618 0.2804 ? 0.0441
H(75) ? ? 0.2092 0.0494 0.3873 ? 0.0436
H(76) ? ? 0.1305 0.1552 0.4026 ? 0.0375
H(77) ? ? -0.0468 0.0663 0.2962 ? 0.0788
H(78) ? ? 0.0341 0.0798 0.3049 ? 0.0788
H(79) ? ? -0.0047 0.1143 0.3510 ? 0.0788
H(80) ? ? -0.0951 0.2111 0.3159 ? 0.0880
H(81) ? ? -0.1114 0.2412 0.2487 ? 0.0880
H(82) ? ? -0.1330 0.1611 0.2609 ? 0.0880
H(83) ? ? -0.0685 0.1094 0.1907 ? 0.0728
H(84) ? ? -0.0422 0.1863 0.1751 ? 0.0728
H(85) ? ? 0.0123 0.1238 0.1998 ? 0.0728
H(86) ? ? -0.0489 0.3649 0.2527 ? 0.0895
H(87) ? ? -0.0354 0.3878 0.1897 ? 0.0895
H(88) ? ? -0.0667 0.3104 0.1972 ? 0.0895
H(89) ? ? 0.0334 0.2533 0.1601 ? 0.0613
H(90) ? ? 0.0575 0.3338 0.1521 ? 0.0613
H(91) ? ? 0.1111 0.2774 0.1906 ? 0.0613
H(92) ? ? 0.1373 0.3603 0.2821 ? 0.0707
H(93) ? ? 0.0875 0.4178 0.2410 ? 0.0707
H(94) ? ? 0.0751 0.3949 0.3044 ? 0.0707
