||Élyse Bourque; Pierre Deslongchamps; Yves L. Dory|First Experimental and Theoretical Evidence of a Deactivating Enone Dienophile in the Transannular Diels-Alder Reaction|Journal of Organic Chemistry|2003 68 2390 2397
C27 H40 O8
15.8491(11) 9.845(17) 17.9449(12) 90.00 106.430(6) 90.00
P121/c1
C31 1 ? -0.1247(4) 0.2394(8) 0.1548(6) 1 0.087(3)
H31A 1 ? -0.1365 0.1499 0.1721 1 0.105
H31B 1 ? -0.0913 0.2903 0.1997 1 0.105
C29 1 ? 0.3831(4) 0.2723(8) 0.1918(6) 1 0.101(4)
H29A 1 ? 0.3790 0.1834 0.2125 1 0.152
H29B 1 ? 0.4434 0.2921 0.1954 1 0.152
H29C 1 ? 0.3488 0.2754 0.1384 1 0.152
C30 1 ? 0.4064(5) 0.3802(8) 0.3236(6) 1 0.108(4)
H30A 1 ? 0.4036 0.2926 0.3463 1 0.162
H30B 1 ? 0.3869 0.4484 0.3532 1 0.162
H30C 1 ? 0.4659 0.3990 0.3238 1 0.162
C28 1 ? -0.1480(5) -0.1557(8) 0.0777(6) 1 0.102(4)
H28A 1 ? -0.2015 -0.1626 0.0361 1 0.153
H28B 1 ? -0.1570 -0.0962 0.1171 1 0.153
H28C 1 ? -0.1313 -0.2441 0.0995 1 0.153
C25 1 ? -0.3430(6) 0.4571(10) 0.0327(7) 1 0.126(5)
H25A 1 ? -0.3957 0.5110 0.0182 1 0.189
H25B 1 ? -0.3288 0.4272 -0.0132 1 0.189
H25C 1 ? -0.2955 0.5106 0.0640 1 0.189
C26 1 ? -0.4343(7) 0.2417(12) 0.0285(8) 1 0.152(5)
H26A 1 ? -0.4874 0.2940 0.0117 1 0.228
H26B 1 ? -0.4434 0.1665 0.0594 1 0.228
H26C 1 ? -0.4185 0.2083 -0.0160 1 0.228
C27 1 ? -0.3783(8) 0.3772(13) 0.1517(10) 1 0.159(7)
H27A 1 ? -0.4297 0.4339 0.1388 1 0.238
H27B 1 ? -0.3295 0.4269 0.1841 1 0.238
H27C 1 ? -0.3891 0.2981 0.1790 1 0.238
O5 1 ? 0.0006(3) 0.0170(4) 0.1570(3) 1 0.084(3)
O6 1 ? -0.0796(3) -0.1023(5) 0.0482(4) 1 0.089(2)
O4 1 ? -0.0026(3) 0.5668(4) 0.1364(4) 1 0.096(3)
C15 1 ? 0.3033(5) 0.7357(7) 0.1479(5) 1 0.084(3)
O1 1 ? 0.2318(3) 0.8114(4) 0.1202(4) 1 0.095(3)
O2 1 ? 0.3772(3) 0.7786(5) 0.1533(5) 1 0.117(3)
C6 1 ? 0.0886(4) 0.3787(6) 0.1894(5) 1 0.069(3)
H6 1 ? 0.0932 0.4238 0.2391 1 0.083
O3 1 ? 0.4378(3) 0.5521(5) 0.2106(5) 1 0.127(3)
H3 1 ? 0.4412 0.6339 0.2034 1 0.190
C1 1 ? 0.3470(4) 0.3813(7) 0.2399(6) 1 0.085(4)
C11 1 ? 0.0170(4) 0.1490(6) 0.1326(5) 1 0.072(3)
H11 1 ? 0.0495 0.1420 0.0937 1 0.087
C7 1 ? 0.0724(4) 0.2242(6) 0.2037(5) 1 0.067(3)
H7 1 ? 0.0390 0.2221 0.2420 1 0.080
O7 1 ? -0.2056(3) 0.3072(6) 0.1199(5) 1 0.120(3)
O8 1 ? -0.2771(4) 0.1195(8) 0.0988(6) 1 0.164(4)
C5 1 ? 0.1782(3) 0.4099(6) 0.1710(6) 1 0.063(3)
C2 1 ? 0.3531(4) 0.5194(7) 0.2069(6) 1 0.088(4)
C9 1 ? 0.2359(4) 0.2117(7) 0.2591(5) 1 0.084(3)
H9 1 ? 0.2843 0.1594 0.2847 1 0.101
C3 1 ? 0.2850(4) 0.6012(6) 0.1737(6) 1 0.082(3)
C14 1 ? 0.0106(4) 0.4456(6) 0.1313(5) 1 0.077(3)
C4 1 ? 0.1913(4) 0.5633(6) 0.1662(5) 1 0.077(3)
H4A 1 ? 0.1543 0.5964 0.1169 1 0.093
H4B 1 ? 0.1727 0.6075 0.2072 1 0.093
C21 1 ? -0.2788(5) 0.2479(12) 0.1019(8) 1 0.128(5)
C10 1 ? 0.2512(4) 0.3559(6) 0.2412(5) 1 0.072(3)
H10 1 ? 0.2447 0.4078 0.2858 1 0.086
C13 1 ? -0.0477(4) 0.3629(7) 0.0687(5) 1 0.076(3)
H13A 1 ? -0.0188 0.3477 0.0285 1 0.091
H13B 1 ? -0.1014 0.4134 0.0458 1 0.091
C8 1 ? 0.1578(4) 0.1542(7) 0.2407(6) 1 0.088(4)
H8 1 ? 0.1555 0.0621 0.2516 1 0.106
C17 1 ? 0.1803(4) 0.3468(7) 0.0945(6) 1 0.083(4)
H17A 1 ? 0.1729 0.2503 0.0968 1 0.125
H17B 1 ? 0.2358 0.3662 0.0851 1 0.125
H17C 1 ? 0.1336 0.3840 0.0532 1 0.125
C12 1 ? -0.0714(4) 0.2258(6) 0.0971(6) 1 0.080(3)
H12 1 ? -0.1062 0.1743 0.0522 1 0.096
C18 1 ? -0.0002(5) -0.0890(7) 0.1064(6) 1 0.093(4)
H18A 1 ? 0.0117 -0.1730 0.1358 1 0.112
H18B 1 ? 0.0467 -0.0753 0.0823 1 0.112
C23 1 ? -0.3576(5) 0.3346(10) 0.0788(8) 1 0.091(4)
C16 1 ? 0.2488(5) 0.9473(7) 0.0948(6) 1 0.107(4)
H16A 1 ? 0.1942 0.9954 0.0760 1 0.160
H16B 1 ? 0.2767 0.9399 0.0540 1 0.160
H16C 1 ? 0.2867 0.9959 0.1378 1 0.160
