gamma-lactones|?|Md. Merajuddin Baag; Vedavati G. Puranik; Narshinha P. Argade|Facile Chemo-, Regio-, and Diastereoselective Approach to cis-3,5-Disubstituted γ-Butyrolactones and Fused γ-Butyrolactones|Journal of Organic Chemistry|2007 72 1009 1012
C11 H16 O4
5.2387(7) 34.215(5) 6.2694(8) 90.00 109.540(3) 90.00
P121/n1
O1 1 ? 0.1785(6) 0.16298(7) 0.9436(4) 1 0.0475(8)
O2 1 ? 0.4951(6) 0.11650(8) 1.0427(5) 1 0.0614(9)
O3 1 ? 0.2337(6) 0.02965(8) 0.9385(5) 1 0.0526(8)
O4 1 ? 0.5546(6) 0.02954(9) 0.7809(5) 1 0.0614(9)
H4 1 ? 0.6118 0.0112 0.8683 1 0.092
C1 1 ? 0.2742(9) 0.12676(12) 0.9264(6) 1 0.0437(10)
C2 1 ? 0.0663(7) 0.10442(10) 0.7392(6) 1 0.0350(9)
H3 1 ? -0.0550 0.0912 0.8058 1 0.042
C3 1 ? -0.0924(7) 0.13806(10) 0.5927(6) 1 0.0340(9)
H7 1 ? -0.2764 0.1298 0.5035 1 0.041
C4 1 ? -0.0956(8) 0.16630(11) 0.7780(6) 1 0.0393(10)
H10 1 ? -0.2273 0.1573 0.8473 1 0.047
C5 1 ? -0.1519(8) 0.20856(11) 0.7097(7) 1 0.0487(11)
H15A 1 ? -0.3447 0.2117 0.6315 1 0.058
H15B 1 ? -0.1033 0.2245 0.8453 1 0.058
C6 1 ? -0.0014(9) 0.22323(11) 0.5596(6) 1 0.0458(11)
H11A 1 ? 0.1906 0.2247 0.6451 1 0.055
H11B 1 ? -0.0640 0.2493 0.5062 1 0.055
C7 1 ? -0.0466(9) 0.19615(11) 0.3596(6) 1 0.0469(11)
H14A 1 ? 0.0497 0.2060 0.2629 1 0.056
H14B 1 ? -0.2381 0.1952 0.2718 1 0.056
C8 1 ? 0.0540(8) 0.15502(10) 0.4416(6) 1 0.0362(10)
H8A 1 ? 0.0262 0.1381 0.3117 1 0.043
H8B 1 ? 0.2468 0.1560 0.5247 1 0.043
C9 1 ? 0.1929(8) 0.07350(10) 0.6338(6) 1 0.0374(9)
H6 1 ? 0.3267 0.0861 0.5783 1 0.045
C10 1 ? 0.3333(8) 0.04245(10) 0.8020(6) 1 0.0370(9)
C11 1 ? -0.0218(9) 0.05333(12) 0.4327(7) 1 0.0547(12)
H13A 1 ? 0.0649 0.0344 0.3666 1 0.082
H13B 1 ? -0.1112 0.0725 0.3211 1 0.082
H13C 1 ? -0.1525 0.0405 0.4851 1 0.082
