|5,15-Diallyl-10,20-ditolylporphyrin|Sabine Horn; Natalia N. Sergeeva; Mathias O. Senge|Conversion of Ni(II)-Allylporphyrins to α,β-Unsaturated Formylporphyrins via a Nickel-Promoted Reaction|Journal of Organic Chemistry|2007 72 5414 5417
C40 H34 N4
8.3762(11) 8.4699(11) 10.7986(14) 72.614(2) 88.855(3) 87.956(3)
P-1
N21 1 ? 0.60949(15) 0.69364(16) 0.37517(13) 1 0.0254(3)
N22 1 ? 0.32520(15) 0.66420(15) 0.53421(12) 1 0.0250(3)
H22 1 ? 0.4010 0.5965 0.5205 1 0.030
C1 1 ? 0.74853(19) 0.68734(19) 0.30875(15) 1 0.0256(4)
C2 1 ? 0.7908(2) 0.8514(2) 0.22962(17) 1 0.0320(4)
H2A 1 ? 0.8836 0.8799 0.1767 1 0.038
C3 1 ? 0.6735(2) 0.9546(2) 0.24580(17) 1 0.0325(4)
H3A 1 ? 0.6657 1.0706 0.2046 1 0.039
C4 1 ? 0.56074(19) 0.85706(19) 0.33769(15) 1 0.0264(4)
C5 1 ? 0.42420(19) 0.92356(19) 0.38313(16) 1 0.0264(4)
C6 1 ? 0.31850(19) 0.83223(19) 0.47622(15) 1 0.0263(4)
C7 1 ? 0.18191(19) 0.8930(2) 0.52920(17) 1 0.0311(4)
H7A 1 ? 0.1473 1.0058 0.5088 1 0.037
C8 1 ? 0.1090(2) 0.7639(2) 0.61371(16) 1 0.0304(4)
H8A 1 ? 0.0149 0.7705 0.6627 1 0.037
C9 1 ? 0.19752(18) 0.61672(19) 0.61639(15) 1 0.0256(4)
C10 1 ? 0.15899(18) 0.4560(2) 0.68700(15) 1 0.0249(4)
C51 1 ? 0.3825(2) 1.10616(19) 0.32517(16) 1 0.0294(4)
H51A 1 ? 0.3330 1.1483 0.3936 1 0.035
H51B 1 ? 0.4824 1.1662 0.2965 1 0.035
C52 1 ? 0.27103(19) 1.1442(2) 0.21232(16) 1 0.0308(4)
H52A 1 ? 0.2454 1.2577 0.1708 1 0.037
C53 1 ? 0.2053(2) 1.0362(2) 0.16520(18) 1 0.0404(5)
H53A 1 ? 0.2271 0.9212 0.2033 1 0.049
H53B 1 ? 0.1359 1.0731 0.0930 1 0.049
C101 1 ? 0.00312(19) 0.43469(19) 0.75873(16) 1 0.0255(4)
C102 1 ? -0.13865(19) 0.4688(2) 0.69018(16) 1 0.0290(4)
H10B 1 ? -0.1356 0.5151 0.5985 1 0.035
C103 1 ? -0.2843(2) 0.4362(2) 0.75360(17) 1 0.0311(4)
H10C 1 ? -0.3798 0.4603 0.7046 1 0.037
C104 1 ? -0.2939(2) 0.3693(2) 0.88688(17) 1 0.0307(4)
C105 1 ? -0.1526(2) 0.3426(2) 0.95553(17) 1 0.0322(4)
H10D 1 ? -0.1563 0.3013 1.0475 1 0.039
C106 1 ? -0.0063(2) 0.3748(2) 0.89305(16) 1 0.0304(4)
H10E 1 ? 0.0888 0.3556 0.9426 1 0.036
C107 1 ? -0.4519(2) 0.3193(2) 0.95256(19) 1 0.0430(5)
H10F 1 ? -0.5378 0.3877 0.9005 1 0.064
H10G 1 ? -0.4526 0.3352 1.0388 1 0.064
H10H 1 ? -0.4685 0.2026 0.9611 1 0.064
