|3-Ethoxycarbonyl-2-methyl-4-(2'-nitrophenyl)-1-phenyl-1,4-dihydropyridine|Lakhwinder Singh; M. P. Singh Ishar; Munusamy Elango; Venkatesan Subramanian; Vivek Gupta; Priyanka Kanwal|Synthesis of Unsymmetrical Substituted 1,4-Dihydropyridines through Thermal and Microwave Assisted [4+2] Cycloadditions of 1-Azadienes and Allenic Esters|Journal of Organic Chemistry|2008 73 2224 2233
C21 H20 N2 O4
11.495(2) 9.281(2) 17.236(3) 90.00 95.853(3) 90.00
P121/c1
N1 1 ? 0.10444(11) 0.30179(13) 1.13623(7) 1 0.0206(3)
C2 1 ? 0.08907(13) 0.23749(15) 1.06328(9) 1 0.0177(4)
C3 1 ? -0.00805(13) 0.26863(15) 1.01387(9) 1 0.0171(4)
C4 1 ? -0.10815(13) 0.35961(16) 1.03862(9) 1 0.0171(3)
C5 1 ? -0.06394(14) 0.45128(17) 1.10744(9) 1 0.0201(4)
C6 1 ? 0.03157(14) 0.41724(17) 1.15262(9) 1 0.0220(4)
C7 1 ? 0.20859(13) 0.27989(16) 1.18902(8) 1 0.0183(4)
C8 1 ? 0.31152(15) 0.3462(2) 1.17513(10) 1 0.0304(4)
C9 1 ? 0.41168(16) 0.3254(2) 1.22555(10) 1 0.0329(5)
C10 1 ? 0.40788(15) 0.23837(18) 1.28992(10) 1 0.0255(4)
C11 1 ? 0.30459(16) 0.17471(19) 1.30458(10) 1 0.0286(4)
C12 1 ? 0.20377(15) 0.19521(18) 1.25412(9) 1 0.0244(4)
C1' 1 ? -0.21136(13) 0.26864(16) 1.05955(8) 1 0.0175(4)
C2' 1 ? -0.32875(14) 0.29916(16) 1.03762(8) 1 0.0198(4)
C3' 1 ? -0.42023(15) 0.21235(18) 1.05518(10) 1 0.0258(4)
C4' 1 ? -0.39537(16) 0.08979(19) 1.09877(10) 1 0.0292(4)
C5' 1 ? -0.28008(15) 0.05506(18) 1.12253(10) 1 0.0254(4)
C6' 1 ? -0.19065(15) 0.14257(17) 1.10290(9) 1 0.0211(4)
C13 1 ? 0.18292(16) 0.1343(2) 1.04499(11) 1 0.0233(4)
C14 1 ? -0.02030(13) 0.21361(16) 0.93356(9) 1 0.0184(4)
O15 1 ? 0.05415(9) 0.15775(11) 0.89844(6) 1 0.0244(3)
O16 1 ? -0.13073(9) 0.23485(11) 0.89920(6) 1 0.0211(3)
C17 1 ? -0.15014(15) 0.1888(2) 0.81842(9) 1 0.0234(4)
C18 1 ? -0.27826(16) 0.2047(2) 0.79381(11) 1 0.0310(5)
N19 1 ? -0.36161(11) 0.43018(14) 0.99280(7) 1 0.0221(3)
O20 1 ? -0.30955(9) 0.54324(11) 1.01133(6) 1 0.0235(3)
O21 1 ? -0.44158(9) 0.42205(11) 0.93969(6) 1 0.0268(3)
H4 1 ? -0.1342(11) 0.4226(13) 0.9950(7) 1 0.008(4)
H5 1 ? -0.1076(12) 0.5353(15) 1.1188(8) 1 0.022(4)
H6 1 ? 0.0588(12) 0.4741(14) 1.1999(8) 1 0.020(4)
H8 1 ? 0.3118(13) 0.4049(16) 1.1313(9) 1 0.031(5)
H9 1 ? 0.4828(14) 0.3718(17) 1.2167(9) 1 0.036(5)
H10 1 ? 0.4775(13) 0.2208(15) 1.3265(8) 1 0.030(5)
H11 1 ? 0.3034(13) 0.1147(16) 1.3491(9) 1 0.035(5)
H12 1 ? 0.1313(13) 0.1519(15) 1.2642(8) 1 0.021(4)
H131 1 ? 0.1506(12) 0.0593(15) 1.0091(8) 1 0.023(4)
H132 1 ? 0.2194(13) 0.0890(15) 1.0929(9) 1 0.033(5)
H133 1 ? 0.2425(15) 0.1870(18) 1.0192(10) 1 0.051(6)
H14 1 ? -0.1094(12) 0.1157(14) 1.1181(8) 1 0.021(4)
H15 1 ? -0.2619(13) -0.0312(16) 1.1527(8) 1 0.029(5)
H16 1 ? -0.4561(13) 0.0286(15) 1.1127(8) 1 0.026(5)
H17 1 ? -0.5009(13) 0.2408(15) 1.0386(8) 1 0.025(4)
H171 1 ? -0.1003(12) 0.2532(15) 0.7868(8) 1 0.023(4)
H172 1 ? -0.1211(12) 0.0857(15) 0.8168(8) 1 0.024(4)
H181 1 ? -0.3271(14) 0.1420(16) 0.8258(9) 1 0.033(5)
H182 1 ? -0.3034(13) 0.3080(17) 0.7992(8) 1 0.036(5)
H183 1 ? -0.2954(14) 0.1759(16) 0.7391(10) 1 0.046(5)
