|anti-1,5-Dimethyl-3-phenyl-2,6,8-trioxa-bicyclo[3.2.1]octan-4-ol|Bernd Schetter; Burkhard Ziemer; Gregor Schnakenburg; Rainer Mahrwald|Tetranuclear BINOL-Titanium Complex in Selective Direct Aldol Additions|Journal of Organic Chemistry|2008 73 813 819
C13 H16 O4
10.895(2) 5.2947(8) 20.542(4) 90.00 90.23(3) 90.00
P121/n1
C1 1 ? 0.13101(11) 0.0181(2) 0.83504(6) 1 0.0219(3)
C2 1 ? -0.00830(11) -0.0052(2) 0.75471(6) 1 0.0240(3)
C3 1 ? -0.11407(11) 0.0745(3) 0.79881(6) 1 0.0240(3)
H3 1 ? -0.1838(13) -0.029(3) 0.7878(7) 1 0.023(3)
C4 1 ? -0.07770(11) 0.0222(3) 0.87025(6) 1 0.0238(3)
H4 1 ? -0.0832(13) -0.156(3) 0.8781(7) 1 0.024(4)
C5 1 ? 0.25780(12) 0.0966(3) 0.85617(7) 1 0.0276(3)
H5A 1 ? 0.3176(14) 0.054(3) 0.8242(8) 1 0.029(4)
H5B 1 ? 0.2584(14) 0.277(4) 0.8653(8) 1 0.037(4)
H5C 1 ? 0.2793(14) 0.012(4) 0.8977(9) 1 0.042(4)
C6 1 ? -0.03377(14) 0.0306(3) 0.68327(7) 1 0.0354(4)
H6A 1 ? 0.0381(17) -0.029(4) 0.6581(9) 1 0.050(5)
H6B 1 ? -0.0423(17) 0.216(4) 0.6745(9) 1 0.052(5)
H6C 1 ? -0.1108(18) -0.066(4) 0.6711(10) 1 0.057(5)
C7 1 ? 0.11671(12) -0.2611(3) 0.81821(7) 1 0.0267(3)
H7A 1 ? 0.1924(13) -0.327(3) 0.8001(7) 1 0.024(3)
H7B 1 ? 0.0897(13) -0.365(3) 0.8557(8) 1 0.026(4)
C8 1 ? -0.16161(12) 0.1546(3) 0.91739(6) 1 0.0254(3)
C9 1 ? -0.28192(13) 0.0693(3) 0.92358(8) 1 0.0353(4)
H9 1 ? -0.3073(15) -0.078(4) 0.8989(9) 1 0.042(5)
C10 1 ? -0.36291(14) 0.1956(4) 0.96407(8) 1 0.0431(4)
H10 1 ? -0.4439(18) 0.140(3) 0.9656(9) 1 0.050(5)
C11 1 ? -0.32521(14) 0.4032(4) 0.99933(8) 1 0.0421(4)
H10 1 ? -0.3823(16) 0.494(4) 1.0289(9) 1 0.052(5)
C12 1 ? -0.20609(14) 0.4879(3) 0.99397(8) 1 0.0395(4)
H15 1 ? -0.1784(16) 0.636(4) 1.0185(9) 1 0.049(5)
C13 1 ? -0.12480(13) 0.3635(3) 0.95297(7) 1 0.0313(3)
H13 1 ? -0.0410(14) 0.425(3) 0.9475(7) 1 0.030(4)
O1 1 ? 0.04716(7) 0.10063(17) 0.88313(4) 1 0.0236(2)
O2 1 ? 0.02248(8) -0.26537(17) 0.76839(5) 1 0.0288(3)
O3 1 ? 0.09862(7) 0.13293(16) 0.77392(4) 1 0.0226(2)
O4 1 ? -0.14764(9) 0.32955(19) 0.78734(5) 1 0.0283(3)
H4O 1 ? -0.0807(19) 0.421(4) 0.7847(9) 1 0.049(5)
