|?|O. Andrea Wong; Bin Wang; Mei-Xin Zhao; Yian Shi|Asymmetric Epoxidation Catalyzed by α,α-Dimethylmorpholinone Ketone. Methyl Group Effect on Spiro and Planar Transition States|Journal of Organic Chemistry|2009 74 6335 6338
C20 H25 N O6
10.4164(3) 17.5391(5) 21.0938(6) 90.00 90.00 90.00
P212121
N1 1 ? 0.3810(2) 0.03911(12) 0.10693(10) 1 0.0163(4)
O1 1 ? 0.18902(17) 0.10497(10) 0.18298(8) 1 0.0171(4)
O2 1 ? 0.42688(19) 0.16080(12) 0.27703(9) 1 0.0247(4)
O3 1 ? 0.2414(2) 0.25656(11) 0.32607(9) 1 0.0230(4)
O4 1 ? 0.0913(2) 0.16334(11) 0.30830(9) 1 0.0222(4)
O5 1 ? 0.32660(19) 0.19391(10) 0.13319(8) 1 0.0177(4)
O6 1 ? 0.3490(2) 0.05984(11) 0.00166(8) 1 0.0213(4)
C1 1 ? 0.3135(2) 0.13747(15) 0.18012(12) 1 0.0162(5)
C2 1 ? 0.0866(3) 0.15892(16) 0.19290(12) 1 0.0204(5)
H2A 1 ? 0.0061 0.1314 0.1963 1 0.024
H2B 1 ? 0.0809 0.1922 0.1563 1 0.024
C3 1 ? 0.1044(3) 0.20689(15) 0.25134(12) 1 0.0208(5)
H3A 1 ? 0.0420 0.2487 0.2513 1 0.025
C4 1 ? 0.2386(3) 0.23867(15) 0.26050(12) 1 0.0198(5)
H4A 1 ? 0.2508 0.2847 0.2349 1 0.024
C5 1 ? 0.3382(3) 0.17843(14) 0.24324(12) 1 0.0174(5)
C6 1 ? 0.1515(3) 0.20607(16) 0.35755(13) 1 0.0242(6)
C7 1 ? 0.2230(4) 0.15157(19) 0.40020(14) 1 0.0335(7)
H7A 1 ? 0.2826 0.1223 0.3754 1 0.050
H7B 1 ? 0.1630 0.1179 0.4204 1 0.050
H7C 1 ? 0.2688 0.1799 0.4319 1 0.050
C8 1 ? 0.0547(4) 0.2552(2) 0.39298(17) 1 0.0365(8)
H8A 1 ? 0.0119 0.2883 0.3636 1 0.055
H8B 1 ? 0.0985 0.2852 0.4243 1 0.055
H8C 1 ? -0.0073 0.2230 0.4134 1 0.055
C9 1 ? 0.4062(3) 0.07266(14) 0.16945(11) 1 0.0163(5)
H9A 1 ? 0.4938 0.0914 0.1713 1 0.020
H9B 1 ? 0.3954 0.0344 0.2022 1 0.020
C10 1 ? 0.3554(2) 0.08417(15) 0.05577(12) 1 0.0173(5)
C11 1 ? 0.3291(3) 0.16923(15) 0.06686(11) 1 0.0168(5)
C12 1 ? 0.1991(3) 0.18811(16) 0.03736(13) 1 0.0212(5)
H12A 1 ? 0.1806 0.2412 0.0436 1 0.032
H12B 1 ? 0.1336 0.1579 0.0572 1 0.032
H12C 1 ? 0.2015 0.1771 -0.0072 1 0.032
C13 1 ? 0.4369(3) 0.21525(17) 0.03620(13) 1 0.0234(6)
H13A 1 ? 0.4216 0.2687 0.0427 1 0.035
H13B 1 ? 0.4393 0.2047 -0.0084 1 0.035
H13C 1 ? 0.5175 0.2013 0.0550 1 0.035
C14 1 ? 0.3859(3) -0.04215(15) 0.10043(12) 1 0.0182(5)
C15 1 ? 0.4852(3) -0.08287(16) 0.12772(13) 1 0.0230(6)
H15A 1 ? 0.5519 -0.0573 0.1478 1 0.028
C16 1 ? 0.4853(3) -0.16215(17) 0.12514(14) 1 0.0285(7)
H16A 1 ? 0.5527 -0.1891 0.1435 1 0.034
C17 1 ? 0.3867(4) -0.20156(17) 0.09567(14) 1 0.0315(7)
C18 1 ? 0.2870(3) -0.15986(17) 0.06932(13) 1 0.0277(6)
H18A 1 ? 0.2193 -0.1854 0.0500 1 0.033
C19 1 ? 0.2860(3) -0.08055(16) 0.07124(13) 1 0.0231(6)
H19A 1 ? 0.2186 -0.0535 0.0530 1 0.028
C20 1 ? 0.3860(5) -0.28762(17) 0.09295(17) 1 0.0478(11)
H20A 1 ? 0.4617 -0.3070 0.1134 1 0.072
H20B 1 ? 0.3848 -0.3039 0.0495 1 0.072
H20C 1 ? 0.3112 -0.3067 0.1143 1 0.072
N1A 1 ? 0.7244(2) 0.28286(12) 0.18080(11) 1 0.0184(5)
O1A 1 ? 0.59332(18) 0.38718(10) 0.10297(8) 1 0.0180(4)
O2A 1 ? 0.37741(19) 0.39632(11) 0.22268(9) 1 0.0233(4)
O3A 1 ? 0.36927(19) 0.46826(12) 0.04768(9) 1 0.0253(5)
O4A 1 ? 0.28271(19) 0.50837(11) 0.14203(9) 1 0.0212(4)
O5A 1 ? 0.67153(19) 0.44035(10) 0.19779(9) 1 0.0193(4)
O6A 1 ? 0.93264(18) 0.31274(11) 0.16084(9) 1 0.0222(4)
C1A 1 ? 0.5815(2) 0.39082(14) 0.16991(12) 1 0.0165(5)
C2A 1 ? 0.5932(3) 0.46066(15) 0.07299(12) 1 0.0189(5)
H2AA 1 ? 0.6072 0.4542 0.0278 1 0.023
H2AB 1 ? 0.6637 0.4907 0.0897 1 0.023
C3A 1 ? 0.4690(2) 0.50321(15) 0.08328(12) 1 0.0173(5)
H3AA 1 ? 0.4790 0.5565 0.0701 1 0.021
C4A 1 ? 0.4165(2) 0.49987(15) 0.15080(12) 1 0.0168(5)
H4AA 1 ? 0.4494 0.5433 0.1750 1 0.020
C5A 1 ? 0.4498(3) 0.42558(15) 0.18553(11) 1 0.0165(5)
C6A 1 ? 0.2497(3) 0.47663(15) 0.08101(13) 1 0.0201(5)
C7A 1 ? 0.1630(3) 0.53376(18) 0.04783(15) 1 0.0301(7)
H7AA 1 ? 0.2054 0.5823 0.0457 1 0.045
H7AB 1 ? 0.0843 0.5389 0.0711 1 0.045
H7AC 1 ? 0.1446 0.5162 0.0057 1 0.045
C8A 1 ? 0.1905(3) 0.39856(17) 0.08641(15) 1 0.0275(6)
H8AA 1 ? 0.2491 0.3650 0.1077 1 0.041
H8AB 1 ? 0.1727 0.3791 0.0448 1 0.041
H8AC 1 ? 0.1121 0.4018 0.1101 1 0.041
C9A 1 ? 0.5945(3) 0.31015(15) 0.19463(13) 1 0.0181(5)
H9AA 1 ? 0.5793 0.3092 0.2400 1 0.022
H9AB 1 ? 0.5317 0.2774 0.1743 1 0.022
C10A 1 ? 0.8249(3) 0.33220(15) 0.17764(12) 1 0.0178(5)
C11A 1 ? 0.8037(3) 0.41253(15) 0.20328(13) 1 0.0189(5)
C12A 1 ? 0.8900(3) 0.46938(15) 0.17029(14) 1 0.0232(6)
H12D 1 ? 0.8700 0.4705 0.1259 1 0.035
H12E 1 ? 0.9781 0.4546 0.1759 1 0.035
H12F 1 ? 0.8768 0.5191 0.1881 1 0.035
C13A 1 ? 0.8330(3) 0.40841(17) 0.27446(13) 1 0.0246(6)
H13D 1 ? 0.8213 0.4579 0.2931 1 0.037
H13E 1 ? 0.9201 0.3922 0.2806 1 0.037
H13F 1 ? 0.7759 0.3726 0.2943 1 0.037
C14A 1 ? 0.7457(3) 0.20275(14) 0.16968(12) 1 0.0163(5)
C15A 1 ? 0.7767(3) 0.17691(15) 0.10928(12) 1 0.0203(5)
H15B 1 ? 0.7799 0.2108 0.0754 1 0.024
C16A 1 ? 0.8030(3) 0.09975(16) 0.10000(13) 1 0.0227(6)
H16B 1 ? 0.8253 0.0828 0.0597 1 0.027
C17A 1 ? 0.7967(3) 0.04748(15) 0.14973(13) 1 0.0203(5)
C18A 1 ? 0.7633(3) 0.07438(15) 0.20950(13) 1 0.0200(5)
H18B 1 ? 0.7579 0.0404 0.2432 1 0.024
C19A 1 ? 0.7377(3) 0.15143(15) 0.21985(12) 1 0.0188(5)
H19B 1 ? 0.7153 0.1685 0.2601 1 0.023
C20A 1 ? 0.8323(3) -0.03502(16) 0.13941(16) 1 0.0288(6)
H20D 1 ? 0.8219 -0.0627 0.1783 1 0.043
H20E 1 ? 0.9202 -0.0382 0.1259 1 0.043
H20F 1 ? 0.7777 -0.0566 0.1075 1 0.043
