|?|Devarajulu Sureshkumar; Venkataraman Ganesh; Ravindran Sasitha Vidyarini; Srinivasan Chandrasekaran|Direct Synthesis of Functionalized Unsymmetrical β-Sulfonamido Disulfides by Tetrathiomolybdate Mediated Aziridine Ring-Opening Reactions|Journal of Organic Chemistry|2009 74 7958 7961
C18 H23 N O3 S3
7.5749(12) 25.133(4) 10.4138(16) 90 94.329(3) 90
?
H1N 1 ? 0.179(4) 0.2777(12) 0.851(3) 1 0.039(9)
H1O 1 ? 0.421(6) 0.2536(18) 1.190(4) 1 0.085(14)
S3 1 ? 0.09600(8) 0.30410(3) 1.01247(6) 1 0.04564(18)
S2 1 ? 0.55602(11) 0.39387(3) 0.62045(8) 1 0.0620(2)
S1 1 ? 0.41430(14) 0.37402(3) 0.77081(9) 1 0.0775(3)
O2 1 ? 0.1903(3) 0.29817(8) 1.13652(19) 1 0.0583(5)
C12 1 ? 0.0684(3) 0.37325(10) 0.9861(2) 1 0.0420(6)
C2 1 ? 0.4124(3) 0.28314(11) 0.9188(2) 1 0.0421(6)
H2 1 ? 0.4493 0.3068 0.9906 1 0.051
C6 1 ? 0.4947(4) 0.39274(11) 0.3633(3) 1 0.0508(7)
C1 1 ? 0.4822(4) 0.30546(11) 0.7978(3) 1 0.0580(8)
H1A 1 ? 0.4388 0.284 0.7246 1 0.07
H1B 1 ? 0.6104 0.3035 0.8047 1 0.07
C15 1 ? 0.0117(4) 0.48149(11) 0.9467(3) 1 0.0538(7)
O1 1 ? 0.4891(4) 0.23059(11) 1.1783(2) 1 0.0750(7)
C13 1 ? 0.1465(4) 0.40917(12) 1.0713(3) 1 0.0550(7)
H13 1 ? 0.2185 0.3976 1.1421 1 0.066
C17 1 ? -0.0363(4) 0.39092(12) 0.8791(3) 1 0.0531(7)
H17 1 ? -0.0885 0.3666 0.8206 1 0.064
C16 1 ? -0.0621(4) 0.44442(12) 0.8605(3) 1 0.0581(7)
H16 1 ? -0.1309 0.4561 0.7882 1 0.07
O3 1 ? -0.0733(3) 0.28010(9) 0.9891(3) 1 0.0681(6)
N1 1 ? 0.2203(3) 0.28000(10) 0.9087(3) 1 0.0459(6)
C4 1 ? 0.4448(4) 0.20131(12) 1.0649(3) 1 0.0576(8)
H4A 1 ? 0.3179 0.1954 1.0568 1 0.069
H4B 1 ? 0.502 0.1668 1.0723 1 0.069
C11 1 ? 0.4758(4) 0.44511(12) 0.3291(4) 1 0.0631(8)
H11 1 ? 0.4158 0.4683 0.3802 1 0.076
C5 1 ? 0.4179(5) 0.37105(17) 0.4803(4) 1 0.0770(10)
H5A 1 ? 0.4161 0.3325 0.4774 1 0.092
H5B 1 ? 0.2974 0.3837 0.4847 1 0.092
C3 1 ? 0.4982(4) 0.22835(11) 0.9453(3) 1 0.0513(7)
H3A 1 ? 0.4677 0.2054 0.8722 1 0.062
H3B 1 ? 0.6259 0.2326 0.9522 1 0.062
C18 1 ? -0.0222(5) 0.54032(13) 0.9280(4) 1 0.0787(11)
H18A 1 ? -0.0981 0.5458 0.8511 1 0.118
H18B 1 ? 0.0882 0.5584 0.9203 1 0.118
H18C 1 ? -0.0781 0.5542 1.0007 1 0.118
C7 1 ? 0.5870(5) 0.35949(15) 0.2863(4) 1 0.0720(10)
H7 1 ? 0.6015 0.3239 0.3088 1 0.086
C14 1 ? 0.1171(4) 0.46282(12) 1.0506(3) 1 0.0627(8)
H14 1 ? 0.1701 0.4871 1.1087 1 0.075
C10 1 ? 0.5453(6) 0.46362(19) 0.2193(5) 1 0.0955(16)
H10 1 ? 0.5327 0.4993 0.1965 1 0.115
C9 1 ? 0.6329(7) 0.4296(4) 0.1435(4) 1 0.119(2)
H9 1 ? 0.6763 0.4419 0.0678 1 0.143
C8 1 ? 0.6568(6) 0.3780(3) 0.1783(5) 1 0.114(2)
H8 1 ? 0.7207 0.3553 0.1285 1 0.137
