meso-[Me2Si(1-C5H3-3-tBu)2]Zr{NPh(CH2)3NPh}||||Organometallics|2003
C35 H46 N2 Si Zr
10.3236(16) 18.201(3) 16.735(3) 90.00 100.203(2) 90.00
P121/n1
C1 1 ? -0.0034(3) 0.17630(18) 0.66841(18) 1 0.0184(7)
C2 1 ? 0.0825(3) 0.1175(2) 0.6881(2) 1 0.0247(8)
H2 1 ? 0.1592 0.1156 0.6662 1 0.030
C3 1 ? 0.0566(3) 0.0620(2) 0.7394(2) 1 0.0277(8)
H3 1 ? 0.1147 0.0228 0.7507 1 0.033
C4 1 ? -0.0556(3) 0.0647(2) 0.7738(2) 1 0.0260(8)
H4 1 ? -0.0728 0.0278 0.8089 1 0.031
C5 1 ? -0.1416(3) 0.12284(19) 0.75563(19) 1 0.0220(7)
H5 1 ? -0.2174 0.1248 0.7784 1 0.026
C6 1 ? -0.1167(3) 0.17797(19) 0.70420(19) 1 0.0203(7)
H6 1 ? -0.1755 0.2168 0.6930 1 0.024
C7 1 ? 0.0125(3) 0.30707(18) 0.6410(2) 1 0.0223(7)
H7A 1 ? 0.0923 0.3334 0.6358 1 0.027
H7B 1 ? 0.0051 0.3069 0.6980 1 0.027
C8 1 ? -0.1050(3) 0.34741(18) 0.5930(2) 1 0.0228(7)
H8A 1 ? -0.1793 0.3139 0.5837 1 0.027
H8B 1 ? -0.1280 0.3875 0.6261 1 0.027
C9 1 ? -0.0857(3) 0.37826(18) 0.5121(2) 1 0.0211(7)
H9A 1 ? -0.1704 0.3955 0.4837 1 0.025
H9B 1 ? -0.0287 0.4208 0.5225 1 0.025
C10 1 ? -0.0338(3) 0.36100(18) 0.38062(19) 1 0.0185(7)
C11 1 ? -0.0780(3) 0.43326(18) 0.3607(2) 1 0.0229(7)
H11 1 ? -0.1092 0.4617 0.3994 1 0.027
C12 1 ? -0.0758(3) 0.4627(2) 0.2845(2) 1 0.0297(8)
H12 1 ? -0.1036 0.5109 0.2739 1 0.036
C13 1 ? -0.0336(3) 0.4228(2) 0.2242(2) 1 0.0289(8)
H13 1 ? -0.0337 0.4430 0.1731 1 0.035
C14 1 ? 0.0090(3) 0.3513(2) 0.2418(2) 1 0.0246(7)
H14 1 ? 0.0378 0.3231 0.2021 1 0.030
C15 1 ? 0.0092(3) 0.32153(18) 0.31755(19) 1 0.0202(7)
H15 1 ? 0.0389 0.2736 0.3275 1 0.024
C16 1 ? 0.2752(3) 0.26505(17) 0.43942(19) 1 0.0169(6)
H16 1 ? 0.2736 0.2891 0.3869 1 0.020
C17 1 ? 0.2991(3) 0.30201(18) 0.51572(19) 1 0.0170(6)
C18 1 ? 0.3066(3) 0.24713(18) 0.57491(19) 1 0.0186(7)
H18 1 ? 0.3314 0.2551 0.6335 1 0.022
C19 1 ? 0.2918(3) 0.17820(18) 0.53681(18) 1 0.0163(6)
H19 1 ? 0.3148 0.1314 0.5647 1 0.020
C20 1 ? 0.2751(3) 0.18804(18) 0.45099(19) 1 0.0177(7)
C21 1 ? 0.3406(3) 0.38166(18) 0.5282(2) 1 0.0215(7)
C22 1 ? 0.4847(3) 0.3854(2) 0.5146(2) 1 0.0310(8)
H22A 1 ? 0.5379 0.3528 0.5519 1 0.046
H22B 1 ? 0.5169 0.4347 0.5237 1 0.046
H22C 1 ? 0.4887 0.3710 0.4600 1 0.046
C23 1 ? 0.3369(4) 0.4086(2) 0.6141(2) 1 0.0309(8)
H23A 1 ? 0.2479 0.4072 0.6237 1 0.046
H23B 1 ? 0.3694 0.4580 0.6201 1 0.046
H23C 1 ? 0.3910 0.3774 0.6526 1 0.046
C24 1 ? 0.2575(3) 0.43315(19) 0.4678(2) 1 0.0257(8)
H24A 1 ? 0.2580 0.4163 0.4136 1 0.038
H24B 1 ? 0.2935 0.4819 0.4742 1 0.038
H24C 1 ? 0.1687 0.4337 0.4778 1 0.038
C25 1 ? 0.0390(3) 0.11337(17) 0.40706(19) 1 0.0175(7)
C26 1 ? 0.0209(3) 0.08984(17) 0.48538(19) 1 0.0175(7)
H26 1 ? 0.0740 0.0523 0.5180 1 0.021
C27 1 ? -0.1008(3) 0.11544(17) 0.49910(19) 1 0.0178(7)
H27 1 ? -0.1418 0.1020 0.5455 1 0.021
C28 1 ? -0.1621(3) 0.15617(17) 0.43139(19) 1 0.0168(6)
C29 1 ? -0.0738(3) 0.15554(17) 0.37535(19) 1 0.0177(7)
H29 1 ? -0.0942 0.1745 0.3197 1 0.021
C30 1 ? -0.3040(3) 0.18259(18) 0.4156(2) 1 0.0196(7)
C31 1 ? -0.3219(3) 0.25547(19) 0.3702(2) 1 0.0268(8)
H31A 1 ? -0.2771 0.2936 0.4039 1 0.040
H31B 1 ? -0.4140 0.2670 0.3568 1 0.040
H31C 1 ? -0.2859 0.2518 0.3212 1 0.040
C32 1 ? -0.3577(3) 0.1884(2) 0.4951(2) 1 0.0284(8)
H32A 1 ? -0.3567 0.1407 0.5197 1 0.043
H32B 1 ? -0.4463 0.2066 0.4839 1 0.043
H32C 1 ? -0.3036 0.2214 0.5314 1 0.043
C33 1 ? -0.3823(3) 0.1231(2) 0.3627(2) 1 0.0268(8)
H33A 1 ? -0.3498 0.1186 0.3126 1 0.040
H33B 1 ? -0.4737 0.1365 0.3514 1 0.040
H33C 1 ? -0.3725 0.0770 0.3910 1 0.040
C34 1 ? 0.2033(3) 0.14090(19) 0.2713(2) 1 0.0249(7)
H34A 1 ? 0.1557 0.1861 0.2601 1 0.037
H34B 1 ? 0.1608 0.1030 0.2362 1 0.037
H34C 1 ? 0.2918 0.1473 0.2621 1 0.037
C35 1 ? 0.2939(3) 0.02627(19) 0.4061(2) 1 0.0258(8)
H35A 1 ? 0.3841 0.0311 0.3999 1 0.039
H35B 1 ? 0.2527 -0.0120 0.3711 1 0.039
H35C 1 ? 0.2899 0.0142 0.4615 1 0.039
N1 1 ? 0.0234(2) 0.23075(15) 0.61372(15) 1 0.0185(6)
N2 1 ? -0.0300(2) 0.32886(14) 0.45666(15) 1 0.0162(5)
Si1 1 ? 0.20636(8) 0.11430(5) 0.37887(5) 1 0.01791(19)
Zr1 1 ? 0.06315(3) 0.224705(16) 0.496540(17) 1 0.01308(9)
