||Neil Burford; Charles L. B. Macdonald; Daren J. LeBlanc; T. Stanley Cameron|Synthesis and Characterization of Bis(2,4,6-tris(trifluoromethyl)phenyl) Derivatives of Arsenic and Antimony: X-ray Crystal Structures of As(RF)2Cl, Sb(RF)2Cl, and Sb(RF)2OSO2CF3|Organometallics|2000 19 152 155
C18 H4 As Cl F18
8.705(9) 30.38(1) 8.167(4) 90.00 91.53(6) 90.00
P21/a
As1 1 ? 0.5360(3) -0.12252(7) 0.2545(3) 1 0.0553466965646271
Cl1 1 ? 0.6994(8) -0.1019(2) 0.0718(9) 1 0.0949886096646919
F1 1 ? 0.483(2) -0.2046(4) 0.447(2) 1 0.0835899765049288
F2 1 ? 0.705(2) -0.2073(4) 0.328(2) 1 0.0886560356870457
F3 1 ? 0.570(2) -0.2652(5) 0.354(2) 1 0.0975216392557503
F4 1 ? 0.322(4) -0.2733(9) -0.346(4) 0.50 0.0886560356870457
F5 1 ? 0.237(3) -0.3070(8) -0.147(3) 0.50 0.0671252841630489
F6 1 ? 0.468(4) -0.310(1) -0.207(4) 0.50 0.102587698437867
F7 1 ? 0.225(2) -0.1249(5) -0.224(2) 1 0.135517083121627
F8 1 ? 0.451(2) -0.1191(4) -0.273(2) 1 0.106387242824455
F9 1 ? 0.366(2) -0.0870(4) -0.063(2) 1 0.119052390779747
F10 1 ? 0.028(1) -0.1219(4) 0.371(2) 1 0.0848564913004581
F11 1 ? 0.119(1) -0.1431(4) 0.149(2) 1 0.0797904321183412
F12 1 ? 0.249(1) -0.1507(4) 0.371(2) 1 0.0835899765049288
F13 1 ? -0.051(2) 0.0305(4) 0.346(2) 1 0.105120728028926
F14 1 ? 0.130(2) 0.0733(4) 0.294(2) 1 0.124118449961864
F15 1 ? 0.004(2) 0.0444(5) 0.098(2) 1 0.111453302006572
F16 1 ? 0.667(1) -0.0064(4) 0.140(1) 1 0.062059224980932
F17 1 ? 0.610(1) 0.0237(4) 0.359(1) 1 0.0645922545719905
F18 1 ? 0.685(1) -0.0434(4) 0.357(1) 1 0.0658587693675197
F19 1 ? 0.217(4) -0.2795(9) -0.276(4) 0.50 0.100054668846809
F20 1 ? 0.454(3) -0.2864(8) -0.314(3) 0.50 0.0633257397764612
F21 1 ? 0.371(3) -0.3231(8) -0.115(3) 0.50 0.0759908877317535
C1 1 ? 0.450(2) -0.1696(5) 0.098(2) 1 0.0329293846837598
C2 1 ? 0.389(3) -0.1664(7) -0.061(3) 1 0.0607927101854028
C3 1 ? 0.353(2) -0.2022(7) -0.162(3) 1 0.0519271066166982
C4 1 ? 0.380(2) -0.2439(7) -0.096(3) 1 0.0557266510032859
C5 1 ? 0.451(2) -0.2495(7) 0.059(3) 1 0.0519271066166982
C6 1 ? 0.482(2) -0.2137(6) 0.158(3) 1 0.0481275622301105
C7 1 ? 0.363(4) -0.123(1) -0.154(4) 1 0.089922550482575
C8 1 ? 0.347(3) -0.2836(7) -0.201(3) 1 0.0519271066166982
C9 1 ? 0.555(3) -0.2209(8) 0.323(3) 1 0.0696583137541074
C10 1 ? 0.382(2) -0.0729(6) 0.255(2) 1 0.0493940770256398
C11 1 ? 0.223(2) -0.0787(6) 0.261(2) 1 0.0405284734569352
C12 1 ? 0.125(2) -0.0437(6) 0.261(2) 1 0.0379954438658767
C13 1 ? 0.175(2) -0.0024(5) 0.252(2) 1 0.0265968107061137
C14 1 ? 0.327(2) 0.0063(6) 0.251(2) 1 0.039261958661406
C15 1 ? 0.437(2) -0.0289(6) 0.258(2) 1 0.0405284734569352
C16 1 ? 0.157(3) -0.1245(8) 0.287(3) 1 0.0607927101854028
C17 1 ? 0.068(3) 0.0361(8) 0.250(4) 1 0.062059224980932
C18 1 ? 0.597(2) -0.0140(5) 0.274(2) 1 0.0240637811150553
H1 1 ? 0.3121 -0.1984 -0.2698 1 0.0627988696215211
H2 1 ? 0.4777 -0.2782 0.0958 1 0.0625835621062811
H3 1 ? 0.0182 -0.0490 0.2689 1 0.0456730565563749
H4 1 ? 0.3621 0.0359 0.2453 1 0.0473689198675885
