|?|Iwamoto, Takeaki; Furiya, Yuichi; Kobayashi, Hideki; Isobe, Hiroyuki; Kira, Mitsuo|Synthesis and Facile Ring Expansion of Silylenecyclotetrasilane|Organometallics|2010 29(8) 1869
C26 H72 Si11
11.850(3) 16.464(4) 22.984(5) 90.00 90.00 90.00
P212121
Si1 1 ? 0.86936(3) 0.51950(2) 0.106126(13) 1 0.01995(6)
Si2 1 ? 0.89784(3) 0.58157(2) 0.189240(13) 1 0.01956(6)
Si3 1 ? 1.08826(3) 0.617640(19) 0.199669(12) 1 0.01736(6)
Si4 1 ? 1.16769(3) 0.534995(19) 0.126656(13) 1 0.01868(6)
Si5 1 ? 1.03547(3) 0.516303(19) 0.050724(13) 1 0.01752(6)
Si6 1 ? 0.70427(3) 0.45107(2) 0.075914(14) 1 0.02187(7)
Si7 1 ? 0.76392(3) 0.61886(2) 0.260338(14) 1 0.02257(7)
Si8 1 ? 1.12611(3) 0.75746(2) 0.188673(16) 1 0.02451(7)
Si9 1 ? 1.17644(3) 0.57819(2) 0.287700(14) 1 0.02428(7)
Si10 1 ? 1.04324(3) 0.61824(2) -0.022648(14) 1 0.02164(7)
Si11 1 ? 1.07883(3) 0.38712(2) 0.011315(14) 1 0.02195(7)
C1 1 ? 1.30954(10) 0.57321(9) 0.10168(6) 1 0.0316(3)
H1 1 ? 1.3619 0.5739 0.1347 1 0.047
H2 1 ? 1.3015 0.6283 0.0861 1 0.047
H3 1 ? 1.3390 0.5373 0.0713 1 0.047
C2 1 ? 1.19149(12) 0.43178(8) 0.16091(6) 1 0.0304(3)
H4 1 ? 1.2213 0.3943 0.1316 1 0.046
H5 1 ? 1.1198 0.4108 0.1760 1 0.046
H6 1 ? 1.2457 0.4368 0.1929 1 0.046
C3 1 ? 0.64024(10) 0.50377(8) 0.01006(5) 1 0.0256(2)
C4 1 ? 0.60683(12) 0.59114(8) 0.02609(6) 1 0.0321(3)
H7 1 ? 0.5743 0.6181 -0.0080 1 0.048
H8 1 ? 0.6739 0.6210 0.0390 1 0.048
H9 1 ? 0.5510 0.5900 0.0576 1 0.048
C5 1 ? 0.72640(12) 0.50503(9) -0.04002(6) 1 0.0346(3)
H10 1 ? 0.7451 0.4492 -0.0512 1 0.052
H11 1 ? 0.7950 0.5331 -0.0273 1 0.052
H12 1 ? 0.6940 0.5336 -0.0735 1 0.052
C6 1 ? 0.53467(12) 0.45740(11) -0.01028(7) 1 0.0403(3)
H13 1 ? 0.4811 0.4529 0.0221 1 0.060
H14 1 ? 0.5564 0.4029 -0.0233 1 0.060
H15 1 ? 0.4992 0.4868 -0.0425 1 0.060
C7 1 ? 0.74053(13) 0.34425(8) 0.05521(7) 1 0.0344(3)
H16 1 ? 0.7710 0.3157 0.0892 1 0.052
H17 1 ? 0.7971 0.3448 0.0241 1 0.052
H18 1 ? 0.6725 0.3163 0.0415 1 0.052
C8 1 ? 0.59833(12) 0.44366(9) 0.13643(6) 1 0.0346(3)
H19 1 ? 0.5318 0.4139 0.1228 1 0.052
H20 1 ? 0.5759 0.4984 0.1486 1 0.052
H21 1 ? 0.6320 0.4149 0.1695 1 0.052
C9 1 ? 0.66938(11) 0.70470(8) 0.23296(6) 1 0.0274(3)
C10 1 ? 0.74121(13) 0.77668(9) 0.21207(7) 1 0.0382(3)
H22 1 ? 0.7887 0.7594 0.1794 1 0.057
H23 1 ? 0.7892 0.7957 0.2440 1 0.057
H24 1 ? 0.6916 0.8209 0.1994 1 0.057
C11 1 ? 0.59614(12) 0.67540(9) 0.18219(7) 1 0.0354(3)
H25 1 ? 0.5486 0.7202 0.1685 1 0.053
H26 1 ? 0.5482 0.6305 0.1952 1 0.053
H27 1 ? 0.6448 0.6568 0.1504 1 0.053
C12 1 ? 0.59179(14) 0.73372(11) 0.28258(7) 1 0.0431(4)
H28 1 ? 0.5399 0.7752 0.2678 1 0.065
H29 1 ? 0.6377 0.7568 0.3139 1 0.065
H30 1 ? 0.5484 0.6876 0.2976 1 0.065
C13 1 ? 0.67600(13) 0.53039(9) 0.28508(6) 1 0.0365(3)
H31 1 ? 0.7255 0.4870 0.2993 1 0.055
H32 1 ? 0.6310 0.5101 0.2524 1 0.055
H33 1 ? 0.6256 0.5479 0.3165 1 0.055
C14 1 ? 0.84501(13) 0.65512(10) 0.32545(6) 1 0.0357(3)
H34 1 ? 0.7922 0.6696 0.3566 1 0.054
H35 1 ? 0.8898 0.7029 0.3148 1 0.054
H36 1 ? 0.8954 0.6118 0.3390 1 0.054
C15 1 ? 1.05971(18) 0.79698(9) 0.12055(6) 1 0.0477(4)
H37 1 ? 0.9784 0.7861 0.1214 1 0.072
H38 1 ? 1.0934 0.7699 0.0868 1 0.072
H39 1 ? 1.0725 0.8557 0.1177 1 0.072
C16 1 ? 1.28283(13) 0.77469(10) 0.18539(10) 1 0.0560(5)
H40 1 ? 1.3146 0.7444 0.1525 1 0.084
H41 1 ? 1.3176 0.7559 0.2216 1 0.084
H42 1 ? 1.2980 0.8328 0.1803 1 0.084
C17 1 ? 1.06932(13) 0.81932(8) 0.25039(6) 1 0.0322(3)
H43 1 ? 1.0874 0.8767 0.2440 1 0.048
H44 1 ? 1.1036 0.8010 0.2869 1 0.048
H45 1 ? 0.9873 0.8126 0.2525 1 0.048
C18 1 ? 1.33139(12) 0.56076(10) 0.27333(7) 1 0.0390(3)
H46 1 ? 1.3711 0.5537 0.3104 1 0.059
H47 1 ? 1.3627 0.6077 0.2526 1 0.059
H48 1 ? 1.3408 0.5118 0.2495 1 0.059
C19 1 ? 1.17254(17) 0.66072(10) 0.34374(6) 1 0.0452(4)
H49 1 ? 1.0942 0.6772 0.3505 1 0.068
H50 1 ? 1.2160 0.7075 0.3299 1 0.068
H51 1 ? 1.2054 0.6407 0.3801 1 0.068
C20 1 ? 1.11388(13) 0.48426(9) 0.32036(6) 1 0.0359(3)
H52 1 ? 1.1545 0.4705 0.3562 1 0.054
H53 1 ? 1.1202 0.4393 0.2926 1 0.054
H54 1 ? 1.0342 0.4939 0.3294 1 0.054
C21 1 ? 0.93007(12) 0.69658(8) -0.01259(7) 1 0.0352(3)
H55 1 ? 0.9473 0.7443 -0.0364 1 0.053
H56 1 ? 0.9265 0.7125 0.0285 1 0.053
H57 1 ? 0.8572 0.6739 -0.0245 1 0.053
C22 1 ? 1.18479(12) 0.66960(9) -0.02346(7) 1 0.0363(3)
H58 1 ? 1.1873 0.7091 -0.0553 1 0.054
H59 1 ? 1.2441 0.6289 -0.0291 1 0.054
H60 1 ? 1.1968 0.6977 0.0136 1 0.054
C23 1 ? 1.02520(14) 0.57410(9) -0.09733(6) 1 0.0374(3)
H61 1 ? 0.9558 0.5418 -0.0986 1 0.056
H62 1 ? 1.0899 0.5393 -0.1065 1 0.056
H63 1 ? 1.0205 0.6181 -0.1259 1 0.056
C24 1 ? 1.23571(12) 0.38688(9) -0.00223(6) 1 0.0346(3)
H64 1 ? 1.2757 0.3923 0.0349 1 0.052
H65 1 ? 1.2555 0.4325 -0.0277 1 0.052
H66 1 ? 1.2574 0.3357 -0.0209 1 0.052
C25 1 ? 1.00716(13) 0.36261(8) -0.05960(6) 1 0.0333(3)
H67 1 ? 1.0234 0.3062 -0.0704 1 0.050
H68 1 ? 1.0353 0.3991 -0.0900 1 0.050
H69 1 ? 0.9255 0.3698 -0.0553 1 0.050
C26 1 ? 1.04484(13) 0.30228(8) 0.06311(6) 1 0.0323(3)
H70 1 ? 0.9927 0.2641 0.0444 1 0.048
H71 1 ? 1.0096 0.3247 0.0982 1 0.048
H72 1 ? 1.1145 0.2738 0.0738 1 0.048
