||||Journal of the American Chemical Society|2004
C261 H166 N34 O36
17.435(2) 19.005(2) 20.564(2) 102.420(10) 100.449(10) 94.710(10)
P1
C1_1 1 ? 0.7874(13) 0.9537(12) 1.0623(13) 1 0.111(7)
H1A_1 1 ? 0.7768 0.9447 1.1052 1 0.166
H1B_1 1 ? 0.7470 0.9808 1.0432 1 0.166
H1C_1 1 ? 0.8392 0.9821 1.0707 1 0.166
C2_1 1 ? 0.8098(16) 0.9012(14) 0.9516(12) 1 0.111(8)
H2A_1 1 ? 0.8064 0.8573 0.9155 1 0.167
H2B_1 1 ? 0.8639 0.9255 0.9646 1 0.167
H2C_1 1 ? 0.7746 0.9341 0.9351 1 0.167
C3_1 1 ? 0.7860(14) 0.8809(12) 1.0117(10) 1 0.089(6)
H3_1 1 ? 0.7310 0.8554 0.9980 1 0.107
C4_1 1 ? 0.8422(13) 0.8288(12) 1.0371(10) 1 0.081(5)
H4A_1 1 ? 0.8444 0.7869 0.9998 1 0.098
H4B_1 1 ? 0.8960 0.8544 1.0563 1 0.098
O5_1 1 ? 0.8075(8) 0.8057(8) 1.0892(7) 1 0.077(4)
C6_1 1 ? 0.8496(11) 0.7601(11) 1.1243(8) 1 0.056(4)
C7_1 1 ? 0.9187(10) 0.7410(10) 1.1181(8) 1 0.049(4)
H7_1 1 ? 0.9457 0.7575 1.0869 1 0.058
C8_1 1 ? 0.9513(9) 0.6976(10) 1.1565(8) 1 0.043(3)
N9_1 1 ? 0.9148(8) 0.6667(8) 1.2008(7) 1 0.050(3)
C10_1 1 ? 0.8437(9) 0.6869(10) 1.2059(9) 1 0.048(4)
C11_1 1 ? 0.8052(10) 0.7319(11) 1.1696(10) 1 0.055(4)
C12_1 1 ? 0.8029(9) 0.6665(10) 1.2547(9) 1 0.055(4)
C13_1 1 ? 0.7350(11) 0.6879(11) 1.2632(10) 1 0.067(5)
H13_1 1 ? 0.7130 0.6736 1.2981 1 0.080
C14_1 1 ? 0.6930(12) 0.7291(12) 1.2259(11) 1 0.076(5)
C15_1 1 ? 0.7265(12) 0.7528(13) 1.1792(11) 1 0.081(5)
H15_1 1 ? 0.7004 0.7823 1.1527 1 0.097
N16_1 1 ? 0.8357(7) 0.6206(8) 1.2951(6) 1 0.047(3)
O17_1 1 ? 0.7935(11) 0.5687(12) 1.3091(13) 1 0.172(9)
O18_1 1 ? 0.8985(8) 0.6393(10) 1.3302(10) 1 0.167(8)
C19_1 1 ? 1.0315(10) 0.6746(10) 1.1557(8) 1 0.045(4)
O20_1 1 ? 1.0751(7) 0.7148(7) 1.1279(7) 1 0.058(3)
N21_1 1 ? 1.0570(7) 0.6254(7) 1.1842(7) 1 0.039(3)
H21_1 1 ? 1.0219 0.6043 1.2020 1 0.047
C22_1 1 ? 1.1257(9) 0.5991(10) 1.1926(8) 1 0.040(4)
C23_1 1 ? 1.1953(9) 0.6333(10) 1.1843(9) 1 0.045(4)
H23_1 1 ? 1.1944 0.6773 1.1695 1 0.055
C24_1 1 ? 1.2688(11) 0.6047(11) 1.1970(11) 1 0.065(5)
H24_1 1 ? 1.3141 0.6269 1.1861 1 0.078
C25_1 1 ? 1.2737(9) 0.5458(11) 1.2248(10) 1 0.057(4)
H25_1 1 ? 1.3232 0.5298 1.2378 1 0.068
C26_1 1 ? 1.2052(10) 0.5092(11) 1.2341(10) 1 0.054(4)
C27_1 1 ? 1.1316(9) 0.5371(10) 1.2182(8) 1 0.042(4)
C28_1 1 ? 1.2047(11) 0.4484(11) 1.2658(10) 1 0.056(4)
C29_1 1 ? 1.1412(10) 0.4213(10) 1.2746(9) 1 0.056(4)
H29_1 1 ? 1.1411 0.3815 1.2957 1 0.067
C30_1 1 ? 1.0663(10) 0.4485(11) 1.2538(9) 1 0.049(4)
N31_1 1 ? 1.0624(9) 0.5032(10) 1.2283(7) 1 0.038(4)
O32_1 1 ? 1.2803(7) 0.4300(7) 1.2799(7) 1 0.067(4)
C33_1 1 ? 1.2880(10) 0.3662(11) 1.3083(12) 1 0.075(5)
H33A_1 1 ? 1.2490 0.3251 1.2805 1 0.090
H33B_1 1 ? 1.2788 0.3769 1.3554 1 0.090
C34_1 1 ? 1.3723(12) 0.3470(13) 1.3078(12) 1 0.092(6)
H34_1 1 ? 1.4107 0.3896 1.3356 1 0.110
C35_1 1 ? 1.3851(16) 0.3310(15) 1.2355(13) 1 0.126(9)
H35A_1 1 ? 1.3687 0.3701 1.2140 1 0.188
H35B_1 1 ? 1.3540 0.2849 1.2098 1 0.188
H35C_1 1 ? 1.4410 0.3276 1.2358 1 0.188
C36_1 1 ? 1.3794(17) 0.2840(14) 1.3430(16) 1 0.155(11)
H36A_1 1 ? 1.3723 0.3000 1.3899 1 0.233
H36B_1 1 ? 1.4316 0.2682 1.3434 1 0.233
H36C_1 1 ? 1.3390 0.2435 1.3184 1 0.233
C37_1 1 ? 0.9910(10) 0.4072(11) 1.2626(8) 1 0.050(4)
O38_1 1 ? 0.9893(8) 0.3600(8) 1.2936(7) 1 0.072(4)
N39_1 1 ? 0.9302(8) 0.4283(9) 1.2272(8) 1 0.057(4)
H39_1 1 ? 0.9404 0.4602 1.2035 1 0.069
C40_1 1 ? 0.8489(11) 0.4045(12) 1.2233(11) 1 0.061(4)
C41_1 1 ? 0.8221(11) 0.3616(12) 1.2635(11) 1 0.068(5)
H41_1 1 ? 0.8578 0.3433 1.2944 1 0.082
C42_1 1 ? 0.7404(12) 0.3462(14) 1.2568(11) 1 0.087(6)
H42_1 1 ? 0.7214 0.3125 1.2800 1 0.105
C43_1 1 ? 0.6885(11) 0.3769(13) 1.2194(11) 1 0.079(5)
H43_1 1 ? 0.6341 0.3682 1.2193 1 0.095
C44_1 1 ? 0.7166(11) 0.4256(13) 1.1772(11) 1 0.074(5)
C45_1 1 ? 0.7960(10) 0.4336(11) 1.1809(10) 1 0.054(4)
C46_1 1 ? 0.6681(11) 0.4598(14) 1.1379(11) 1 0.076(5)
C47_1 1 ? 0.6944(11) 0.4981(14) 1.0954(12) 1 0.079(5)
H47_1 1 ? 0.6603 0.5198 1.0663 1 0.095
C48_1 1 ? 0.7789(10) 0.5029(11) 1.0984(10) 1 0.057(4)
N49_1 1 ? 0.8288(9) 0.4729(9) 1.1380(8) 1 0.057(4)
O50_1 1 ? 0.5850(7) 0.4466(10) 1.1369(8) 1 0.097(5)
C51_1 1 ? 0.5339(9) 0.4811(14) 1.0953(13) 1 0.102(7)
H51A_1 1 ? 0.5416 0.4686 1.0478 1 0.123
H51B_1 1 ? 0.5439 0.5345 1.1124 1 0.123
C52_1 1 ? 0.4513(10) 0.4527(15) 1.0991(13) 1 0.108(7)
H52_1 1 ? 0.4478 0.4669 1.1481 1 0.130
C53_1 1 ? 0.3960(12) 0.5011(15) 1.0607(16) 1 0.159(12)
H53A_1 1 ? 0.4146 0.5527 1.0805 1 0.239
H53B_1 1 ? 0.3418 0.4904 1.0658 1 0.239
H53C_1 1 ? 0.3981 0.4896 1.0123 1 0.239
C54_1 1 ? 0.4264(17) 0.3790(15) 1.0778(16) 1 0.158(11)
H54A_1 1 ? 0.3729 0.3692 1.0851 1 0.238
H54B_1 1 ? 0.4618 0.3529 1.1039 1 0.238
H54C_1 1 ? 0.4267 0.3626 1.0293 1 0.238
C55_1 1 ? 0.8085(11) 0.5443(11) 1.0541(10) 1 0.056(4)
O56_1 1 ? 0.7666(7) 0.5860(8) 1.0248(7) 1 0.071(4)
N57_1 1 ? 0.8821(8) 0.5333(8) 1.0449(7) 1 0.052(3)
H57_1 1 ? 0.9058 0.5010 1.0633 1 0.063
C58_1 1 ? 0.9247(10) 0.5741(10) 1.0044(10) 1 0.052(4)
C59_1 1 ? 0.8976(13) 0.6192(12) 0.9692(11) 1 0.076(5)
H59_1 1 ? 0.8439 0.6269 0.9652 1 0.091
C60_1 1 ? 0.9481(14) 0.6584(13) 0.9355(12) 1 0.088(6)
H60_1 1 ? 0.9270 0.6921 0.9112 1 0.106
C61_1 1 ? 1.0262(14) 0.6472(14) 0.9384(12) 1 0.089(5)
C62_1 1 ? 1.0469(13) 0.5988(13) 0.9719(11) 1 0.077(5)
C63_1 1 ? 1.0022(10) 0.5556(12) 1.0055(9) 1 0.056(4)
C64_1 1 ? 1.1312(14) 0.5794(16) 0.9771(14) 1 0.090(5)
C65_1 1 ? 1.1542(12) 0.5252(14) 1.0070(11) 1 0.073(5)
H65_1 1 ? 1.2058 0.5121 1.0087 1 0.088
C66_1 1 ? 1.1004(9) 0.4898(11) 1.0347(9) 1 0.053(4)
N67_1 1 ? 1.0282(7) 0.5020(9) 1.0342(7) 1 0.049(4)
O68_1 1 ? 1.1722(10) 0.6175(12) 0.9455(11) 1 0.142(6)
C69_1 1 ? 1.2514(14) 0.592(2) 0.9432(17) 1 0.204(11)
H69A_1 1 ? 1.2523 0.5456 0.9577 1 0.245
H69B_1 1 ? 1.2922 0.6281 0.9761 1 0.245
C70_1 1 ? 1.2720(17) 0.581(3) 0.8734(19) 1 0.266(14)
H70_1 1 ? 1.2366 0.5365 0.8454 1 0.319
C71_1 1 ? 1.3520(17) 0.571(3) 0.856(2) 1 0.35(2)
H71A_1 1 ? 1.3561 0.5888 0.8156 1 0.525
H71B_1 1 ? 1.3585 0.5190 0.8474 1 0.525
H71C_1 1 ? 1.3932 0.5978 0.8945 1 0.525
C72_1 1 ? 1.245(3) 0.641(3) 0.843(3) 1 0.36(2)
H72A_1 1 ? 1.1968 0.6544 0.8581 1 0.545
H72B_1 1 ? 1.2348 0.6250 0.7937 1 0.545
H72C_1 1 ? 1.2860 0.6828 0.8586 1 0.545
C73_1 1 ? 1.1322(11) 0.4343(12) 1.0668(10) 1 0.064(4)
O74_1 1 ? 1.2028(7) 0.4256(9) 1.0774(8) 1 0.095(5)
N75_1 1 ? 1.0717(9) 0.3847(10) 1.0765(8) 1 0.066(4)
H75_1 1 ? 1.0238 0.3938 1.0616 1 0.079
C76_1 1 ? 1.0739(13) 0.3245(12) 1.1052(11) 1 0.070(4)
C77_1 1 ? 1.1474(13) 0.2972(12) 1.1310(11) 1 0.086(6)
H77_1 1 ? 1.1968 0.3191 1.1269 1 0.103
C78_1 1 ? 1.1430(17) 0.2374(14) 1.1622(12) 1 0.100(6)
H78_1 1 ? 1.1895 0.2179 1.1779 1 0.121
C79_1 1 ? 1.0706(17) 0.2074(14) 1.1698(12) 1 0.102(6)
H79_1 1 ? 1.0684 0.1695 1.1931 1 0.122
C80_1 1 ? 0.9963(15) 0.2338(13) 1.1420(11) 1 0.083(5)
C81_1 1 ? 1.0045(14) 0.2911(13) 1.1105(11) 1 0.073(4)
C82_1 1 ? 0.9214(16) 0.2055(14) 1.1510(12) 1 0.093(5)
C83_1 1 ? 0.8552(15) 0.2337(12) 1.1198(11) 1 0.084(5)
H83_1 1 ? 0.8046 0.2200 1.1274 1 0.101
C84_1 1 ? 0.8636(13) 0.2797(12) 1.0795(10) 1 0.063(4)
N85_1 1 ? 0.9357(10) 0.3124(9) 1.0761(8) 1 0.064(4)
O86_1 1 ? 0.9264(13) 0.1518(11) 1.1877(9) 1 0.134(6)
C87_1 1 ? 0.8529(18) 0.1356(17) 1.2050(15) 1 0.147(9)
H87A_1 1 ? 0.8164 0.1025 1.1658 1 0.177
H87B_1 1 ? 0.8290 0.1806 1.2183 1 0.177
C88_1 1 ? 0.869(2) 0.099(2) 1.2644(18) 1 0.199(11)
H88_1 1 ? 0.9027 0.0606 1.2502 1 0.239
C89_1 1 ? 0.802(2) 0.061(2) 1.287(2) 1 0.268(17)
H89A_1 1 ? 0.7658 0.0312 1.2469 1 0.401
H89B_1 1 ? 0.7746 0.0979 1.3114 1 0.401
H89C_1 1 ? 0.8233 0.0309 1.3170 1 0.401
C90_1 1 ? 0.917(3) 0.148(3) 1.3281(19) 1 0.33(2)
H90A_1 1 ? 0.9689 0.1640 1.3200 1 0.496
H90B_1 1 ? 0.9246 0.1208 1.3641 1 0.496
H90C_1 1 ? 0.8904 0.1898 1.3422 1 0.496
C91_1 1 ? 0.8003(12) 0.3001(11) 1.0438(10) 1 0.057(4)
O92_1 1 ? 0.7306(9) 0.2851(8) 1.0521(7) 1 0.078(4)
N93_1 1 ? 0.8124(8) 0.3347(9) 0.9961(7) 1 0.053(4)
H93_1 1 ? 0.8617 0.3387 0.9918 1 0.063
C94_1 1 ? 0.7627(11) 0.3673(11) 0.9500(10) 1 0.057(4)
C95_1 1 ? 0.6842(10) 0.3726(10) 0.9502(9) 1 0.049(4)
H95_1 1 ? 0.6598 0.3534 0.9814 1 0.059
C96_1 1 ? 0.6416(11) 0.4057(10) 0.9052(10) 1 0.055(4)
H96_1 1 ? 0.5867 0.4057 0.9030 1 0.066
C97_1 1 ? 0.6769(11) 0.4384(11) 0.8638(11) 1 0.065(5)
H97_1 1 ? 0.6473 0.4640 0.8353 1 0.078
C98_1 1 ? 0.7571(10) 0.4347(11) 0.8626(10) 1 0.059(4)
C99_1 1 ? 0.7993(10) 0.3967(11) 0.9075(10) 1 0.054(4)
C100_1 1 ? 0.8013(10) 0.4711(11) 0.8222(10) 1 0.056(4)
C101_1 1 ? 0.8784(9) 0.4643(10) 0.8261(9) 1 0.053(4)
H101_1 1 ? 0.9078 0.4876 0.8002 1 0.064
C102_1 1 ? 0.9141(9) 0.4235(10) 0.8677(9) 1 0.045(4)
N103_1 1 ? 0.8763(7) 0.3882(8) 0.9098(7) 1 0.048(3)
O104_1 1 ? 0.7570(7) 0.5087(8) 0.7848(7) 1 0.073(4)
C105_1 1 ? 0.7963(9) 0.5451(11) 0.7427(11) 1 0.075(5)
H10A_1 1 ? 0.8192 0.5094 0.7116 1 0.090
H10B_1 1 ? 0.8395 0.5817 0.7718 1 0.090
C106_1 1 ? 0.7376(11) 0.5820(12) 0.7018(13) 1 0.097(6)
H106_1 1 ? 0.7115 0.6152 0.7331 1 0.116
C107_1 1 ? 0.6778(16) 0.5239(15) 0.6549(14) 1 0.154(11)
H10C_1 1 ? 0.6519 0.4960 0.6815 1 0.231
H10D_1 1 ? 0.7037 0.4915 0.6243 1 0.231
H10E_1 1 ? 0.6385 0.5461 0.6281 1 0.231
C108_1 1 ? 0.7799(15) 0.6256(15) 0.6609(14) 1 0.121(9)
H10F_1 1 ? 0.7415 0.6481 0.6337 1 0.182
H10G_1 1 ? 0.8061 0.5930 0.6308 1 0.182
H10H_1 1 ? 0.8192 0.6634 0.6923 1 0.182
C109_1 1 ? 0.9949(10) 0.4066(11) 0.8650(9) 1 0.053(4)
O110_1 1 ? 1.0403(8) 0.4437(8) 0.8408(8) 1 0.077(4)
N111_1 1 ? 1.0176(7) 0.3539(8) 0.8937(7) 1 0.043(3)
H111_1 1 ? 0.9789 0.3316 0.9068 1 0.052
C112_1 1 ? 1.0864(8) 0.3257(10) 0.9080(9) 1 0.045(4)
C113_1 1 ? 1.1617(9) 0.3611(11) 0.9006(9) 1 0.052(4)
H113_1 1 ? 1.1647 0.4038 0.8838 1 0.062
C114_1 1 ? 1.2282(10) 0.3285(11) 0.9195(10) 1 0.055(5)
H114_1 1 ? 1.2762 0.3502 0.9126 1 0.066
C115_1 1 ? 1.2325(9) 0.2722(11) 0.9453(9) 1 0.051(4)
H115_1 1 ? 1.2816 0.2560 0.9592 1 0.061
C116_1 1 ? 1.1580(8) 0.2340(10) 0.9524(9) 1 0.041(4)
C117_1 1 ? 1.0914(9) 0.2610(10) 0.9329(9) 1 0.043(4)
C118_1 1 ? 1.1559(9) 0.1732(10) 0.9802(9) 1 0.045(4)
C119_1 1 ? 1.0869(8) 0.1452(10) 0.9816(8) 1 0.043(4)
H119_1 1 ? 1.0827 0.1024 0.9982 1 0.052
C120_1 1 ? 1.0216(8) 0.1717(10) 0.9618(9) 1 0.040(4)
N121_1 1 ? 1.0182(7) 0.2286(8) 0.9361(7) 1 0.039(3)
O122_1 1 ? 1.2262(6) 0.1496(7) 1.0004(6) 1 0.057(3)
C123_1 1 ? 1.2268(9) 0.0862(11) 1.0277(10) 1 0.064(5)
H12A_1 1 ? 1.1970 0.0437 0.9931 1 0.077
H12B_1 1 ? 1.2016 0.0936 1.0677 1 0.077
C124_1 1 ? 1.3087(9) 0.0733(11) 1.0479(10) 1 0.069(5)
H124_1 1 ? 1.3353 0.0748 1.0089 1 0.082
C125_1 1 ? 1.3162(10) 0.0025(11) 1.0651(12) 1 0.078(6)
H12C_1 1 ? 1.3719 -0.0030 1.0777 1 0.117
H12D_1 1 ? 1.2908 -0.0365 1.0257 1 0.117
H12E_1 1 ? 1.2907 -0.0001 1.1034 1 0.117
C126_1 1 ? 1.3484(14) 0.1360(14) 1.1069(13) 1 0.125(10)
H12F_1 1 ? 1.3445 0.1819 1.0929 1 0.188
H12G_1 1 ? 1.4039 0.1301 1.1206 1 0.188
H12H_1 1 ? 1.3224 0.1364 1.1454 1 0.188
C127_1 1 ? 0.9377(9) 0.1349(12) 0.9655(9) 1 0.050(4)
O128_1 1 ? 0.9335(6) 0.0861(8) 0.9955(7) 1 0.064(4)
N129_1 1 ? 0.8784(7) 0.1617(8) 0.9304(8) 1 0.055(4)
H129_1 1 ? 0.8924 0.1923 0.9068 1 0.066
C130_1 1 ? 0.7972(8) 0.1469(9) 0.9269(8) 1 0.040(4)
C131_1 1 ? 0.7657(10) 0.1104(10) 0.9673(9) 1 0.046(4)
H131_1 1 ? 0.7975 0.0910 1.0002 1 0.055
C132_1 1 ? 0.6810(10) 0.1026(10) 0.9578(9) 1 0.048(4)
H132_1 1 ? 0.6568 0.0734 0.9824 1 0.058
C133_1 1 ? 0.6344(9) 0.1342(10) 0.9161(8) 1 0.040(4)
H133_1 1 ? 0.5797 0.1319 0.9158 1 0.048
C134_1 1 ? 0.6683(9) 0.1718(9) 0.8718(8) 1 0.035(3)
C135_1 1 ? 0.7514(9) 0.1755(9) 0.8771(8) 1 0.033(3)
C136_1 1 ? 0.6251(9) 0.2050(10) 0.8277(8) 1 0.037(3)
C137_1 1 ? 0.6622(9) 0.2375(10) 0.7867(8) 1 0.044(4)
H137_1 1 ? 0.6323 0.2582 0.7539 1 0.053
C138_1 1 ? 0.7430(9) 0.2407(10) 0.7923(9) 1 0.040(4)
N139_1 1 ? 0.7897(8) 0.2101(8) 0.8403(7) 1 0.048(3)
O140_1 1 ? 0.5464(6) 0.1996(6) 0.8244(6) 1 0.050(3)
C141_1 1 ? 0.4996(8) 0.2315(9) 0.7774(9) 1 0.052(4)
H14A_1 1 ? 0.5015 0.2060 0.7304 1 0.062
H14B_1 1 ? 0.5214 0.2830 0.7843 1 0.062
C142_1 1 ? 0.4163(9) 0.2274(13) 0.7859(10) 1 0.080(6)
H142_1 1 ? 0.3962 0.1745 0.7745 1 0.096
C143_1 1 ? 0.3631(11) 0.2603(15) 0.7356(14) 1 0.121(9)
H14C_1 1 ? 0.3101 0.2584 0.7452 1 0.182
H14D_1 1 ? 0.3610 0.2326 0.6891 1 0.182
H14E_1 1 ? 0.3843 0.3109 0.7403 1 0.182
C144_1 1 ? 0.4086(14) 0.2565(17) 0.8588(12) 1 0.129(10)
H14F_1 1 ? 0.4432 0.2336 0.8890 1 0.194
H14G_1 1 ? 0.3540 0.2453 0.8629 1 0.194
H14H_1 1 ? 0.4236 0.3092 0.8717 1 0.194
C145_1 1 ? 0.7843(9) 0.2677(10) 0.7437(9) 1 0.045(4)
O146_1 1 ? 0.7480(7) 0.2941(8) 0.7019(7) 1 0.078(4)
N147_1 1 ? 0.8598(8) 0.2583(9) 0.7492(8) 1 0.057(4)
H147_1 1 ? 0.8833 0.2432 0.7844 1 0.068
C148_1 1 ? 0.9046(10) 0.2721(14) 0.6991(10) 1 0.075(5)
H148_1 1 ? 0.9141 0.3258 0.7038 1 0.090
C149_1 1 ? 0.8732(9) 0.2377(12) 0.6288(8) 1 0.099(6)
H14I_1 1 ? 0.8226 0.2546 0.6142 1 0.148
H14J_1 1 ? 0.8654 0.1849 0.6232 1 0.148
H14K_1 1 ? 0.9100 0.2501 0.6010 1 0.148
C150_1 1 ? 0.9877(11) 0.2425(13) 0.7151(10) 1 0.064(5)
C151_1 1 ? 0.9867(15) 0.1705(14) 0.7257(14) 1 0.099(6)
H151_1 1 ? 0.9381 0.1409 0.7197 1 0.119
C152_1 1 ? 1.0597(18) 0.1436(17) 0.7454(14) 1 0.116(7)
H152_1 1 ? 1.0605 0.0984 0.7580 1 0.139
C153_1 1 ? 1.1302(16) 0.1858(17) 0.7455(12) 1 0.098(7)
H153_1 1 ? 1.1796 0.1679 0.7521 1 0.117
C154_1 1 ? 1.1236(12) 0.2503(15) 0.7362(13) 1 0.096(7)
H154_1 1 ? 1.1712 0.2798 0.7387 1 0.115
C155_1 1 ? 1.0561(11) 0.2809(14) 0.7231(12) 1 0.079(6)
H155_1 1 ? 1.0587 0.3300 0.7197 1 0.094
C1_2 1 ? 0.5389(16) -0.6720(18) 0.6439(13) 1 0.141(10)
H1A_2 1 ? 0.5376 -0.6264 0.6765 1 0.212
H1B_2 1 ? 0.5755 -0.7008 0.6652 1 0.212
H1C_2 1 ? 0.4861 -0.6994 0.6299 1 0.212
C2_2 1 ? 0.561(2) -0.7237(16) 0.5238(16) 1 0.210(15)
H2A_2 1 ? 0.5836 -0.7110 0.4872 1 0.315
H2B_2 1 ? 0.5054 -0.7439 0.5061 1 0.315
H2C_2 1 ? 0.5895 -0.7599 0.5418 1 0.315
C3_2 1 ? 0.5661(14) -0.6552(14) 0.5812(13) 1 0.113(7)
H3_2 1 ? 0.6215 -0.6308 0.5948 1 0.136
C4_2 1 ? 0.5133(12) -0.6066(12) 0.5474(12) 1 0.084(5)
H4A_2 1 ? 0.4619 -0.6352 0.5243 1 0.100
H4B_2 1 ? 0.5040 -0.5658 0.5828 1 0.100
O5_2 1 ? 0.5477(8) -0.5786(8) 0.4995(8) 1 0.082(4)
C6_2 1 ? 0.5110(11) -0.5380(11) 0.4652(12) 1 0.070(4)
C7_2 1 ? 0.4363(11) -0.5202(11) 0.4685(11) 1 0.068(5)
H7_2 1 ? 0.4068 -0.5384 0.4973 1 0.082
C8_2 1 ? 0.4042(12) -0.4725(10) 0.4265(11) 1 0.059(4)
N9_2 1 ? 0.4374(10) -0.4473(9) 0.3866(8) 1 0.060(4)
C10_2 1 ? 0.5116(12) -0.4680(11) 0.3786(11) 1 0.069(4)
C11_2 1 ? 0.5495(13) -0.5134(12) 0.4196(12) 1 0.074(5)
C12_2 1 ? 0.5495(14) -0.4410(13) 0.3339(14) 1 0.089(5)
C13_2 1 ? 0.6251(13) -0.4589(13) 0.3245(14) 1 0.101(6)
H13_2 1 ? 0.6510 -0.4421 0.2928 1 0.121
C14_2 1 ? 0.6605(14) -0.5055(14) 0.3676(15) 1 0.107(7)
H14_2 1 ? 0.7118 -0.5182 0.3660 1 0.128
C15_2 1 ? 0.6184(13) -0.5302(13) 0.4099(14) 1 0.086(6)
H15_2 1 ? 0.6414 -0.5627 0.4346 1 0.103
N16_2 1 ? 0.5049(16) -0.4071(12) 0.2753(15) 1 0.152(7)
O17_2 1 ? 0.5510(11) -0.3537(10) 0.2898(8) 1 0.117(5)
O18_2 1 ? 0.4621(12) -0.3657(11) 0.2950(10) 1 0.161(6)
C19_2 1 ? 0.3176(13) -0.4631(12) 0.4353(12) 1 0.063(5)
O20_2 1 ? 0.2805(10) -0.4891(9) 0.4626(8) 1 0.037(4)
N21_2 1 ? 0.3019(9) -0.4032(8) 0.4014(8) 1 0.061(4)
H21_2 1 ? 0.3399 -0.3809 0.3876 1 0.073
C22_2 1 ? 0.2210(11) -0.3803(10) 0.3906(10) 1 0.054(4)
C23_2 1 ? 0.1584(12) -0.4116(12) 0.4085(11) 1 0.070(5)
H23_2 1 ? 0.1639 -0.4486 0.4331 1 0.084
C24_2 1 ? 0.0881(11) -0.3893(11) 0.3909(10) 1 0.059(4)
C25_2 1 ? 0.0816(11) -0.3277(11) 0.3635(10) 1 0.060(5)
H25_2 1 ? 0.0320 -0.3103 0.3552 1 0.072
C26_2 1 ? 0.1458(10) -0.2923(10) 0.3485(9) 1 0.047(4)
C27_2 1 ? 0.2191(11) -0.3151(10) 0.3653(9) 1 0.050(4)
C28_2 1 ? 0.1407(10) -0.2311(10) 0.3210(9) 1 0.050(4)
C29_2 1 ? 0.2141(10) -0.1928(10) 0.3092(8) 1 0.047(4)
H29_2 1 ? 0.2140 -0.1521 0.2893 1 0.057
C30_2 1 ? 0.2801(10) -0.2214(10) 0.3295(9) 1 0.048(4)
N31_2 1 ? 0.2862(8) -0.2806(7) 0.3577(7) 1 0.042(3)
O32_2 1 ? 0.0726(7) -0.2073(8) 0.3095(7) 1 0.073(4)
C33_2 1 ? 0.0628(10) -0.1479(10) 0.2812(11) 1 0.074(5)
H33A_2 1 ? 0.0711 -0.1592 0.2339 1 0.089
H33B_2 1 ? 0.1010 -0.1056 0.3079 1 0.089
C34_2 1 ? -0.0186(10) -0.1315(11) 0.2823(9) 1 0.076(6)
H34_2 1 ? -0.0557 -0.1772 0.2619 1 0.091
C35_2 1 ? -0.0377(11) -0.0763(11) 0.2400(13) 1 0.095(7)
H35A_2 1 ? -0.0914 -0.0651 0.2408 1 0.142
H35B_2 1 ? -0.0332 -0.0965 0.1930 1 0.142
H35C_2 1 ? -0.0007 -0.0318 0.2590 1 0.142
C36_2 1 ? -0.0297(14) -0.1008(17) 0.3550(11) 1 0.132(10)
H36A_2 1 ? -0.0840 -0.0903 0.3536 1 0.198
H36B_2 1 ? 0.0065 -0.0560 0.3754 1 0.198
H36C_2 1 ? -0.0187 -0.1366 0.3823 1 0.198
C37_2 1 ? 0.3557(12) -0.1847(11) 0.3234(11) 1 0.058(4)
O38_2 1 ? 0.3566(8) -0.1391(8) 0.2871(8) 1 0.080(4)
N39_2 1 ? 0.4231(8) -0.2063(8) 0.3575(8) 1 0.054(4)
H39_2 1 ? 0.4130 -0.2382 0.3812 1 0.065
C40_2 1 ? 0.5013(11) -0.1883(11) 0.3616(9) 1 0.055(4)
C41_2 1 ? 0.5298(13) -0.1469(13) 0.3230(10) 1 0.077(5)
H41_2 1 ? 0.4948 -0.1253 0.2943 1 0.092
C42_2 1 ? 0.6107(14) -0.1360(13) 0.3256(11) 1 0.093(6)
H42_2 1 ? 0.6303 -0.1090 0.2969 1 0.111
C43_2 1 ? 0.6650(14) -0.1657(15) 0.3719(12) 1 0.099(6)
H43_2 1 ? 0.7200 -0.1586 0.3735 1 0.119
C44_2 1 ? 0.6379(11) -0.2010(12) 0.4098(10) 1 0.061(4)
C45_2 1 ? 0.5541(11) -0.2165(11) 0.4082(10) 1 0.055(4)
C46_2 1 ? 0.6867(11) -0.2364(13) 0.4542(9) 1 0.065(4)
C47_2 1 ? 0.6530(9) -0.2784(11) 0.4894(9) 1 0.057(4)
H47_2 1 ? 0.6847 -0.3039 0.5166 1 0.068
C48_2 1 ? 0.5738(9) -0.2843(11) 0.4858(9) 1 0.047(4)
N49_2 1 ? 0.5244(7) -0.2552(8) 0.4467(7) 1 0.043(3)
O50_2 1 ? 0.7616(8) -0.2238(10) 0.4517(7) 1 0.096(5)
C51_2 1 ? 0.8170(10) -0.2629(16) 0.4938(12) 1 0.111(7)
H51A_2 1 ? 0.8035 -0.3161 0.4766 1 0.134
H51B_2 1 ? 0.8118 -0.2500 0.5419 1 0.134
C52_2 1 ? 0.9014(11) -0.2402(17) 0.4885(15) 1 0.138(10)
H52_2 1 ? 0.9059 -0.2495 0.4396 1 0.165
C53_2 1 ? 0.9228(14) -0.1577(16) 0.5226(16) 1 0.172(12)
H53A_2 1 ? 0.8883 -0.1300 0.4976 1 0.258
H53B_2 1 ? 0.9776 -0.1425 0.5218 1 0.258
H53C_2 1 ? 0.9159 -0.1488 0.5698 1 0.258
C54_2 1 ? 0.9565(15) -0.2830(18) 0.526(2) 1 0.207(16)
H54A_2 1 ? 0.9429 -0.3350 0.5051 1 0.310
H54B_2 1 ? 0.9512 -0.2739 0.5739 1 0.310
H54C_2 1 ? 1.0109 -0.2677 0.5242 1 0.310
C55_2 1 ? 0.5430(10) -0.3242(11) 0.5343(9) 1 0.047(4)
O56_2 1 ? 0.5852(7) -0.3601(8) 0.5592(7) 1 0.078(4)
N57_2 1 ? 0.4680(7) -0.3174(8) 0.5438(7) 1 0.046(3)
H57_2 1 ? 0.4426 -0.2893 0.5209 1 0.055
C58_2 1 ? 0.4276(10) -0.3470(11) 0.5827(10) 1 0.054(4)
C59_2 1 ? 0.4596(12) -0.3961(10) 0.6203(10) 1 0.059(4)
H59_2 1 ? 0.5119 -0.4064 0.6196 1 0.071
C60_2 1 ? 0.4174(12) -0.4281(13) 0.6570(12) 1 0.084(5)
H60_2 1 ? 0.4411 -0.4587 0.6836 1 0.101
C61_2 1 ? 0.3423(12) -0.4175(11) 0.6564(11) 1 0.079(5)
H61_2 1 ? 0.3142 -0.4415 0.6826 1 0.095
C62_2 1 ? 0.3000(11) -0.3689(11) 0.6158(11) 1 0.064(4)
C63_2 1 ? 0.3487(11) -0.3335(11) 0.5835(10) 1 0.055(4)
C64_2 1 ? 0.2242(12) -0.3606(14) 0.6131(12) 1 0.077(5)
C65_2 1 ? 0.1931(12) -0.3111(13) 0.5765(12) 1 0.079(5)
H65_2 1 ? 0.1388 -0.3057 0.5701 1 0.095
C66_2 1 ? 0.2440(11) -0.2703(13) 0.5500(10) 1 0.066(4)
N67_2 1 ? 0.3199(9) -0.2828(9) 0.5517(8) 1 0.060(4)
O68_2 1 ? 0.1801(8) -0.4014(10) 0.6440(9) 1 0.110(5)
C69_2 1 ? 0.1021(12) -0.3946(16) 0.6423(16) 1 0.153(8)
H69A_2 1 ? 0.0729 -0.4040 0.5946 1 0.184
H69B_2 1 ? 0.0961 -0.3448 0.6660 1 0.184
C70_2 1 ? 0.0706(12) -0.4502(17) 0.6779(18) 1 0.191(10)
H70_2 1 ? 0.0942 -0.4268 0.7266 1 0.229
C71_2 1 ? -0.0164(13) -0.445(2) 0.677(2) 1 0.283(18)
H71A_2 1 ? -0.0232 -0.3943 0.6960 1 0.424
H71B_2 1 ? -0.0358 -0.4763 0.7035 1 0.424
H71C_2 1 ? -0.0459 -0.4596 0.6295 1 0.424
C72_2 1 ? 0.090(2) -0.5285(17) 0.674(3) 1 0.295(19)
H72A_2 1 ? 0.0691 -0.5482 0.7079 1 0.442
H72B_2 1 ? 0.1474 -0.5283 0.6818 1 0.442
H72C_2 1 ? 0.0666 -0.5587 0.6282 1 0.442
C73_2 1 ? 0.2168(10) -0.2043(12) 0.5237(9) 1 0.061(4)
O74_2 1 ? 0.1510(6) -0.1965(8) 0.5119(7) 1 0.079(4)
N75_2 1 ? 0.2761(8) -0.1632(9) 0.5119(8) 1 0.058(4)
H75_2 1 ? 0.3232 -0.1764 0.5217 1 0.070
C76_2 1 ? 0.2712(11) -0.1022(13) 0.4859(10) 1 0.065(4)
C77_2 1 ? 0.2080(12) -0.0785(13) 0.4621(10) 1 0.078(5)
H77_2 1 ? 0.1589 -0.0995 0.4675 1 0.094
C78_2 1 ? 0.2100(14) -0.0251(14) 0.4301(12) 1 0.096(6)
H78_2 1 ? 0.1619 -0.0079 0.4148 1 0.116
C79_2 1 ? 0.2803(16) 0.0080(14) 0.4174(12) 1 0.096(6)
H79_2 1 ? 0.2792 0.0434 0.3910 1 0.115
C80_2 1 ? 0.3481(14) -0.0130(13) 0.4443(11) 1 0.075(4)
C81_2 1 ? 0.3481(12) -0.0685(12) 0.4808(9) 1 0.059(4)
C82_2 1 ? 0.4225(15) 0.0135(13) 0.4382(11) 1 0.081(5)
C83_2 1 ? 0.4885(13) -0.0065(11) 0.4680(9) 1 0.062(4)
H83_2 1 ? 0.5389 0.0145 0.4654 1 0.075
C84_2 1 ? 0.4790(11) -0.0616(11) 0.5043(10) 1 0.057(4)
N85_2 1 ? 0.4145(9) -0.0924(8) 0.5106(7) 1 0.054(4)
O86_2 1 ? 0.4255(12) 0.0617(10) 0.3987(9) 1 0.122(6)
C87_2 1 ? 0.4925(19) 0.0911(19) 0.3794(18) 1 0.173(10)
H87A_2 1 ? 0.5310 0.0556 0.3782 1 0.208
H87B_2 1 ? 0.5172 0.1354 0.4144 1 0.208
C88_2 1 ? 0.476(2) 0.111(2) 0.3104(18) 1 0.205(12)
C89_2 1 ? 0.562(2) 0.156(2) 0.325(2) 1 0.235(17)
H89A_2 1 ? 0.5668 0.1991 0.3622 1 0.352
H89B_2 1 ? 0.5704 0.1717 0.2837 1 0.352
H89C_2 1 ? 0.6026 0.1255 0.3370 1 0.352
C90_2 1 ? 0.444(2) 0.037(2) 0.2646(17) 1 0.190(13)
H90A_2 1 ? 0.3950 0.0190 0.2759 1 0.285
H90B_2 1 ? 0.4828 0.0031 0.2710 1 0.285
H90C_2 1 ? 0.4340 0.0407 0.2171 1 0.285
C91_2 1 ? 0.5597(11) -0.0843(11) 0.5452(10) 1 0.051(4)
O92_2 1 ? 0.6209(7) -0.0688(7) 0.5342(7) 1 0.067(4)
N93_2 1 ? 0.5393(8) -0.1181(7) 0.5934(8) 1 0.048(3)
H93_2 1 ? 0.4897 -0.1201 0.5971 1 0.058
C94_2 1 ? 0.5877(9) -0.1491(10) 0.6363(9) 1 0.042(4)
C95_2 1 ? 0.6683(10) -0.1473(11) 0.6412(10) 1 0.060(5)
H95_2 1 ? 0.6945 -0.1215 0.6151 1 0.072
C96_2 1 ? 0.7109(11) -0.1843(12) 0.6856(11) 1 0.069(5)
H96_2 1 ? 0.7657 -0.1849 0.6879 1 0.082
C97_2 1 ? 0.6741(10) -0.2197(11) 0.7258(10) 1 0.055(4)
H97_2 1 ? 0.7039 -0.2445 0.7551 1 0.066
C98_2 1 ? 0.5934(9) -0.2194(10) 0.7239(9) 1 0.040(3)
C99_2 1 ? 0.5500(8) -0.1815(9) 0.6831(8) 1 0.034(3)
C100_2 1 ? 0.5536(10) -0.2520(10) 0.7630(9) 1 0.048(4)
C101_2 1 ? 0.4742(10) -0.2450(11) 0.7639(9) 1 0.055(4)
H101_2 1 ? 0.4459 -0.2680 0.7906 1 0.066
C102_2 1 ? 0.4394(10) -0.2010(10) 0.7222(9) 1 0.048(4)
N103_2 1 ? 0.4726(7) -0.1733(8) 0.6832(7) 1 0.047(4)
O104_2 1 ? 0.5940(7) -0.2925(8) 0.8014(7) 1 0.069(4)
C105_2 1 ? 0.5581(11) -0.3223(13) 0.8468(11) 1 0.083(6)
H10A_2 1 ? 0.5114 -0.3572 0.8219 1 0.099
H10B_2 1 ? 0.5414 -0.2835 0.8799 1 0.099
C106_2 1 ? 0.6198(12) -0.3605(12) 0.8831(10) 1 0.085(6)
H106_2 1 ? 0.6371 -0.3978 0.8483 1 0.102
C107_2 1 ? 0.5825(13) -0.3985(14) 0.9294(13) 1 0.106(8)
H10C_2 1 ? 0.5380 -0.4338 0.9023 1 0.159
H10D_2 1 ? 0.5638 -0.3625 0.9628 1 0.159
H10E_2 1 ? 0.6214 -0.4236 0.9531 1 0.159
C108_2 1 ? 0.6873(14) -0.3069(17) 0.9190(16) 1 0.151(12)
H10F_2 1 ? 0.7109 -0.2870 0.8859 1 0.227
H10G_2 1 ? 0.7262 -0.3302 0.9449 1 0.227
H10H_2 1 ? 0.6700 -0.2676 0.9501 1 0.227
C109_2 1 ? 0.3519(10) -0.1914(10) 0.7203(9) 1 0.045(4)
O110_2 1 ? 0.3128(6) -0.2228(7) 0.7487(6) 1 0.055(3)
N111_2 1 ? 0.3337(8) -0.1324(8) 0.6934(7) 1 0.047(4)
H111_2 1 ? 0.3724 -0.1077 0.6825 1 0.056
C112_2 1 ? 0.2580(9) -0.1078(10) 0.6817(8) 1 0.041(3)
C113_2 1 ? 0.1932(9) -0.1400(10) 0.6887(9) 1 0.050(4)
H113_2 1 ? 0.1951 -0.1815 0.7074 1 0.060
C114_2 1 ? 0.1195(10) -0.1165(10) 0.6698(10) 1 0.056(4)
H114_2 1 ? 0.0717 -0.1415 0.6737 1 0.067
C115_2 1 ? 0.1224(10) -0.0523(11) 0.6445(9) 1 0.052(4)
H115_2 1 ? 0.0745 -0.0334 0.6322 1 0.062
C116_2 1 ? 0.1877(10) -0.0177(11) 0.6373(9) 1 0.050(4)
C117_2 1 ? 0.2639(9) -0.0433(10) 0.6572(8) 1 0.039(3)
C118_2 1 ? 0.1949(10) 0.0469(11) 0.6120(9) 1 0.049(4)
C119_2 1 ? 0.2670(10) 0.0826(10) 0.6037(9) 1 0.055(4)
H119_2 1 ? 0.2695 0.1231 0.5836 1 0.066
C120_2 1 ? 0.3371(10) 0.0501(10) 0.6295(9) 1 0.047(4)
N121_2 1 ? 0.3332(8) -0.0101(9) 0.6522(8) 1 0.050(3)
O122_2 1 ? 0.1247(7) 0.0687(7) 0.5897(7) 1 0.065(4)
C123_2 1 ? 0.1254(10) 0.1352(9) 0.5654(10) 1 0.060(5)
H12A_2 1 ? 0.1553 0.1313 0.5284 1 0.072
H12B_2 1 ? 0.1517 0.1768 0.6029 1 0.072
C124_2 1 ? 0.0416(10) 0.1480(11) 0.5392(11) 1 0.078(6)
H124_2 1 ? 0.0113 0.1497 0.5763 1 0.093
C125_2 1 ? 0.0006(13) 0.0856(14) 0.4765(14) 1 0.134(11)
H12C_2 1 ? -0.0539 0.0938 0.4615 1 0.201
H12D_2 1 ? 0.0011 0.0389 0.4893 1 0.201
H12E_2 1 ? 0.0289 0.0851 0.4394 1 0.201
C126_2 1 ? 0.0458(13) 0.2210(12) 0.5206(14) 1 0.110(8)
H12F_2 1 ? -0.0074 0.2313 0.5041 1 0.165
H12G_2 1 ? 0.0763 0.2199 0.4848 1 0.165
H12H_2 1 ? 0.0714 0.2590 0.5608 1 0.165
C127_2 1 ? 0.4118(10) 0.0843(11) 0.6232(10) 1 0.046(4)
O128_2 1 ? 0.4196(7) 0.1305(7) 0.5919(7) 1 0.064(4)
N129_2 1 ? 0.4726(7) 0.0574(8) 0.6562(6) 1 0.041(3)
H129_2 1 ? 0.4581 0.0251 0.6779 1 0.049
C130_2 1 ? 0.5528(9) 0.0703(10) 0.6626(9) 1 0.044(4)
C131_2 1 ? 0.5909(9) 0.1119(10) 0.6255(9) 1 0.050(4)
H131_2 1 ? 0.5600 0.1363 0.5967 1 0.060
C132_2 1 ? 0.6695(10) 0.1184(10) 0.6294(10) 1 0.053(4)
H132_2 1 ? 0.6930 0.1430 0.6010 1 0.063
C133_2 1 ? 0.7152(10) 0.0878(11) 0.6765(9) 1 0.055(4)
H133_2 1 ? 0.7708 0.0947 0.6824 1 0.066
C134_2 1 ? 0.6817(9) 0.0489(11) 0.7136(9) 1 0.048(4)
C135_2 1 ? 0.6013(9) 0.0374(9) 0.7103(9) 1 0.041(4)
C136_2 1 ? 0.7266(9) 0.0147(11) 0.7648(10) 1 0.050(4)
C137_2 1 ? 0.6881(9) -0.0207(10) 0.8031(10) 1 0.045(4)
H137_2 1 ? 0.7154 -0.0449 0.8344 1 0.054
C138_2 1 ? 0.6064(9) -0.0198(10) 0.7941(9) 1 0.042(4)
N139_2 1 ? 0.5649(7) 0.0073(7) 0.7520(7) 1 0.035(3)
O140_2 1 ? 0.8054(6) 0.0209(7) 0.7660(7) 1 0.064(4)
C141_2 1 ? 0.8509(9) -0.0153(12) 0.8109(10) 1 0.067(5)
H14A_2 1 ? 0.8322 -0.0680 0.7993 1 0.080
H14B_2 1 ? 0.8482 0.0053 0.8588 1 0.080
C142_2 1 ? 0.9349(10) -0.0014(14) 0.7994(11) 1 0.094(6)
H142_2 1 ? 0.9519 0.0514 0.8048 1 0.112
C143_2 1 ? 0.9357(13) -0.0451(15) 0.7290(11) 1 0.116(8)
H14C_2 1 ? 0.9883 -0.0372 0.7192 1 0.174
H14D_2 1 ? 0.8973 -0.0298 0.6955 1 0.174
H14E_2 1 ? 0.9221 -0.0968 0.7266 1 0.174
C144_2 1 ? 0.9866(13) -0.0329(16) 0.8514(13) 1 0.125(10)
H14F_2 1 ? 0.9800 -0.0103 0.8972 1 0.187
H14G_2 1 ? 1.0418 -0.0233 0.8484 1 0.187
H14H_2 1 ? 0.9713 -0.0855 0.8420 1 0.187
C145_2 1 ? 0.5666(11) -0.0526(11) 0.8429(9) 1 0.050(4)
O146_2 1 ? 0.6017(7) -0.0826(8) 0.8844(8) 1 0.081(4)
N147_2 1 ? 0.4910(8) -0.0401(8) 0.8406(8) 1 0.054(4)
H147_2 1 ? 0.4692 -0.0234 0.8059 1 0.065
C148_2 1 ? 0.4410(10) -0.0507(11) 0.8882(9) 1 0.055(4)
H148_2 1 ? 0.4677 -0.0165 0.9321 1 0.066
C149_2 1 ? 0.4369(10) -0.1270(10) 0.9048(9) 1 0.085(5)
H14I_2 1 ? 0.4903 -0.1394 0.9168 1 0.127
H14J_2 1 ? 0.4073 -0.1633 0.8649 1 0.127
H14K_2 1 ? 0.4105 -0.1262 0.9431 1 0.127
C150_2 1 ? 0.3681(11) -0.0212(13) 0.8680(10) 1 0.063(4)
C151_2 1 ? 0.3617(15) 0.0447(15) 0.8606(13) 1 0.096(6)
H151_2 1 ? 0.4086 0.0749 0.8625 1 0.115
C152_2 1 ? 0.2921(16) 0.0734(18) 0.8502(14) 1 0.117(7)
H152_2 1 ? 0.2919 0.1229 0.8482 1 0.141
C153_2 1 ? 0.2237(16) 0.0306(19) 0.8429(14) 1 0.116(8)
H153_2 1 ? 0.1755 0.0494 0.8321 1 0.140
C154_2 1 ? 0.2222(13) -0.0407(16) 0.8508(13) 1 0.102(7)
H154_2 1 ? 0.1746 -0.0709 0.8467 1 0.123
C155_2 1 ? 0.2953(11) -0.0640(14) 0.8650(11) 1 0.085(6)
H155_2 1 ? 0.2973 -0.1112 0.8731 1 0.102
C201_3 1 ? 0.642(3) 0.076(3) 0.155(3) 0.50 0.23(2)
H201_3 1 ? 0.6782 0.0643 0.1899 0.50 0.276
C202_3 1 ? 0.596(3) 0.022(2) 0.103(3) 0.50 0.23(2)
C203_3 1 ? 0.542(3) 0.040(3) 0.052(2) 0.50 0.27(2)
H203_3 1 ? 0.5109 0.0022 0.0170 0.50 0.320
C204_3 1 ? 0.534(3) 0.112(3) 0.053(3) 0.50 0.239(19)
H204_3 1 ? 0.4978 0.1241 0.0185 0.50 0.286
C205_3 1 ? 0.580(4) 0.167(2) 0.105(4) 0.50 0.245(19)
H205_3 1 ? 0.5750 0.2161 0.1058 0.50 0.294
C206_3 1 ? 0.634(4) 0.149(3) 0.156(3) 0.50 0.263(19)
H206_3 1 ? 0.6652 0.1862 0.1915 0.50 0.315
C207_3 1 ? 0.572(4) -0.055(3) 0.119(4) 0.50 0.29(4)
H20A_3 1 ? 0.5757 -0.0488 0.1681 0.50 0.431
H20B_3 1 ? 0.6084 -0.0889 0.1039 0.50 0.431
H20C_3 1 ? 0.5184 -0.0743 0.0949 0.50 0.431
C201_4 1 ? 0.620(3) 0.208(2) 0.127(3) 0.50 0.23(2)
H201_4 1 ? 0.6501 0.2541 0.1465 0.50 0.272
C202_4 1 ? 0.554(3) 0.201(2) 0.076(3) 0.50 0.211(19)
C203_4 1 ? 0.510(3) 0.133(3) 0.048(2) 0.50 0.25(2)
H203_4 1 ? 0.4648 0.1283 0.0123 0.50 0.306
C204_4 1 ? 0.531(3) 0.073(2) 0.071(3) 0.50 0.199(18)
H204_4 1 ? 0.5011 0.0268 0.0519 0.50 0.239
C205_4 1 ? 0.597(3) 0.080(3) 0.123(3) 0.50 0.188(17)
H205_4 1 ? 0.6119 0.0389 0.1388 0.50 0.226
C206_4 1 ? 0.641(3) 0.148(3) 0.151(3) 0.50 0.258(18)
H206_4 1 ? 0.6864 0.1526 0.1861 0.50 0.309
C207_4 1 ? 0.533(4) 0.258(3) 0.040(4) 0.50 0.27(3)
H20A_4 1 ? 0.5039 0.2915 0.0660 0.50 0.401
H20B_4 1 ? 0.5000 0.2358 -0.0053 0.50 0.401
H20C_4 1 ? 0.5809 0.2848 0.0342 0.50 0.401
C201_5 1 ? 0.0876(14) 0.0064(10) 0.1268(13) 1 0.190(12)
H201_5 1 ? 0.0784 0.0550 0.1432 1 0.227
C202_5 1 ? 0.1449(14) -0.0237(14) 0.1646(10) 1 0.212(13)
C203_5 1 ? 0.1585(13) -0.0947(15) 0.1405(14) 1 0.226(15)
H203_5 1 ? 0.1976 -0.1153 0.1664 1 0.271
C204_5 1 ? 0.1148(17) -0.1357(11) 0.0786(15) 1 0.234(15)
H204_5 1 ? 0.1241 -0.1842 0.0621 1 0.281
C205_5 1 ? 0.0576(15) -0.1056(14) 0.0407(11) 1 0.282(17)
H205_5 1 ? 0.0278 -0.1336 -0.0016 1 0.338
C206_5 1 ? 0.0440(12) -0.0345(14) 0.0648(12) 1 0.168(11)
H206_5 1 ? 0.0049 -0.0140 0.0389 1 0.201
C207_5 1 ? 0.191(2) 0.0238(19) 0.2254(16) 1 0.243(17)
H20A_5 1 ? 0.2437 0.0367 0.2183 1 0.365
H20B_5 1 ? 0.1943 -0.0009 0.2629 1 0.365
H20C_5 1 ? 0.1657 0.0679 0.2367 1 0.365
C201_6 1 ? 0.2273(11) 0.2028(8) 0.4202(9) 1 0.121(7)
H201_6 1 ? 0.2144 0.1572 0.3882 1 0.145
C202_6 1 ? 0.1880(10) 0.2612(11) 0.4090(8) 1 0.197(12)
C203_6 1 ? 0.2067(11) 0.3278(9) 0.4560(10) 1 0.123(8)
H203_6 1 ? 0.1799 0.3677 0.4483 1 0.148
C204_6 1 ? 0.2648(13) 0.3360(10) 0.5141(9) 1 0.201(13)
H204_6 1 ? 0.2776 0.3815 0.5461 1 0.242
C205_6 1 ? 0.3041(12) 0.2775(14) 0.5253(9) 1 0.213(14)
H205_6 1 ? 0.3438 0.2831 0.5650 1 0.255
C206_6 1 ? 0.2853(11) 0.2109(11) 0.4783(11) 1 0.174(11)
H206_6 1 ? 0.3122 0.1710 0.4860 1 0.209
C207_6 1 ? 0.1206(6) 0.2593(6) 0.3627(5) 1 0.205(13)
H20A_6 1 ? 0.0931 0.3006 0.3787 1 0.307
H20B_6 1 ? 0.0865 0.2138 0.3572 1 0.307
H20C_6 1 ? 0.1337 0.2621 0.3189 1 0.307
C299_7 1 ? 0.8358(7) 0.4926(8) 1.4932(6) 1 0.380(19)
C300_7 1 ? 0.8659(7) 0.5167(8) 1.4456(6) 1 0.267(19)
C301_7 1 ? 0.9228(6) 0.4793(8) 1.4403(6) 1 0.158(11)
C302_7 1 ? 0.9622(6) 0.4436(8) 1.4806(5) 1 0.200(9)
C303_7 1 ? 1.0332(6) 0.4258(8) 1.4738(5) 1 0.235(10)
C399_8 1 ? 1.5205(7) 0.7309(8) 1.0895(7) 1 0.218(3)
C400_8 1 ? 1.4825(7) 0.7101(7) 1.1344(7) 1 0.33(3)
C401_8 1 ? 1.4247(7) 0.7445(7) 1.1496(7) 1 0.23(2)
C402_8 1 ? 1.3854(7) 0.7825(7) 1.0990(7) 1 0.48(3)
C403_8 1 ? 1.3177(7) 0.8026(7) 1.1086(7) 1 0.71(6)
C500_9 1 ? 0.7998(7) -0.0008(8) 0.5149(6) 1 0.205(14)
C501_9 1 ? 0.7438(7) 0.0452(8) 0.4653(6) 1 0.174(9)
C502_9 1 ? 0.7831(6) 0.1216(9) 0.4784(5) 1 0.235(15)
C503_9 1 ? 0.7401(6) 0.1748(9) 0.4532(5) 1 0.253(17)
C504_9 1 ? 0.7880(6) 0.2594(9) 0.4897(6) 1 0.31(2)
C505_9 1 ? 0.7409(6) 0.3066(9) 0.4360(6) 1 0.281(12)
