|?|Lian, Jian-Jou; Chen, Po-Chiang; Lin, Yau-Ping; Ting, Hao-Chun; Liu, Rai-Shung|Gold-catalyzed intramolecular [3 + 2]-cycloaddition of arenyne-yne functionalities.|Journal of the American Chemical Society|2006 128(35) 11372 3
C23 H20 O4
9.8591(14) 10.3245(15) 11.3684(17) 102.549(2) 102.129(2) 117.555(2)
P-1
O1 1 ? 0.78010(18) 0.27696(18) 0.33530(12) 1 0.0808(4)
O2 1 ? 0.68183(16) 0.42824(14) 0.38290(10) 1 0.0661(3)
O3 1 ? 0.41932(12) 0.33016(13) 0.06271(12) 1 0.0648(3)
O4 1 ? 0.41145(12) 0.14827(13) 0.14068(11) 1 0.0615(3)
C1 1 ? 1.06195(14) 0.74589(14) 0.25380(11) 1 0.0358(3)
C2 1 ? 1.21455(14) 0.75007(16) 0.25285(12) 1 0.0397(3)
C3 1 ? 1.37530(15) 0.87470(18) 0.29256(13) 1 0.0493(3)
C4 1 ? 1.49354(16) 0.8413(2) 0.27609(15) 1 0.0583(4)
C5 1 ? 1.45301(18) 0.6899(2) 0.22135(15) 1 0.0621(4)
C6 1 ? 1.29216(18) 0.5642(2) 0.18020(14) 1 0.0531(4)
C7 1 ? 1.17357(15) 0.59566(16) 0.19633(12) 1 0.0418(3)
C8 1 ? 0.99625(15) 0.49213(15) 0.16199(12) 1 0.0397(3)
C9 1 ? 0.89804(17) 0.33683(16) 0.10698(13) 1 0.0474(3)
C10 1 ? 0.71792(17) 0.25524(15) 0.08076(14) 1 0.0467(3)
C11 1 ? 0.67344(14) 0.35316(14) 0.16932(11) 1 0.0373(3)
C12 1 ? 0.75631(14) 0.52330(14) 0.17340(12) 1 0.0361(3)
C13 1 ? 0.93564(14) 0.59369(14) 0.19977(11) 1 0.0355(3)
C14 1 ? 1.05343(14) 0.88509(14) 0.30109(12) 1 0.0372(3)
C15 1 ? 1.17210(17) 1.01068(17) 0.41401(14) 1 0.0508(3)
C16 1 ? 1.1648(2) 1.14197(19) 0.45704(17) 1 0.0648(4)
C17 1 ? 1.0386(2) 1.15094(18) 0.38817(19) 1 0.0658(4)
C18 1 ? 0.92076(17) 1.02869(17) 0.27551(16) 1 0.0534(4)
C19 1 ? 0.92660(15) 0.89638(15) 0.23204(13) 1 0.0418(3)
C20 1 ? 0.72071(17) 0.34663(16) 0.30428(13) 1 0.0468(3)
C21 1 ? 0.7062(3) 0.4185(3) 0.50976(17) 1 0.0928(7)
C22 1 ? 0.48872(15) 0.27968(14) 0.11828(12) 1 0.0401(3)
C23 1 ? 0.23727(19) 0.0742(2) 0.10550(18) 1 0.0683(5)
H3 1 ? 1.3980 0.9849 0.3272 1 0.080
H4 1 ? 1.6125 0.9385 0.3079 1 0.080
H5 1 ? 1.5334 0.6692 0.2065 1 0.080
H6 1 ? 1.2631 0.4567 0.1395 1 0.080
H9 1 ? 0.9492 0.2703 0.0781 1 0.080
H10A 1 ? 0.6839 0.1543 0.0921 1 0.080
H10B 1 ? 0.6626 0.2359 -0.0110 1 0.080
H12A 1 ? 0.7014 0.5191 0.0871 1 0.080
H12B 1 ? 0.7348 0.5888 0.2371 1 0.080
H15 1 ? 1.2609 1.0043 0.4613 1 0.080
H16 1 ? 1.2464 1.2225 0.5358 1 0.080
H17 1 ? 1.0292 1.2391 0.4134 1 0.080
H18 1 ? 0.8295 1.0335 0.2236 1 0.080
H19 1 ? 0.8382 0.8073 0.1469 1 0.080
H21B 1 ? 0.6519 0.3163 0.5072 1 0.080
H21A 1 ? 0.7025 0.4948 0.5649 1 0.080
H23A 1 ? 0.2196 0.1458 0.1533 1 0.080
H23B 1 ? 0.2013 -0.0215 0.1187 1 0.080
H23C 1 ? 0.1851 0.0533 0.0216 1 0.080
H21C 1 ? 0.8478 0.4403 0.5528 1 0.080
