|?|Samec, Joseph S M; Ell, Alida H; Aberg, Jenny B; Privalov, Timofei; Eriksson, Lars; Bäckvall, Jan-E|Mechanistic study of hydrogen transfer to imines from a hydroxycyclopentadienyl ruthenium hydride. Experimental support for a mechanism involving coordination of imine to ruthenium prior to hydrogen transfer.|Journal of the American Chemical Society|2006 128(44) 14293 14305
C102 H90 Cl4 N4 O6 Ru2
23.9275(7) 14.7281(5) 25.8285(7) 90.033(3) 91.522(2) 90.048(3)
P121/a1
Ru1 1 ? 0.286819(9) 0.487950(15) 0.447656(8) 1 0.03468(7)
C11 1 ? 0.27755(14) 0.6035(2) 0.47766(13) 1 0.0487(8)
O11 1 ? 0.27334(14) 0.67312(18) 0.49641(12) 1 0.0828(9)
C12 1 ? 0.35636(14) 0.5291(2) 0.42379(13) 1 0.0474(7)
O12 1 ? 0.39905(10) 0.55294(18) 0.41201(12) 1 0.0733(8)
C101 1 ? 0.23172(12) 0.34814(19) 0.44092(11) 1 0.0386(6)
C102 1 ? 0.22336(11) 0.40199(18) 0.48853(11) 1 0.0355(6)
C103 1 ? 0.27469(11) 0.40626(17) 0.51758(10) 1 0.0332(6)
C104 1 ? 0.31782(11) 0.36475(18) 0.48753(11) 1 0.0350(6)
C105 1 ? 0.29250(11) 0.33399(18) 0.43903(11) 1 0.0347(6)
O111 1 ? 0.19627(9) 0.33198(15) 0.40582(9) 1 0.0483(5)
C121 1 ? 0.16730(12) 0.4321(2) 0.50606(11) 1 0.0407(6)
C122 1 ? 0.12083(14) 0.3797(3) 0.49439(14) 1 0.0572(9)
H122 1 ? 0.1246 0.3261 0.4758 1 0.069
C123 1 ? 0.06821(15) 0.4071(3) 0.51047(18) 1 0.0755(12)
H123 1 ? 0.0369 0.3728 0.5012 1 0.091
C124 1 ? 0.06217(15) 0.4838(3) 0.53976(17) 1 0.0720(12)
H124 1 ? 0.0271 0.5009 0.5510 1 0.086
C125 1 ? 0.10813(16) 0.5348(3) 0.55220(15) 1 0.0617(10)
H125 1 ? 0.1043 0.5875 0.5717 1 0.074
C126 1 ? 0.16063(14) 0.5090(2) 0.53608(14) 1 0.0512(8)
H126 1 ? 0.1917 0.5438 0.5456 1 0.061
C131 1 ? 0.28178(12) 0.4259(2) 0.57367(11) 1 0.0390(6)
C132 1 ? 0.25467(15) 0.3685(2) 0.60783(12) 1 0.0518(8)
H132 1 ? 0.2319 0.3221 0.5948 1 0.062
C133 1 ? 0.26111(18) 0.3795(3) 0.66063(14) 1 0.0662(11)
H133 1 ? 0.2422 0.3414 0.6829 1 0.079
C134 1 ? 0.2956(2) 0.4470(3) 0.68058(15) 1 0.0790(13)
H134 1 ? 0.3011 0.4533 0.7162 1 0.095
C135 1 ? 0.3213(2) 0.5038(3) 0.64734(16) 1 0.0843(15)
H135 1 ? 0.3435 0.5508 0.6605 1 0.101
C136 1 ? 0.31519(16) 0.4930(3) 0.59429(14) 1 0.0599(10)
H136 1 ? 0.3340 0.5319 0.5723 1 0.072
C141 1 ? 0.37396(12) 0.3395(2) 0.50814(12) 1 0.0412(7)
C142 1 ? 0.38428(14) 0.2489(2) 0.51790(14) 1 0.0552(9)
H142 1 ? 0.3570 0.2059 0.5095 1 0.066
C143 1 ? 0.43475(19) 0.2210(3) 0.54002(18) 1 0.0787(13)
H143 1 ? 0.4412 0.1599 0.5470 1 0.094
C144 1 ? 0.4753(2) 0.2850(4) 0.5515(2) 1 0.0912(15)
H144 1 ? 0.5095 0.2666 0.5660 1 0.109
C145 1 ? 0.46623(18) 0.3734(4) 0.5421(2) 1 0.0878(15)
H145 1 ? 0.4940 0.4157 0.5502 1 0.105
C146 1 ? 0.41544(16) 0.4020(3) 0.52042(16) 1 0.0659(10)
H146 1 ? 0.4093 0.4634 0.5141 1 0.079
C151 1 ? 0.31960(13) 0.27890(19) 0.39881(11) 1 0.0407(7)
C152 1 ? 0.37437(15) 0.2945(2) 0.38422(13) 1 0.0537(8)
H152 1 ? 0.3949 0.3414 0.3996 1 0.064
C153 1 ? 0.39872(19) 0.2404(3) 0.34674(16) 1 0.0742(12)
H153 1 ? 0.4352 0.2516 0.3369 1 0.089
C154 1 ? 0.3687(2) 0.1704(3) 0.32431(17) 1 0.0854(15)
H154 1 ? 0.3848 0.1345 0.2992 1 0.103
C155 1 ? 0.3148(2) 0.1534(3) 0.33891(15) 1 0.0725(12)
H155 1 ? 0.2949 0.1055 0.3239 1 0.087
C156 1 ? 0.29010(16) 0.2072(2) 0.37589(12) 1 0.0527(8)
H156 1 ? 0.2536 0.1953 0.3854 1 0.063
N160 1 ? 0.22948(11) 0.51234(17) 0.37919(9) 1 0.0439(6)
C161 1 ? 0.25133(14) 0.5294(2) 0.32574(12) 1 0.0456(7)
H161 1 ? 0.2197 0.5255 0.3009 1 0.055
C162 1 ? 0.29295(15) 0.4543(2) 0.31266(12) 1 0.0507(8)
H16A 1 ? 0.3246 0.4565 0.3369 1 0.061
H16B 1 ? 0.2751 0.3955 0.3160 1 0.061
C163 1 ? 0.31351(18) 0.4656(3) 0.25756(14) 1 0.0628(10)
H16C 1 ? 0.3407 0.4187 0.2506 1 0.075
H16D 1 ? 0.2823 0.4579 0.2332 1 0.075
C164 1 ? 0.33990(16) 0.5580(3) 0.24920(12) 1 0.0590(9)
H164 1 ? 0.3735 0.5629 0.2715 1 0.071
C165 1 ? 0.29878(17) 0.6328(3) 0.26434(14) 1 0.0626(10)
H16E 1 ? 0.3168 0.6914 0.2610 1 0.075
H16F 1 ? 0.2668 0.6315 0.2405 1 0.075
C166 1 ? 0.27843(17) 0.6223(2) 0.31978(13) 1 0.0557(9)
H16G 1 ? 0.3097 0.6283 0.3442 1 0.067
H16H 1 ? 0.2516 0.6696 0.3271 1 0.067
N167 1 ? 0.35616(16) 0.5628(2) 0.19592(12) 1 0.0827(12)
H167 1 ? 0.3424 0.5234 0.1746 1 0.099
C168 1 ? 0.39254(16) 0.6269(3) 0.17695(14) 1 0.0614(10)
C169 1 ? 0.39494(16) 0.6378(3) 0.12307(14) 1 0.0604(9)
H169 1 ? 0.3713 0.6034 0.1016 1 0.072
C170 1 ? 0.43084(18) 0.6971(3) 0.10152(18) 1 0.0713(11)
H170 1 ? 0.4318 0.7034 0.0657 1 0.086
C171 1 ? 0.46657(19) 0.7490(3) 0.1337(2) 1 0.0880(14)
H171 1 ? 0.4922 0.7886 0.1192 1 0.106
C172 1 ? 0.46370(19) 0.7414(3) 0.1858(2) 1 0.0870(14)
H172 1 ? 0.4865 0.7776 0.2069 1 0.104
C173 1 ? 0.42742(18) 0.6804(3) 0.20798(17) 1 0.0756(12)
H173 1 ? 0.4264 0.6754 0.2438 1 0.091
C174 1 ? 0.18285(15) 0.5761(3) 0.39206(13) 1 0.0591(9)
H17A 1 ? 0.1719 0.5644 0.4273 1 0.071
H17B 1 ? 0.1970 0.6378 0.3908 1 0.071
C175 1 ? 0.13226(19) 0.5698(4) 0.35749(16) 1 0.0844(15)
C176 1 ? 0.1124(3) 0.6485(6) 0.3324(2) 1 0.137(3)
H176 1 ? 0.1308 0.7040 0.3353 1 0.164
C177 1 ? 0.0604(4) 0.6366(11) 0.3013(3) 1 0.216(7)
H177 1 ? 0.0454 0.6860 0.2834 1 0.259
C178 1 ? 0.0339(4) 0.5552(14) 0.2982(5) 1 0.233(9)
H178 1 ? 0.0000 0.5505 0.2799 1 0.279
C179 1 ? 0.0545(3) 0.4863(9) 0.3198(4) 1 0.192(5)
H179 1 ? 0.0377 0.4300 0.3144 1 0.231
C180 1 ? 0.1023(2) 0.4926(5) 0.3517(3) 1 0.113(2)
H180 1 ? 0.1140 0.4412 0.3698 1 0.135
Ru2 1 ? 0.205539(10) 0.332993(17) 0.049090(9) 1 0.04044(8)
C21 1 ? 0.13267(15) 0.2964(2) 0.06718(15) 1 0.0570(9)
O21 1 ? 0.08807(11) 0.2768(2) 0.07560(13) 1 0.0862(9)
C22 1 ? 0.21418(15) 0.2211(2) 0.01469(14) 1 0.0545(8)
O22 1 ? 0.21762(14) 0.15474(18) -0.00788(12) 1 0.0862(10)
C201 1 ? 0.26244(13) 0.46719(19) 0.06551(12) 1 0.0400(6)
C202 1 ? 0.20231(13) 0.4853(2) 0.06186(12) 1 0.0417(7)
C203 1 ? 0.18191(13) 0.4613(2) 0.01077(12) 1 0.0422(7)
C204 1 ? 0.22767(13) 0.4210(2) -0.01658(11) 1 0.0424(7)
C205 1 ? 0.27555(13) 0.4171(2) 0.01780(11) 1 0.0410(7)
O211 1 ? 0.29415(9) 0.47817(14) 0.10449(8) 1 0.0478(5)
C221 1 ? 0.17214(13) 0.5403(2) 0.09991(12) 1 0.0436(7)
C222 1 ? 0.19939(16) 0.6136(2) 0.12388(13) 1 0.0551(8)
H222 1 ? 0.2364 0.6262 0.1163 1 0.066
C223 1 ? 0.1717(2) 0.6679(3) 0.15905(16) 1 0.0731(12)
H223 1 ? 0.1902 0.7169 0.1746 1 0.088
C224 1 ? 0.1171(2) 0.6493(3) 0.17092(17) 1 0.0787(13)
H224 1 ? 0.0986 0.6858 0.1943 1 0.094
C225 1 ? 0.09038(17) 0.5772(3) 0.14820(15) 1 0.0674(11)
H225 1 ? 0.0537 0.5642 0.1567 1 0.081
C226 1 ? 0.11710(15) 0.5235(2) 0.11272(14) 1 0.0556(9)
H226 1 ? 0.0979 0.4753 0.0972 1 0.067
C231 1 ? 0.12846(14) 0.4922(2) -0.01400(12) 1 0.0467(7)
C232 1 ? 0.12145(16) 0.5845(3) -0.02076(15) 1 0.0608(9)
H232 1 ? 0.1490 0.6239 -0.0082 1 0.073
C233 1 ? 0.0741(2) 0.6200(3) -0.04586(18) 1 0.0784(12)
H233 1 ? 0.0706 0.6823 -0.0507 1 0.094
C234 1 ? 0.0323(2) 0.5621(4) -0.06350(18) 1 0.0786(12)
H234 1 ? 0.0004 0.5851 -0.0801 1 0.094
C235 1 ? 0.0383(2) 0.4704(4) -0.0563(2) 1 0.0876(14)
H235 1 ? 0.0103 0.4312 -0.0681 1 0.105
C236 1 ? 0.08589(18) 0.4354(3) -0.03142(17) 1 0.0708(11)
H236 1 ? 0.0891 0.3731 -0.0265 1 0.085
C241 1 ? 0.22768(13) 0.4048(2) -0.07348(11) 1 0.0446(7)
C242 1 ? 0.19233(17) 0.3458(3) -0.09901(13) 1 0.0613(10)
H242 1 ? 0.1672 0.3114 -0.0803 1 0.074
C243 1 ? 0.1936(2) 0.3367(3) -0.15260(15) 1 0.0773(13)
H243 1 ? 0.1685 0.2977 -0.1695 1 0.093
C244 1 ? 0.2312(2) 0.3843(3) -0.18064(14) 1 0.0748(12)
H244 1 ? 0.2325 0.3766 -0.2163 1 0.090
C245 1 ? 0.26725(18) 0.4439(3) -0.15566(15) 1 0.0671(11)
H245 1 ? 0.2928 0.4769 -0.1746 1 0.080
C246 1 ? 0.26554(16) 0.4548(2) -0.10214(13) 1 0.0557(9)
H246 1 ? 0.2897 0.4955 -0.0855 1 0.067
C251 1 ? 0.33274(13) 0.3871(2) 0.00437(13) 1 0.0493(8)
C252 1 ? 0.34196(15) 0.3174(2) -0.03010(14) 1 0.0542(8)
H252 1 ? 0.3117 0.2864 -0.0450 1 0.065
C253 1 ? 0.39555(19) 0.2932(3) -0.04271(17) 1 0.0776(12)
H253 1 ? 0.4011 0.2455 -0.0656 1 0.093
C254 1 ? 0.4400(2) 0.3379(4) -0.0223(2) 1 0.1055(19)
H254 1 ? 0.4759 0.3211 -0.0313 1 0.127
C255 1 ? 0.43266(19) 0.4077(4) 0.0117(2) 1 0.1078(19)
H255 1 ? 0.4635 0.4385 0.0258 1 0.129
C256 1 ? 0.37846(16) 0.4328(3) 0.02540(18) 1 0.0808(14)
H256 1 ? 0.3733 0.4802 0.0486 1 0.097
N260 1 ? 0.25589(11) 0.29519(18) 0.12056(10) 1 0.0460(6)
C261 1 ? 0.23049(14) 0.2793(2) 0.17235(12) 1 0.0478(7)
H261 1 ? 0.2611 0.2793 0.1983 1 0.057
C262 1 ? 0.19208(15) 0.3577(2) 0.18531(13) 1 0.0509(8)
H26A 1 ? 0.2122 0.4146 0.1818 1 0.061
H26B 1 ? 0.1605 0.3585 0.1610 1 0.061
C263 1 ? 0.17097(17) 0.3497(2) 0.24003(13) 1 0.0589(9)
H26C 1 ? 0.1452 0.3989 0.2465 1 0.071
H26D 1 ? 0.2022 0.3552 0.2645 1 0.071
C264 1 ? 0.14157(15) 0.2593(2) 0.24839(13) 1 0.0541(8)
H264 1 ? 0.1076 0.2576 0.2263 1 0.065
C265 1 ? 0.17914(17) 0.1804(2) 0.23329(15) 1 0.0608(10)
H26E 1 ? 0.1586 0.1239 0.2362 1 0.073
H26F 1 ? 0.2111 0.1777 0.2571 1 0.073
C266 1 ? 0.19991(17) 0.1901(2) 0.17737(14) 1 0.0590(9)
H26G 1 ? 0.2248 0.1403 0.1695 1 0.071
H26H 1 ? 0.1684 0.1882 0.1530 1 0.071
N267 1 ? 0.12531(15) 0.2547(2) 0.30229(12) 1 0.0780(11)
H267 1 ? 0.1419 0.2910 0.3238 1 0.094
C268 1 ? 0.08601(17) 0.1976(3) 0.32143(16) 1 0.0652(10)
C269 1 ? 0.05197(17) 0.1427(3) 0.2894(2) 1 0.0767(12)
H269 1 ? 0.0550 0.1449 0.2535 1 0.092
C270 1 ? 0.0134(2) 0.0847(4) 0.3121(3) 1 0.109(2)
H270 1 ? -0.0088 0.0469 0.2913 1 0.130
C271 1 ? 0.0080(3) 0.0830(5) 0.3658(4) 1 0.131(3)
H271 1 ? -0.0185 0.0455 0.3805 1 0.157
C272 1 ? 0.0419(3) 0.1371(5) 0.3969(3) 1 0.121(2)
H272 1 ? 0.0387 0.1354 0.4327 1 0.145
C273 1 ? 0.0801(2) 0.1928(3) 0.37509(19) 1 0.0899(15)
H273 1 ? 0.1028 0.2287 0.3965 1 0.108
C274 1 ? 0.29858(15) 0.2238(2) 0.10799(13) 1 0.0545(8)
H27A 1 ? 0.2799 0.1653 0.1064 1 0.065
H27B 1 ? 0.3124 0.2363 0.0738 1 0.065
C275 1 ? 0.34783(16) 0.2161(3) 0.14496(14) 1 0.0608(10)
C276 1 ? 0.3651(2) 0.1320(3) 0.16362(16) 1 0.0798(13)
H276 1 ? 0.3431 0.0813 0.1562 1 0.096
C277 1 ? 0.4132(3) 0.1216(5) 0.1925(2) 1 0.109(2)
H277 1 ? 0.4240 0.0642 0.2040 1 0.131
C278 1 ? 0.4454(3) 0.1948(7) 0.2043(2) 1 0.123(2)
H278 1 ? 0.4786 0.1874 0.2234 1 0.147
C279 1 ? 0.38121(19) 0.2910(4) 0.15797(19) 1 0.0861(13)
H279 1 ? 0.3709 0.3484 0.1461 1 0.103
C280 1 ? 0.4291(2) 0.2812(6) 0.1882(2) 1 0.115(2)
H280 1 ? 0.4503 0.3317 0.1977 1 0.138
Cl1 1 ? 0.12061(7) 0.40691(12) -0.27733(7) 1 0.1252(5)
Cl2 1 ? 0.39498(8) 0.77581(13) 0.35870(8) 1 0.1408(6)
Cl3 1 ? 0.41303(13) 0.4200(2) 0.78680(15) 1 0.2341(14)
Cl4 1 ? 0.06553(17) 0.0519(2) 0.13200(16) 1 0.2731(18)
C301 1 ? 0.1054(3) 0.3882(4) -0.3423(2) 1 0.120(2)
H30A 1 ? 0.0691 0.4140 -0.3509 1 0.143
H30B 1 ? 0.1329 0.4195 -0.3627 1 0.143
C401 1 ? 0.0551(7) -0.0519(10) 0.1529(4) 1 0.349(11)
H40A 1 ? 0.0685 -0.0940 0.1271 1 0.419
H40B 1 ? 0.0151 -0.0613 0.1553 1 0.419
