||||Inorganic Chemistry|2000
C9 H27 O9 P3 Ru S5
14.231(10) 14.227(9) 10.24(1) 90.07(9) 90.15(9) 120.04(3)
P31
Ru ? ? 0.33488(6) 0.33704(6) 0.00084(10) 1.00 0.0291(2)
S(1) ? ? 0.1826(2) 0.2272(3) -0.1476(3) 1.00 0.0676(9)
S(2) ? ? 0.2450(3) 0.2601(3) -0.3261(3) 1.00 0.110(1)
S(3) ? ? 0.3244(4) 0.4269(4) -0.3328(3) 1.00 0.123(1)
S(4) ? ? 0.4210(3) 0.4689(3) -0.1693(3) 1.00 0.0962(10)
S(5) ? ? 0.4592(3) 0.3374(3) -0.1695(3) 1.00 0.089(1)
P(1) ? ? 0.4829(2) 0.4319(2) 0.1266(2) 1.00 0.0403(7)
P(2) ? ? 0.2349(2) 0.3898(2) 0.1135(2) 1.00 0.0291(6)
P(3) ? ? 0.2790(2) 0.1850(2) 0.1158(3) 1.00 0.0394(6)
O(1) ? ? 0.5787(4) 0.5441(5) 0.0809(7) 1.00 0.055(2)
O(2) ? ? 0.4586(5) 0.4542(6) 0.2757(6) 1.00 0.062(2)
O(3) ? ? 0.5514(4) 0.3714(5) 0.1436(7) 1.00 0.054(2)
O(4) ? ? 0.2861(5) 0.5199(5) 0.1246(6) 1.00 0.049(2)
O(5) ? ? 0.2204(5) 0.3597(5) 0.2651(5) 1.00 0.047(2)
O(6) ? ? 0.1167(4) 0.3589(4) 0.0653(6) 1.00 0.044(2)
O(7) ? ? 0.3204(6) 0.2007(6) 0.2636(7) 1.00 0.070(2)
O(8) ? ? 0.1509(5) 0.1129(5) 0.1358(7) 1.00 0.053(2)
O(9) ? ? 0.3022(5) 0.0953(5) 0.0634(7) 1.00 0.060(2)
C(1) ? ? 0.5659(8) 0.6419(7) 0.073(1) 1.00 0.058(3)
C(2) ? ? 0.5284(9) 0.4815(10) 0.385(1) 1.00 0.086(4)
C(3) ? ? 0.6583(8) 0.4083(9) 0.116(1) 1.00 0.094(4)
C(4) ? ? 0.274(1) 0.5813(9) 0.024(1) 1.00 0.l09(5)
C(5) ? ? 0.1780(7) 0.4023(8) 0.3578(9) 1.00 0.054(3)
C(6) ? ? 0.0224(7) 0.2462(8) 0.070(1) 1.00 0.060(3)
C(7) ? ? 0.283(1) 0.140(1) 0.368(1) 1.00 0.113(5)
C(8) ? ? 0.081(1) 0.0019(9) 0.107(1) 1.00 0.109(5)
C(9) ? ? 0.4140(9) 0.1204(10) 0.055(1) 1.00 0.097(5)
