boracalix[3]arene_1b||Victor Barba||Inorganic Chemistry|2006
C60 H48 B3 I6 N3 O6
15.4284(11) 15.4284(11) 15.8947(16) 90.00 90.00 120.00
P-3
I1 1 ? 0.89932(8) 0.06098(8) 0.13600(7) 1 0.0617(4)
I2 1 ? 0.51360(11) -0.18257(11) -0.04676(8) 1 0.0884(5)
O1 1 ? 0.7550(6) 0.1132(6) 0.2391(6) 1 0.043(2)
N1 1 ? 0.5987(8) 0.1005(8) 0.2929(6) 1 0.039(3)
O2 1 ? 0.6864(8) 0.0381(7) 0.3740(6) 1 0.057(3)
C9 1 ? 0.5052(8) 0.1919(8) 0.3108(7) 1 0.029(3)
H9 1 ? 0.5108 0.2038 0.2532 1 0.035
C8 1 ? 0.5477(10) 0.1391(9) 0.3452(8) 1 0.040(3)
C3 1 ? 0.7488(11) 0.0180(11) 0.1207(9) 1 0.053(4)
C6 1 ? 0.5487(12) -0.0447(12) 0.1010(8) 1 0.054(4)
H6 1 ? 0.4817 -0.0640 0.0932 1 0.064
C1 1 ? 0.5998(10) 0.0164(11) 0.1661(7) 1 0.042(3)
C10 1 ? 0.4552(9) 0.2272(9) 0.3587(7) 1 0.036(3)
C4 1 ? 0.6938(12) -0.0481(11) 0.0561(9) 1 0.057(4)
H4 1 ? 0.7242 -0.0717 0.0194 1 0.068
C2 1 ? 0.7031(10) 0.0511(10) 0.1780(8) 1 0.041(3)
B1 1 ? 0.7100(12) 0.1192(11) 0.3193(10) 1 0.041(4)
C5 1 ? 0.5933(12) -0.0782(11) 0.0472(10) 1 0.059(4)
C11 1 ? 0.4449(12) 0.2022(12) 0.4427(9) 1 0.060(4)
H11 1 ? 0.4088 0.2220 0.4765 1 0.071
C12 1 ? 0.4862(12) 0.1482(13) 0.4801(9) 1 0.064(5)
H12 1 ? 0.4787 0.1339 0.5374 1 0.077
C7 1 ? 0.5547(10) 0.0526(9) 0.2268(8) 1 0.040(3)
H7 1 ? 0.4901 0.0400 0.2166 1 0.048
C13 1 ? 0.5381(11) 0.1172(11) 0.4294(9) 1 0.051(4)
H13 1 ? 0.5664 0.0815 0.4523 1 0.061
C15 1 ? 0.271(2) 0.896(4) 0.192(2) 1 0.17(2)
H24 1 ? 0.2568 0.9135 0.1399 1 0.205
C16 1 ? 0.288(3) 0.821(3) 0.199(3) 1 0.17(2)
H25 1 ? 0.2765 0.7757 0.1558 1 0.208
C17 1 ? 0.2729(18) 0.951(2) 0.264(3) 1 0.142(14)
H26 1 ? 0.2528 0.9989 0.2627 1 0.171
C18 1 ? 0.3315(19) 0.868(3) 0.3382(19) 1 0.119(9)
H27 1 ? 0.3568 0.8588 0.3885 1 0.143
C19 1 ? 0.305(2) 0.9308(19) 0.333(2) 1 0.121(10)
H28 1 ? 0.3086 0.9661 0.3818 1 0.145
C20 1 ? 0.324(3) 0.816(2) 0.275(3) 1 0.148(11)
H29 1 ? 0.3454 0.7693 0.2817 1 0.178
C14 1 ? 0.733(3) -0.005(3) 0.382(2) 1 0.26(3)
H30A 1 ? 0.6877 -0.0758 0.3778 1 0.396
H30B 1 ? 0.7656 0.0108 0.4352 1 0.396
H30C 1 ? 0.7817 0.0156 0.3376 1 0.396
