||Takumi Konno||Inorganic Chemistry|2000
C18 H44 Ag3 Co2 F18 N8 O P3 S6
13.012(1) 13.0115 24.707(2) 90 90 90
I-42m
Co1 ? ? -0.6923(1) 0.3077 0.3617(1) 0.50 0.0323(4)
Ag1 ? ? -0.5795(1) 0.5795 0.39746(9) 0.50 0.0585(3)
Ag2 ? ? -0.5000 0.5000 0.2929(1) 0.25 0.0532(4)
S1 ? ? -0.6859(7) 0.4336(6) 0.4254(3) 0.50 0.043(2)
S2 ? ? -0.6696(6) 0.4256(6) 0.2960(3) 0.50 0.038(2)
S3 ? ? -0.5260(6) 0.2804(6) 0.3686(3) 0.50 0.042(2)
P1 ? ? -0.1986(4) 0.1986 0.4252(2) 0.50 0.0536(9)
P2 ? ? 0.5000 0.0000 0.7500 0.25 0.099(3)
F11 ? ? -0.122(1) 0.1217 0.4001(9) 0.50 0.109(4)
F12 ? ? -0.236(1) 0.116(1) 0.4641(5) 1.00 0.125(6)
F13 ? ? -0.280(1) 0.164(2) 0.3848(6) 1.00 0.159(8)
F14 ? ? -0.277(1) 0.2768 0.4536(9) 0.50 0.111(5)
F21 ? ? 0.5000 0.0000 0.688(2) 0.50 0.33(2)
F22 ? ? 0.622(2) 0.024(3) 0.737(1) 1.00 0.33(1)
O1 ? ? -0.5000 0.5000 0.1857(8) 0.25 0.050(3)
N1 ? ? -0.847(2) 0.335(2) 0.3579(10) 0.50 0.036(6)
N2 ? ? -0.711(2) 0.203(2) 0.3022(9) 0.50 0.043(7)
N3 ? ? -0.717(2) 0.203(2) 0.4187(10) 0.50 0.038(7)
N4 ? ? -0.854(1) 0.1456 0.3596(10) 0.50 0.058(4)
C1 ? ? -0.813(2) 0.477(2) 0.4226(9) 1.00 0.081(7)
C2 ? ? -0.875(2) 0.384(2) 0.4160(10) 1.00 0.090(8)
C3 ? ? -0.664(2) 0.3360 0.2400(9) 0.50 0.069(4)
C4 ? ? -0.742(2) 0.2578 0.245(1) 0.50 0.076(4)
C5 ? ? -0.915(2) 0.241(3) 0.349(2) 0.50 0.07(1)
C6 ? ? -0.782(4) 0.121(3) 0.310(2) 0.50 0.08(2)
C7 ? ? -0.813(3) 0.132(2) 0.412(1) 0.50 0.06(1)
