|?|Anastasia N. Georgopoulou; Catherine P. Raptopoulou; Vassilis Psycharis; Rafael Ballesteros; Belén Abarca; Athanassios K. Boudalis|Ferromagnetic CuII4, CoII4, and NiII6 Azido Complexes Derived from Metal-Assisted Methanolysis of Di-2,6-(2-pyridylcarbonyl)pyridine|Inorganic Chemistry|2009 48 3167 3176
C38.5 H36 Co4 N14 O14.5
11.3290(2) 13.9776(2) 15.1100(3) 90.00 100.2780(10) 90.00
I12/m1
Co1 2 ? 0.18806(6) 0.0000 0.11993(4) 1 0.0147(2)
Co2 2 ? 0.0000 0.12603(5) 0.0000 1 0.0143(2)
O1 1 ? -0.17150(18) 0.13988(16) -0.07372(14) 1 0.0159(5)
O2 1 ? -0.35753(19) 0.21447(17) -0.07676(15) 1 0.0230(5)
N1 1 ? -0.0780(2) 0.2227(2) 0.07855(17) 1 0.0201(6)
N2 2 ? -0.2753(3) 0.0000 -0.0124(2) 1 0.0162(8)
C1 1 ? -0.0195(3) 0.2751(3) 0.1467(3) 1 0.0320(9)
C2 1 ? -0.0767(4) 0.3409(4) 0.1920(3) 1 0.0475(13)
C3 1 ? -0.1970(4) 0.3545(3) 0.1659(3) 1 0.0441(11)
C4 1 ? -0.2592(3) 0.3023(3) 0.0937(3) 1 0.0322(9)
C5 1 ? -0.1963(3) 0.2360(2) 0.0524(2) 1 0.0197(7)
C6 1 ? -0.2561(3) 0.1695(2) -0.0238(2) 1 0.0167(7)
C7 1 ? -0.3091(2) 0.0832(2) 0.0178(2) 1 0.0160(7)
C8 1 ? -0.3854(3) 0.0859(3) 0.0807(2) 1 0.0192(7)
C9 2 ? -0.4238(4) 0.0000 0.1106(3) 1 0.0219(10)
C10 1 ? -0.3283(4) 0.2922(3) -0.1306(3) 1 0.0358(9)
N11 2 ? 0.2924(4) 0.0000 0.2846(3) 1 0.0258(9)
O11 2 ? 0.3514(3) 0.0000 0.2204(2) 1 0.0373(10)
O12 2 ? 0.1790(3) 0.0000 0.2595(2) 1 0.0358(9)
O13 2 ? 0.3404(4) 0.0000 0.3626(2) 1 0.0438(10)
N21 2 ? -0.0080(3) 0.0000 0.0876(2) 1 0.0162(8)
N22 2 ? -0.0609(3) 0.0000 0.1528(3) 1 0.0226(9)
N23 2 ? -0.1114(4) 0.0000 0.2107(3) 1 0.0428(13)
OM 2 ? -0.476(2) 0.5000 -0.016(2) 0.25 0.074(7)
CM 2 ? -0.533(2) 0.5000 -0.090(2) 0.25 0.076(11)
H1 1 ? 0.067(4) 0.269(3) 0.154(3) 1 0.053(14)
H2 1 ? -0.046(5) 0.376(4) 0.228(4) 1 0.08(2)
H3 1 ? -0.230(4) 0.399(3) 0.194(3) 1 0.046(13)
H4 1 ? -0.347(4) 0.306(4) 0.076(3) 1 0.054(14)
H8 1 ? -0.410(3) 0.143(2) 0.100(2) 1 0.006(7)
H9 2 ? -0.485(6) 0.0000 0.153(4) 1 0.046(18)
H10A 1 ? -0.284(4) 0.266(3) -0.177(3) 1 0.038(12)
H10B 1 ? -0.405(5) 0.319(4) -0.155(3) 1 0.058(15)
H10C 1 ? -0.278(4) 0.335(3) -0.098(3) 1 0.029(11)
