|?|Anurag Mishra; Afsar Ali; Shailesh Upreti; M. Stanley Whittingham; Rajeev Gupta|Cobalt Complex as Building Blocks: Synthesis, Characterization, and Catalytic Applications of {Cd2±Co3±Cd2+} and {Hg2±Co3±Hg2+} Heterobimetallic Complexes|Journal of Organic Chemistry|2009 74 5234 5243
C38 H34 Co Hg2 N13 O15 S2
19.2666(19) 19.0545(18) 25.546(3) 90.00 90.00 90.00
Pbca
Hg1 1 ? 0.70283(4) 0.28147(4) 0.49251(3) 1 0.0525(2)
Hg2 1 ? 0.57111(4) 0.42737(4) 0.77192(3) 1 0.0447(2)
Co1 1 ? 0.63403(10) 0.36212(10) 0.62901(8) 1 0.0244(4)
O1 1 ? 0.8070(6) 0.2464(7) 0.6099(6) 1 0.057(4)
O2 1 ? 0.4671(6) 0.2816(6) 0.7012(5) 1 0.048(3)
O3 1 ? 0.5413(8) 0.3851(7) 0.4889(5) 1 0.061(4)
O4 1 ? 0.7297(6) 0.5252(6) 0.6966(5) 1 0.048(3)
N1 1 ? 0.7656(8) 0.3678(8) 0.5195(6) 1 0.046(4)
N2 1 ? 0.7268(6) 0.3351(7) 0.6031(5) 1 0.031(3)
N3 1 ? 0.6381(7) 0.2725(6) 0.6576(5) 1 0.028(3)
N4 1 ? 0.5441(6) 0.3605(7) 0.6649(5) 1 0.029(3)
N5 1 ? 0.4971(6) 0.4537(7) 0.7122(5) 1 0.033(3)
N6 1 ? 0.6103(7) 0.2298(7) 0.5210(5) 1 0.037(3)
N7 1 ? 0.5881(6) 0.3356(7) 0.5623(5) 1 0.031(3)
N8 1 ? 0.6291(6) 0.4506(6) 0.5986(5) 1 0.024(3)
N9 1 ? 0.6791(6) 0.4171(6) 0.6855(4) 1 0.022(3)
N10 1 ? 0.6745(7) 0.3834(8) 0.7732(5) 1 0.038(3)
C1 1 ? 0.8032(11) 0.4084(11) 0.4879(8) 1 0.064(6)
H1 1 ? 0.8014 0.3994 0.4522 1 0.077
C2 1 ? 0.8439(12) 0.4617(12) 0.5046(9) 1 0.068(6)
H2 1 ? 0.8674 0.4901 0.4809 1 0.081
C3 1 ? 0.8493(11) 0.4725(12) 0.5576(10) 1 0.070(7)
H3 1 ? 0.8785 0.5073 0.5706 1 0.084
C4 1 ? 0.8115(9) 0.4319(11) 0.5909(9) 1 0.057(6)
H4 1 ? 0.8140 0.4395 0.6269 1 0.069
C5 1 ? 0.7688(8) 0.3787(8) 0.5709(7) 1 0.035(4)
C6 1 ? 0.7501(9) 0.2737(9) 0.6200(6) 1 0.036(4)
C7 1 ? 0.6946(9) 0.2340(9) 0.6491(7) 1 0.040(4)
C8 1 ? 0.6987(11) 0.1683(10) 0.6687(10) 1 0.048(8)
H8 1 ? 0.7397 0.1427 0.6663 1 0.084
C9 1 ? 0.6410(11) 0.1400(11) 0.6921(11) 1 0.084(8)
H9 1 ? 0.6415 0.0934 0.7030 1 0.093
C10 1 ? 0.5815(11) 0.1807(12) 0.6998(10) 1 0.076(8)
H10 1 ? 0.5426 0.1628 0.7167 1 0.091
C11 1 ? 0.5828(8) 0.2477(9) 0.6814(6) 1 0.035(4)
C12 1 ? 0.5238(8) 0.2982(9) 0.6841(7) 1 0.034(4)
C13 1 ? 0.4958(7) 0.4181(8) 0.6682(6) 1 0.026(3)
C14 1 ? 0.4521(9) 0.4353(9) 0.6270(7) 1 0.042(4)
H14 1 ? 0.4520 0.4086 0.5965 1 0.050
C15 1 ? 0.4098(11) 0.4915(13) 0.6318(8) 1 0.068(7)
H15 1 ? 0.3796 0.5034 0.6048 1 0.082
C16 1 ? 0.4115(10) 0.5298(12) 0.6752(10) 1 0.035(4
H16 1 ? 0.3838 0.5695 0.6784 1 0.085
C17 1 ? 0.4540(10) 0.5104(12) 0.7149(8) 1 0.039(4
H17 1 ? 0.4539 0.5371 0.7454 1 0.074
C18 1 ? 0.5891(11) 0.1632(10) 0.5076(8) 1 0.055(5)
H18 1 ? 0.6201 0.1353 0.4891 1 0.066
C19 1 ? 0.5271(10) 0.1360(10) 0.5195(9) 1 0.056(6)
H19 1 ? 0.5147 0.0906 0.5098 1 0.067
C20 1 ? 0.4840(12) 0.1781(13) 0.5460(9) 1 0.071(7)
H20 1 ? 0.4403 0.1608 0.5547 1 0.085
C21 1 ? 0.5001(10) 0.2449(11) 0.5612(8) 1 0.054(5)
H21 1 ? 0.4688 0.2727 0.5796 1 0.065
C22 1 ? 0.5658(8) 0.2691(10) 0.5479(6) 1 0.039(4)
C23 1 ? 0.5722(8) 0.3887(9) 0.5310(6) 1 0.035(4)
C24 1 ? 0.5967(8) 0.4579(9) 0.5521(6) 1 0.033(4)
C25 1 ? 0.5911(9) 0.5221(9) 0.5305(7) 1 0.042(4)
H25 1 ? 0.5704 0.5273 0.4978 1 0.051
C26 1 ? 0.6160(10) 0.5808(10) 0.5569(8) 1 0.054(5)
H26 1 ? 0.6099 0.6255 0.5430 1 0.065
C27 1 ? 0.6495(9) 0.5717(9) 0.6033(8) 1 0.046(5)
H27 1 ? 0.6676 0.6101 0.6212 1 0.055
C28 1 ? 0.6565(8) 0.5054(9) 0.6236(7) 1 0.037(4)
C29 1 ? 0.6933(8) 0.4847(8) 0.6730(6) 1 0.031(4)
C30 1 ? 0.7140(7) 0.3877(8) 0.7296(6) 1 0.031(4)
C31 1 ? 0.7821(9) 0.3681(11) 0.7292(8) 1 0.055(5)
H31 1 ? 0.8087 0.3729 0.6990 1 0.065
C32 1 ? 0.8107(10) 0.3411(13) 0.7744(8) 1 0.066(6)
H32 1 ? 0.8572 0.3283 0.7749 1 0.079
C33 1 ? 0.7720(10) 0.3332(11) 0.8173(8) 1 0.056(6)
H33 1 ? 0.7905 0.3136 0.8476 1 0.067
C34 1 ? 0.7046(10) 0.3550(11) 0.8155(7) 1 0.049(5)
H34 1 ? 0.6778 0.3497 0.8455 1 0.059
S1 1 ? 0.4659(3) 0.2978(3) 0.8299(2) 1 0.0662(16)
S2 1 ? 0.6563(4) 0.6033(4) 0.7871(4) 1 0.100(3)
O1S 1 ? 0.7554(12) 0.1641(13) 0.4855(9) 1 0.093(6)
O2S 1 ? 0.8146(11) 0.2410(15) 0.4462(9) 1 0.088(7)
O3S 1 ? 0.8461(11) 0.1378(14) 0.4432(8) 1 0.134(10)
O4S 1 ? 0.6548(10) 0.2532(10) 0.4064(7) 1 0.079(6)
O5S 1 ? 0.6937(11) 0.3539(12) 0.4075(8) 1 0.078(7)
O6S 1 ? 0.6593(11) 0.3130(9) 0.3351(6) 1 0.095(6)
O7S 1 ? 0.5350(8) 0.3170(9) 0.8090(7) 1 0.081(5)
O8S 1 ? 0.5969(9) 0.5579(7) 0.7685(7) 1 0.078(5)
O9S 1 ? 0.4837(10) 0.4754(10) 0.8425(7) 1 0.071(5)
O10S 1 ? 0.5859(8) 0.4553(10) 0.8680(7) 1 0.078(6)
O11S 1 ? 0.5145(9) 0.4989(11) 0.9206(7) 1 0.098(6)
N1S 1 ? 0.8037(13) 0.1803(15) 0.4598(8) 1 0.084(8)
N2S 1 ? 0.6680(10) 0.3065(10) 0.3815(8) 1 0.063(5)
N3S 1 ? 0.5276(10) 0.4774(11) 0.8772(8) 1 0.065(5)
C1S 1 ? 0.4599(15) 0.2077(15) 0.8240(12) 1 0.107(11)
H1S1 1 ? 0.4550 0.1954 0.7877 1 0.110
H1S2 1 ? 0.4203 0.1912 0.8431 1 0.110
H1S3 1 ? 0.5012 0.1864 0.8378 1 0.110
C2S 1 ? 0.4731(13) 0.2986(14) 0.8984(9) 1 0.083(8)
H2S1 1 ? 0.4809 0.2517 0.9108 1 0.124
H2S2 1 ? 0.4309 0.3165 0.9134 1 0.124
H2S3 1 ? 0.5113 0.3280 0.9085 1 0.124
C3S 1 ? 0.6263(14) 0.626(3) 0.8367(12) 1 0.065(2)
H3S1 1 ? 0.5879 0.6570 0.8299 1 0.131
H3S2 1 ? 0.6608 0.6504 0.8568 1 0.131
H3S3 1 ? 0.6103 0.5859 0.8559 1 0.131
C4S 1 ? 0.7171(12) 0.5497(13) 0.8188(11) 1 0.085(8)
H4S1 1 ? 0.7475 0.5782 0.8397 1 0.128
H4S2 1 ? 0.7438 0.5245 0.7933 1 0.128
H4S3 1 ? 0.6933 0.5169 0.8410 1 0.128
