TpiPr2ZnStBu|?|Matthew S. Varonka; Timothy H. Warren|S-Nitrosothiol and Nitric Oxide Reactivity at Zinc Thiolates|Inorganic Chemistry|2009 48 5605 5607
C34 H53 B N6 S Zn
9.5050(8) 12.0757(10) 16.4731(14) 85.2130(10) 86.741(2) 77.0360(10)
P-1
Zn1 1 ? 0.50331(7) 0.55614(5) 0.74209(4) 1 0.0295(2)
S1 1 ? 0.4330(2) 0.74477(13) 0.73354(14) 1 0.0617(6)
N6 1 ? 0.4803(4) 0.3220(4) 0.7663(3) 1 0.0294(10)
N3 1 ? 0.6272(4) 0.4863(3) 0.8383(3) 1 0.0268(10)
N4 1 ? 0.6892(4) 0.3716(3) 0.8335(3) 1 0.0267(10)
N1 1 ? 0.6470(5) 0.4703(4) 0.6578(3) 1 0.0316(11)
N5 1 ? 0.3931(4) 0.4292(4) 0.7562(3) 1 0.0283(10)
N2 1 ? 0.6966(5) 0.3571(4) 0.6809(3) 1 0.0296(10)
C8 1 ? 0.2547(6) 0.3021(5) 0.7734(4) 1 0.0388(14)
H8 1 ? 0.1716 0.2702 0.7786 1 0.047
C4 1 ? 0.6711(6) 0.5185(5) 0.9056(3) 1 0.0295(12)
C6 1 ? 0.7713(6) 0.3348(5) 0.8995(3) 1 0.0316(12)
C5 1 ? 0.7625(6) 0.4273(5) 0.9450(3) 1 0.0385(14)
H5 1 ? 0.8102 0.4281 0.9940 1 0.046
C7 1 ? 0.2568(5) 0.4170(5) 0.7607(3) 1 0.0308(12)
C22 1 ? 0.1331(6) 0.5201(5) 0.7548(3) 1 0.0332(13)
H22 1 ? 0.1592 0.5750 0.7108 1 0.040
C3 1 ? 0.7817(6) 0.3061(5) 0.6193(4) 1 0.0392(14)
C2 1 ? 0.7862(8) 0.3887(6) 0.5576(4) 1 0.0499(17)
H2 1 ? 0.8378 0.3788 0.5067 1 0.060
C9 1 ? 0.3959(6) 0.2439(5) 0.7770(4) 1 0.0363(14)
C16 1 ? 0.6192(6) 0.6396(5) 0.9299(4) 1 0.0363(13)
H16 1 ? 0.5164 0.6662 0.9140 1 0.044
C29 1 ? 0.1339(7) 0.8285(5) 0.7088(4) 1 0.0470(16)
C19 1 ? 0.8501(6) 0.2131(5) 0.9162(4) 1 0.0392(14)
H19 1 ? 0.8770 0.1785 0.8628 1 0.047
C21 1 ? 0.7555(8) 0.1448(5) 0.9657(5) 1 0.060(2)
H21A 1 ? 0.7227 0.1806 1.0167 1 0.090
H21B 1 ? 0.8110 0.0670 0.9780 1 0.090
H21C 1 ? 0.6716 0.1427 0.9345 1 0.090
C28 1 ? 0.2806(7) 0.7862(6) 0.6666(4) 1 0.0505(17)
H28A 1 ? 0.2996 0.8469 0.6261 1 0.061
H28B 1 ? 0.2756 0.7198 0.6363 1 0.061
C10 1 ? 0.6699(8) 0.6076(6) 0.5408(4) 1 0.0534(18)
H10 1 ? 0.5677 0.6414 0.5580 1 0.064
C17 1 ? 0.7032(8) 0.7197(6) 0.8865(4) 1 0.0576(19)
H17A 1 ? 0.8017 0.7021 0.9062 1 0.086
H17B 1 ? 0.6560 0.7982 0.8972 1 0.086
H17C 1 ? 0.7067 0.7110 0.8277 1 0.086
C25 1 ? 0.4562(6) 0.1162(5) 0.7854(5) 1 0.0473(17)
H25 1 ? 0.5596 0.1028 0.8000 1 0.057
C20 1 ? 0.9901(7) 0.2092(6) 0.9605(4) 1 0.0575(19)
H20A 1 ? 1.0471 0.2573 0.9291 1 0.086
H20B 1 ? 1.0465 0.1305 0.9658 1 0.086
H20C 1 ? 0.9655 0.2371 1.0148 1 0.086
C26 1 ? 0.3743(9) 0.0616(6) 0.8551(5) 1 0.071(2)
H26A 1 ? 0.2753 0.0655 0.8393 1 0.106
H26B 1 ? 0.3718 0.1027 0.9042 1 0.106
H26C 1 ? 0.4235 -0.0183 0.8663 1 0.106
C30 1 ? 0.0101(9) 0.8183(7) 0.6732(5) 1 0.064(2)
H30 1 ? 0.0150 0.7801 0.6246 1 0.077
C13 1 ? 0.8570(8) 0.1832(6) 0.6254(4) 1 0.0515(18)
H13 1 ? 0.7933 0.1417 0.6605 1 0.062
C33 1 ? -0.0063(12) 0.9250(7) 0.8161(6) 1 0.081(3)
H33 1 ? -0.0106 0.9613 0.8654 1 0.097
C34 1 ? 0.1239(9) 0.8800(6) 0.7801(5) 1 0.063(2)
H34 1 ? 0.2098 0.8846 0.8052 1 0.076
C27 1 ? 0.4513(10) 0.0650(6) 0.7067(5) 1 0.075(2)
H27A 1 ? 0.3507 0.0768 0.6912 1 0.113
H27B 1 ? 0.4942 -0.0168 0.7128 1 0.113
H27C 1 ? 0.5058 0.1015 0.6642 1 0.113
C15A 1 ? 1.031(3) 0.162(3) 0.605(2) 0.40 0.112(11)
H15A 1 ? 1.0491 0.2075 0.5551 0.40 0.167
H15B 1 ? 1.0704 0.0812 0.5980 0.40 0.167
H15C 1 ? 1.0779 0.1853 0.6505 0.40 0.167
C12A 1 ? 0.748(2) 0.6804(13) 0.5660(10) 0.50 0.068(5)
H12A 1 ? 0.8415 0.6365 0.5849 0.50 0.103
H12B 1 ? 0.6946 0.7223 0.6107 0.50 0.103
H12C 1 ? 0.7636 0.7344 0.5204 0.50 0.103
C1 1 ? 0.7012(7) 0.4891(5) 0.5834(3) 1 0.0380(14)
C23 1 ? 0.1102(6) 0.5793(5) 0.8344(4) 1 0.0432(15)
H23A 1 ? 0.0709 0.5316 0.8769 1 0.065
H23B 1 ? 0.0422 0.6530 0.8263 1 0.065
H23C 1 ? 0.2028 0.5912 0.8510 1 0.065
B1 1 ? 0.6484(6) 0.3070(5) 0.7640(4) 1 0.0252(13)
C18 1 ? 0.6217(8) 0.6455(6) 1.0229(4) 1 0.0530(17)
H18A 1 ? 0.7215 0.6213 1.0404 1 0.080
H18B 1 ? 0.5635 0.5951 1.0505 1 0.080
H18C 1 ? 0.5818 0.7239 1.0371 1 0.080
C24 1 ? -0.0070(6) 0.4903(6) 0.7325(4) 1 0.0482(16)
H24A 1 ? 0.0095 0.4507 0.6821 1 0.072
H24B 1 ? -0.0818 0.5604 0.7243 1 0.072
H24C 1 ? -0.0387 0.4408 0.7766 1 0.072
C32 1 ? -0.1283(11) 0.9184(7) 0.7824(7) 1 0.085(3)
H32 1 ? -0.2188 0.9502 0.8079 1 0.102
C31 1 ? -0.1241(9) 0.8661(9) 0.7111(7) 1 0.090(3)
H31 1 ? -0.2115 0.8622 0.6873 1 0.108
C14A 1 ? 0.796(2) 0.115(2) 0.564(2) 0.40 0.086(9)
H14A 1 ? 0.6907 0.1277 0.5722 0.40 0.129
H14B 1 ? 0.8389 0.0335 0.5735 0.40 0.129
H14C 1 ? 0.8199 0.1409 0.5081 0.40 0.129
C11A 1 ? 0.665(2) 0.597(2) 0.4487(13) 0.50 0.050(5)
H11A 1 ? 0.6406 0.6731 0.4205 0.50 0.075
H11B 1 ? 0.5918 0.5547 0.4386 0.50 0.075
H11C 1 ? 0.7598 0.5562 0.4282 0.50 0.075
C15B 1 ? 0.9932(11) 0.1681(10) 0.6680(8) 0.60 0.050(3)
H15D 1 ? 1.0598 0.2063 0.6349 0.60 0.074
H15E 1 ? 1.0371 0.0867 0.6765 0.60 0.074
H15F 1 ? 0.9731 0.2014 0.7208 0.60 0.074
C14B 1 ? 0.876(2) 0.1321(15) 0.5435(9) 0.60 0.087(6)
H14D 1 ? 0.7829 0.1477 0.5175 0.60 0.130
H14E 1 ? 0.9134 0.0496 0.5513 0.60 0.130
H14F 1 ? 0.9448 0.1661 0.5087 0.60 0.130
C12B 1 ? 0.830(2) 0.6397(17) 0.5179(14) 0.50 0.084(6)
H12D 1 ? 0.8641 0.6666 0.5660 0.50 0.126
H12E 1 ? 0.8195 0.6997 0.4734 0.50 0.126
H12F 1 ? 0.8989 0.5718 0.5010 0.50 0.126
C11B 1 ? 0.594(3) 0.620(3) 0.468(2) 0.50 0.103(11)
H11D 1 ? 0.5925 0.6952 0.4402 0.50 0.154
H11E 1 ? 0.4942 0.6123 0.4809 0.50 0.154
H11F 1 ? 0.6415 0.5608 0.4319 0.50 0.154
H1 1 ? 0.705(5) 0.209(4) 0.773(3) 1 0.021(12)
