|?|Guo-Bi Li; Jun-Min Liu; Zhi-Quan Yu; Wei Wang; Cheng-Yong Su|Assembly of a 1D Coordination Polymer through in Situ Formation of a New Ligand by Double C-C Coupling on CHCl3 under Solvothermal Conditions|Inorganic Chemistry|2009 48 8659 8661
C27 H20 N4 O5
21.2761(4) 4.8975(2) 21.3259(5) 90.00 97.045(2) 90.00
C12/c1
N1 1 ? 0.85670(8) 0.0612(5) 0.13733(7) 1 0.0643(6)
N2 1 ? 0.89705(7) -0.2341(4) 0.36949(7) 1 0.0461(5)
O1 1 ? 0.97034(7) -0.5455(4) 0.34751(7) 1 0.0632(5)
O2 1 ? 0.82586(6) 0.0909(3) 0.38690(6) 1 0.0560(5)
C1 1 ? 0.81297(10) -0.1218(6) 0.14777(10) 1 0.0649(7)
H1A 1 ? 0.7815 -0.1659 0.1137 1 0.078
C2 1 ? 0.81019(10) -0.2511(5) 0.20438(10) 1 0.0590(6)
H2A 1 ? 0.7774 -0.3784 0.2090 1 0.071
C3 1 ? 0.85559(8) -0.1944(4) 0.25468(8) 1 0.0439(5)
C4 1 ? 0.90156(9) -0.0106(5) 0.24462(9) 1 0.0530(6)
H4A 1 ? 0.9342 0.0321 0.2777 1 0.064
C5 1 ? 0.90060(10) 0.1125(6) 0.18667(9) 1 0.0649(7)
H5A 1 ? 0.9328 0.2414 0.1812 1 0.078
C6 1 ? 0.85235(10) -0.3401(5) 0.31671(9) 1 0.0556(6)
H6A 1 ? 0.8088 -0.3243 0.3281 1 0.067
H6B 1 ? 0.8612 -0.5365 0.3110 1 0.067
C7 1 ? 0.87654(8) -0.0173(5) 0.40346(8) 1 0.0436(5)
C8 1 ? 0.91936(8) 0.0748(4) 0.45990(8) 1 0.0401(5)
C9 1 ? 0.97956(8) -0.0463(4) 0.47312(8) 1 0.0374(5)
C10 1 ? 0.95631(9) -0.3596(5) 0.38073(9) 1 0.0470(6)
C11 1 ? 1.00000(8) -0.2543(4) 0.43517(8) 1 0.0415(5)
C12 1 ? 1.05929(9) -0.3665(5) 0.44879(9) 1 0.0491(6)
H12 1 ? 1.0731 -0.5057 0.4226 1 0.059
C13 1 ? 0.90028(8) 0.2732(5) 0.49785(9) 1 0.0488(6)
H13 1 ? 0.8592 0.3503 0.4885 1 0.059
C14 1 ? 0.7509(6) 0.3269(14) 0.0013(6) 0.50 0.074(2)
H14A 1 ? 0.7267 0.2347 0.0313 0.50 0.111
H14B 1 ? 0.7355 0.2683 -0.0418 0.50 0.111
H14C 1 ? 0.7458 0.5250 0.0048 0.50 0.111
O3 1 ? 0.81178(14) 0.2631(9) 0.01424(14) 0.50 0.0822(11)
H3 1 ? 0.8212 0.2491 0.0535 0.50 0.123
