|?|Alberto Sánchez-Méndez; Ernesto de Jesús; Juan C. Flores; Pilar Gómez-Sal|Crystal Structures of Poly(aryl ether) Dendrons with Palladium Scorpionate Complexes at Their Focal Point|Inorganic Chemistry|2007 46 4793 4795
C61.5 H61.5 Cl2 N4 O6 Pd
9.730(4) 15.841(4) 19.084(3) 98.930(18) 97.935(16) 106.14(2)
P-1
Pd1 1 ? 0.69717(3) 0.711094(19) 0.013813(17) 1 0.02469(11)
Cl1 1 ? 0.94392(12) 0.74300(8) 0.02415(7) 1 0.0397(3)
Cl2 1 ? 0.66948(12) 0.65772(7) -0.10712(6) 1 0.0351(2)
N1 1 ? 0.4776(4) 0.6711(2) 0.00952(19) 1 0.0257(7)
N2 1 ? 0.4273(4) 0.6208(2) 0.05861(19) 1 0.0269(7)
N3 1 ? 0.7144(4) 0.7528(2) 0.12098(18) 1 0.0255(7)
N4 1 ? 0.6222(4) 0.6991(2) 0.15584(19) 1 0.0263(7)
O1 1 ? 0.7352(4) 0.4452(2) 0.32386(19) 1 0.0423(8)
O2 1 ? 1.0875(3) 0.6760(2) 0.2646(2) 1 0.0436(8)
O3 1 ? 1.5733(4) 0.9465(3) 0.1836(2) 1 0.0472(9)
O4 1 ? 1.5243(4) 0.9074(3) 0.42187(19) 1 0.0522(10)
O5 1 ? 0.1308(4) 0.4724(3) 0.2788(2) 1 0.0608(12)
O6 1 ? 0.4951(6) 0.6429(3) 0.4722(3) 1 0.0807(15)
C1 1 ? 0.3624(5) 0.6808(3) -0.0296(2) 1 0.0311(9)
C2 1 ? 0.2370(5) 0.6380(3) -0.0058(3) 1 0.0378(11)
H2 1 ? 0.1419 0.635 -0.0246 1 0.045
C3 1 ? 0.2801(5) 0.6014(3) 0.0504(3) 1 0.0326(9)
C4 1 ? 0.3746(6) 0.7327(4) -0.0883(3) 1 0.0439(12)
H4A 1 ? 0.475 0.7548 -0.0923 1 0.066
H4B 1 ? 0.3375 0.7824 -0.0773 1 0.066
H4C 1 ? 0.3192 0.6945 -0.1332 1 0.066
C5 1 ? 0.1934(5) 0.5471(4) 0.0962(3) 1 0.0476(13)
H5A 1 ? 0.2582 0.5321 0.1314 1 0.071
H5B 1 ? 0.1264 0.4931 0.0662 1 0.071
H5C 1 ? 0.1403 0.5815 0.1204 1 0.071
C6 1 ? 0.7963(5) 0.8248(3) 0.1715(2) 1 0.0316(9)
C7 1 ? 0.7579(5) 0.8147(3) 0.2382(2) 1 0.0363(10)
H7 1 ? 0.799 0.8549 0.282 1 0.044
C8 1 ? 0.6492(5) 0.7353(3) 0.2276(2) 1 0.0306(9)
C9 1 ? 0.9027(6) 0.9016(3) 0.1536(3) 1 0.0421(12)
H9A 1 ? 0.9046 0.8894 0.103 1 0.063
H9B 1 ? 0.9978 0.9104 0.181 1 0.063
H9C 1 ? 0.8745 0.9548 0.1653 1 0.063
C10 1 ? 0.5672(6) 0.6902(3) 0.2790(3) 1 0.0415(11)
H10A 1 ? 0.4971 0.6346 0.2533 1 0.062
H10B 1 ? 0.5178 0.7285 0.3015 1 0.062
H10C 1 ? 0.634 0.6785 0.3154 1 0.062
C11 1 ? 0.5272(4) 0.6107(3) 0.1182(2) 1 0.0250(8)
H11 1 ? 0.4684 0.5858 0.1522 1 0.03
C12 1 ? 0.6134(4) 0.5460(3) 0.0969(2) 1 0.0263(8)
H12A 1 ? 0.5469 0.4859 0.078 1 0.032
H12B 1 ? 0.6659 0.5648 0.0595 1 0.032
C13 1 ? 0.7192(4) 0.5457(3) 0.1622(2) 1 0.0277(9)
C14 1 ? 0.6735(5) 0.4911(3) 0.2104(2) 1 0.0302(9)
H14 1 ? 0.5806 0.4498 0.1999 1 0.036
C15 1 ? 0.7676(5) 0.4986(3) 0.2742(3) 1 0.0333(10)
C16 1 ? 0.9038(5) 0.5621(3) 0.2925(3) 1 0.0372(10)
H16 1 ? 0.9641 0.5689 0.3366 1 0.045
C17 1 ? 0.9492(5) 0.6159(3) 0.2433(3) 1 0.0332(10)
C18 1 ? 0.8590(5) 0.6075(3) 0.1778(2) 1 0.0299(9)
H18 1 ? 0.891 0.6426 0.145 1 0.036
C19 1 ? 0.5862(5) 0.3910(3) 0.3166(3) 1 0.0410(11)
H19A 1 ? 0.5817 0.3477 0.3476 1 0.049
H19B 1 ? 0.5498 0.3582 0.2671 1 0.049
C20 1 ? 0.4909(5) 0.4483(3) 0.3365(3) 1 0.0372(10)
C21 1 ? 0.3521(5) 0.4284(3) 0.2953(3) 1 0.0376(10)
H21 1 ? 0.3174 0.3803 0.256 1 0.045
C22 1 ? 0.2670(5) 0.4818(3) 0.3142(3) 1 0.0436(12)
C23 1 ? 0.3189(6) 0.5536(3) 0.3734(3) 1 0.0477(13)
H23 1 ? 0.2608 0.5893 0.3853 1 0.057
C24 1 ? 0.4551(6) 0.5714(3) 0.4141(3) 1 0.0468(12)
C25 1 ? 0.5431(6) 0.5193(3) 0.3963(3) 1 0.0434(12)
H25 1 ? 0.6357 0.5314 0.4237 1 0.052
C26 1 ? 1.1229(5) 0.7428(3) 0.2224(3) 1 0.0420(12)
H26A 1 ? 1.0541 0.7768 0.2231 1 0.05
H26B 1 ? 1.1163 0.7144 0.1727 1 0.05
C27 1 ? 1.2742(5) 0.8046(3) 0.2521(3) 1 0.0328(10)
C28 1 ? 1.3348(5) 0.8265(3) 0.3249(3) 1 0.0382(11)
H28 1 ? 1.2843 0.7993 0.3575 1 0.046
C29 1 ? 1.4722(5) 0.8896(3) 0.3490(3) 1 0.0369(10)
C30 1 ? 1.5466(5) 0.9294(3) 0.3004(3) 1 0.0373(10)
H30 1 ? 1.6377 0.972 0.3167 1 0.045
C31 1 ? 1.4857(5) 0.9062(3) 0.2270(3) 1 0.0346(10)
C32 1 ? 1.3493(5) 0.8442(3) 0.2023(3) 1 0.0341(10)
H32 1 ? 1.3081 0.8292 0.1534 1 0.041
C33 1 ? 0.0696(6) 0.4070(3) 0.2130(3) 1 0.0458(12)
H33A 1 ? 0.1468 0.403 0.1867 1 0.055
H33B 1 ? 0.0007 0.4271 0.1833 1 0.055
C34 1 ? -0.0063(5) 0.3159(3) 0.2243(3) 1 0.0393(11)
C35 1 ? -0.0099(7) 0.2402(4) 0.1750(3) 1 0.0530(14)
H35 1 ? 0.0418 0.2466 0.1377 1 0.064
C36 1 ? -0.0899(8) 0.1558(4) 0.1813(4) 1 0.0685(18)
H36 1 ? -0.0945 0.1058 0.1472 1 0.082
C37 1 ? -0.1615(8) 0.1456(5) 0.2367(5) 1 0.081(2)
H37 1 ? -0.2128 0.0884 0.2414 1 0.097
C38 1 ? -0.1589(9) 0.2193(7) 0.2862(5) 1 0.087(3)
H38 1 ? -0.2098 0.2117 0.3238 1 0.105
C39 1 ? -0.0808(8) 0.3048(5) 0.2804(4) 1 0.0651(17)
H39 1 ? -0.0787 0.3544 0.3142 1 0.078
C40 1 ? 0.6262(8) 0.6661(5) 0.5197(4) 1 0.0707(19)
H40A 1 ? 0.7053 0.6808 0.4935 1 0.085
H40B 1 ? 0.6325 0.6151 0.5409 1 0.085
C41 1 ? 0.6433(8) 0.7456(4) 0.5797(4) 1 0.0603(17)
C42 1 ? 0.5476(8) 0.7972(7) 0.5714(4) 1 0.085(3)
H42 1 ? 0.4727 0.7816 0.5314 1 0.102
C43 1 ? 0.5694(10) 0.8733(5) 0.6261(5) 1 0.082(2)
H43 1 ? 0.5098 0.9097 0.6213 1 0.098
C44 1 ? 0.6718(12) 0.8932(6) 0.6829(5) 1 0.088(2)
H44 1 ? 0.6829 0.9429 0.7188 1 0.106
C45 1 ? 0.7566(12) 0.8459(7) 0.6901(5) 1 0.100(3)
H45 1 ? 0.8295 0.8629 0.7312 1 0.12
C46 1 ? 0.7465(9) 0.7731(6) 0.6418(5) 1 0.079(2)
H46 1 ? 0.8107 0.7404 0.6505 1 0.094
C47 1 ? 1.6633(6) 0.9724(4) 0.4503(3) 1 0.0567(15)
H47A 1 ? 1.6753 0.9874 0.5024 1 0.068
H47B 1 ? 1.6658 1.0266 0.4321 1 0.068
C48 1 ? 1.7887(5) 0.9418(4) 0.4315(3) 1 0.0426(12)
C49 1 ? 1.7916(7) 0.8574(4) 0.4371(3) 1 0.0540(14)
H49 1 ? 1.7139 0.8184 0.4507 1 0.065
C50 1 ? 1.9087(10) 0.8298(6) 0.4229(4) 1 0.079(2)
H50 1 ? 1.9103 0.7723 0.4269 1 0.094
C51 1 ? 2.0238(9) 0.8876(8) 0.4025(4) 1 0.082(3)
H51 1 ? 2.103 0.8687 0.3931 1 0.098
C52 1 ? 2.0231(7) 0.9716(7) 0.3960(3) 1 0.077(2)
H52 1 ? 2.1006 1.0099 0.3817 1 0.092
C53 1 ? 1.9052(6) 0.9997(4) 0.4111(3) 1 0.0544(15)
H53 1 ? 1.9042 1.0575 0.4075 1 0.065
C54 1 ? 1.5159(6) 0.9312(4) 0.1083(3) 1 0.0478(13)
H54A 1 ? 1.4713 0.8672 0.0899 1 0.057
H54B 1 ? 1.5949 0.9518 0.0831 1 0.057
C55 1 ? 1.4036(5) 0.9791(4) 0.0931(3) 1 0.0409(11)
C56 1 ? 1.2892(7) 0.9436(5) 0.0353(3) 1 0.0601(16)
H56 1 ? 1.276 0.8878 0.0066 1 0.072
C57 1 ? 1.1936(7) 0.9920(7) 0.0203(4) 1 0.075(2)
H57 1 ? 1.1172 0.9686 -0.0192 1 0.09
C58 1 ? 1.2092(7) 1.0722(5) 0.0618(4) 1 0.0654(18)
H58 1 ? 1.145 1.1041 0.0504 1 0.079
C59 1 ? 1.3198(8) 1.1069(4) 0.1208(5) 1 0.0711(19)
H59 1 ? 1.329 1.1612 0.1506 1 0.085
C60 1 ? 1.4168(7) 1.0607(4) 0.1356(4) 1 0.0563(15)
H60 1 ? 1.4931 1.0849 0.1752 1 0.068
C91 1 ? 1.1509 0.7291 0.5036 0.5 0.070(4)
H91A 1 ? 1.1087 0.7772 0.5099 0.5 0.106
H91B 1 ? 1.1793 0.7234 0.4573 0.5 0.106
H91C 1 ? 1.235 0.7419 0.541 0.5 0.106
C92 1 ? 1.017(2) 0.6241(13) 0.5084(11) 0.5 0.097(5)
H92A 1 ? 0.985 0.6375 0.5537 0.5 0.117
H92B 1 ? 0.9345 0.6174 0.4707 0.5 0.117
C93 1 ? 1.027(3) 0.5376(14) 0.5046(15) 0.5 0.130(8)
H93A 1 ? 1.0928 0.5382 0.4705 0.5 0.155
H93B 1 ? 1.0899 0.5464 0.5511 0.5 0.155
