Ni2(m-dppm)2(m-CNterBu)(CNterBu)2|(μ~2~-terbutylisocianide)bis(terbutylisocianide) (bis(μ~2~-bis(diphenylphosphino) methane)-di-nickel|Gregory M. Ferrence; Eugenio Simón-Manso; Brian K. Breedlove; Leah Meeuwenberg; Clifford P. Kubiak|Structural, Spectroscopic, and Electrochemical Studies of the Complexes [Ni2(μ-CNR)(CNR)2(μ-dppm)2]n+ (n= 0, 1, 2): Unusual Examples of Nickel(0)-Nickel(I) and Nickel(0)-Nickel(II) Mixed Valency|Inorganic Chemistry|2004 43 1071 1081
C65 H71 N3 Ni2 P4
23.657(5) 11.322(2) 23.208(5) 90.00 109.16(3) 90.00
C12/c1
Ni1 1 ? 0.444170(12) 0.72330(2) 0.219428(12) 1 0.01913(13)
P2 1 ? 0.41988(2) 0.61822(5) 0.28672(3) 1 0.01998(16)
P1 1 ? 0.45019(2) 0.60418(5) 0.14726(3) 1 0.01936(16)
C21 1 ? 0.40194(9) 0.7028(2) 0.34630(10) 1 0.0224(5)
C15 1 ? 0.35476(10) 0.5190(2) 0.26285(10) 1 0.0253(5)
C9 1 ? 0.44736(9) 0.6725(2) 0.07411(10) 1 0.0210(5)
C35 1 ? 0.47942(9) 0.52004(19) 0.33264(10) 1 0.0221(5)
H35A 1 ? 0.4819 0.4501 0.3095 1 0.026
H35B 1 ? 0.4714 0.4956 0.3692 1 0.026
C23 1 ? 0.37129(11) 0.7146(2) 0.43550(12) 1 0.0353(6)
H23 1 ? 0.3590 0.6773 0.4651 1 0.042
C16 1 ? 0.29837(11) 0.5703(3) 0.23926(12) 1 0.0395(7)
H16 1 ? 0.2947 0.6522 0.2387 1 0.047
C3 1 ? 0.39352(10) 0.4877(2) 0.11840(10) 1 0.0264(6)
N1 1 ? 0.33098(9) 0.85102(18) 0.15368(9) 1 0.0302(5)
C12 1 ? 0.44533(11) 0.7849(2) -0.03327(12) 1 0.0353(6)
H12 1 ? 0.4447 0.8224 -0.0691 1 0.042
C8 1 ? 0.40528(12) 0.3721(2) 0.10705(11) 1 0.0351(6)
H8 1 ? 0.4445 0.3478 0.1136 1 0.042
C22 1 ? 0.38288(10) 0.6488(2) 0.39057(11) 1 0.0294(6)
H22 1 ? 0.3779 0.5673 0.3899 1 0.035
C20 1 ? 0.35864(11) 0.3974(2) 0.26247(12) 1 0.0332(6)
H20 1 ? 0.3958 0.3612 0.2782 1 0.040
C10 1 ? 0.44936(11) 0.7942(2) 0.07093(11) 1 0.0305(6)
H10 1 ? 0.4513 0.8392 0.1051 1 0.037
C14 1 ? 0.44397(11) 0.6077(2) 0.02242(11) 1 0.0312(6)
H14 1 ? 0.4423 0.5257 0.0236 1 0.037
C11 1 ? 0.44851(12) 0.8500(2) 0.01751(12) 1 0.0393(7)
H11 1 ? 0.4501 0.9320 0.0161 1 0.047
C25 1 ? 0.39589(11) 0.8903(2) 0.39247(12) 1 0.0385(7)
H25 1 ? 0.4001 0.9720 0.3929 1 0.046
C5 1 ? 0.28824(13) 0.4398(3) 0.08725(13) 1 0.0503(8)
H5 1 ? 0.2489 0.4633 0.0805 1 0.060
C24 1 ? 0.37788(11) 0.8356(3) 0.43658(12) 1 0.0369(6)
H24 1 ? 0.3702 0.8801 0.4669 1 0.044
C17 1 ? 0.24770(12) 0.5011(3) 0.21659(14) 1 0.0511(8)
H17 1 ? 0.2103 0.5366 0.2017 1 0.061
C18 1 ? 0.25239(12) 0.3796(3) 0.21592(13) 1 0.0474(8)
H18 1 ? 0.2184 0.3330 0.2000 1 0.057
C4 1 ? 0.33407(11) 0.5200(2) 0.10869(12) 1 0.0382(7)
H4 1 ? 0.3253 0.5970 0.1169 1 0.046
C19 1 ? 0.30772(13) 0.3284(3) 0.23894(13) 1 0.0435(7)
H19 1 ? 0.3112 0.2466 0.2388 1 0.052
C6 1 ? 0.30024(14) 0.3256(3) 0.07583(12) 1 0.0523(9)
H6 1 ? 0.2692 0.2714 0.0614 1 0.063
C7 1 ? 0.35827(16) 0.2917(3) 0.08577(12) 1 0.0497(9)
H7 1 ? 0.3665 0.2139 0.0782 1 0.060
C13 1 ? 0.44303(12) 0.6637(2) -0.03077(11) 1 0.0367(6)
H13 1 ? 0.4408 0.6191 -0.0651 1 0.044
C26 1 ? 0.40784(10) 0.8245(2) 0.34751(11) 1 0.0306(6)
H26 1 ? 0.4199 0.8623 0.3179 1 0.037
C31 1 ? 0.22527(13) 0.8261(4) 0.10571(16) 1 0.0756(11)
H31A 1 ? 0.2323 0.7453 0.0975 1 0.113
H31B 1 ? 0.1907 0.8551 0.0741 1 0.113
H31C 1 ? 0.2187 0.8312 0.1443 1 0.113
C34 1 ? 0.27931(12) 0.8999(4) 0.10762(14) 1 0.0619(11)
C33 1 ? 0.27078(19) 1.0241(4) 0.1258(3) 1 0.128(2)
H33A 1 ? 0.2575 1.0227 0.1606 1 0.192
H33B 1 ? 0.2414 1.0630 0.0925 1 0.192
H33C 1 ? 0.3080 1.0660 0.1358 1 0.192
C1 1 ? 0.37619(11) 0.8058(2) 0.18053(11) 1 0.0245(5)
C2 2 ? 0.5000 0.8505(3) 0.2500 1 0.0260(8)
N2 2 ? 0.5000 0.9567(3) 0.2500 1 0.0697(13)
C32 1 ? 0.29290(17) 0.8916(7) 0.04820(18) 1 0.163(3)
H32A 1 ? 0.3234 0.9477 0.0486 1 0.245
H32B 1 ? 0.2573 0.9084 0.0146 1 0.245
H32C 1 ? 0.3066 0.8133 0.0438 1 0.245
C27 1 ? 0.4813(2) 1.0656(4) 0.2342(3) 0.495(11) 0.038(2)
C28 1 ? 0.4620(3) 1.0635(5) 0.1651(3) 0.474(12) 0.044(3)
H28A 1 ? 0.4448 1.1384 0.1492 0.55(6) 0.067
H28B 1 ? 0.4329 1.0023 0.1497 0.44(6) 0.067
H28C 1 ? 0.4962 1.0486 0.1525 0.59(6) 0.067
C30 1 ? 0.4267(3) 1.0844(5) 0.2549(4) 0.583(14) 0.066(3)
H30A 1 ? 0.4300 1.0670 0.2968 0.44(7) 0.079
H30B 1 ? 0.3869 1.0795 0.2249 0.32(6) 0.079
C29 1 ? 0.4738(3) 1.1667(5) 0.2421(4) 0.614(12) 0.091(3)
