|?|Leonor Maria; Ângela Domingos; Isabel Santos|Unique Uranium(III) Cations Anchored by Polydentate Sulfur-Based Ligands: Synthesis and Structure of [U{H(R)B(timMe)2}2(THF)3][BPh4] (R = H, Ph)|Inorganic Chemistry|2001 40 6863 6864
C56 H76 B3 N8 O4 S4 U
12.818(4) 16.290(3) 18.355(10) 113.09(3) 106.39(3) 97.91(2)
P-1
U1 ? ? 0.21457(7) 0.21523(6) 0.43042(5) 1 0.0424(3)
S1 ? ? 0.2819(5) 0.1680(4) 0.5725(3) 1 0.0528(15)
S2 ? ? 0.3315(5) 0.0810(4) 0.3561(4) 1 0.063(2)
S3 ? ? 0.2890(5) 0.4013(4) 0.5740(4) 1 0.055(2)
S4 ? ? 0.0263(5) 0.2790(5) 0.3613(4) 1 0.063(2)
O1 ? ? 0.3239(13) 0.3208(11) 0.3896(9) 1 0.061(4)
O2 ? ? 0.0664(12) 0.0673(10) 0.3909(10) 1 0.058(4)
O3 ? ? 0.1309(14) 0.1356(12) 0.2624(9) 1 0.070(5)
N11 ? ? 0.5015(15) 0.2794(12) 0.6311(11) 1 0.045(4)
N12 ? ? 0.4400(17) 0.2810(13) 0.7307(11) 1 0.055(5)
N21 ? ? 0.5249(15) 0.1664(13) 0.4993(12) 1 0.056(5)
N22 ? ? 0.5148(18) 0.0292(14) 0.4109(14) 1 0.072(6)
N31 ? ? 0.1321(17) 0.3505(13) 0.6334(10) 1 0.047(5)
N32 ? ? 0.2874(18) 0.4524(13) 0.7330(11) 1 0.063(6)
N41 ? ? -0.0274(16) 0.3330(12) 0.5058(11) 1 0.057(5)
N42 ? ? -0.1059(17) 0.3833(14) 0.4186(14) 1 0.066(6)
C11 ? ? 0.4087(19) 0.2429(15) 0.6454(12) 1 0.049(6)
C12 ? ? 0.5864(20) 0.3340(18) 0.7080(16) 1 0.067(7)
H12 ? ? 0.6586(20) 0.3658(18) 0.7172(16) 1 0.080
C13 ? ? 0.5465(21) 0.3335(18) 0.7684(15) 1 0.063(7)
H13 ? ? 0.5871(21) 0.3648(18) 0.8269(15) 1 0.076
C14 ? ? 0.3662(26) 0.2621(24) 0.7752(17) 1 0.108(12)
H14A ? ? 0.2930(26) 0.2221(24) 0.7339(17) 1 0.162
H14B ? ? 0.3579(26) 0.3196(24) 0.8124(17) 1 0.162
H14C ? ? 0.3999(26) 0.2324(24) 0.8080(17) 1 0.162
C21 ? ? 0.4591(18) 0.0937(18) 0.4262(16) 1 0.051(6)
C22 ? ? 0.6218(23) 0.1456(23) 0.5318(19) 1 0.085(9)
H22 ? ? 0.6813(23) 0.1831(23) 0.5836(19) 1 0.102
C23 ? ? 0.6142(29) 0.0587(26) 0.4732(22) 1 0.102(11)
H23 ? ? 0.6686(29) 0.0267(26) 0.4767(22) 1 0.122
C24 ? ? 0.4768(25) -0.0642(16) 0.3336(18) 1 0.080(8)
H24A ? ? 0.4025(25) -0.0727(16) 0.2958(18) 1 0.120
H24B ? ? 0.4746(25) -0.1125(16) 0.3511(18) 1 0.120
H24C ? ? 0.5290(25) -0.0668(16) 0.3047(18) 1 0.120
C31 ? ? 0.2349(20) 0.3999(14) 0.6472(11) 1 0.045(6)
C32 ? ? 0.2110(34) 0.4323(26) 0.7717(20) 1 0.105(12)
H32 ? ? 0.2246(34) 0.4572(26) 0.8297(20) 1 0.126
C33 ? ? 0.1194(26) 0.3730(19) 0.7103(16) 1 0.072(8)
H33 ? ? 0.0546(26) 0.3489(19) 0.7170(16) 1 0.086
C34 ? ? 0.4043(29) 0.5184(22) 0.7751(17) 1 0.107(11)
H34A ? ? 0.4242(29) 0.5479(22) 0.8357(17) 1 0.160
H34B ? ? 0.4061(29) 0.5648(22) 0.7552(17) 1 0.160
H34C ? ? 0.4575(29) 0.4847(22) 0.7612(17) 1 0.160
C41 ? ? -0.0333(19) 0.3356(15) 0.4312(16) 1 0.057(6)
C42 ? ? -0.0997(23) 0.3814(23) 0.5329(20) 1 0.095(11)
H42 ? ? -0.1130(23) 0.3899(23) 0.5823(20) 1 0.114
C43 ? ? -0.1475(24) 0.4138(20) 0.4822(20) 1 0.098(11)
H43 ? ? -0.1982(24) 0.4495(20) 0.4878(20) 1 0.117
C44 ? ? -0.1423(23) 0.4030(22) 0.3477(21) 1 0.098(10)
H44A ? ? -0.1953(23) 0.4390(22) 0.3546(21) 1 0.148
H44B ? ? -0.1781(23) 0.3457(22) 0.2961(21) 1 0.148
H44C ? ? -0.0780(23) 0.4375(22) 0.3447(21) 1 0.148
C111 ? ? 0.4237(29) 0.3101(26) 0.3664(25) 1 0.117(12)
H11A ? ? 0.4880(29) 0.3200(26) 0.4151(25) 1 0.141
H11B ? ? 0.4082(29) 0.2482(26) 0.3211(25) 1 0.141
C112 ? ? 0.4471(40) 0.3795(28) 0.3380(29) 1 0.139(16)
H11C ? ? 0.5271(40) 0.4127(28) 0.3664(29) 1 0.167
H11D ? ? 0.4313(40) 0.3482(28) 0.2773(29) 1 0.167
C113 ? ? 0.3873(36) 0.4406(26) 0.3527(29) 1 0.124(14)
H11E ? ? 0.3454(36) 0.4421(26) 0.3004(29) 1 0.149
H11F ? ? 0.4364(36) 0.5025(26) 0.3935(29) 1 0.149
C114 ? ? 0.3083(32) 0.4065(21) 0.3878(23) 1 0.107(11)
H11G ? ? 0.3229(32) 0.4533(21) 0.4450(23) 1 0.128
H11H ? ? 0.2306(32) 0.3959(21) 0.3527(23) 1 0.128
C221 ? ? -0.0508(25) 0.0597(22) 0.3761(22) 1 0.107(12)
H22A ? ? -0.0785(25) 0.0917(22) 0.3432(22) 1 0.129
H22B ? ? -0.0616(25) 0.0875(22) 0.4298(22) 1 0.129
C222 ? ? -0.1124(27) -0.0394(23) 0.3291(23) 1 0.110(12)
H22C ? ? -0.1718(27) -0.0527(23) 0.3493(23) 1 0.132
H22D ? ? -0.1465(27) -0.0578(23) 0.2687(23) 1 0.132
C223 ? ? -0.0302(32) -0.0883(26) 0.3445(28) 1 0.127(14)
H22E ? ? -0.0350(32) -0.1372(26) 0.2910(28) 1 0.152
H22F ? ? -0.0443(32) -0.1165(26) 0.3799(28) 1 0.152
C224 ? ? 0.0839(29) -0.0205(19) 0.3883(17) 1 0.092(10)
H22G ? ? 0.1186(29) -0.0134(19) 0.4455(17) 1 0.110
H22H ? ? 0.1327(29) -0.0411(19) 0.3571(17) 1 0.110
C331 ? ? 0.1603(38) 0.1705(30) 0.2105(28) 1 0.143(15)
H33A ? ? 0.2379(38) 0.1716(30) 0.2155(28) 1 0.172
H33B ? ? 0.1541(38) 0.2334(30) 0.2277(28) 1 0.172
C332 ? ? 0.0837(51) 0.1106(40) 0.1233(38) 1 0.206(24)
H33C ? ? 0.0277(51) 0.1399(40) 0.1050(38) 1 0.247
H33D ? ? 0.1250(51) 0.0965(40) 0.0851(38) 1 0.247
C333 ? ? 0.0317(46) 0.0295(37) 0.1241(32) 1 0.175(19)
H33E ? ? 0.0733(46) -0.0162(37) 0.1099(32) 1 0.210
H33F ? ? -0.0453(46) 0.0028(37) 0.0827(32) 1 0.210
C334 ? ? 0.0315(41) 0.0561(33) 0.2129(30) 1 0.162(17)
H33G ? ? -0.0366(41) 0.0729(33) 0.2182(30) 1 0.194
H33H ? ? 0.0395(41) 0.0065(33) 0.2289(30) 1 0.194
B1 ? ? 0.5052(24) 0.2635(23) 0.5435(17) 1 0.065(8)
H1A ? ? 0.5686(24) 0.3140(23) 0.5509(17) 1 0.078
H1B ? ? 0.4314(24) 0.2659(23) 0.5068(17) 1 0.078
B2 ? ? 0.0387(24) 0.2805(21) 0.5520(20) 1 0.062(8)
H2A ? ? -0.0153(24) 0.2415(21) 0.5646(20) 1 0.075
H2B ? ? 0.0714(24) 0.2378(21) 0.5136(20) 1 0.075
C300 ? ? 0.2245(20) 0.4524(16) 0.0028(12) 1 0.051(6)
C301 ? ? 0.3267(21) 0.4664(16) -0.0017(13) 1 0.055(6)
H30A ? ? 0.3641(21) 0.4208(16) -0.0048(13) 1 0.066
C302 ? ? 0.3804(23) 0.5481(21) -0.0018(13) 1 0.070(8)
H30B ? ? 0.4505(23) 0.5541(21) -0.0076(13) 1 0.083
C303 ? ? 0.3309(31) 0.6174(20) 0.0064(17) 1 0.085(9)
H30C ? ? 0.3673(31) 0.6731(20) 0.0099(17) 1 0.102
C304 ? ? 0.2286(33) 0.6029(27) 0.0094(29) 1 0.133(16)
H30D ? ? 0.1904(33) 0.6477(27) 0.0100(29) 1 0.160
C305 ? ? 0.1760(28) 0.5256(22) 0.0116(28) 1 0.121(14)
H30E ? ? 0.1070(28) 0.5218(22) 0.0192(28) 1 0.146
C306 ? ? 0.2331(19) 0.2896(14) 0.0022(13) 1 0.046(5)
C307 ? ? 0.3003(26) 0.2905(21) 0.0758(19) 1 0.091(9)
H30F ? ? 0.2969(26) 0.3281(21) 0.1279(19) 1 0.109
C308 ? ? 0.3796(31) 0.2299(31) 0.0712(27) 1 0.149(17)
H30G ? ? 0.4301(31) 0.2343(31) 0.1211(27) 1 0.179
C309 ? ? 0.3773(32) 0.1686(24) -0.0062(24) 1 0.113(13)
H30H ? ? 0.4207(32) 0.1268(24) -0.0105(24) 1 0.136
C310 ? ? 0.3134(34) 0.1711(26) -0.0719(20) 1 0.118(14)
H30I ? ? 0.3099(34) 0.1285(26) -0.1248(20) 1 0.142
C311 ? ? 0.2490(23) 0.2325(19) -0.0702(17) 1 0.078(8)
H30J ? ? 0.2145(23) 0.2357(19) -0.1205(17) 1 0.093
C312 ? ? 0.1176(19) 0.3878(15) 0.0853(12) 1 0.050(6)
C313 ? ? 0.0283(32) 0.3436(30) 0.0898(22) 1 0.160(22)
H31A ? ? -0.0243(32) 0.2943(30) 0.0399(22) 1 0.192
C314 ? ? 0.0061(44) 0.3661(35) 0.1662(29) 1 0.207(30)
H31B ? ? -0.0533(44) 0.3267(35) 0.1666(29) 1 0.249
C315 ? ? 0.0684(36) 0.4414(27) 0.2353(16) 1 0.107(12)
H31C ? ? 0.0547(36) 0.4593(27) 0.2856(16) 1 0.128
C316 ? ? 0.1457(39) 0.4864(26) 0.2290(25) 1 0.168(26)
H31D ? ? 0.1894(39) 0.5427(26) 0.2761(25) 1 0.202
C317 ? ? 0.1740(37) 0.4620(28) 0.1595(24) 1 0.202(31)
H31E ? ? 0.2387(37) 0.5005(28) 0.1642(24) 1 0.243
C318 ? ? 0.0391(20) 0.3059(14) -0.0852(12) 1 0.045(6)
C319 ? ? -0.0025(31) 0.3466(30) -0.1352(23) 1 0.123(13)
H32A ? ? 0.0351(31) 0.4060(30) -0.1234(23) 1 0.148
C320 ? ? -0.1136(33) 0.2902(45) -0.2116(24) 1 0.155(23)
H32B ? ? -0.1479(33) 0.3166(45) -0.2452(24) 1 0.186
C321 ? ? -0.1605(37) 0.2041(23) -0.2295(32) 1 0.155(25)
H32C ? ? -0.2199(37) 0.1662(23) -0.2812(32) 1 0.186
C322 ? ? -0.1253(28) 0.1718(31) -0.1768(23) 1 0.138(16)
H32D ? ? -0.1652(28) 0.1146(31) -0.1852(23) 1 0.166
C323 ? ? -0.0276(27) 0.2239(34) -0.1077(24) 1 0.151(19)
H32E ? ? -0.0046(27) 0.1976(34) -0.0713(24) 1 0.181
B3 ? ? 0.1560(21) 0.3594(20) 0.0016(18) 1 0.053(7)
O1S ? ? 0.6147(43) 0.2142(36) 0.2706(37) 1 0.263(21)
C1S ? ? 0.6422(56) 0.1793(49) 0.3317(44) 1 0.213(25)
C2S ? ? 0.6898(58) 0.1018(49) 0.2979(48) 1 0.222(27)
C3S ? ? 0.7194(73) 0.1160(60) 0.2317(59) 1 0.279(36)
C4S ? ? 0.6435(68) 0.1694(57) 0.1905(54) 1 0.258(32)
