|?|Li, Yu; Jiang, Long; Feng, Xiao-Long; Lu, Tong-Bu|Anion Dependent Water Clusters Encapsulated Inside a Cryptand Cavity|Crystal Growth &amp; Design|2008 8(10) 3689
C36 H82 N8 O29 P6
11.882(5) 17.024(7) 13.724(6) 90.00 93.978(8) 90.00
P1211
C1 1 ? 0.2895(3) -0.1230(2) 0.3496(3) 1 0.0275(8)
H1A 1 ? 0.2818 -0.1552 0.2894 1 0.033
H1B 1 ? 0.3708 -0.1124 0.3643 1 0.033
C2 1 ? 0.2290(3) -0.0460(2) 0.3307(3) 1 0.0258(8)
H2A 1 ? 0.2704 -0.0143 0.2844 1 0.031
H2B 1 ? 0.1524 -0.0563 0.3003 1 0.031
C3 1 ? 0.3212(3) -0.2374(2) 0.4516(3) 1 0.0257(8)
H3A 1 ? 0.3233 -0.2689 0.3911 1 0.031
H3B 1 ? 0.2868 -0.2705 0.5009 1 0.031
C4 1 ? 0.4406(3) -0.2189(2) 0.4882(3) 1 0.0242(8)
H4A 1 ? 0.4818 -0.2688 0.5015 1 0.029
H4B 1 ? 0.4783 -0.1907 0.4365 1 0.029
C5 1 ? 0.1320(3) -0.1984(2) 0.3999(3) 1 0.0267(8)
H5A 1 ? 0.1380 -0.2370 0.3466 1 0.032
H5B 1 ? 0.0858 -0.1539 0.3733 1 0.032
C6 1 ? 0.0719(3) -0.2364(2) 0.4809(3) 1 0.0257(8)
H6A 1 ? -0.0053 -0.2510 0.4555 1 0.031
H6B 1 ? 0.1121 -0.2853 0.5009 1 0.031
C7 1 ? 0.1934(3) 0.0836(2) 0.4074(3) 1 0.0235(7)
H7A 1 ? 0.1176 0.0884 0.3732 1 0.028
H7B 1 ? 0.2487 0.1068 0.3649 1 0.028
C8 1 ? 0.1960(3) 0.1284(2) 0.5016(3) 1 0.0213(7)
C9 1 ? 0.2716(3) 0.1894(2) 0.5196(3) 1 0.0285(8)
H9 1 ? 0.3240 0.2013 0.4725 1 0.034
C10 1 ? 0.2733(3) 0.2339(2) 0.6047(3) 1 0.0295(8)
H10 1 ? 0.3246 0.2765 0.6142 1 0.035
C11 1 ? 0.2000(3) 0.2158(2) 0.6753(2) 1 0.0200(7)
C12 1 ? 0.1258(3) 0.1532(2) 0.6593(3) 1 0.0236(7)
H12 1 ? 0.0757 0.1402 0.7078 1 0.028
C13 1 ? 0.1236(3) 0.1099(2) 0.5746(3) 1 0.0243(8)
H13 1 ? 0.0726 0.0672 0.5656 1 0.029
C14 1 ? 0.1987(3) 0.2659(2) 0.7662(2) 1 0.0229(7)
H14A 1 ? 0.2595 0.3056 0.7661 1 0.028
H14B 1 ? 0.1257 0.2938 0.7667 1 0.028
C15 1 ? 0.5616(3) -0.1780(2) 0.6334(3) 1 0.0250(8)
H15A 1 ? 0.6205 -0.1590 0.5916 1 0.030
H15B 1 ? 0.5764 -0.2342 0.6478 1 0.030
C16 1 ? 0.5680(3) -0.1320(2) 0.7280(3) 1 0.0222(7)
C17 1 ? 0.6170(3) -0.0583(2) 0.7344(3) 1 0.0271(8)
H17 1 ? 0.6503 -0.0367 0.6795 1 0.033
C18 1 ? 0.6179(3) -0.0156(2) 0.8209(3) 1 0.0264(8)
H18 1 ? 0.6517 0.0350 0.8246 1 0.032
C19 1 ? 0.5698(3) -0.0464(2) 0.9012(3) 1 0.0211(7)
C20 1 ? 0.5251(3) -0.1221(2) 0.8964(3) 1 0.0241(7)
H20 1 ? 0.4954 -0.1447 0.9524 1 0.029
C21 1 ? 0.5239(3) -0.1643(2) 0.8103(3) 1 0.0242(7)
H21 1 ? 0.4927 -0.2157 0.8073 1 0.029
C22 1 ? 0.5651(3) 0.0010(2) 0.9937(3) 1 0.0237(8)
H22A 1 ? 0.6262 0.0407 0.9970 1 0.028
H22B 1 ? 0.5772 -0.0341 1.0510 1 0.028
C23 1 ? -0.0297(3) -0.2120(2) 0.6293(3) 1 0.0250(8)
H23A 1 ? -0.1027 -0.2066 0.5904 1 0.030
H23B 1 ? -0.0189 -0.2682 0.6457 1 0.030
C24 1 ? -0.0338(3) -0.1656(2) 0.7218(3) 1 0.0210(7)
C25 1 ? 0.0087(3) -0.1970(2) 0.8106(3) 1 0.0229(7)
H25 1 ? 0.0407 -0.2481 0.8125 1 0.028
C26 1 ? 0.0048(3) -0.1544(2) 0.8960(3) 1 0.0222(7)
H26 1 ? 0.0328 -0.1770 0.9562 1 0.027
C27 1 ? -0.0400(3) -0.0783(2) 0.8950(3) 1 0.0210(7)
C28 1 ? -0.0821(3) -0.0474(2) 0.8058(3) 1 0.0265(8)
H28 1 ? -0.1133 0.0040 0.8037 1 0.032
C29 1 ? -0.0795(3) -0.0899(2) 0.7204(3) 1 0.0271(8)
H29 1 ? -0.1088 -0.0677 0.6605 1 0.032
C30 1 ? -0.0406(3) -0.0315(2) 0.9873(3) 1 0.0236(7)
H30A 1 ? -0.0372 -0.0674 1.0441 1 0.028
H30B 1 ? -0.1115 -0.0009 0.9874 1 0.028
N1 1 ? 0.2474(2) -0.16887(16) 0.4308(2) 1 0.0194(6)
N2 1 ? 0.2201(2) -0.00067(17) 0.4234(2) 1 0.0196(6)
H2C 1 ? 0.1649 -0.0230 0.4582 1 0.024
H2D 1 ? 0.2873 -0.0047 0.4606 1 0.024
N3 1 ? 0.4480(2) -0.16976(17) 0.5795(2) 1 0.0196(6)
H3C 1 ? 0.4356 -0.1179 0.5632 1 0.024
H3D 1 ? 0.3929 -0.1852 0.6193 1 0.024
N4 1 ? 0.0641(2) -0.18528(17) 0.5688(2) 1 0.0201(6)
H4C 1 ? 0.0512 -0.1342 0.5492 1 0.024
H4D 1 ? 0.1314 -0.1868 0.6062 1 0.024
O1 1 ? 1.01363(18) 0.13496(14) 0.86270(17) 1 0.0208(5)
O2 1 ? 0.81513(19) 0.16314(17) 0.79278(18) 1 0.0286(6)
O3 1 ? 0.9489(2) 0.27228(15) 0.84920(19) 1 0.0291(6)
H3 1 ? 0.8947 0.3029 0.8563 1 0.044
O4 1 ? 0.87223(19) 0.18024(16) 0.97261(17) 1 0.0272(6)
H4G 1 ? 0.8258 0.2162 0.9822 1 0.041
O5 1 ? 0.42173(17) 0.14560(14) 0.83235(16) 1 0.0205(5)
O6 1 ? 0.6031(2) 0.1838(2) 0.76299(18) 1 0.0366(7)
H6E 1 ? 0.6682 0.1799 0.7906 1 0.055
O7 1 ? 0.57918(19) 0.18919(15) 0.94428(17) 1 0.0259(5)
O8 1 ? 0.4824(2) 0.28815(16) 0.8311(2) 1 0.0356(7)
H8C 1 ? 0.5337 0.3171 0.8565 1 0.053
O9 1 ? 0.8239(2) 0.15667(18) 0.3023(2) 1 0.0449(8)
H9A 1 ? 0.8156 0.1288 0.3518 1 0.067
O10 1 ? 0.6132(2) 0.16950(17) 0.3178(2) 1 0.0337(6)
O11 1 ? 0.7348(2) 0.28958(15) 0.30417(17) 1 0.0238(5)
O12 1 ? 0.7005(3) 0.19636(17) 0.16183(18) 1 0.0404(7)
H12A 1 ? 0.7085 0.2407 0.1364 1 0.061
O13 1 ? 0.61684(19) 0.39480(15) 0.90052(19) 1 0.0263(6)
O14 1 ? 0.82702(19) 0.38259(14) 0.89577(18) 1 0.0243(5)
O15 1 ? 0.72333(17) 0.29427(13) 1.00797(16) 1 0.0186(5)
H15C 1 ? 0.6630 0.2724 0.9870 1 0.028
O16 1 ? 0.74019(18) 0.44113(14) 1.03848(17) 1 0.0200(5)
H16A 1 ? 0.7458 0.4212 1.0946 1 0.030
O21 1 ? 0.4730(2) 0.06970(16) 0.38665(19) 1 0.0277(6)
H21A 1 ? 0.5218 0.1007 0.3676 1 0.042
O22 1 ? 0.60582(19) -0.03858(16) 0.4485(2) 1 0.0300(6)
O23 1 ? 0.42382(18) -0.01236(15) 0.52484(17) 1 0.0233(5)
O24 1 ? 0.5786(2) 0.08647(16) 0.5465(2) 1 0.0329(6)
H24A 1 ? 0.6455 0.0738 0.5631 1 0.049
O4W 1 ? 0.3552(2) 0.02949(17) 0.70495(19) 1 0.0320(6)
H4E 1 ? 0.3844 0.0235 0.6504 1 0.038
H4F 1 ? 0.3745 0.0739 0.7298 1 0.038
O5W 1 ? 0.7830(2) 0.07320(17) 0.6223(2) 1 0.0320(6)
H5E 1 ? 0.8298 0.0710 0.5777 1 0.038
H5F 1 ? 0.8068 0.1099 0.6620 1 0.038
P1 1 ? 0.91010(6) 0.18603(5) 0.86452(6) 1 0.01703(18)
P2 1 ? 0.51804(6) 0.20410(5) 0.84010(6) 1 0.01859(18)
P3 1 ? 0.71407(7) 0.20413(5) 0.27649(6) 1 0.02115(19)
P4 1 ? 0.73121(6) 0.37539(5) 0.96149(6) 1 0.01689(18)
P6 1 ? 0.52385(7) 0.02244(5) 0.47721(7) 1 0.01990(19)
N8 1 ? 0.0585(2) 0.02337(17) 0.99553(19) 1 0.0186(6)
H8A 1 ? 0.1233 -0.0046 0.9869 1 0.022
H8B 1 ? 0.0503 0.0602 0.9465 1 0.022
N6 1 ? 0.2155(2) 0.21550(17) 0.85558(19) 1 0.0198(6)
H6C 1 ? 0.2797 0.1859 0.8514 1 0.024
H6D 1 ? 0.1555 0.1815 0.8575 1 0.024
N7 1 ? 0.4521(2) 0.04193(16) 0.99694(19) 1 0.0179(6)
H7C 1 ? 0.4439 0.0780 0.9470 1 0.021
H7D 1 ? 0.3950 0.0056 0.9880 1 0.021
N5 1 ? 0.2466(2) 0.13771(16) 1.0483(2) 0.561(6) 0.0191(6)
C31 1 ? 0.2882(4) 0.2174(3) 1.0318(4) 0.561(6) 0.0216(15)
H31A 1 ? 0.3689 0.2141 1.0183 0.561(6) 0.026
H31B 1 ? 0.2835 0.2480 1.0927 0.561(6) 0.026
C33 1 ? 0.3222(4) 0.0960(3) 1.1199(4) 0.561(6) 0.0207(14)
H33A 1 ? 0.2883 0.0441 1.1324 0.561(6) 0.025
H33B 1 ? 0.3249 0.1257 1.1820 0.561(6) 0.025
C35 1 ? 0.1338(4) 0.1417(3) 1.0872(4) 0.561(6) 0.0216(15)
H35A 1 ? 0.0869 0.1787 1.0464 0.561(6) 0.026
H35B 1 ? 0.1425 0.1639 1.1540 0.561(6) 0.026
C36 1 ? 0.0707(3) 0.0644(2) 1.0916(2) 0.561(6) 0.0217(7)
H36A 1 ? 0.1113 0.0296 1.1400 0.561(6) 0.026
H36B 1 ? -0.0053 0.0745 1.1144 0.561(6) 0.026
C34 1 ? 0.4433(3) 0.0827(2) 1.0926(2) 0.561(6) 0.0222(7)
H34A 1 ? 0.4817 0.1342 1.0902 0.561(6) 0.027
H34B 1 ? 0.4837 0.0512 1.1446 0.561(6) 0.027
C32 1 ? 0.2256(3) 0.2622(2) 0.9486(2) 0.561(6) 0.0224(7)
H32A 1 ? 0.1491 0.2758 0.9677 0.561(6) 0.027
H32B 1 ? 0.2660 0.3118 0.9371 0.561(6) 0.027
N5' 1 ? 0.2466(2) 0.13771(16) 1.0483(2) 0.439(6) 0.0191(6)
C31' 1 ? 0.1896(5) 0.2152(4) 1.0350(5) 0.439(6) 0.026(2)
H31C 1 ? 0.2053 0.2467 1.0951 0.439(6) 0.031
H31D 1 ? 0.1071 0.2066 1.0269 0.439(6) 0.031
C33' 1 ? 0.3653(5) 0.1531(4) 1.0859(6) 0.439(6) 0.024(2)
H33C 1 ? 0.3640 0.1766 1.1518 0.439(6) 0.029
H33D 1 ? 0.3978 0.1927 1.0431 0.439(6) 0.029
C35' 1 ? 0.1913(5) 0.0900(4) 1.1199(5) 0.439(6) 0.026(2)
H35C 1 ? 0.1914 0.1201 1.1816 0.439(6) 0.031
H35D 1 ? 0.2374 0.0422 1.1333 0.439(6) 0.031
C36' 1 ? 0.0707(3) 0.0644(2) 1.0916(2) 0.439(6) 0.0217(7)
H36C 1 ? 0.0450 0.0289 1.1427 0.439(6) 0.026
H36D 1 ? 0.0212 0.1112 1.0891 0.439(6) 0.026
C34' 1 ? 0.4433(3) 0.0827(2) 1.0926(2) 0.439(6) 0.0222(7)
H34C 1 ? 0.5195 0.1001 1.1175 0.439(6) 0.027
H34D 1 ? 0.4156 0.0449 1.1403 0.439(6) 0.027
C32' 1 ? 0.2256(3) 0.2622(2) 0.9486(2) 0.439(6) 0.0224(7)
H32C 1 ? 0.1781 0.3098 0.9406 0.439(6) 0.027
H32D 1 ? 0.3048 0.2792 0.9616 0.439(6) 0.027
O17 1 ? 1.01377(18) -0.04608(15) 0.48551(17) 1 0.0230(5)
O18 1 ? 0.8141(2) -0.08160(16) 0.4522(2) 1 0.0402(8)
H18A 1 ? 0.7513 -0.0588 0.4477 1 0.060
O19 1 ? 0.9346(2) -0.0375(2) 0.31702(19) 1 0.0431(8)
H19 1 ? 0.8801 -0.0220 0.2798 1 0.065
O20 1 ? 0.8700(2) 0.06053(15) 0.43987(18) 1 0.0270(6)
O1W 1 ? 0.7839(2) 0.0042(2) 0.1763(2) 1 0.0409(7)
H1E 1 ? 0.7210 -0.0155 0.1890 1 0.049
H1F 1 ? 0.7777 0.0551 0.1821 1 0.049
O2W 1 ? 0.6029(2) -0.06825(19) 0.2460(2) 1 0.0423(7)
H2F 1 ? 0.5772 -0.1158 0.2417 1 0.051
H2E 1 ? 0.5994 -0.0539 0.3061 1 0.051
O3W 1 ? 0.2417(2) -0.07425(15) 0.78164(18) 1 0.0275(6)
H3E 1 ? 0.2426 -0.1179 0.7493 1 0.033
H3G 1 ? 0.2761 -0.0400 0.7475 1 0.033
P5 1 ? 0.90841(7) -0.02259(5) 0.42635(7) 1 0.02098(19)
