|5-fluorocytosine hemipentahydrate|Hulme, Ashley T.; Tocher, Derek A.|The Discovery of New Crystal Forms of 5-Fluorocytosine Consistent with the Results of Computational Crystal Structure Prediction|Crystal Growth &amp; Design|2006 6(2) 481
C4 H9 F N3 O3.5
12.2384(8) 9.4254(6) 13.8727(9) 90.00 111.3910(10) 90.00
P121/c1
F15 1 ? 0.21582(8) 0.31343(9) 0.13497(8) 1 0.0296(2)
O12 1 ? 0.65203(9) 0.30430(10) 0.13717(8) 1 0.0225(2)
N14 1 ? 0.32835(10) 0.06028(12) 0.13572(9) 1 0.0203(2)
H12 1 ? 0.3659(17) -0.016(2) 0.1313(15) 1 0.029(5)
H13 1 ? 0.2594(19) 0.057(2) 0.1271(15) 1 0.030(5)
N13 1 ? 0.49229(10) 0.18082(11) 0.13639(9) 1 0.0176(2)
N11 1 ? 0.49282(10) 0.43071(12) 0.13304(9) 1 0.0190(2)
H11 1 ? 0.5333(17) 0.510(2) 0.1290(14) 1 0.029(5)
C16 1 ? 0.38170(12) 0.43646(14) 0.13274(10) 1 0.0203(3)
H14 1 ? 0.3447(15) 0.525(2) 0.1300(13) 1 0.023(4)
C15 1 ? 0.32606(12) 0.31431(14) 0.13485(10) 1 0.0194(3)
C14 1 ? 0.38248(11) 0.18196(13) 0.13595(10) 1 0.0169(3)
C12 1 ? 0.54917(11) 0.30395(13) 0.13596(10) 1 0.0177(3)
F5 1 ? 0.88767(7) 0.81295(9) 0.11213(8) 1 0.0282(2)
O2 1 ? 0.45443(9) 0.80863(10) 0.11750(8) 1 0.0225(2)
N4 1 ? 0.77775(11) 0.56143(12) 0.12182(9) 1 0.0215(2)
H2 1 ? 0.7374(18) 0.483(2) 0.1207(15) 1 0.031(5)
H3 1 ? 0.8424(19) 0.557(2) 0.1158(16) 1 0.035(5)
N3 1 ? 0.61365(10) 0.68313(11) 0.11909(9) 1 0.0175(2)
N1 1 ? 0.61206(10) 0.93348(12) 0.11608(9) 1 0.0190(2)
H1 1 ? 0.5727(16) 1.012(2) 0.1189(14) 1 0.027(4)
C6 1 ? 0.72281(12) 0.93778(14) 0.11511(10) 1 0.0201(3)
H4 1 ? 0.7536(17) 1.027(2) 0.1163(15) 1 0.028(4)
C5 1 ? 0.77877(12) 0.81561(14) 0.11578(10) 1 0.0193(3)
C4 1 ? 0.72304(12) 0.68335(13) 0.11899(10) 1 0.0174(3)
C2 1 ? 0.55630(12) 0.80699(13) 0.11714(10) 1 0.0174(3)
O61 1 ? 0.92052(9) 0.51888(11) 0.39741(8) 1 0.0251(2)
H62 1 ? 0.9538(19) 0.5761(18) 0.3723(17) 1 0.052(7)
H61 1 ? 0.918(3) 0.4416(15) 0.368(2) 1 0.088(10)
O51 1 ? 0.99452(9) 1.01269(12) 0.39689(9) 1 0.0280(2)
H52 1 ? 0.9424(16) 1.0711(19) 0.3668(17) 1 0.054(7)
H51 1 ? 0.974(2) 0.9349(15) 0.370(2) 1 0.095(11)
O41 1 ? 0.84399(10) 1.24513(13) 0.30854(9) 1 0.0318(3)
H42 1 ? 0.7820(13) 1.257(2) 0.2569(10) 1 0.047(6)
H41 1 ? 0.8265(18) 1.265(3) 0.3599(10) 1 0.050
O31 1 ? 1.03344(10) 0.73882(12) 0.33651(9) 1 0.0302(3)
H32 1 ? 1.022(2) 0.8212(13) 0.3484(16) 1 0.050
H31 1 ? 1.049(2) 0.739(2) 0.2825(13) 1 0.057(7)
O21 1 ? 0.77849(10) 1.23347(15) 0.47886(10) 1 0.0386(3)
H22 1 ? 0.7105(9) 1.251(2) 0.4768(16) 1 0.047(6)
H21 1 ? 0.8243(14) 1.253(2) 0.5369(10) 1 0.050
