|||||
C42 H68 B K N4 O3
12.445(5) 17.492(7) 11.194(4) 93.05(2) 115.304(19) 69.30(2)
P-1
K1 ? ? 0.45658(10) 0.26739(7) 0.21997(11) 1 0.0278(6)
B2 ? ? 0.7211(5) 0.2030(3) 0.0974(5) 1 0.023(3)
C3 ? ? 0.5806(4) 0.2410(3) -0.0271(5) 1 0.022(2)
C4 ? ? 0.5560(5) 0.1744(4) -0.1175(5) 1 0.031(3)
C5 ? ? 0.6584(5) 0.1321(4) -0.1679(5) 1 0.029(3)
C6 ? ? 0.7961(5) 0.1116(3) -0.0630(5) 1 0.029(3)
C7 ? ? 0.8197(5) 0.1777(3) 0.0286(5) 1 0.026(3)
C8 ? ? 0.8077(5) 0.2544(3) -0.0430(5) 1 0.030(3)
C9 ? ? 0.6727(5) 0.3046(4) -0.1454(5) 1 0.035(3)
C10 ? ? 0.5676(5) 0.3188(3) -0.0963(5) 1 0.030(3)
N11 ? ? 0.6641(3) 0.3064(2) 0.2505(4) 1 0.024(2)
N12 ? ? 0.7518(3) 0.2632(2) 0.2031(4) 1 0.026(2)
C13 ? ? 0.8657(5) 0.2708(4) 0.2825(6) 1 0.037(3)
C14 ? ? 0.8581(4) 0.3145(3) 0.3836(5) 1 0.030(3)
C15 ? ? 0.9139(5) 0.3556(4) 0.5067(5) 1 0.044(3)
C16 ? ? 0.8491(6) 0.4510(4) 0.4633(6) 1 0.044(3)
C17 ? ? 0.7092(6) 0.4710(4) 0.4338(6) 1 0.045(3)
C18 ? ? 0.7067(4) 0.3845(3) 0.4653(5) 1 0.031(3)
C19 ? ? 0.7289(4) 0.3350(3) 0.3587(5) 1 0.028(2)
C20 ? ? 0.8406(5) 0.3458(4) 0.5820(5) 1 0.041(3)
C21 ? ? 0.8647(6) 0.3910(5) 0.7070(6) 1 0.050(4)
C22 ? ? 0.8776(7) 0.2557(4) 0.6266(6) 1 0.040(3)
C23 ? ? 0.5898(6) 0.3916(5) 0.4810(7) 1 0.041(3)
N24 ? ? 0.6350(3) 0.1261(2) 0.2027(4) 1 0.0262(19)
N25 ? ? 0.7366(3) 0.1259(2) 0.1766(4) 1 0.0249(19)
C26 ? ? 0.8438(5) 0.0624(3) 0.2526(5) 1 0.031(3)
C27 ? ? 0.8189(4) 0.0205(3) 0.3325(4) 1 0.025(2)
C28 ? ? 0.8651(5) -0.0464(3) 0.4411(5) 1 0.031(3)
C29 ? ? 0.8032(5) -0.1101(3) 0.3719(6) 1 0.039(3)
C30 ? ? 0.6585(5) -0.0616(4) 0.3299(6) 1 0.045(3)
C31 ? ? 0.6508(4) 0.0231(3) 0.3802(5) 1 0.035(3)
C32 ? ? 0.6903(4) 0.0636(3) 0.2961(5) 1 0.022(2)
C33 ? ? 0.7790(4) -0.0010(3) 0.5121(5) 1 0.030(2)
C34 ? ? 0.8065(5) 0.0719(4) 0.5749(6) 1 0.038(3)
C35 ? ? 0.7860(6) -0.0584(5) 0.6171(7) 1 0.045(3)
C36 ? ? 0.5273(5) 0.0752(4) 0.3868(6) 1 0.045(3)
O37 ? ? 0.3482(3) 0.3009(3) 0.3900(3) 1 0.049(2)
C38 ? ? 0.3805(5) 0.2818(4) 0.5244(5) 1 0.051(3)
C39 ? ? 0.2555(5) 0.3117(3) 0.5397(5) 1 0.037(3)
C40 ? ? 0.1564(5) 0.3231(4) 0.3970(6) 1 0.047(3)
C41 ? ? 0.2184(5) 0.3463(3) 0.3208(5) 1 0.042(3)
O42 ? ? 0.2965(4) 0.4162(2) 0.0875(4) 1 0.067(2)
C43 ? ? 0.1722(7) 0.4424(6) -0.0049(9) 1 0.164(6)
C44 ? ? 0.1420(7) 0.5054(7) -0.1087(9) 1 0.174(6)
C45 ? ? 0.2731(6) 0.5026(4) -0.0823(6) 1 0.071(4)
C46 ? ? 0.3504(6) 0.4703(4) 0.0620(6) 1 0.060(4)
O47 ? ? 0.2704(3) 0.2071(2) 0.0741(3) 1 0.042(2)
C48 ? ? 0.1617(5) 0.1931(4) 0.0724(6) 1 0.054(3)
C49 ? ? 0.1519(5) 0.1191(3) 0.0056(6) 1 0.038(3)
C50 ? ? 0.2801(5) 0.0772(4) 0.0019(5) 1 0.041(3)
C51 ? ? 0.3160(6) 0.1492(4) -0.0053(6) 1 0.059(4)
H1 ? ? 0.516(4) 0.259(3) -0.008(4) 1 0.027(13)
H2 ? ? 0.564(4) 0.126(3) -0.063(4) 1 0.023(13)
H3 ? ? 0.477(4) 0.200(3) -0.200(4) 1 0.021(12)
H4 ? ? 0.655(4) 0.075(3) -0.184(4) 1 0.028(13)
H5 ? ? 0.636(3) 0.171(2) -0.241(4) 1 0.002(10)
H6 ? ? 0.818(3) 0.062(2) -0.012(4) 1 -0.000(10)
H7 ? ? 0.852(4) 0.090(3) -0.108(5) 1 0.034(14)
H8 ? ? 0.896(4) 0.160(3) 0.081(4) 1 0.008(12)
H9 ? ? 0.832(3) 0.290(2) 0.019(4) 1 -0.004(10)
H10 ? ? 0.871(5) 0.230(3) -0.089(5) 1 0.048(15)
H11 ? ? 0.668(4) 0.357(3) -0.167(4) 1 0.006(11)
H12 ? ? 0.643(4) 0.281(3) -0.238(4) 1 0.024(12)
H13 ? ? 0.478(4) 0.346(2) -0.182(4) 1 0.018(11)
H14 ? ? 0.563(4) 0.364(3) -0.039(4) 1 0.015(11)
H15 ? ? 0.923(4) 0.240(2) 0.283(4) 1 0.001(12)
H16 ? ? 1.013(4) 0.331(3) 0.560(4) 1 0.027(13)
H17 ? ? 0.893(4) 0.482(3) 0.529(4) 1 0.025(13)
H18 ? ? 0.844(5) 0.467(3) 0.391(6) 1 0.051(19)
H19 ? ? 0.682(5) 0.516(3) 0.493(5) 1 0.044(15)
H20 ? ? 0.642(4) 0.499(3) 0.331(4) 1 0.024(12)
H21 ? ? 0.969(5) 0.365(3) 0.775(5) 1 0.050(16)
H22 ? ? 0.848(4) 0.453(3) 0.680(4) 1 0.028(13)
H23 ? ? 0.808(9) 0.405(5) 0.749(9) 1 0.17(4)
H24 ? ? 0.780(6) 0.267(4) 0.618(6) 1 0.08(2)
H25 ? ? 0.885(4) 0.218(3) 0.562(4) 1 0.016(12)
H26 ? ? 0.963(5) 0.238(3) 0.698(5) 1 0.037(16)
H27 ? ? 0.588(4) 0.423(3) 0.554(4) 1 0.017(12)
H28 ? ? 0.514(5) 0.421(3) 0.401(5) 1 0.044(16)
H29 ? ? 0.605(6) 0.324(4) 0.507(6) 1 0.09(2)
H30 ? ? 0.904(5) 0.069(3) 0.263(6) 1 0.05(2)
H31 ? ? 0.955(4) -0.075(3) 0.498(4) 1 0.022(12)
H32 ? ? 0.820(5) -0.129(3) 0.299(5) 1 0.047(17)
H33 ? ? 0.842(4) -0.158(3) 0.436(4) 1 0.018(12)
H34 ? ? 0.609(4) -0.056(3) 0.232(5) 1 0.019(12)
H35 ? ? 0.626(4) -0.091(3) 0.373(4) 1 0.031(13)
H36 ? ? 0.884(4) 0.051(3) 0.666(4) 1 0.018(12)
H37 ? ? 0.789(3) 0.109(2) 0.512(4) 1 -0.002(10)
H38 ? ? 0.739(5) 0.103(3) 0.613(5) 1 0.043(15)
H39 ? ? 0.741(6) -0.028(4) 0.647(6) 1 0.06(2)
H40 ? ? 0.769(4) -0.108(3) 0.584(4) 1 0.021(13)
H41 ? ? 0.872(5) -0.087(3) 0.701(5) 1 0.042(15)
H42 ? ? 0.531(5) 0.129(4) 0.421(5) 1 0.053(19)
H43 ? ? 0.465(4) 0.093(3) 0.297(4) 1 0.012(12)
H44 ? ? 0.529(4) 0.041(3) 0.441(4) 1 0.023(13)
H45 ? ? 0.42 0.2238 0.5492 1 0.054
H46 ? ? 0.435 0.3076 0.5818 1 0.054
H47 ? ? 0.254 0.2734 0.5926 1 0.0403
H48 ? ? 0.2442 0.3632 0.575 1 0.0403
H49 ? ? 0.1409 0.2735 0.3732 1 0.0459
H50 ? ? 0.0773 0.3658 0.3835 1 0.0459
H51 ? ? 0.199 0.4028 0.3147 1 0.0448
H52 ? ? 0.1849 0.3302 0.2318 1 0.0448
H53 ? ? 0.1555 0.3953 -0.0526 1 0.1108
H54 ? ? 0.1151 0.4592 0.0362 1 0.1108
H55 ? ? 0.0976 0.5041 -0.1931 1 0.1225
H56 ? ? 0.1032 0.5628 -0.0837 1 0.1225
H57 ? ? 0.301 0.4647 -0.1357 1 0.0723
H58 ? ? 0.2754 0.5539 -0.099 1 0.0723
H59 ? ? 0.3502 0.5135 0.1171 1 0.0706
H60 ? ? 0.4399 0.4399 0.0798 1 0.0706
H61 ? ? 0.1757 0.1858 0.1613 1 0.0634
H62 ? ? 0.0883 0.2403 0.0258 1 0.0634
H63 ? ? 0.1381 0.0846 0.0546 1 0.0555
H64 ? ? 0.0842 0.1343 -0.0822 1 0.0555
H65 ? ? 0.3405 0.0385 0.0768 1 0.0503
H66 ? ? 0.2708 0.0484 -0.0772 1 0.0503
H67 ? ? 0.2747 0.173 -0.095 1 0.0535
H68 ? ? 0.4043 0.1317 0.0279 1 0.0535
