||Schäfer, G.; Borrmann, H.; Kniep, R.|Synthesis and crystal structure of NH4[(Zn1-xCox)BP2O8] (0 <= x <= 0.14), a metallo-borophosphate analogue of the zeolite gismondine|Microporous And Mesoporous Materials|2000 41 161 167
B Co0.12 H4 N O8 P2 Zn0.88
7.4319(11) 7.5997(5) 7.8402(2) 118.9940(9) 101.6597(9) 103.4308(14)
P-1
Zn1 ? ? 0.30563(9) 0.20424(10) 0.75852(9) 0.88 0.01224(18)
Co1 ? ? 0.30563(9) 0.20424(10) 0.75852(9) 0.12 0.01224(18)
B1 ? ? 0.2004(8) 0.4237(9) 0.4293(9) ? 0.0120(11)
P1 ? ? 0.04687(18) -0.2814(2) 0.4122(2) ? 0.0108(3)
P2 ? ? 0.53379(18) 0.6141(2) 0.7755(2) ? 0.0105(3)
O1 ? ? 0.3376(5) 0.5976(5) 0.6397(5) ? 0.0131(7)
O2 ? ? 0.5795(5) 0.8001(6) 0.9976(5) ? 0.0158(8)
O3 ? ? 0.0907(5) -0.4912(5) 0.3305(5) ? 0.0128(7)
O4 ? ? 0.7015(5) 0.6930(5) 0.7090(5) ? 0.0135(7)
O5 ? ? 0.2358(5) -0.0830(5) 0.5155(5) ? 0.0154(8)
O6 ? ? -0.0523(5) -0.2511(5) 0.5761(5) ? 0.0139(7)
O7 ? ? 0.5185(5) 0.4007(5) 0.7486(6) ? 0.0161(8)
O8 ? ? -0.0962(5) -0.3183(6) 0.2192(6) ? 0.0163(8)
N1 ? ? 0.2304(8) 0.8394(9) 1.0923(8) ? 0.0317(13)
H1 ? ? 0.261(7) 0.815(8) 1.185(6) ? 0.038
H2 ? ? 0.124(5) 0.743(7) 0.992(6) ? 0.038
H3 ? ? 0.325(6) 0.847(8) 1.045(7) ? 0.038
H4 ? ? 0.220(7) 0.963(6) 1.146(7) ? 0.038
