||Elena Grachova; P. Jutzi; Beate Neumann; Hans-Georg Stammler|Novel rhodium and ruthenium carbonyl cluster complexes with face- and edge-bridging GaCp* ligands. Synthesis and Structural Characterization of the Rh6(CO)12(GaCp*)4 and Ru6(C)(CO)(CO)13(GaCp*)2(GaCp*) clusters.|Dalton Trans.|2005
C48 H52 Ga3 O14 Ru6
11.796(7) 11.878(6) 20.135(12) 104.97(4) 97.75(5) 91.00(5)
P-1
Ru1 1 ? 0.22734(6) 0.04958(6) 0.17743(3) 1 0.03763(18)
Ru2 1 ? 0.28378(5) -0.12677(5) 0.24967(3) 1 0.02867(15)
Ru3 1 ? 0.45523(6) 0.04146(6) 0.25103(3) 1 0.03231(16)
Ru4 1 ? 0.30635(9) 0.23037(6) 0.30490(3) 1 0.0561(3)
Ru5 1 ? 0.13103(6) 0.05768(8) 0.30415(3) 1 0.0494(2)
Ru6 1 ? 0.36104(5) 0.05125(5) 0.37709(3) 1 0.02946(15)
Ga1 1 ? 0.07726(8) -0.10230(12) 0.19049(5) 1 0.0550(3)
Ga2 1 ? 0.39072(13) 0.20714(9) 0.19272(5) 1 0.0623(4)
Ga3 1 ? 0.17619(10) 0.24858(9) 0.39555(5) 1 0.0510(3)
O1 1 ? 0.0456(7) 0.1784(7) 0.1111(3) 1 0.079(3)
O2 1 ? 0.2786(5) -0.0921(5) 0.0380(3) 1 0.0476(15)
O3 1 ? 0.2363(7) -0.2895(7) 0.3364(4) 1 0.075(2)
O4 1 ? 0.2800(6) -0.3158(5) 0.1162(3) 1 0.0513(16)
O5 1 ? 0.6806(7) 0.1410(8) 0.3387(4) 1 0.088(3)
O6 1 ? 0.5594(5) -0.0394(7) 0.1188(3) 1 0.0549(17)
O7 1 ? 0.5292(5) -0.2040(6) 0.2464(3) 1 0.0494(16)
O8 1 ? 0.4811(10) 0.4214(7) 0.3866(4) 1 0.095(3)
O9 1 ? 0.1475(11) 0.3921(8) 0.2513(4) 1 0.122(5)
O10 1 ? -0.0080(6) -0.0585(9) 0.3860(4) 1 0.083(3)
O11 1 ? -0.0690(8) 0.1791(9) 0.2496(4) 1 0.113(4)
O12 1 ? 0.2314(5) -0.0218(6) 0.4808(3) 1 0.0494(16)
O13 1 ? 0.5451(6) -0.1100(6) 0.4087(3) 1 0.0591(19)
O14 1 ? 0.5089(6) 0.2496(6) 0.4808(3) 1 0.0558(18)
C1 1 ? 0.1152(9) 0.1288(9) 0.1349(4) 1 0.056(3)
C2 1 ? 0.2576(7) -0.0378(8) 0.0904(4) 1 0.041(2)
C3 1 ? 0.2565(8) -0.2299(8) 0.3031(5) 1 0.047(2)
C4 1 ? 0.2770(7) -0.2460(7) 0.1661(4) 1 0.0380(19)
C5 1 ? 0.5965(9) 0.1021(10) 0.3051(5) 1 0.059(3)
C6 1 ? 0.5215(7) -0.0043(8) 0.1688(4) 1 0.039(2)
C7 1 ? 0.4612(7) -0.1332(7) 0.2503(4) 1 0.0348(18)
C8 1 ? 0.4130(13) 0.3495(9) 0.3561(5) 1 0.075(4)
C9 1 ? 0.2117(14) 0.3346(10) 0.2721(5) 1 0.094(5)
C10 1 ? 0.0436(8) -0.0138(12) 0.3551(5) 1 0.068(4)
C11 1 ? 0.0050(10) 0.1303(12) 0.2710(5) 1 0.084(5)
C12 1 ? 0.2749(7) 0.0102(7) 0.4411(4) 1 0.0385(19)
C13 1 ? 0.4751(8) -0.0511(8) 0.3948(4) 1 0.042(2)
C14 1 ? 0.4493(8) 0.1799(7) 0.4408(4) 1 0.0385(19)
C15 1 ? 0.2920(7) 0.0530(7) 0.2766(4) 1 0.0355(18)
C16 1 ? -0.1183(8) -0.1729(10) 0.1897(5) 1 0.052(2)
C17 1 ? -0.0805(7) -0.1597(8) 0.1271(4) 1 0.042(2)
C18 1 ? -0.0143(7) -0.2581(7) 0.1002(4) 1 0.0371(19)
C19 1 ? -0.0090(8) -0.3267(8) 0.1478(5) 1 0.046(2)
C20 1 ? -0.0711(8) -0.2741(10) 0.2016(5) 1 0.053(3)
C21 1 ? -0.1996(8) -0.0984(12) 0.2299(6) 1 0.078(4)
H21A 1 ? -0.2184 -0.0332 0.2096 1 0.117
H21B 1 ? -0.1640 -0.0679 0.2783 1 0.117
H21C 1 ? -0.2698 -0.1451 0.2281 1 0.117
C22 1 ? -0.1349(8) -0.0825(8) 0.0845(5) 1 0.048(2)
H22A 1 ? -0.1756 -0.0222 0.1137 1 0.072
H22B 1 ? -0.1890 -0.1295 0.0456 1 0.072
H22C 1 ? -0.0753 -0.0454 0.0664 1 0.072
C23 1 ? 0.0268(8) -0.2859(8) 0.0313(4) 1 0.044(2)
H23A 1 ? 0.0112 -0.2217 0.0097 1 0.066
H23B 1 ? -0.0133 -0.3579 0.0014 1 0.066
H23C 1 ? 0.1094 -0.2964 0.0375 1 0.066
C24 1 ? 0.0516(11) -0.4384(9) 0.1424(6) 1 0.078(4)
H24A 1 ? 0.0421 -0.4683 0.1824 1 0.118
H24B 1 ? 0.1333 -0.4234 0.1416 1 0.118
H24C 1 ? 0.0188 -0.4961 0.0995 1 0.118
C25 1 ? -0.0846(10) -0.3221(12) 0.2633(6) 1 0.081(4)
H25A 1 ? -0.0432 -0.3938 0.2596 1 0.121
H25B 1 ? -0.1660 -0.3393 0.2637 1 0.121
H25C 1 ? -0.0532 -0.2641 0.3064 1 0.121
C26 1 ? 0.3964(8) 0.3347(7) 0.1349(4) 1 0.041(2)
C27 1 ? 0.4777(7) 0.2489(7) 0.1094(4) 1 0.0341(18)
C28 1 ? 0.5808(8) 0.2766(8) 0.1552(5) 1 0.046(2)
C29 1 ? 0.5660(9) 0.3765(9) 0.2089(5) 1 0.053(3)
C30 1 ? 0.4564(9) 0.4150(7) 0.1969(4) 1 0.048(2)
C31 1 ? 0.2852(7) 0.3552(8) 0.0948(4) 1 0.040(2)
H31A 1 ? 0.2627 0.2874 0.0552 1 0.061
H31B 1 ? 0.2947 0.4248 0.0780 1 0.061
H31C 1 ? 0.2256 0.3669 0.1251 1 0.061
C32 1 ? 0.4588(7) 0.1639(7) 0.0390(4) 1 0.0387(19)
H32A 1 ? 0.3785 0.1625 0.0185 1 0.058
H32B 1 ? 0.4774 0.0858 0.0435 1 0.058
H32C 1 ? 0.5083 0.1877 0.0091 1 0.058
C33 1 ? 0.6907(8) 0.2154(11) 0.1486(6) 1 0.072(3)
H33A 1 ? 0.6793 0.1483 0.1077 1 0.107
H33B 1 ? 0.7138 0.1885 0.1903 1 0.107
H33C 1 ? 0.7507 0.2695 0.1436 1 0.107
C34 1 ? 0.6570(11) 0.4347(12) 0.2684(5) 1 0.088(4)
H34A 1 ? 0.7266 0.3909 0.2651 1 0.132
H34B 1 ? 0.6295 0.4364 0.3125 1 0.132
H34C 1 ? 0.6742 0.5147 0.2664 1 0.132
C35 1 ? 0.4075(12) 0.5219(8) 0.2373(5) 1 0.082(4)
H35A 1 ? 0.3283 0.5266 0.2166 1 0.123
H35B 1 ? 0.4532 0.5911 0.2365 1 0.123
H35C 1 ? 0.4089 0.5181 0.2855 1 0.123
C36A 1 ? 0.0134(5) 0.3281(6) 0.4421(3) 0.501(8) 0.029(3)
C37A 1 ? 0.0727(5) 0.4203(5) 0.4265(3) 0.501(8) 0.029(3)
C38A 1 ? 0.1836(5) 0.4371(5) 0.4663(3) 0.501(8) 0.029(3)
C39A 1 ? 0.1929(5) 0.3553(6) 0.5065(3) 0.501(8) 0.028(3)
C40A 1 ? 0.0877(5) 0.2880(6) 0.4915(3) 0.501(8) 0.032(4)
C41A 1 ? -0.1073(8) 0.2810(9) 0.4116(5) 0.501(8) 0.048(5)
H41A 1 ? -0.1276 0.2173 0.4312 0.501(8) 0.073
H41B 1 ? -0.1123 0.2518 0.3610 0.501(8) 0.073
H41C 1 ? -0.1604 0.3435 0.4227 0.501(8) 0.073
C42A 1 ? 0.0260(8) 0.4884(8) 0.3765(5) 0.501(8) 0.036(4)
H42A 1 ? 0.0842 0.5474 0.3752 0.501(8) 0.054
H42B 1 ? -0.0424 0.5270 0.3917 0.501(8) 0.054
H42C 1 ? 0.0057 0.4354 0.3300 0.501(8) 0.054
C43A 1 ? 0.2755(8) 0.5263(8) 0.4659(5) 0.501(8) 0.044(4)
H43A 1 ? 0.3435 0.5192 0.4980 0.501(8) 0.066
H43B 1 ? 0.2473 0.6047 0.4806 0.501(8) 0.066
H43C 1 ? 0.2954 0.5131 0.4189 0.501(8) 0.066
C44A 1 ? 0.2964(8) 0.3423(9) 0.5563(5) 0.501(8) 0.039(4)
H44A 1 ? 0.3573 0.3998 0.5567 0.501(8) 0.058
H44B 1 ? 0.3235 0.2635 0.5414 0.501(8) 0.058
H44C 1 ? 0.2755 0.3551 0.6030 0.501(8) 0.058
C45A 1 ? 0.0598(8) 0.1907(9) 0.5227(5) 0.501(8) 0.048(5)
H45A 1 ? -0.0184 0.1586 0.5036 0.501(8) 0.073
H45B 1 ? 0.0658 0.2208 0.5732 0.501(8) 0.073
H45C 1 ? 0.1138 0.1292 0.5116 0.501(8) 0.073
C36B 1 ? 0.0231(5) 0.3781(5) 0.4290(3) 0.499(8) 0.026(3)
C37B 1 ? 0.1255(5) 0.4500(6) 0.4424(3) 0.499(8) 0.028(3)
C38B 1 ? 0.2038(5) 0.4148(6) 0.4924(3) 0.499(8) 0.029(3)
C39B 1 ? 0.1498(5) 0.3211(5) 0.5099(3) 0.499(8) 0.027(3)
C40B 1 ? 0.0381(5) 0.2984(5) 0.4707(3) 0.499(8) 0.025(3)
C41B 1 ? -0.0832(8) 0.3850(8) 0.3792(5) 0.499(8) 0.041(4)
H41D 1 ? -0.0711 0.4477 0.3570 0.499(8) 0.061
H41E 1 ? -0.1486 0.4014 0.4048 0.499(8) 0.061
H41F 1 ? -0.0986 0.3106 0.3437 0.499(8) 0.061
C42B 1 ? 0.1472(8) 0.5469(9) 0.4094(5) 0.499(8) 0.048(5)
H42D 1 ? 0.0795 0.5532 0.3768 0.499(8) 0.071
H42E 1 ? 0.2132 0.5299 0.3843 0.499(8) 0.071
H42F 1 ? 0.1631 0.6207 0.4455 0.499(8) 0.071
C43B 1 ? 0.3234(8) 0.4677(9) 0.5217(5) 0.499(8) 0.051(5)
H43D 1 ? 0.3397 0.5312 0.5009 0.499(8) 0.076
H43E 1 ? 0.3791 0.4077 0.5111 0.499(8) 0.076
H43F 1 ? 0.3290 0.4985 0.5722 0.499(8) 0.076
C44B 1 ? 0.2020(8) 0.2569(8) 0.5611(5) 0.499(8) 0.034(4)
H44D 1 ? 0.1469 0.1960 0.5636 0.499(8) 0.051
H44E 1 ? 0.2215 0.3119 0.6070 0.499(8) 0.051
H44F 1 ? 0.2715 0.2211 0.5458 0.499(8) 0.051
C45B 1 ? -0.0493(7) 0.2058(8) 0.4730(5) 0.499(8) 0.036(4)
H45D 1 ? -0.0176 0.1626 0.5060 0.499(8) 0.054
H45E 1 ? -0.0685 0.1520 0.4267 0.499(8) 0.054
H45F 1 ? -0.1186 0.2428 0.4878 0.499(8) 0.054
C46A 1 ? -0.263(2) -0.529(3) 0.0649(18) 0.50 0.145(14)
H46A 1 ? -0.1933 -0.5364 0.0960 0.50 0.218
H46B 1 ? -0.2409 -0.5068 0.0244 0.50 0.218
H46C 1 ? -0.3073 -0.6037 0.0494 0.50 0.218
C47A 1 ? -0.3352(19) -0.434(2) 0.1039(13) 0.50 0.080(8)
H47A 1 ? -0.2894 -0.3593 0.1212 0.50 0.096
H47B 1 ? -0.3586 -0.4570 0.1442 0.50 0.096
C48A 1 ? -0.442(2) -0.421(2) 0.0542(13) 0.50 0.108(10)
H48A 1 ? -0.4225 -0.3521 0.0376 0.50 0.130
H48B 1 ? -0.5015 -0.3954 0.0845 0.50 0.130
C49A 1 ? -0.505(2) -0.509(3) -0.0106(18) 0.50 0.095(8)
H49A 1 ? -0.5207 -0.5825 0.0024 0.50 0.114
H49B 1 ? -0.4529 -0.5272 -0.0459 0.50 0.114
C50A 1 ? -0.6194(18) -0.4749(19) -0.0452(12) 0.50 0.070(6)
H50A 1 ? -0.6716 -0.4500 -0.0102 0.50 0.084
H50B 1 ? -0.6052 -0.4090 -0.0652 0.50 0.084
C51A 1 ? -0.675(6) -0.581(5) -0.103(4) 0.50 0.36(6)
H51A 1 ? -0.7479 -0.5603 -0.1246 0.50 0.544
H51B 1 ? -0.6874 -0.6462 -0.0829 0.50 0.544
H51C 1 ? -0.6234 -0.6037 -0.1381 0.50 0.544
