||Thomas A. Kaden; Antonio Comparone; Markus Neuburger; Liselotte Siegfried|Selective metal promoted hydrolysis of nitrile groups in the side chain of tetraazamacrocyclic Cu2+ - complexes|Dalton Trans.|2005
C18 H36 Cl2 Cu1 N6 O9
9.4996(11) 12.3999(15) 21.391(2) 90 90 90
P212121
Cu1 ? ? 0.04847(8) 0.03237(6) 0.11939(4) 1.0000 0.0298
N1 ? ? -0.1256(7) 0.0005(5) 0.0613(3) 1.0000 0.0394
N2 ? ? -0.0943(6) 0.0809(4) 0.1866(3) 1.0000 0.0305
N3 ? ? 0.2291(7) 0.0602(5) 0.1772(3) 1.0000 0.0358
N4 ? ? 0.1796(7) 0.0595(5) 0.0452(3) 1.0000 0.0401
N5 ? ? 0.0975(7) -0.2995(5) 0.0937(3) 1.0000 0.0443
N6 ? ? 0.4355(10) -0.1898(7) 0.3245(4) 1.0000 0.0658
O1 ? ? 0.0735(5) -0.1376(4) 0.1338(2) 1.0000 0.0403
C1 ? ? -0.2524(7) 0.0182(7) 0.1030(4) 1.0000 0.0445
C2 ? ? -0.2231(8) 0.1087(7) 0.1499(4) 1.0000 0.0451
C3 ? ? -0.1297(9) -0.0080(7) 0.2313(4) 1.0000 0.0470
C4 ? ? -0.0499(9) 0.1768(6) 0.2221(3) 1.0000 0.0439
C5 ? ? 0.0887(8) 0.1711(7) 0.2538(4) 1.0000 0.0436
C6 ? ? 0.2128(10) 0.1644(7) 0.2099(4) 1.0000 0.0478
C7 ? ? 0.3502(8) 0.0701(7) 0.1315(4) 1.0000 0.0435
C8 ? ? 0.3011(8) 0.1224(7) 0.0725(4) 1.0000 0.0455
C9 ? ? 0.2307(8) -0.0418(7) 0.0184(4) 1.0000 0.0442
C10 ? ? 0.1207(9) 0.1280(7) -0.0065(4) 1.0000 0.0449
C11 ? ? -0.0124(9) 0.0872(7) -0.0341(3) 1.0000 0.0465
C12 ? ? -0.1359(9) 0.0850(7) 0.0115(4) 1.0000 0.0469
C13 ? ? -0.1395(9) -0.1057(6) 0.0326(4) 1.0000 0.0432
C14 ? ? -0.1187(9) -0.2041(7) 0.0729(4) 1.0000 0.0462
C15 ? ? 0.0235(8) -0.2126(5) 0.1018(3) 1.0000 0.0369
C16 ? ? 0.2547(8) -0.0316(7) 0.2209(3) 1.0000 0.0365
C17 ? ? 0.3870(9) -0.0167(7) 0.2619(4) 1.0000 0.0479
C18 ? ? 0.4135(9) -0.1134(7) 0.2972(4) 1.0000 0.0477
Cl1 ? ? 0.02168(19) 0.41286(14) 0.09780(8) 1.0000 0.0379
Cl2 ? ? 0.5059(2) -0.26104(15) 0.13141(10) 1.0000 0.0462
O2 ? ? -0.0795(6) 0.4587(6) 0.1384(3) 1.0000 0.0608
O3 ? ? -0.0291(9) 0.3099(5) 0.0777(3) 1.0000 0.0788
O4 ? ? 0.1535(6) 0.4033(6) 0.1294(3) 1.0000 0.0648
O5 ? ? 0.0385(6) 0.4806(5) 0.0437(2) 1.0000 0.0504
O6 ? ? 0.3825(8) -0.3042(7) 0.1601(4) 1.0000 0.0937
O7 ? ? 0.4801(11) -0.2080(9) 0.0753(4) 1.0000 0.1097
O8 ? ? 0.5949(7) -0.3482(5) 0.1187(4) 1.0000 0.0724
O9 ? ? 0.5734(8) -0.1897(6) 0.1718(3) 1.0000 0.0750
H1 ? ? 0.1939(7) -0.3050(5) 0.1122(3) 1.0000 0.0516
H2 ? ? 0.0584(7) -0.3609(5) 0.0688(3) 1.0000 0.0516
H11 ? ? -0.2722(7) -0.0491(7) 0.1272(4) 1.0000 0.0658
H12 ? ? -0.3360(7) 0.0366(7) 0.0766(4) 1.0000 0.0658
H21 ? ? -0.3051(8) 0.1193(7) 0.1786(4) 1.0000 0.0580
H22 ? ? -0.2054(8) 0.1766(7) 0.1260(4) 1.0000 0.0580
H31 ? ? -0.0435(9) -0.0270(7) 0.2557(4) 1.0000 0.0582
H32 ? ? -0.2061(9) 0.0151(7) 0.2605(4) 1.0000 0.0582
H33 ? ? -0.1618(9) -0.0724(7) 0.2070(4) 1.0000 0.0582
H41 ? ? -0.1237(9) 0.1915(6) 0.2543(3) 1.0000 0.0549
H42 ? ? -0.0459(9) 0.2384(6) 0.1919(3) 1.0000 0.0549
H51 ? ? 0.1003(8) 0.2366(7) 0.2806(4) 1.0000 0.0524
H52 ? ? 0.0892(8) 0.1052(7) 0.2808(4) 1.0000 0.0524
H61 ? ? 0.3011(10) 0.1785(7) 0.2341(4) 1.0000 0.0640
H62 ? ? 0.2008(10) 0.2212(7) 0.1772(4) 1.0000 0.0640
H71 ? ? 0.4278(8) 0.1128(7) 0.1511(4) 1.0000 0.0522
H72 ? ? 0.3857(8) -0.0035(7) 0.1205(4) 1.0000 0.0522
H81 ? ? 0.3793(8) 0.1277(7) 0.0414(4) 1.0000 0.0566
H82 ? ? 0.2668(8) 0.1963(7) 0.0832(4) 1.0000 0.0566
H91 ? ? 0.1479(8) -0.0821(7) 0.0015(4) 1.0000 0.0550
H92 ? ? 0.2771(8) -0.0855(7) 0.0518(4) 1.0000 0.0550
H93 ? ? 0.2995(8) -0.0279(7) -0.0161(4) 1.0000 0.0550
H101 ? ? 0.1000(9) 0.2008(7) 0.0113(4) 1.0000 0.0536
H102 ? ? 0.1929(9) 0.1349(7) -0.0403(4) 1.0000 0.0536
H111 ? ? -0.0372(9) 0.1338(7) -0.0706(3) 1.0000 0.0614
H112 ? ? 0.0042(9) 0.0117(7) -0.0487(3) 1.0000 0.0614
H121 ? ? -0.1395(9) 0.1568(7) 0.0327(4) 1.0000 0.0594
H122 ? ? -0.2251(9) 0.0732(7) -0.0124(4) 1.0000 0.0594
H131 ? ? -0.2353(9) -0.1094(6) 0.0134(4) 1.0000 0.0473
H132 ? ? -0.0665(9) -0.1103(6) -0.0010(4) 1.0000 0.0473
H141 ? ? -0.1910(9) -0.2014(7) 0.1068(4) 1.0000 0.0568
H142 ? ? -0.1339(9) -0.2700(7) 0.0468(4) 1.0000 0.0568
H161 ? ? 0.1708(8) -0.0434(7) 0.2483(3) 1.0000 0.0498
H162 ? ? 0.2710(8) -0.0973(7) 0.1947(3) 1.0000 0.0498
H171 ? ? 0.3690(9) 0.0448(7) 0.2911(4) 1.0000 0.0554
H172 ? ? 0.4705(9) 0.0002(7) 0.2352(4) 1.0000 0.0554
