alfa-Oximino(2-benzoxazolyl)-acetonitrile|alfa-Oximino(2-benzoxazolyl)-acetonitrile|Ilkun, Olesya T.; Archibald, Stephen J.; Barnes, Charles L.; Gerasimchuk, Nikolay; Biagioni, Richard; Silchenko, Svitlana; Gerasimchuk, Olga A.; Nemykin, Victor N.|Benz(2-heteroaryl)cyanoximes and their Tl(i) complexes: new room temperature blue emitters|Dalton Transactions|2008 (42) 5715 5729
C18 H10 N6 O4
14.1723(19) 7.1591(10) 17.461(2) 90.00 101.404(2) 90.00
P121/c1
C1A 1 ? 0.6807(3) 0.5219(6) 0.8850(2) 1 0.0382(11)
C2A 1 ? 0.6825(4) 0.4567(6) 1.0062(3) 1 0.0427(12)
C3A 1 ? 0.6588(4) 0.4309(7) 1.0786(3) 1 0.0547(14)
H3A 1 ? 0.5969 0.4580 1.0890 1 0.066
C4A 1 ? 0.7334(5) 0.3621(8) 1.1341(3) 1 0.0609(15)
H4A 1 ? 0.7223 0.3396 1.1851 1 0.073
C5A 1 ? 0.8237(4) 0.3240(7) 1.1193(3) 1 0.0604(16)
H5A 1 ? 0.8721 0.2771 1.1603 1 0.072
C6A 1 ? 0.8458(4) 0.3524(7) 1.0460(3) 1 0.0527(14)
H6A 1 ? 0.9079 0.3274 1.0358 1 0.063
C7A 1 ? 0.7713(4) 0.4195(6) 0.9890(3) 1 0.0411(12)
C8A 1 ? 0.6399(4) 0.5922(6) 0.8092(3) 1 0.0413(12)
C9A 1 ? 0.5448(4) 0.6653(7) 0.7926(3) 1 0.0453(13)
C1B 1 ? 0.8754(3) 0.6796(6) 0.5853(2) 1 0.0364(11)
C2B 1 ? 0.8018(3) 0.5821(6) 0.4709(3) 1 0.0376(11)
C3B 1 ? 0.7774(4) 0.5294(6) 0.3942(3) 1 0.0432(12)
H3B 1 ? 0.8218 0.5338 0.3599 1 0.052
C4B 1 ? 0.6840(4) 0.4697(7) 0.3701(3) 1 0.0478(13)
H4B 1 ? 0.6630 0.4310 0.3175 1 0.057
C5B 1 ? 0.6198(4) 0.4643(7) 0.4203(3) 1 0.0541(14)
H5B 1 ? 0.5561 0.4213 0.4011 1 0.065
C6B 1 ? 0.6451(4) 0.5194(7) 0.4974(3) 1 0.0498(13)
H6B 1 ? 0.6005 0.5167 0.5315 1 0.060
C7B 1 ? 0.7399(3) 0.5791(6) 0.5225(2) 1 0.0365(11)
C8B 1 ? 0.9539(3) 0.7557(6) 0.6416(3) 1 0.0382(11)
C9B 1 ? 0.9417(3) 0.7918(7) 0.7196(3) 1 0.0436(12)
N1A 1 ? 0.7679(3) 0.4637(5) 0.9102(2) 1 0.0398(10)
N2A 1 ? 0.7083(4) 0.5873(6) 0.7579(2) 1 0.0804(19)
N3A 1 ? 0.4681(4) 0.7252(7) 0.7804(2) 1 0.0639(13)
N1B 1 ? 0.7898(3) 0.6423(5) 0.5953(2) 1 0.0411(10)
H1B 1 ? 0.7674 0.6539 0.6385 1 0.049
N2B 1 ? 1.0329(3) 0.7982(5) 0.6190(2) 1 0.0415(10)
N3B 1 ? 0.9344(3) 0.8268(7) 0.7817(3) 1 0.0649(13)
O1A 1 ? 0.6228(2) 0.5234(4) 0.93826(17) 1 0.0434(8)
O2A 1 ? 0.6622(3) 0.6617(6) 0.6949(3) 1 0.0807(13)
O1B 1 ? 0.8904(2) 0.6478(4) 0.51164(16) 1 0.0394(8)
O2B 1 ? 1.0995(2) 0.8712(5) 0.67757(18) 1 0.0493(9)
H2B 1 ? 1.1495 0.8972 0.6608 1 0.074
