|? #Insert the chemical name here.|Garry Mund; Raymond J. Batchelor; Rajendra D. Sharma; Colin H. W. Jones; Daniel B. Leznoff|{FeCl[tBuN(SiMe2)]2O}2: The first multinuclear iron(III) complex exhibiting spin-admixture|J. Chem. Soc., Dalton Trans.|2002 (2) 136 137
C12 H30 Cl Fe N2 O Si2
10.737(3) 15.744(3) 12.523(3) 90.0 111.967(19) 90.0
P121/n1
Fe ? ? 0.48405(9) 0.01626(5) 0.85811(7) . 0.0444(6)
Cl ? ? 0.40895(16) -0.08592(9) 0.95317(12) . 0.0590(11)
Si1 ? ? 0.69677(19) 0.07089(12) 0.78398(15) . 0.0564(13)
Si2 ? ? 0.44325(19) 0.17909(11) 0.74257(16) . 0.0618(14)
O ? ? 0.5979(4) 0.14436(21) 0.8005(3) . 0.052(3)
N1 ? ? 0.6213(4) -0.0193(3) 0.8083(3) . 0.047(3)
N2 ? ? 0.3551(5) 0.0918(3) 0.7588(3) . 0.048(3)
C10 ? ? 0.6600(7) -0.1075(4) 0.7993(6) . 0.064(5)
C11 ? ? 0.7259(7) -0.1453(4) 0.9184(6) . 0.111(7)
C12 ? ? 0.5352(8) -0.1585(4) 0.7319(6) . 0.107(8)
C13 ? ? 0.7591(8) -0.1155(4) 0.7391(7) . 0.108(7)
C14 ? ? 0.8645(6) 0.0900(4) 0.8950(5) . 0.082(5)
C15 ? ? 0.7047(7) 0.0824(4) 0.6390(5) . 0.101(7)
C20 ? ? 0.2093(6) 0.0794(4) 0.7022(5) . 0.060(4)
C21 ? ? 0.1307(13) 0.1607(8) 0.6999(15) 0.567(7) 0.103(12)
C22 ? ? 0.1849(16) 0.0531(12) 0.5796(11) 0.567(7) 0.119(13)
C23 ? ? 0.1558(10) 0.0128(9) 0.7605(12) 0.567(7) 0.083(10)
C1 ? ? 0.1830(18) -0.0105(10) 0.6512(18) 0.433(7) 0.104(13)
C2 ? ? 0.1519(16) 0.0901(14) 0.7918(15) 0.433(7) 0.099(14)
C3 ? ? 0.1392(18) 0.1381(13) 0.6032(17) 0.433(7) 0.101(14)
C24 ? ? 0.4307(6) 0.2708(4) 0.8295(6) . 0.105(7)
C25 ? ? 0.4115(7) 0.2148(5) 0.5947(6) . 0.121(6)
H111 ? ? 0.7520 -0.2026 0.9147 . 0.131(10)
H112 ? ? 0.8031 -0.1123 0.9598 . 0.131(10)
H113 ? ? 0.6643 -0.1430 0.9566 . 0.131(10)
H121 ? ? 0.5570 -0.2162 0.7252 . 0.133(10)
H122 ? ? 0.4737 -0.1554 0.7702 . 0.133(10)
H123 ? ? 0.4955 -0.1341 0.6574 . 0.133(10)
H131 ? ? 0.7836 -0.1731 0.7348 . 0.139(10)
H132 ? ? 0.8374 -0.0831 0.7794 . 0.139(10)
H133 ? ? 0.7165 -0.0934 0.6635 . 0.139(10)
H141 ? ? 0.9009 0.1409 0.8780 . 0.123(9)
H142 ? ? 0.8575 0.0950 0.9682 . 0.123(9)
H143 ? ? 0.9217 0.0436 0.8961 . 0.123(9)
H151 ? ? 0.7481 0.1341 0.6342 . 0.142(9)
H152 ? ? 0.7527 0.0359 0.6245 . 0.142(9)
H153 ? ? 0.6154 0.0826 0.5836 . 0.142(9)
H211 ? ? 0.0375 0.1485 0.6647 0.567(7) 0.107(11)
H212 ? ? 0.1470 0.1935 0.7675 0.567(7) 0.107(11)
H213 ? ? 0.1587 0.1918 0.6477 0.567(7) 0.107(11)
H221 ? ? 0.0909 0.0444 0.5416 0.567(7) 0.107(11)
H222 ? ? 0.2294 -0.0003 0.5955 0.567(7) 0.107(11)
H223 ? ? 0.2175 0.0856 0.5315 0.567(7) 0.107(11)
H231 ? ? 0.0613 0.0078 0.7209 0.567(7) 0.107(11)
H232 ? ? 0.1743 0.0328 0.8365 0.567(7) 0.107(11)
H233 ? ? 0.1966 -0.0412 0.7638 0.567(7) 0.107(11)
H241 ? ? 0.4818 0.3160 0.8163 . 0.154(9)
H242 ? ? 0.4641 0.2574 0.9093 . 0.154(9)
H243 ? ? 0.3391 0.2874 0.8054 . 0.154(9)
H251 ? ? 0.4646 0.2633 0.5952 . 0.154(9)
H252 ? ? 0.3192 0.2281 0.5555 . 0.154(9)
H253 ? ? 0.4357 0.1693 0.5565 . 0.154(9)
H11 ? ? 0.0962 -0.0277 0.6466 0.433(7) 0.107(11)
H12 ? ? 0.2487 -0.0477 0.7014 0.433(7) 0.107(11)
H13 ? ? 0.1870 -0.0126 0.5767 0.433(7) 0.107(11)
H21 ? ? 0.0737 0.0560 0.7750 0.433(7) 0.107(11)
H22 ? ? 0.2177 0.0731 0.8636 0.433(7) 0.107(11)
H23 ? ? 0.1294 0.1481 0.7958 0.433(7) 0.107(11)
H31 ? ? 0.0477 0.1218 0.5665 0.433(7) 0.107(11)
H32 ? ? 0.1440 0.1940 0.6329 0.433(7) 0.107(11)
H33 ? ? 0.1817 0.1366 0.5489 0.433(7) 0.107(11)
