||McConnell, Anna J.; Serpell, Christopher J.; Beer, Paul D.|Extending the family of heteroditopic calix[4]diquinone receptors for cooperative AND ion-pair recognition|New Journal of Chemistry|2012 36(1) 102
C52 H46 N2 O10
12.5858(2) 20.2654(2) 17.1345(2) 90 99.8495(5) 90
P121/c1
C1 ? ? 0.37107(13) 0.33858(7) 0.33565(9) 1.0000 0.0238
C2 ? ? 0.46942(12) 0.37209(8) 0.35008(9) 1.0000 0.0249
C3 ? ? 0.48739(14) 0.41447(9) 0.41488(10) 1.0000 0.0323
C4 ? ? 0.40995(15) 0.42439(9) 0.46223(11) 1.0000 0.0362
C5 ? ? 0.31095(14) 0.39326(9) 0.44374(10) 1.0000 0.0325
C6 ? ? 0.28951(13) 0.34960(8) 0.38044(9) 1.0000 0.0253
C7 ? ? 0.17899(13) 0.31812(8) 0.35874(10) 1.0000 0.0287
C8 ? ? 0.09671(12) 0.38395(8) 0.23708(9) 1.0000 0.0241
C9 ? ? 0.09813(12) 0.36734(8) 0.31671(10) 1.0000 0.0249
C10 ? ? 0.02633(13) 0.39913(8) 0.35754(10) 1.0000 0.0281
C11 ? ? -0.04423(13) 0.44666(8) 0.32119(10) 1.0000 0.0283
C12 ? ? -0.04262(12) 0.46358(8) 0.24303(10) 1.0000 0.0276
C13 ? ? 0.02740(12) 0.43273(8) 0.19992(9) 1.0000 0.0245
C14 ? ? 0.03074(12) 0.45195(8) 0.11480(10) 1.0000 0.0267
C15 ? ? 0.11817(12) 0.50263(8) 0.10964(9) 1.0000 0.0239
C16 ? ? 0.10853(13) 0.56667(8) 0.13720(10) 1.0000 0.0288
C17 ? ? 0.19115(15) 0.61214(8) 0.13851(11) 1.0000 0.0329
C18 ? ? 0.28580(14) 0.59394(8) 0.11341(10) 1.0000 0.0301
C19 ? ? 0.29876(13) 0.53043(8) 0.08529(9) 1.0000 0.0246
C20 ? ? 0.21313(12) 0.48634(7) 0.08244(9) 1.0000 0.0221
C21 ? ? 0.40536(13) 0.50961(8) 0.06244(10) 1.0000 0.0261
C22 ? ? 0.48537(12) 0.43908(7) 0.18077(9) 1.0000 0.0227
C23 ? ? 0.49094(12) 0.49518(8) 0.13397(9) 1.0000 0.0245
C24 ? ? 0.57757(13) 0.53798(8) 0.15534(10) 1.0000 0.0282
C25 ? ? 0.65605(13) 0.52642(9) 0.22087(11) 1.0000 0.0322
C26 ? ? 0.64712(13) 0.47132(8) 0.26743(10) 1.0000 0.0291
C27 ? ? 0.56299(12) 0.42686(8) 0.24820(9) 1.0000 0.0244
C28 ? ? 0.55363(12) 0.36535(8) 0.29683(10) 1.0000 0.0266
O1 ? ? 0.34948(9) 0.29472(5) 0.27244(6) 1.0000 0.0249
C29 ? ? 0.39505(13) 0.22975(8) 0.28943(10) 1.0000 0.0262
C30 ? ? 0.36596(13) 0.18953(8) 0.21606(10) 1.0000 0.0291
O2 ? ? 0.25413(9) 0.17402(6) 0.20660(7) 1.0000 0.0301
C31 ? ? 0.21735(15) 0.14471(9) 0.13204(11) 1.0000 0.0356
C32 ? ? 0.10122(16) 0.12502(9) 0.12878(12) 1.0000 0.0414
N1 ? ? 0.03165(12) 0.18127(7) 0.13498(9) 1.0000 0.0329
C33 ? ? -0.00518(14) 0.22358(9) 0.07226(10) 1.0000 0.0319
C34 ? ? -0.07943(13) 0.27054(9) 0.10225(11) 1.0000 0.0322
C35 ? ? -0.14063(15) 0.32086(10) 0.06354(13) 1.0000 0.0443
C36 ? ? -0.20684(16) 0.35510(11) 0.10614(18) 1.0000 0.0565
C37 ? ? -0.21142(18) 0.33925(12) 0.18403(19) 1.0000 0.0628
C38 ? ? -0.14886(17) 0.28877(11) 0.22293(14) 1.0000 0.0519
C39 ? ? -0.08248(14) 0.25471(9) 0.18038(11) 1.0000 0.0365
C40 ? ? -0.00952(16) 0.19806(10) 0.20304(11) 1.0000 0.0387
O3 ? ? 0.02026(11) 0.21979(7) 0.00751(8) 1.0000 0.0452
O4 ? ? 0.01234(14) 0.16948(8) 0.26596(9) 1.0000 0.0562
O5 ? ? 0.16033(10) 0.35279(6) 0.19160(7) 1.0000 0.0304
O6 ? ? 0.22807(8) 0.42169(5) 0.05851(6) 1.0000 0.0235
C41 ? ? 0.20100(13) 0.40764(8) -0.02453(10) 1.0000 0.0277
C42 ? ? 0.24632(13) 0.34032(8) -0.03578(10) 1.0000 0.0303
O7 ? ? 0.36133(9) 0.34495(5) -0.01876(7) 1.0000 0.0288
C43 ? ? 0.41415(13) 0.28545(8) 0.00818(9) 1.0000 0.0269
C44 ? ? 0.53223(14) 0.30145(8) 0.03267(12) 1.0000 0.0346
N2 ? ? 0.59907(11) 0.24231(7) 0.04377(9) 1.0000 0.0310
C45 ? ? 0.61787(13) 0.20513(9) 0.11299(11) 1.0000 0.0325
C46 ? ? 0.69226(13) 0.15114(8) 0.09831(11) 1.0000 0.0306
C47 ? ? 0.73419(16) 0.09927(10) 0.14626(12) 1.0000 0.0422
C48 ? ? 0.80416(17) 0.05650(10) 0.11667(14) 1.0000 0.0493
C49 ? ? 0.83071(16) 0.06619(10) 0.04241(14) 1.0000 0.0468
C50 ? ? 0.78896(14) 0.11872(9) -0.00574(12) 1.0000 0.0382
C51 ? ? 0.71841(13) 0.16060(8) 0.02397(10) 1.0000 0.0290
C52 ? ? 0.65948(13) 0.21967(8) -0.01219(10) 1.0000 0.0291
O8 ? ? 0.58043(11) 0.21685(7) 0.17188(8) 1.0000 0.0449
O9 ? ? 0.66100(11) 0.24517(6) -0.07586(8) 1.0000 0.0381
O10 ? ? 0.40703(9) 0.39249(5) 0.16414(7) 1.0000 0.0270
H1 ? ? 0.212(2) 0.3304(12) 0.2203(15) 1.0000 0.060(7)
H2 ? ? 0.356(2) 0.4027(12) 0.1210(15) 1.0000 0.061(7)
H31 ? ? 0.5578 0.4383 0.4276 1.0000 0.0380
H41 ? ? 0.4255 0.4539 0.5096 1.0000 0.0430
H51 ? ? 0.2540 0.4023 0.4765 1.0000 0.0396
H71 ? ? 0.1544 0.3026 0.4081 1.0000 0.0350
H72 ? ? 0.1838 0.2796 0.3230 1.0000 0.0350
H101 ? ? 0.0257 0.3874 0.4142 1.0000 0.0342
H111 ? ? -0.0960 0.4686 0.3511 1.0000 0.0346
H121 ? ? -0.0926 0.4986 0.2172 1.0000 0.0331
H141 ? ? -0.0407 0.4710 0.0908 1.0000 0.0318
H142 ? ? 0.0452 0.4116 0.0847 1.0000 0.0318
H161 ? ? 0.0410 0.5801 0.1563 1.0000 0.0351
H171 ? ? 0.1823 0.6581 0.1576 1.0000 0.0404
H181 ? ? 0.3456 0.6267 0.1155 1.0000 0.0367
H211 ? ? 0.4316 0.5460 0.0312 1.0000 0.0320
H212 ? ? 0.3932 0.4689 0.0291 1.0000 0.0320
H241 ? ? 0.5832 0.5782 0.1224 1.0000 0.0348
H251 ? ? 0.7184 0.5573 0.2345 1.0000 0.0389
H261 ? ? 0.7025 0.4635 0.3158 1.0000 0.0347
H281 ? ? 0.6252 0.3564 0.3306 1.0000 0.0318
H282 ? ? 0.5334 0.3274 0.2600 1.0000 0.0318
H291 ? ? 0.4753 0.2329 0.3044 1.0000 0.0316
H292 ? ? 0.3645 0.2092 0.3338 1.0000 0.0316
H301 ? ? 0.3807 0.2153 0.1693 1.0000 0.0356
H302 ? ? 0.4094 0.1479 0.2209 1.0000 0.0356
H311 ? ? 0.2231 0.1770 0.0889 1.0000 0.0416
H312 ? ? 0.2617 0.1048 0.1254 1.0000 0.0416
H321 ? ? 0.0966 0.0941 0.1736 1.0000 0.0481
H322 ? ? 0.0755 0.1021 0.0773 1.0000 0.0481
H351 ? ? -0.1374 0.3321 0.0072 1.0000 0.0515
H361 ? ? -0.2523 0.3920 0.0801 1.0000 0.0667
H371 ? ? -0.2607 0.3646 0.2129 1.0000 0.0775
H381 ? ? -0.1517 0.2775 0.2794 1.0000 0.0650
H411 ? ? 0.2340 0.4412 -0.0558 1.0000 0.0328
H412 ? ? 0.1209 0.4076 -0.0416 1.0000 0.0328
H421 ? ? 0.2227 0.3254 -0.0917 1.0000 0.0361
H422 ? ? 0.2206 0.3081 0.0011 1.0000 0.0361
H431 ? ? 0.4043 0.2520 -0.0353 1.0000 0.0319
H432 ? ? 0.3842 0.2678 0.0544 1.0000 0.0319
H441 ? ? 0.5559 0.3293 -0.0094 1.0000 0.0417
H442 ? ? 0.5421 0.3266 0.0836 1.0000 0.0417
H471 ? ? 0.7150 0.0927 0.2000 1.0000 0.0492
H481 ? ? 0.8357 0.0182 0.1495 1.0000 0.0566
H491 ? ? 0.8812 0.0346 0.0228 1.0000 0.0547
H501 ? ? 0.8089 0.1259 -0.0591 1.0000 0.0454
