(1S,5S,7(3')S/1R,5R,7(3')R)-(1-Acetyl-5-methyl-6,8- dioxabicyclo(3.2.1)octane)-7-spiro-3'-(indolin-2'-one)||Deevi Basavaiah; Jamjanam Srivardhana Rao; Anumolu Jaganmohan Rao; Raju J. Reddy|TiCl4 Catalyzed Tandem Construction of C-C and C-O Bonds: a Simple and One-Pot Atom-Economical Stereoselective Synthesis of Spiro-Oxindoles|Chemical Communications|2005
C16 H17 N O4
7.508(17) 8.223(7) 12.453(8) 77.46(6) 83.05(10) 74.89(10)
P-1
O1 1 ? 0.4370(2) 0.1961(2) 0.89186(14) 1 0.0607(5)
O2 1 ? 0.0659(2) 0.34280(18) 0.79832(11) 1 0.0444(4)
O3 1 ? 0.09140(19) 0.30697(18) 0.62043(11) 1 0.0429(4)
O4 1 ? 0.4552(3) -0.0704(2) 0.66521(17) 1 0.0717(6)
N1 1 ? 0.3233(3) -0.0448(2) 0.93052(16) 1 0.0514(5)
H1 1 ? 0.404(5) -0.101(5) 0.987(3) 1 0.104(12)
C1 1 ? 0.1718(3) -0.0932(3) 0.90330(17) 1 0.0468(5)
C2 1 ? 0.1112(4) -0.2394(3) 0.9481(2) 1 0.0582(6)
H2 1 ? 0.1762 -0.3255 1.0007 1 0.070
C3 1 ? -0.0500(4) -0.2531(3) 0.9116(2) 1 0.0619(7)
H3 1 ? -0.0942 -0.3504 0.9406 1 0.074
C4 1 ? -0.1477(3) -0.1253(3) 0.8330(2) 1 0.0572(6)
H4 1 ? -0.2564 -0.1373 0.8103 1 0.069
C5 1 ? -0.0832(3) 0.0206(3) 0.78804(19) 1 0.0487(5)
H5 1 ? -0.1480 0.1067 0.7353 1 0.058
C6 1 ? 0.0775(3) 0.0357(3) 0.82260(16) 1 0.0425(5)
C7 1 ? 0.1799(3) 0.1763(3) 0.79208(16) 1 0.0416(5)
C8 1 ? 0.3304(3) 0.1160(3) 0.87685(17) 1 0.0469(5)
C9 1 ? 0.2568(3) 0.2024(3) 0.66902(17) 1 0.0426(5)
C10 1 ? 0.4068(3) 0.3032(3) 0.6411(2) 1 0.0520(5)
H10A 1 ? 0.4391 0.3190 0.5623 1 0.062
H10B 1 ? 0.5165 0.2366 0.6783 1 0.062
C11 1 ? 0.3465(3) 0.4793(3) 0.6745(2) 1 0.0556(6)
H11A 1 ? 0.3640 0.4655 0.7521 1 0.067
H11B 1 ? 0.4240 0.5523 0.6330 1 0.067
C12 1 ? 0.1449(3) 0.5659(3) 0.6537(2) 1 0.0515(5)
H12A 1 ? 0.1005 0.6564 0.6961 1 0.062
H12B 1 ? 0.1342 0.6174 0.5762 1 0.062
C13 1 ? 0.0287(3) 0.4355(3) 0.68678(16) 1 0.0441(5)
C14 1 ? -0.1746(3) 0.5093(3) 0.6783(2) 1 0.0583(6)
H14A 1 ? -0.1983 0.5654 0.6036 1 0.087
H14B 1 ? -0.2177 0.5910 0.7260 1 0.087
H14C 1 ? -0.2382 0.4188 0.7000 1 0.087
C15 1 ? 0.3203(3) 0.0345(3) 0.62716(18) 1 0.0495(5)
C16 1 ? 0.2191(4) 0.0074(3) 0.5397(2) 1 0.0634(7)
H16A 1 ? 0.2714 -0.1054 0.5242 1 0.095
H16B 1 ? 0.2296 0.0917 0.4740 1 0.095
H16C 1 ? 0.0911 0.0185 0.5643 1 0.095
