|?|Yadav, Veejendra K; Kumar, Naganaboina Vijaya; Parvez, Masood|Lewis acid-catalyzed formation of indene derivatives via tandem reactions of arylacetylenes with the cations generated from 2-silylmethyl cyclopropyl carbinols.|Chemical communications (Cambridge, England)|2007 (22) 2281 2283
C49 H58 Si3
10.3025(7) 17.9876(13) 23.1998(17) 90.00 92.4830(10) 90.00
P121/n1
Si1 1 ? 0.29347(6) 0.22260(4) 0.05180(3) 1 0.01284(15)
Si2 1 ? 0.65026(7) 0.50632(4) 0.26234(3) 1 0.02014(17)
Si3 1 ? 0.34657(7) 0.21800(4) 0.27155(3) 1 0.01967(17)
C6 1 ? 0.2783(2) 0.43227(12) 0.15011(9) 1 0.0124(5)
C7 1 ? 0.2522(2) 0.49470(13) 0.10994(9) 1 0.0147(5)
C19 1 ? 0.3777(2) 0.28008(15) -0.05526(10) 1 0.0222(5)
H19 1 ? 0.4199 0.2346 -0.0584 1 0.027
C45 1 ? 0.0620(2) 0.37494(13) 0.30784(10) 1 0.0184(5)
H45 1 ? 0.0025 0.3711 0.2767 1 0.022
C49 1 ? 0.2808(2) 0.38262(14) 0.34564(10) 1 0.0210(5)
H49 1 ? 0.3696 0.3836 0.3400 1 0.025
C31 1 ? 0.6414(2) 0.37273(12) 0.16596(10) 1 0.0142(5)
C5 1 ? 0.2096(2) 0.42099(13) 0.19737(9) 1 0.0158(5)
H5 1 ? 0.1385 0.4514 0.2036 1 0.019
C23 1 ? 0.2479(2) 0.36416(14) -0.00323(10) 1 0.0186(5)
H23 1 ? 0.2008 0.3757 0.0289 1 0.022
C44 1 ? 0.1937(2) 0.37321(13) 0.29837(9) 1 0.0150(5)
C25 1 ? 0.4684(2) 0.09538(14) 0.06581(10) 1 0.0198(5)
H25 1 ? 0.3951 0.0653 0.0668 1 0.024
C18 1 ? 0.3096(2) 0.29518(13) -0.00586(9) 1 0.0144(5)
C1 1 ? 0.3947(2) 0.38230(12) 0.14277(9) 1 0.0121(5)
H1 1 ? 0.4127 0.3805 0.1017 1 0.015
C3 1 ? 0.3161(2) 0.30342(13) 0.22464(9) 1 0.0133(5)
C13 1 ? 0.2553(2) 0.26460(13) 0.12346(9) 1 0.0132(5)
H13A 1 ? 0.1876 0.3013 0.1160 1 0.016
H13B 1 ? 0.2174 0.2255 0.1461 1 0.016
C32 1 ? 0.7157(2) 0.38862(14) 0.11892(10) 1 0.0197(5)
H32 1 ? 0.6821 0.4191 0.0896 1 0.024
C35 1 ? 0.8149(3) 0.29421(15) 0.20375(12) 1 0.0278(6)
H35 1 ? 0.8473 0.2613 0.2318 1 0.033
C4 1 ? 0.2429(2) 0.36247(13) 0.23939(9) 1 0.0144(5)
C36 1 ? 0.6927(2) 0.32378(13) 0.20800(10) 1 0.0185(5)
H36 1 ? 0.6435 0.3111 0.2392 1 0.022
C28 1 ? 0.6896(2) 0.18265(14) 0.06420(10) 1 0.0219(5)
H28 1 ? 0.7635 0.2123 0.0642 1 0.026
C29 1 ? 0.5675(2) 0.21462(14) 0.05808(10) 1 0.0176(5)
H29 1 ? 0.5612 0.2659 0.0534 1 0.021
C26 1 ? 0.5910(2) 0.06315(15) 0.07143(11) 1 0.0237(6)
H26 1 ? 0.5987 0.0120 0.0760 1 0.028
C46 1 ? 0.0176(2) 0.38228(14) 0.36315(10) 1 0.0215(5)
H46 1 ? -0.0712 0.3824 0.3688 1 0.026
C30 1 ? 0.5167(2) 0.41205(12) 0.17601(9) 1 0.0126(5)
C12 1 ? 0.1279(2) 0.52528(14) 0.10165(10) 1 0.0191(5)
H12 1 ? 0.0587 0.5043 0.1203 1 0.023
C24 1 ? 0.4534(2) 0.17250(13) 0.05871(9) 1 0.0139(5)
C9 1 ? 0.3314(2) 0.58860(14) 0.04464(10) 1 0.0225(6)
H9 1 ? 0.3998 0.6097 0.0255 1 0.027
C27 1 ? 0.7011(2) 0.10643(15) 0.07024(10) 1 0.0220(6)
H27 1 ? 0.7828 0.0845 0.0735 1 0.026
C14 1 ? 0.1509(2) 0.16021(14) 0.02798(10) 1 0.0179(5)
C8 1 ? 0.3527(2) 0.52677(13) 0.07965(10) 1 0.0181(5)
H8 1 ? 0.4356 0.5062 0.0831 1 0.022
C20 1 ? 0.3839(2) 0.33130(16) -0.09974(11) 1 0.0273(6)
H20 1 ? 0.4292 0.3198 -0.1324 1 0.033
C17 1 ? 0.0332(2) 0.21022(15) 0.01256(12) 1 0.0269(6)
H17A 1 ? 0.0540 0.2429 -0.0184 1 0.040
H17B 1 ? 0.0122 0.2391 0.0457 1 0.040
H17C 1 ? -0.0398 0.1798 0.0008 1 0.040
C22 1 ? 0.2550(2) 0.41600(15) -0.04725(11) 1 0.0242(6)
H22 1 ? 0.2142 0.4619 -0.0442 1 0.029
C16 1 ? 0.1832(3) 0.11597(16) -0.02632(12) 1 0.0296(6)
H16A 1 ? 0.1086 0.0877 -0.0393 1 0.044
H16B 1 ? 0.2544 0.0829 -0.0174 1 0.044
H16C 1 ? 0.2068 0.1498 -0.0561 1 0.044
C48 1 ? 0.2362(2) 0.39052(15) 0.40093(10) 1 0.0248(6)
H48 1 ? 0.2953 0.3965 0.4320 1 0.030
C2 1 ? 0.3617(2) 0.30242(13) 0.16278(9) 1 0.0132(5)
H2 1 ? 0.4408 0.2723 0.1620 1 0.016
C21 1 ? 0.3229(2) 0.39916(16) -0.09564(11) 1 0.0271(6)
H21 1 ? 0.3275 0.4336 -0.1254 1 0.032
C11 1 ? 0.1065(3) 0.58641(14) 0.06610(11) 1 0.0246(6)
H11 1 ? 0.0231 0.6058 0.0610 1 0.030
C47 1 ? 0.1046(2) 0.38949(14) 0.41006(10) 1 0.0220(6)
H47 1 ? 0.0748 0.3936 0.4472 1 0.026
C40 1 ? 0.8168(2) 0.50672(15) 0.23431(11) 1 0.0270(6)
H40A 1 ? 0.8392 0.4574 0.2224 1 0.041
H40B 1 ? 0.8777 0.5231 0.2641 1 0.041
H40C 1 ? 0.8194 0.5398 0.2019 1 0.041
C33 1 ? 0.8396(2) 0.35934(16) 0.11543(12) 1 0.0291(6)
H33 1 ? 0.8892 0.3710 0.0841 1 0.035
C34 1 ? 0.8897(2) 0.31303(16) 0.15822(13) 1 0.0316(7)
H34 1 ? 0.9737 0.2946 0.1563 1 0.038
C10 1 ? 0.2079(3) 0.61884(14) 0.03820(11) 1 0.0260(6)
H10 1 ? 0.1934 0.6607 0.0153 1 0.031
C37 1 ? 0.5171(2) 0.46866(13) 0.21337(10) 1 0.0168(5)
H37 1 ? 0.4382 0.4934 0.2153 1 0.020
C15 1 ? 0.1116(2) 0.10554(15) 0.07522(12) 1 0.0274(6)
H15A 1 ? 0.0824 0.1329 0.1077 1 0.041
H15B 1 ? 0.1851 0.0756 0.0870 1 0.041
H15C 1 ? 0.0428 0.0741 0.0603 1 0.041
C39 1 ? 0.6515(3) 0.45299(16) 0.33143(11) 1 0.0286(6)
H39A 1 ? 0.6669 0.4014 0.3238 1 0.043
H39B 1 ? 0.5691 0.4585 0.3487 1 0.043
H39C 1 ? 0.7191 0.4717 0.3573 1 0.043
C43 1 ? 0.2009(2) 0.19370(15) 0.31232(11) 1 0.0249(6)
H43A 1 ? 0.2105 0.1444 0.3277 1 0.037
H43B 1 ? 0.1249 0.1958 0.2869 1 0.037
H43C 1 ? 0.1921 0.2284 0.3434 1 0.037
C38 1 ? 0.6035(3) 0.60429(16) 0.27758(13) 1 0.0389(8)
H38A 1 ? 0.6657 0.6257 0.3047 1 0.058
H38B 1 ? 0.5189 0.6051 0.2934 1 0.058
H38C 1 ? 0.6017 0.6325 0.2424 1 0.058
C41 1 ? 0.3788(4) 0.13689(17) 0.22360(13) 1 0.0520(10)
H41A 1 ? 0.3990 0.0939 0.2468 1 0.078
H41B 1 ? 0.4509 0.1481 0.2002 1 0.078
H41C 1 ? 0.3031 0.1271 0.1992 1 0.078
C42 1 ? 0.4908(3) 0.22690(19) 0.32262(14) 1 0.0482(9)
H42A 1 ? 0.4791 0.2687 0.3476 1 0.072
H42B 1 ? 0.5675 0.2341 0.3012 1 0.072
H42C 1 ? 0.4998 0.1825 0.3454 1 0.072
