|?|Jonathan L. Sessler; Deqiang An.; Won-Seob Cho.; Vincent Lynch; Manual Marquez|Calix[4]bipyrrole - A big, flexible, yet effective chloride-selective anion receptor|Chemical Communications|2005 (4) ?
C68 H104 Cl N9 O2
15.1706(3) 20.1092(4) 21.6320(5) 90.00 90.00 90.00
P212121
Cl1 1 ? 0.20835(8) 0.26975(5) 0.23227(5) 1 0.0587(4)
N1 1 ? 0.1788(2) 0.3157(2) 0.08139(18) 1 0.0585(11)
H1N 1 ? 0.1832 0.3060 0.1219 1 0.070
N2 1 ? 0.2275(2) 0.17517(19) 0.10069(18) 1 0.0539(10)
H2N 1 ? 0.2157 0.1965 0.1363 1 0.065
N3 1 ? 0.1318(3) 0.10792(17) 0.21525(17) 1 0.0519(10)
H3N 1 ? 0.1583 0.1470 0.2234 1 0.062
N4 1 ? 0.0200(3) 0.19452(18) 0.29316(18) 1 0.0597(11)
H4N 1 ? 0.0703 0.2147 0.2816 1 0.072
N5 1 ? 0.1331(4) 0.29412(17) 0.3830(2) 1 0.0747(14)
H5N 1 ? 0.1493 0.2902 0.3431 1 0.090
N6 1 ? 0.3301(4) 0.28585(19) 0.3675(2) 1 0.0842(15)
H6N 1 ? 0.3028 0.2715 0.3331 1 0.101
N7 1 ? 0.4048(3) 0.3657(2) 0.2502(2) 1 0.0748(13)
H7N 1 ? 0.3514 0.3464 0.2528 1 0.090
N8 1 ? 0.2746(3) 0.42217(19) 0.1636(2) 1 0.0686(12)
H8N 1 ? 0.2572 0.3822 0.1776 1 0.082
C1 1 ? 0.1541(3) 0.3773(3) 0.0579(3) 1 0.0592(14)
C2 1 ? 0.1540(3) 0.3712(3) -0.0058(3) 1 0.0690(15)
H2 1 ? 0.1391 0.4061 -0.0342 1 0.083
C3 1 ? 0.1808(3) 0.3046(2) -0.0199(3) 1 0.0620(14)
H3 1 ? 0.1893 0.2867 -0.0606 1 0.074
C4 1 ? 0.1957(3) 0.2708(3) 0.0337(2) 1 0.0510(12)
C5 1 ? 0.2214(3) 0.2052(2) 0.0435(2) 1 0.0500(12)
C6 1 ? 0.2497(3) 0.1570(3) 0.0022(2) 1 0.0610(14)
H6 1 ? 0.2547 0.1629 -0.0417 1 0.073
C7 1 ? 0.2674(3) 0.0979(3) 0.0345(3) 1 0.0654(15)
H7 1 ? 0.2887 0.0571 0.0170 1 0.079
C8 1 ? 0.2533(3) 0.1084(2) 0.0980(3) 1 0.0668(16)
C9 1 ? 0.2562(3) 0.0643(2) 0.1524(2) 1 0.0501(13)
C10 1 ? 0.1694(3) 0.0577(2) 0.1815(2) 1 0.0491(13)
C11 1 ? 0.1093(4) 0.0088(2) 0.1811(2) 1 0.0620(14)
H11 1 ? 0.1182 -0.0335 0.1616 1 0.074
C12 1 ? 0.0320(4) 0.0270(2) 0.2141(2) 1 0.0601(14)
H12 1 ? -0.0206 0.0012 0.2199 1 0.072
C13 1 ? 0.0474(3) 0.0911(2) 0.2356(2) 1 0.0505(12)
C14 1 ? -0.0041(4) 0.1316(2) 0.2749(2) 1 0.0523(13)
C15 1 ? -0.0865(3) 0.1187(3) 0.3018(3) 1 0.0750(17)
H15 1 ? -0.1201 0.0785 0.2969 1 0.090
C16 1 ? -0.1091(4) 0.1772(3) 0.3380(3) 1 0.0766(17)
H16 1 ? -0.1615 0.1821 0.3624 1 0.092
C17 1 ? -0.0447(4) 0.2236(3) 0.3321(2) 1 0.0661(15)
C18 1 ? -0.0291(4) 0.2926(2) 0.3585(3) 1 0.0769(17)
C19 1 ? 0.0460(5) 0.2955(2) 0.4024(4) 1 0.0753(17)
C20 1 ? 0.0508(6) 0.3009(3) 0.4640(4) 1 0.097(2)
H20 1 ? 0.0014 0.3052 0.4914 1 0.116
C21 1 ? 0.1370(7) 0.3028(3) 0.4818(3) 1 0.115(3)
H21 1 ? 0.1584 0.3077 0.5234 1 0.138
C22 1 ? 0.1913(6) 0.2990(2) 0.4304(3) 1 0.0785(18)
C23 1 ? 0.2841(6) 0.3030(2) 0.4229(3) 1 0.0848(19)
C24 1 ? 0.3489(6) 0.3219(3) 0.4644(3) 1 0.095(2)
H24 1 ? 0.3394 0.3392 0.5052 1 0.114
C25 1 ? 0.4296(6) 0.3154(3) 0.4337(4) 1 0.110(2)
H25 1 ? 0.4857 0.3224 0.4530 1 0.132
C26 1 ? 0.4199(5) 0.2937(3) 0.3721(4) 1 0.0871(19)
C27 1 ? 0.4816(4) 0.2822(3) 0.3194(3) 1 0.0847(17)
C28 1 ? 0.4819(5) 0.3433(3) 0.2816(3) 1 0.0879(19)
C29 1 ? 0.5470(5) 0.3858(4) 0.2617(4) 1 0.118(2)
H29 1 ? 0.6087 0.3821 0.2710 1 0.141
C30 1 ? 0.5102(6) 0.4343(4) 0.2220(4) 1 0.120(3)
H30 1 ? 0.5409 0.4719 0.2051 1 0.144
C31 1 ? 0.4240(5) 0.4226(3) 0.2148(3) 1 0.0825(18)
C32 1 ? 0.3553(5) 0.4538(3) 0.1790(3) 1 0.0759(17)
C33 1 ? 0.3501(5) 0.5147(3) 0.1488(3) 1 0.0813(19)
H33 1 ? 0.3959 0.5476 0.1502 1 0.098
C34 1 ? 0.2707(4) 0.5204(3) 0.1135(2) 1 0.0668(15)
H34 1 ? 0.2502 0.5579 0.0901 1 0.080
C35 1 ? 0.2270(4) 0.4615(3) 0.1242(2) 1 0.0660(15)
C36 1 ? 0.1382(4) 0.4379(3) 0.0987(2) 1 0.0676(15)
C37 1 ? 0.2916(3) -0.00571(19) 0.1323(2) 1 0.0718(15)
H37A 1 ? 0.2519 -0.0256 0.1031 1 0.108
H37B 1 ? 0.3486 -0.0004 0.1137 1 0.108
H37C 1 ? 0.2965 -0.0338 0.1680 1 0.108
C38 1 ? 0.3244(3) 0.0936(2) 0.1982(2) 1 0.0679(16)
H38A 1 ? 0.3054 0.1367 0.2120 1 0.102
H38B 1 ? 0.3289 0.0642 0.2329 1 0.102
H38C 1 ? 0.3810 0.0975 0.1786 1 0.102
C39 1 ? -0.0148(3) 0.3423(2) 0.3046(2) 1 0.0800(18)
H39A 1 ? 0.0392 0.3312 0.2839 1 0.120
H39B 1 ? -0.0629 0.3395 0.2758 1 0.120
H39C 1 ? -0.0109 0.3867 0.3206 1 0.120
C40 1 ? -0.1163(4) 0.3115(2) 0.3919(3) 1 0.0971(19)
H40A 1 ? -0.1268 0.2812 0.4254 1 0.146
H40B 1 ? -0.1122 0.3560 0.4077 1 0.146
H40C 1 ? -0.1641 0.3089 0.3629 1 0.146
C41 1 ? 0.4535(3) 0.2231(2) 0.2827(2) 1 0.0885(17)
H41A 1 ? 0.3943 0.2300 0.2683 1 0.133
H41B 1 ? 0.4923 0.2186 0.2479 1 0.133
H41C 1 ? 0.4558 0.1834 0.3073 1 0.133
C42 1 ? 0.5719(4) 0.2739(3) 0.3462(3) 1 0.124(2)
H42A 1 ? 0.5763 0.2344 0.3709 1 0.186
H42B 1 ? 0.6125 0.2712 0.3123 1 0.186
H42C 1 ? 0.5857 0.3121 0.3711 1 0.186
C43 1 ? 0.0756(3) 0.4190(2) 0.1518(2) 1 0.0839(18)
H43A 1 ? 0.0668 0.4573 0.1777 1 0.126
H43B 1 ? 0.0200 0.4052 0.1349 1 0.126
H43C 1 ? 0.1001 0.3835 0.1759 1 0.126
C44 1 ? 0.0954(3) 0.4928(2) 0.0592(2) 1 0.0836(17)
H44A 1 ? 0.0849 0.5321 0.0834 1 0.125
H44B 1 ? 0.1328 0.5037 0.0248 1 0.125
H44C 1 ? 0.0403 0.4758 0.0442 1 0.125
N1A 1 ? 0.4611(2) 0.40670(19) -0.01861(19) 1 0.0576(11)
C1A 1 ? 0.3769(3) 0.4415(2) -0.0317(2) 1 0.0638(14)
H1AA 1 ? 0.3618 0.4707 0.0018 1 0.077
H1AB 1 ? 0.3321 0.4079 -0.0344 1 0.077
C2A 1 ? 0.3739(3) 0.4816(2) -0.0922(2) 1 0.0698(15)
H2AA 1 ? 0.3833 0.4524 -0.1267 1 0.084
H2AB 1 ? 0.4206 0.5137 -0.0913 1 0.084
C3A 1 ? 0.2900(4) 0.5159(3) -0.1001(3) 1 0.0784(16)
H3AA 1 ? 0.2846 0.5495 -0.0687 1 0.094
H3AB 1 ? 0.2433 0.4843 -0.0944 1 0.094
C4A 1 ? 0.2813(4) 0.5473(2) -0.1639(3) 1 0.0887(18)
H4AA 1 ? 0.2253 0.5691 -0.1675 1 0.133
H4AB 1 ? 0.3277 0.5792 -0.1692 1 0.133
H4AC 1 ? 0.2861 0.5135 -0.1950 1 0.133
C5A 1 ? 0.5358(3) 0.4562(2) -0.0135(2) 1 0.0664(15)
H5AA 1 ? 0.5405 0.4782 -0.0527 1 0.080
H5AB 1 ? 0.5895 0.4322 -0.0064 1 0.080
C6A 1 ? 0.5284(4) 0.5090(2) 0.0340(3) 1 0.0804(17)
H6AA 1 ? 0.5205 0.4875 0.0732 1 0.096
H6AB 1 ? 0.4774 0.5358 0.0257 1 0.096
C7A 1 ? 0.6107(3) 0.5517(3) 0.0349(3) 1 0.0789(17)
H7AA 1 ? 0.6181 0.5732 -0.0044 1 0.095
H7AB 1 ? 0.6616 0.5245 0.0425 1 0.095
C8A 1 ? 0.6072(4) 0.6057(3) 0.0863(3) 1 0.106(2)
H8AA 1 ? 0.6592 0.6329 0.0870 1 0.159
H8AB 1 ? 0.5566 0.6331 0.0783 1 0.159
H8AC 1 ? 0.6005 0.5840 0.1255 1 0.159
C9A 1 ? 0.4457(3) 0.3701(2) 0.0424(2) 1 0.0654(15)
H9AA 1 ? 0.4006 0.3374 0.0354 1 0.078
H9AB 1 ? 0.4250 0.4003 0.0735 1 0.078
C10A 1 ? 0.5270(3) 0.3312(2) 0.0673(2) 1 0.0751(16)
H10A 1 ? 0.5684 0.3635 0.0822 1 0.090
H10B 1 ? 0.5540 0.3068 0.0341 1 0.090
C11A 1 ? 0.5005(4) 0.2825(3) 0.1169(3) 1 0.0861(18)
H11B 1 ? 0.4624 0.3054 0.1453 1 0.103
H11C 1 ? 0.5520 0.2684 0.1392 1 0.103
C12A 1 ? 0.4526(4) 0.2223(3) 0.0933(3) 1 0.117(2)
H12B 1 ? 0.4362 0.1932 0.1265 1 0.176
H12C 1 ? 0.4007 0.2364 0.0715 1 0.176
H12D 1 ? 0.4911 0.1991 0.0653 1 0.176
C13A 1 ? 0.4848(3) 0.3573(3) -0.0696(2) 1 0.0739(16)
H13A 1 ? 0.5427 0.3399 -0.0618 1 0.089
H13B 1 ? 0.4861 0.3808 -0.1082 1 0.089
C14A 1 ? 0.4218(4) 0.3018(3) -0.0795(3) 1 0.112(2)
H14A 1 ? 0.3625 0.3183 -0.0827 1 0.134
H14B 1 ? 0.4260 0.2734 -0.0439 1 0.134
C15A 1 ? 0.4471(4) 0.2611(3) -0.1355(3) 1 0.114(2)
H15B 1 ? 0.5024 0.2387 -0.1298 1 0.137
H15C 1 ? 0.4524 0.2913 -0.1697 1 0.137
C16A 1 ? 0.3757(7) 0.2066(4) -0.1465(4) 1 0.222(5)
H16B 1 ? 0.3882 0.1813 -0.1831 1 0.333
H16C 1 ? 0.3712 0.1773 -0.1117 1 0.333
H16D 1 ? 0.3210 0.2300 -0.1518 1 0.333
