3-Aza-2-ethyl-5-methoxycarbonyl-9,10,11- trimethoxybicyclo(5.4.0)undeca-1(7),2,5,8,10-pentaene|3-Aza-2-ethyl-5-methoxycarbonyl-9,10,11- trimethoxybicyclo[5.4.0]undeca-1(7),2,5,8,10- pentaene|Basavaiah, Deevi; Satyanarayana, Tummanapalli|A novel, tandem construction of C-N and C-C bonds: facile and one-pot transformation of the Baylis-Hillman adducts into 2-benzazepines.|Chemical communications (Cambridge, England)|2004 (1) 32 33
C17 H21 N O5
10.669(6) 13.041(8) 12.062(9) 90.00 93.18(5) 90.00
P121/a1
C1 1 ? 0.7227(2) 1.00379(19) 0.8334(2) 1 0.0460(6)
C2 1 ? 0.7110(3) 1.0081(2) 0.7158(2) 1 0.0473(7)
C3 1 ? 0.7582(3) 1.0897(2) 0.6619(2) 1 0.0509(7)
C4 1 ? 0.8160(3) 1.1725(2) 0.7253(2) 1 0.0519(7)
C5 1 ? 0.8304(3) 1.1695(2) 0.8397(2) 1 0.0499(7)
H5 1 ? 0.8679 1.2240 0.8788 1 0.060
C6 1 ? 0.7886(3) 1.0848(2) 0.8954(2) 1 0.0461(6)
C7 1 ? 0.8197(3) 1.0840(2) 1.0180(2) 1 0.0521(7)
H7 1 ? 0.8242 1.1470 1.0542 1 0.063
C8 1 ? 0.8419(3) 0.9993(2) 1.0802(2) 1 0.0510(7)
C9 1 ? 0.8315(3) 0.8959(2) 1.0250(3) 1 0.0531(7)
H9A 1 ? 0.8561 0.8429 1.0783 1 0.064
H9B 1 ? 0.8880 0.8928 0.9648 1 0.064
C10 1 ? 0.6517(3) 0.9262(2) 0.8911(2) 1 0.0486(7)
C11 1 ? 0.5108(3) 0.9161(3) 0.8479(3) 1 0.0636(8)
H11A 1 ? 0.4638 0.9727 0.8773 1 0.076
H11B 1 ? 0.5061 0.9223 0.7676 1 0.076
C12 1 ? 0.4508(3) 0.8194(3) 0.8781(4) 1 0.0864(12)
H12A 1 ? 0.3650 0.8192 0.8495 1 0.130
H12B 1 ? 0.4536 0.8130 0.9575 1 0.130
H12C 1 ? 0.4946 0.7630 0.8470 1 0.130
C13 1 ? 0.7204(5) 0.8399(3) 0.6443(4) 1 0.0957(13)
H13A 1 ? 0.6746 0.7911 0.5983 1 0.144
H13B 1 ? 0.7349 0.8121 0.7176 1 0.144
H13C 1 ? 0.7993 0.8544 0.6132 1 0.144
C14 1 ? 0.6426(4) 1.1171(3) 0.4802(3) 1 0.0844(11)
H14A 1 ? 0.6581 1.1115 0.4029 1 0.127
H14B 1 ? 0.6201 1.1864 0.4969 1 0.127
H14C 1 ? 0.5751 1.0720 0.4972 1 0.127
C15 1 ? 0.9235(4) 1.3328(3) 0.7231(3) 1 0.0764(10)
H15A 1 ? 0.9480 1.3837 0.6710 1 0.115
H15B 1 ? 0.9969 1.3056 0.7622 1 0.115
H15C 1 ? 0.8698 1.3635 0.7750 1 0.115
C16 1 ? 0.8740(3) 1.0125(3) 1.2041(3) 1 0.0625(8)
C17 1 ? 0.9111(4) 0.9275(3) 1.3798(3) 1 0.0889(13)
H17A 1 ? 0.9165 0.8592 1.4094 1 0.133
H17B 1 ? 0.8454 0.9642 1.4140 1 0.133
H17C 1 ? 0.9895 0.9622 1.3948 1 0.133
O1 1 ? 0.6502(2) 0.93114(15) 0.64998(18) 1 0.0640(6)
O2 1 ? 0.7568(2) 1.08832(19) 0.54748(17) 1 0.0705(7)
O3 1 ? 0.8562(2) 1.24996(17) 0.66357(18) 1 0.0691(7)
O4 1 ? 0.8893(4) 1.0929(2) 1.2520(2) 1 0.1152(13)
O5 1 ? 0.8829(2) 0.92264(18) 1.25820(17) 1 0.0683(7)
N1 1 ? 0.6969(2) 0.87700(18) 0.9797(2) 1 0.0529(6)
