Iridium(1+)((1,2,5,6-eta)(1,5-COD)(5,6,7,8- THQ)(P(Cyclohexyl)3)PF6(1-).|Iridium(1+)[(1,2,5,6-eta)(1,5-COD](5,6,7,8-THQ)(P(Cyclohexyl)3)PF6(1-).|Xu, Yingjian; Mingos, D Michael P; Brown, John M|Crabtree's catalyst revisited; ligand effects on stability and durability.|Chemical communications (Cambridge, England)|2007 (2) 199 201
C35 H56 F6 Ir N P2
10.0545(2) 11.8176(2) 15.5293(3) 97.6584(8) 103.4087(9) 99.2889(11)
P-1
Ir1 ? ? 0.475094(16) 0.286596(14) 0.297810(10) 1.0000 0.0211
C1 ? ? 0.5698(6) 0.4693(5) 0.3317(4) 1.0000 0.0328
C2 ? ? 0.6395(5) 0.4168(4) 0.3990(3) 1.0000 0.0238
C3 ? ? 0.7833(5) 0.3900(5) 0.4049(4) 1.0000 0.0346
C4 ? ? 0.7742(5) 0.2633(5) 0.3587(4) 1.0000 0.0348
C5 ? ? 0.6538(5) 0.2240(5) 0.2747(4) 1.0000 0.0294
C6 ? ? 0.6129(5) 0.2898(5) 0.2085(3) 1.0000 0.0290
C7 ? ? 0.6875(6) 0.4130(5) 0.2070(4) 1.0000 0.0386
C8 ? ? 0.6264(6) 0.5068(5) 0.2550(4) 1.0000 0.0402
N1 ? ? 0.3447(4) 0.3083(3) 0.3847(3) 1.0000 0.0213
C9 ? ? 0.2462(5) 0.3727(4) 0.3671(3) 1.0000 0.0235
C10 ? ? 0.1501(5) 0.3812(4) 0.4177(3) 1.0000 0.0271
C11 ? ? 0.1539(5) 0.3182(4) 0.4869(3) 1.0000 0.0299
C12 ? ? 0.2559(5) 0.2515(4) 0.5068(3) 1.0000 0.0290
C13 ? ? 0.2565(6) 0.1789(6) 0.5799(4) 1.0000 0.0382
C14 ? ? 0.3409(7) 0.0824(6) 0.5711(4) 1.0000 0.0431
C15 ? ? 0.4825(7) 0.1360(5) 0.5631(4) 1.0000 0.0407
C16 ? ? 0.4718(5) 0.1870(4) 0.4764(3) 1.0000 0.0270
C17 ? ? 0.3534(5) 0.2516(4) 0.4556(3) 1.0000 0.0236
P1 ? ? 0.29995(11) 0.15137(10) 0.18711(7) 1.0000 0.0195
C18 ? ? 0.1369(4) 0.1049(4) 0.2222(3) 1.0000 0.0221
C19 ? ? 0.0008(5) 0.0557(5) 0.1479(3) 1.0000 0.0284
C20 ? ? -0.1241(5) 0.0478(5) 0.1891(3) 1.0000 0.0299
C21 ? ? -0.1105(5) -0.0245(5) 0.2639(3) 1.0000 0.0295
C22 ? ? 0.0280(5) 0.0193(5) 0.3351(3) 1.0000 0.0298
C23 ? ? 0.1503(5) 0.0236(4) 0.2917(3) 1.0000 0.0241
C24 ? ? 0.3555(5) 0.0204(4) 0.1371(3) 1.0000 0.0230
C25 ? ? 0.4071(5) -0.0560(4) 0.2060(3) 1.0000 0.0277
C26 ? ? 0.4753(5) -0.1479(5) 0.1638(4) 1.0000 0.0332
C27 ? ? 0.3748(6) -0.2241(5) 0.0792(4) 1.0000 0.0353
C28 ? ? 0.3173(6) -0.1500(5) 0.0121(4) 1.0000 0.0336
C29 ? ? 0.2510(5) -0.0565(4) 0.0548(3) 1.0000 0.0304
C30 ? ? 0.2318(5) 0.2222(4) 0.0902(3) 1.0000 0.0239
C31 ? ? 0.3313(5) 0.2544(5) 0.0316(3) 1.0000 0.0294
C32 ? ? 0.2550(6) 0.3002(5) -0.0505(4) 1.0000 0.0362
C33 ? ? 0.1970(7) 0.4068(5) -0.0211(4) 1.0000 0.0384
C34 ? ? 0.1014(6) 0.3791(5) 0.0399(4) 1.0000 0.0376
C35 ? ? 0.1746(6) 0.3297(4) 0.1205(3) 1.0000 0.0301
P2 ? ? 0.11476(18) 0.66461(13) 0.30257(11) 1.0000 0.0407
F1 ? ? 0.0652(6) 0.5378(4) 0.2440(3) 1.0000 0.0659
F2 ? ? 0.1643(7) 0.7893(4) 0.3645(4) 1.0000 0.0944
F3 ? ? 0.1833(15) 0.7126(7) 0.2337(7) 1.0000 0.1869
F4 ? ? 0.0311(7) 0.6146(5) 0.3709(4) 1.0000 0.0806
F5 ? ? 0.2467(5) 0.6259(4) 0.3610(5) 1.0000 0.0948
F6 ? ? -0.0233(8) 0.7017(5) 0.2547(5) 1.0000 0.1157
H11 ? ? 0.495(6) 0.510(5) 0.340(4) 1.0000 0.028(14)
H21 ? ? 0.607(6) 0.421(5) 0.448(4) 1.0000 0.025(14)
H51 ? ? 0.630(7) 0.139(6) 0.260(4) 1.0000 0.033(16)
H61 ? ? 0.558(5) 0.236(4) 0.150(3) 1.0000 0.020(11)
H31 ? ? 0.8349 0.4003 0.4696 1.0000 0.0398
H32 ? ? 0.8348 0.4451 0.3746 1.0000 0.0398
H41 ? ? 0.8633 0.2584 0.3416 1.0000 0.0402
H42 ? ? 0.7615 0.2100 0.4023 1.0000 0.0402
H71 ? ? 0.7887 0.4228 0.2380 1.0000 0.0467
H72 ? ? 0.6772 0.4233 0.1431 1.0000 0.0467
H81 ? ? 0.7016 0.5779 0.2798 1.0000 0.0495
H82 ? ? 0.5486 0.5259 0.2098 1.0000 0.0495
H91 ? ? 0.2421 0.4160 0.3158 1.0000 0.0281
H101 ? ? 0.0798 0.4317 0.4044 1.0000 0.0323
H111 ? ? 0.0833 0.3204 0.5228 1.0000 0.0360
H131 ? ? 0.2985 0.2310 0.6396 1.0000 0.0482
H132 ? ? 0.1581 0.1420 0.5762 1.0000 0.0482
H141 ? ? 0.3511 0.0446 0.6255 1.0000 0.0540
H142 ? ? 0.2918 0.0226 0.5162 1.0000 0.0540
H151 ? ? 0.5279 0.1997 0.6160 1.0000 0.0537
H152 ? ? 0.5405 0.0748 0.5624 1.0000 0.0537
H161 ? ? 0.5614 0.2423 0.4826 1.0000 0.0337
H162 ? ? 0.4577 0.1216 0.4250 1.0000 0.0337
H181 ? ? 0.1268 0.1831 0.2505 1.0000 0.0276
H191 ? ? -0.0095 0.1083 0.1024 1.0000 0.0343
H192 ? ? 0.0042 -0.0237 0.1180 1.0000 0.0343
H201 ? ? -0.1311 0.1283 0.2145 1.0000 0.0355
H202 ? ? -0.2108 0.0110 0.1408 1.0000 0.0355
H211 ? ? -0.1887 -0.0194 0.2930 1.0000 0.0363
H212 ? ? -0.1160 -0.1075 0.2372 1.0000 0.0363
H221 ? ? 0.0374 -0.0345 0.3797 1.0000 0.0371
H222 ? ? 0.0296 0.0993 0.3664 1.0000 0.0371
H231 ? ? 0.2398 0.0533 0.3393 1.0000 0.0302
H232 ? ? 0.1499 -0.0566 0.2612 1.0000 0.0302
H241 ? ? 0.4357 0.0571 0.1156 1.0000 0.0274
H251 ? ? 0.4769 -0.0057 0.2596 1.0000 0.0350
H252 ? ? 0.3261 -0.0957 0.2253 1.0000 0.0350
H261 ? ? 0.5047 -0.1984 0.2086 1.0000 0.0422
H262 ? ? 0.5591 -0.1078 0.1476 1.0000 0.0422
H271 ? ? 0.4254 -0.2783 0.0507 1.0000 0.0431
H272 ? ? 0.2955 -0.2703 0.0963 1.0000 0.0431
H281 ? ? 0.3952 -0.1109 -0.0103 1.0000 0.0400
H282 ? ? 0.2450 -0.2016 -0.0395 1.0000 0.0400
H291 ? ? 0.1688 -0.0954 0.0735 1.0000 0.0359
H292 ? ? 0.2194 -0.0071 0.0097 1.0000 0.0359
H301 ? ? 0.1554 0.1593 0.0503 1.0000 0.0294
H311 ? ? 0.4122 0.3162 0.0681 1.0000 0.0381
H312 ? ? 0.3659 0.1837 0.0105 1.0000 0.0381
H321 ? ? 0.3219 0.3224 -0.0869 1.0000 0.0458
H322 ? ? 0.1761 0.2373 -0.0880 1.0000 0.0458
H331 ? ? 0.2764 0.4718 0.0123 1.0000 0.0492
H332 ? ? 0.1428 0.4313 -0.0757 1.0000 0.0492
H341 ? ? 0.0727 0.4522 0.0627 1.0000 0.0492
H342 ? ? 0.0167 0.3205 0.0043 1.0000 0.0492
H351 ? ? 0.2538 0.3912 0.1593 1.0000 0.0393
H352 ? ? 0.1063 0.3069 0.1558 1.0000 0.0393
