|?|Davies, Stephen G; Garner, A Christopher; Nicholson, Rebecca L; Osborne, James; Savory, Edward D; Smith, Andrew D|Double diastereoselective [3,3]-sigmatropic aza-Claisen rearrangements.|Chemical communications (Cambridge, England)|2003 (17) 2134 2135
C24 H31 N O2
4.9041(8) 14.4817(15) 31.335(7) 90 90 90
P212121
N1 ? ? 0.2858(4) 0.00304(18) 0.34582(8) 1.0000 0.0749
C2 ? ? 0.0973(5) -0.0616(2) 0.34122(9) 1.0000 0.0716
O3 ? ? -0.1493(4) -0.04248(18) 0.3390(1) 1.0000 0.1058
C4 ? ? 0.1891(5) -0.1608(2) 0.33914(9) 1.0000 0.0727
C5 ? ? 0.1272(6) -0.2011(2) 0.2949(1) 1.0000 0.0787
C6 ? ? 0.2599(7) -0.1463(3) 0.26045(11) 1.0000 0.0893
C7 ? ? 0.1483(8) -0.0927(4) 0.23274(13) 1.0000 0.1131
C8 ? ? 0.281(1) -0.0354(3) 0.19823(13) 1.0000 0.1145
C9 ? ? 0.162(1) -0.0498(3) 0.15710(13) 1.0000 0.1149
O10 ? ? 0.2942(6) 0.0028(2) 0.12539(8) 1.0000 0.1067
C11 ? ? 0.1701(11) -0.0037(4) 0.08584(15) 1.0000 0.1246
C12 ? ? 0.3344(9) 0.0427(3) 0.05215(12) 1.0000 0.0948
C13 ? ? 0.3270(15) 0.0097(3) 0.01085(15) 1.0000 0.1303
C14 ? ? 0.4731(16) 0.0517(4) -0.02148(15) 1.0000 0.1364
C15 ? ? 0.6313(13) 0.1265(5) -0.01174(17) 1.0000 0.1378
C16 ? ? 0.6361(14) 0.1603(4) 0.02817(16) 1.0000 0.1437
C17 ? ? 0.4887(11) 0.1187(4) 0.06020(14) 1.0000 0.1194
C18 ? ? 0.2144(14) -0.3027(3) 0.29243(15) 1.0000 0.1262
C19 ? ? 0.0514(12) -0.2146(3) 0.37508(12) 1.0000 0.1163
C20 ? ? 0.2332(6) 0.1016(2) 0.34551(11) 1.0000 0.0856
C21 ? ? 0.3409(6) 0.1502(2) 0.3846(1) 1.0000 0.0742
C22 ? ? 0.525(1) 0.1128(2) 0.41168(12) 1.0000 0.1018
C23 ? ? 0.6290(13) 0.1623(3) 0.44581(14) 1.0000 0.1227
C24 ? ? 0.5460(11) 0.2490(3) 0.45366(15) 1.0000 0.1149
C25 ? ? 0.3673(15) 0.2872(3) 0.4277(2) 1.0000 0.1632
C26 ? ? 0.2636(12) 0.2386(3) 0.3934(2) 1.0000 0.1448
C27 ? ? 0.3491(15) 0.1435(4) 0.30432(15) 1.0000 0.1391
H41 ? ? 0.3913 -0.1662 0.3436 1.0000 0.0809
H51 ? ? -0.0753 -0.1980 0.2897 1.0000 0.0900
H61 ? ? 0.4644 -0.1532 0.2585 1.0000 0.0999
H71 ? ? -0.0573 -0.0836 0.2350 1.0000 0.1209
H81 ? ? 0.4799 -0.0518 0.1970 1.0000 0.1286
H82 ? ? 0.2684 0.0331 0.2058 1.0000 0.1286
H91 ? ? 0.1702 -0.1163 0.1497 1.0000 0.1359
H92 ? ? -0.0368 -0.0299 0.1581 1.0000 0.1359
H111 ? ? -0.0158 0.0272 0.0872 1.0000 0.1442
H112 ? ? 0.1423 -0.0699 0.0778 1.0000 0.1442
H131 ? ? 0.2158 -0.0484 0.0042 1.0000 0.1456
H141 ? ? 0.4680 0.0263 -0.0516 1.0000 0.1627
H151 ? ? 0.7481 0.1570 -0.0355 1.0000 0.1605
H161 ? ? 0.7444 0.2194 0.0357 1.0000 0.1679
H171 ? ? 0.4865 0.1482 0.0896 1.0000 0.1402
H181 ? ? 0.1769 -0.3297 0.2635 1.0000 0.1449
H182 ? ? 0.1190 -0.3406 0.3146 1.0000 0.1449
H183 ? ? 0.4192 -0.3080 0.2978 1.0000 0.1449
H191 ? ? 0.1080 -0.2812 0.3743 1.0000 0.1321
H192 ? ? 0.0994 -0.1877 0.4034 1.0000 0.1321
H193 ? ? -0.1536 -0.2118 0.3714 1.0000 0.1321
H201 ? ? 0.0285 0.1111 0.3453 1.0000 0.0968
H221 ? ? 0.5898 0.0462 0.4071 1.0000 0.1213
H231 ? ? 0.7668 0.1312 0.4662 1.0000 0.1462
H241 ? ? 0.6221 0.2862 0.4781 1.0000 0.1403
H251 ? ? 0.3015 0.3534 0.4328 1.0000 0.1837
H261 ? ? 0.1309 0.2704 0.3735 1.0000 0.1647
H271 ? ? 0.3149 0.2115 0.3032 1.0000 0.1606
H272 ? ? 0.5538 0.1329 0.3035 1.0000 0.1606
H273 ? ? 0.2673 0.1135 0.2785 1.0000 0.1606
H1 ? ? 0.4269 -0.0204 0.3478 1.0000 0.0500
