|?|Shih, Kai-Neng; Huang, Min-Jie; Lu, Hao-Cheng; Fu, Ming-Dung; Kuo, Ching-Kuo; Huang, Gin-Chen; Lee, Gene-Hsiang; Chen, Chun-hsien; Peng, Shie-Ming|On the tuning of electric conductance of extended metal atom chains via axial ligands for [Ru3(μ3-dpa)4(X)2]0/+ (X = NCS−, CN−)|Chemical Communications|2010 46(8) 1338
C42 H32 N14 Ru3 S2
10.8376(6) 10.8376(6) 17.6873(7) 90.00 90.00 90.00
I4/m
Ru1 1 ? 0.487(9) 0.482(3) 0.37237(8) 0.25 0.050(5)
Ru2 2 ? 0.526(6) 0.473(6) 0.5000 0.25 0.0537(14)
S1 1 ? 0.475(8) 0.520(9) 0.0957(3) 0.25 0.077(5)
N4 1 ? 0.495(4) 0.4606(12) 0.2487(6) 0.25 0.041(4)
C11 1 ? 0.482(14) 0.485(16) 0.1852(7) 0.25 0.055(6)
N1 1 ? 0.3197(11) 0.4112(13) 0.3782(8) 0.25 0.072(6)
N2 2 ? 0.3633(9) 0.3658(9) 0.4999(6) 0.50 0.093(4)
N3 1 ? 0.4052(12) 0.3200(12) 0.6189(8) 0.25 0.075(6)
C1 1 ? 0.2406(14) 0.4128(15) 0.3171(9) 0.25 0.096(8)
C2 1 ? 0.1233(16) 0.3645(16) 0.3238(10) 0.25 0.116(10)
C3 1 ? 0.0850(14) 0.3147(16) 0.3916(9) 0.25 0.120(12)
C4 1 ? 0.1640(10) 0.3131(12) 0.4527(7) 0.25 0.114(10)
C5 1 ? 0.2814(9) 0.3614(9) 0.4459(6) 0.25 0.086(7)
C6 1 ? 0.3636(9) 0.2805(9) 0.5516(6) 0.25 0.105(9)
C7 1 ? 0.3145(13) 0.1670(10) 0.5451(7) 0.25 0.122(11)
C8 1 ? 0.3069(16) 0.0932(14) 0.6059(10) 0.25 0.099(8)
C9 1 ? 0.3485(16) 0.1327(16) 0.6731(10) 0.25 0.138(13)
C10 1 ? 0.3977(15) 0.2461(15) 0.6796(10) 0.25 0.095(8)
N1' 1 ? 0.3232(14) 0.4417(13) 0.3754(9) 0.25 0.094(9)
N2' 2 ? 0.3120(10) 0.5007(11) 0.5001(7) 0.50 0.113(5)
N3' 1 ? 0.3258(13) 0.5606(14) 0.6268(8) 0.25 0.076(6)
C1' 1 ? 0.2760(18) 0.3916(15) 0.3089(10) 0.25 0.116(11)
C2' 1 ? 0.1570(19) 0.3424(17) 0.3077(10) 0.25 0.136(13)
C3' 1 ? 0.0853(17) 0.3433(18) 0.3732(10) 0.25 0.109(10)
C4' 1 ? 0.1326(13) 0.3935(13) 0.4397(8) 0.25 0.148(16)
C5' 1 ? 0.2516(11) 0.4426(10) 0.4408(7) 0.25 0.104(9)
C6' 1 ? 0.2573(11) 0.5669(10) 0.5596(7) 0.25 0.117(11)
C7' 1 ? 0.1350(13) 0.6100(13) 0.5609(7) 0.25 0.146(16)
C8' 1 ? 0.0812(16) 0.6470(17) 0.6294(9) 0.25 0.107(9)
C9' 1 ? 0.1496(18) 0.6407(16) 0.6967(10) 0.25 0.113(11)
C10' 1 ? 0.2719(17) 0.5975(15) 0.6954(9) 0.25 0.133(14)
H1A 1 ? 0.2635 0.4517 0.2693 0.25 0.160
H2A 1 ? 0.0656 0.3677 0.2812 0.25 0.160
H3A 1 ? 0.0030 0.2811 0.3960 0.25 0.160
H4A 1 ? 0.1383 0.2785 0.4996 0.25 0.160
H7A 1 ? 0.2875 0.1400 0.4997 0.25 0.160
H8A 1 ? 0.2771 0.0119 0.5990 0.25 0.160
H9A 1 ? 0.3492 0.0789 0.7144 0.25 0.160
H10A 1 ? 0.4314 0.2739 0.7260 0.25 0.160
H1'A 1 ? 0.3250 0.3909 0.2640 0.25 0.160
H2'A 1 ? 0.1246 0.3081 0.2621 0.25 0.160
H3'A 1 ? 0.0039 0.3097 0.3724 0.25 0.160
H4'A 1 ? 0.0835 0.3941 0.4845 0.25 0.160
H7'A 1 ? 0.0885 0.6143 0.5151 0.25 0.160
H8'A 1 ? -0.0019 0.6763 0.6303 0.25 0.160
H9'A 1 ? 0.1131 0.6658 0.7434 0.25 0.160
H10B 1 ? 0.3184 0.5933 0.7412 0.25 0.160
