|?|Nelyubina, Yulia V.; Glukhov, Ivan V.; Antipin, Mikhail Yu.; Lyssenko, Konstantin A.|“Higher density does not mean higher stability” mystery of paracetamol finally unraveled|Chemical Communications|2010 46(20) 3469
C8 H9 N O2
7.09070(10) 9.2114(2) 11.5972(2) 90 97.8440(10) 90
P121/n1
O(1) 4 ? 0.164108 0.423144 0.722518 1 0.016
O(2) 4 ? 0.353304 -0.005776 0.30867 1 0.018
N(1) 4 ? 0.051951 0.051419 0.339618 1 0.012
C(1) 4 ? 0.133909 0.330882 0.629685 1 0.012
C(2) 4 ? 0.280547 0.237026 0.609871 1 0.013
C(3) 4 ? 0.258218 0.142794 0.51487 1 0.012
C(4) 4 ? 0.088138 0.142651 0.438241 1 0.01
C(5) 4 ? -0.059824 0.234803 0.45961 1 0.014
C(6) 4 ? -0.037688 0.32841 0.554601 1 0.014
C(7) 4 ? 0.178601 -0.014147 0.280446 1 0.012
C(8) 4 ? 0.092659 -0.101168 0.176134 1 0.018
H(1O) 4 ? 0.042152 0.459645 0.743809 1 0.038
H(1N) 4 ? -0.088776 0.04089 0.309859 1 0.023
H(2) 4 ? 0.410395 0.234969 0.670548 1 0.02
H(3) 4 ? 0.369271 0.066676 0.501941 1 0.022
H(5) 4 ? -0.191387 0.232059 0.40049 1 0.03
H(6) 4 ? -0.155287 0.3976 0.568845 1 0.023
H(8B) 4 ? 0.173773 -0.085357 0.104794 1 0.039
H(8C) 4 ? 0.105698 -0.216229 0.193279 1 0.049
H(8A) 4 ? -0.058113 -0.082279 0.153177 1 0.047
