bis(2-(4-(dimethylamino)phenyl)-3,6-dimethylbenzo(d)thiazol-3- ium) tetraiodide, chloroform solvate 1:2|bis[2-(4-(dimethylamino)phenyl)-3,6-dimethylbenzo[d]thiazol-3-ium] tetraiodide, chloroform solvate 1:2|Rodríguez-Rodríguez, Cristina; Rimola, Albert; Rodríguez-Santiago, Luis; Ugliengo, Piero; Alvarez-Larena, Angel; Gutiérrez-de-Terán, Hugo; Sodupe, Mariona; González-Duarte, Pilar|Crystal structure of thioflavin-T and its binding to amyloid fibrils: insights at the molecular level.|Chemical communications (Cambridge, England)|2010 46(7) 1156 1158
C36 H40 Cl6 I4 N4 S2
36.297(3) 7.1666(5) 19.5063(13) 90.00 112.525(1) 90.00
C12/c1
C1 1 ? 0.3284(2) 0.2392(7) 0.7094(4) 1 0.0560(15)
C2 1 ? 0.2935(2) 0.1991(8) 0.6456(4) 1 0.0638(16)
H2 1 ? 0.2960 0.1671 0.6014 1 0.077
C3 1 ? 0.25682(19) 0.2067(8) 0.6478(3) 1 0.0560(14)
H3 1 ? 0.2348 0.1832 0.6045 1 0.067
C4 1 ? 0.25050(18) 0.2486(7) 0.7132(3) 1 0.0484(13)
C5 1 ? 0.28519(17) 0.2743(7) 0.7777(3) 1 0.0483(13)
H5 1 ? 0.2827 0.2957 0.8227 1 0.058
C6 1 ? 0.32216(19) 0.2688(7) 0.7759(3) 1 0.0562(15)
H6 1 ? 0.3442 0.2850 0.8199 1 0.067
N11 1 ? 0.36452(19) 0.2423(7) 0.7064(4) 1 0.0776(16)
C12 1 ? 0.4004(2) 0.2779(10) 0.7725(5) 1 0.092(3)
H12A 1 ? 0.3974 0.3933 0.7949 1 0.139
H12B 1 ? 0.4230 0.2861 0.7587 1 0.139
H12C 1 ? 0.4043 0.1779 0.8073 1 0.139
C13 1 ? 0.3700(3) 0.2172(12) 0.6368(5) 1 0.103(3)
H13A 1 ? 0.3647 0.0897 0.6210 1 0.155
H13B 1 ? 0.3970 0.2477 0.6439 1 0.155
H13C 1 ? 0.3521 0.2975 0.5996 1 0.155
N21 1 ? 0.17698(14) 0.2968(6) 0.6624(2) 1 0.0496(11)
C22 1 ? 0.21201(17) 0.2574(6) 0.7172(3) 1 0.0460(13)
S23 1 ? 0.20638(4) 0.2152(2) 0.79997(7) 1 0.0496(3)
C24 1 ? 0.15547(17) 0.2501(7) 0.7586(3) 1 0.0480(13)
C25 1 ? 0.14440(17) 0.2889(7) 0.6838(3) 1 0.0503(13)
C26 1 ? 0.10480(19) 0.3162(8) 0.6382(4) 1 0.0636(16)
H26 1 ? 0.0972 0.3389 0.5877 1 0.076
C27 1 ? 0.0772(2) 0.3082(9) 0.6705(4) 1 0.0707(18)
H27 1 ? 0.0504 0.3266 0.6408 1 0.085
C28 1 ? 0.08771(19) 0.2736(8) 0.7463(4) 1 0.0627(16)
C29 1 ? 0.12724(19) 0.2431(7) 0.7913(3) 1 0.0565(15)
H29 1 ? 0.1348 0.2186 0.8417 1 0.068
C31 1 ? 0.1720(2) 0.3685(9) 0.5886(3) 1 0.0682(17)
H31A 1 ? 0.1970 0.4159 0.5901 1 0.102
H31B 1 ? 0.1525 0.4668 0.5748 1 0.102
H31C 1 ? 0.1631 0.2694 0.5529 1 0.102
C32 1 ? 0.0558(2) 0.2721(11) 0.7789(4) 1 0.090(2)
H32A 1 ? 0.0314 0.2239 0.7428 1 0.135
H32B 1 ? 0.0515 0.3970 0.7921 1 0.135
H32C 1 ? 0.0643 0.1946 0.8223 1 0.135
I1 1 ? 0.120974(15) 0.86928(7) 0.50587(2) 1 0.07597(19)
I2 1 ? 0.211468(13) 0.78667(6) 0.499619(19) 1 0.06554(17)
C10 1 ? 0.02973(6) 0.2270(3) 0.42719(12) 0.37 0.059(4)
H10 1 ? 0.0473 0.1276 0.4563 0.37 0.089
Cl11 1 ? 0.05657(9) 0.4394(4) 0.44238(15) 0.37 0.0717(13)
Cl12 1 ? -0.01112(9) 0.2520(4) 0.45483(16) 0.37 0.104(2)
Cl13 1 ? 0.01191(9) 0.1693(7) 0.33175(15) 0.37 0.0935(16)
C20 1 ? 0.02262(7) 0.1897(3) 0.44048(14) 0.38 0.051(3)
H20 1 ? 0.0426 0.1173 0.4800 0.38 0.076
Cl21 1 ? 0.00990(9) 0.0708(6) 0.3550(2) 0.38 0.0953(16)
Cl22 1 ? 0.04239(9) 0.4119(3) 0.43418(13) 0.38 0.0878(18)
Cl23 1 ? -0.02055(9) 0.2173(4) 0.46098(19) 0.38 0.0933(18)
C30 1 ? -0.00156(8) 0.3558(4) 0.38138(12) 0.13 0.060
H30 1 ? -0.0212 0.4535 0.3574 0.13 0.090
Cl31 1 ? 0.01068(10) 0.2363(8) 0.31354(12) 0.13 0.057(3)
Cl32 1 ? -0.02191(7) 0.1965(4) 0.42674(18) 0.13 0.099(5)
Cl33 1 ? 0.04202(10) 0.4583(3) 0.44721(15) 0.13 0.111(8)
C40 1 ? 0.00228(6) 0.2366(4) 0.40038(13) 0.12 0.060
H40 1 ? -0.0201 0.3006 0.3624 0.12 0.090
Cl41 1 ? 0.00397(9) 0.0019(5) 0.3734(3) 0.12 0.087(5)
Cl42 1 ? -0.00402(10) 0.2424(4) 0.48595(16) 0.12 0.089(5)
Cl43 1 ? 0.04741(8) 0.3498(4) 0.41047(12) 0.12 0.158(10)
