||Christina Y. Tang; Jan Lednik; Dragoslav Vidovic; Amber L. Thompson; Simon Aldridge|Responses to unsaturation in iridium mono(N-heterocyclic carbene) complexes: synthesis and oligomerization of [LIr(H)2Cl] and [LIr(H)2]+|Chem.Commun.|2011 47 2523
C65 H55 B F25 Ir N2
18.75620(10) 25.43320(10) 53.9834(3) 90 90 90
Pbca
Ir1 ? ? 0.351764(15) 0.018786(10) 0.555382(6) 1.0000 0.0492
C2 ? ? 0.2771(3) 0.0582(2) 0.53652(11) 1.0000 0.0272
N3 ? ? 0.2734(2) 0.11127(18) 0.53355(9) 1.0000 0.0287
C4 ? ? 0.2112(3) 0.1250(3) 0.52139(13) 1.0000 0.0390
C5 ? ? 0.1749(3) 0.0810(2) 0.51702(13) 1.0000 0.0388
N6 ? ? 0.2158(2) 0.03991(18) 0.52604(9) 1.0000 0.0280
C7 ? ? 0.1948(3) -0.0153(2) 0.52533(12) 1.0000 0.0305
C8 ? ? 0.1618(3) -0.0365(3) 0.54604(12) 1.0000 0.0355
C9 ? ? 0.1398(4) -0.0022(3) 0.56821(13) 1.0000 0.0447
C10 ? ? 0.1488(7) -0.0295(5) 0.59289(18) 1.0000 0.1050
C11 ? ? 0.0631(5) 0.0158(4) 0.56482(19) 1.0000 0.0807
C12 ? ? 0.1447(3) -0.0898(3) 0.54536(14) 1.0000 0.0423
C13 ? ? 0.1588(4) -0.1191(3) 0.52463(15) 1.0000 0.0469
C14 ? ? 0.1899(4) -0.0970(3) 0.50414(14) 1.0000 0.0428
C15 ? ? 0.2087(3) -0.0436(3) 0.50387(12) 1.0000 0.0360
C16 ? ? 0.2395(4) -0.0186(3) 0.48059(13) 1.0000 0.0456
C17 ? ? 0.2871(5) -0.0548(4) 0.46547(17) 1.0000 0.0751
C18 ? ? 0.1763(6) -0.0005(4) 0.46382(16) 1.0000 0.0749
C19 ? ? 0.3267(3) 0.1489(2) 0.54144(12) 1.0000 0.0309
C20 ? ? 0.3822(3) 0.1610(2) 0.52479(9) 1.0000 0.0412
C24 ? ? 0.4333(4) 0.1968(3) 0.53292(16) 1.0000 0.0595
C25 ? ? 0.4285(5) 0.2190(4) 0.55635(17) 1.0000 0.0734
C26 ? ? 0.3729(5) 0.2069(3) 0.57168(16) 1.0000 0.0623
C27 ? ? 0.3199(4) 0.1715(3) 0.56473(13) 1.0000 0.0414
C28 ? ? 0.2573(4) 0.1603(3) 0.58151(13) 1.0000 0.0477
C29 ? ? 0.2067(6) 0.2077(5) 0.5816(2) 1.0000 0.1090
C30 ? ? 0.2793(5) 0.1471(4) 0.60796(15) 1.0000 0.0726
Ir37 ? ? 0.141893(14) 0.481678(11) 0.757954(5) 1.0000 0.0391
C38 ? ? 0.0789(3) 0.5058(2) 0.78606(10) 1.0000 0.0239
N39 ? ? 0.1019(2) 0.52050(17) 0.80900(8) 1.0000 0.0228
C40 ? ? 0.0443(3) 0.5334(2) 0.82443(12) 1.0000 0.0300
C41 ? ? -0.0144(3) 0.5263(2) 0.81049(11) 1.0000 0.0311
N42 ? ? 0.0069(2) 0.50985(17) 0.78731(9) 1.0000 0.0256
C43 ? ? -0.0422(3) 0.4921(2) 0.76835(11) 1.0000 0.0302
C44 ? ? -0.0720(3) 0.5288(3) 0.75214(13) 1.0000 0.0398
C45 ? ? -0.0582(4) 0.5876(3) 0.75464(15) 1.0000 0.0492
C46 ? ? -0.0574(5) 0.6167(3) 0.72966(17) 1.0000 0.0645
C47 ? ? -0.1160(5) 0.6127(3) 0.77182(17) 1.0000 0.0679
C48 ? ? -0.1160(4) 0.5088(3) 0.73341(16) 1.0000 0.0559
C49 ? ? -0.1299(4) 0.4563(3) 0.73157(15) 1.0000 0.0519
C50 ? ? -0.1021(4) 0.4212(3) 0.74842(14) 1.0000 0.0454
C51 ? ? -0.0576(3) 0.4379(2) 0.76741(10) 1.0000 0.0328
C55 ? ? 0.1748(3) 0.5233(2) 0.81767(11) 1.0000 0.0264
C56 ? ? 0.2041(3) 0.4788(2) 0.82896(12) 1.0000 0.0324
C57 ? ? 0.2743(4) 0.4841(3) 0.83789(14) 1.0000 0.0460
C58 ? ? 0.3105(3) 0.5306(3) 0.83617(15) 1.0000 0.0510
C59 ? ? 0.2799(3) 0.5740(3) 0.82501(14) 1.0000 0.0427
C60 ? ? 0.2104(3) 0.5719(2) 0.81561(11) 1.0000 0.0316
C61 ? ? 0.1772(4) 0.6194(2) 0.80369(14) 1.0000 0.0435
C62 ? ? 0.1714(5) 0.6640(3) 0.82263(17) 1.0000 0.0628
C63 ? ? 0.2184(5) 0.6372(3) 0.78093(17) 1.0000 0.0685
C64 ? ? 0.1644(4) 0.4277(2) 0.83141(13) 1.0000 0.0390
C65 ? ? 0.2085(5) 0.3806(3) 0.82311(18) 1.0000 0.0687
C66 ? ? 0.1389(6) 0.4194(4) 0.85840(16) 1.0000 0.0728
C67 ? ? 0.1891(6) 0.4403(4) 0.72567(15) 1.0000 0.0726
C68 ? ? 0.2177(6) 0.4878(4) 0.72626(15) 1.0000 0.0703
C69 ? ? 0.1756(6) 0.5315(4) 0.72521(16) 1.0000 0.0719
C70 ? ? 0.1048(6) 0.5278(4) 0.72338(15) 1.0000 0.0712
C71 ? ? 0.0721(6) 0.4788(4) 0.72244(14) 1.0000 0.0739
C72 ? ? 0.1152(6) 0.4348(4) 0.72351(15) 1.0000 0.0765
F75 ? ? 0.01093(19) 0.36070(14) 0.58867(7) 1.0000 0.0405
C76 ? ? 0.0269(3) 0.3105(2) 0.58348(12) 1.0000 0.0344
F77 ? ? -0.0318(2) 0.28960(17) 0.57379(8) 1.0000 0.0608
F78 ? ? 0.0761(2) 0.31266(18) 0.56584(7) 1.0000 0.0551
C79 ? ? 0.0528(3) 0.2815(2) 0.60602(10) 1.0000 0.0247
C80 ? ? 0.0983(3) 0.3072(2) 0.62241(10) 1.0000 0.0224
C81 ? ? 0.1255(3) 0.2824(2) 0.64355(10) 1.0000 0.0230
C82 ? ? 0.1080(3) 0.2293(2) 0.64624(10) 1.0000 0.0247
C83 ? ? 0.0627(3) 0.2037(2) 0.62994(12) 1.0000 0.0306
C84 ? ? 0.0339(3) 0.2292(2) 0.60960(11) 1.0000 0.0277
C85 ? ? 0.0461(2) 0.14669(12) 0.63314(9) 1.0000 0.0588
B89 ? ? 0.1793(3) 0.3110(2) 0.66362(12) 1.0000 0.0227
C90 ? ? 0.1733(3) 0.3757(2) 0.66154(10) 1.0000 0.0224
C91 ? ? 0.1063(3) 0.3996(2) 0.66076(10) 1.0000 0.0244
C92 ? ? 0.0974(3) 0.4540(2) 0.65958(10) 1.0000 0.0264
C93 ? ? 0.1559(3) 0.4876(2) 0.65898(10) 1.0000 0.0283
C94 ? ? 0.2226(3) 0.4648(2) 0.66018(11) 1.0000 0.0289
C95 ? ? 0.2313(3) 0.4107(2) 0.66180(11) 1.0000 0.0280
C96 ? ? 0.28573(16) 0.50057(15) 0.65985(8) 1.0000 0.0506
C100 ? ? 0.0229(3) 0.4760(2) 0.65814(14) 1.0000 0.0382
F101 ? ? 0.0205(2) 0.52739(14) 0.66304(10) 1.0000 0.0627
F102 ? ? -0.02224(19) 0.45303(16) 0.67367(8) 1.0000 0.0519
F103 ? ? -0.0054(2) 0.46944(18) 0.63547(8) 1.0000 0.0594
C104 ? ? 0.2589(3) 0.2873(2) 0.65795(10) 1.0000 0.0224
C105 ? ? 0.2812(3) 0.2406(2) 0.66935(11) 1.0000 0.0260
C106 ? ? 0.3464(3) 0.2170(2) 0.66408(11) 1.0000 0.0270
C107 ? ? 0.3937(3) 0.2397(2) 0.64793(11) 1.0000 0.0307
C108 ? ? 0.3729(3) 0.2859(2) 0.63609(11) 1.0000 0.0268
C109 ? ? 0.3067(3) 0.3081(2) 0.64065(10) 1.0000 0.0252
C110 ? ? 0.4233(3) 0.3138(3) 0.61900(13) 1.0000 0.0376
F111 ? ? 0.4784(2) 0.28401(17) 0.61218(8) 1.0000 0.0539
F112 ? ? 0.3912(2) 0.32908(16) 0.59801(8) 1.0000 0.0515
F113 ? ? 0.4501(3) 0.35740(18) 0.62920(9) 1.0000 0.0686
C114 ? ? 0.3643(2) 0.16659(13) 0.67697(8) 1.0000 0.0554
C118 ? ? 0.1555(3) 0.2960(2) 0.69211(10) 1.0000 0.0223
C119 ? ? 0.2040(3) 0.2993(2) 0.71170(11) 1.0000 0.0240
C120 ? ? 0.1861(3) 0.2860(2) 0.73589(10) 1.0000 0.0229
C121 ? ? 0.1182(3) 0.2694(2) 0.74167(11) 1.0000 0.0290
C122 ? ? 0.0685(3) 0.2672(2) 0.72290(11) 1.0000 0.0287
C123 ? ? 0.0865(3) 0.2806(2) 0.69859(11) 1.0000 0.0272
C124 ? ? -0.0076(4) 0.2492(3) 0.72733(14) 1.0000 0.0487
F125 ? ? -0.05487(19) 0.2848(2) 0.72119(8) 1.0000 0.0646
F126 ? ? -0.0229(2) 0.2053(2) 0.71464(9) 1.0000 0.0733
F127 ? ? -0.0191(2) 0.23771(19) 0.75152(8) 1.0000 0.0583
C128 ? ? 0.2428(3) 0.2903(3) 0.75533(11) 1.0000 0.0346
F129 ? ? 0.2243(2) 0.26994(19) 0.77691(7) 1.0000 0.0612
F130 ? ? 0.2602(3) 0.34081(17) 0.75977(8) 1.0000 0.0670
F131 ? ? 0.3033(2) 0.2679(2) 0.74876(8) 1.0000 0.0718
F132 ? ? 0.93605(19) 0.26287(16) 0.65875(7) 1.0000 0.0470
C133 ? ? 0.8945(3) 0.3058(2) 0.65875(12) 1.0000 0.0327
F134 ? ? 0.84501(19) 0.29675(15) 0.67601(7) 1.0000 0.0421
F135 ? ? 0.9347(2) 0.34541(17) 0.66697(8) 1.0000 0.0633
C136 ? ? 0.8614(3) 0.3164(2) 0.63382(11) 1.0000 0.0264
C137 ? ? 0.8688(3) 0.3653(2) 0.62267(11) 1.0000 0.0301
C138 ? ? 0.8362(3) 0.3733(2) 0.60020(12) 1.0000 0.0295
C139 ? ? 0.7957(3) 0.3341(2) 0.58917(11) 1.0000 0.0290
C140 ? ? 0.7876(3) 0.2844(2) 0.59985(10) 1.0000 0.0226
C141 ? ? 0.8228(3) 0.2767(2) 0.62234(11) 1.0000 0.0244
B142 ? ? 0.7425(3) 0.2366(2) 0.58685(12) 1.0000 0.0248
C143 ? ? 0.8011(3) 0.1902(2) 0.58068(10) 1.0000 0.0234
C144 ? ? 0.8540(3) 0.1976(2) 0.56239(10) 1.0000 0.0238
C145 ? ? 0.9058(3) 0.1601(2) 0.55763(11) 1.0000 0.0289
C146 ? ? 0.9086(3) 0.1138(2) 0.57111(11) 1.0000 0.0292
C147 ? ? 0.8576(3) 0.1056(2) 0.58918(11) 1.0000 0.0280
C148 ? ? 0.8054(3) 0.1431(2) 0.59387(10) 1.0000 0.0253
C149 ? ? 0.8579(2) 0.05662(13) 0.60416(7) 1.0000 0.0407
C153 ? ? 0.9619(3) 0.1694(3) 0.53812(13) 1.0000 0.0398
F154 ? ? 1.0237(2) 0.1836(2) 0.54780(9) 1.0000 0.0808
F155 ? ? 0.9772(3) 0.12545(19) 0.52552(9) 1.0000 0.0687
F156 ? ? 0.9437(3) 0.2041(2) 0.52146(10) 1.0000 0.0890
C157 ? ? 0.6979(3) 0.2559(2) 0.56233(11) 1.0000 0.0271
C158 ? ? 0.6503(3) 0.2980(2) 0.56478(11) 1.0000 0.0291
C159 ? ? 0.6078(3) 0.3144(2) 0.54524(12) 1.0000 0.0313
C160 ? ? 0.6100(3) 0.2893(2) 0.52263(12) 1.0000 0.0333
C161 ? ? 0.6555(3) 0.2472(2) 0.52006(11) 1.0000 0.0316
C162 ? ? 0.6990(3) 0.2310(2) 0.53964(11) 1.0000 0.0287
C163 ? ? 0.6609(2) 0.21931(15) 0.49595(6) 1.0000 0.0527
C167 ? ? 0.5593(2) 0.36006(14) 0.54923(8) 1.0000 0.0551
C171 ? ? 0.6802(3) 0.2126(2) 0.60527(11) 1.0000 0.0248
C172 ? ? 0.6648(3) 0.2300(2) 0.62941(11) 1.0000 0.0266
C173 ? ? 0.6117(3) 0.2063(2) 0.64373(10) 1.0000 0.0266
C174 ? ? 0.5711(3) 0.1654(2) 0.63448(11) 1.0000 0.0293
C175 ? ? 0.5841(3) 0.1484(2) 0.61077(11) 1.0000 0.0281
C176 ? ? 0.6374(3) 0.1714(2) 0.59648(11) 1.0000 0.0275
C177 ? ? 0.5415(2) 0.10457(15) 0.60029(8) 1.0000 0.0535
C181 ? ? 0.5971(2) 0.22802(16) 0.66871(6) 1.0000 0.0493
C185 ? ? 0.8436(3) 0.42547(13) 0.58763(9) 1.0000 0.0576
F74 ? ? 0.2139(8) 0.5754(5) 0.7227(2) 0.460(11) 0.0970
F73 ? ? 0.0667(7) 0.3957(5) 0.7182(2) 0.540(11) 0.1015
C200 ? ? 0.3762(4) -0.0587(3) 0.57198(16) 0.602(13) 0.0927
C201 ? ? 0.4349(5) -0.0262(3) 0.57399(19) 0.602(13) 0.0842
C202 ? ? 0.4640(4) -0.0064(3) 0.5533(2) 0.602(13) 0.0806
C203 ? ? 0.4343(5) -0.0190(4) 0.53075(19) 0.602(13) 0.0818
C204 ? ? 0.3754(5) -0.0510(4) 0.52881(17) 0.602(13) 0.0759
C205 ? ? 0.3460(4) -0.0707(3) 0.54964(19) 0.602(13) 0.0799
F206 ? ? 0.3466(5) -0.0780(3) 0.59272(19) 0.602(13) 0.1217
C210 ? ? 0.3353(6) -0.0670(4) 0.5702(3) 0.398(13) 0.0772
C211 ? ? 0.3861(7) -0.0423(4) 0.5847(2) 0.398(13) 0.0784
C212 ? ? 0.4448(6) -0.0226(4) 0.5736(2) 0.398(13) 0.0790
C213 ? ? 0.4523(5) -0.0279(4) 0.5485(2) 0.398(13) 0.0878
C214 ? ? 0.4014(6) -0.0521(4) 0.5341(2) 0.398(13) 0.0824
C215 ? ? 0.3425(6) -0.0717(4) 0.5450(3) 0.398(13) 0.0754
F216 ? ? 0.5109(6) -0.0088(4) 0.5376(3) 0.398(13) 0.1078
F220 ? ? 0.7903(4) 0.4582(3) 0.5909(2) 0.423(7) 0.0670
F221 ? ? 0.8515(6) 0.4214(3) 0.56302(13) 0.423(7) 0.0685
F222 ? ? 0.9018(5) 0.4514(3) 0.59558(19) 0.423(7) 0.0651
F225 ? ? 0.7863(3) 0.4374(3) 0.57394(16) 0.577(7) 0.0670
F226 ? ? 0.8984(4) 0.4293(3) 0.57241(15) 0.577(7) 0.0696
F227 ? ? 0.8509(5) 0.4655(2) 0.60359(13) 0.577(7) 0.0739
F230 ? ? 0.5376(4) 0.3826(3) 0.52812(10) 0.662(12) 0.0548
F231 ? ? 0.5911(4) 0.3988(3) 0.56224(16) 0.662(12) 0.0674
F232 ? ? 0.4999(3) 0.3490(3) 0.56162(17) 0.662(12) 0.0680
F235 ? ? 0.5620(7) 0.3973(4) 0.5319(2) 0.338(12) 0.0537
F236 ? ? 0.5603(8) 0.3855(5) 0.57071(17) 0.338(12) 0.0642
F237 ? ? 0.4932(4) 0.3393(4) 0.5475(3) 0.338(12) 0.0628
F240 ? ? -0.0208(4) 0.1402(3) 0.6413(2) 0.539(13) 0.0749
F241 ? ? 0.0872(5) 0.1209(3) 0.64928(18) 0.539(13) 0.0592
F242 ? ? 0.0499(7) 0.1191(3) 0.61212(12) 0.539(13) 0.0682
F245 ? ? -0.0213(4) 0.1337(4) 0.6282(2) 0.461(13) 0.0612
F246 ? ? 0.0574(7) 0.1309(4) 0.65648(14) 0.461(13) 0.0695
F247 ? ? 0.0859(6) 0.1149(3) 0.6191(2) 0.461(13) 0.0714
F250 ? ? 0.3479(3) 0.4762(3) 0.65580(19) 0.64(2) 0.0415
F251 ? ? 0.2959(5) 0.5296(5) 0.68021(17) 0.64(2) 0.0667
F252 ? ? 0.2789(4) 0.5355(4) 0.6411(2) 0.64(2) 0.0596
F255 ? ? 0.3434(6) 0.4792(6) 0.6492(3) 0.36(2) 0.0475
F256 ? ? 0.3034(8) 0.5074(8) 0.68385(14) 0.36(2) 0.0553
F257 ? ? 0.2809(8) 0.5487(4) 0.6504(4) 0.36(2) 0.0555
F260 ? ? 0.8419(7) 0.0677(4) 0.62784(12) 0.46(2) 0.0372
F261 ? ? 0.9235(4) 0.0346(5) 0.6048(2) 0.46(2) 0.0497
F262 ? ? 0.8139(7) 0.0180(4) 0.59775(19) 0.46(2) 0.0459
F265 ? ? 0.8668(6) 0.0622(4) 0.62849(11) 0.54(2) 0.0431
F266 ? ? 0.9062(6) 0.0205(4) 0.5972(2) 0.54(2) 0.0598
F267 ? ? 0.7939(4) 0.0329(4) 0.60147(19) 0.54(2) 0.0430
F270 ? ? 0.4823(5) 0.0932(5) 0.6132(2) 0.444(17) 0.0562
F271 ? ? 0.5769(5) 0.0592(3) 0.5983(3) 0.444(17) 0.0612
F272 ? ? 0.5190(8) 0.1156(5) 0.57734(16) 0.444(17) 0.0590
F275 ? ? 0.4717(3) 0.1091(4) 0.6051(2) 0.556(17) 0.0604
F276 ? ? 0.5608(6) 0.0582(3) 0.6099(2) 0.556(17) 0.0628
F277 ? ? 0.5461(6) 0.0985(4) 0.57577(11) 0.556(17) 0.0611
F280 ? ? 0.6647(10) 0.1669(2) 0.4991(2) 0.40(3) 0.0525
F281 ? ? 0.7159(8) 0.2316(6) 0.4813(3) 0.40(3) 0.0585
F282 ? ? 0.6023(7) 0.2274(7) 0.4821(3) 0.40(3) 0.0591
F285 ? ? 0.6394(7) 0.1691(3) 0.49673(19) 0.60(3) 0.0564
F286 ? ? 0.7289(3) 0.2177(5) 0.4879(2) 0.60(3) 0.0576
F287 ? ? 0.6236(8) 0.2414(4) 0.47741(15) 0.60(3) 0.0632
F290 ? ? 0.5756(7) 0.2783(3) 0.66742(16) 0.58(2) 0.0540
F291 ? ? 0.6527(4) 0.2281(5) 0.68421(17) 0.58(2) 0.0563
F292 ? ? 0.5446(6) 0.2024(4) 0.68087(16) 0.58(2) 0.0533
F295 ? ? 0.5521(6) 0.2684(4) 0.6706(2) 0.42(2) 0.0485
F296 ? ? 0.6588(4) 0.2451(6) 0.6786(2) 0.42(2) 0.0477
F297 ? ? 0.5725(10) 0.1916(4) 0.68453(18) 0.42(2) 0.0613
F300 ? ? 0.3087(4) 0.1363(4) 0.6835(3) 0.57(2) 0.0614
F301 ? ? 0.4018(7) 0.1738(3) 0.69782(18) 0.57(2) 0.0665
F302 ? ? 0.4054(6) 0.1359(4) 0.66249(19) 0.57(2) 0.0614
F305 ? ? 0.3124(6) 0.1311(4) 0.6731(3) 0.43(2) 0.0580
F306 ? ? 0.3696(10) 0.1710(4) 0.70164(12) 0.43(2) 0.0608
F307 ? ? 0.4247(5) 0.1429(5) 0.6697(3) 0.43(2) 0.0574
C310 ? ? 0.3843(5) 0.1366(4) 0.49899(14) 0.45(4) 0.0470
C311 ? ? 0.3671(15) 0.1778(7) 0.47925(17) 0.45(4) 0.0510
C312 ? ? 0.4566(9) 0.1106(10) 0.4942(3) 0.45(4) 0.0562
C315 ? ? 0.3851(4) 0.1384(3) 0.49864(12) 0.55(4) 0.0455
C316 ? ? 0.3395(10) 0.1711(7) 0.48097(17) 0.55(4) 0.0520
C317 ? ? 0.4625(6) 0.1347(10) 0.4896(2) 0.55(4) 0.0518
C320 ? ? -0.0298(4) 0.3993(3) 0.78677(14) 0.46(3) 0.0366
C321 ? ? -0.0002(13) 0.3497(5) 0.7743(3) 0.46(3) 0.0411
C322 ? ? -0.0880(10) 0.3859(7) 0.8055(3) 0.46(3) 0.0424
C325 ? ? -0.0338(4) 0.4001(3) 0.78781(12) 0.54(3) 0.0409
C326 ? ? 0.0248(9) 0.3632(6) 0.7783(3) 0.54(3) 0.0452
C327 ? ? -0.0974(6) 0.3692(7) 0.7979(4) 0.54(3) 0.0500
H41 ? ? 0.1984 0.1599 0.5171 1.0000 0.0486
H51 ? ? 0.1307 0.0784 0.5090 1.0000 0.0520
H91 ? ? 0.1703 0.0300 0.5691 1.0000 0.0572
H101 ? ? 0.1341 -0.0073 0.6065 1.0000 0.1671
H102 ? ? 0.1976 -0.0402 0.5953 1.0000 0.1669
H103 ? ? 0.1192 -0.0601 0.5918 1.0000 0.1671
H111 ? ? 0.0505 0.0417 0.5771 1.0000 0.1280
H112 ? ? 0.0326 -0.0138 0.5666 1.0000 0.1283
H113 ? ? 0.0563 0.0307 0.5487 1.0000 0.1280
H121 ? ? 0.1248 -0.1044 0.5592 1.0000 0.0490
H131 ? ? 0.1475 -0.1550 0.5245 1.0000 0.0588
H141 ? ? 0.1981 -0.1182 0.4900 1.0000 0.0498
H161 ? ? 0.2669 0.0125 0.4842 1.0000 0.0560
H171 ? ? 0.3211 -0.0350 0.4561 1.0000 0.1240
H172 ? ? 0.3122 -0.0790 0.4759 1.0000 0.1240
H173 ? ? 0.2565 -0.0744 0.4540 1.0000 0.1241
H181 ? ? 0.1930 0.0215 0.4503 1.0000 0.1193
H183 ? ? 0.1430 0.0188 0.4736 1.0000 0.1192
H182 ? ? 0.1525 -0.0304 0.4569 1.0000 0.1188
H241 ? ? 0.4700 0.2068 0.5227 1.0000 0.0745
H251 ? ? 0.4635 0.2418 0.5615 1.0000 0.0886
H261 ? ? 0.3697 0.2229 0.5870 1.0000 0.0770
H281 ? ? 0.2314 0.1306 0.5744 1.0000 0.0624
H291 ? ? 0.1631 0.1984 0.5900 1.0000 0.1539
H293 ? ? 0.2295 0.2365 0.5899 1.0000 0.1539
H292 ? ? 0.1957 0.2170 0.5648 1.0000 0.1542
H301 ? ? 0.2407 0.1289 0.6161 1.0000 0.1112
H303 ? ? 0.2904 0.1792 0.6165 1.0000 0.1109
H302 ? ? 0.3213 0.1254 0.6076 1.0000 0.1109
H401 ? ? 0.0464 0.5438 0.8410 1.0000 0.0373
H411 ? ? -0.0614 0.5307 0.8148 1.0000 0.0370
H451 ? ? -0.0109 0.5927 0.7623 1.0000 0.0598
H461 ? ? -0.0424 0.6520 0.7328 1.0000 0.0965
H463 ? ? -0.1053 0.6175 0.7230 1.0000 0.0971
H462 ? ? -0.0249 0.5997 0.7186 1.0000 0.0971
H471 ? ? -0.1036 0.6485 0.7732 1.0000 0.1139
H473 ? ? -0.1163 0.5970 0.7877 1.0000 0.1141
H472 ? ? -0.1613 0.6093 0.7635 1.0000 0.1138
H481 ? ? -0.1371 0.5314 0.7220 1.0000 0.0671
H491 ? ? -0.1593 0.4436 0.7188 1.0000 0.0637
H501 ? ? -0.1148 0.3853 0.7469 1.0000 0.0545
H571 ? ? 0.2975 0.4548 0.8454 1.0000 0.0566
H581 ? ? 0.3560 0.5322 0.8423 1.0000 0.0642
H591 ? ? 0.3052 0.6052 0.8237 1.0000 0.0523
H611 ? ? 0.1292 0.6086 0.7988 1.0000 0.0539
H621 ? ? 0.1522 0.6947 0.8146 1.0000 0.0981
H622 ? ? 0.1407 0.6542 0.8363 1.0000 0.0984
H623 ? ? 0.2180 0.6724 0.8287 1.0000 0.0980
H632 ? ? 0.1888 0.6610 0.7716 1.0000 0.1062
H631 ? ? 0.2615 0.6541 0.7867 1.0000 0.1061
H633 ? ? 0.2305 0.6072 0.7708 1.0000 0.1060
H641 ? ? 0.1220 0.4298 0.8210 1.0000 0.0542
H651 ? ? 0.1767 0.3514 0.8225 1.0000 0.1032
H652 ? ? 0.2452 0.3740 0.8354 1.0000 0.1033
H653 ? ? 0.2284 0.3879 0.8071 1.0000 0.1029
H662 ? ? 0.1147 0.3865 0.8597 1.0000 0.1117
H661 ? ? 0.1800 0.4196 0.8690 1.0000 0.1122
H663 ? ? 0.1079 0.4478 0.8631 1.0000 0.1122
H671 ? ? 0.2159 0.4077 0.7282 1.0000 0.0966
H681 ? ? 0.2708 0.4919 0.7279 1.0000 0.0932
H701 ? ? 0.0778 0.5618 0.7251 1.0000 0.0946
H711 ? ? 0.0209 0.4765 0.7244 1.0000 0.0990
H801 ? ? 0.1110 0.3433 0.6194 1.0000 0.0275
H821 ? ? 0.1275 0.2113 0.6592 1.0000 0.0335
H841 ? ? 0.0036 0.2126 0.5987 1.0000 0.0347
H911 ? ? 0.0649 0.3781 0.6613 1.0000 0.0313
H931 ? ? 0.1500 0.5248 0.6577 1.0000 0.0350
H951 ? ? 0.2784 0.3975 0.6627 1.0000 0.0351
H1051 ? ? 0.2520 0.2242 0.6807 1.0000 0.0323
H1071 ? ? 0.4380 0.2246 0.6450 1.0000 0.0419
H1091 ? ? 0.2936 0.3392 0.6319 1.0000 0.0293
H1191 ? ? 0.2511 0.3112 0.7086 1.0000 0.0337
H1211 ? ? 0.1062 0.2609 0.7579 1.0000 0.0365
H1231 ? ? 0.0518 0.2794 0.6866 1.0000 0.0365
H1371 ? ? 0.8943 0.3919 0.6299 1.0000 0.0399
H1391 ? ? 0.7738 0.3403 0.5742 1.0000 0.0394
H1411 ? ? 0.8204 0.2439 0.6299 1.0000 0.0306
H1441 ? ? 0.8539 0.2289 0.5527 1.0000 0.0303
H1461 ? ? 0.9427 0.0878 0.5683 1.0000 0.0359
H1481 ? ? 0.7724 0.1366 0.6065 1.0000 0.0287
H1581 ? ? 0.6459 0.3158 0.5798 1.0000 0.0394
H1601 ? ? 0.5817 0.2999 0.5094 1.0000 0.0443
H1621 ? ? 0.7294 0.2027 0.5368 1.0000 0.0374
H1721 ? ? 0.6909 0.2579 0.6359 1.0000 0.0321
H1741 ? ? 0.5359 0.1509 0.6438 1.0000 0.0376
H1761 ? ? 0.6436 0.1598 0.5801 1.0000 0.0347
H2011 ? ? 0.4526 -0.0153 0.5904 0.602(13) 0.1192
H2021 ? ? 0.5021 0.0202 0.5542 0.602(13) 0.1169
H2031 ? ? 0.4481 -0.0001 0.5157 0.602(13) 0.1132
H2041 ? ? 0.3503 -0.0546 0.5129 0.602(13) 0.1024
H2051 ? ? 0.3000 -0.0881 0.5493 0.602(13) 0.1073
H2101 ? ? 0.2899 -0.0776 0.5778 0.398(13) 0.0759
H2111 ? ? 0.3771 -0.0356 0.6023 0.398(13) 0.0790
H2121 ? ? 0.4798 -0.0026 0.5833 0.398(13) 0.0800
H2141 ? ? 0.4051 -0.0496 0.5159 0.398(13) 0.0840
H2151 ? ? 0.3022 -0.0834 0.5349 0.398(13) 0.0761
H3101 ? ? 0.3499 0.1074 0.4989 0.45(4) 0.0550
H3111 ? ? 0.3609 0.1604 0.4635 0.45(4) 0.0751
H3113 ? ? 0.4043 0.2033 0.4774 0.45(4) 0.0750
H3112 ? ? 0.3236 0.1960 0.4838 0.45(4) 0.0751
H3121 ? ? 0.4575 0.0976 0.4775 0.45(4) 0.0810
H3122 ? ? 0.4655 0.0824 0.5059 0.45(4) 0.0808
H3123 ? ? 0.4908 0.1386 0.4963 0.45(4) 0.0812
H3151 ? ? 0.3650 0.1026 0.4994 0.55(4) 0.0530
H3161 ? ? 0.3449 0.1590 0.4640 0.55(4) 0.0793
H3163 ? ? 0.3538 0.2075 0.4818 0.55(4) 0.0791
H3162 ? ? 0.2900 0.1678 0.4861 0.55(4) 0.0792
H3171 ? ? 0.4614 0.1179 0.4737 0.55(4) 0.0690
H3172 ? ? 0.4914 0.1151 0.5012 0.55(4) 0.0694
H3173 ? ? 0.4803 0.1698 0.4879 0.55(4) 0.0688
H3201 ? ? 0.0083 0.4166 0.7962 0.46(3) 0.0472
H3211 ? ? 0.0298 0.3315 0.7860 0.46(3) 0.0691
H3212 ? ? 0.0275 0.3605 0.7602 0.46(3) 0.0693
H3213 ? ? -0.0378 0.3265 0.7689 0.46(3) 0.0690
H3221 ? ? -0.0673 0.3687 0.8197 0.46(3) 0.0712
H3222 ? ? -0.1127 0.4175 0.8104 0.46(3) 0.0708
H3223 ? ? -0.1208 0.3626 0.7971 0.46(3) 0.0712
H3251 ? ? -0.0156 0.4203 0.8019 0.54(3) 0.0481
H3261 ? ? 0.0290 0.3331 0.7890 0.54(3) 0.0660
H3262 ? ? 0.0696 0.3821 0.7782 0.54(3) 0.0661
H3263 ? ? 0.0134 0.3515 0.7617 0.54(3) 0.0662
H3271 ? ? -0.0817 0.3467 0.8110 0.54(3) 0.0731
H3272 ? ? -0.1330 0.3933 0.8039 0.54(3) 0.0730
H3273 ? ? -0.1169 0.3485 0.7845 0.54(3) 0.0728
H721 ? ? 0.0919 0.4018 0.7219 0.460(11) 0.1000
H691 ? ? 0.1991 0.5646 0.7252 0.540(11) 0.0941
H372 ? ? 0.2025 0.4898 0.7720 1.0000 0.0500
H11 ? ? 0.3885 0.0643 0.5491 1.0000 0.0500
H371 ? ? 0.1397 0.4357 0.7729 1.0000 0.0500
H12 ? ? 0.3308 0.0485 0.5771 1.0000 0.0500
