|?|Banerjee, Subhabrata; Adarsh, N. N.; Dastidar, Parthasarathi|An unprecedented all helical 3D network and a rarely observed non-interpenetrated octahedral network in homochiral Cu(II) MOFs: effect of steric bulk and π‒π stacking interactions of the ligand backbone|CrystEngComm|2009 11(5) 746
C28 H28 Cl Cu N8 O4
13.266(4) 13.266(4) 5.3885(17) 90.00 90.00 90.00
P4
Cu1 4 ? 1.0000 1.0000 0.3666(3) 1 0.0187(6)
Cl1 4 ? 1.0000 1.0000 -0.1025(11) 1 0.0259(12)
N1 1 ? 0.9258(5) 0.8657(5) 0.3906(18) 1 0.0249(17)
C2 1 ? 0.8483(7) 0.8434(7) 0.238(2) 1 0.033(2)
H2 1 ? 0.8310 0.8882 0.1121 1 0.039
C3 1 ? 0.7948(9) 0.7555(10) 0.265(3) 1 0.056(3)
H3 1 ? 0.7395 0.7433 0.1627 1 0.067
C4 1 ? 0.8215(11) 0.6858(10) 0.438(3) 1 0.068(4)
H4 1 ? 0.7859 0.6258 0.4554 1 0.082
C5 1 ? 0.9035(10) 0.7074(8) 0.5893(19) 1 0.044(3)
C6 1 ? 0.9544(8) 0.7981(7) 0.5579(18) 1 0.031(2)
H6 1 ? 1.0101 0.8118 0.6570 1 0.037
N7 1 ? 0.9342(11) 0.6378(9) 0.768(3) 0.50 0.085(4)
C7 1 ? 0.9342(11) 0.6378(9) 0.768(3) 0.50 0.085(4)
O8 1 ? 1.0196(14) 0.652(2) 0.838(7) 0.50 0.118(8)
N9 1 ? 0.9252(9) 0.5460(9) 0.848(4) 0.50 0.036(3)
O11 1 ? 1.0751(9) 0.6734(8) 0.823(3) 0.50 0.032(3)
C12 2 ? 1.0000 0.5000 1.008(4) 1 0.106(9)
C13 1 ? 1.076(2) 0.542(2) 1.206(5) 0.50 0.079(9)
C10 1 ? 1.0167(11) 0.6055(9) 0.881(4) 0.50 0.068
