2,6-di-O-p-bromobenzoyl-myo-inositol 1,3,5-orthoformate|2,6-di-O-p-bromobenzoyl-myo-inositol 1,3,5-orthoformate|Gonnade, Rajesh G.; Bhadbhade, Mohan M.; Shashidhar, Mysore S.|Crystal-to-crystal transformation amongst dimorphs of racemic 2,6-di-O-(p-halo benzoyl)-myo-inositol 1,3,5-orthoformates that achieves halogen bonding contacts|CrystEngComm|2008 10(3) 288
C21 H16 Br2 O8
6.825(3) 8.330(4) 18.181(9) 80.744(9) 88.609(9) 83.038(10)
P-1
Br1 1 ? -0.21432(13) 0.66961(13) 0.50671(5) 1 0.0754(4)
Br2 1 ? 1.55396(14) 1.38426(12) 0.65648(6) 1 0.0751(4)
O1 1 ? 0.3724(6) 0.8484(6) 0.9023(3) 1 0.0465(13)
O2 1 ? 0.4643(7) 0.7710(6) 0.7547(3) 1 0.0499(13)
O3 1 ? 0.5569(7) 0.5964(6) 0.9036(3) 1 0.0484(13)
O4 1 ? 1.0107(7) 0.7682(8) 0.8486(3) 1 0.0655(16)
H4A 1 ? 1.1079 0.7789 0.8722 1 0.098
O5 1 ? 0.6185(7) 0.7599(6) 0.9901(2) 1 0.0496(13)
O6 1 ? 0.7821(7) 1.0784(6) 0.8455(3) 1 0.0512(14)
O7 1 ? 0.5725(8) 0.9389(8) 0.6576(3) 1 0.0654(16)
O8 1 ? 0.8726(8) 1.2161(7) 0.9331(3) 1 0.0617(15)
C1 1 ? 0.5053(11) 0.9310(11) 0.8508(4) 1 0.047(2)
C2 1 ? 0.6102(11) 0.8156(9) 0.8030(4) 1 0.0450(19)
C3 1 ? 0.6999(10) 0.6645(9) 0.8526(4) 1 0.0415(18)
C4 1 ? 0.8626(12) 0.7141(12) 0.8983(5) 1 0.053(2)
C5 1 ? 0.7636(11) 0.8400(10) 0.9439(4) 1 0.047(2)
C6 1 ? 0.6542(10) 0.9924(10) 0.8978(4) 1 0.0432(19)
C7 1 ? 0.4750(11) 0.7110(10) 0.9471(4) 1 0.0453(19)
C8 1 ? 0.4579(11) 0.8479(9) 0.6835(4) 1 0.0428(18)
C9 1 ? 0.2930(10) 0.8060(9) 0.6418(4) 1 0.0424(18)
C10 1 ? 0.2883(12) 0.8478(11) 0.5645(5) 1 0.056(2)
C11 1 ? 0.1384(13) 0.8056(12) 0.5244(5) 1 0.061(2)
C12 1 ? -0.0079(11) 0.7278(10) 0.5615(4) 1 0.051(2)
C13 1 ? -0.0093(12) 0.6858(10) 0.6379(4) 1 0.051(2)
C14 1 ? 0.1415(11) 0.7262(10) 0.6782(4) 1 0.048(2)
C15 1 ? 0.8941(11) 1.1779(9) 0.8719(4) 1 0.0443(18)
C16 1 ? 1.0462(10) 1.2325(9) 0.8175(4) 1 0.0427(18)
C17 1 ? 1.1805(11) 1.3295(9) 0.8390(5) 1 0.0478(19)
C18 1 ? 1.3324(12) 1.3739(10) 0.7902(5) 1 0.056(2)
C19 1 ? 1.3481(11) 1.3234(9) 0.7218(5) 1 0.052(2)
C20 1 ? 1.2122(12) 1.2293(10) 0.7004(5) 1 0.053(2)
C21 1 ? 1.0638(11) 1.1843(10) 0.7479(4) 1 0.049(2)
H1 1 ? 0.443(8) 1.014(7) 0.823(3) 1 0.018(16)
H2 1 ? 0.712(8) 0.871(6) 0.770(3) 1 0.015(13)
H3 1 ? 0.766(8) 0.575(7) 0.820(3) 1 0.026(16)
H4 1 ? 0.914(10) 0.633(8) 0.930(4) 1 0.04(2)
H5 1 ? 0.846(11) 0.863(9) 0.974(4) 1 0.05(2)
H6 1 ? 0.582(8) 1.067(7) 0.931(3) 1 0.025(16)
H7 1 ? 0.383(9) 0.646(7) 0.983(3) 1 0.026(15)
H10 1 ? 0.380(12) 0.908(10) 0.541(5) 1 0.07(3)
H11 1 ? 0.134(8) 0.833(7) 0.476(3) 1 0.019(15)
H13 1 ? -0.116(11) 0.624(9) 0.658(4) 1 0.06(2)
H14 1 ? 0.128(9) 0.700(8) 0.731(4) 1 0.043(19)
H17 1 ? 1.163(9) 1.380(7) 0.884(4) 1 0.034(18)
H18 1 ? 1.432(10) 1.425(8) 0.805(3) 1 0.038(18)
H20 1 ? 1.216(12) 1.201(9) 0.655(5) 1 0.06(3)
H21 1 ? 0.967(8) 1.130(6) 0.730(3) 1 0.018(14)
