||Yu Chikamoto; Masakazu Hirotsu; Tatsuya Kawamoto; Takumi Konno|Alkylation of Nonbridging Thiolato Groups in an S-bridged CoIIIPdIICoIII Trinuclear Complex: Control of Geometrical Isomerism by Tuning Trans Influence Due to Sulfur Donors|Chemistry Letters|2005 34(3) 362
C14 H56 Cl4 Co2 N6 O7 Pd S6
? ? ? ? ? ?
P21
Pd1 1 ? 0.00001(18) 0.4925(4) 0.24958(18) 1 0.0274(4)
Pd2 1 ? 0.50035(18) 0.4943(4) 0.25036(19) 1 0.0281(4)
Co1 1 ? -0.1807(3) 0.4830(5) 0.0688(2) 1 0.0251(9)
Co2 1 ? 0.1798(3) 0.4835(5) 0.4308(3) 1 0.0255(9)
Co3 1 ? 0.3207(3) 0.5021(5) 0.0695(3) 1 0.0305(11)
Co4 1 ? 0.6801(3) 0.5027(5) 0.4318(3) 1 0.0309(11)
Cl1 1 ? 0.2738(7) 0.7785(8) 0.3744(6) 1 0.069(3)
Cl2 1 ? -0.2750(7) 0.7765(7) 0.1236(6) 1 0.071(3)
Cl3 1 ? 0.2273(8) 0.2124(8) 0.1234(6) 1 0.075(3)
Cl4 1 ? 0.7717(6) 0.2147(6) 0.3773(6) 1 0.056(3)
Cl5 1 ? 0.1338(7) 0.7523(7) 0.0518(7) 1 0.057(3)
Cl6 1 ? 0.6314(6) 0.7354(7) 0.5518(6) 1 0.048(2)
Cl7 1 ? 0.3680(6) 0.7356(7) -0.0522(6) 1 0.055(3)
Cl8 1 ? -0.1323(6) 0.7530(7) 0.4487(6) 1 0.054(3)
S1 1 ? -0.0318(5) 0.4813(7) 0.1055(5) 1 0.0297(18)
S2 1 ? -0.1545(5) 0.4976(7) 0.2079(5) 1 0.0322(19)
S3 1 ? -0.3337(5) 0.4810(7) 0.0227(5) 1 0.037(2)
S4 1 ? 0.0295(5) 0.4810(6) 0.3914(5) 1 0.0279(18)
S5 1 ? 0.1552(5) 0.4989(8) 0.2922(5) 1 0.0314(19)
S6 1 ? 0.3318(5) 0.4820(7) 0.4755(5) 1 0.035(2)
S7 1 ? 0.4715(5) 0.5070(7) 0.1082(5) 1 0.036(2)
S8 1 ? 0.3458(5) 0.4887(8) 0.2069(5) 1 0.034(2)
S9 1 ? 0.1680(6) 0.5033(8) 0.0261(6) 1 0.049(3)
S10 1 ? 0.5306(5) 0.5078(7) 0.3932(5) 1 0.032(2)
S11 1 ? 0.6560(5) 0.4862(7) 0.2943(5) 1 0.0304(18)
S12 1 ? 0.8345(5) 0.5041(7) 0.4746(6) 1 0.042(2)
O1 1 ? 0.0290 0.2434 0.1227 1 0.077(8)
O2 1 ? 0.4138 0.4649 -0.1437 1 0.078(9)
O3 1 ? 0.4189 0.9649 0.3628 1 0.054(5)
O4 1 ? -0.4640 0.7762 0.1335 1 0.077(6)
O5 1 ? -0.0195 0.1342 0.2542 0.50 0.031(5)
O6 1 ? -0.6372 0.1293 0.2886 0.50 0.062(8)
O7 1 ? -0.3876 0.2510 0.2233 0.50 0.043(7)
O8 1 ? -0.0279 0.2455 0.3803 1 0.082(9)
O9 1 ? -0.5355 0.7632 0.3693 1 0.101(10)
O10 1 ? -0.1021 0.8360 0.2878 0.50 0.039(5)
O11 1 ? 0.1242 0.8595 0.2165 0.50 0.056(8)
O12 1 ? 0.4685 0.0845 0.2581 0.50 0.069(11)
O13 1 ? 0.0934 0.0216 0.1526 1 0.112(10)
O14 1 ? 0.9161 0.0052 0.3470 1 0.082(5)
O15 1 ? 0.4857 0.8468 0.2559 1 0.097(6)
O16 1 ? -0.4707 0.0885 0.2326 0.50 0.095(15)
O17 1 ? -0.0046 0.9102 0.2526 0.50 0.126(11)
O18 1 ? 0.0960 0.7829 0.2160 0.50 0.072(8)
O19 1 ? -0.6039 0.2420 0.2781 0.50 0.050(8)
N1 1 ? -0.1726(12) 0.6084(16) 0.0529(14) 1 0.044(7)
H1A 1 ? -0.1896 0.6186 -0.0026 1 0.052
H1B 1 ? -0.2124 0.6357 0.0698 1 0.052
N2 1 ? -0.1820(14) 0.3549(15) 0.0887(11) 1 0.031(6)
H2A 1 ? -0.2389 0.3363 0.0633 1 0.037
H2B 1 ? -0.1502 0.3286 0.0621 1 0.037
N3 1 ? -0.1926(17) 0.4622(19) -0.0441(16) 1 0.055(8)
H3A 1 ? -0.1611 0.5033 -0.0591 1 0.066
H3B 1 ? -0.1694 0.4087 -0.0474 1 0.066
N4 1 ? 0.1707(16) 0.6132(15) 0.4448(16) 1 0.037(7)
H4A 1 ? 0.1923 0.6259 0.5001 1 0.045
H4B 1 ? 0.2055 0.6410 0.4221 1 0.045
N5 1 ? 0.1809(15) 0.3524(14) 0.4108(15) 1 0.038(7)
H5A 1 ? 0.2377 0.3334 0.4359 1 0.046
H5B 1 ? 0.1488 0.3260 0.4372 1 0.046
N6 1 ? 0.1954(15) 0.4595(16) 0.5498(12) 1 0.030(6)
H6A 1 ? 0.1579 0.4943 0.5638 1 0.036
H6B 1 ? 0.1812 0.4027 0.5547 1 0.036
N7 1 ? 0.3121(17) 0.6321(17) 0.0848(15) 1 0.040(7)
H7A 1 ? 0.3408 0.6611 0.0567 1 0.048
H7B 1 ? 0.2542 0.6486 0.0629 1 0.048
N8 1 ? 0.3230(16) 0.3718(15) 0.0588(15) 1 0.038(6)
H8A 1 ? 0.2896 0.3473 0.0848 1 0.045
H8B 1 ? 0.2982 0.3570 0.0040 1 0.045
N9 1 ? 0.3025(11) 0.5249(16) -0.0515(12) 1 0.036(7)
H9A 1 ? 0.3235 0.5796 -0.0542 1 0.044
H9B 1 ? 0.3373 0.4864 -0.0653 1 0.044
N10 1 ? 0.6700(16) 0.3715(14) 0.4412(15) 1 0.031(6)
H10A 1 ? 0.7027 0.3456 0.4152 1 0.037
H10B 1 ? 0.6951 0.3569 0.4960 1 0.037
N11 1 ? 0.6846(15) 0.6352(16) 0.4122(16) 1 0.033(7)
H11A 1 ? 0.6531 0.6637 0.4380 1 0.040
H11B 1 ? 0.7417 0.6537 0.4358 1 0.040
N12 1 ? 0.6984(16) 0.5241(15) 0.5544(13) 1 0.039(7)
H12A 1 ? 0.6768 0.5783 0.5576 1 0.047
H12B 1 ? 0.6641 0.4848 0.5679 1 0.047
C1 1 ? -0.0183(18) 0.5946(18) 0.0763(15) 1 0.045(9)
H1C 1 ? 0.0425 0.6146 0.1070 1 0.054
H1D 1 ? -0.0305 0.5980 0.0165 1 0.054
C2 1 ? -0.0827(18) 0.6516(17) 0.097(2) 1 0.047(9)
H2C 1 ? -0.0826 0.7116 0.0770 1 0.056
H2D 1 ? -0.0675 0.6532 0.1576 1 0.056
C3 1 ? -0.177(2) 0.3861(19) 0.234(2) 1 0.045(9)
H3C 1 ? -0.1404 0.3723 0.2922 1 0.054
H3D 1 ? -0.2393 0.3791 0.2251 1 0.054
C4 1 ? -0.1503(17) 0.323(2) 0.1706(18) 1 0.041(8)
H4C 1 ? -0.0857 0.3181 0.1910 1 0.049
H4D 1 ? -0.1744 0.2643 0.1708 1 0.049
C5 1 ? -0.3618(19) 0.435(3) -0.0725(19) 1 0.054(10)
H5C 1 ? -0.3612 0.3709 -0.0680 1 0.065
H5D 1 ? -0.4215 0.4536 -0.1089 1 0.065
C6 1 ? -0.294(2) 0.465(2) -0.1080(16) 1 0.064(12)
H6C 1 ? -0.3083 0.5257 -0.1280 1 0.077
H6D 1 ? -0.3003 0.4286 -0.1563 1 0.077
C7 1 ? -0.3815(18) 0.592(2) -0.0048(19) 1 0.084(13)
H7C 1 ? -0.3742 0.6236 0.0457 1 0.101
H7D 1 ? -0.4441 0.5867 -0.0391 1 0.101
H7E 1 ? -0.3515 0.6224 -0.0353 1 0.101
C8 1 ? 0.0127(18) 0.5941(19) 0.4193(19) 1 0.045(9)
H8C 1 ? -0.0468 0.6145 0.3843 1 0.054
H8D 1 ? 0.0190 0.5969 0.4777 1 0.054
C9 1 ? 0.0794(17) 0.649(2) 0.4062(19) 1 0.042(8)
H9C 1 ? 0.0780 0.7073 0.4293 1 0.051
H9D 1 ? 0.0642 0.6556 0.3462 1 0.051
C10 1 ? 0.174(2) 0.387(2) 0.270(2) 1 0.045(9)
H10C 1 ? 0.1403 0.3747 0.2110 1 0.054
H10D 1 ? 0.2369 0.3788 0.2809 1 0.054
C11 1 ? 0.1466(17) 0.3207(17) 0.3230(14) 1 0.023(6)
H11C 1 ? 0.0819 0.3157 0.3018 1 0.027
H11D 1 ? 0.1712 0.2627 0.3201 1 0.027
C12 1 ? 0.355(2) 0.442(2) 0.5729(19) 1 0.051(10)
H12C 1 ? 0.3526 0.3774 0.5707 1 0.061
H12D 1 ? 0.4158 0.4586 0.6090 1 0.061
C13 1 ? 0.290(2) 0.477(2) 0.6093(15) 1 0.055(9)
H13A 1 ? 0.3002 0.4480 0.6628 1 0.066
H13B 1 ? 0.2986 0.5399 0.6193 1 0.066
C14 1 ? 0.3783(18) 0.5926(16) 0.504(2) 1 0.053(9)
H14A 1 ? 0.3703 0.6258 0.4542 1 0.063
H14B 1 ? 0.4410 0.5883 0.5383 1 0.063
H14C 1 ? 0.3482 0.6222 0.5355 1 0.063
C15 1 ? 0.3167(17) 0.6007(18) 0.2234(16) 1 0.032(7)
H15A 1 ? 0.2521 0.6074 0.2015 1 0.038
H15B 1 ? 0.3398 0.6141 0.2831 1 0.038
C16 1 ? 0.354(2) 0.6594(19) 0.1812(19) 1 0.049(10)
H16A 1 ? 0.4188 0.6535 0.2030 1 0.059
H16B 1 ? 0.3393 0.7203 0.1885 1 0.059
C17 1 ? 0.4824(19) 0.3934(17) 0.0742(15) 1 0.041(8)
H17A 1 ? 0.4688 0.3922 0.0141 1 0.049
H17B 1 ? 0.5430 0.3721 0.1032 1 0.049
C18 1 ? 0.4156(18) 0.334(2) 0.0957(16) 1 0.039(8)
H18A 1 ? 0.4158 0.2752 0.0739 1 0.046
H18B 1 ? 0.4342 0.3303 0.1564 1 0.046
C19 1 ? 0.150(2) 0.556(2) -0.0813(19) 1 0.049(9)
H19A 1 ? 0.0895 0.5459 -0.1202 1 0.058
H19B 1 ? 0.1594 0.6199 -0.0744 1 0.058
C20 1 ? 0.2131(13) 0.519(2) -0.1160(18) 1 0.046(9)
H20A 1 ? 0.1981 0.4578 -0.1321 1 0.055
H20B 1 ? 0.2100 0.5522 -0.1655 1 0.055
C21 1 ? 0.1183(16) 0.4018(19) -0.0050(19) 1 0.052(10)
H21A 1 ? 0.1255 0.3667 0.0438 1 0.063
H21B 1 ? 0.1460 0.3721 -0.0383 1 0.063
H21C 1 ? 0.0557 0.4098 -0.0378 1 0.063
C22 1 ? 0.5174(15) 0.398(2) 0.427(2) 1 0.045(9)
H22A 1 ? 0.5306 0.3987 0.4870 1 0.054
H22B 1 ? 0.4560 0.3791 0.3983 1 0.054
C23 1 ? 0.5814(16) 0.3337(18) 0.4074(19) 1 0.052(10)
H23A 1 ? 0.5812 0.2765 0.4330 1 0.062
H23B 1 ? 0.5623 0.3255 0.3471 1 0.062
C24 1 ? 0.6853(19) 0.6039(18) 0.2772(19) 1 0.034(7)
H24A 1 ? 0.7498 0.6114 0.2995 1 0.041
H24B 1 ? 0.6623 0.6174 0.2175 1 0.041
C25 1 ? 0.647(2) 0.660(2) 0.3186(19) 1 0.045(9)
H25A 1 ? 0.5824 0.6540 0.2952 1 0.053
H25B 1 ? 0.6615 0.7215 0.3118 1 0.053
C26 1 ? 0.8506(18) 0.561(2) 0.5791(17) 1 0.042(8)
H26A 1 ? 0.9129 0.5571 0.6166 1 0.051
H26B 1 ? 0.8354 0.6235 0.5689 1 0.051
C27 1 ? 0.792(2) 0.519(2) 0.6216(18) 1 0.051(9)
H27A 1 ? 0.8090 0.4576 0.6370 1 0.061
H27B 1 ? 0.7958 0.5514 0.6715 1 0.061
C28 1 ? 0.8873(18) 0.3959(16) 0.5125(19) 1 0.056(10)
H28A 1 ? 0.8841 0.3598 0.4654 1 0.067
H28B 1 ? 0.8565 0.3668 0.5434 1 0.067
H28C 1 ? 0.9488 0.4046 0.5486 1 0.067
