Use of uninitialized value in print at <script_name> line <line_no>.
Use of uninitialized value in print at <script_name> line <line_no>.
Use of uninitialized value in print at <script_name> line <line_no>.
Use of uninitialized value in print at <script_name> line <line_no>.
Use of uninitialized value in print at <script_name> line <line_no>.
Use of uninitialized value in print at <script_name> line <line_no>.
Use of uninitialized value in print at <script_name> line <line_no>.
Use of uninitialized value in print at <script_name> line <line_no>.
Use of uninitialized value in print at <script_name> line <line_no>.
Use of uninitialized value in print at <script_name> line <line_no>.
Use of uninitialized value in print at <script_name> line <line_no>.
Use of uninitialized value in print at <script_name> line <line_no>.
Use of uninitialized value in print at <script_name> line <line_no>.
Use of uninitialized value in print at <script_name> line <line_no>.
Use of uninitialized value in print at <script_name> line <line_no>.
Use of uninitialized value in print at <script_name> line <line_no>.
Use of uninitialized value in print at <script_name> line <line_no>.
||Yu Chikamoto; Masakazu Hirotsu; Tatsuya Kawamoto; Takumi Konno|Alkylation of Nonbridging Thiolato Groups in an S-bridged CoIIIPdIICoIII Trinuclear Complex: Control of Geometrical Isomerism by Tuning Trans Influence Due to Sulfur Donors|Chemistry Letters|2005 34(3) 362
C14 H56 Cl4 Co2 N6 O7 Pd S6
16.155(2) 15.088(3) 17.174(2) 90.00 112.312(9) 90.00
P21
Pd1 1 ? 0.00001(18)  0.24958(18) 1 0.0274(4)
Pd2 1 ? 0.50035(18)  0.25036(19) 1 0.0281(4)
Co1 1 ? -0.1807(3)  0.0688(2) 1 0.0251(9)
Co2 1 ? 0.1798(3)  0.4308(3) 1 0.0255(9)
Co3 1 ? 0.3207(3)  0.0695(3) 1 0.0305(11)
Co4 1 ? 0.6801(3)  0.4318(3) 1 0.0309(11)
Cl1 1 ? 0.2738(7)  0.3744(6) 1 0.069(3)
Cl2 1 ? -0.2750(7)  0.1236(6) 1 0.071(3)
Cl3 1 ? 0.2273(8)  0.1234(6) 1 0.075(3)
Cl4 1 ? 0.7717(6)  0.3773(6) 1 0.056(3)
Cl5 1 ? 0.1338(7)  0.0518(7) 1 0.057(3)
Cl6 1 ? 0.6314(6)  0.5518(6) 1 0.048(2)
Cl7 1 ? 0.3680(6)  -0.0522(6) 1 0.055(3)
Cl8 1 ? -0.1323(6)  0.4487(6) 1 0.054(3)
S1 1 ? -0.0318(5)  0.1055(5) 1 0.0297(18)
S2 1 ? -0.1545(5)  0.2079(5) 1 0.0322(19)
S3 1 ? -0.3337(5)  0.0227(5) 1 0.037(2)
