||Takehiro Asari; Manabu Ishikawa; Toshio Naito; Masaki Matsuda; Hiroyuki Tajima; Tamotsu Inabe|Nearly Isotropic Two-dimensional Sheets in a Partially Oxidized Co(Pc)(CN)2 Salt (Pc =phthalocyaninato)|Chemistry Letters|2005 34(7) 936
C116 H59 Co N11 O8
10.6825(8) 17.7751(7) 10.4059(4) 99.743(7) 93.061(2) 90.994(1)
P-1
Co ? ? 0.0000 1.0000 1.0000 1.00 0.0152(2)
O(1) ? ? 0.4369(3) 0.5717(1) 0.1751(3) 1.00 0.0211(7)
O(2) ? ? 0.0611(3) 0.4374(2) 0.3208(3) 1.00 0.0223(7)
O(3) ? ? 0.2105(3) 0.4963(1) 0.9032(3) 1.00 0.0210(7)
O(4) ? ? 0.2911(4) 0.4982(2) 0.5868(4) 1.00 0.059(1)
N(1) ? ? 0.0174(3) 0.9672(2) 1.1679(3) 1.00 0.0168(8)
N(2) ? ? 0.2360(3) 1.0040(2) 1.2303(3) 1.00 0.0203(8)
N(3) ? ? 0.1734(3) 1.0363(2) 1.0199(3) 1.00 0.0175(8)
N(4) ? ? 0.1918(3) 1.0843(2) 0.8171(3) 1.00 0.0185(8)
N(5) ? ? 0.0924(3) 0.8449(2) 0.8628(3) 1.00 0.0224(8)
N(6) ? ? 0.4671 1.0614 0.5487 0.50 0.32(3)
C(1) ? ? -0.0754(4) 0.9326(2) 1.2259(4) 1.00 0.0170(9)
C(2) ? ? -0.0228(4) 0.9147(2) 1.3500(3) 1.00 0.0187(9)
C(3) ? ? -0.0761(4) 0.8782(2) 1.4433(4) 1.00 0.024(1)
C(4) ? ? -0.0017(4) 0.8705(2) 1.5517(4) 1.00 0.025(1)
C(5) ? ? 0.1230(4) 0.8982(2) 1.5680(4) 1.00 0.025(1)
C(6) ? ? 0.1760(4) 0.9339(2) 1.4741(4) 1.00 0.0233(10)
C(7) ? ? 0.1009(4) 0.9406(2) 1.3639(4) 1.00 0.0200(9)
C(8) ? ? 0.1237(4) 0.9738(2) 1.2487(3) 1.00 0.0174(9)
C(9) ? ? 0.2554(4) 1.0325(2) 1.1228(4) 1.00 0.0176(9)
C(10) ? ? 0.3766(4) 1.0654(2) 1.1016(3) 1.00 0.0185(9)
C(11) ? ? 0.4895(4) 1.0768(2) 1.1771(4) 1.00 0.026(1)
C(12) ? ? 0.5889(4) 1.1113(2) 1.1272(4) 1.00 0.026(1)
C(13) ? ? 0.5765(4) 1.1344(2) 1.0042(4) 1.00 0.025(1)
C(14) ? ? 0.4646(4) 1.1232(2) 0.9305(4) 1.00 0.0222(10)
C(15) ? ? 0.3644(4) 1.0890(2) 0.9802(4) 1.00 0.0180(9)
C(16) ? ? 0.2371(4) 1.0695(2) 0.9311(4) 1.00 0.0181(9)
C(17) ? ? 0.0562(4) 0.9025(2) 0.9161(3) 1.00 0.0196(9)
C(18) ? ? 0.2380(4) 0.6100(2) 0.2678(3) 1.00 0.0194(9)
C(19) ? ? 0.3528(4) 0.6278(2) 0.2184(4) 1.00 0.0194(9)
C(20) ? ? 0.3846(4) 0.7029(2) 0.2117(4) 1.00 0.025(1)
C(21) ? ? 0.3007(4) 0.7601(2) 0.2566(4) 1.00 0.026(1)
C(22) ? ? 0.1888(4) 0.7449(2) 0.3051(4) 1.00 0.026(1)
C(23) ? ? 0.1542(4) 0.6683(2) 0.3122(4) 1.00 0.0194(9)
C(24) ? ? 0.0406(4) 0.6454(2) 0.3614(4) 1.00 0.0237(10)
C(25) ? ? 0.0096(4) 0.5698(2) 0.3654(4) 1.00 0.0212(9)
C(26) ? ? 0.0954(4) 0.5131(2) 0.3183(4) 1.00 0.0198(9)
C(27) ? ? 0.2055(4) 0.5329(2) 0.2722(3) 1.00 0.0179(9)
C(28) ? ? 0.2930(4) 0.4759(2) 0.2251(3) 1.00 0.0187(9)
C(29) ? ? 0.2609(4) 0.3991(2) 0.2295(3) 1.00 0.0196(9)
C(30) ? ? 0.1456(4) 0.3804(2) 0.2763(4) 1.00 0.0204(9)
C(31) ? ? 0.1109(4) 0.3060(2) 0.2789(4) 1.00 0.026(1)
C(32) ? ? 0.1948(4) 0.2480(2) 0.2332(4) 1.00 0.026(1)
C(33) ? ? 0.3088(4) 0.2638(2) 0.1885(4) 1.00 0.026(1)
C(34) ? ? 0.3456(4) 0.3407(2) 0.1843(4) 1.00 0.0219(10)
C(35) ? ? 0.4591(4) 0.3637(2) 0.1371(4) 1.00 0.0235(10)
C(36) ? ? 0.4896(4) 0.4388(2) 0.1326(4) 1.00 0.0205(9)
C(37) ? ? 0.4037(4) 0.4958(2) 0.1793(4) 1.00 0.0194(9)
C(38) ? ? 0.1681(4) 0.6299(2) 0.9416(4) 1.00 0.0217(10)
C(39) ? ? 0.0893(4) 0.6873(2) 0.9858(4) 1.00 0.024(1)
C(40) ? ? -0.0271(4) 0.6733(2) 1.0377(4) 1.00 0.0220(10)
C(41) ? ? -0.1103(4) 0.7311(2) 1.0866(4) 1.00 0.027(1)
C(42) ? ? -0.2211(4) 0.7111(2) 1.1359(4) 1.00 0.027(1)
C(43) ? ? -0.2572(4) 0.6355(2) 1.1394(4) 1.00 0.025(1)
C(44) ? ? -0.1754(4) 0.5788(2) 1.0929(4) 1.00 0.0199(9)
C(45) ? ? -0.0624(4) 0.5969(2) 1.0431(4) 1.00 0.0198(9)
C(46) ? ? 0.0188(4) 0.5378(2) 0.9970(3) 1.00 0.0170(9)
C(47) ? ? 0.1324(4) 0.5538(2) 0.9480(4) 1.00 0.0204(9)
C(48) ? ? 0.3062(6) 0.5748(3) 0.5936(5) 1.00 0.047(2)
C(49) ? ? 0.2415(8) 0.6302(4) 0.6322(6) 1.00 0.076(2)
C(50) ? ? 0.2644(6) 0.7049(4) 0.6382(6) 1.00 0.053(2)
C(51) ? ? 0.3770(8) 0.7289(3) 0.5926(6) 1.00 0.070(2)
C(52) ? ? 0.4537(5) 0.6728(3) 0.5474(5) 1.00 0.037(1)
C(53) ? ? 0.5861(9) 0.6899(3) 0.4933(6) 1.00 0.081(2)
C(54) ? ? 0.6537(6) 0.6323(4) 0.4563(5) 1.00 0.049(2)
C(55) ? ? 0.6477(8) 0.5578(3) 0.4481(5) 1.00 0.065(2)
C(56) ? ? 0.5064(7) 0.5379(3) 0.5024(5) 1.00 0.054(2)
C(57) ? ? 0.4409(7) 0.5966(3) 0.5397(5) 1.00 0.062(2)
C(58) ? ? 0.5000 1.0000 0.5000 1.00 0.099(4)
C(59) ? ? 0.4671 1.0614 0.5487 0.50 0.058(3)
