||Euler, H.; Kirfel, A.; Freudenthal, S.J.; Müller, C.E.|4-Bromobutyric acid 3-(1,3,5,7-tetramethyl-4-bora-3a,4a-diaza-s-indacen-8-yl) propyl ester, C20H26N2O2BF2Br|Zeitschrift fur Kristallographie - NCS|2002
C20 H26 B Br F2 N2 O2
13.0971(16) 12.0954(16) 13.577(4) 90.000(16) 96.620(17) 90.000(11)
P121/a1
Br 4 e 0.66397(15) 0.00282(18) 0.42215(13) 1 0.1281(10)
F1 4 e 0.3162(4) -0.4951(5) -0.2575(4) 1 0.0578(17)
F2 4 e 0.2393(4) -0.3308(5) -0.2394(4) 1 0.0529(18)
N3A 4 e 0.2385(7) -0.4624(6) -0.1083(6) 1 0.032(2)
N4A 4 e 0.3977(6) -0.3665(6) -0.1369(6) 1 0.031(2)
B4 4 e 0.2963(10) -0.4165(12) -0.1903(9) 1 0.040(4)
O1 4 e 0.5004(6) -0.3061(7) 0.3147(6) 1 0.057(2)
O2 4 e 0.4971(7) -0.3075(11) 0.4762(7) 1 0.132(5)
C1 4 e 0.1987(10) -0.5293(8) 0.0391(8) 1 0.043(3)
C2 4 e 0.1214(8) -0.5539(9) -0.0346(10) 1 0.051(3)
H21 4 e 0.0613 -0.5917 -0.0256 1 0.050
C3 4 e 0.1461(10) -0.5144(10) -0.1236(9) 1 0.049(3)
C5 4 e 0.4696(9) -0.3118(10) -0.1821(8) 1 0.044(3)
C6 4 e 0.5482(7) -0.2778(9) -0.1093(9) 1 0.041(3)
H61 4 e 0.6070 -0.2391 -0.1209 1 0.050
C7 4 e 0.5238(8) -0.3110(8) -0.0186(8) 1 0.034(3)
C7A 4 e 0.4275(8) -0.3670(9) -0.0360(8) 1 0.036(3)
C8 4 e 0.3672(9) -0.4220(9) 0.0282(7) 1 0.034(3)
C8A 4 e 0.2753(8) -0.4717(9) -0.0079(8) 1 0.036(3)
C9 4 e 0.1986(8) -0.5627(9) 0.1451(9) 1 0.060(4)
H91 4 e 0.2607 -0.5373 0.1829 1 0.050
H92 4 e 0.1948 -0.6418 0.1494 1 0.050
H93 4 e 0.1404 -0.5304 0.1712 1 0.050
C10 4 e 0.0851(8) -0.5220(10) -0.2238(8) 1 0.063(4)
H101 4 e 0.1226 -0.4874 -0.2722 1 0.050
H102 4 e 0.0204 -0.4851 -0.2225 1 0.050
H103 4 e 0.0733 -0.5983 -0.2410 1 0.050
C11 4 e 0.4616(8) -0.2973(10) -0.2914(9) 1 0.067(4)
H111 4 e 0.3997 -0.3318 -0.3216 1 0.050
H112 4 e 0.5199 -0.3308 -0.3162 1 0.050
H113 4 e 0.4599 -0.2199 -0.3071 1 0.050
C12 4 e 0.5929(8) -0.2851(9) 0.0759(8) 1 0.055(4)
H121 4 e 0.5632 -0.3149 0.1316 1 0.050
H122 4 e 0.5999 -0.2064 0.0831 1 0.050
H123 4 e 0.6593 -0.3175 0.0727 1 0.050
C1' 4 e 0.3920(9) -0.3308(10) 0.3022(8) 1 0.059(4)
H1'1 4 e 0.3544 -0.2752 0.3349 1 0.050
H1'2 4 e 0.3795 -0.4023 0.3307 1 0.050
C2' 4 e 0.3580(7) -0.3312(9) 0.1927(8) 1 0.044(3)
H2'1 4 e 0.2836 -0.3370 0.1823 1 0.050
H2'2 4 e 0.3769 -0.2613 0.1648 1 0.050
C3' 4 e 0.4034(7) -0.4236(9) 0.1380(7) 1 0.036(3)
H3'1 4 e 0.3847 -0.4938 0.1655 1 0.040
H3'2 4 e 0.4778 -0.4177 0.1476 1 0.040
C1" 4 e 0.5434(10) -0.2975(12) 0.4048(12) 1 0.068(4)
C2" 4 e 0.6550(9) -0.2708(12) 0.4103(9) 1 0.075(4)
H2"1 4 e 0.6657 -0.2244 0.3542 1 0.050
H2"2 4 e 0.6926 -0.3390 0.4039 1 0.050
C3" 4 e 0.6999(10) -0.2131(13) 0.5041(9) 1 0.076(4)
H3"1 4 e 0.6922 -0.2614 0.5598 1 0.050
H3"2 4 e 0.7730 -0.2032 0.5012 1 0.050
C4" 4 e 0.6554(12) -0.1047(16) 0.5244(9) 1 0.107(6)
H4"1 4 e 0.6904 -0.0760 0.5859 1 0.050
H4"2 4 e 0.5837 -0.1150 0.5337 1 0.050
