||Kempe, Rhett; Spannenberg, Anke; Heller, Detlef; Kadyrov, Renat; Fehring, Volker|Crystal structures of 1,2-bis(diphenylphosphinoxy)-ethane rhodium(I)- norborna-2,5-diene tetrafluoroborate (C~33~H~32~BF~4~O~2~P~2~Rh) and 1,2-bis(diphenylphosphinoxy)-ethane rhodium(I)-(Z,Z)-cycloocta-1,5- diene tetrafluoroborate (C~34~H~36~BF~4~O~2~P~2~Rh * C~4~H~8~O * 1/4 CH~2~Cl~2~)|Zeitschrift fur Kristallographie - NCS|2001
C33 H32 B F4 O2 P2 Rh
9.342(2) 10.279(3) 16.964(3) 74.88(2) 82.13(2) 83.63(2)
P-1
C1 ? ? 0.2381(6) 0.2776(6) 0.6637(4) 1 0.0332(14)
H1 ? ? 0.2938(6) 0.2615(6) 0.7086(4) 1 0.040
C2 ? ? 0.2916(6) 0.2630(6) 0.5776(4) 1 0.0339(14)
H2 ? ? 0.3985(6) 0.2625(6) 0.5608(4) 1 0.041
C3 ? ? 0.2160(7) 0.1408(6) 0.5719(3) 1 0.0338(15)
H3 ? ? 0.2610(7) 0.0546(6) 0.5687(3) 1 0.041
C4 ? ? 0.0719(7) 0.1803(6) 0.5723(3) 1 0.0333(15)
H4 ? ? -0.0029(7) 0.1266(6) 0.5696(3) 1 0.040
C5 ? ? 0.0534(6) 0.3267(6) 0.5781(4) 1 0.0365(15)
H5 ? ? -0.0392(6) 0.3800(6) 0.5624(4) 1 0.044
C6 ? ? 0.1946(7) 0.3767(6) 0.5271(3) 1 0.0339(14)
H6A ? ? 0.2132(7) 0.4679(6) 0.5307(3) 1 0.041
H6B ? ? 0.2000(7) 0.3737(6) 0.4689(3) 1 0.041
C7 ? ? 0.0936(6) 0.3185(5) 0.6637(4) 1 0.0300(14)
H7 ? ? 0.0301(6) 0.3382(5) 0.7086(4) 1 0.036
C8 ? ? -0.1278(6) -0.1270(5) 0.6830(3) 1 0.0234(12)
C9 ? ? -0.1710(6) -0.2512(6) 0.6801(4) 1 0.0338(15)
H9 ? ? -0.1080(6) -0.3309(6) 0.6938(4) 1 0.041
C10 ? ? -0.3070(6) -0.2576(6) 0.6571(4) 1 0.036(2)
H10 ? ? -0.3384(6) -0.3423(6) 0.6570(4) 1 0.043
C11 ? ? -0.3954(6) -0.1424(7) 0.6348(4) 1 0.040(2)
H11 ? ? -0.4862(6) -0.1475(7) 0.6170(4) 1 0.048
C12 ? ? -0.3555(6) -0.0191(6) 0.6376(4) 1 0.0362(15)
H12 ? ? -0.4196(6) 0.0598(6) 0.6237(4) 1 0.043
C13 ? ? -0.2209(6) -0.0111(6) 0.6610(4) 1 0.0321(14)
H13 ? ? -0.1919(6) 0.0741(6) 0.6620(4) 1 0.038
C14 ? ? 0.1724(5) -0.2256(5) 0.6714(3) 1 0.0236(12)
C15 ? ? 0.2613(6) -0.3278(6) 0.7161(4) 1 0.0341(14)
H15 ? ? 0.2523(6) -0.3439(6) 0.7743(4) 1 0.041
C16 ? ? 0.3623(6) -0.4063(6) 0.6779(4) 1 0.040(2)
H16 ? ? 0.4217(6) -0.4761(6) 0.7095(4) 1 0.048
C17 ? ? 0.3768(6) -0.3831(6) 0.5936(4) 1 0.036(2)
H17 ? ? 0.4462(6) -0.4371(6) 0.5671(4) 1 0.044
C18 ? ? 0.2902(6) -0.2810(6) 0.5475(4) 1 0.0334(14)
H18 ? ? 0.3009(6) -0.2643(6) 0.4893(4) 1 0.040
C19 ? ? 0.1881(6) -0.2037(6) 0.5866(3) 1 0.0282(13)
H19 ? ? 0.1279(6) -0.1348(6) 0.5550(3) 1 0.034
C20 ? ? 0.1336(6) 0.2102(6) 0.8731(3) 1 0.0281(13)
C21 ? ? 0.2688(6) 0.2469(6) 0.8827(4) 1 0.0352(15)
H21 ? ? 0.3536(6) 0.1884(6) 0.8771(4) 1 0.042
C22 ? ? 0.2772(8) 0.3700(7) 0.9006(4) 1 0.048(2)
H22 ? ? 0.3693(8) 0.3962(7) 0.9054(4) 1 0.058
C23 ? ? 0.1568(8) 0.4544(7) 0.9114(4) 1 0.044(2)
H23 ? ? 0.1650(8) 0.5365(7) 0.9257(4) 1 0.052
C24 ? ? 0.0228(8) 0.4198(6) 0.9014(4) 1 0.043(2)
H24 ? ? -0.0613(8) 0.4785(6) 0.9085(4) 1 0.052
C25 ? ? 0.0109(6) 0.2995(6) 0.8809(3) 1 0.0337(14)
H25 ? ? -0.0809(6) 0.2776(6) 0.8722(3) 1 0.040
C26 ? ? 0.2634(6) -0.0602(6) 0.8780(3) 1 0.0257(13)
C27 ? ? 0.2576(6) -0.1285(6) 0.9598(4) 1 0.039(2)
H27 ? ? 0.1778(6) -0.1096(6) 0.9973(4) 1 0.047
C28 ? ? 0.3685(7) -0.2255(8) 0.9877(4) 1 0.062(2)
H28 ? ? 0.3646(7) -0.2732(8) 1.0440(4) 1 0.074
C29 ? ? 0.4845(8) -0.2507(9) 0.9317(5) 1 0.073(3)
H29 ? ? 0.5604(8) -0.3168(9) 0.9497(5) 1 0.088
C30 ? ? 0.4903(8) -0.1815(10) 0.8512(5) 1 0.083(3)
H30 ? ? 0.5708(8) -0.1989(10) 0.8135(5) 1 0.100
C31 ? ? 0.3802(6) -0.0866(8) 0.8241(4) 1 0.055(2)
H31 ? ? 0.3848(6) -0.0390(8) 0.7678(4) 1 0.066
C32 ? ? -0.0911(6) -0.1999(6) 0.8726(4) 1 0.0326(14)
H32A ? ? -0.0667(6) -0.2522(6) 0.9276(4) 1 0.039
H32B ? ? -0.1744(6) -0.2397(6) 0.8600(4) 1 0.039
C33 ? ? -0.1367(6) -0.0566(6) 0.8761(4) 1 0.0330(14)
H33A ? ? -0.1602(6) -0.0031(6) 0.8212(4) 1 0.040
H33B ? ? -0.2254(6) -0.0550(6) 0.9152(4) 1 0.040
B1 ? ? -0.3317(5) 0.3202(5) 0.7347(3) 1 0.058(2)
O1 ? ? 0.0311(4) -0.2153(4) 0.8129(2) 1 0.0286(9)
O2 ? ? -0.0245(4) 0.0052(4) 0.9014(2) 1 0.0283(9)
F1 ? ? -0.2165(4) 0.2312(4) 0.7586(3) 1 0.0813(15)
F2A ? ? -0.3600(11) 0.4116(9) 0.7818(6) 0.50 0.071(3)
F2B ? ? -0.4180(12) 0.3666(13) 0.7951(6) 0.50 0.101(4)
F3A ? ? -0.4474(9) 0.2440(9) 0.7461(7) 0.50 0.081(3)
F4A ? ? -0.2607(14) 0.4284(11) 0.6878(8) 0.50 0.139(5)
F3B ? ? -0.3157(12) 0.3806(11) 0.6525(5) 0.50 0.093(3)
F4B ? ? -0.4047(16) 0.2930(17) 0.6770(9) 0.50 0.147(5)
P1 ? ? 0.04397(15) -0.11763(14) 0.72028(9) 1 0.0230(3)
P2 ? ? 0.11508(14) 0.05995(14) 0.83967(8) 1 0.0224(3)
Rh1 ? ? 0.11148(5) 0.09363(4) 0.70226(3) 1 0.02029(14)
