|diaqua-dichloro(1,10-phenanthroline)-chromium(iii) chloride dihydrate|Yong-Li Yang; Feng-Ge Li; Qing-Juan Zhang; Yan-Feng Ding; Yu-Heng Deng|Crystal structure of diaquadichloro(1,10-phenanthroline)chromium(III) chloride dihydrate, [CrCl2(C12H8N2)(H2O)2]Cl · 2H2O|Zeitschrift für Kristallographie - New Crystal Structures|2008 223(4) 409
C12 H16 Cl3 Cr N2 O4
6.851(2) 11.716(4) 21.283(7) 90.00 90.00 90.00
Pccn
Cr1 2 ? -0.2500 0.2500 0.38019(2) 1 0.0281(2)
Cl1 1 ? -0.06184(8) 0.08577(5) 0.38060(3) 1 0.0376(2)
Cl2 2 ? 0.2500 0.2500 0.23034(5) 1 0.0493(3)
O1 1 ? -0.0752(3) 0.32190(17) 0.31791(9) 1 0.0483(5)
H1A 1 ? 0.012(5) 0.286(3) 0.2975(16) 1 0.081(12)
H1B 1 ? -0.109(5) 0.374(2) 0.2928(15) 1 0.075(11)
O2 1 ? 0.1788(6) -0.0154(3) 0.25949(15) 1 0.0863(9)
H2A 1 ? 0.090(4) 0.014(4) 0.2340(17) 1 0.073(14)
H2B 1 ? 0.282(3) 0.001(4) 0.2438(19) 1 0.090(16)
N1 1 ? -0.0836(2) 0.30874(15) 0.45399(9) 1 0.0286(4)
C1 1 ? 0.0854(3) 0.36450(19) 0.45245(12) 1 0.0345(5)
H1 1 ? 0.1398 0.3829 0.4137 1 0.041
C2 1 ? 0.1835(3) 0.3962(2) 0.50719(14) 1 0.0419(6)
H2 1 ? 0.3016 0.4351 0.5046 1 0.050
C3 1 ? 0.1067(4) 0.3703(2) 0.56445(13) 1 0.0429(6)
H3 1 ? 0.1716 0.3918 0.6010 1 0.051
C4 1 ? -0.0711(3) 0.3108(2) 0.56803(12) 1 0.0384(5)
C5 1 ? -0.1601(3) 0.28100(18) 0.51120(10) 1 0.0294(4)
C6 1 ? -0.1642(5) 0.2786(3) 0.62544(12) 1 0.0541(8)
H6 1 ? -0.1056 0.2971 0.6635 1 0.065
