Loweite ||Fang, J. H.; Robinson, P. D.|Crystal structures and mineral chemistry of double-salt hydrates: II. The crystal structure of loeweite|American Mineralogist|1970 55 378 386
H36 Mg7 Na12 O67 S13
11.769 11.769 11.769 106.5 106.5 106.5
R-3:R
Na1 ? ? 0.91030 0.50640 0.35690 1.00000 0.01950
Na2 ? ? 0.31210 0.45520 0.19280 1.00000 0.02267
Mg1 ? ? 0.68900 0.20680 0.12140 1.00000 0.00697
Mg2 ? ? 0.50000 0.50000 0.50000 1.00000 0.00621
S1 ? ? 0.83280 0.45370 0.05350 1.00000 0.00621
S2 ? ? 0.56470 0.41120 0.23350 1.00000 0.00621
S3 ? ? 0.11950 0.11950 0.11950 0.50000 0.01317
O1 ? ? 0.62100 0.02550 0.11520 1.00000 0.01621
O2 ? ? 0.78610 0.38170 0.12690 1.00000 0.01912
O3 ? ? 0.85110 0.06570 0.42200 1.00000 0.02039
O4 ? ? 0.52550 0.02690 0.27210 1.00000 0.02875
O5 ? ? 0.69420 0.51510 0.31160 1.00000 0.01368
O6 ? ? 0.48740 0.40950 0.31350 1.00000 0.01140
O7 ? ? 0.49770 0.43190 0.11890 1.00000 0.01216
O8 ? ? 0.57340 0.28410 0.19420 1.00000 0.01127
O9 ? ? 0.00000 0.00000 0.00000 1.00000 0.04749
Wat1 ? ? 0.81200 0.27640 0.31610 1.00000 0.01545
Wat2 ? ? 0.83500 0.16340 0.07010 1.00000 0.03255
Wat3 ? ? 0.16200 0.23670 0.07620 0.50000 0.08815
O ? ? 0.16200 0.23670 0.07620 0.50000 0.08815
