Biotite ||Hendricks, S. B.; Jefferson, M. E.|Polymorphism of the micas with optical measurements|American Mineralogist|1939 24 729 771
Al F H K Mg3 O11 Si3
5.3 5.3 60.0 90 90 120
P-1
K1 ? ? 0.00000 0.16670 0.08250 1 ?
K2 ? ? 0.33330 0.16670 0.24920 1 ?
K3 ? ? 0.33330 0.50000 0.41580 1 ?
Mg1 ? ? 0.33330 0.16670 0.00000 1 ?
Mg2 ? ? 0.00000 0.50000 0.00000 1 ?
Mg3 ? ? 0.33330 0.16670 0.50000 1 ?
Mg4 ? ? 0.00000 0.50000 0.50000 1 ?
Mg5 ? ? 0.00000 0.83330 0.16670 1 ?
Mg6 ? ? 0.66670 0.16670 0.16670 1 ?
Mg7 ? ? 0.33330 0.50000 0.18370 1 ?
Mg8 ? ? 0.00000 0.16670 0.50000 1 ?
Mg9 ? ? 0.33330 0.83330 0.33330 1 ?
Mg10 ? ? 0.66670 0.50000 0.35030 1 ?
Si1 ? ? 0.33330 0.83330 0.04400 0.75 ?
Si2 ? ? 0.66670 0.50000 0.04400 0.75 ?
Si3 ? ? 0.00000 0.16670 0.54400 0.75 ?
Si4 ? ? 0.33330 0.83330 0.54400 0.75 ?
Si5 ? ? 0.66670 0.83330 0.21070 0.75 ?
Si6 ? ? 0.00000 0.50000 0.21070 0.75 ?
Si7 ? ? 0.66670 0.50000 0.12270 0.75 ?
Si8 ? ? 0.33330 0.83330 0.12270 0.75 ?
Si9 ? ? 0.00000 0.83330 0.37730 0.75 ?
Si10 ? ? 0.66670 0.16670 0.37730 0.75 ?
Si11 ? ? 0.00000 0.50000 0.28930 0.75 ?
Si12 ? ? 0.66670 0.83330 0.28930 0.75 ?
Al1 ? ? 0.33330 0.83330 0.04400 0.25 ?
Al2 ? ? 0.66670 0.50000 0.04400 0.25 ?
Al3 ? ? 0.00000 0.16670 0.54400 0.25 ?
Al4 ? ? 0.33330 0.83330 0.54400 0.25 ?
Al5 ? ? 0.66670 0.83330 0.21070 0.25 ?
Al6 ? ? 0.00000 0.50000 0.21070 0.25 ?
Al7 ? ? 0.66670 0.50000 0.12270 0.25 ?
Al8 ? ? 0.33330 0.83330 0.12270 0.25 ?
Al9 ? ? 0.00000 0.83330 0.37730 0.25 ?
Al10 ? ? 0.66670 0.16670 0.37730 0.25 ?
Al11 ? ? 0.00000 0.50000 0.28930 0.25 ?
Al12 ? ? 0.66670 0.83330 0.28930 0.25 ?
O1 ? ? 0.33330 0.83330 0.01700 1 ?
O2 ? ? 0.66670 0.50000 0.01700 1 ?
O3 ? ? 0.00000 0.66670 0.05300 1 ?
O4 ? ? 0.50000 0.66670 0.05300 1 ?
O5 ? ? 0.50000 0.16670 0.05300 1 ?
O6 ? ? 0.00000 0.16670 0.51700 1 ?
O7 ? ? 0.33330 0.83330 0.51700 1 ?
O8 ? ? 0.16670 0.00000 0.55300 1 ?
O9 ? ? 0.66670 0.00000 0.55300 1 ?
O10 ? ? 0.16670 0.50000 0.55300 1 ?
O11 ? ? 0.66670 0.83330 0.18370 1 ?
O12 ? ? 0.00000 0.50000 0.18370 1 ?
O13 ? ? 0.66670 0.50000 0.14970 1 ?
O14 ? ? 0.33330 0.83330 0.14970 1 ?
O15 ? ? 0.83330 0.66670 0.21970 1 ?
O16 ? ? 0.83330 0.16670 0.21970 1 ?
O17 ? ? 0.33330 0.66670 0.21970 1 ?
O18 ? ? 0.00000 0.66670 0.11370 1 ?
O19 ? ? 0.50000 0.66670 0.11370 1 ?
O20 ? ? 0.50000 0.16670 0.11370 1 ?
O21 ? ? 0.00000 0.83330 0.35030 1 ?
O22 ? ? 0.66670 0.16670 0.35030 1 ?
O23 ? ? 0.00000 0.50000 0.31630 1 ?
O24 ? ? 0.66670 0.83330 0.31630 1 ?
O25 ? ? 0.83330 0.00000 0.38630 1 ?
O26 ? ? 0.33330 0.00000 0.38630 1 ?
O27 ? ? 0.83330 0.50000 0.38630 1 ?
O28 ? ? 0.83330 0.16670 0.28030 1 ?
O29 ? ? 0.83330 0.66670 0.28030 1 ?
O30 ? ? 0.33330 0.66670 0.28030 1 ?
O-H1 ? ? 0.00000 0.16670 0.01700 0.5 ?
O-H2 ? ? 0.66670 0.50000 0.51700 0.5 ?
O-H3 ? ? 0.33330 0.16670 0.18370 0.5 ?
O-H4 ? ? 0.00000 0.16670 0.14970 0.5 ?
O-H5 ? ? 0.33330 0.50000 0.35030 0.5 ?
O-H6 ? ? 0.33330 0.16670 0.31630 0.5 ?
F1 ? ? 0.00000 0.16670 0.01700 0.5 ?
F2 ? ? 0.66670 0.50000 0.51700 0.5 ?
F3 ? ? 0.33330 0.16670 0.18370 0.5 ?
F4 ? ? 0.00000 0.16670 0.14970 0.5 ?
F5 ? ? 0.33330 0.50000 0.35030 0.5 ?
F6 ? ? 0.33330 0.16670 0.31630 0.5 ?
