Perrierite-(Ce) ||Gottardi, G.|The crystal structure of perrierite|American Mineralogist|1960 45 1 14
Al0.16 Ca0.872 Ce2.312 Fe0.87 La0.5 Mg0.24 Na0.312 O22 Si3.84 Th0.192 Ti3.48 Y0.16
13.61 5.62 11.63 90 113.47 90
C12/m1
Si1 ? ? 0.40850 0.00000 0.73400 ? 0.00823
Al1 ? ? 0.40850 0.00000 0.73400 ? 0.00823
Si2 ? ? 0.16150 0.00000 0.54600 ? 0.00823
Al2 ? ? 0.16150 0.00000 0.54600 ? 0.00823
Ti ? ? 0.00000 0.25000 0.00000 ? 0.00823
Ti ? ? 0.27000 0.00000 0.00000 ? 0.00823
Fe ? ? 0.27000 0.00000 0.00000 ? 0.00823
Mg ? ? 0.27000 0.00000 0.00000 ? 0.00823
Fe ? ? 0.00000 0.50000 0.50000 ? 0.00823
Ca ? ? 0.00000 0.50000 0.50000 ? 0.00823
Ce1 ? ? 0.23800 0.00000 0.26600 ? 0.00823
La1 ? ? 0.23800 0.00000 0.26600 ? 0.00823
Y1 ? ? 0.23800 0.00000 0.26600 ? 0.00823
Th1 ? ? 0.23800 0.00000 0.26600 ? 0.00823
Ca1 ? ? 0.23800 0.00000 0.26600 ? 0.00823
Na1 ? ? 0.23800 0.00000 0.26600 ? 0.00823
Ce2 ? ? 0.04700 0.00000 0.74200 ? 0.00823
La2 ? ? 0.04700 0.00000 0.74200 ? 0.00823
Y2 ? ? 0.04700 0.00000 0.74200 ? 0.00823
Th2 ? ? 0.04700 0.00000 0.74200 ? 0.00823
Ca2 ? ? 0.04700 0.00000 0.74200 ? 0.00823
Na2 ? ? 0.04700 0.00000 0.74200 ? 0.00823
O1 ? ? 0.08500 0.25000 0.19400 ? 0.00823
O2 ? ? 0.29100 0.25000 0.12300 ? 0.00823
O3 ? ? 0.37450 0.25000 0.40000 ? 0.00823
O4 ? ? 0.10300 0.00000 0.99700 ? 0.00823
O5 ? ? 0.39700 0.00000 0.00300 ? 0.00823
O6 ? ? 0.49200 0.00000 0.66000 ? 0.00823
O7 ? ? 0.28600 0.00000 0.65700 ? 0.00823
O8 ? ? 0.13850 0.00000 0.39900 ? 0.00823
