Yoderite ||Higgins J B; Ribbe P H; Nakajima Y|An ordering model for the commensurate antiphase structure of yoderite Disordered after heating to 800 C, at T = 20 C Note: the sample is from Mautia Hill, Tanzania|American Mineralogist|1982 67 76 84
Al2.84 Fe0.16 Mg O10 Si2
8.027 5.805 7.252 90 104.9 90
P121/m1
Si1 ? ? 0.06340 0.25000 0.79870 1.00000 0.00494
Si2 ? ? 0.33930 0.75000 0.80140 1.00000 0.00709
Al1 ? ? 0.29480 0.00490 0.17800 0.75000 0.00735
Mg1 ? ? 0.29480 0.00490 0.17800 0.25000 0.00735
Al2 ? ? 0.38890 0.25000 0.62990 0.50000 0.00747
Mg2 ? ? 0.38890 0.25000 0.62990 0.50000 0.00747
Al3 ? ? 0.05590 0.25000 0.35430 0.84000 0.00595
Fe ? ? 0.05590 0.25000 0.35430 0.16000 0.00595
O1 ? ? 0.05620 0.98040 0.21560 1.00000 0.00760
O2 ? ? 0.45320 0.97640 0.77850 1.00000 0.01444
O3 ? ? 0.14890 0.25000 0.61660 1.00000 0.01013
O4 ? ? 0.22070 0.25000 0.99300 1.00000 0.00937
O5 ? ? 0.29950 0.25000 0.36220 1.00000 0.00988
O6 ? ? 0.16450 0.75000 0.62990 1.00000 0.00912
O7 ? ? 0.28420 0.75000 0.00400 1.00000 0.01178
O8 ? ? 0.36230 0.75000 0.36310 1.00000 0.01317
