Dissakisite-(La) ||Lavina B; Carbonin S; Russo U; Tumiati S|The crystal structure of dissakisite-(La) and structural variations after annealing of radiation damage Sample: DISS3 annealed 700 C for 3 hours|American Mineralogist|2006 91 104 110
Al1.836 Ca1.195 Ce0.262 Cr0.148 Er0.001 Fe0.404 Ga0.001 Gd0.001 H La0.315 Mg0.622 Mn0.009 Na0.002 Nd0.038 Ni0.01 O13 P0.009 Pr0.019 Sc0.002 Si2.97 Sm0.002 Sr0.01 Th0.09 Ti0.03 U0.003 V0.008 Zn0.015
8.931 5.699 10.182 90 115.16 90
P121/m1
CaA1 ? ? 0.75676 0.75000 0.15098 0.79200 0.01441
ThA1 ? ? 0.75676 0.75000 0.15098 0.09000 0.01441
FeA1 ? ? 0.75676 0.75000 0.15098 0.05300 0.01441
LaA1 ? ? 0.75676 0.75000 0.15098 0.05000 0.01441
MnA1 ? ? 0.75676 0.75000 0.15098 0.00900 0.01441
UA1 ? ? 0.75676 0.75000 0.15098 0.00300 0.01441
NaA1 ? ? 0.75676 0.75000 0.15098 0.00200 0.01441
ErA1 ? ? 0.75676 0.75000 0.15098 0.00100 0.01441
CaA2 ? ? 0.59815 0.75000 0.42772 0.40300 0.01512
LaA2 ? ? 0.59815 0.75000 0.42772 0.26500 0.01512
CeA2 ? ? 0.59815 0.75000 0.42772 0.26200 0.01512
NdA2 ? ? 0.59815 0.75000 0.42772 0.03800 0.01512
PrA2 ? ? 0.59815 0.75000 0.42772 0.01900 0.01512
SrA2 ? ? 0.59815 0.75000 0.42772 0.01000 0.01512
SmA2 ? ? 0.59815 0.75000 0.42772 0.00200 0.01512
GdA2 ? ? 0.59815 0.75000 0.42772 0.00100 0.01512
AlM1 ? ? 0.00000 0.00000 0.00000 0.81300 0.00884
CrM1 ? ? 0.00000 0.00000 0.00000 0.14800 0.00884
TiM1 ? ? 0.00000 0.00000 0.00000 0.03000 0.00884
VM1 ? ? 0.00000 0.00000 0.00000 0.00800 0.00884
ScM1 ? ? 0.00000 0.00000 0.00000 0.00200 0.00884
GaM1 ? ? 0.00000 0.00000 0.00000 0.00100 0.00884
AlM2 ? ? 0.00000 0.00000 0.50000 0.94800 0.00755
FeM2 ? ? 0.00000 0.00000 0.50000 0.05200 0.00755
MgM3 ? ? 0.29705 0.25000 0.21835 0.62200 0.01147
FeM3 ? ? 0.29705 0.25000 0.21835 0.29900 0.01147
AlM3 ? ? 0.29705 0.25000 0.21835 0.05400 0.01147
ZnM3 ? ? 0.29705 0.25000 0.21835 0.01500 0.01147
NiM3 ? ? 0.29705 0.25000 0.21835 0.01000 0.01147
Si1 ? ? 0.33785 0.75000 0.04123 0.99000 0.00789
Al1 ? ? 0.33785 0.75000 0.04123 0.00700 0.00789
P1 ? ? 0.33785 0.75000 0.04123 0.00300 0.00789
Si2 ? ? 0.68312 0.25000 0.27672 0.99000 0.00891
Al2 ? ? 0.68312 0.25000 0.27672 0.00700 0.00891
P2 ? ? 0.68312 0.25000 0.27672 0.00300 0.00891
Si3 ? ? 0.18590 0.75000 0.32015 0.99000 0.00693
Al3 ? ? 0.18590 0.75000 0.32015 0.00700 0.00693
P3 ? ? 0.18590 0.75000 0.32015 0.00300 0.00693
O1 ? ? 0.23395 0.99227 0.03345 1.00000 0.01446
O2 ? ? 0.30815 0.97750 0.35892 1.00000 0.01408
O3 ? ? 0.79280 0.01355 0.33786 1.00000 0.01681
O4 ? ? 0.05441 0.25000 0.12967 1.00000 0.01137
O5 ? ? 0.04534 0.75000 0.14737 1.00000 0.00970
O6 ? ? 0.06627 0.75000 0.40663 1.00000 0.01269
O7 ? ? 0.51268 0.75000 0.17843 1.00000 0.01612
O8 ? ? 0.53180 0.25000 0.31990 1.00000 0.02888
O9 ? ? 0.61971 0.25000 0.10057 1.00000 0.02650
O10 ? ? 0.08335 0.25000 0.42807 1.00000 0.01243
H ? ? 0.15400 0.25000 0.30500 1.00000 0.05000
