||Simoncic P; Armbruster T|Peculiarity and defect structure of the natural and synthetic zeolite mordenite A single-crystal X-ray study Sample: natural|American Mineralogist|2004 89 421 431
K.24 Ca.466 Na.69 Si10.044 Al1.956 O31.18 H34
18.096 20.473 7.515 90 90 90
Cmc21
K(12MRc) ? ? 0.00000 0.18800 0.78200 0.24000 ?
Ca(8MRc) ? ? 0.00000 0.50000 0.50000 0.46600 ?
Na1a(12MRc) ? ? 0.00000 -0.02210 0.26700 0.24000 ?
Na1b(12MRc) ? ? 0.00000 -0.02100 0.16600 0.10000 ?
Na2a(12MRc) ? ? 0.00000 0.15200 0.69100 0.24000 ?
Na2b(12MRc) ? ? 0.00000 0.13000 0.53600 0.11000 ?
SiT1 ? ? 0.30126 0.07249 0.04190 0.81400 ?
SiT1* ? ? -0.30126 -0.07249 -0.04190 0.81400 ?
SiT2 ? ? 0.30343 0.30905 0.04570 0.81400 ?
SiT2´ ? ? -0.30343 -0.30905 -0.04570 0.81400 ?
SiT3 ? ? 0.08719 0.38323 0.25000 0.81400 ?
SiT4 ? ? 0.08636 0.22720 0.25000 0.81400 ?
AlT1 ? ? 0.30126 0.07249 0.04190 0.15900 ?
AlT1* ? ? -0.30126 -0.07249 -0.04190 0.15900 ?
AlT2 ? ? 0.30343 0.30905 0.04570 0.15900 ?
AlT2´ ? ? -0.30343 -0.30905 -0.04570 0.15900 ?
AlT3 ? ? 0.08719 0.38323 0.25000 0.15900 ?
AlT4 ? ? 0.08636 0.22720 0.25000 0.15900 ?
SiT1B ? ? 0.30126 0.07249 -0.04190 0.02300 ?
SiT1B´ ? ? -0.30126 -0.07249 0.04190 0.02300 ?
SiT2B ? ? -0.30343 -0.30905 0.04570 0.02300 ?
SiT2B* ? ? 0.30343 0.30905 -0.04570 0.02300 ?
SiT3B ? ? 0.08719 0.38323 0.75000 0.02300 ?
SiT4B ? ? 0.08636 0.22720 0.75000 0.02300 ?
AlT1B ? ? 0.30126 0.07249 -0.04190 0.00400 ?
AlT1B´ ? ? -0.30126 -0.07249 0.04190 0.00400 ?
AlT2B ? ? -0.30343 -0.30905 0.04570 0.00400 ?
AlT2B* ? ? 0.30343 0.30905 -0.04570 0.00400 ?
AlT3B ? ? 0.08719 0.38323 0.75000 0.00400 ?
AlT4B ? ? 0.08636 0.22720 0.75000 0.00400 ?
O1 ? ? 0.12390 0.41610 0.42900 0.97300 ?
O1´ ? ? -0.12390 -0.41610 -0.42900 0.97300 ?
O2 ? ? 0.12280 0.19410 0.42680 0.97300 ?
O2´ ? ? -0.12280 -0.19410 -0.42680 0.97300 ?
O3 ? ? 0.23720 0.12270 0.98580 0.97300 ?
O3´ ? ? -0.23720 -0.12270 -0.98580 0.97300 ?
O4 ? ? 0.09760 0.30480 0.23200 0.97300 ?
O5 ? ? 0.16980 0.19490 0.75000 0.97300 ?
O6 ? ? 0.17770 0.42030 0.75000 0.97300 ?
O7 ? ? 0.26860 0.00000 0.00000 0.97300 ?
O8a ? ? 0.24010 0.25970 0.52900 0.25000 ?
O8b ? ? -0.24010 -0.25970 -0.52900 0.25000 ?
O8b ? ? 0.24500 0.25100 0.47500 0.25000 ?
O8d ? ? -0.24500 -0.25100 -0.47500 0.25000 ?
O9 ? ? 0.00000 0.40580 0.25000 0.97300 ?
O10 ? ? 0.00000 0.20540 0.25000 0.97300 ?
O1B ? ? 0.12390 0.41610 -0.42900 0.02700 ?
O1B´ ? ? -0.12390 -0.41610 0.42900 0.02700 ?
O2B ? ? 0.12280 0.19410 -0.42680 0.02700 ?
O2B´ ? ? -0.12280 -0.19410 0.42680 0.02700 ?
O3B ? ? 0.23720 0.12270 -0.98580 0.02700 ?
O3B´ ? ? -0.23720 -0.12270 0.98580 0.02700 ?
O4B ? ? 0.09760 0.30480 -0.23200 0.02700 ?
O5B ? ? 0.16980 0.19490 0.25000 0.02700 ?
O6B ? ? 0.17770 0.42030 0.25000 0.02700 ?
O7B ? ? 0.26860 0.00000 0.50000 0.02700 ?
O9B ? ? 0.00000 0.40580 0.75000 0.02700 ?
O10B ? ? 0.00000 0.20540 0.75000 0.02700 ?
Wat1(8MRb) ? ? 0.00000 0.43150 0.75100 1.00000 ?
Wat2(12MRc) ? ? 0.36900 0.49200 0.75000 0.08000 ?
Wat3(12MRc) ? ? 0.37340 0.52900 0.71500 0.53000 ?
Wat4(12MRc) ? ? 0.00000 0.07100 0.06400 0.80000 ?
Wat5(12MRc) ? ? 0.09100 0.06000 -0.16800 0.23000 ?
Wat6(8MRb) ? ? 0.03300 0.30200 0.69400 0.52000 ?
Wat7(12MRc) ? ? 0.04200 0.06500 0.46500 0.50000 ?
Wat8(12MRc) ? ? 0.00000 0.09300 -0.08000 0.42000 ?
Wat9(12MRc) ? ? -0.10500 0.02100 -0.06400 0.30000 ?
Wat10(12MRc) ? ? 0.40300 0.45300 0.82000 0.32000 ?
