Phlogopite ||Russell R L; Guggenheim S|The crystal structures of near-end-member phlogopite at high temperatures and heat-treated Fe-rich phlogopite: The influence of the O,OH,F site Sample: heat-treated at 904 degrees C for 24 hours, Fe-rich phlogopite Locality: Silver Crater mine, Ontario, Canada|The Canadian Mineralogist|1999 37 711 720
Al1.004 F0.94 Fe1.17 H2 K0.92 Mg1.56 Mn0.06 Na0.04 O11.06 Si2.972 Ti0.144
5.3099 9.185 10.093 90 100.07 90
C12/m1
K ? ? 0.00000 0.50000 0.00000 0.92000 0.03270
Na ? ? 0.00000 0.50000 0.00000 0.04000 0.03270
Mg1 ? ? 0.00000 0.00000 0.50000 0.52000 0.01810
Fe1 ? ? 0.00000 0.00000 0.50000 0.39000 0.01810
Ti1 ? ? 0.00000 0.00000 0.50000 0.04000 0.01810
Mn1 ? ? 0.00000 0.00000 0.50000 0.02000 0.01810
Mg2 ? ? 0.00000 0.34200 0.50000 0.52000 0.01450
Fe2 ? ? 0.00000 0.34200 0.50000 0.39000 0.01450
Ti2 ? ? 0.00000 0.34200 0.50000 0.04000 0.01450
Mn2 ? ? 0.00000 0.34200 0.50000 0.02000 0.01450
Si ? ? 0.07340 0.16740 0.22320 0.74300 0.01120
Al ? ? 0.07340 0.16740 0.22320 0.25100 0.01120
Ti ? ? 0.07340 0.16740 0.22320 0.00600 0.01120
O1 ? ? 0.03100 0.00000 0.16610 1.00000 0.02000
O2 ? ? 0.31550 0.23800 0.16450 1.00000 0.02160
O3 ? ? 0.12950 0.16940 0.38960 1.00000 0.01280
O-H4 ? ? 0.13590 0.50000 0.40100 0.53000 0.01600
F4 ? ? 0.13590 0.50000 0.40100 0.47000 0.01600
