Leucite ||Gatta, G. D.; Rotiroti, N.; Ballaran, T. B.; Pavese, A.|Leucite at high pressure: Elastic behavior, phase stability, and petrological implications Locality: Sabatini volcanic district, Lazium, Italy Note: P = 0.0001 GPa in diamond cell|American Mineralogist|2008 93 1588 1596
Al0.99 Fe0.009 K0.948 Na0.026 O6 Si2.001
13.097 13.097 13.755 90 90 90
I41/a:2
KK ? ? 0.36444 0.36320 0.11460 0.94800 0.06300
NaK ? ? 0.36444 0.36320 0.11460 0.02600 0.06300
FeT1 ? ? 0.05860 0.39660 0.16680 0.00300 0.01200
AlT1 ? ? 0.05860 0.39660 0.16680 0.33000 0.01200
SiT1 ? ? 0.05860 0.39660 0.16680 0.66700 0.01200
FeT2 ? ? 0.16830 0.61010 0.12810 0.00300 0.01200
AlT2 ? ? 0.16830 0.61010 0.12810 0.33000 0.01200
SiT2 ? ? 0.16830 0.61010 0.12810 0.66700 0.01200
FeT3 ? ? 0.39250 0.64170 0.08700 0.00300 0.01200
AlT3 ? ? 0.39250 0.64170 0.08700 0.33000 0.01200
SiT3 ? ? 0.39250 0.64170 0.08700 0.66700 0.01200
O1 ? ? 0.13420 0.31250 0.11140 1.00000 0.02000
O2 ? ? 0.08860 0.51070 0.12840 1.00000 0.02000
O3 ? ? 0.14410 0.67730 0.22740 1.00000 0.02000
O4 ? ? 0.13200 0.68370 0.03630 1.00000 0.02000
O5 ? ? 0.28990 0.57560 0.12210 1.00000 0.02000
O6 ? ? 0.48390 0.61790 0.16650 1.00000 0.02000
