Leucite ||Gatta, G. D.; Rotiroti, N.; Ballaran, T. B.; Pavese, A.|Leucite at high pressure: Elastic behavior, phase stability, and petrological implications Locality: Sabatini volcanic district, Lazium, Italy Note: P = 0.0001 GPa in air|American Mineralogist|2008 93 1588 1596
Al0.99 Fe0.009 K0.948 Na0.026 O6 Si2.001
13.084 13.084 13.784 90 90 90
I41/a:2
KK ? ? 0.36590 0.36430 0.11440 0.94800 0.06420
NaK ? ? 0.36590 0.36430 0.11440 0.02600 0.06420
FeT1 ? ? 0.05760 0.39640 0.16660 0.00300 0.02420
AlT1 ? ? 0.05760 0.39640 0.16660 0.33000 0.02420
SiT1 ? ? 0.05760 0.39640 0.16660 0.66700 0.02420
FeT2 ? ? 0.16780 0.61140 0.12840 0.00300 0.02440
AlT2 ? ? 0.16780 0.61140 0.12840 0.33000 0.02440
SiT2 ? ? 0.16780 0.61140 0.12840 0.66700 0.02440
FeT3 ? ? 0.39220 0.64190 0.08600 0.00300 0.02370
AlT3 ? ? 0.39220 0.64190 0.08600 0.33000 0.02370
SiT3 ? ? 0.39220 0.64190 0.08600 0.66700 0.02370
O1 ? ? 0.13280 0.31440 0.11050 1.00000 0.04000
O2 ? ? 0.09180 0.51150 0.13110 1.00000 0.03600
O3 ? ? 0.14600 0.68060 0.22740 1.00000 0.03200
O4 ? ? 0.13410 0.68560 0.03670 1.00000 0.03600
O5 ? ? 0.28960 0.57520 0.12010 1.00000 0.03200
O6 ? ? 0.48280 0.61770 0.16660 1.00000 0.03100
