Leucite ||Gatta, G. D.; Rotiroti, N.; Ballaran, T. B.; Pavese, A.|Leucite at high pressure: Elastic behavior, phase stability, and petrological implications Locality: Sabatini volcanic district, Lazium, Italy Note: P = .0001 GPa in air after decompression|American Mineralogist|2008 93 1588 1596
Al0.99 Fe0.009 K0.948 Na0.026 O6 Si2.001
13.073 13.073 13.731 90 90 90
I41/a:2
KK ? ? 0.36560 0.36420 0.11380 0.94800 0.04980
NaK ? ? 0.36560 0.36420 0.11380 0.02600 0.04980
FeT1 ? ? 0.05740 0.39640 0.16690 0.00300 0.01090
AlT1 ? ? 0.05740 0.39640 0.16690 0.33000 0.01090
SiT1 ? ? 0.05740 0.39640 0.16690 0.66700 0.01090
FeT2 ? ? 0.16740 0.61150 0.12810 0.00300 0.01010
AlT2 ? ? 0.16740 0.61150 0.12810 0.33000 0.01010
SiT2 ? ? 0.16740 0.61150 0.12810 0.66700 0.01010
FeT3 ? ? 0.39250 0.64170 0.08628 0.00300 0.01020
AlT3 ? ? 0.39250 0.64170 0.08628 0.33000 0.01020
SiT3 ? ? 0.39250 0.64170 0.08628 0.66700 0.01020
O1 ? ? 0.13200 0.31460 0.11010 1.00000 0.02700
O2 ? ? 0.09140 0.51110 0.13090 1.00000 0.02370
O3 ? ? 0.14550 0.68040 0.22720 1.00000 0.01730
O4 ? ? 0.13340 0.68510 0.03600 1.00000 0.02170
O5 ? ? 0.28930 0.57600 0.12050 1.00000 0.01970
O6 ? ? 0.48360 0.61730 0.16680 1.00000 0.01760
