||Phan Thanh, S.; Marrot, J.; Renaudin, J.; Maisonneuve, V.|[H~3~N(CH~2~)~5~NH~3~].AlP~2~O~8~H, a one-dimensional aluminophosphate|Acta Crystallographica, Section C|2000 56(9) 1073 1074
Al18 H18 O144 P36
7.8783(2) 10.46890(10) 16.0680(4) 90.00 95.1470(10) 90.00
P1
O1 ? ? 0.168400 0.972400 0.066700 1 .0379(7)
O6 ? ? 0.511600 0.699300 0.092700 1 .0466(8)
O7 ? ? 0.106700 0.981400 0.214900 1 .0521(9)
O8 ? ? 0.670100 0.895600 0.058500 1 .0398(8)
P1 ? ? 0.559090 0.784020 0.023960 1 .0280(3)
H2_1_154 ? ? -3.287700 0.757100 -0.064900 1 .056
H2_1_254 ? ? -2.287700 0.757100 -0.064900 1 .056
H2_1_354 ? ? -1.287700 0.757100 -0.064900 1 .056
H2_1_454 ? ? -0.287700 0.757100 -0.064900 1 .056
H2_1_554 ? ? 0.712300 0.757100 -0.064900 1 .056
H2_1_654 ? ? 1.712300 0.757100 -0.064900 1 .056
H2_1_754 ? ? 2.712300 0.757100 -0.064900 1 .056
H2_1_854 ? ? 3.712300 0.757100 -0.064900 1 .056
H2_1_954 ? ? 4.712300 0.757100 -0.064900 1 .056
H2_3_165 ? ? -3.712300 1.242900 0.064900 1 .056
H2_3_265 ? ? -2.712300 1.242900 0.064900 1 .056
H2_3_365 ? ? -1.712300 1.242900 0.064900 1 .056
H2_3_465 ? ? -0.712300 1.242900 0.064900 1 .056
H2_3_565 ? ? 0.287700 1.242900 0.064900 1 .056
H2_3_665 ? ? 1.287700 1.242900 0.064900 1 .056
H2_3_765 ? ? 2.287700 1.242900 0.064900 1 .056
H2_3_865 ? ? 3.287700 1.242900 0.064900 1 .056
H2_3_965 ? ? 4.287700 1.242900 0.064900 1 .056
O1_1_155 ? ? -3.831600 0.972400 0.066700 1 .0379(7)
O1_1_255 ? ? -2.831600 0.972400 0.066700 1 .0379(7)
O1_1_355 ? ? -1.831600 0.972400 0.066700 1 .0379(7)
O1_1_455 ? ? -0.831600 0.972400 0.066700 1 .0379(7)
O1_1_655 ? ? 1.168400 0.972400 0.066700 1 .0379(7)
O1_1_755 ? ? 2.168400 0.972400 0.066700 1 .0379(7)
O1_1_855 ? ? 3.168400 0.972400 0.066700 1 .0379(7)
O1_1_955 ? ? 4.168400 0.972400 0.066700 1 .0379(7)
O1_3_164 ? ? -3.168400 1.027600 -0.066700 1 .0379(7)
O1_3_264 ? ? -2.168400 1.027600 -0.066700 1 .0379(7)
O1_3_364 ? ? -1.168400 1.027600 -0.066700 1 .0379(7)
O1_3_464 ? ? -0.168400 1.027600 -0.066700 1 .0379(7)
O1_3_564 ? ? 0.831600 1.027600 -0.066700 1 .0379(7)
O1_3_664 ? ? 1.831600 1.027600 -0.066700 1 .0379(7)
O1_3_764 ? ? 2.831600 1.027600 -0.066700 1 .0379(7)
O1_3_864 ? ? 3.831600 1.027600 -0.066700 1 .0379(7)
O1_3_964 ? ? 4.831600 1.027600 -0.066700 1 .0379(7)
O2_1_154 ? ? -3.343600 0.707800 -0.038600 1 .0373(7)
O2_1_254 ? ? -2.343600 0.707800 -0.038600 1 .0373(7)
O2_1_354 ? ? -1.343600 0.707800 -0.038600 1 .0373(7)
O2_1_454 ? ? -0.343600 0.707800 -0.038600 1 .0373(7)
O2_1_554 ? ? 0.656400 0.707800 -0.038600 1 .0373(7)
O2_1_654 ? ? 1.656400 0.707800 -0.038600 1 .0373(7)
O2_1_754 ? ? 2.656400 0.707800 -0.038600 1 .0373(7)
O2_1_854 ? ? 3.656400 0.707800 -0.038600 1 .0373(7)
O2_1_954 ? ? 4.656400 0.707800 -0.038600 1 .0373(7)
O2_3_165 ? ? -3.656400 1.292200 0.038600 1 .0373(7)
O2_3_265 ? ? -2.656400 1.292200 0.038600 1 .0373(7)
O2_3_365 ? ? -1.656400 1.292200 0.038600 1 .0373(7)
O2_3_465 ? ? -0.656400 1.292200 0.038600 1 .0373(7)
O2_3_565 ? ? 0.343600 1.292200 0.038600 1 .0373(7)
O2_3_665 ? ? 1.343600 1.292200 0.038600 1 .0373(7)
O2_3_765 ? ? 2.343600 1.292200 0.038600 1 .0373(7)
O2_3_865 ? ? 3.343600 1.292200 0.038600 1 .0373(7)
O2_3_965 ? ? 4.343600 1.292200 0.038600 1 .0373(7)
O3_1_154 ? ? -3.911800 0.911600 -0.104800 1 .0381(7)
O3_1_254 ? ? -2.911800 0.911600 -0.104800 1 .0381(7)
O3_1_354 ? ? -1.911800 0.911600 -0.104800 1 .0381(7)
O3_1_454 ? ? -0.911800 0.911600 -0.104800 1 .0381(7)
O3_1_554 ? ? 0.088200 0.911600 -0.104800 1 .0381(7)
O3_1_654 ? ? 1.088200 0.911600 -0.104800 1 .0381(7)
O3_1_754 ? ? 2.088200 0.911600 -0.104800 1 .0381(7)
O3_1_854 ? ? 3.088200 0.911600 -0.104800 1 .0381(7)
O3_1_954 ? ? 4.088200 0.911600 -0.104800 1 .0381(7)
O3_3_165 ? ? -3.088200 1.088400 0.104800 1 .0381(7)
O3_3_265 ? ? -2.088200 1.088400 0.104800 1 .0381(7)
O3_3_365 ? ? -1.088200 1.088400 0.104800 1 .0381(7)
O3_3_465 ? ? -0.088200 1.088400 0.104800 1 .0381(7)
O3_3_565 ? ? 0.911800 1.088400 0.104800 1 .0381(7)
O3_3_665 ? ? 1.911800 1.088400 0.104800 1 .0381(7)
O3_3_765 ? ? 2.911800 1.088400 0.104800 1 .0381(7)
O3_3_865 ? ? 3.911800 1.088400 0.104800 1 .0381(7)
O3_3_965 ? ? 4.911800 1.088400 0.104800 1 .0381(7)
O4_1_165 ? ? -3.801800 1.179300 0.145900 1 .0467(9)
O4_1_265 ? ? -2.801800 1.179300 0.145900 1 .0467(9)
O4_1_365 ? ? -1.801800 1.179300 0.145900 1 .0467(9)
O4_1_465 ? ? -0.801800 1.179300 0.145900 1 .0467(9)
O4_1_565 ? ? 0.198200 1.179300 0.145900 1 .0467(9)
O4_1_665 ? ? 1.198200 1.179300 0.145900 1 .0467(9)
O4_1_765 ? ? 2.198200 1.179300 0.145900 1 .0467(9)
O4_1_865 ? ? 3.198200 1.179300 0.145900 1 .0467(9)
O4_1_965 ? ? 4.198200 1.179300 0.145900 1 .0467(9)
O4_3_154 ? ? -3.198200 0.820700 -0.145900 1 .0467(9)
O4_3_254 ? ? -2.198200 0.820700 -0.145900 1 .0467(9)
O4_3_354 ? ? -1.198200 0.820700 -0.145900 1 .0467(9)
O4_3_454 ? ? -0.198200 0.820700 -0.145900 1 .0467(9)
O4_3_554 ? ? 0.801800 0.820700 -0.145900 1 .0467(9)
O4_3_654 ? ? 1.801800 0.820700 -0.145900 1 .0467(9)
O4_3_754 ? ? 2.801800 0.820700 -0.145900 1 .0467(9)
O4_3_854 ? ? 3.801800 0.820700 -0.145900 1 .0467(9)
O4_3_954 ? ? 4.801800 0.820700 -0.145900 1 .0467(9)
O5_1_154 ? ? -3.599500 0.840800 -0.025200 1 .0435(8)
O5_1_254 ? ? -2.599500 0.840800 -0.025200 1 .0435(8)
O5_1_354 ? ? -1.599500 0.840800 -0.025200 1 .0435(8)
O5_1_454 ? ? -0.599500 0.840800 -0.025200 1 .0435(8)
O5_1_554 ? ? 0.400500 0.840800 -0.025200 1 .0435(8)
O5_1_654 ? ? 1.400500 0.840800 -0.025200 1 .0435(8)
O5_1_754 ? ? 2.400500 0.840800 -0.025200 1 .0435(8)
O5_1_854 ? ? 3.400500 0.840800 -0.025200 1 .0435(8)
O5_1_954 ? ? 4.400500 0.840800 -0.025200 1 .0435(8)
O5_3_165 ? ? -3.400500 1.159200 0.025200 1 .0435(8)
O5_3_265 ? ? -2.400500 1.159200 0.025200 1 .0435(8)
O5_3_365 ? ? -1.400500 1.159200 0.025200 1 .0435(8)
O5_3_465 ? ? -0.400500 1.159200 0.025200 1 .0435(8)
O5_3_565 ? ? 0.599500 1.159200 0.025200 1 .0435(8)
O5_3_665 ? ? 1.599500 1.159200 0.025200 1 .0435(8)
O5_3_765 ? ? 2.599500 1.159200 0.025200 1 .0435(8)
O5_3_865 ? ? 3.599500 1.159200 0.025200 1 .0435(8)
O5_3_965 ? ? 4.599500 1.159200 0.025200 1 .0435(8)
O6_1_155 ? ? -3.488400 0.699300 0.092700 1 .0466(8)
O6_1_255 ? ? -2.488400 0.699300 0.092700 1 .0466(8)
O6_1_355 ? ? -1.488400 0.699300 0.092700 1 .0466(8)
O6_1_455 ? ? -0.488400 0.699300 0.092700 1 .0466(8)
O6_1_655 ? ? 1.511600 0.699300 0.092700 1 .0466(8)
O6_1_755 ? ? 2.511600 0.699300 0.092700 1 .0466(8)
O6_1_855 ? ? 3.511600 0.699300 0.092700 1 .0466(8)
O6_1_955 ? ? 4.511600 0.699300 0.092700 1 .0466(8)
O6_3_164 ? ? -3.511600 1.300700 -0.092700 1 .0466(8)
O6_3_264 ? ? -2.511600 1.300700 -0.092700 1 .0466(8)
O6_3_364 ? ? -1.511600 1.300700 -0.092700 1 .0466(8)
O6_3_464 ? ? -0.511600 1.300700 -0.092700 1 .0466(8)
O6_3_564 ? ? 0.488400 1.300700 -0.092700 1 .0466(8)
O6_3_664 ? ? 1.488400 1.300700 -0.092700 1 .0466(8)
O6_3_764 ? ? 2.488400 1.300700 -0.092700 1 .0466(8)
O6_3_864 ? ? 3.488400 1.300700 -0.092700 1 .0466(8)
O6_3_964 ? ? 4.488400 1.300700 -0.092700 1 .0466(8)
O7_1_155 ? ? -3.893300 0.981400 0.214900 1 .0521(9)
O7_1_255 ? ? -2.893300 0.981400 0.214900 1 .0521(9)
O7_1_355 ? ? -1.893300 0.981400 0.214900 1 .0521(9)
O7_1_455 ? ? -0.893300 0.981400 0.214900 1 .0521(9)
O7_1_655 ? ? 1.106700 0.981400 0.214900 1 .0521(9)
O7_1_755 ? ? 2.106700 0.981400 0.214900 1 .0521(9)
O7_1_855 ? ? 3.106700 0.981400 0.214900 1 .0521(9)
O7_1_955 ? ? 4.106700 0.981400 0.214900 1 .0521(9)
O7_3_164 ? ? -3.106700 1.018600 -0.214900 1 .0521(9)
O7_3_264 ? ? -2.106700 1.018600 -0.214900 1 .0521(9)
O7_3_364 ? ? -1.106700 1.018600 -0.214900 1 .0521(9)
O7_3_464 ? ? -0.106700 1.018600 -0.214900 1 .0521(9)
O7_3_564 ? ? 0.893300 1.018600 -0.214900 1 .0521(9)
O7_3_664 ? ? 1.893300 1.018600 -0.214900 1 .0521(9)
O7_3_764 ? ? 2.893300 1.018600 -0.214900 1 .0521(9)
O7_3_864 ? ? 3.893300 1.018600 -0.214900 1 .0521(9)
O7_3_964 ? ? 4.893300 1.018600 -0.214900 1 .0521(9)
O8_1_155 ? ? -3.329900 0.895600 0.058500 1 .0398(8)
O8_1_255 ? ? -2.329900 0.895600 0.058500 1 .0398(8)
O8_1_355 ? ? -1.329900 0.895600 0.058500 1 .0398(8)
O8_1_455 ? ? -0.329900 0.895600 0.058500 1 .0398(8)
O8_1_655 ? ? 1.670100 0.895600 0.058500 1 .0398(8)
O8_1_755 ? ? 2.670100 0.895600 0.058500 1 .0398(8)
O8_1_855 ? ? 3.670100 0.895600 0.058500 1 .0398(8)
O8_1_955 ? ? 4.670100 0.895600 0.058500 1 .0398(8)
O8_3_164 ? ? -3.670100 1.104400 -0.058500 1 .0398(8)
O8_3_264 ? ? -2.670100 1.104400 -0.058500 1 .0398(8)
O8_3_364 ? ? -1.670100 1.104400 -0.058500 1 .0398(8)
O8_3_464 ? ? -0.670100 1.104400 -0.058500 1 .0398(8)
O8_3_564 ? ? 0.329900 1.104400 -0.058500 1 .0398(8)
O8_3_664 ? ? 1.329900 1.104400 -0.058500 1 .0398(8)
O8_3_764 ? ? 2.329900 1.104400 -0.058500 1 .0398(8)
O8_3_864 ? ? 3.329900 1.104400 -0.058500 1 .0398(8)
O8_3_964 ? ? 4.329900 1.104400 -0.058500 1 .0398(8)
P1_1_155 ? ? -3.440910 0.784020 0.023960 1 .0280(3)
P1_1_255 ? ? -2.440910 0.784020 0.023960 1 .0280(3)
P1_1_355 ? ? -1.440910 0.784020 0.023960 1 .0280(3)
P1_1_455 ? ? -0.440910 0.784020 0.023960 1 .0280(3)
P1_1_655 ? ? 1.559090 0.784020 0.023960 1 .0280(3)
P1_1_755 ? ? 2.559090 0.784020 0.023960 1 .0280(3)
P1_1_855 ? ? 3.559090 0.784020 0.023960 1 .0280(3)
P1_1_955 ? ? 4.559090 0.784020 0.023960 1 .0280(3)
P1_3_164 ? ? -3.559090 1.215980 -0.023960 1 .0280(3)
P1_3_264 ? ? -2.559090 1.215980 -0.023960 1 .0280(3)
P1_3_364 ? ? -1.559090 1.215980 -0.023960 1 .0280(3)
P1_3_464 ? ? -0.559090 1.215980 -0.023960 1 .0280(3)
P1_3_564 ? ? 0.440910 1.215980 -0.023960 1 .0280(3)
P1_3_664 ? ? 1.440910 1.215980 -0.023960 1 .0280(3)
P1_3_764 ? ? 2.440910 1.215980 -0.023960 1 .0280(3)
P1_3_864 ? ? 3.440910 1.215980 -0.023960 1 .0280(3)
P1_3_964 ? ? 4.440910 1.215980 -0.023960 1 .0280(3)
P2_1_165 ? ? -3.903540 1.055630 0.134850 1 .0290(3)
P2_1_265 ? ? -2.903540 1.055630 0.134850 1 .0290(3)
P2_1_365 ? ? -1.903540 1.055630 0.134850 1 .0290(3)
P2_1_465 ? ? -0.903540 1.055630 0.134850 1 .0290(3)
P2_1_565 ? ? 0.096460 1.055630 0.134850 1 .0290(3)
P2_1_665 ? ? 1.096460 1.055630 0.134850 1 .0290(3)
P2_1_765 ? ? 2.096460 1.055630 0.134850 1 .0290(3)
P2_1_865 ? ? 3.096460 1.055630 0.134850 1 .0290(3)
P2_1_965 ? ? 4.096460 1.055630 0.134850 1 .0290(3)
P2_3_154 ? ? -3.096460 0.944370 -0.134850 1 .0290(3)
P2_3_254 ? ? -2.096460 0.944370 -0.134850 1 .0290(3)
P2_3_354 ? ? -1.096460 0.944370 -0.134850 1 .0290(3)
P2_3_454 ? ? -0.096460 0.944370 -0.134850 1 .0290(3)
P2_3_554 ? ? 0.903540 0.944370 -0.134850 1 .0290(3)
P2_3_654 ? ? 1.903540 0.944370 -0.134850 1 .0290(3)
P2_3_754 ? ? 2.903540 0.944370 -0.134850 1 .0290(3)
P2_3_854 ? ? 3.903540 0.944370 -0.134850 1 .0290(3)
P2_3_954 ? ? 4.903540 0.944370 -0.134850 1 .0290(3)
Al1_1_154 ? ? -3.752770 0.959280 -0.029950 1 .0246(4)
Al1_1_254 ? ? -2.752770 0.959280 -0.029950 1 .0246(4)
Al1_1_354 ? ? -1.752770 0.959280 -0.029950 1 .0246(4)
Al1_1_454 ? ? -0.752770 0.959280 -0.029950 1 .0246(4)
Al1_1_554 ? ? 0.247230 0.959280 -0.029950 1 .0246(4)
Al1_1_654 ? ? 1.247230 0.959280 -0.029950 1 .0246(4)
Al1_1_754 ? ? 2.247230 0.959280 -0.029950 1 .0246(4)
Al1_1_854 ? ? 3.247230 0.959280 -0.029950 1 .0246(4)
Al1_1_954 ? ? 4.247230 0.959280 -0.029950 1 .0246(4)
Al1_3_165 ? ? -3.247230 1.040720 0.029950 1 .0246(4)
Al1_3_265 ? ? -2.247230 1.040720 0.029950 1 .0246(4)
Al1_3_365 ? ? -1.247230 1.040720 0.029950 1 .0246(4)
Al1_3_465 ? ? -0.247230 1.040720 0.029950 1 .0246(4)
Al1_3_565 ? ? 0.752770 1.040720 0.029950 1 .0246(4)
Al1_3_665 ? ? 1.752770 1.040720 0.029950 1 .0246(4)
Al1_3_765 ? ? 2.752770 1.040720 0.029950 1 .0246(4)
Al1_3_865 ? ? 3.752770 1.040720 0.029950 1 .0246(4)
Al1_3_965 ? ? 4.752770 1.040720 0.029950 1 .0246(4)
