Grunerite ||Finger L W|The crystal structure and cation distribution of a grunerite Locality: Wabush iron formation, Labrador, Canada|Mineralogical Society of America Special Paper|1969 2 95 100
(Fe6.1 Mg.9) Si8 O23.5 (F.5 H1.5)
9.5642 18.393 5.3388 90 101.892 90
C12/m1
Fe1 ? ? 0.00000 0.08781 0.50000 0.84800 0.00646
Mg1 ? ? 0.00000 0.08781 0.50000 0.15200 0.00646
Fe2 ? ? 0.00000 0.17936 0.00000 0.77300 0.00646
Mg2 ? ? 0.00000 0.17936 0.00000 0.22700 0.00646
Fe3 ? ? 0.00000 0.00000 0.00000 0.88800 0.00709
Mg3 ? ? 0.00000 0.00000 0.00000 0.11200 0.00709
Fe4 ? ? 0.00000 0.25741 0.50000 0.98500 0.01165
Mg4 ? ? 0.00000 0.25741 0.50000 0.01500 0.01165
Si1 ? ? 0.28670 0.08360 0.27070 1.00000 0.00557
Si2 ? ? 0.29930 0.16670 0.77800 1.00000 0.00621
O1 ? ? 0.11200 0.08820 0.20440 1.00000 0.00849
O2 ? ? 0.12530 0.17350 0.71420 1.00000 0.00747
O-H3 ? ? 0.11470 0.00000 0.70350 0.75000 0.01381
F3 ? ? 0.11470 0.00000 0.70350 0.25000 0.01381
O4 ? ? 0.38390 0.24160 0.76890 1.00000 0.00735
O5 ? ? 0.34830 0.12750 0.05190 1.00000 0.00975
O6 ? ? 0.34780 0.11820 0.55300 1.00000 0.01089
O7 ? ? 0.33760 0.00000 0.27000 1.00000 0.00937
