?|1-Acetyl-5-(4-chlorophenyl)-3-(4-fluorophenyl)-2-pyrazoline||||
C17 H14 Cl F N2 O
6.119(2) 12.696(5) 19.812(7) 90.00 97.549(7) 90.00
?
Cl1 ? ? 0.46496(13) 0.79746(6) 1.05071(3) 1 0.0924(3)
F1 ? ? 1.0807(2) 1.16308(11) 0.53975(7) 1 0.0889(5)
O1 ? ? -0.1341(2) 0.86440(13) 0.75617(7) 1 0.0690(5)
N1 ? ? 0.3123(3) 0.95275(13) 0.67707(7) 1 0.0488(4)
N2 ? ? 0.1687(3) 0.93816(13) 0.72473(8) 1 0.0523(4)
C1 ? ? 0.6290(3) 1.01792(17) 0.59328(11) 1 0.0591(6)
H1 ? ? 0.5370 0.9620 0.5784 1 0.071
C2 ? ? 0.7878(4) 1.05008(19) 0.55433(11) 1 0.0666(6)
H2 ? ? 0.8021 1.0175 0.5131 1 0.080
C3 ? ? 0.9241(3) 1.13142(17) 0.57817(11) 1 0.0573(6)
C4 ? ? 0.9092(4) 1.18208(16) 0.63748(11) 1 0.0567(6)
H4 ? ? 1.0054 1.2365 0.6524 1 0.068
C5 ? ? 0.7459(4) 1.15006(16) 0.67525(10) 1 0.0542(5)
H5 ? ? 0.7309 1.1848 0.7157 1 0.065
C6 ? ? 0.6042(3) 1.06763(14) 0.65427(9) 1 0.0439(5)
C7 ? ? 0.4344(3) 1.03316(15) 0.69482(9) 1 0.0455(5)
C8 ? ? 0.3831(4) 1.08576(16) 0.75874(10) 1 0.0603(6)
H8A ? ? 0.3284 1.1567 0.7495 1 0.072
H8B ? ? 0.5124 1.0885 0.7927 1 0.072
C9 ? ? 0.2040(3) 1.01474(16) 0.78218(9) 1 0.0546(5)
H9 ? ? 0.0693 1.0557 0.7842 1 0.066
C10 ? ? 0.2708(3) 0.96009(15) 0.84960(9) 1 0.0462(5)
C11 ? ? 0.4696(3) 0.90717(16) 0.86257(10) 1 0.0556(6)
H11 ? ? 0.5636 0.9047 0.8293 1 0.067
C12 ? ? 0.5300(3) 0.85781(17) 0.92453(11) 1 0.0607(6)
H12 ? ? 0.6637 0.8222 0.9328 1 0.073
C13 ? ? 0.3924(4) 0.86164(16) 0.97335(10) 1 0.0560(6)
C14 ? ? 0.1938(4) 0.91274(17) 0.96180(10) 1 0.0594(6)
H14 ? ? 0.0996 0.9141 0.9950 1 0.071
C15 ? ? 0.1358(4) 0.96230(15) 0.89971(10) 1 0.0547(5)
H15 ? ? 0.0022 0.9979 0.8918 1 0.066
C16 ? ? -0.0015(4) 0.86924(17) 0.71540(10) 1 0.0538(5)
C17 ? ? -0.0119(4) 0.79917(18) 0.65383(11) 1 0.0720(7)
H17A ? ? -0.1343 0.7517 0.6531 1 0.108
H17B ? ? 0.1224 0.7595 0.6557 1 0.108
H17C ? ? -0.0305 0.8416 0.6134 1 0.108
