Bis-(Methyltropp)rhodium-hexafluorophosphate|?|Stephan Deblon; Hartmut Schoenberg; Heinz Ruegger; Sandra Loss; Hansjoerg Gruetzmacher||New Journal of Chemistry|? ? ? ?
C58 H49 F6 N P3 Rh
10.844(2) 20.697(4) 22.722(5) 91.629(13) 91.462(13) 101.890(12)
P-1
Rh1 ? ? 0.74582(3) 0.765950(15) 0.358818(13) 1 0.04118(10)
P1 ? ? 0.85436(11) 0.82319(5) 0.43453(4) 1 0.0391(3)
C1 ? ? 0.9078(4) 0.9121(2) 0.4156(2) 1 0.0437(10)
H1A ? ? 0.9524(4) 0.9355(2) 0.4505(2) 1 0.052
C2 ? ? 1.0007(4) 0.9176(2) 0.3672(2) 1 0.0470(11)
C3 ? ? 0.9689(4) 0.8827(2) 0.3126(2) 1 0.0478(11)
C4 ? ? 0.8381(5) 0.8486(2) 0.2944(2) 1 0.0506(12)
C5 ? ? 0.7292(5) 0.8643(2) 0.3143(2) 1 0.0504(12)
H5A ? ? 0.6629(5) 0.8564(2) 0.2833(2) 1 0.061
C6 ? ? 0.7130(4) 0.9180(2) 0.3552(2) 1 0.0480(11)
C7 ? ? 0.7976(4) 0.9428(2) 0.4025(2) 1 0.0476(11)
C8 ? ? 1.1209(5) 0.9541(2) 0.3776(2) 1 0.0642(14)
H8A ? ? 1.1394(5) 0.9790(2) 0.4126(2) 1 0.077
C9 ? ? 1.2133(5) 0.9547(3) 0.3381(3) 1 0.084(2)
H9A ? ? 1.2936(5) 0.9803(3) 0.3458(3) 1 0.101
C10 ? ? 1.1872(6) 0.9175(3) 0.2870(3) 1 0.082(2)
H10A ? ? 1.2511(6) 0.9157(3) 0.2609(3) 1 0.099
C11 ? ? 1.0677(6) 0.8830(2) 0.2741(2) 1 0.0668(14)
H11C ? ? 1.0514(6) 0.8590(2) 0.2385(2) 1 0.080
C12 ? ? 0.6097(5) 0.9473(2) 0.3455(2) 1 0.0680(14)
H12D ? ? 0.5511(5) 0.9306(2) 0.3154(2) 1 0.082
C13 ? ? 0.5932(6) 1.0003(3) 0.3795(3) 1 0.086(2)
H13C ? ? 0.5254(6) 1.0201(3) 0.3714(3) 1 0.104
C14 ? ? 0.6764(7) 1.0248(3) 0.4258(3) 1 0.088(2)
H14C ? ? 0.6641(7) 1.0603(3) 0.4493(3) 1 0.106
C15 ? ? 0.7774(5) 0.9959(2) 0.4367(2) 1 0.0650(14)
H15B ? ? 0.8337(5) 1.0123(2) 0.4678(2) 1 0.078
C16 ? ? 0.8248(5) 0.8105(2) 0.2352(2) 1 0.072(2)
H16J ? ? 0.9051(5) 0.8017(2) 0.2248(2) 1 0.107
H16K ? ? 0.7958(5) 0.8365(2) 0.2055(2) 1 0.107
H16L ? ? 0.7651(5) 0.7696(2) 0.2381(2) 1 0.107
C17 ? ? 0.9946(4) 0.8042(2) 0.4697(2) 1 0.0449(11)
C18 ? ? 1.1073(5) 0.8115(2) 0.4405(2) 1 0.0664(14)
H18D ? ? 1.1110(5) 0.8247(2) 0.4017(2) 1 0.080
C19 ? ? 1.2152(6) 0.7990(3) 0.4692(3) 1 0.088(2)
H19C ? ? 1.2916(6) 0.8067(3) 0.4502(3) 1 0.106
C20 ? ? 1.2090(6) 0.7757(3) 0.5250(3) 1 0.089(2)
H20D ? ? 1.2808(6) 0.7671(3) 0.5439(3) 1 0.106
C21 ? ? 1.0989(6) 0.7651(3) 0.5524(2) 1 0.077(2)
H21C ? ? 1.0944(6) 0.7476(3) 0.5897(2) 1 0.093
C22 ? ? 0.9926(5) 0.7799(2) 0.5264(2) 1 0.0576(13)
H22C ? ? 0.9182(5) 0.7735(2) 0.5469(2) 1 0.069
C23 ? ? 0.7547(4) 0.8299(2) 0.4967(2) 1 0.0412(10)
C24 ? ? 0.7967(5) 0.8716(2) 0.5454(2) 1 0.0561(12)
H24A ? ? 0.8774(5) 0.8979(2) 0.5464(2) 1 0.067
C25 ? ? 0.7192(6) 0.8740(2) 0.5922(2) 1 0.0684(15)
H25A ? ? 0.7472(6) 0.9025(2) 0.6243(2) 1 0.082
C26 ? ? 0.6026(6) 0.8351(3) 0.5916(2) 1 0.084(2)
H26B ? ? 0.5508(6) 0.8370(3) 0.6234(2) 1 0.100
C27 ? ? 0.5602(5) 0.7928(3) 0.5446(2) 1 0.087(2)
H27C ? ? 0.4812(5) 0.7649(3) 0.5449(2) 1 0.104
C28 ? ? 0.6354(5) 0.7918(2) 0.4967(2) 1 0.0634(13)
H28B ? ? 0.6046(5) 0.7649(2) 0.4639(2) 1 0.076
P1A ? ? 0.79269(12) 0.66893(5) 0.38472(4) 1 0.0436(3)
C1A ? ? 0.6710(4) 0.5992(2) 0.3530(2) 1 0.0479(11)
H1AA ? ? 0.6976(4) 0.5584(2) 0.3634(2) 1 0.057
C2A ? ? 0.5470(5) 0.5981(2) 0.3817(2) 1 0.0497(12)
C3A ? ? 0.4868(4) 0.6518(2) 0.3793(2) 1 0.0472(11)
C4A ? ? 0.5255(4) 0.7095(2) 0.3414(2) 1 0.0479(11)
C5A ? ? 0.5880(5) 0.7075(2) 0.2894(2) 1 0.0509(12)
H5AA ? ? 0.5630(5) 0.7379(2) 0.2613(2) 1 0.061
C6A ? ? 0.6280(4) 0.6536(2) 0.2589(2) 1 0.0490(11)
C7A ? ? 0.6640(4) 0.6000(2) 0.2868(2) 1 0.0492(11)
C8A ? ? 0.4971(5) 0.5441(2) 0.4154(2) 1 0.0602(13)
H8AA ? ? 0.5353(5) 0.5078(2) 0.4156(2) 1 0.072
C9A ? ? 0.3931(6) 0.5438(3) 0.4481(2) 1 0.077(2)
H9AA ? ? 0.3621(6) 0.5077(3) 0.4709(2) 1 0.092
C10A ? ? 0.3345(5) 0.5962(3) 0.4476(2) 1 0.075(2)
H10C ? ? 0.2644(5) 0.5962(3) 0.4703(2) 1 0.090
C11A ? ? 0.3798(5) 0.6488(2) 0.4134(2) 1 0.0654(14)
H11B ? ? 0.3381(5) 0.6838(2) 0.4128(2) 1 0.078
C12A ? ? 0.6261(5) 0.6527(2) 0.1973(2) 1 0.0642(14)
H12B ? ? 0.6014(5) 0.6870(2) 0.1776(2) 1 0.077
C13A ? ? 0.6600(6) 0.6021(3) 0.1652(2) 1 0.075(2)
H13A ? ? 0.6594(6) 0.6028(3) 0.1243(2) 1 0.090
C14A ? ? 0.6945(5) 0.5509(3) 0.1930(2) 1 0.074(2)
H14B ? ? 0.7166(5) 0.5166(3) 0.1711(2) 1 0.089
C15A ? ? 0.6969(5) 0.5496(2) 0.2538(2) 1 0.0591(13)
H15A ? ? 0.7209(5) 0.5146(2) 0.2725(2) 1 0.071
C16A ? ? 0.4566(5) 0.7657(2) 0.3509(2) 1 0.0633(13)
H16A ? ? 0.4171(5) 0.7617(2) 0.3883(2) 1 0.095
H16B ? ? 0.3935(5) 0.7639(2) 0.3201(2) 1 0.095
H16C ? ? 0.5157(5) 0.8072(2) 0.3503(2) 1 0.095
C17A ? ? 0.8115(5) 0.6446(2) 0.4607(2) 1 0.0552(12)
C18A ? ? 0.7148(5) 0.6454(2) 0.4996(2) 1 0.0632(14)
H18A ? ? 0.6421(5) 0.6588(2) 0.4868(2) 1 0.076
C19A ? ? 0.7256(7) 0.6266(2) 0.5569(2) 1 0.084(2)
H19A ? ? 0.6593(7) 0.6262(2) 0.5821(2) 1 0.100
C20A ? ? 0.8320(9) 0.6087(3) 0.5767(3) 1 0.102(3)
H20C ? ? 0.8387(9) 0.5973(3) 0.6158(3) 1 0.123
C21A ? ? 0.9302(8) 0.6073(3) 0.5400(3) 1 0.103(2)
H21D ? ? 1.0022(8) 0.5940(3) 0.5539(3) 1 0.123
C22A ? ? 0.9209(6) 0.6261(2) 0.4816(2) 1 0.079(2)
H22D ? ? 0.9877(6) 0.6263(2) 0.4567(2) 1 0.095
C23A ? ? 0.9339(5) 0.6561(2) 0.3480(2) 1 0.0528(12)
C24A ? ? 1.0093(5) 0.7080(2) 0.3212(2) 1 0.0620(13)
H24C ? ? 0.9883(5) 0.7494(2) 0.3230(2) 1 0.074
C25A ? ? 1.1144(6) 0.7004(3) 0.2921(2) 1 0.083(2)
H25D ? ? 1.1621(6) 0.7358(3) 0.2731(2) 1 0.100
C26A ? ? 1.1490(7) 0.6409(4) 0.2909(3) 1 0.096(2)
H26D ? ? 1.2234(7) 0.6365(4) 0.2732(3) 1 0.115
C27A ? ? 1.0751(7) 0.5875(3) 0.3155(3) 1 0.094(2)
H27D ? ? 1.0971(7) 0.5465(3) 0.3128(3) 1 0.112
C28A ? ? 0.9681(6) 0.5944(2) 0.3445(2) 1 0.075(2)
H28D ? ? 0.9187(6) 0.5581(2) 0.3616(2) 1 0.090
Rh1B ? ? 0.69888(3) 0.74141(2) 0.830210(13) 1 0.04070(10)
P1B ? ? 0.79289(11) 0.68682(5) 0.89736(4) 1 0.0396(3)
C1B ? ? 0.6862(4) 0.6062(2) 0.9133(2) 1 0.0450(11)
H1BA ? ? 0.7314(4) 0.5840(2) 0.9417(2) 1 0.054
C2B ? ? 0.5677(4) 0.6153(2) 0.9411(2) 1 0.0484(11)
C3B ? ? 0.4820(5) 0.6489(2) 0.9138(2) 1 0.0540(12)
C4B ? ? 0.4895(4) 0.6697(2) 0.8510(2) 1 0.0523(12)
C5B ? ? 0.5475(4) 0.6412(2) 0.8073(2) 1 0.0522(12)
H5BA ? ? 0.5053(4) 0.6437(2) 0.7690(2) 1 0.063
C6B ? ? 0.6042(4) 0.5831(2) 0.8083(2) 1 0.0480(11)
C7B ? ? 0.6649(4) 0.5634(2) 0.8576(2) 1 0.0473(11)
C8B ? ? 0.5450(5) 0.5929(2) 0.9980(2) 1 0.0708(15)
H8BA ? ? 0.5995(5) 0.5692(2) 1.0153(2) 1 0.085
C9B ? ? 0.4460(7) 0.6048(3) 1.0287(3) 1 0.094(2)
H9BA ? ? 0.4337(7) 0.5897(3) 1.0667(3) 1 0.112
C10B ? ? 0.3630(7) 0.6395(3) 1.0032(3) 1 0.101(2)
H10D ? ? 0.2953(7) 0.6483(3) 1.0241(3) 1 0.121
C11B ? ? 0.3818(5) 0.6607(3) 0.9470(2) 1 0.079(2)
H11D ? ? 0.3257(5) 0.6838(3) 0.9303(2) 1 0.094
C12B ? ? 0.5998(5) 0.5448(2) 0.7563(2) 1 0.0647(14)
H12C ? ? 0.5657(5) 0.5586(2) 0.7220(2) 1 0.078
C13B ? ? 0.6443(6) 0.4876(3) 0.7546(2) 1 0.078(2)
H13B ? ? 0.6382(6) 0.4622(3) 0.7198(2) 1 0.094
C14B ? ? 0.6980(5) 0.4681(2) 0.8044(2) 1 0.079(2)
H14D ? ? 0.7270(5) 0.4288(2) 0.8035(2) 1 0.095
C15B ? ? 0.7094(5) 0.5056(2) 0.8554(2) 1 0.0635(13)
H15C ? ? 0.7473(5) 0.4921(2) 0.8888(2) 1 0.076
C16B ? ? 0.3996(5) 0.7131(2) 0.8333(2) 1 0.0670(14)
H16D ? ? 0.3661(5) 0.7298(2) 0.8680(2) 1 0.101
H16E ? ? 0.3319(5) 0.6878(2) 0.8091(2) 1 0.101
H16F ? ? 0.4437(5) 0.7494(2) 0.8116(2) 1 0.101
C17B ? ? 0.8547(5) 0.7195(2) 0.9708(2) 1 0.0475(11)
C18B ? ? 0.7722(5) 0.7316(2) 1.0135(2) 1 0.0575(13)
H18B ? ? 0.6860(5) 0.7228(2) 1.0048(2) 1 0.069
C19B ? ? 0.8169(7) 0.7567(2) 1.0690(2) 1 0.080(2)
H19B ? ? 0.7616(7) 0.7650(2) 1.0974(2) 1 0.097
C20B ? ? 0.9442(8) 0.7691(3) 1.0810(2) 1 0.089(2)
H20A ? ? 0.9746(8) 0.7858(3) 1.1182(2) 1 0.107
C21B ? ? 1.0267(6) 0.7578(2) 1.0405(2) 1 0.078(2)
H21A ? ? 1.1127(6) 0.7664(2) 1.0496(2) 1 0.094
C22B ? ? 0.9814(5) 0.7329(2) 0.9848(2) 1 0.0608(13)
H22A ? ? 1.0379(5) 0.7253(2) 0.9567(2) 1 0.073
C23B ? ? 0.9220(4) 0.6564(2) 0.8652(2) 1 0.0454(11)
C24B ? ? 0.9817(5) 0.6113(2) 0.8950(2) 1 0.0594(13)
H24D ? ? 0.9616(5) 0.6009(2) 0.9336(2) 1 0.071
C25B ? ? 1.0689(5) 0.5832(2) 0.8669(3) 1 0.076(2)
H25C ? ? 1.1096(5) 0.5545(2) 0.8868(3) 1 0.092
C26B ? ? 1.0961(6) 0.5971(3) 0.8096(3) 1 0.089(2)
H26C ? ? 1.1523(6) 0.5761(3) 0.7903(3) 1 0.107
C27B ? ? 1.0425(6) 0.6411(3) 0.7807(2) 1 0.087(2)
H27B ? ? 1.0646(6) 0.6516(3) 0.7423(2) 1 0.104
C28B ? ? 0.9548(5) 0.6701(2) 0.8083(2) 1 0.0641(13)
H28C ? ? 0.9171(5) 0.6996(2) 0.7878(2) 1 0.077
P1C ? ? 0.79528(11) 0.83985(5) 0.86611(4) 1 0.0389(3)
C1C ? ? 0.7941(4) 0.9038(2) 0.8096(2) 1 0.0462(11)
H1CA ? ? 0.8326(4) 0.9468(2) 0.8282(2) 1 0.055
C2C ? ? 0.8765(4) 0.8913(2) 0.7597(2) 1 0.0456(10)
C3C ? ? 0.8548(4) 0.8311(2) 0.7282(2) 1 0.0481(11)
C4C ? ? 0.7381(5) 0.7785(2) 0.7329(2) 1 0.0486(11)
C5C ? ? 0.6222(5) 0.7893(2) 0.7486(2) 1 0.0492(11)
H5CA ? ? 0.5539(5) 0.7579(2) 0.7277(2) 1 0.059
C6C ? ? 0.5838(4) 0.8514(2) 0.7628(2) 1 0.0495(11)
C7C ? ? 0.6628(4) 0.9067(2) 0.7909(2) 1 0.0496(11)
C8C ? ? 0.9799(5) 0.9408(2) 0.7482(2) 1 0.0586(13)
H8CA ? ? 0.9917(5) 0.9811(2) 0.7688(2) 1 0.070
C9C ? ? 1.0648(5) 0.9309(3) 0.7069(2) 1 0.0705(14)
H9CA ? ? 1.1330(5) 0.9646(3) 0.6990(2) 1 0.085
C10C ? ? 1.0484(5) 0.8716(3) 0.6777(2) 1 0.078(2)
H10B ? ? 1.1070(5) 0.8641(3) 0.6506(2) 1 0.093
C11C ? ? 0.9463(5) 0.8225(3) 0.6879(2) 1 0.0661(14)
H11A ? ? 0.9374(5) 0.7822(3) 0.6674(2) 1 0.079
C12C ? ? 0.4595(5) 0.8563(3) 0.7474(2) 1 0.0690(14)
H12A ? ? 0.4052(5) 0.8204(3) 0.7290(2) 1 0.083
C13C ? ? 0.4173(6) 0.9127(3) 0.7591(2) 1 0.081(2)
H13D ? ? 0.3351(6) 0.9150(3) 0.7484(2) 1 0.097
C14C ? ? 0.4959(6) 0.9668(3) 0.7869(2) 1 0.080(2)
H14A ? ? 0.4668(6) 1.0053(3) 0.7948(2) 1 0.096
C15C ? ? 0.6161(5) 0.9631(2) 0.8026(2) 1 0.0633(13)
H15D ? ? 0.6683(5) 0.9994(2) 0.8216(2) 1 0.076
C16C ? ? 0.7363(5) 0.7150(2) 0.6972(2) 1 0.0679(14)
H16G ? ? 0.8210(5) 0.7119(2) 0.6884(2) 1 0.102
H16H ? ? 0.6884(5) 0.7153(2) 0.6611(2) 1 0.102
H16I ? ? 0.6983(5) 0.6778(2) 0.7195(2) 1 0.102
C17C ? ? 0.9582(4) 0.8572(2) 0.8935(2) 1 0.0441(11)
C18C ? ? 0.9955(5) 0.8857(2) 0.9489(2) 1 0.0626(13)
H18C ? ? 0.9360(5) 0.8982(2) 0.9731(2) 1 0.075
C19C ? ? 1.1192(6) 0.8955(3) 0.9684(3) 1 0.082(2)
H19D ? ? 1.1422(6) 0.9141(3) 1.0058(3) 1 0.099
C20C ? ? 1.2074(6) 0.8785(3) 0.9339(3) 1 0.087(2)
H20B ? ? 1.2910(6) 0.8858(3) 0.9474(3) 1 0.104
C21C ? ? 1.1738(5) 0.8502(2) 0.8785(3) 1 0.0729(15)
H21B ? ? 1.2346(5) 0.8385(2) 0.8546(3) 1 0.088
C22C ? ? 1.0490(5) 0.8393(2) 0.8586(2) 1 0.0571(12)
H22B ? ? 1.0262(5) 0.8198(2) 0.8215(2) 1 0.068
C23C ? ? 0.7030(4) 0.8690(2) 0.9229(2) 1 0.0436(10)
C24C ? ? 0.7235(5) 0.9349(2) 0.9428(2) 1 0.0657(14)
H24B ? ? 0.7904(5) 0.9653(2) 0.9284(2) 1 0.079
C25C ? ? 0.6472(6) 0.9555(3) 0.9829(2) 1 0.079(2)
H25B ? ? 0.6606(6) 0.9999(3) 0.9946(2) 1 0.095
C26C ? ? 0.5519(5) 0.9115(3) 1.0058(2) 1 0.0737(15)
H26A ? ? 0.5014(5) 0.9257(3) 1.0338(2) 1 0.088
C27C ? ? 0.5294(5) 0.8467(2) 0.9882(2) 1 0.0646(13)
H27A ? ? 0.4648(5) 0.8166(2) 1.0046(2) 1 0.078
C28C ? ? 0.6026(5) 0.8261(2) 0.9461(2) 1 0.0528(12)
H28A ? ? 0.5842(5) 0.7821(2) 0.9328(2) 1 0.063
P2 ? ? 0.3039(2) 0.63069(7) 0.64047(5) 1 0.0659(4)
F1 ? ? 0.3059(5) 0.6127(3) 0.7062(2) 1 0.163(2)
F2 ? ? 0.4362(8) 0.6125(6) 0.6385(3) 0.787(14) 0.189(5)
F2A ? ? 0.3482(17) 0.5724(12) 0.6244(15) 0.213(14) 0.156(8)
F3 ? ? 0.2533(10) 0.5591(3) 0.6184(4) 0.787(14) 0.190(5)
F3A ? ? 0.1621(15) 0.5958(10) 0.6350(3) 0.213(14) 0.156(8)
F4 ? ? 0.1736(6) 0.6503(5) 0.6456(2) 0.787(14) 0.153(4)
F4A ? ? 0.2739(23) 0.6895(10) 0.6708(14) 0.213(14) 0.156(8)
F5 ? ? 0.3696(11) 0.7010(3) 0.6586(3) 0.787(14) 0.183(5)
F5A ? ? 0.4335(25) 0.6656(13) 0.6378(16) 0.213(14) 0.156(8)
F6 ? ? 0.3009(6) 0.6511(2) 0.57709(15) 1 0.178(2)
P3 ? ? 0.3801(2) 0.80760(8) 0.16092(6) 1 0.0792(5)
F7 ? ? 0.4221(6) 0.8425(3) 0.2215(2) 1 0.190(2)
F8 ? ? 0.2404(4) 0.8113(3) 0.1742(2) 1 0.156(2)
F9 ? ? 0.3637(5) 0.7414(2) 0.1929(2) 1 0.164(2)
F10 ? ? 0.5165(4) 0.8019(2) 0.1490(2) 1 0.168(2)
F11 ? ? 0.4049(6) 0.8760(2) 0.1338(2) 1 0.183(2)
F12 ? ? 0.3385(5) 0.7761(3) 0.1013(2) 1 0.186(2)
N1A ? ? 1.0084(9) 1.0514(3) 0.8871(4) 1 0.143(3)
C1A ? ? 1.1089(11) 1.0513(4) 0.8779(3) 1 0.108(3)
C2A ? ? 1.2355(10) 1.0499(4) 0.8616(4) 1 0.163(4)
H2A1 ? ? 1.2586(24) 1.0108(17) 0.8761(26) 1 0.244
H2A2 ? ? 1.2921(12) 1.0882(17) 0.8784(24) 1 0.244
H2A3 ? ? 1.2402(17) 1.0498(33) 0.8195(4) 1 0.244
N2A ? ? 0.8780(10) 0.5644(4) 1.0440(3) 1 0.163(3)
C3A ? ? 0.9434(11) 0.5861(5) 1.0824(4) 1 0.134(3)
C4A ? ? 1.0150(9) 0.6139(4) 1.1346(4) 1 0.174(4)
H4A1 ? ? 1.1034(9) 0.6201(36) 1.1274(12) 1 0.262
H4A2 ? ? 0.9946(57) 0.5844(19) 1.1665(10) 1 0.262
H4A3 ? ? 0.9946(55) 0.6557(19) 1.1449(20) 1 0.262

Allyltropp-methyltropp-rhodium|?|||New Journal of Chemistry|? ? ? ?
C56.50 H45.50 Cl1.50 P2 Rh
45.899(51) 10.159(10) 19.773(19) 90.00 102.27(8) 90.00
C2/c
Rh1 ? ? 0.130877(7) 0.10322(3) 0.05229(2) 1 0.03680(10)
P1 ? ? 0.09569(2) 0.21860(10) -0.02936(5) 1 0.0348(3)
P1A ? ? 0.17363(2) 0.15170(10) 0.01641(5) 1 0.0350(3)
C1 ? ? 0.06104(9) 0.1132(4) -0.0510(2) 1 0.0366(12)
H1A ? ? 0.04672(9) 0.1587(4) -0.0856(2) 1 0.055
C2 ? ? 0.06781(9) -0.0156(4) -0.0820(2) 1 0.0366(11)
C3 ? ? 0.08949(9) -0.1026(4) -0.0470(2) 1 0.0373(11)
C4 ? ? 0.10601(9) -0.0773(4) 0.0249(2) 1 0.0368(12)
C5 ? ? 0.09417(9) -0.0136(4) 0.0781(2) 1 0.0401(12)
H5A ? ? 0.10064(9) -0.0583(4) 0.1215(2) 1 0.060
C6 ? ? 0.06369(9) 0.0367(4) 0.0715(2) 1 0.0369(11)
C7 ? ? 0.04781(9) 0.0984(4) 0.0119(2) 1 0.0355(11)
C8 ? ? 0.05372(10) -0.0453(5) -0.1495(2) 1 0.0489(13)
H8A ? ? 0.03902(10) 0.0152(5) -0.1735(2) 1 0.073
C9 ? ? 0.06014(12) -0.1572(5) -0.1825(2) 1 0.061(2)
H9A ? ? 0.04962(12) -0.1764(5) -0.2289(2) 1 0.092
C10 ? ? 0.08156(13) -0.2426(5) -0.1482(3) 1 0.066(2)
H10A ? ? 0.08669(13) -0.3200(5) -0.1710(3) 1 0.099
C11 ? ? 0.09564(11) -0.2158(5) -0.0815(2) 1 0.0566(15)
H11A ? ? 0.11025(11) -0.2766(5) -0.0574(2) 1 0.085
C12 ? ? 0.05043(9) 0.0285(5) 0.1290(2) 1 0.0502(14)
H12A ? ? 0.06119(9) -0.0127(5) 0.1706(2) 1 0.075
C13 ? ? 0.02255(10) 0.0781(5) 0.1269(2) 1 0.0551(14)
H13A ? ? 0.01369(10) 0.0694(5) 0.1665(2) 1 0.083
C14 ? ? 0.00686(10) 0.1403(5) 0.0685(2) 1 0.0533(14)
H14A ? ? -0.01247(10) 0.1771(5) 0.0678(2) 1 0.080
C15 ? ? 0.01949(10) 0.1494(4) 0.0114(2) 1 0.0477(14)
H15A ? ? 0.00857(10) 0.1910(4) -0.0298(2) 1 0.072
C16 ? ? 0.13590(11) -0.1210(5) 0.0477(3) 1 0.057(2)
C17 ? ? 0.10151(9) 0.2477(4) -0.1165(2) 1 0.0385(12)
C18 ? ? 0.11023(10) 0.1453(5) -0.1529(2) 1 0.0520(14)
H18A ? ? 0.11411(10) 0.0615(5) -0.1304(2) 1 0.078
C19 ? ? 0.11418(11) 0.1578(6) -0.2197(2) 1 0.063(2)
H19A ? ? 0.11939(11) 0.0825(6) -0.2440(2) 1 0.095
C20 ? ? 0.10990(13) 0.2763(6) -0.2517(3) 1 0.076(2)
H20A ? ? 0.11293(13) 0.2857(6) -0.2980(3) 1 0.115
C21 ? ? 0.10179(14) 0.3807(6) -0.2174(3) 1 0.083(2)
H21A ? ? 0.09906(14) 0.4646(6) -0.2402(3) 1 0.125
C22 ? ? 0.09753(12) 0.3681(5) -0.1503(2) 1 0.060(2)
H22A ? ? 0.09163(12) 0.4431(5) -0.1269(2) 1 0.089
C23 ? ? 0.07938(9) 0.3756(4) -0.0096(2) 1 0.0409(12)
C24 ? ? 0.05149(11) 0.4202(5) -0.0433(3) 1 0.065(2)
H24A ? ? 0.03985(11) 0.3670(5) -0.0793(3) 1 0.097
C25 ? ? 0.04034(12) 0.5397(5) -0.0260(3) 1 0.080(2)
H25A ? ? 0.02094(12) 0.5690(5) -0.0495(3) 1 0.119
C26 ? ? 0.05720(13) 0.6166(6) 0.0249(3) 1 0.078(2)
H26A ? ? 0.04925(13) 0.6973(6) 0.0387(3) 1 0.117
C27 ? ? 0.08526(13) 0.5758(5) 0.0567(3) 1 0.071(2)
H27A ? ? 0.09743(13) 0.6316(5) 0.0905(3) 1 0.106
C28 ? ? 0.09600(11) 0.4569(5) 0.0397(2) 1 0.0539(14)
H28A ? ? 0.11566(11) 0.4292(5) 0.0623(2) 1 0.081
C1A ? ? 0.20264(9) 0.2021(4) 0.0942(2) 1 0.0397(12)
H1AA ? ? 0.22066(9) 0.2211(4) 0.0787(2) 1 0.059
C2A ? ? 0.19299(9) 0.3274(4) 0.1243(2) 1 0.0408(12)
C3A ? ? 0.16644(10) 0.3347(4) 0.1495(2) 1 0.0413(12)
C4A ? ? 0.14593(9) 0.2220(4) 0.1523(2) 1 0.0414(12)
C5A ? ? 0.15604(9) 0.0893(4) 0.1601(2) 1 0.0401(12)
H5AA ? ? 0.14453(9) 0.0420(4) 0.1874(2) 1 0.060
C6A ? ? 0.18682(9) 0.0404(4) 0.1758(2) 1 0.0372(12)
C7A ? ? 0.20945(9) 0.0922(4) 0.1458(2) 1 0.0387(12)
C8A ? ? 0.21030(10) 0.4387(5) 0.1230(2) 1 0.0524(14)
H8AA ? ? 0.22847(10) 0.4304(5) 0.1067(2) 1 0.079
C9A ? ? 0.20250(12) 0.5597(5) 0.1444(3) 1 0.064(2)
H9AA ? ? 0.21474(12) 0.6357(5) 0.1424(3) 1 0.096
C10A ? ? 0.17667(12) 0.5703(5) 0.1686(2) 1 0.057(2)
H10B ? ? 0.17053(12) 0.6545(5) 0.1826(2) 1 0.086
C11A ? ? 0.15915(11) 0.4597(5) 0.1725(2) 1 0.0530(14)
H11B ? ? 0.14173(11) 0.4682(5) 0.1918(2) 1 0.080
C12A ? ? 0.19414(10) -0.0647(5) 0.2224(2) 1 0.0474(13)
H12B ? ? 0.17877(10) -0.1032(5) 0.2422(2) 1 0.071
C13A ? ? 0.22264(11) -0.1137(5) 0.2402(2) 1 0.058(2)
H13B ? ? 0.22726(11) -0.1838(5) 0.2732(2) 1 0.087
C14A ? ? 0.24484(11) -0.0601(5) 0.2110(2) 1 0.059(2)
H14B ? ? 0.26466(11) -0.0956(5) 0.2223(2) 1 0.088
C15A ? ? 0.23820(10) 0.0430(5) 0.1645(2) 1 0.0516(14)
H15B ? ? 0.25368(10) 0.0819(5) 0.1452(2) 1 0.077
C16A ? ? 0.11899(10) 0.2502(5) 0.1828(3) 1 0.064(2)
H16C ? ? 0.12493(10) 0.2997(5) 0.2248(3) 1 0.097
H16D ? ? 0.10466(10) 0.2999(5) 0.1502(3) 1 0.097
H16E ? ? 0.11025(10) 0.1684(5) 0.1925(3) 1 0.097
C17A ? ? 0.17577(9) 0.2890(4) -0.0429(2) 1 0.0346(11)
C18A ? ? 0.16573(10) 0.4129(4) -0.0286(2) 1 0.0461(13)
H18B ? ? 0.15745(10) 0.4246(4) 0.0117(2) 1 0.069
C19A ? ? 0.16726(11) 0.5186(5) -0.0715(3) 1 0.0565(15)
H19B ? ? 0.16146(11) 0.6045(5) -0.0590(3) 1 0.085
C20A ? ? 0.17766(11) 0.5016(5) -0.1314(2) 1 0.0566(15)
H20B ? ? 0.17841(11) 0.5745(5) -0.1618(2) 1 0.085
C21A ? ? 0.18656(10) 0.3792(5) -0.1471(2) 1 0.0472(13)
H21B ? ? 0.19332(10) 0.3659(5) -0.1893(2) 1 0.071
C22A ? ? 0.18609(9) 0.2738(5) -0.1029(2) 1 0.0428(13)
H22B ? ? 0.19294(9) 0.1890(5) -0.1142(2) 1 0.064
C23A ? ? 0.19214(9) 0.0214(4) -0.0239(2) 1 0.0420(12)
C24A ? ? 0.17474(12) -0.0525(5) -0.0766(3) 1 0.0591(15)
H24B ? ? 0.15349(12) -0.0412(5) -0.0871(3) 1 0.089
C25A ? ? 0.18792(14) -0.1418(5) -0.1139(3) 1 0.080(2)
H25B ? ? 0.17598(14) -0.1888(5) -0.1521(3) 1 0.120
C26A ? ? 0.21830(14) -0.1641(5) -0.0965(3) 1 0.082(2)
H26B ? ? 0.22734(14) -0.2282(5) -0.1212(3) 1 0.123
C27A ? ? 0.23521(12) -0.0945(5) -0.0442(3) 1 0.070(2)
H27B ? ? 0.25626(12) -0.1113(5) -0.0320(3) 1 0.105
C28A ? ? 0.22305(10) -0.0005(5) -0.0083(3) 1 0.0568(15)
H28B ? ? 0.23556(10) 0.0501(5) 0.0275(3) 1 0.085
H161 ? ? 0.1416(11) -0.1615(53) 0.0994(26) 1 0.086(17)
H162 ? ? 0.1460(9) -0.1477(42) 0.0130(21) 1 0.051(13)
Cl1 ? ? 0.0000 0.5251(15) -0.2500 1 0.726(11)
Cl2 ? ? -0.0212(3) 0.3735(22) -0.1990(7) 1 0.969(17)
C1C ? ? 0.0000 0.2944(11) -0.2500 1 0.456(12)
H1CA ? ? 0.0105(7) 0.2084(21) -0.2381(85) 0.50 0.580
