Use of uninitialized value in pattern match (m//) at /home/saulius/src/cif-tools/trunk//lib/perl5/STAR/Parser.pm line 289, <IN> line 1670.
?|1,3-dimethylbarbituric acid||||
C6 H8 N2 O3
15.642(3) 29.006(6) 6.5560(11) 90.00 90.00 90.00
Fdd2
O1 1 ? 0.34443(14) 0.17842(9) 0.4865(6) 1 0.0993(9)
O2 1 ? 0.64331(13) 0.16451(8) 0.4796(6) 1 0.0935(9)
O3 1 ? 0.49938(12) 0.22113(8) -0.0580 1 0.0853(8)
N1 1 ? 0.42045(12) 0.19609(7) 0.2051(5) 1 0.0612(7)
N2 1 ? 0.57148(13) 0.18856(7) 0.2021(5) 1 0.0583(6)
C1 1 ? 0.41323(16) 0.18015(9) 0.4021(6) 1 0.0633(8)
C2 1 ? 0.49270(17) 0.16483(13) 0.5043(6) 1 0.0681(8)
H21 1 ? 0.4984(16) 0.1776(11) 0.634(8) 1 0.081(10)
H22 1 ? 0.4861(15) 0.1315(15) 0.528(6) 1 0.097(12)
C3 1 ? 0.57522(16) 0.17251(8) 0.3979(5) 1 0.0599(8)
C4 1 ? 0.49722(15) 0.20284(9) 0.1067(6) 1 0.0568(7)
C5 1 ? 0.34280(18) 0.21019(13) 0.0968(8) 1 0.1005(13)
H51 1 ? 0.2940 0.1956 0.1578 1 0.121
H52 1 ? 0.3469 0.2012 -0.0437 1 0.121
H53 1 ? 0.3365 0.2431 0.1055 1 0.121
C6 1 ? 0.65163(19) 0.19580(13) 0.0899(7) 1 0.0929(12)
H61 1 ? 0.6445 0.1860 -0.0490 1 0.111
H62 1 ? 0.6965 0.1782 0.1525 1 0.111
H63 1 ? 0.6663 0.2279 0.0929 1 0.111

?|1,3-dimethylbarbituric acid . o-nitrophenylhydrazine||||
C12 H15 N5 O5
8.181(2) 12.891(2) 7.758(2) 104.73(2) 116.10(2) 73.34(2)
P-1
O1 1 ? 0.2781(2) 0.54740(14) 0.3405(3) 1 0.0796(5)
O2 1 ? 0.7991(2) 0.64795(14) 0.3842(3) 1 0.0713(5)
O3 1 ? 0.3919(2) 0.88430(13) 0.6129(2) 1 0.0666(4)
N1 1 ? 0.3345(2) 0.71460(13) 0.4789(2) 1 0.0457(4)
N2 1 ? 0.5924(2) 0.76984(13) 0.4906(2) 1 0.0444(4)
C1 1 ? 0.3689(3) 0.61484(17) 0.3753(3) 1 0.0500(5)
C2 1 ? 0.5178(3) 0.59508(19) 0.3029(4) 1 0.0552(5)
C3 1 ? 0.6504(3) 0.67064(16) 0.3963(3) 1 0.0472(5)
C4 1 ? 0.4360(2) 0.79576(16) 0.5313(3) 1 0.0437(4)
C5 1 ? 0.1777(4) 0.7418(3) 0.5384(5) 1 0.0673(7)
C6 1 ? 0.7044(4) 0.8543(2) 0.5577(4) 1 0.0609(6)
O4 1 ? 0.5048(2) 0.19205(16) -0.0609(3) 1 0.0771(5)
O5 1 ? 0.4009(2) 0.34162(15) 0.0905(3) 1 0.0713(5)
N3 1 ? 0.0813(3) 0.37355(15) 0.1142(3) 1 0.0556(5)
N4 1 ? -0.0704(3) 0.42941(19) 0.1649(4) 1 0.0674(6)
N5 1 ? 0.3865(2) 0.24842(16) -0.0004(2) 1 0.0545(4)
C7 1 ? 0.0836(2) 0.27006(15) 0.0205(3) 1 0.0419(4)
C8 1 ? 0.2291(3) 0.20606(16) -0.0355(3) 1 0.0458(4)
C9 1 ? 0.2256(4) 0.09852(18) -0.1287(3) 1 0.0606(6)
C10 1 ? 0.0791(4) 0.0533(2) -0.1718(4) 1 0.0726(7)
C11 1 ? -0.0664(4) 0.11419(18) -0.1210(3) 1 0.0622(6)
C12 1 ? -0.0654(3) 0.21847(18) -0.0275(3) 1 0.0502(5)
H21 1 ? 0.578(3) 0.521(2) 0.303(3) 1 0.061(6)
H22 1 ? 0.454(4) 0.604(2) 0.163(5) 1 0.096(9)
H30 1 ? 0.175(4) 0.399(2) 0.153(4) 1 0.067(7)
H410 1 ? -0.113(5) 0.488(3) 0.124(5) 1 0.115(13)
H420 1 ? -0.031(5) 0.441(3) 0.293(5) 1 0.103(11)
H51 1 ? 0.083(6) 0.798(4) 0.486(6) 1 0.141(15)
H52 1 ? 0.219(5) 0.740(3) 0.676(6) 1 0.124(12)
H53 1 ? 0.133(8) 0.678(5) 0.493(9) 1 0.21(2)
H61 1 ? 0.669(5) 0.899(3) 0.471(5) 1 0.120(12)
H62 1 ? 0.718(6) 0.887(3) 0.685(6) 1 0.142(14)
H63 1 ? 0.827(6) 0.823(3) 0.612(5) 1 0.127(13)
H9 1 ? 0.325(3) 0.058(2) -0.164(3) 1 0.067(7)
H10 1 ? 0.078(4) -0.016(2) -0.231(4) 1 0.086(8)
H11 1 ? -0.172(4) 0.089(2) -0.148(4) 1 0.077(8)
H12 1 ? -0.163(3) 0.2615(19) 0.004(3) 1 0.061(7)

?|1,3-Dimethyibarbituric acid . p-nitroaniline||||
C12 H14 N4 O5
7.586(2) 16.547(2) 10.856(2) 90.00 97.10(2) 90.00
P21/c
O1 1 ? -0.1955(3) 0.24075(12) -0.51403(17) 1 0.0874(6)
O2 1 ? -0.0949(3) 0.50077(10) -0.35680(17) 1 0.0796(6)
O3 1 ? 0.1314(2) 0.28283(11) -0.14507(16) 1 0.0782(6)
N1 1 ? -0.0303(2) 0.26034(10) -0.32984(16) 1 0.0528(5)
N2 1 ? 0.0153(2) 0.39228(10) -0.24810(15) 1 0.0507(4)
C1 1 ? -0.1239(3) 0.28724(13) -0.4382(2) 1 0.0538(6)
C2 1 ? -0.1298(4) 0.37502(15) -0.4585(2) 1 0.0587(6)
C3 1 ? -0.0713(3) 0.42886(13) -0.3525(2) 1 0.0524(5)
C4 1 ? 0.0444(3) 0.31018(13) -0.23617(19) 1 0.0506(5)
C5 1 ? -0.0153(6) 0.17269(16) -0.3086(4) 1 0.0823(9)
C6 1 ? 0.0792(5) 0.4435(2) -0.1414(3) 1 0.0824(9)
O4 1 ? 0.4621(3) -0.07589(11) 0.2220(2) 1 0.1060(7)
O5 1 ? 0.6274(3) -0.02321(12) 0.3772(2) 1 0.1025(7)
N3 1 ? 0.3974(3) 0.28824(13) 0.0771(2) 1 0.0676(6)
N4 1 ? 0.5311(3) -0.01658(12) 0.2778(2) 1 0.0749(6)
C7 1 ? 0.4323(3) 0.21424(12) 0.12459(19) 1 0.0491(5)
C8 1 ? 0.3705(3) 0.14455(13) 0.0591(2) 1 0.0545(6)
C9 1 ? 0.4023(3) 0.06996(14) 0.1088(2) 1 0.0578(6)
C10 1 ? 0.4993(3) 0.06201(12) 0.2249(2) 1 0.0540(5)
C11 1 ? 0.5638(3) 0.12951(14) 0.2909(2) 1 0.0552(6)
C12 1 ? 0.5318(3) 0.20434(12) 0.2412(2) 1 0.0525(5)
H21 1 ? -0.058(3) 0.3876(15) -0.519(2) 1 0.076(8)
H22 1 ? -0.241(4) 0.3886(18) -0.498(3) 1 0.092(9)
H31 1 ? 0.337(4) 0.2910(16) 0.011(3) 1 0.081(9)
H32 1 ? 0.441(4) 0.330(2) 0.123(3) 1 0.094(10)
H51 1 ? -0.091(6) 0.158(3) -0.267(4) 1 0.155(19)
H52 1 ? -0.020(6) 0.144(3) -0.382(4) 1 0.170(18)
H53 1 ? 0.095(7) 0.160(3) -0.265(5) 1 0.19(2)
H61 1 ? 0.175(6) 0.426(3) -0.104(4) 1 0.143(16)
H62 1 ? 0.004(6) 0.465(3) -0.106(5) 1 0.20(2)
H63 1 ? 0.135(9) 0.495(4) -0.184(6) 1 0.26(3)
H8 1 ? 0.315(3) 0.1463(14) -0.021(2) 1 0.067(7)
H9 1 ? 0.352(3) 0.0244(18) 0.066(3) 1 0.088(8)
H11 1 ? 0.624(3) 0.1233(14) 0.367(2) 1 0.064(7)
H12 1 ? 0.574(3) 0.2501(15) 0.287(2) 1 0.053(6)

?|1,3-dimethylbarbituric acid . 2,6-diamino-4-phenyl-1,3,5-triazine||||
C30 H34 N14 O6
11.2230(10) 7.226(2) 40.737(5) 90.00 90.530(10) 90.00
P21/c
O11 1 ? 0.3397(2) 0.1558(5) 0.00577(7) 1 0.0772(8)
O21 1 ? -0.0345(3) 0.1272(4) -0.04585(7) 1 0.0781(8)
O31 1 ? 0.3035(3) 0.0477(5) -0.10277(6) 1 0.0871(10)
N11 1 ? 0.3226(3) 0.0890(4) -0.04780(7) 1 0.0599(8)
N21 1 ? 0.1333(3) 0.0747(4) -0.07400(7) 1 0.0551(7)
C11 1 ? 0.2758(3) 0.1284(5) -0.01741(9) 1 0.0557(9)
C21 1 ? 0.1449(3) 0.1324(7) -0.01519(10) 1 0.0562(9)
C31 1 ? 0.0724(3) 0.1137(5) -0.04569(9) 1 0.0545(9)
C41 1 ? 0.2561(4) 0.0699(5) -0.07638(10) 1 0.0610(10)
C51 1 ? 0.4526(4) 0.0735(8) -0.05133(12) 1 0.0887(15)
H511 1 ? 0.4885 0.0523 -0.0302 1 0.106
H512 1 ? 0.4834 0.1860 -0.0605 1 0.106
H513 1 ? 0.4707 -0.0280 -0.0656 1 0.106
C61 1 ? 0.0653(4) 0.0465(6) -0.10458(9) 1 0.0705(11)
H613 1 ? 0.0834 -0.0732 -0.1135 1 0.085
H614 1 ? 0.0863 0.1404 -0.1202 1 0.085
H615 1 ? -0.0184 0.0539 -0.1001 1 0.085
O12 1 ? 0.4606(3) 0.5135(6) 0.10755(9) 1 0.1002(11)
O22 1 ? 0.7660(3) 0.6694(6) 0.17958(7) 1 0.1013(12)
O32 1 ? 0.4606(3) 1.0624(5) 0.16034(10) 1 0.1122(13)
N12 1 ? 0.4521(3) 0.7818(5) 0.13633(8) 1 0.0656(9)
N22 1 ? 0.6133(3) 0.8672(5) 0.17170(8) 1 0.0705(10)
C12 1 ? 0.5019(4) 0.6124(7) 0.12897(11) 1 0.0681(11)
C22 1 ? 0.6062(4) 0.5603(6) 0.14848(10) 1 0.0704(11)
H221 1 ? 0.5818 0.4636 0.1635 1 0.084
H222 1 ? 0.6635 0.5055 0.1337 1 0.084
C32 1 ? 0.6679(3) 0.6982(7) 0.16741(9) 1 0.0687(12)
C42 1 ? 0.5058(4) 0.9147(7) 0.15635(10) 1 0.0684(11)
C52 1 ? 0.3404(4) 0.8348(9) 0.11932(12) 1 0.0979(17)
H521 1 ? 0.3143 0.7349 0.1055 1 0.118
H522 1 ? 0.3540 0.9429 0.1062 1 0.118
H523 1 ? 0.2802 0.8609 0.1353 1 0.118
C62 1 ? 0.6763(6) 1.0074(11) 0.19001(18) 1 0.148(3)
H623 1 ? 0.6208 1.0982 0.1977 1 0.177
H625 1 ? 0.7337 1.0659 0.1761 1 0.177
H624 1 ? 0.7164 0.9515 0.2084 1 0.177
N31 1 ? 0.0455(2) 0.3607(4) 0.06109(6) 1 0.0476(7)
N41 1 ? -0.0819(2) 0.4729(4) 0.10297(6) 1 0.0429(6)
N51 1 ? 0.1258(2) 0.4368(4) 0.11380(6) 1 0.0469(7)
N61 1 ? 0.2448(3) 0.3234(6) 0.07314(9) 1 0.0715(10)
N71 1 ? 0.0004(3) 0.5519(4) 0.15269(7) 1 0.0502(7)
C71 1 ? -0.0599(3) 0.4108(4) 0.07302(8) 1 0.0419(7)
C81 1 ? 0.1353(3) 0.3778(5) 0.08323(8) 1 0.0478(8)
C91 1 ? 0.0155(3) 0.4850(4) 0.12243(7) 1 0.0414(7)
C101 1 ? -0.1635(3) 0.3961(4) 0.04993(7) 1 0.0424(7)
C111 1 ? -0.1486(3) 0.3603(5) 0.01723(8) 1 0.0525(9)
C121 1 ? -0.2451(4) 0.3458(6) -0.00424(10) 1 0.0639(10)
C131 1 ? -0.3579(4) 0.3677(6) 0.00824(12) 1 0.0744(13)
C141 1 ? -0.3754(4) 0.4035(7) 0.04073(11) 1 0.0772(13)
C151 1 ? -0.2786(3) 0.4193(6) 0.06157(11) 1 0.0659(10)
N32 1 ? 0.2328(2) 0.6526(3) 0.19194(6) 1 0.0374(6)
N42 1 ? 0.3509(2) 0.8007(3) 0.23263(6) 1 0.0396(6)
N52 1 ? 0.4093(2) 0.5047(3) 0.21203(6) 1 0.0419(6)
N62 1 ? 0.2966(3) 0.3762(4) 0.17143(8) 1 0.0504(7)
N72 1 ? 0.5208(3) 0.6548(5) 0.25070(8) 1 0.0527(8)
C72 1 ? 0.2572(2) 0.7908(4) 0.21264(7) 1 0.0342(6)
C82 1 ? 0.3133(2) 0.5127(4) 0.19262(7) 1 0.0354(7)
C92 1 ? 0.4251(3) 0.6529(4) 0.23169(7) 1 0.0382(7)
C102 1 ? 0.1720(2) 0.9480(4) 0.21364(7) 1 0.0359(7)
C112 1 ? 0.0929(3) 0.9781(5) 0.18770(8) 1 0.0446(8)
C122 1 ? 0.0131(3) 1.1236(5) 0.18853(9) 1 0.0566(9)
C132 1 ? 0.0106(4) 1.2388(5) 0.21537(9) 1 0.0605(10)
C142 1 ? 0.0881(3) 1.2105(5) 0.24138(10) 1 0.0567(9)
C152 1 ? 0.1690(3) 1.0661(5) 0.24030(8) 1 0.0434(7)
H211 1 ? 0.125(3) 0.230(5) -0.0046(8) 1 0.044(9)
H212 1 ? 0.122(4) 0.044(6) -0.0003(10) 1 0.069(12)
H611 1 ? 0.315(3) 0.362(5) 0.0874(9) 1 0.061(10)
H612 1 ? 0.260(4) 0.258(7) 0.0514(13) 1 0.109(16)
H711 1 ? -0.077(4) 0.587(5) 0.1586(8) 1 0.058(10)
H712 1 ? 0.063(3) 0.561(5) 0.1667(8) 1 0.054(10)
H111 1 ? -0.067(4) 0.348(5) 0.0111(9) 1 0.068(11)
H121 1 ? -0.227(4) 0.330(6) -0.0286(11) 1 0.089(14)
H131 1 ? -0.419(4) 0.348(6) -0.0064(11) 1 0.080(12)
H141 1 ? -0.461(4) 0.415(6) 0.0478(9) 1 0.077(12)
H151 1 ? -0.285(3) 0.455(5) 0.0863(10) 1 0.062(10)
H621 1 ? 0.343(3) 0.287(6) 0.1716(9) 1 0.068(13)
H622 1 ? 0.237(4) 0.372(6) 0.1570(10) 1 0.072(12)
H721 1 ? 0.527(3) 0.734(5) 0.2631(9) 1 0.047(11)
H722 1 ? 0.566(4) 0.554(6) 0.2530(9) 1 0.066(12)
H112 1 ? 0.094(3) 0.894(5) 0.1708(9) 1 0.060(11)
H122 1 ? -0.045(3) 1.138(5) 0.1663(9) 1 0.074(11)
H132 1 ? -0.053(3) 1.329(6) 0.2177(9) 1 0.065(11)
H142 1 ? 0.092(3) 1.279(6) 0.2590(10) 1 0.068(12)
H152 1 ? 0.217(2) 1.058(4) 0.2584(7) 1 0.030(7)

?|1,3-dimethylbarbituric acid . 2,6-diaminopyridine||||
C11 H15 N5 O3
7.2620(10) 9.466(3) 9.8390(10) 91.28(2) 109.460(10) 94.01(2)
P-1
O1 1 ? 0.14252(18) 0.00112(12) -0.26976(11) 1 0.0506(3)
O2 1 ? 0.43096(17) -0.25684(12) 0.13818(12) 1 0.0483(3)
O3 1 ? 0.26422(18) 0.18991(12) 0.18283(12) 1 0.0475(3)
N1 1 ? 0.19328(17) 0.09282(12) -0.04325(13) 1 0.0344(3)
N2 1 ? 0.33280(17) -0.03699(13) 0.15956(12) 1 0.0340(3)
C1 1 ? 0.2046(2) -0.01804(15) -0.13717(14) 1 0.0342(3)
C2 1 ? 0.2844(2) -0.13891(16) -0.07378(15) 1 0.0361(3)
C3 1 ? 0.3532(2) -0.15166(14) 0.07396(15) 1 0.0330(3)
C4 1 ? 0.2639(2) 0.08737(15) 0.10404(15) 1 0.0335(3)
C5 1 ? 0.1164(3) 0.22534(19) -0.1012(2) 1 0.0469(4)
N3 1 ? 0.68715(18) -0.37209(13) 0.36877(13) 1 0.0336(3)
N4 1 ? 0.4873(2) -0.54378(16) 0.20834(16) 1 0.0504(4)
N5 1 ? 0.8830(2) -0.18403(15) 0.50463(16) 1 0.0470(4)
C6 1 ? 0.4014(3) -0.0436(2) 0.31662(17) 1 0.0490(4)
C7 1 ? 0.6118(2) -0.50944(15) 0.34185(16) 1 0.0371(3)
C8 1 ? 0.6692(3) -0.60226(18) 0.4521(2) 1 0.0460(4)
C9 1 ? 0.7966(3) -0.54993(19) 0.5844(2) 1 0.0484(4)
C10 1 ? 0.8725(2) -0.41152(18) 0.60941(17) 1 0.0424(4)
C11 1 ? 0.8182(2) -0.31985(16) 0.49732(15) 1 0.0350(3)
H2 1 ? 0.297(2) -0.2155(19) -0.1326(18) 1 0.040(4)
H51 1 ? 0.226(3) 0.297(2) -0.097(2) 1 0.070(6)
H52 1 ? 0.035(3) 0.261(2) -0.050(2) 1 0.068(6)
H53 1 ? 0.040(3) 0.206(2) -0.200(2) 1 0.065(6)
H61 1 ? 0.386(4) -0.147(3) 0.342(3) 1 0.090(8)
H62 1 ? 0.316(4) 0.010(3) 0.356(3) 1 0.093(8)
H63 1 ? 0.532(4) -0.004(3) 0.355(3) 1 0.089(8)
H30 1 ? 0.633(2) -0.3108(18) 0.2982(19) 1 0.044(5)
H410 1 ? 0.436(3) -0.469(2) 0.153(2) 1 0.062(6)
H420 1 ? 0.419(3) -0.628(2) 0.194(2) 1 0.061(6)
H510 1 ? 0.863(3) -0.131(2) 0.423(2) 1 0.061(6)
H520 1 ? 0.969(3) -0.146(2) 0.589(2) 1 0.064(6)
H8 1 ? 0.615(3) -0.702(2) 0.434(2) 1 0.069(6)
H9 1 ? 0.836(3) -0.613(2) 0.664(2) 1 0.058(5)
H10 1 ? 0.961(3) -0.374(2) 0.702(2) 1 0.055(5)

?|5'-hydroxy-5,5'-bi-(1,3-dimethylbarbituric acid). 4-aminopyridine||||
C17 H20 N6 O7
10.111(2) 11.747(2) 9.369(2) 107.720(10) 109.660(10) 66.160(10)
P-1
O11 1 ? 0.11819(11) -0.39409(9) 0.10553(11) 1 0.0429(2)
O21 1 ? 0.30223(10) -0.08601(8) 0.47127(10) 1 0.0359(2)
O31 1 ? 0.36601(14) -0.45324(10) 0.59570(13) 1 0.0550(3)
N11 1 ? 0.23580(13) -0.42005(9) 0.35316(13) 1 0.0381(2)
N21 1 ? 0.33669(11) -0.27079(9) 0.53322(12) 1 0.0330(2)
C11 1 ? 0.17839(13) -0.34681(10) 0.23919(14) 1 0.0314(2)
C21 1 ? 0.19051(12) -0.22561(10) 0.28425(13) 1 0.0281(2)
C31 1 ? 0.27535(12) -0.18787(10) 0.43004(13) 1 0.0276(2)
C41 1 ? 0.31603(14) -0.38587(11) 0.49962(15) 1 0.0368(3)
C51 1 ? 0.2051(3) -0.53918(16) 0.3153(3) 1 0.0635(5)
C61 1 ? 0.4173(2) -0.22838(18) 0.68921(18) 1 0.0507(4)
O12 1 ? 0.29101(14) -0.22898(10) 0.01730(14) 1 0.0558(3)
O22 1 ? -0.07136(12) 0.01175(10) 0.30389(15) 1 0.0531(3)
O32 1 ? 0.23611(12) 0.17875(9) 0.25236(13) 1 0.0494(3)
O42 1 ? 0.00346(11) -0.16731(10) 0.05019(11) 1 0.0423(2)
N12 1 ? 0.26747(11) -0.02664(9) 0.13845(11) 1 0.0316(2)
N22 1 ? 0.07518(12) 0.09797(9) 0.27009(12) 1 0.0335(2)
C12 1 ? 0.23242(14) -0.13481(11) 0.10217(14) 1 0.0329(2)
C22 1 ? 0.11662(13) -0.13403(10) 0.17356(13) 1 0.0295(2)
C32 1 ? 0.03271(13) -0.00254(11) 0.25705(14) 1 0.0331(2)
C42 1 ? 0.19518(13) 0.08904(11) 0.22294(14) 1 0.0323(2)
C52 1 ? 0.37899(18) -0.02716(16) 0.07079(19) 1 0.0455(3)
C62 1 ? -0.0105(2) 0.22397(13) 0.3439(2) 1 0.0502(4)
N1 1 ? 0.28495(14) 0.14202(11) 0.66424(14) 1 0.0445(3)
N2 1 ? 0.30622(19) 0.49675(12) 0.8685(2) 1 0.0590(4)
C1 1 ? 0.30072(15) 0.38055(11) 0.80346(15) 1 0.0366(3)
C2 1 ? 0.37953(16) 0.30182(13) 0.69009(17) 1 0.0414(3)
C3 1 ? 0.36927(17) 0.18525(13) 0.62433(16) 1 0.0440(3)
C4 1 ? 0.20991(17) 0.21349(14) 0.77291(18) 1 0.0461(3)
C5 1 ? 0.21605(16) 0.33085(13) 0.84423(17) 1 0.0426(3)
H511 1 ? 0.099(4) -0.523(3) 0.269(4) 1 0.122(11)
H521 1 ? 0.257(3) -0.583(3) 0.392(3) 1 0.108(9)
H531 1 ? 0.234(4) -0.592(4) 0.217(4) 1 0.136(12)
H611 1 ? 0.501(3) -0.213(2) 0.684(3) 1 0.088(7)
H621 1 ? 0.449(3) -0.287(3) 0.747(3) 1 0.106(9)
H631 1 ? 0.350(3) -0.155(3) 0.738(3) 1 0.109(9)
H42 1 ? 0.032(2) -0.249(2) 0.041(2) 1 0.056(5)
H512 1 ? 0.447(2) -0.116(2) 0.043(3) 1 0.074(6)
H522 1 ? 0.447(3) 0.010(3) 0.146(3) 1 0.101(8)
H532 1 ? 0.336(3) 0.004(2) -0.017(3) 1 0.083(7)
H612 1 ? -0.103(3) 0.250(2) 0.279(3) 1 0.080(7)
H622 1 ? -0.022(3) 0.213(3) 0.440(3) 1 0.099(8)
H632 1 ? 0.039(3) 0.278(3) 0.375(3) 1 0.098(8)
H1 1 ? 0.280(2) 0.064(2) 0.612(3) 1 0.070(6)
H21 1 ? 0.254(3) 0.542(2) 0.941(3) 1 0.076(6)
H22 1 ? 0.359(3) 0.526(2) 0.833(3) 1 0.084(7)
H2 1 ? 0.442(2) 0.3299(17) 0.661(2) 1 0.051(4)
H3 1 ? 0.426(2) 0.128(2) 0.549(2) 1 0.065(5)
H4 1 ? 0.152(2) 0.1782(18) 0.790(2) 1 0.054(5)
H5 1 ? 0.158(2) 0.3783(19) 0.916(2) 1 0.062(5)
