?|5-Deoxy-1,2-O-isopropylidene-5-C-(triphenylstannyl)-alpha- D-xylofuranose||||
C26 H28 O4 Sn
12.820(10) 6.658(6) 14.427(12) 90.00 97.78(6) 90.00
P21
Sn1 ? ? 0.76484(4) 0.00000(13) 0.23761(4) 1 0.0457(2)
C1 ? ? 0.4673(10) -0.1002(17) 0.3771(8) 1 0.057(3)
H1 ? ? 0.4745 -0.1353 0.4436 1 0.069
C2 ? ? 0.3933(11) 0.0784(17) 0.3561(9) 1 0.064(3)
H2 ? ? 0.3634 0.1238 0.4115 1 0.077
C3 ? ? 0.4599(11) 0.2373(19) 0.3186(10) 1 0.049(3)
H3A ? ? 0.4201 0.3118 0.2668 1 0.058
C4 ? ? 0.5483(8) 0.1144(14) 0.2858(8) 1 0.044(2)
H4 ? ? 0.5217 0.0577 0.2244 1 0.053
C5 ? ? 0.6514(8) 0.2093(17) 0.2785(8) 1 0.058(3)
H5A ? ? 0.6788 0.2676 0.3385 1 0.070
H5B ? ? 0.6413 0.3173 0.2330 1 0.070
C6 ? ? 0.3108(8) -0.2014(17) 0.2875(9) 1 0.060(3)
C7 ? ? 0.2819(12) -0.280(2) 0.1914(12) 1 0.093(5)
H7A ? ? 0.2118 -0.2375 0.1677 1 0.139
H7B ? ? 0.2851 -0.4238 0.1923 1 0.139
H7C ? ? 0.3302 -0.2286 0.1518 1 0.139
C8 ? ? 0.2407(13) -0.275(3) 0.3550(14) 1 0.117(7)
H8A ? ? 0.2584 -0.2082 0.4139 1 0.175
H8B ? ? 0.2500 -0.4174 0.3636 1 0.175
H8C ? ? 0.1686 -0.2475 0.3307 1 0.175
O1 ? ? 0.4186(8) -0.2574(14) 0.3218(8) 1 0.064(3)
O2 ? ? 0.3154(5) 0.009(2) 0.2846(5) 1 0.073(2)
O3 ? ? 0.5028(8) 0.3684(12) 0.3924(6) 1 0.070(2)
H3 ? ? 0.4927 0.4854 0.3758 1 0.105
O4 ? ? 0.5632(5) -0.0487(9) 0.3516(5) 1 0.053(2)
C9 ? ? 0.8840(8) 0.1601(17) 0.1796(8) 1 0.054(3)
C10 ? ? 0.9913(9) 0.1327(19) 0.2097(9) 1 0.066(3)
H10 ? ? 1.0121 0.0389 0.2564 1 0.079
C11 ? ? 1.0676(10) 0.242(3) 0.1719(12) 1 0.086(4)
H11 ? ? 1.1386 0.2225 0.1934 1 0.103
C12 ? ? 1.0372(11) 0.377(2) 0.1030(12) 1 0.088(4)
H12 ? ? 1.0883 0.4513 0.0780 1 0.105
C13 ? ? 0.9337(12) 0.408(2) 0.0695(10) 1 0.085(4)
H13 ? ? 0.9143 0.4990 0.0214 1 0.102
C14 ? ? 0.8577(10) 0.2998(19) 0.1089(9) 1 0.069(3)
H14 ? ? 0.7870 0.3219 0.0871 1 0.083
C15 ? ? 0.8300(8) -0.1936(15) 0.3466(7) 1 0.050(2)
C16 ? ? 0.8089(9) -0.180(2) 0.4388(8) 1 0.067(3)
H16 ? ? 0.7654 -0.0774 0.4551 1 0.081
C17 ? ? 0.8511(9) -0.314(2) 0.5064(9) 1 0.073(4)
H17 ? ? 0.8364 -0.3002 0.5674 1 0.088
C18 ? ? 0.9141(10) -0.468(3) 0.4850(9) 1 0.079(5)
H18 ? ? 0.9415 -0.5586 0.5308 1 0.094
C19 ? ? 0.9370(11) -0.487(4) 0.3944(9) 1 0.089(4)
H19 ? ? 0.9798 -0.5907 0.3790 1 0.107
C20 ? ? 0.8963(11) -0.3514(19) 0.3273(9) 1 0.072(3)
H20 ? ? 0.9132 -0.3649 0.2670 1 0.087
C21 ? ? 0.6865(8) -0.1871(15) 0.1281(7) 1 0.047(2)
C22 ? ? 0.6048(8) -0.3116(15) 0.1461(8) 1 0.053(2)
H22 ? ? 0.5837 -0.3125 0.2052 1 0.063
C23 ? ? 0.5549(10) -0.4336(17) 0.0771(9) 1 0.069(4)
H23 ? ? 0.4993 -0.5147 0.0896 1 0.082
C24 ? ? 0.5869(10) -0.4368(19) -0.0114(9) 1 0.074(4)
H24 ? ? 0.5537 -0.5203 -0.0581 1 0.089
C25 ? ? 0.6684(10) -0.314(2) -0.0285(8) 1 0.068(3)
H25 ? ? 0.6906 -0.3142 -0.0873 1 0.082
C26 ? ? 0.7171(9) -0.1911(18) 0.0402(8) 1 0.057(3)
H26 ? ? 0.7720 -0.1088 0.0273 1 0.069
