||Liangnian Ji; Cai-Hong Chen; Hong Deng; Jie Liu; Tongbu Lu; Hao Zhang|Interaction of macrocyclic copper(II) complexes with calf thymus DNA: effects of the side chains of the ligands on the DNA-binding behaviors||
C24 H34 Cl2 Cu N6 O8
8.274(2) 8.412(2) 11.616(2) 85.51(3) 76.37(3) 68.25(3)
P-1
C1 ? ? -0.0370(11) -0.1734(11) 0.2311(7) 1 0.0650(19)
C2 ? ? 0.2442(9) -0.2938(8) 0.0792(7) 1 0.0576(18)
H2A ? ? 0.2758 -0.4116 0.1053 1 0.069
H2B ? ? 0.2946 -0.2358 0.1218 1 0.069
C3 ? ? 0.3160(9) -0.2883(9) -0.0499(8) 1 0.0619(19)
H3A ? ? 0.4454 -0.3360 -0.0673 1 0.074
H3B ? ? 0.2747 -0.3556 -0.0919 1 0.074
C4 ? ? 0.2827(9) -0.0865(11) -0.2184(7) 1 0.0648(19)
H4A ? ? 0.4092 -0.1390 -0.2533 1 0.078
H4B ? ? 0.2214 -0.1463 -0.2493 1 0.078
C5 ? ? 0.3382(18) 0.1733(16) -0.2795(18) 1 0.115(5)
H5A ? ? 0.2831 0.2570 -0.3345 1 0.138
H5B ? ? 0.3054 0.2373 -0.2063 1 0.138
C6 ? ? 0.485(4) 0.163(9) -0.312(10) 1 0.41(8)
H6A ? ? 0.5404 0.0480 -0.3450 1 0.486
H6B ? ? 0.5211 0.1536 -0.2373 1 0.486
C7 ? ? 0.5984(19) 0.245(2) -0.3838(15) 1 0.115(4)
C8 ? ? 0.7440(19) 0.1636(19) -0.4699(16) 1 0.110(4)
H8A ? ? 0.7654 0.0519 -0.4909 1 0.132
C9 ? ? 0.8560(19) 0.238(3) -0.5249(11) 1 0.111(5)
H9A ? ? 0.9540 0.1761 -0.5830 1 0.133
C10 ? ? 0.835(2) 0.387(4) -0.5015(18) 1 0.121(7)
H10A ? ? 0.9155 0.4347 -0.5441 1 0.146
C11 ? ? 0.696(4) 0.4823(19) -0.415(2) 1 0.139(10)
H11A ? ? 0.6863 0.5910 -0.3952 1 0.166
C12 ? ? 0.569(2) 0.4144(16) -0.3559(10) 1 0.099(3)
H12A ? ? 0.4692 0.4787 -0.3003 1 0.119
N1 ? ? 0.2538(6) -0.1082(6) -0.0884(5) 1 0.0471(14)
H1D ? ? 0.3179 -0.0566 -0.0625 1 0.057
N2 ? ? 0.0501(7) -0.2090(6) 0.1033(5) 1 0.0470(13)
H2C ? ? 0.0062 -0.2806 0.0773 1 0.056
N3 ? ? 0.2219(10) 0.0856(10) -0.2529(6) 1 0.0750(19)
O1 ? ? 0.0963(13) 0.1352(12) 0.1478(8) 1 0.103(2)
O2 ? ? 0.241(2) 0.2866(18) 0.2205(11) 1 0.132(4)
O3 ? ? 0.141(5) 0.368(3) 0.043(3) 1 0.223(15)
O4 ? ? 0.368(2) 0.123(4) 0.0561(16) 1 0.175(8)
Cl1 ? ? 0.1877(3) 0.2512(3) 0.1288(2) 1 0.0685(10)
Cu1 ? ? 0.0000 0.0000 0.0000 1 0.0382(9)
