|?||||
C26 H52 N6 S8 Zn2
21.7324(3) 7.2463(2) 24.1595(4) 90 90 90
Pca21
Zn1 ? ? 0.571590(17) 0.55236(5) 0.24882(3) 1.0000 0.0248
S1 ? ? 0.46307(4) 0.41730(12) 0.24114(5) 1.0000 0.0305
S2 ? ? 0.50297(4) 0.77099(12) 0.28894(5) 1.0000 0.0315
C1 ? ? 0.44325(16) 0.6268(5) 0.26920(15) 1.0000 0.0266
N1 ? ? 0.38494(14) 0.6749(5) 0.27629(14) 1.0000 0.0325
C2 ? ? 0.33429(18) 0.5524(6) 0.2589(2) 1.0000 0.0404
C3 ? ? 0.3194(2) 0.5658(8) 0.1979(2) 1.0000 0.0597
C4 ? ? 0.3664(2) 0.8488(6) 0.30342(18) 1.0000 0.0409
C5 ? ? 0.3338(3) 0.9817(7) 0.2660(2) 1.0000 0.0552
S3 ? ? 0.66461(5) 0.75861(13) 0.23221(5) 1.0000 0.0345
S4 ? ? 0.60539(4) 0.48980(13) 0.15801(5) 1.0000 0.0322
C6 ? ? 0.65885(15) 0.6635(5) 0.16722(15) 1.0000 0.0246
N2 ? ? 0.69406(16) 0.7212(4) 0.12573(13) 1.0000 0.0316
C7 ? ? 0.7371(2) 0.8771(6) 0.13338(18) 1.0000 0.0447
C8 ? ? 0.7051(3) 1.0610(7) 0.1251(2) 1.0000 0.0644
C9 ? ? 0.6901(2) 0.6492(6) 0.06891(16) 1.0000 0.0383
C10 ? ? 0.7432(3) 0.5261(7) 0.0540(2) 1.0000 0.0551
N3 ? ? 0.60816(13) 0.3728(4) 0.30995(12) 0.520(8) 0.0226
C11 ? ? 0.5605(4) 0.3305(17) 0.3535(4) 0.520(8) 0.0577
C12 ? ? 0.5886(4) 0.214(2) 0.4003(5) 0.520(8) 0.0746
C13 ? ? 0.6596(4) 0.4678(11) 0.3423(4) 0.520(8) 0.0391
C14 ? ? 0.6881(5) 0.3343(11) 0.3855(4) 0.520(8) 0.0532
C15 ? ? 0.6322(5) 0.2051(11) 0.2874(3) 0.520(8) 0.0477
C16 ? ? 0.6531(6) 0.0726(12) 0.3330(4) 0.520(8) 0.0569
N4 ? ? 0.65245(13) 0.1574(4) 0.38570(11) 0.520(8) 0.0221
Zn2 ? ? 0.688501(18) -0.02087(5) 0.44729(4) 1.0000 0.0260
S5 ? ? 0.79746(4) 0.09403(13) 0.45881(5) 1.0000 0.0321
S6 ? ? 0.75491(5) -0.24442(14) 0.40417(6) 1.0000 0.0394
C17 ? ? 0.81544(17) -0.1079(5) 0.42524(15) 1.0000 0.0285
N5 ? ? 0.87343(15) -0.1571(5) 0.41694(14) 1.0000 0.0334
C18 ? ? 0.92532(17) -0.0411(6) 0.4358(2) 1.0000 0.0414
C19 ? ? 0.9431(3) -0.0751(8) 0.4949(3) 1.0000 0.0637
C20 ? ? 0.8898(2) -0.3291(7) 0.3872(2) 1.0000 0.0500
C21 ? ? 0.9160(3) -0.4778(7) 0.4225(3) 1.0000 0.0703
S7 ? ? 0.59624(6) -0.23315(15) 0.46296(6) 1.0000 0.0490
S8 ? ? 0.64739(4) 0.05811(15) 0.53496(5) 1.0000 0.0353
C22 ? ? 0.59797(18) -0.1259(5) 0.52718(16) 1.0000 0.0326
N6 ? ? 0.56214(18) -0.1828(5) 0.56831(15) 1.0000 0.0406
C23 ? ? 0.5185(3) -0.3431(8) 0.5601(2) 1.0000 0.0642
C24 ? ? 0.5481(4) -0.5200(9) 0.5736(3) 1.0000 0.0856
C25 ? ? 0.5639(3) -0.0994(8) 0.62377(18) 1.0000 0.0543
C26 ? ? 0.5058(4) -0.0054(11) 0.6384(3) 1.0000 0.0812
N7 ? ? 0.65245(13) 0.1574(4) 0.38570(11) 0.480(8) 0.0221
C27 ? ? 0.7003(4) 0.2055(18) 0.3420(4) 0.480(8) 0.0570
C28 ? ? 0.6727(5) 0.328(2) 0.2968(5) 0.480(8) 0.0747
C29 ? ? 0.6031(5) 0.0594(13) 0.3530(4) 0.480(8) 0.0457
C30 ? ? 0.5742(5) 0.1928(13) 0.3094(5) 0.480(8) 0.0555
C31 ? ? 0.6277(6) 0.3187(13) 0.4073(4) 0.480(8) 0.0466
C32 ? ? 0.6039(7) 0.4557(14) 0.3615(4) 0.480(8) 0.0586
N8 ? ? 0.60816(13) 0.3728(4) 0.30995(12) 0.480(8) 0.0226
H21 ? ? 0.3462 0.4221 0.2674 1.0000 0.0484
H22 ? ? 0.2966 0.5858 0.2805 1.0000 0.0484
H31 ? ? 0.2848 0.4797 0.1889 1.0000 0.0716
H32 ? ? 0.3565 0.5314 0.1757 1.0000 0.0716
H33 ? ? 0.3069 0.6951 0.1888 1.0000 0.0716
H41 ? ? 0.4042 0.9105 0.3180 1.0000 0.0490
H42 ? ? 0.3383 0.8180 0.3349 1.0000 0.0490
H51 ? ? 0.3228 1.0955 0.2873 1.0000 0.0663
H52 ? ? 0.3614 1.0155 0.2345 1.0000 0.0663
H53 ? ? 0.2955 0.9230 0.2514 1.0000 0.0663
H71 ? ? 0.7713 0.8659 0.1059 1.0000 0.0536
H72 ? ? 0.7543 0.8721 0.1717 1.0000 0.0536
H81 ? ? 0.7353 1.1634 0.1306 1.0000 0.0773
H82 ? ? 0.6879 1.0673 0.0868 1.0000 0.0773
H83 ? ? 0.6709 1.0735 0.1526 1.0000 0.0773
H91 ? ? 0.6893 0.7558 0.0426 1.0000 0.0460
H92 ? ? 0.6511 0.5770 0.0652 1.0000 0.0460
H101 ? ? 0.7381 0.4813 0.0151 1.0000 0.0662
H102 ? ? 0.7825 0.5970 0.0572 1.0000 0.0662
H103 ? ? 0.7443 0.4181 0.0798 1.0000 0.0662
H111 ? ? 0.5446 0.4489 0.3693 0.5203 0.0692
H112 ? ? 0.5258 0.2604 0.3363 0.5203 0.0692
H121 ? ? 0.5896 0.2891 0.4351 0.5203 0.0895
H122 ? ? 0.5629 0.1017 0.4062 0.5203 0.0895
H131 ? ? 0.6924 0.5085 0.3159 0.5203 0.0469
H132 ? ? 0.6424 0.5778 0.3619 0.5203 0.0469
H141 ? ? 0.7320 0.3085 0.3755 0.5203 0.0638
H142 ? ? 0.6864 0.3919 0.4231 0.5203 0.0638
H151 ? ? 0.6682 0.2349 0.2632 0.5203 0.0572
H152 ? ? 0.5995 0.1438 0.2648 0.5203 0.0572
H161 ? ? 0.6959 0.0302 0.3247 0.5203 0.0682
H162 ? ? 0.6248 -0.0361 0.3337 0.5203 0.0682
H181 ? ? 0.9618 -0.0673 0.4117 1.0000 0.0496
H182 ? ? 0.9133 0.0915 0.4318 1.0000 0.0496
H191 ? ? 0.9783 0.0071 0.5051 1.0000 0.0765
H192 ? ? 0.9557 -0.2070 0.4995 1.0000 0.0765
H193 ? ? 0.9072 -0.0482 0.5195 1.0000 0.0765
H201 ? ? 0.9208 -0.2975 0.3581 1.0000 0.0600
H202 ? ? 0.8517 -0.3779 0.3692 1.0000 0.0600
H211 ? ? 0.9257 -0.5879 0.3991 1.0000 0.0844
H212 ? ? 0.9546 -0.4325 0.4405 1.0000 0.0844
H213 ? ? 0.8855 -0.5130 0.4516 1.0000 0.0844
H231 ? ? 0.4819 -0.3258 0.5845 1.0000 0.0770
H232 ? ? 0.5050 -0.3457 0.5205 1.0000 0.0770
H241 ? ? 0.5181 -0.6228 0.5677 1.0000 0.1027
H242 ? ? 0.5615 -0.5188 0.6132 1.0000 0.1027
H243 ? ? 0.5846 -0.5387 0.5491 1.0000 0.1027
H251 ? ? 0.5718 -0.1988 0.6516 1.0000 0.0651
H252 ? ? 0.5981 -0.0071 0.6250 1.0000 0.0651
H261 ? ? 0.5094 0.0487 0.6764 1.0000 0.0974
H262 ? ? 0.4712 -0.0964 0.6377 1.0000 0.0974
H263 ? ? 0.4975 0.0953 0.6111 1.0000 0.0974
H271 ? ? 0.7351 0.2727 0.3600 0.4797 0.0684
H272 ? ? 0.7159 0.0890 0.3249 0.4797 0.0684
H281 ? ? 0.6970 0.4443 0.2941 0.4797 0.0897
H282 ? ? 0.6743 0.2607 0.2607 0.4797 0.0897
H291 ? ? 0.6216 -0.0489 0.3335 0.4797 0.0549
H292 ? ? 0.5702 0.0157 0.3788 0.4797 0.0549
H301 ? ? 0.5772 0.1361 0.2718 0.4797 0.0667
H302 ? ? 0.5300 0.2147 0.3187 0.4797 0.0667
H311 ? ? 0.6601 0.3825 0.4295 0.4797 0.0559
H312 ? ? 0.5924 0.2855 0.4319 0.4797 0.0559
H321 ? ? 0.6295 0.5703 0.3620 0.4797 0.0703
H322 ? ? 0.5600 0.4884 0.3692 0.4797 0.0703

|?||||
C50 H68 N6 S8 Zn2
11.6711(4) 11.9793(4) 12.4675(4) 110.2029(15) 100.1626(15) 115.6632(17)
P-1
Zn1 ? ? 0.17620(4) 0.19475(4) 0.34593(3) 1.0000 0.0283
S1 ? ? 0.16159(9) 0.14266(9) 0.13256(7) 1.0000 0.0342
S2 ? ? 0.02525(8) 0.26143(10) 0.26628(8) 1.0000 0.0362
C1 ? ? 0.0741(3) 0.2274(3) 0.1411(3) 1.0000 0.0269
N1 ? ? 0.0455(3) 0.2667(3) 0.0568(2) 1.0000 0.0282
C2 ? ? 0.0894(3) 0.2401(3) -0.0493(3) 1.0000 0.0303
C3 ? ? 0.1991(3) 0.3755(3) -0.0404(3) 1.0000 0.0283
C4 ? ? 0.3190(3) 0.4710(3) 0.0628(3) 1.0000 0.0302
C5 ? ? 0.4255(3) 0.5929(3) 0.0684(3) 1.0000 0.0270
C6 ? ? 0.5504(3) 0.6921(3) 0.1739(3) 1.0000 0.0292
C7 ? ? 0.6531(3) 0.8087(3) 0.1777(3) 1.0000 0.0279
C8 ? ? 0.6340(3) 0.8295(4) 0.0723(3) 1.0000 0.0320
C9 ? ? 0.5148(4) 0.7353(4) -0.0317(3) 1.0000 0.0347
C10 ? ? 0.4071(3) 0.6154(3) -0.0361(3) 1.0000 0.0294
C11 ? ? 0.2822(4) 0.5159(4) -0.1418(3) 1.0000 0.0352
C12 ? ? 0.1813(3) 0.4001(4) -0.1433(3) 1.0000 0.0344
C13 ? ? 0.7881(3) 0.9126(3) 0.2889(3) 1.0000 0.0305
C14 ? ? -0.0262(3) 0.3422(4) 0.0627(3) 1.0000 0.0342
C15 ? ? -0.1693(4) 0.2538(4) -0.0409(3) 1.0000 0.0364
C16 ? ? -0.2704(4) 0.1268(4) -0.0336(4) 1.0000 0.0445
C17 ? ? -0.4075(4) 0.0352(5) -0.1447(4) 1.0000 0.0578
S3 ? ? 0.21656(10) 0.02254(9) 0.37052(8) 1.0000 0.0379
S4 ? ? 0.13026(8) 0.18682(9) 0.53198(8) 1.0000 0.0312
C18 ? ? 0.1955(3) 0.0805(3) 0.5088(3) 1.0000 0.0261
N2 ? ? 0.2318(3) 0.0456(3) 0.5939(2) 1.0000 0.0295
C19 ? ? 0.2888(4) -0.0446(4) 0.5727(3) 1.0000 0.0413
C20 ? ? 0.1802(5) -0.1998(5) 0.5049(5) 1.0000 0.0557
C21 ? ? 0.2437(7) -0.2885(6) 0.4637(6) 1.0000 0.0811
C22 ? ? 0.2894(8) -0.2795(7) 0.3556(6) 1.0000 0.0908
N3 ? ? 0.3786(3) 0.3846(3) 0.4423(2) 0.5000 0.0273
C23 ? ? 0.4812(7) 0.3619(7) 0.4948(8) 0.5000 0.0427
C24 ? ? 0.6245(7) 0.5000(7) 0.5655(9) 0.5000 0.0498
C25 ? ? 0.3784(7) 0.4973(7) 0.5524(7) 0.5000 0.0359
C26 ? ? 0.5215(7) 0.6335(7) 0.6174(7) 0.5000 0.0437
C27 ? ? 0.4151(8) 0.4472(9) 0.3619(7) 0.5000 0.0478
C28 ? ? 0.5596(8) 0.5801(9) 0.4285(7) 0.5000 0.0572
N4 ? ? 0.6214(3) 0.6154(3) 0.5577(2) 0.5000 0.0273
H21 ? ? 0.0074 0.1902 -0.1277 1.0000 0.0318
H22 ? ? 0.1274 0.1793 -0.0508 1.0000 0.0318
H41 ? ? 0.3315 0.4542 0.1360 1.0000 0.0335
H61 ? ? 0.5638 0.6764 0.2477 1.0000 0.0335
H81 ? ? 0.7084 0.9140 0.0737 1.0000 0.0400
H91 ? ? 0.5039 0.7516 -0.1054 1.0000 0.0425
H111 ? ? 0.2679 0.5306 -0.2161 1.0000 0.0421
H121 ? ? 0.0936 0.3319 -0.2183 1.0000 0.0362
H131 ? ? 0.8395 0.9986 0.2800 1.0000 0.0340
H132 ? ? 0.8434 0.8683 0.2911 1.0000 0.0340
H141 ? ? 0.0307 0.4287 0.0563 1.0000 0.0396
H142 ? ? -0.0364 0.3699 0.1442 1.0000 0.0396
H151 ? ? -0.2074 0.3150 -0.0364 1.0000 0.0454
H152 ? ? -0.1595 0.2203 -0.1222 1.0000 0.0454
H161 ? ? -0.2876 0.1599 0.0437 1.0000 0.0508
H162 ? ? -0.2296 0.0692 -0.0310 1.0000 0.0508
H171 ? ? -0.4713 -0.0473 -0.1366 1.0000 0.0593
H172 ? ? -0.4494 0.0918 -0.1478 1.0000 0.0593
H173 ? ? -0.3915 0.0011 -0.2226 1.0000 0.0593
H191 ? ? 0.3487 -0.0217 0.6548 1.0000 0.0518
H192 ? ? 0.3456 -0.0236 0.5227 1.0000 0.0518
H201 ? ? 0.1351 -0.2255 0.5610 1.0000 0.0679
H202 ? ? 0.1097 -0.2206 0.4301 1.0000 0.0679
H211 ? ? 0.3260 -0.2540 0.5360 1.0000 0.1022
H212 ? ? 0.1737 -0.3891 0.4361 1.0000 0.1022
H221 ? ? 0.3296 -0.3387 0.3328 1.0000 0.1188
H222 ? ? 0.3602 -0.1795 0.3823 1.0000 0.1188
H223 ? ? 0.2078 -0.3146 0.2823 1.0000 0.1188
H231 ? ? 0.4551 0.3256 0.5534 0.5000 0.0396
H232 ? ? 0.4855 0.2909 0.4267 0.5000 0.0396
H241 ? ? 0.6571 0.5235 0.6546 0.5000 0.0489
H242 ? ? 0.6900 0.4856 0.5293 0.5000 0.0489
H251 ? ? 0.3562 0.4620 0.6125 0.5000 0.0336
H252 ? ? 0.3078 0.5163 0.5204 0.5000 0.0336
H261 ? ? 0.5593 0.6590 0.7066 0.5000 0.0390
H262 ? ? 0.5128 0.7107 0.6111 0.5000 0.0390
H271 ? ? 0.3472 0.4721 0.3364 0.5000 0.0419
H272 ? ? 0.4118 0.3772 0.2868 0.5000 0.0419
H281 ? ? 0.5538 0.6603 0.4268 0.5000 0.0457
H282 ? ? 0.6193 0.5644 0.3845 0.5000 0.0457
