|?|Sébastien Floquet; Nathalie Guillou; Philippe Négrier; Eric Rivière; Marie-Laure Boillot|The crystallographic phase transition for a ferric thiosemicarbazone spin crossover complex studied by X-ray powder diffraction|New Journal of Chemistry|2006 30(11) 1621
?
21.554(1) 11.4790(5) 8.9428(4) 90.00000 101.235(2) 90.00000
P121/c1
Fe ? ? 0.2479(4) 0.0033(9) 0.0492(10) 1.00000 0.00000
Br1 ? ? 0.0124(4) 0.1776(5) 0.9684(7) 1.00000 0.00000
S1 ? ? -0.3280(8) 0.4558(8) 0.2414(18) 1.00000 0.00000
O1 ? ? -0.1973(13) 0.487(3) 0.653(2) 1.00000 0.00000
C11 ? ? -0.0501(19) 0.2795(19) 0.861(5) 1.00000 0.00000
C12 ? ? -0.057(2) 0.392(2) 0.915(5) 1.00000 0.00000
C13 ? ? -0.1059(18) 0.464(2) 0.840(4) 1.00000 0.00000
C14 ? ? -0.1464(14) 0.4262(20) 0.705(4) 1.00000 0.00000
C15 ? ? -0.1401(15) 0.3106(13) 0.652(4) 1.00000 0.00000
C16 ? ? -0.095(2) 0.2360(16) 0.739(5) 1.00000 0.00000
C17 ? ? -0.1900(19) 0.2550(14) 0.530(5) 1.00000 0.00000
N12 ? ? -0.2761(19) 0.2519(12) 0.330(5) 1.00000 0.00000
C18 ? ? -0.320(2) 0.3068(9) 0.234(5) 1.00000 0.00000
N13 ? ? -0.3638(18) 0.243(3) 0.132(4) 1.00000 0.00000
N11 ? ? -0.2338(18) 0.3158(12) 0.441(4) 1.00000 0.00000
Br2 ? ? 0.5221(4) 0.1469(6) 0.3796(9) 1.00000 0.00000
S2 ? ? 0.1695(7) 0.4544(8) 0.6898(17) 1.00000 0.00000
N21 ? ? 0.2678(16) 0.3143(13) 0.598(5) 1.00000 0.00000
O2 ? ? 0.3080(11) 0.470(3) 0.412(3) 1.00000 0.00000
C21 ? ? 0.4588(19) 0.2484(13) 0.400(7) 1.00000 0.00000
C22 ? ? 0.4630(8) 0.3674(14) 0.366(7) 1.00000 0.00000
C23 ? ? 0.4078(13) 0.436(3) 0.348(6) 1.00000 0.00000
C24 ? ? 0.3587(13) 0.402(2) 0.423(6) 1.00000 0.00000
C25 ? ? 0.3610(17) 0.288(2) 0.486(7) 1.00000 0.00000
C26 ? ? 0.4094(18) 0.211(2) 0.470(7) 1.00000 0.00000
C27 ? ? 0.3088(20) 0.2427(14) 0.560(7) 1.00000 0.00000
N22 ? ? 0.2286(5) 0.2568(13) 0.6800(12) 1.00000 0.00000
C28 ? ? 0.1810(15) 0.3068(13) 0.718(4) 1.00000 0.00000
N23 ? ? 0.153(2) 0.244(3) 0.820(4) 1.00000 0.00000
Ow1 ? ? -0.2666(17) 0.009(4) 0.423(4) 1.00000 0.00000

|?|Sébastien Floquet; Nathalie Guillou; Philippe Négrier; Eric Rivière; Marie-Laure Boillot|The crystallographic phase transition for a ferric thiosemicarbazone spin crossover complex studied by X-ray powder diffraction|New Journal of Chemistry|2006 30(11) 1621
?
20.715(2) 11.397(1) 8.8804(7) 90.00000 90.258(2) 90.00000
P121/c1
Fe ? ? 0.2429(5) 0.0050(6) 0.2140(10) 1.00000 0.00000
Br1 ? ? 0.0145(4) 0.1450(6) 0.6531(10) 1.00000 0.00000
S1 ? ? -0.3134(8) 0.4863(11) 0.0948(18) 1.00000 0.00000
C11 ? ? -0.0479(17) 0.2547(14) 0.593(5) 1.00000 0.00000
C12 ? ? -0.0397(15) 0.3725(15) 0.629(7) 1.00000 0.00000
C13 ? ? -0.0903(20) 0.450(3) 0.594(5) 1.00000 0.00000
C14 ? ? -0.1346(20) 0.421(2) 0.480(6) 1.00000 0.00000
C15 ? ? -0.136(2) 0.3039(16) 0.425(6) 1.00000 0.00000
C16 ? ? -0.097(2) 0.2208(18) 0.492(6) 1.00000 0.00000
C17 ? ? -0.184(2) 0.264(2) 0.307(6) 1.00000 0.00000
O1 ? ? -0.1811(14) 0.494(3) 0.451(3) 1.00000 0.00000
N11 ? ? -0.2286(18) 0.3354(14) 0.250(5) 1.00000 0.00000
N12 ? ? -0.2724(2) 0.2795(4) 0.1538(6) 1.00000 0.00000
C18 ? ? -0.305(2) 0.3391(12) 0.061(5) 1.00000 0.00000
N13 ? ? -0.345(2) 0.285(4) -0.030(5) 1.00000 0.00000
Br2 ? ? 0.5083(4) 0.2380(7) 0.2663(8) 1.00000 0.00000
S2 ? ? 0.1654(8) 0.4403(10) 0.878(2) 1.00000 0.00000
C21 ? ? 0.4513(16) 0.3277(10) 0.379(5) 1.00000 0.00000
C22 ? ? 0.4506(18) 0.4489(13) 0.365(7) 1.00000 0.00000
C23 ? ? 0.3993(17) 0.5134(18) 0.426(7) 1.00000 0.00000
C24 ? ? 0.3491(18) 0.4536(15) 0.494(7) 1.00000 0.00000
C25 ? ? 0.3564(20) 0.3353(13) 0.527(6) 1.00000 0.00000
C26 ? ? 0.4003(19) 0.2715(19) 0.446(6) 1.00000 0.00000
C27 ? ? 0.306(2) 0.2683(18) 0.617(7) 1.00000 0.00000
O2 ? ? 0.3018(14) 0.513(3) 0.548(3) 1.00000 0.00000
N21 ? ? 0.2607(19) 0.3242(8) 0.688(6) 1.00000 0.00000
N22 ? ? 0.222(2) 0.2488(18) 0.767(5) 1.00000 0.00000
C28 ? ? 0.185(3) 0.2878(14) 0.870(6) 1.00000 0.00000
N23 ? ? 0.159(3) 0.211(3) 0.958(5) 1.00000 0.00000
Ow1 ? ? -0.242(2) -0.015(5) 0.257(5) 1.00000 0.00000
