?|?|A.Franken; P.Lei; T.D.McGrath; F.G.A.Stone|Carbonyl-metal fragment insertion into eight-vertex [closo-1-CB~7~H~8~]^-^. Facile synthesis of ten-vertex metalladicarbollide complexes [2,2,2-(CO)~3~- 1-OH-closo-2,1,10-MC~2~B~7~H~8~]^n-^ {M= Fe, Ru (n = 0), Mn, Re (n = 1)}|Chem.Commun.|
C10 H24 B7 Fe O3 P
19.121(11) 9.018(5) 20.973(11) 90.00 103.516(18) 90.00
P21/n
Fe1 1 ? 0.55880(2) 0.19221(4) 0.180955(17) 1 0.01559(10)
C1 1 ? 0.50381(14) 0.2428(3) 0.09215(12) 1 0.0175(6)
O1 1 ? 0.43170(10) 0.2062(2) 0.06863(10) 1 0.0225(4)
H1 1 ? 0.4076 0.2839 0.0577 1 0.027
B3 1 ? 0.53568(17) 0.3999(3) 0.12518(15) 1 0.0197(7)
H3 1 ? 0.4996 0.4871 0.1381 1 0.024
B4 1 ? 0.54415(18) 0.3295(3) 0.04344(15) 1 0.0204(7)
H4 1 ? 0.5148 0.3604 -0.0075 1 0.024
B5 1 ? 0.57109(17) 0.1449(4) 0.08105(14) 1 0.0182(6)
H5 1 ? 0.5631 0.0311 0.0592 1 0.022
B6 1 ? 0.62675(17) 0.3822(4) 0.17389(15) 1 0.0207(7)
H6 1 ? 0.6445 0.4446 0.2211 1 0.025
B7 1 ? 0.61109(18) 0.4512(4) 0.08911(15) 1 0.0211(7)
H7 1 ? 0.6165 0.5664 0.0709 1 0.025
B8 1 ? 0.63632(18) 0.2741(4) 0.05944(16) 1 0.0224(7)
H8 1 ? 0.6620 0.2495 0.0178 1 0.027
B9 1 ? 0.65398(17) 0.1901(4) 0.14055(15) 1 0.0197(7)
H9 1 ? 0.6933 0.1006 0.1614 1 0.024
C10 1 ? 0.67885(15) 0.3538(3) 0.12493(14) 1 0.0225(6)
H10 1 ? 0.7365 0.3900 0.1364 1 0.027
C21 1 ? 0.48786(16) 0.2436(3) 0.21897(13) 1 0.0224(6)
O21 1 ? 0.44349(12) 0.2822(2) 0.24366(11) 1 0.0360(6)
C22 1 ? 0.62358(16) 0.1759(3) 0.25607(14) 1 0.0265(7)
O22 1 ? 0.66620(13) 0.1710(3) 0.30460(10) 1 0.0417(6)
P1 1 ? 0.53158(4) -0.04867(8) 0.18733(3) 1 0.01477(15)
C23 1 ? 0.51642(15) -0.1011(3) 0.26758(13) 1 0.0221(6)
H23A 1 ? 0.5597 -0.0742 0.3018 1 0.027
H23B 1 ? 0.4757 -0.0421 0.2757 1 0.027
C24 1 ? 0.50022(17) -0.2658(3) 0.27500(14) 1 0.0288(7)
H24A 1 ? 0.4927 -0.2837 0.3190 1 0.043
H24B 1 ? 0.5408 -0.3255 0.2686 1 0.043
H24C 1 ? 0.4567 -0.2934 0.2421 1 0.043
C25 1 ? 0.45043(14) -0.1135(3) 0.12888(12) 1 0.0184(6)
H25A 1 ? 0.4511 -0.0757 0.0847 1 0.022
H25B 1 ? 0.4515 -0.2232 0.1271 1 0.022
C26 1 ? 0.38039(15) -0.0649(3) 0.14579(14) 1 0.0233(6)
H26A 1 ? 0.3394 -0.1033 0.1127 1 0.035
H26B 1 ? 0.3782 0.0437 0.1464 1 0.035
H26C 1 ? 0.3787 -0.1037 0.1890 1 0.035
C27 1 ? 0.59964(15) -0.1801(3) 0.17469(14) 1 0.0228(6)
H27A 1 ? 0.5783 -0.2807 0.1709 1 0.027
H27B 1 ? 0.6114 -0.1569 0.1323 1 0.027
C28 1 ? 0.66974(16) -0.1841(4) 0.22753(17) 1 0.0369(8)
H28A 1 ? 0.7022 -0.2579 0.2158 1 0.055
H28B 1 ? 0.6594 -0.2108 0.2697 1 0.055
H28C 1 ? 0.6926 -0.0862 0.2310 1 0.055
Fe1A 1 ? 0.17056(2) 0.40488(4) 0.055963(17) 1 0.01478(10)
C1A 1 ? 0.27298(14) 0.4619(3) 0.07693(12) 1 0.0150(5)
O1A 1 ? 0.32054(10) 0.4303(2) 0.03640(9) 1 0.0198(4)
H1A 1 ? 0.3329 0.5098 0.0213 1 0.024
B3A 1 ? 0.22903(17) 0.6149(3) 0.07883(15) 1 0.0191(7)
H3A 1 ? 0.2263 0.7029 0.0406 1 0.023
B4A 1 ? 0.30654(18) 0.5495(3) 0.14399(15) 1 0.0193(7)
H4A 1 ? 0.3643 0.5849 0.1570 1 0.023
B5A 1 ? 0.26471(16) 0.3615(4) 0.13779(14) 1 0.0164(6)
H5A 1 ? 0.2900 0.2490 0.1465 1 0.020
B6A 1 ? 0.15391(18) 0.5905(4) 0.11700(16) 1 0.0210(7)
H6A 1 ? 0.1017 0.6495 0.0978 1 0.025
B7A 1 ? 0.23978(18) 0.6652(4) 0.16531(15) 1 0.0220(7)
H7A 1 ? 0.2535 0.7812 0.1829 1 0.026
B8A 1 ? 0.26444(19) 0.4886(4) 0.20681(15) 1 0.0225(7)
H8A 1 ? 0.2976 0.4654 0.2573 1 0.027
B9A 1 ? 0.18125(17) 0.3980(4) 0.16193(15) 1 0.0203(7)
H9A 1 ? 0.1507 0.3049 0.1781 1 0.024
C10A 1 ? 0.18637(16) 0.5617(3) 0.19396(13) 1 0.0225(6)
H10A 1 ? 0.1572 0.5937 0.2324 1 0.027
C21A 1 ? 0.07776(15) 0.3820(3) 0.05493(13) 1 0.0219(6)
O21A 1 ? 0.01782(11) 0.3720(2) 0.05452(11) 1 0.0317(5)
C22A 1 ? 0.15485(15) 0.4642(3) -0.02701(13) 1 0.0227(6)
O22A 1 ? 0.14602(13) 0.5123(3) -0.07897(10) 1 0.0368(6)
P1A 1 ? 0.17670(4) 0.16629(8) 0.02670(3) 1 0.01587(15)
C23A 1 ? 0.10504(16) 0.1137(4) -0.04446(15) 1 0.0300(7)
H23C 1 ? 0.0580 0.1356 -0.0344 1 0.036
H23D 1 ? 0.1091 0.1765 -0.0821 1 0.036
C24A 1 ? 0.10563(19) -0.0491(4) -0.06496(17) 1 0.0412(9)
H24D 1 ? 0.0659 -0.0672 -0.1031 1 0.062
H24E 1 ? 0.1000 -0.1127 -0.0286 1 0.062
H24F 1 ? 0.1514 -0.0717 -0.0763 1 0.062
C25A 1 ? 0.16996(15) 0.0306(3) 0.09001(14) 1 0.0210(6)
H25C 1 ? 0.1831 -0.0681 0.0758 1 0.025
H25D 1 ? 0.2057 0.0566 0.1308 1 0.025
C26A 1 ? 0.09605(16) 0.0191(3) 0.10571(16) 1 0.0287(7)
H26D 1 ? 0.0976 -0.0555 0.1400 1 0.043
H26E 1 ? 0.0603 -0.0098 0.0661 1 0.043
H26F 1 ? 0.0829 0.1155 0.1211 1 0.043
C27A 1 ? 0.25873(15) 0.1074(3) 0.00332(13) 1 0.0193(6)
H27C 1 ? 0.3006 0.1397 0.0378 1 0.023
H27D 1 ? 0.2595 -0.0024 0.0020 1 0.023
C28A 1 ? 0.26778(17) 0.1662(3) -0.06276(13) 1 0.0272(7)
H28D 1 ? 0.3131 0.1294 -0.0710 1 0.041
H28E 1 ? 0.2685 0.2749 -0.0619 1 0.041
H28F 1 ? 0.2275 0.1321 -0.0977 1 0.041

?|?|A.Franken; P.Lei; T.D.McGrath; F.G.A.Stone|Carbonyl-metal fragment insertion into eight-vertex [closo-1-CB~7~H~8~]^-^. Facile synthesis of ten-vertex metalladicarbollide complexes [2,2,2-(CO)~3~- 1-OH-closo-2,1,10-MC~2~B~7~H~8~]^n-^ {M= Fe, Ru (n = 0), Mn, Re (n = 1)}|Chem.Commun.|
C5 H9 B7 O4 Ru
7.6548(7) 11.6193(12) 19.6123(19) 93.716(5) 98.033(5) 90.739(5)
P-1
Ru2 1 ? 0.70061(3) 0.252539(19) 0.103146(12) 1 0.01224(6)
C1 1 ? 0.5129(4) 0.1880(2) 0.15877(15) 1 0.0136(6)
O1 1 ? 0.5638(3) 0.12955(18) 0.21842(11) 1 0.0182(5)
H1 1 ? 0.4760 0.1203 0.2390 1 0.027
B3 1 ? 0.4553(5) 0.1330(3) 0.07859(18) 1 0.0172(7)
H3 1 ? 0.4691 0.0390 0.0643 1 0.021
B4 1 ? 0.3100(5) 0.2073(3) 0.13438(18) 1 0.0158(7)
H4 1 ? 0.2098 0.1709 0.1641 1 0.019
B5 1 ? 0.4749(4) 0.3274(3) 0.15774(18) 1 0.0140(7)
H5 1 ? 0.5047 0.3861 0.2057 1 0.017
B6 1 ? 0.4735(4) 0.2377(3) 0.01412(18) 1 0.0175(7)
H6 1 ? 0.5188 0.2109 -0.0363 1 0.021
B7 1 ? 0.2617(5) 0.2104(3) 0.04275(18) 1 0.0172(7)
H7 1 ? 0.1432 0.1623 0.0141 1 0.021
B8 1 ? 0.2750(5) 0.3444(3) 0.09781(18) 1 0.0176(7)
H8 1 ? 0.1674 0.4014 0.1124 1 0.021
B9 1 ? 0.4874(4) 0.3862(3) 0.07574(18) 1 0.0164(7)
H9 1 ? 0.5437 0.4751 0.0735 1 0.020
C10 1 ? 0.3252(4) 0.3324(3) 0.02147(16) 1 0.0182(7)
H10 1 ? 0.2672 0.3775 -0.0216 1 0.022
C21 1 ? 0.8363(4) 0.1164(3) 0.08569(16) 1 0.0179(7)
O21 1 ? 0.9057(3) 0.03480(19) 0.07301(12) 1 0.0264(5)
C22 1 ? 0.8666(4) 0.3103(3) 0.18364(16) 1 0.0180(7)
O22 1 ? 0.9531(3) 0.3433(2) 0.23238(12) 1 0.0302(6)
C23 1 ? 0.8118(4) 0.3363(3) 0.03698(16) 1 0.0178(7)
O23 1 ? 0.8647(3) 0.3856(2) -0.00355(12) 1 0.0280(6)
Ru12 1 ? 0.47051(3) 0.24777(2) 0.432752(12) 1 0.01284(6)
C101 1 ? 0.2430(4) 0.1955(3) 0.36690(15) 1 0.0151(6)
O101 1 ? 0.2526(3) 0.14298(18) 0.30161(10) 1 0.0193(5)
H101 1 ? 0.1561 0.1092 0.2863 1 0.029
B103 1 ? 0.2173(4) 0.3346(3) 0.38705(18) 1 0.0168(7)
H103 1 ? 0.2225 0.4007 0.3482 1 0.020
B104 1 ? 0.0544(4) 0.2164(3) 0.39065(18) 1 0.0157(7)
H104 1 ? -0.0677 0.1897 0.3544 1 0.019
B105 1 ? 0.2285(4) 0.1283(3) 0.43802(18) 1 0.0163(7)
H105 1 ? 0.2433 0.0327 0.4394 1 0.020
B106 1 ? 0.2874(5) 0.3751(3) 0.47861(18) 1 0.0164(7)
H106 1 ? 0.3555 0.4601 0.4957 1 0.020
B107 1 ? 0.0555(5) 0.3449(3) 0.44677(19) 1 0.0183(7)
H107 1 ? -0.0550 0.4071 0.4392 1 0.022
B108 1 ? 0.0620(5) 0.2015(3) 0.48147(18) 1 0.0166(7)
H108 1 ? -0.0440 0.1508 0.5009 1 0.020
B109 1 ? 0.2939(5) 0.2185(3) 0.51642(18) 1 0.0176(7)
H109 1 ? 0.3673 0.1809 0.5630 1 0.021
C110 1 ? 0.1500(4) 0.3162(3) 0.52160(16) 1 0.0174(6)
H110 1 ? 0.1209 0.3535 0.5700 1 0.021
C121 1 ? 0.5868(4) 0.3482(3) 0.37696(16) 1 0.0197(7)
O121 1 ? 0.6428(3) 0.4100(2) 0.34343(12) 1 0.0324(6)
C122 1 ? 0.6031(4) 0.1138(3) 0.40671(16) 1 0.0193(7)
O122 1 ? 0.6730(3) 0.0346(2) 0.38915(13) 1 0.0309(6)
C123 1 ? 0.6368(4) 0.2926(3) 0.51570(17) 1 0.0184(7)
O123 1 ? 0.7223(3) 0.3191(2) 0.56580(11) 1 0.0248(5)
Ru22 1 ? 1.07750(3) 0.77405(2) 0.231567(12) 1 0.01201(6)
C201 1 ? 0.8738(4) 0.8892(2) 0.23722(15) 1 0.0128(6)
O201 1 ? 0.9038(3) 1.00760(16) 0.23955(11) 1 0.0168(5)
H201 1 ? 0.8074 1.0415 0.2386 1 0.025
B203 1 ? 0.8709(4) 0.8085(3) 0.30426(17) 1 0.0134(7)
H203 1 ? 0.9118 0.8452 0.3585 1 0.016
B204 1 ? 0.6797(4) 0.8406(3) 0.23937(18) 1 0.0144(7)
H204 1 ? 0.5704 0.9029 0.2427 1 0.017
B205 1 ? 0.8079(4) 0.8022(3) 0.16743(18) 1 0.0143(7)
H205 1 ? 0.7992 0.8339 0.1144 1 0.017
B206 1 ? 0.9024(4) 0.6561(3) 0.28399(17) 1 0.0147(7)
H206 1 ? 0.9800 0.6028 0.3226 1 0.018
B207 1 ? 0.6822(4) 0.7100(3) 0.28353(18) 1 0.0153(7)
H207 1 ? 0.5895 0.6981 0.3220 1 0.018
B208 1 ? 0.6381(5) 0.7051(3) 0.18905(18) 1 0.0164(7)
H208 1 ? 0.5111 0.6894 0.1535 1 0.020
B209 1 ? 0.8553(5) 0.6507(3) 0.17925(18) 1 0.0167(7)
H209 1 ? 0.8964 0.5935 0.1364 1 0.020
C210 1 ? 0.7327(4) 0.6068(2) 0.23257(15) 1 0.0157(6)
H210 1 ? 0.6891 0.5187 0.2310 1 0.019
C221 1 ? 1.2514(4) 0.8485(3) 0.30351(16) 1 0.0167(6)
O221 1 ? 1.3465(3) 0.88953(19) 0.34763(12) 1 0.0242(5)
C222 1 ? 1.1792(4) 0.8380(3) 0.15634(17) 1 0.0220(7)
O222 1 ? 1.2256(3) 0.8757(2) 0.10985(13) 1 0.0342(6)
C223 1 ? 1.2142(4) 0.6340(3) 0.23154(16) 1 0.0178(7)
O223 1 ? 1.2831(3) 0.54928(19) 0.23455(13) 1 0.0277(6)

?|?|A.Franken; P.Lei; T.D.McGrath; F.G.A.Stone|Carbonyl-metal fragment insertion into eight-vertex [closo-1-CB~7~H~8~]^-^. Facile synthesis of ten-vertex metalladicarbollide complexes [2,2,2-(CO)~3~- 1-OH-closo-2,1,10-MC~2~B~7~H~8~]^n-^ {M= Fe, Ru (n = 0), Mn, Re (n = 1)}|Chem.Commun.|
C41 H39 B7 Mn N O4 P2
14.972(2) 15.004(3) 17.410(3) 90.00 95.022(6) 90.00
P21/n
C1 1 ? 0.29601(13) 0.68344(13) 0.21604(11) 1 0.0205(4)
O1 1 ? 0.37556(10) 0.70200(11) 0.26153(9) 1 0.0299(3)
H1 1 ? 0.3751(17) 0.7605(19) 0.2641(14) 1 0.036
Mn2 1 ? 0.236225(19) 0.564766(19) 0.217891(15) 1 0.01634(8)
B3 1 ? 0.28931(15) 0.65075(15) 0.12720(12) 1 0.0200(4)
H3 1 ? 0.3497(15) 0.6413(15) 0.1008(13) 1 0.024
B4 1 ? 0.25429(16) 0.76145(15) 0.16068(13) 1 0.0221(4)
H4 1 ? 0.2906(15) 0.8278(15) 0.1598(13) 1 0.027
B5 1 ? 0.19551(16) 0.70632(15) 0.23745(12) 1 0.0214(4)
H5 1 ? 0.1915(15) 0.7377(15) 0.2947(13) 1 0.026
B6 1 ? 0.18273(15) 0.59895(15) 0.09953(12) 1 0.0205(4)
H6 1 ? 0.1733(15) 0.5485(15) 0.0588(13) 1 0.025
B7 1 ? 0.20043(16) 0.71544(15) 0.07489(13) 1 0.0214(4)
H7 1 ? 0.2069(15) 0.7446(15) 0.0199(13) 1 0.026
B8 1 ? 0.13487(16) 0.75452(16) 0.15228(13) 1 0.0235(5)
H8 1 ? 0.0924(16) 0.8110(16) 0.1548(13) 1 0.028
B9 1 ? 0.11276(15) 0.64049(16) 0.18241(13) 1 0.0213(4)
H9 1 ? 0.0529(15) 0.6173(15) 0.2017(13) 1 0.026
C10 1 ? 0.10730(14) 0.67538(14) 0.09469(11) 1 0.0229(4)
H10 1 ? 0.0506(16) 0.6744(15) 0.0566(13) 1 0.027
C21 1 ? 0.33288(13) 0.49584(13) 0.21007(11) 1 0.0210(4)
O21 1 ? 0.39391(10) 0.45126(10) 0.20211(9) 1 0.0290(3)
C22 1 ? 0.23772(13) 0.54869(13) 0.31990(11) 1 0.0211(4)
O22 1 ? 0.23547(11) 0.53920(11) 0.38526(8) 1 0.0322(4)
C23 1 ? 0.16640(13) 0.46973(14) 0.20012(11) 1 0.0206(4)
O23 1 ? 0.12136(10) 0.40806(10) 0.18766(9) 1 0.0305(3)
P1 1 ? 0.85438(3) 0.86656(3) 0.32929(2) 1 0.01232(10)
N1 1 ? 0.87894(10) 0.86873(10) 0.24270(8) 1 0.0147(3)
C111 1 ? 0.88106(11) 0.96990(12) 0.37775(10) 1 0.0146(3)
C112 1 ? 0.87005(13) 0.97886(14) 0.45622(11) 1 0.0213(4)
H112 1 ? 0.8481 0.9303 0.4841 1 0.026
C113 1 ? 0.89133(14) 1.05881(14) 0.49328(11) 1 0.0255(4)
H113 1 ? 0.8831 1.0656 0.5465 1 0.031
C114 1 ? 0.92467(14) 1.12884(14) 0.45255(12) 1 0.0263(4)
H114 1 ? 0.9392 1.1836 0.4780 1 0.032
C115 1 ? 0.93693(14) 1.11977(13) 0.37527(12) 1 0.0251(4)
H115 1 ? 0.9606 1.1679 0.3480 1 0.030
C116 1 ? 0.91466(13) 1.04031(12) 0.33746(11) 1 0.0189(4)
H116 1 ? 0.9224 1.0342 0.2841 1 0.023
C121 1 ? 0.91852(12) 0.77952(12) 0.37923(10) 1 0.0139(3)
C122 1 ? 1.00180(12) 0.75491(12) 0.35584(10) 1 0.0162(3)
H122 1 ? 1.0250 0.7837 0.3133 1 0.019
C123 1 ? 1.05028(13) 0.68797(13) 0.39533(11) 1 0.0199(4)
H123 1 ? 1.1071 0.6710 0.3797 1 0.024
C124 1 ? 1.01650(13) 0.64552(13) 0.45746(11) 1 0.0209(4)
H124 1 ? 1.0500 0.5993 0.4838 1 0.025
C125 1 ? 0.93451(14) 0.67010(14) 0.48106(11) 1 0.0223(4)
H125 1 ? 0.9117 0.6412 0.5238 1 0.027
C126 1 ? 0.88546(13) 0.73706(13) 0.44226(10) 1 0.0196(4)
H126 1 ? 0.8290 0.7542 0.4586 1 0.023
C131 1 ? 0.73942(12) 0.84034(12) 0.34151(9) 1 0.0139(3)
C132 1 ? 0.70840(13) 0.75549(12) 0.31960(11) 1 0.0186(4)
H132 1 ? 0.7477 0.7140 0.2988 1 0.022
C133 1 ? 0.62089(13) 0.73174(13) 0.32808(11) 1 0.0210(4)
H133 1 ? 0.6002 0.6738 0.3136 1 0.025
C134 1 ? 0.56298(13) 0.79228(14) 0.35778(11) 1 0.0216(4)
H134 1 ? 0.5029 0.7755 0.3642 1 0.026
C135 1 ? 0.59258(13) 0.87677(14) 0.37802(11) 1 0.0220(4)
H135 1 ? 0.5525 0.9185 0.3974 1 0.026
C136 1 ? 0.68090(12) 0.90110(13) 0.37016(10) 1 0.0175(4)
H136 1 ? 0.7012 0.9593 0.3844 1 0.021
P2 1 ? 0.82858(3) 0.89083(3) 0.16127(2) 1 0.01226(10)
C211 1 ? 0.82985(12) 0.79448(12) 0.10026(10) 1 0.0155(3)
C212 1 ? 0.87016(13) 0.71678(13) 0.12863(12) 1 0.0211(4)
H212 1 ? 0.8951 0.7138 0.1807 1 0.025
C213 1 ? 0.87406(15) 0.64324(14) 0.08072(14) 1 0.0291(5)
H213 1 ? 0.9009 0.5896 0.1003 1 0.035
C214 1 ? 0.83934(16) 0.64758(15) 0.00520(14) 1 0.0330(5)
H214 1 ? 0.8424 0.5970 -0.0273 1 0.040
C215 1 ? 0.80002(17) 0.72517(16) -0.02382(13) 1 0.0338(5)
H215 1 ? 0.7765 0.7281 -0.0762 1 0.041
C216 1 ? 0.79496(15) 0.79848(14) 0.02352(11) 1 0.0246(4)
H216 1 ? 0.7676 0.8518 0.0037 1 0.030
C221 1 ? 0.88458(12) 0.97837(12) 0.11445(10) 1 0.0147(3)
C222 1 ? 0.84189(13) 1.02197(13) 0.05058(10) 1 0.0192(4)
H222 1 ? 0.7811 1.0090 0.0343 1 0.023
C223 1 ? 0.88846(15) 1.08404(13) 0.01114(11) 1 0.0237(4)
H223 1 ? 0.8601 1.1124 -0.0333 1 0.028
C224 1 ? 0.97593(15) 1.10502(13) 0.03600(12) 1 0.0249(4)
H224 1 ? 1.0072 1.1484 0.0090 1 0.030
C225 1 ? 1.01814(14) 1.06344(13) 0.09961(12) 1 0.0237(4)
H225 1 ? 1.0780 1.0791 0.1171 1 0.028
C226 1 ? 0.97334(12) 0.99849(12) 0.13843(11) 1 0.0178(4)
H226 1 ? 1.0032 0.9680 0.1811 1 0.021
C231 1 ? 0.71395(12) 0.92465(12) 0.16435(9) 1 0.0140(3)
C232 1 ? 0.64437(12) 0.86340(13) 0.15440(10) 1 0.0178(4)
H232 1 ? 0.6561 0.8038 0.1397 1 0.021
C233 1 ? 0.55769(13) 0.88947(14) 0.16595(11) 1 0.0218(4)
H233 1 ? 0.5103 0.8473 0.1601 1 0.026
C234 1 ? 0.53993(13) 0.97621(14) 0.18586(11) 1 0.0229(4)
H234 1 ? 0.4803 0.9938 0.1930 1 0.027
C235 1 ? 0.60886(14) 1.03767(14) 0.19542(12) 1 0.0234(4)
H235 1 ? 0.5966 1.0975 0.2091 1 0.028
C236 1 ? 0.69588(13) 1.01197(13) 0.18507(11) 1 0.0194(4)
H236 1 ? 0.7433 1.0540 0.1921 1 0.023

?|?|A.Franken; P.Lei; T.D.McGrath; F.G.A.Stone|Carbonyl-metal fragment insertion into eight-vertex [closo-1-CB~7~H~8~]^-^. Facile synthesis of ten-vertex metalladicarbollide complexes [2,2,2-(CO)~3~- 1-OH-closo-2,1,10-MC~2~B~7~H~8~]^n-^ {M= Fe, Ru (n = 0), Mn, Re (n = 1)}|Chem.Commun.|
C41 H39 B7 N O4 P2 Re
15.098(3) 15.289(3) 17.297(4) 90.00 98.085(9) 90.00
P21/n
C1 1 ? 0.1054(2) 0.4266(2) 0.11391(19) 1 0.0172(8)
O1 1 ? 0.03656(16) 0.48287(17) 0.08134(14) 1 0.0258(6)
H1 1 ? 0.0000 0.4549 0.0495 1 0.031
Re1 1 ? 0.205616(9) 0.473460(10) 0.201721(7) 1 0.01680(5)
B3 1 ? 0.1946(3) 0.4064(3) 0.0755(2) 1 0.0219(10)
H3 1 ? 0.205(2) 0.439(2) 0.028(2) 1 0.026
B4 1 ? 0.1025(3) 0.3290(3) 0.0807(2) 1 0.0221(10)
H4 1 ? 0.049(2) 0.315(2) 0.037(2) 1 0.026
B5 1 ? 0.1000(3) 0.3565(3) 0.1839(2) 1 0.0194(9)
H5 1 ? 0.043(2) 0.352(2) 0.212(2) 1 0.023
B6 1 ? 0.2822(3) 0.3598(3) 0.1487(3) 1 0.0288(11)
H6 1 ? 0.353(3) 0.368(2) 0.147(2) 1 0.035
B7 1 ? 0.2128(3) 0.2898(3) 0.0785(3) 1 0.0301(11)
H7 1 ? 0.232(2) 0.250(3) 0.030(2) 1 0.036
B8 1 ? 0.1466(3) 0.2548(3) 0.1543(3) 1 0.0288(11)
H8 1 ? 0.114(2) 0.193(3) 0.163(2) 1 0.035
B9 1 ? 0.2142(3) 0.3230(3) 0.2266(3) 1 0.0271(11)
H9 1 ? 0.226(2) 0.304(2) 0.290(2) 1 0.033
C10 1 ? 0.2521(3) 0.2622(3) 0.1646(3) 1 0.0334(11)
H10 1 ? 0.300(3) 0.215(3) 0.172(2) 1 0.040
C21 1 ? 0.1478(2) 0.5859(3) 0.1942(2) 1 0.0274(10)
O21 1 ? 0.11388(18) 0.6530(2) 0.18879(19) 1 0.0418(9)
C22 1 ? 0.3181(2) 0.5308(3) 0.2028(2) 1 0.0254(9)
O22 1 ? 0.38620(17) 0.5636(2) 0.19851(16) 1 0.0350(7)
C23 1 ? 0.2165(2) 0.4815(3) 0.3132(2) 1 0.0279(10)
O23 1 ? 0.2189(2) 0.4813(2) 0.37991(16) 1 0.0443(9)
P1 1 ? 0.63680(5) 0.63861(6) 0.17311(5) 1 0.01315(19)
N1 1 ? 0.61532(17) 0.63120(19) 0.25938(15) 1 0.0140(6)
C111 1 ? 0.6139(2) 0.5383(2) 0.12093(19) 1 0.0153(8)
C112 1 ? 0.6245(2) 0.5323(3) 0.0423(2) 1 0.0204(8)
H112 1 ? 0.6420 0.5821 0.0154 1 0.024
C113 1 ? 0.6094(2) 0.4539(3) 0.0040(2) 1 0.0258(10)
H113 1 ? 0.6172 0.4495 -0.0495 1 0.031
C114 1 ? 0.5833(2) 0.3820(3) 0.0421(2) 1 0.0278(10)
H114 1 ? 0.5731 0.3280 0.0151 1 0.033
C115 1 ? 0.5718(2) 0.3876(3) 0.1194(2) 1 0.0273(9)
H115 1 ? 0.5536 0.3375 0.1456 1 0.033
C116 1 ? 0.5866(2) 0.4657(2) 0.1589(2) 1 0.0217(8)
H116 1 ? 0.5781 0.4696 0.2122 1 0.026
C121 1 ? 0.7493(2) 0.6706(2) 0.16475(18) 1 0.0139(7)
C122 1 ? 0.8112(2) 0.6133(2) 0.14199(18) 1 0.0162(8)
H122 1 ? 0.7945 0.5544 0.1296 1 0.019
C123 1 ? 0.8970(2) 0.6409(3) 0.1372(2) 1 0.0214(9)
H123 1 ? 0.9394 0.6012 0.1213 1 0.026
C124 1 ? 0.9215(2) 0.7260(3) 0.1554(2) 1 0.0225(9)
H124 1 ? 0.9806 0.7452 0.1515 1 0.027
C125 1 ? 0.8603(2) 0.7832(2) 0.1794(2) 1 0.0211(8)
H125 1 ? 0.8774 0.8418 0.1924 1 0.025
C126 1 ? 0.7748(2) 0.7560(2) 0.1847(2) 1 0.0179(8)
H126 1 ? 0.7330 0.7955 0.2018 1 0.021
C131 1 ? 0.5679(2) 0.7230(2) 0.12365(18) 1 0.0145(8)
C132 1 ? 0.5942(2) 0.7656(2) 0.05989(19) 1 0.0201(8)
H132 1 ? 0.6487 0.7499 0.0419 1 0.024
C133 1 ? 0.5412(2) 0.8311(3) 0.0223(2) 1 0.0243(9)
H133 1 ? 0.5596 0.8609 -0.0210 1 0.029
C134 1 ? 0.4620(2) 0.8529(3) 0.0477(2) 1 0.0238(9)
H134 1 ? 0.4254 0.8975 0.0218 1 0.029
C135 1 ? 0.4354(2) 0.8102(2) 0.1105(2) 1 0.0206(8)
H135 1 ? 0.3803 0.8255 0.1276 1 0.025
C136 1 ? 0.4878(2) 0.7456(2) 0.14901(19) 1 0.0166(8)
H136 1 ? 0.4692 0.7168 0.1926 1 0.020
P2 1 ? 0.66876(6) 0.60971(6) 0.34231(5) 1 0.01323(19)
C211 1 ? 0.7825(2) 0.5763(2) 0.33948(18) 1 0.0147(8)
C212 1 ? 0.7998(2) 0.4909(3) 0.3198(2) 1 0.0214(9)
H212 1 ? 0.7529 0.4489 0.3145 1 0.026
C213 1 ? 0.8848(2) 0.4666(3) 0.3079(2) 1 0.0258(9)
H213 1 ? 0.8965 0.4076 0.2952 1 0.031
C214 1 ? 0.9526(2) 0.5270(3) 0.3143(2) 1 0.0246(9)
H214 1 ? 1.0108 0.5104 0.3051 1 0.030
C215 1 ? 0.9355(2) 0.6122(3) 0.3343(2) 1 0.0217(9)
H215 1 ? 0.9823 0.6542 0.3386 1 0.026
C216 1 ? 0.8513(2) 0.6368(2) 0.34787(19) 1 0.0168(8)
H216 1 ? 0.8405 0.6951 0.3630 1 0.020
C221 1 ? 0.6135(2) 0.5245(2) 0.38710(19) 1 0.0158(7)
C222 1 ? 0.5241(2) 0.5067(2) 0.3598(2) 1 0.0193(8)
H222 1 ? 0.4938 0.5388 0.3171 1 0.023
C223 1 ? 0.4796(3) 0.4423(3) 0.3950(2) 1 0.0267(9)
H223 1 ? 0.4190 0.4292 0.3755 1 0.032
C224 1 ? 0.5226(3) 0.3974(3) 0.4579(2) 1 0.0291(9)
H224 1 ? 0.4916 0.3534 0.4823 1 0.035
C225 1 ? 0.6107(3) 0.4158(3) 0.4858(2) 1 0.0281(9)
H225 1 ? 0.6397 0.3850 0.5300 1 0.034
C226 1 ? 0.6567(2) 0.4778(2) 0.4508(2) 1 0.0205(8)
H226 1 ? 0.7178 0.4890 0.4697 1 0.025
C231 1 ? 0.6724(2) 0.7050(2) 0.4034(2) 1 0.0162(8)
C232 1 ? 0.6450(2) 0.7843(2) 0.3704(2) 1 0.0191(8)
H232 1 ? 0.6236 0.7878 0.3162 1 0.023
C233 1 ? 0.6487(2) 0.8580(3) 0.4159(2) 1 0.0263(9)
H233 1 ? 0.6306 0.9127 0.3929 1 0.032
C234 1 ? 0.6783(2) 0.8531(3) 0.4946(2) 1 0.0279(10)
H234 1 ? 0.6803 0.9042 0.5260 1 0.033
C235 1 ? 0.7049(3) 0.7744(3) 0.5274(2) 1 0.0305(10)
H235 1 ? 0.7255 0.7711 0.5818 1 0.037
C236 1 ? 0.7022(2) 0.7000(3) 0.4828(2) 1 0.0249(9)
H236 1 ? 0.7206 0.6455 0.5061 1 0.030
