|'diaqua(15-crown-5)iron(II) nitrate'|||Acta Crystallographica, Section B|2008 64(6) 738 749
C10 H24 Fe N2 O13
14.507(2) 14.226(2) 68.390(6) 90.00 96.23(2) 90.00
B1211
O6_1 ? ? 0.1775(3) 0.6753(3) 0.07905(5) 1 0.02081(16)
H1W_1 ? ? 0.176(3) 0.699(2) 0.0680(3) 1 0.025
H2W_1 ? ? 0.162(3) 0.717(2) 0.0863(5) 1 0.025
O7_1 ? ? 0.3066(3) 0.4320(3) 0.10150(5) 1 0.02090(17)
H3W_1 ? ? 0.320(3) 0.3775(12) 0.0993(5) 1 0.025
H4W_1 ? ? 0.328(3) 0.444(3) 0.1127(3) 1 0.025
Fe1_1 ? ? 0.24290(6) 0.55447(6) 0.089830(10) 1 0.01219(7)
O1_1 ? ? 0.1220(2) 0.5221(3) 0.10650(5) 1 0.01543(15)
O2_1 ? ? 0.1553(2) 0.4489(3) 0.07201(5) 1 0.01650(15)
O3_1 ? ? 0.2973(2) 0.5468(3) 0.06064(5) 1 0.01685(16)
O4_1 ? ? 0.3807(2) 0.6248(3) 0.09345(5) 1 0.01722(15)
O5_1 ? ? 0.2623(3) 0.6244(3) 0.11836(5) 1 0.02154(16)
C1_1 ? ? 0.0742(4) 0.4377(4) 0.09971(8) 1 0.0203(2)
H11_1 ? ? 0.0129 0.4343 0.1048 1 0.024
H12_1 ? ? 0.1107 0.3815 0.1043 1 0.024
C2_1 ? ? 0.0627(4) 0.4418(5) 0.07754(8) 1 0.0205(2)
H21_1 ? ? 0.0318 0.3843 0.0719 1 0.025
H22_1 ? ? 0.0253 0.4971 0.0728 1 0.025
C3_1 ? ? 0.1611(4) 0.4583(5) 0.05137(7) 1 0.0178(2)
H31_1 ? ? 0.1275 0.5151 0.0462 1 0.021
H32_1 ? ? 0.1340 0.4026 0.0442 1 0.021
C4_1 ? ? 0.2636(4) 0.4664(4) 0.04914(8) 1 0.0175(2)
H41_1 ? ? 0.2967 0.4088 0.0540 1 0.021
H42_1 ? ? 0.2731 0.4755 0.0351 1 0.021
C5_1 ? ? 0.3967(3) 0.5574(5) 0.06258(7) 1 0.0210(2)
H51_1 ? ? 0.4187 0.5666 0.0495 1 0.025
H52_1 ? ? 0.4270 0.5007 0.0687 1 0.025
C6_1 ? ? 0.4184(4) 0.6406(4) 0.07512(8) 1 0.0228(2)
H61_1 ? ? 0.4864 0.6496 0.0775 1 0.027
H62_1 ? ? 0.3906 0.6976 0.0686 1 0.027
C7_1 ? ? 0.3822(4) 0.7053(4) 0.10597(8) 1 0.0207(2)
H71_1 ? ? 0.3435 0.7561 0.0995 1 0.025
H72_1 ? ? 0.4464 0.7289 0.1089 1 0.025
C8_1 ? ? 0.3444(4) 0.6754(4) 0.12461(8) 1 0.0201(2)
H81_1 ? ? 0.3895 0.6351 0.1326 1 0.024
H82_1 ? ? 0.3302 0.7308 0.1325 1 0.024
C9_1 ? ? 0.1949(4) 0.6142(4) 0.13207(8) 1 0.0167(2)
H91_1 ? ? 0.1495 0.6664 0.1306 1 0.020
H92_1 ? ? 0.2254 0.6145 0.1457 1 0.020
C10_1 ? ? 0.1472(4) 0.5217(4) 0.12746(7) 1 0.0176(2)
H101_1 ? ? 0.1895 0.4687 0.1313 1 0.021
H102_1 ? ? 0.0914 0.5159 0.1345 1 0.021
O6_2 ? ? 0.3227(3) 0.4301(3) 0.23270(5) 1 0.02081(16)
H1W_2 ? ? 0.339(3) 0.388(2) 0.2256(5) 1 0.025
H2W_2 ? ? 0.347(2) 0.418(3) 0.2438(2) 1 0.025
O7_2 ? ? 0.1871(3) 0.6661(3) 0.20988(5) 1 0.02090(17)
H3W_2 ? ? 0.173(3) 0.7091(19) 0.2169(4) 1 0.025
H4W_2 ? ? 0.158(3) 0.674(3) 0.1991(3) 1 0.025
Fe2_2 ? ? 0.25606(6) 0.55152(6) 0.221884(11) 1 0.01219(7)
O1_2 ? ? 0.3775(2) 0.5848(3) 0.20503(5) 1 0.01543(15)
O2_2 ? ? 0.3405(2) 0.6562(3) 0.23915(5) 1 0.01650(15)
O3_2 ? ? 0.2024(2) 0.5587(3) 0.25158(5) 1 0.01685(16)
O4_2 ? ? 0.1202(2) 0.4751(3) 0.21893(5) 1 0.01722(15)
O5_2 ? ? 0.2356(3) 0.4827(3) 0.19308(5) 1 0.02154(16)
C1_2 ? ? 0.4240(4) 0.6694(4) 0.21186(8) 1 0.0203(2)
H11_2 ? ? 0.3878 0.7251 0.2069 1 0.024
H12_2 ? ? 0.4861 0.6727 0.2071 1 0.024
C2_2 ? ? 0.4329(4) 0.6667(5) 0.23384(7) 1 0.0205(2)
H21_2 ? ? 0.4722 0.6131 0.2388 1 0.025
H22_2 ? ? 0.4611 0.7256 0.2394 1 0.025
C3_2 ? ? 0.3346(4) 0.6479(4) 0.26015(7) 1 0.0178(2)
H31_2 ? ? 0.3625 0.7036 0.2672 1 0.021
H32_2 ? ? 0.3676 0.5909 0.2655 1 0.021
C4_2 ? ? 0.2342(4) 0.6415(4) 0.26240(7) 1 0.0175(2)
H41_2 ? ? 0.2243 0.6354 0.2764 1 0.021
H42_2 ? ? 0.2010 0.6981 0.2569 1 0.021
C5_2 ? ? 0.1032(4) 0.5457(5) 0.24959(8) 1 0.0210(2)
H51_2 ? ? 0.0715 0.6000 0.2427 1 0.025
H52_2 ? ? 0.0806 0.5389 0.2627 1 0.025
C6_2 ? ? 0.0849(4) 0.4556(4) 0.23748(8) 1 0.0228(2)
H61_2 ? ? 0.1177 0.4015 0.2441 1 0.027
H62_2 ? ? 0.0177 0.4415 0.2355 1 0.027
C7_2 ? ? 0.1215(4) 0.3924(4) 0.20641(8) 1 0.0207(2)
H71_2 ? ? 0.0585 0.3653 0.2038 1 0.025
H72_2 ? ? 0.1636 0.3439 0.2128 1 0.025
C8_2 ? ? 0.1558(4) 0.4259(4) 0.18748(8) 1 0.0201(2)
H81_2 ? ? 0.1724 0.3717 0.1795 1 0.024
H82_2 ? ? 0.1073 0.4631 0.1797 1 0.024
C9_2 ? ? 0.3042(4) 0.4896(4) 0.17991(8) 1 0.0167(2)
H91_2 ? ? 0.2753 0.4875 0.1661 1 0.020
H92_2 ? ? 0.3490 0.4371 0.1820 1 0.020
C10_2 ? ? 0.3516(4) 0.5817(4) 0.18418(7) 1 0.0176(2)
H101_2 ? ? 0.4073 0.5866 0.1770 1 0.021
H102_2 ? ? 0.3093 0.6343 0.1800 1 0.021
O6_3 ? ? 0.1922(3) 0.6761(3) 0.33194(6) 1 0.02081(16)
H1W_3 ? ? 0.168(2) 0.716(2) 0.3385(5) 1 0.025
H2W_3 ? ? 0.172(3) 0.686(3) 0.3205(2) 1 0.025
O7_3 ? ? 0.3068(3) 0.4279(3) 0.35467(6) 1 0.02090(17)
H3W_3 ? ? 0.313(3) 0.3752(14) 0.3498(5) 1 0.025
H4W_3 ? ? 0.346(2) 0.430(3) 0.3643(4) 1 0.025
Fe3_3 ? ? 0.24848(9) 0.55168(9) 0.342494(15) 0.8928(19) 0.01219(7)
O1_3 ? ? 0.1210(2) 0.5284(2) 0.35782(4) 0.8928(19) 0.01543(15)
O2_3 ? ? 0.1592(2) 0.4466(3) 0.32451(5) 0.8928(19) 0.01650(15)
O3_3 ? ? 0.3045(2) 0.5392(3) 0.31347(5) 0.8928(19) 0.01685(16)
O4_3 ? ? 0.3885(2) 0.6187(3) 0.34641(5) 0.8928(19) 0.01722(15)
O5_3 ? ? 0.2717(2) 0.6149(3) 0.37187(5) 0.8928(19) 0.02154(16)
C1_3 ? ? 0.0711(4) 0.4453(4) 0.35124(7) 0.8928(19) 0.0203(2)
H11_3 ? ? 0.0081 0.4461 0.3556 0.8928(19) 0.024
H12_3 ? ? 0.1039 0.3885 0.3567 0.8928(19) 0.024
C2_3 ? ? 0.0655(3) 0.4454(4) 0.32905(7) 0.8928(19) 0.0205(2)
H21_3 ? ? 0.0330 0.3885 0.3235 0.8928(19) 0.025
H22_3 ? ? 0.0317 0.5017 0.3236 0.8928(19) 0.025
C3_3 ? ? 0.1687(3) 0.4526(4) 0.30382(7) 0.8928(19) 0.0178(2)
H31_3 ? ? 0.1368 0.5093 0.2981 0.8928(19) 0.021
H32_3 ? ? 0.1414 0.3965 0.2968 0.8928(19) 0.021
C4_3 ? ? 0.2703(4) 0.4579(4) 0.30212(7) 0.8928(19) 0.0175(2)
H41_3 ? ? 0.3018 0.4001 0.3074 0.8928(19) 0.021
H42_3 ? ? 0.2817 0.4652 0.2882 0.8928(19) 0.021
C5_3 ? ? 0.4039(3) 0.5480(4) 0.31561(7) 0.8928(19) 0.0210(2)
H51_3 ? ? 0.4269 0.5555 0.3026 0.8928(19) 0.025
H52_3 ? ? 0.4331 0.4916 0.3221 0.8928(19) 0.025
C6_3 ? ? 0.4259(4) 0.6344(4) 0.32813(7) 0.8928(19) 0.0228(2)
H61_3 ? ? 0.4938 0.6440 0.3304 0.8928(19) 0.027
H62_3 ? ? 0.3975 0.6909 0.3215 0.8928(19) 0.027
C7_3 ? ? 0.3900(4) 0.7004(4) 0.35874(7) 0.8928(19) 0.0207(2)
H71_3 ? ? 0.3516 0.7509 0.3521 0.8928(19) 0.025
H72_3 ? ? 0.4542 0.7239 0.3616 0.8928(19) 0.025
C8_3 ? ? 0.3515(3) 0.6723(4) 0.37755(7) 0.8928(19) 0.0201(2)
H81_3 ? ? 0.3984 0.6365 0.3862 0.8928(19) 0.024
H82_3 ? ? 0.3337 0.7287 0.3847 0.8928(19) 0.024
C9_3 ? ? 0.1976(4) 0.6205(4) 0.38370(7) 0.8928(19) 0.0167(2)
H91_3 ? ? 0.1602 0.6778 0.3805 0.8928(19) 0.020
H92_3 ? ? 0.2212 0.6217 0.3978 0.8928(19) 0.020
C10_3 ? ? 0.1409(4) 0.5337(4) 0.37880(7) 0.8928(19) 0.0176(2)
H101_3 ? ? 0.1757 0.4772 0.3838 0.8928(19) 0.021
H102_3 ? ? 0.0824 0.5367 0.3850 0.8928(19) 0.021
Fe9_9 ? ? 0.2500(5) 0.5563(5) 0.34475(9) 0.1072(19) 0.01219(7)
O1_9 ? ? 0.3732(6) 0.5825(8) 0.32980(14) 0.1072(19) 0.01543(15)
O2_9 ? ? 0.3418(7) 0.6500(8) 0.36270(13) 0.1072(19) 0.01650(15)
O3_9 ? ? 0.1956(7) 0.5699(8) 0.37257(11) 0.1072(19) 0.01685(16)
O4_9 ? ? 0.1114(6) 0.4889(8) 0.34181(15) 0.1072(19) 0.01722(15)
O5_9 ? ? 0.2265(7) 0.4923(8) 0.31753(11) 0.1072(19) 0.02154(16)
C1_9 ? ? 0.4253(7) 0.6631(10) 0.33657(18) 0.1072(19) 0.0203(2)
H1A_9 ? ? 0.3939 0.7205 0.3319 0.1072(19) 0.024
H1B_9 ? ? 0.4856 0.6618 0.3321 0.1072(19) 0.024
C2_9 ? ? 0.4347(7) 0.6600(10) 0.35759(18) 0.1072(19) 0.0205(2)
H2A_9 ? ? 0.4726 0.6067 0.3624 0.1072(19) 0.025
H2B_9 ? ? 0.4629 0.7177 0.3630 0.1072(19) 0.025
C3_9 ? ? 0.3332(9) 0.6485(11) 0.38284(13) 0.1072(19) 0.0178(2)
H3A_9 ? ? 0.3615 0.7043 0.3891 0.1072(19) 0.021
H3B_9 ? ? 0.3627 0.5927 0.3888 0.1072(19) 0.021
C4_9 ? ? 0.2323(9) 0.6471(10) 0.38418(13) 0.1072(19) 0.0175(2)
H4A_9 ? ? 0.2208 0.6382 0.3974 0.1072(19) 0.021
H4B_9 ? ? 0.2041 0.7061 0.3795 0.1072(19) 0.021
C5_9 ? ? 0.1005(8) 0.5589(11) 0.37186(17) 0.1072(19) 0.0210(2)
H5A_9 ? ? 0.0688 0.6146 0.3664 0.1072(19) 0.025
H5B_9 ? ? 0.0835 0.5491 0.3846 0.1072(19) 0.025
C6_9 ? ? 0.0753(7) 0.4725(10) 0.35929(18) 0.1072(19) 0.0228(2)
H6A_9 ? ? 0.1020 0.4158 0.3654 0.1072(19) 0.027
H6B_9 ? ? 0.0088 0.4648 0.3571 0.1072(19) 0.027
C7_9 ? ? 0.1054(8) 0.4116(9) 0.32846(18) 0.1072(19) 0.0207(2)
H7A_9 ? ? 0.0415 0.3928 0.3252 0.1072(19) 0.025
H7B_9 ? ? 0.1397 0.3578 0.3341 0.1072(19) 0.025
C8_9 ? ? 0.1434(9) 0.4417(10) 0.31142(15) 0.1072(19) 0.0201(2)
H8A_9 ? ? 0.1564 0.3873 0.3038 0.1072(19) 0.024
H8B_9 ? ? 0.0999 0.4823 0.3037 0.1072(19) 0.024
C9_9 ? ? 0.2960(9) 0.4932(10) 0.30491(13) 0.1072(19) 0.0167(2)
H9A_9 ? ? 0.2679 0.4931 0.2917 0.1072(19) 0.020
H9B_9 ? ? 0.3349 0.4377 0.3070 0.1072(19) 0.020
C10_9 ? ? 0.3518(9) 0.5813(11) 0.30912(13) 0.1072(19) 0.0176(2)
H10A_9 ? ? 0.4078 0.5793 0.3030 0.1072(19) 0.021
H10B_9 ? ? 0.3166 0.6369 0.3047 0.1072(19) 0.021
O6_4 ? ? 0.1748(3) 0.6730(3) 0.45514(5) 1 0.02081(16)
H1W_4 ? ? 0.164(4) 0.717(2) 0.4623(5) 1 0.025
H2W_4 ? ? 0.176(3) 0.695(2) 0.4440(2) 1 0.025
O7_4 ? ? 0.3166(3) 0.4394(3) 0.47867(5) 1 0.02090(17)
H3W_4 ? ? 0.329(3) 0.3856(14) 0.4752(5) 1 0.025
H4W_4 ? ? 0.352(2) 0.448(3) 0.4887(4) 1 0.025
Fe4_4 ? ? 0.24573(6) 0.55683(7) 0.466663(11) 1 0.01219(7)
O1_4 ? ? 0.1254(2) 0.5225(3) 0.48319(5) 1 0.01543(15)
O2_4 ? ? 0.1622(2) 0.4486(3) 0.44938(5) 1 0.01650(15)
O3_4 ? ? 0.2982(2) 0.5517(3) 0.43727(4) 1 0.01685(16)
O4_4 ? ? 0.3789(2) 0.6365(3) 0.46921(5) 1 0.01722(15)
O5_4 ? ? 0.2671(2) 0.6241(3) 0.49539(5) 1 0.02154(16)
C1_4 ? ? 0.0793(4) 0.4357(4) 0.47687(8) 1 0.0203(2)
H11_4 ? ? 0.0177 0.4316 0.4818 1 0.024
H12_4 ? ? 0.1168 0.3808 0.4818 1 0.024
C2_4 ? ? 0.0696(3) 0.4384(5) 0.45455(7) 1 0.0205(2)
H21_4 ? ? 0.0412 0.3797 0.4490 1 0.025
H22_4 ? ? 0.0306 0.4923 0.4496 1 0.025
C3_4 ? ? 0.1674(3) 0.4535(4) 0.42874(7) 1 0.0178(2)
H31_4 ? ? 0.1302 0.5069 0.4229 1 0.021
H32_4 ? ? 0.1443 0.3947 0.4222 1 0.021
C4_4 ? ? 0.2698(4) 0.4677(4) 0.42657(7) 1 0.0175(2)
H41_4 ? ? 0.3063 0.4131 0.4320 1 0.021
H42_4 ? ? 0.2793 0.4746 0.4125 1 0.021
C5_4 ? ? 0.3952(3) 0.5727(4) 0.43808(7) 1 0.0210(2)
H51_4 ? ? 0.4126 0.5850 0.4247 1 0.025
H52_4 ? ? 0.4326 0.5194 0.4439 1 0.025
C6_4 ? ? 0.4109(4) 0.6562(5) 0.45038(7) 1 0.0228(2)
H61_4 ? ? 0.4777 0.6720 0.4521 1 0.027
H62_4 ? ? 0.3765 0.7104 0.4441 1 0.027
C7_4 ? ? 0.3766(4) 0.7169(4) 0.48151(8) 1 0.0207(2)
H71_4 ? ? 0.3330 0.7644 0.4753 1 0.025
H72_4 ? ? 0.4390 0.7455 0.4839 1 0.025
C8_4 ? ? 0.3447(4) 0.6832(4) 0.50064(8) 1 0.0201(2)
H81_4 ? ? 0.3948 0.6478 0.5084 1 0.024
H82_4 ? ? 0.3269 0.7371 0.5086 1 0.024
C9_4 ? ? 0.1960(4) 0.6196(4) 0.50837(8) 1 0.0167(2)
H91_4 ? ? 0.1515 0.6721 0.5057 1 0.020
H92_4 ? ? 0.2232 0.6230 0.5223 1 0.020
C10_4 ? ? 0.1479(4) 0.5253(4) 0.50411(7) 1 0.0176(2)
H101_4 ? ? 0.1897 0.4727 0.5086 1 0.021
H102_4 ? ? 0.0910 0.5209 0.5109 1 0.021
O6_5 ? ? 0.3201(3) 0.4325(3) 0.60816(5) 1 0.02081(16)
H1W_5 ? ? 0.355(2) 0.423(3) 0.6181(3) 1 0.025
H2W_5 ? ? 0.323(3) 0.388(2) 0.6007(5) 1 0.025
O7_5 ? ? 0.1949(3) 0.6748(3) 0.58559(6) 1 0.02090(17)
H3W_5 ? ? 0.184(3) 0.7164(19) 0.5931(4) 1 0.025
H4W_5 ? ? 0.157(2) 0.676(3) 0.5760(3) 1 0.025
Fe5_5 ? ? 0.25751(6) 0.55685(6) 0.597484(10) 1 0.01219(7)
O1_5 ? ? 0.3800(2) 0.5878(3) 0.58124(5) 1 0.01543(15)
O2_5 ? ? 0.3442(2) 0.6593(3) 0.61533(5) 1 0.01650(15)
O3_5 ? ? 0.2008(2) 0.5661(3) 0.62667(5) 1 0.01685(16)
O4_5 ? ? 0.1187(2) 0.4864(3) 0.59387(5) 1 0.01722(15)
O5_5 ? ? 0.2383(3) 0.4868(3) 0.56900(5) 1 0.02154(16)
C1_5 ? ? 0.4296(4) 0.6713(4) 0.58831(8) 1 0.0203(2)
H11_5 ? ? 0.3952 0.7283 0.5835 1 0.024
H12_5 ? ? 0.4918 0.6728 0.5836 1 0.024
C2_5 ? ? 0.4377(4) 0.6670(5) 0.61010(8) 1 0.0205(2)
H21_5 ? ? 0.4751 0.6119 0.6150 1 0.025
H22_5 ? ? 0.4679 0.7246 0.6159 1 0.025
C3_5 ? ? 0.3371(4) 0.6493(4) 0.63611(7) 1 0.0178(2)
H31_5 ? ? 0.3662 0.7035 0.6435 1 0.021
H32_5 ? ? 0.3679 0.5909 0.6412 1 0.021
C4_5 ? ? 0.2358(4) 0.6458(4) 0.63799(8) 1 0.0175(2)
H41_5 ? ? 0.2248 0.6383 0.6519 1 0.021
H42_5 ? ? 0.2051 0.7042 0.6328 1 0.021
C5_5 ? ? 0.1014(3) 0.5585(5) 0.62427(7) 1 0.0210(2)
H51_5 ? ? 0.0732 0.6146 0.6174 1 0.025
H52_5 ? ? 0.0773 0.5527 0.6372 1 0.025
C6_5 ? ? 0.0797(4) 0.4700(4) 0.61194(8) 1 0.0228(2)
H61_5 ? ? 0.1082 0.4140 0.6187 1 0.027
H62_5 ? ? 0.0119 0.4601 0.6095 1 0.027
C7_5 ? ? 0.1156(4) 0.4048(4) 0.58112(8) 1 0.0207(2)
H71_5 ? ? 0.0508 0.3834 0.5779 1 0.025
H72_5 ? ? 0.1521 0.3527 0.5877 1 0.025
C8_5 ? ? 0.1563(4) 0.4344(5) 0.56275(8) 1 0.0201(2)
H81_5 ? ? 0.1717 0.3785 0.5551 1 0.024
H82_5 ? ? 0.1117 0.4737 0.5544 1 0.024
C9_5 ? ? 0.3062(4) 0.4947(4) 0.55576(8) 1 0.0167(2)
H91_5 ? ? 0.2769 0.4940 0.5420 1 0.020
H92_5 ? ? 0.3510 0.4422 0.5576 1 0.020
C10_5 ? ? 0.3542(4) 0.5877(4) 0.56045(7) 1 0.0176(2)
H101_5 ? ? 0.4098 0.5936 0.5533 1 0.021
H102_5 ? ? 0.3118 0.6406 0.5566 1 0.021
O6_6 ? ? 0.1856(3) 0.6747(3) 0.70530(5) 1 0.02081(16)
H1W_6 ? ? 0.166(3) 0.681(3) 0.69369(19) 1 0.025
H2W_6 ? ? 0.158(2) 0.713(2) 0.7114(5) 1 0.025
O7_6 ? ? 0.3058(3) 0.4290(3) 0.72815(6) 1 0.02090(17)
H3W_6 ? ? 0.320(3) 0.428(3) 0.74012(17) 1 0.025
H4W_6 ? ? 0.314(3) 0.3748(12) 0.7246(5) 1 0.025
Fe6_6 ? ? 0.24535(6) 0.55114(6) 0.715983(11) 1 0.01219(7)
O1_6 ? ? 0.1199(2) 0.5229(3) 0.73185(5) 1 0.01543(15)
O2_6 ? ? 0.1574(2) 0.4450(3) 0.69807(5) 1 0.01650(15)
O3_6 ? ? 0.3028(2) 0.5397(3) 0.68718(5) 1 0.01685(16)
O4_6 ? ? 0.3852(2) 0.6192(3) 0.72033(5) 1 0.01722(15)
O5_6 ? ? 0.2648(2) 0.6200(3) 0.74484(5) 1 0.02154(16)
C1_6 ? ? 0.0721(4) 0.4392(5) 0.72524(8) 1 0.0203(2)
H11_6 ? ? 0.0098 0.4373 0.7299 1 0.024
H12_6 ? ? 0.1072 0.3829 0.7303 1 0.024
C2_6 ? ? 0.0642(4) 0.4421(5) 0.70299(8) 1 0.0205(2)
H21_6 ? ? 0.0319 0.3854 0.6973 1 0.025
H22_6 ? ? 0.0295 0.4985 0.6979 1 0.025
C3_6 ? ? 0.1665(4) 0.4531(4) 0.67751(7) 1 0.0178(2)
H31_6 ? ? 0.1346 0.5103 0.6720 1 0.021
H32_6 ? ? 0.1389 0.3977 0.6703 1 0.021
C4_6 ? ? 0.2688(4) 0.4587(4) 0.67570(8) 1 0.0175(2)
H41_6 ? ? 0.3005 0.4008 0.6809 1 0.021
H42_6 ? ? 0.2799 0.4665 0.6618 1 0.021
C5_6 ? ? 0.4020(3) 0.5493(5) 0.68969(8) 1 0.0210(2)
H51_6 ? ? 0.4259 0.5563 0.6767 1 0.025
H52_6 ? ? 0.4309 0.4930 0.6963 1 0.025
C6_6 ? ? 0.4247(4) 0.6344(4) 0.70194(8) 1 0.0228(2)
H61_6 ? ? 0.4927 0.6427 0.7044 1 0.027
H62_6 ? ? 0.3976 0.6912 0.6952 1 0.027
C7_6 ? ? 0.3862(4) 0.7011(4) 0.73242(8) 1 0.0207(2)
H71_6 ? ? 0.3480 0.7515 0.7256 1 0.025
H72_6 ? ? 0.4504 0.7247 0.7355 1 0.025
C8_6 ? ? 0.3468(4) 0.6722(5) 0.75096(8) 1 0.0201(2)
H81_6 ? ? 0.3918 0.6329 0.7593 1 0.024
H82_6 ? ? 0.3318 0.7282 0.7586 1 0.024
C9_6 ? ? 0.1929(4) 0.6161(4) 0.75766(8) 1 0.0167(2)
H91_6 ? ? 0.1502 0.6701 0.7552 1 0.020
H92_6 ? ? 0.2198 0.6173 0.7716 1 0.020
C10_6 ? ? 0.1432(4) 0.5262(4) 0.75300(7) 1 0.0176(2)
H101_6 ? ? 0.1832 0.4722 0.7574 1 0.021
H102_6 ? ? 0.0862 0.5233 0.7597 1 0.021
O6_7 ? ? 0.3221(3) 0.4348(3) 0.85616(5) 1 0.02081(16)
H1W_7 ? ? 0.340(3) 0.388(2) 0.8506(5) 1 0.025
H2W_7 ? ? 0.354(2) 0.437(3) 0.8668(3) 1 0.025
O7_7 ? ? 0.1785(3) 0.6664(3) 0.83320(5) 1 0.02090(17)
H3W_7 ? ? 0.173(3) 0.7141(17) 0.8397(4) 1 0.025
H4W_7 ? ? 0.176(3) 0.685(2) 0.8218(2) 1 0.025
Fe7_7 ? ? 0.25256(8) 0.55358(9) 0.845308(14) 0.8775(19) 0.01219(7)
O1_7 ? ? 0.3754(2) 0.5873(2) 0.82880(5) 0.8775(19) 0.01543(15)
O2_7 ? ? 0.3355(2) 0.6627(3) 0.86243(5) 0.8775(19) 0.01650(15)
O3_7 ? ? 0.2011(2) 0.5590(3) 0.87509(4) 0.8775(19) 0.01685(16)
O4_7 ? ? 0.1205(2) 0.4716(3) 0.84280(5) 0.8775(19) 0.01722(15)
O5_7 ? ? 0.2296(2) 0.4913(3) 0.81580(5) 0.8775(19) 0.02154(16)
C1_7 ? ? 0.4205(4) 0.6728(4) 0.83555(8) 0.8775(19) 0.0203(2)
H11_7 ? ? 0.3839 0.7277 0.8303 0.8775(19) 0.024
H12_7 ? ? 0.4829 0.6765 0.8310 0.8775(19) 0.024
C2_7 ? ? 0.4283(3) 0.6723(4) 0.85739(7) 0.8775(19) 0.0205(2)
H21_7 ? ? 0.4673 0.6191 0.8627 0.8775(19) 0.025
H22_7 ? ? 0.4563 0.7317 0.8627 0.8775(19) 0.025
C3_7 ? ? 0.3276(3) 0.6572(4) 0.88332(7) 0.8775(19) 0.0178(2)
H31_7 ? ? 0.3513 0.7155 0.8900 0.8775(19) 0.021
H32_7 ? ? 0.3637 0.6032 0.8892 0.8775(19) 0.021
C4_7 ? ? 0.2261(4) 0.6446(4) 0.88538(7) 0.8775(19) 0.0175(2)
H41_7 ? ? 0.2156 0.6395 0.8994 0.8775(19) 0.021
H42_7 ? ? 0.1896 0.6982 0.8794 0.8775(19) 0.021
C5_7 ? ? 0.1047(3) 0.5376(4) 0.87415(8) 0.8775(19) 0.0210(2)
H51_7 ? ? 0.0671 0.5901 0.8680 0.8775(19) 0.025
H52_7 ? ? 0.0864 0.5267 0.8875 0.8775(19) 0.025
C6_7 ? ? 0.0901(4) 0.4481(4) 0.86157(7) 0.8775(19) 0.0228(2)
H61_7 ? ? 0.1271 0.3954 0.8678 0.8775(19) 0.027
H62_7 ? ? 0.0239 0.4297 0.8600 0.8775(19) 0.027
C7_7 ? ? 0.1257(4) 0.3908(4) 0.82999(7) 0.8775(19) 0.0207(2)
H71_7 ? ? 0.0644 0.3598 0.8277 0.8775(19) 0.025
H72_7 ? ? 0.1710 0.3446 0.8361 0.8775(19) 0.025
C8_7 ? ? 0.1554(4) 0.4254(4) 0.81105(7) 0.8775(19) 0.0201(2)
H81_7 ? ? 0.1770 0.3723 0.8034 0.8775(19) 0.024
H82_7 ? ? 0.1029 0.4565 0.8031 0.8775(19) 0.024
C9_7 ? ? 0.3042(4) 0.4912(4) 0.80387(7) 0.8775(19) 0.0167(2)
H91_7 ? ? 0.2805 0.4859 0.7898 0.8775(19) 0.020
H92_7 ? ? 0.3467 0.4379 0.8074 0.8775(19) 0.020
C10_7 ? ? 0.3534(4) 0.5832(4) 0.80787(7) 0.8775(19) 0.0176(2)
H101_7 ? ? 0.4105 0.5857 0.8012 0.8775(19) 0.021
H102_7 ? ? 0.3128 0.6363 0.8032 0.8775(19) 0.021
Fe10_10 ? ? 0.2474(4) 0.5575(4) 0.84215(7) 0.1225(19) 0.01219(7)
O1_10 ? ? 0.1299(5) 0.5194(7) 0.85834(12) 0.1225(19) 0.01543(15)
O2_10 ? ? 0.1631(6) 0.4554(6) 0.82486(11) 0.1225(19) 0.01650(15)
O3_10 ? ? 0.2986(6) 0.5506(7) 0.81417(9) 0.1225(19) 0.01685(16)
O4_10 ? ? 0.3797(5) 0.6369(7) 0.84471(13) 0.1225(19) 0.01722(15)
O5_10 ? ? 0.2680(6) 0.6227(7) 0.86956(9) 0.1225(19) 0.02154(16)
C1_10 ? ? 0.0838(7) 0.4321(8) 0.85145(15) 0.1225(19) 0.0203(2)
H1A_10 ? ? 0.0237 0.4273 0.8560 0.1225(19) 0.024
H1B_10 ? ? 0.1203 0.3775 0.8560 0.1225(19) 0.024
C2_10 ? ? 0.0737(6) 0.4373(8) 0.82962(15) 0.1225(19) 0.0205(2)
H2A_10 ? ? 0.0502 0.3781 0.8240 0.1225(19) 0.025
H2B_10 ? ? 0.0318 0.4878 0.8250 0.1225(19) 0.025
C3_10 ? ? 0.1673(8) 0.4577(9) 0.80484(11) 0.1225(19) 0.0178(2)
H3A_10 ? ? 0.1312 0.5100 0.7990 0.1225(19) 0.021
H3B_10 ? ? 0.1437 0.3992 0.7989 0.1225(19) 0.021
C4_10 ? ? 0.2677(8) 0.4700(9) 0.80250(11) 0.1225(19) 0.0175(2)
H4A_10 ? ? 0.3026 0.4139 0.8068 0.1225(19) 0.021
H4B_10 ? ? 0.2754 0.4814 0.7892 0.1225(19) 0.021
C5_10 ? ? 0.3964(7) 0.5710(9) 0.81481(14) 0.1225(19) 0.0210(2)
H5A_10 ? ? 0.4127 0.5818 0.8020 0.1225(19) 0.025
H5B_10 ? ? 0.4331 0.5190 0.8206 0.1225(19) 0.025
C6_10 ? ? 0.4114(7) 0.6576(8) 0.82668(15) 0.1225(19) 0.0228(2)
H6A_10 ? ? 0.4764 0.6741 0.8285 0.1225(19) 0.027
H6B_10 ? ? 0.3770 0.7102 0.8205 0.1225(19) 0.027
C7_10 ? ? 0.3808(8) 0.7162(7) 0.85698(16) 0.1225(19) 0.0207(2)
H7A_10 ? ? 0.3419 0.7661 0.8510 0.1225(19) 0.025
H7B_10 ? ? 0.4431 0.7404 0.8599 0.1225(19) 0.025
C8_10 ? ? 0.3443(8) 0.6820(8) 0.87527(13) 0.1225(19) 0.0201(2)
H8A_10 ? ? 0.3918 0.6473 0.8832 0.1225(19) 0.024
H8B_10 ? ? 0.3255 0.7354 0.8826 0.1225(19) 0.024
C9_10 ? ? 0.2029(8) 0.6154(9) 0.88277(11) 0.1225(19) 0.0167(2)
H9A_10 ? ? 0.1597 0.6677 0.8812 0.1225(19) 0.020
H9B_10 ? ? 0.2336 0.6160 0.8958 0.1225(19) 0.020
C10_10 ? ? 0.1542(8) 0.5238(9) 0.87851(11) 0.1225(19) 0.0176(2)
H10A_10 ? ? 0.1943 0.4713 0.8828 0.1225(19) 0.021
H10B_10 ? ? 0.0994 0.5206 0.8850 0.1225(19) 0.021
O6_8 ? ? 0.3099(3) 0.4328(3) 0.98143(6) 1 0.02081(16)
H1W_8 ? ? 0.314(3) 0.3859(19) 0.9745(5) 1 0.025
H2W_8 ? ? 0.346(2) 0.425(3) 0.9912(3) 1 0.025
O7_8 ? ? 0.1946(3) 0.6781(3) 0.95834(6) 1 0.02090(17)
H3W_8 ? ? 0.181(3) 0.720(2) 0.9659(4) 1 0.025
H4W_8 ? ? 0.160(2) 0.686(3) 0.9482(3) 1 0.025
Fe8_8 ? ? 0.25230(6) 0.55887(7) 0.970394(11) 1 0.01219(7)
O1_8 ? ? 0.3778(2) 0.5824(3) 0.95507(5) 1 0.01543(15)
O2_8 ? ? 0.3414(2) 0.6604(3) 0.98859(5) 1 0.01650(15)
O3_8 ? ? 0.1951(2) 0.5698(3) 0.99922(5) 1 0.01685(16)
O4_8 ? ? 0.1119(2) 0.4902(3) 0.96662(5) 1 0.01722(15)
O5_8 ? ? 0.2306(2) 0.4915(3) 0.94167(5) 1 0.02154(16)
C1_8 ? ? 0.4295(4) 0.6665(4) 0.96199(8) 1 0.0203(2)
H11_8 ? ? 0.3970 0.7239 0.9568 1 0.024
H12_8 ? ? 0.4924 0.6656 0.9576 1 0.024
C2_8 ? ? 0.4355(4) 0.6647(5) 0.98397(7) 1 0.0205(2)
H21_8 ? ? 0.4708 0.6091 0.9893 1 0.025
H22_8 ? ? 0.4665 0.7221 0.9896 1 0.025
C3_8 ? ? 0.3316(4) 0.6542(4) 1.00929(7) 1 0.0178(2)
H31_8 ? ? 0.3593 0.7099 1.0163 1 0.021
H32_8 ? ? 0.3627 0.5970 1.0150 1 0.021
C4_8 ? ? 0.2293(4) 0.6499(4) 1.01075(8) 1 0.0175(2)
H41_8 ? ? 0.2171 0.6422 1.0246 1 0.021
H42_8 ? ? 0.1987 0.7082 1.0055 1 0.021
C5_8 ? ? 0.0958(3) 0.5622(5) 0.99711(7) 1 0.0210(2)
H51_8 ? ? 0.0671 0.6182 0.9904 1 0.025
H52_8 ? ? 0.0725 0.5561 1.0101 1 0.025
C6_8 ? ? 0.0746(4) 0.4756(4) 0.98504(8) 1 0.0228(2)
H61_8 ? ? 0.1034 0.4199 0.9919 1 0.027
H62_8 ? ? 0.0067 0.4655 0.9828 1 0.027
C7_8 ? ? 0.1098(4) 0.4079(4) 0.95431(8) 1 0.0207(2)
H71_8 ? ? 0.0454 0.3851 0.9512 1 0.025
H72_8 ? ? 0.1476 0.3569 0.9610 1 0.025
C8_8 ? ? 0.1496(4) 0.4377(4) 0.93568(8) 1 0.0201(2)
H81_8 ? ? 0.1657 0.3819 0.9281 1 0.024
H82_8 ? ? 0.1040 0.4760 0.9273 1 0.024
C9_8 ? ? 0.3040(4) 0.4914(4) 0.92946(8) 1 0.0167(2)
H91_8 ? ? 0.2790 0.4898 0.9154 1 0.020
H92_8 ? ? 0.3446 0.4360 0.9323 1 0.020
C10_8 ? ? 0.3577(4) 0.5818(4) 0.93420(7) 1 0.0176(2)
H101_8 ? ? 0.4157 0.5825 0.9278 1 0.021
H102_8 ? ? 0.3199 0.6372 0.9297 1 0.021
N1_11 ? ? 0.0705(3) 0.7426(4) 0.03409(7) 1 0.01766(19)
O8_11 ? ? 0.0448(3) 0.6710(3) 0.04146(6) 1 0.0331(2)
O9_11 ? ? 0.1424(3) 0.7865(3) 0.04275(6) 1 0.02545(17)
O10_11 ? ? 0.0344(3) 0.7765(3) 0.01851(6) 1 0.02637(17)
N2_12 ? ? 0.1012(3) 0.7299(3) 0.16453(6) 1 0.01585(19)
O8_12 ? ? 0.0881(3) 0.6568(3) 0.17350(5) 1 0.02458(17)
O9_12 ? ? 0.1790(3) 0.7722(3) 0.16751(5) 1 0.02463(17)
O10_12 ? ? 0.0428(3) 0.7649(3) 0.15210(6) 1 0.02607(18)
N3_13 ? ? 0.0802(3) 0.7366(3) 0.28760(7) 1 0.01766(19)
O8_13 ? ? 0.0697(3) 0.6663(3) 0.29765(6) 1 0.0331(2)
O9_13 ? ? 0.1438(3) 0.7966(3) 0.29326(6) 1 0.02545(17)
O10_13 ? ? 0.0325(3) 0.7504(3) 0.27145(6) 1 0.02637(17)
N4_14 ? ? 0.0765(3) 0.7388(3) 0.41028(7) 1 0.01766(19)
O8_14 ? ? 0.0499(3) 0.6654(3) 0.41646(6) 1 0.0331(2)
O9_14 ? ? 0.1523(3) 0.7756(3) 0.41899(6) 1 0.02545(17)
O10_14 ? ? 0.0379(3) 0.7835(3) 0.39629(5) 1 0.02637(17)
N5_15 ? ? 0.1000(3) 0.7349(3) 0.54050(6) 1 0.01585(19)
O8_15 ? ? 0.0941(3) 0.6603(3) 0.54950(5) 1 0.02458(17)
O9_15 ? ? 0.1701(3) 0.7881(3) 0.54382(6) 1 0.02463(17)
O10_15 ? ? 0.0395(3) 0.7590(3) 0.52720(6) 1 0.02607(18)
N6_16 ? ? 0.0740(3) 0.7395(3) 0.66110(7) 1 0.01766(19)
O8_16 ? ? 0.0618(3) 0.6679(3) 0.67063(5) 1 0.0331(2)
O9_16 ? ? 0.1390(3) 0.7967(3) 0.66812(5) 1 0.02545(17)
O10_16 ? ? 0.0303(3) 0.7585(3) 0.64512(5) 1 0.02637(17)
N7_17 ? ? 0.0948(3) 0.7326(3) 0.78802(6) 1 0.01585(19)
O8_17 ? ? 0.0764(2) 0.6610(3) 0.79685(5) 1 0.02458(17)
O9_17 ? ? 0.1736(2) 0.7726(3) 0.79264(5) 1 0.02463(17)
O10_17 ? ? 0.0416(3) 0.7701(3) 0.77487(5) 1 0.02607(18)
N8_18 ? ? 0.0890(3) 0.7365(3) 0.91364(7) 1 0.01585(19)
O8_18 ? ? 0.0830(3) 0.6643(3) 0.92331(5) 1 0.02458(17)
O9_18 ? ? 0.1550(3) 0.7958(3) 0.91807(6) 1 0.02463(17)
O10_18 ? ? 0.0350(3) 0.7531(3) 0.89843(5) 1 0.02607(18)
N9_19 ? ? 0.3978(3) 0.3712(3) 0.14768(6) 1 0.01585(19)
O8_19 ? ? 0.4061(3) 0.4480(3) 0.13823(5) 1 0.02458(17)
O9_19 ? ? 0.3237(2) 0.3261(3) 0.14342(5) 1 0.02463(17)
O10_19 ? ? 0.4606(3) 0.3461(3) 0.16010(6) 1 0.02607(18)
N10_20 ? ? 0.4245(3) 0.3624(3) 0.27810(7) 1 0.01766(19)
O8_20 ? ? 0.4575(3) 0.4392(3) 0.27197(6) 1 0.0331(2)
O9_20 ? ? 0.3553(3) 0.3272(3) 0.26903(6) 1 0.02545(17)
O10_20 ? ? 0.4644(3) 0.3281(3) 0.29347(5) 1 0.02637(17)
N11_21 ? ? 0.4130(3) 0.3679(3) 0.40003(7) 1 0.01585(19)
O8_21 ? ? 0.4217(3) 0.4414(3) 0.38955(5) 1 0.02458(17)
O9_21 ? ? 0.3488(3) 0.3138(3) 0.39443(6) 1 0.02463(17)
O10_21 ? ? 0.4663(3) 0.3539(3) 0.41466(6) 1 0.02607(18)
N12_22 ? ? 0.4008(3) 0.3727(3) 0.52417(6) 1 0.01585(19)
O8_22 ? ? 0.4199(3) 0.4497(3) 0.51552(5) 1 0.02458(17)
O9_22 ? ? 0.3222(3) 0.3389(3) 0.51979(5) 1 0.02463(17)
O10_22 ? ? 0.4594(3) 0.3392(3) 0.53653(6) 1 0.02607(18)
N13_23 ? ? 0.4280(3) 0.3637(3) 0.65300(7) 1 0.01766(19)
O8_23 ? ? 0.4552(3) 0.4398(3) 0.64563(5) 1 0.0331(2)
O9_23 ? ? 0.3606(3) 0.3230(3) 0.64454(6) 1 0.02545(17)
O10_23 ? ? 0.4689(3) 0.3343(3) 0.66858(5) 1 0.02637(17)
N14_24 ? ? 0.4035(3) 0.3682(3) 0.77366(6) 1 0.01585(19)
O8_24 ? ? 0.4103(3) 0.4441(3) 0.76375(5) 1 0.02458(17)
O9_24 ? ? 0.3327(2) 0.3200(3) 0.76914(6) 1 0.02463(17)
O10_24 ? ? 0.4651(3) 0.3463(3) 0.78655(5) 1 0.02607(18)
N15_25 ? ? 0.4181(3) 0.3678(3) 0.90153(6) 1 0.01766(19)
O8_25 ? ? 0.4497(2) 0.4464(3) 0.89622(5) 1 0.0331(2)
O9_25 ? ? 0.3433(2) 0.3387(3) 0.89336(5) 1 0.02545(17)
O10_25 ? ? 0.4626(3) 0.3265(3) 0.91520(5) 1 0.02637(17)
N16_26 ? ? 0.4222(3) 0.3676(4) 1.02578(7) 1 0.01766(19)
O8_26 ? ? 0.4346(3) 0.4417(3) 1.01593(6) 1 0.0331(2)
O9_26 ? ? 0.3607(3) 0.3128(3) 1.01908(6) 1 0.02545(17)
O10_26 ? ? 0.4706(3) 0.3525(3) 1.04126(6) 1 0.02637(17)
