|'diaqua(15-crown-5)iron(II) nitrate'|||Acta Crystallographica, Section B|2008 64(6) 738 749
C10 H24 Fe N2 O13
14.507(2) 14.226(2) 68.390(6) 90.00 96.23(2) 90.00
B1211
O6_1 ? ? 0.1775(3) 0.6753(3) 0.07905(5) 1 0.02081(16)
H1W_1 ? ? 0.176(3) 0.699(2) 0.0680(3) 1 0.025
H2W_1 ? ? 0.162(3) 0.717(2) 0.0863(5) 1 0.025
O7_1 ? ? 0.3066(3) 0.4320(3) 0.10150(5) 1 0.02090(17)
H3W_1 ? ? 0.320(3) 0.3775(12) 0.0993(5) 1 0.025
H4W_1 ? ? 0.328(3) 0.444(3) 0.1127(3) 1 0.025
Fe1_1 ? ? 0.24290(6) 0.55447(6) 0.089830(10) 1 0.01219(7)
O1_1 ? ? 0.1220(2) 0.5221(3) 0.10650(5) 1 0.01543(15)
O2_1 ? ? 0.1553(2) 0.4489(3) 0.07201(5) 1 0.01650(15)
O3_1 ? ? 0.2973(2) 0.5468(3) 0.06064(5) 1 0.01685(16)
O4_1 ? ? 0.3807(2) 0.6248(3) 0.09345(5) 1 0.01722(15)
O5_1 ? ? 0.2623(3) 0.6244(3) 0.11836(5) 1 0.02154(16)
C1_1 ? ? 0.0742(4) 0.4377(4) 0.09971(8) 1 0.0203(2)
H11_1 ? ? 0.0129 0.4343 0.1048 1 0.024
H12_1 ? ? 0.1107 0.3815 0.1043 1 0.024
C2_1 ? ? 0.0627(4) 0.4418(5) 0.07754(8) 1 0.0205(2)
H21_1 ? ? 0.0318 0.3843 0.0719 1 0.025
H22_1 ? ? 0.0253 0.4971 0.0728 1 0.025
C3_1 ? ? 0.1611(4) 0.4583(5) 0.05137(7) 1 0.0178(2)
H31_1 ? ? 0.1275 0.5151 0.0462 1 0.021
H32_1 ? ? 0.1340 0.4026 0.0442 1 0.021
C4_1 ? ? 0.2636(4) 0.4664(4) 0.04914(8) 1 0.0175(2)
H41_1 ? ? 0.2967 0.4088 0.0540 1 0.021
H42_1 ? ? 0.2731 0.4755 0.0351 1 0.021
C5_1 ? ? 0.3967(3) 0.5574(5) 0.06258(7) 1 0.0210(2)
H51_1 ? ? 0.4187 0.5666 0.0495 1 0.025
H52_1 ? ? 0.4270 0.5007 0.0687 1 0.025
C6_1 ? ? 0.4184(4) 0.6406(4) 0.07512(8) 1 0.0228(2)
H61_1 ? ? 0.4864 0.6496 0.0775 1 0.027
H62_1 ? ? 0.3906 0.6976 0.0686 1 0.027
C7_1 ? ? 0.3822(4) 0.7053(4) 0.10597(8) 1 0.0207(2)
H71_1 ? ? 0.3435 0.7561 0.0995 1 0.025
H72_1 ? ? 0.4464 0.7289 0.1089 1 0.025
C8_1 ? ? 0.3444(4) 0.6754(4) 0.12461(8) 1 0.0201(2)
H81_1 ? ? 0.3895 0.6351 0.1326 1 0.024
H82_1 ? ? 0.3302 0.7308 0.1325 1 0.024
C9_1 ? ? 0.1949(4) 0.6142(4) 0.13207(8) 1 0.0167(2)
H91_1 ? ? 0.1495 0.6664 0.1306 1 0.020
H92_1 ? ? 0.2254 0.6145 0.1457 1 0.020
C10_1 ? ? 0.1472(4) 0.5217(4) 0.12746(7) 1 0.0176(2)
H101_1 ? ? 0.1895 0.4687 0.1313 1 0.021
H102_1 ? ? 0.0914 0.5159 0.1345 1 0.021
O6_2 ? ? 0.3227(3) 0.4301(3) 0.23270(5) 1 0.02081(16)
H1W_2 ? ? 0.339(3) 0.388(2) 0.2256(5) 1 0.025
H2W_2 ? ? 0.347(2) 0.418(3) 0.2438(2) 1 0.025
O7_2 ? ? 0.1871(3) 0.6661(3) 0.20988(5) 1 0.02090(17)
H3W_2 ? ? 0.173(3) 0.7091(19) 0.2169(4) 1 0.025
H4W_2 ? ? 0.158(3) 0.674(3) 0.1991(3) 1 0.025
Fe2_2 ? ? 0.25606(6) 0.55152(6) 0.221884(11) 1 0.01219(7)
O1_2 ? ? 0.3775(2) 0.5848(3) 0.20503(5) 1 0.01543(15)
O2_2 ? ? 0.3405(2) 0.6562(3) 0.23915(5) 1 0.01650(15)
O3_2 ? ? 0.2024(2) 0.5587(3) 0.25158(5) 1 0.01685(16)
O4_2 ? ? 0.1202(2) 0.4751(3) 0.21893(5) 1 0.01722(15)
O5_2 ? ? 0.2356(3) 0.4827(3) 0.19308(5) 1 0.02154(16)
C1_2 ? ? 0.4240(4) 0.6694(4) 0.21186(8) 1 0.0203(2)
H11_2 ? ? 0.3878 0.7251 0.2069 1 0.024
H12_2 ? ? 0.4861 0.6727 0.2071 1 0.024
C2_2 ? ? 0.4329(4) 0.6667(5) 0.23384(7) 1 0.0205(2)
H21_2 ? ? 0.4722 0.6131 0.2388 1 0.025
H22_2 ? ? 0.4611 0.7256 0.2394 1 0.025
C3_2 ? ? 0.3346(4) 0.6479(4) 0.26015(7) 1 0.0178(2)
H31_2 ? ? 0.3625 0.7036 0.2672 1 0.021
H32_2 ? ? 0.3676 0.5909 0.2655 1 0.021
C4_2 ? ? 0.2342(4) 0.6415(4) 0.26240(7) 1 0.0175(2)
H41_2 ? ? 0.2243 0.6354 0.2764 1 0.021
H42_2 ? ? 0.2010 0.6981 0.2569 1 0.021
C5_2 ? ? 0.1032(4) 0.5457(5) 0.24959(8) 1 0.0210(2)
H51_2 ? ? 0.0715 0.6000 0.2427 1 0.025
H52_2 ? ? 0.0806 0.5389 0.2627 1 0.025
C6_2 ? ? 0.0849(4) 0.4556(4) 0.23748(8) 1 0.0228(2)
H61_2 ? ? 0.1177 0.4015 0.2441 1 0.027
H62_2 ? ? 0.0177 0.4415 0.2355 1 0.027
C7_2 ? ? 0.1215(4) 0.3924(4) 0.20641(8) 1 0.0207(2)
H71_2 ? ? 0.0585 0.3653 0.2038 1 0.025
H72_2 ? ? 0.1636 0.3439 0.2128 1 0.025
C8_2 ? ? 0.1558(4) 0.4259(4) 0.18748(8) 1 0.0201(2)
H81_2 ? ? 0.1724 0.3717 0.1795 1 0.024
H82_2 ? ? 0.1073 0.4631 0.1797 1 0.024
C9_2 ? ? 0.3042(4) 0.4896(4) 0.17991(8) 1 0.0167(2)
H91_2 ? ? 0.2753 0.4875 0.1661 1 0.020
H92_2 ? ? 0.3490 0.4371 0.1820 1 0.020
C10_2 ? ? 0.3516(4) 0.5817(4) 0.18418(7) 1 0.0176(2)
H101_2 ? ? 0.4073 0.5866 0.1770 1 0.021
H102_2 ? ? 0.3093 0.6343 0.1800 1 0.021
O6_3 ? ? 0.1922(3) 0.6761(3) 0.33194(6) 1 0.02081(16)
H1W_3 ? ? 0.168(2) 0.716(2) 0.3385(5) 1 0.025
H2W_3 ? ? 0.172(3) 0.686(3) 0.3205(2) 1 0.025
O7_3 ? ? 0.3068(3) 0.4279(3) 0.35467(6) 1 0.02090(17)
H3W_3 ? ? 0.313(3) 0.3752(14) 0.3498(5) 1 0.025
H4W_3 ? ? 0.346(2) 0.430(3) 0.3643(4) 1 0.025
Fe3_3 ? ? 0.24848(9) 0.55168(9) 0.342494(15) 0.8928(19) 0.01219(7)
O1_3 ? ? 0.1210(2) 0.5284(2) 0.35782(4) 0.8928(19) 0.01543(15)
O2_3 ? ? 0.1592(2) 0.4466(3) 0.32451(5) 0.8928(19) 0.01650(15)
O3_3 ? ? 0.3045(2) 0.5392(3) 0.31347(5) 0.8928(19) 0.01685(16)
O4_3 ? ? 0.3885(2) 0.6187(3) 0.34641(5) 0.8928(19) 0.01722(15)
O5_3 ? ? 0.2717(2) 0.6149(3) 0.37187(5) 0.8928(19) 0.02154(16)
C1_3 ? ? 0.0711(4) 0.4453(4) 0.35124(7) 0.8928(19) 0.0203(2)
H11_3 ? ? 0.0081 0.4461 0.3556 0.8928(19) 0.024
H12_3 ? ? 0.1039 0.3885 0.3567 0.8928(19) 0.024
C2_3 ? ? 0.0655(3) 0.4454(4) 0.32905(7) 0.8928(19) 0.0205(2)
H21_3 ? ? 0.0330 0.3885 0.3235 0.8928(19) 0.025
H22_3 ? ? 0.0317 0.5017 0.3236 0.8928(19) 0.025
C3_3 ? ? 0.1687(3) 0.4526(4) 0.30382(7) 0.8928(19) 0.0178(2)
H31_3 ? ? 0.1368 0.5093 0.2981 0.8928(19) 0.021
H32_3 ? ? 0.1414 0.3965 0.2968 0.8928(19) 0.021
C4_3 ? ? 0.2703(4) 0.4579(4) 0.30212(7) 0.8928(19) 0.0175(2)
H41_3 ? ? 0.3018 0.4001 0.3074 0.8928(19) 0.021
H42_3 ? ? 0.2817 0.4652 0.2882 0.8928(19) 0.021
C5_3 ? ? 0.4039(3) 0.5480(4) 0.31561(7) 0.8928(19) 0.0210(2)
H51_3 ? ? 0.4269 0.5555 0.3026 0.8928(19) 0.025
H52_3 ? ? 0.4331 0.4916 0.3221 0.8928(19) 0.025
C6_3 ? ? 0.4259(4) 0.6344(4) 0.32813(7) 0.8928(19) 0.0228(2)
H61_3 ? ? 0.4938 0.6440 0.3304 0.8928(19) 0.027
H62_3 ? ? 0.3975 0.6909 0.3215 0.8928(19) 0.027
C7_3 ? ? 0.3900(4) 0.7004(4) 0.35874(7) 0.8928(19) 0.0207(2)
H71_3 ? ? 0.3516 0.7509 0.3521 0.8928(19) 0.025
H72_3 ? ? 0.4542 0.7239 0.3616 0.8928(19) 0.025
C8_3 ? ? 0.3515(3) 0.6723(4) 0.37755(7) 0.8928(19) 0.0201(2)
H81_3 ? ? 0.3984 0.6365 0.3862 0.8928(19) 0.024
H82_3 ? ? 0.3337 0.7287 0.3847 0.8928(19) 0.024
C9_3 ? ? 0.1976(4) 0.6205(4) 0.38370(7) 0.8928(19) 0.0167(2)
H91_3 ? ? 0.1602 0.6778 0.3805 0.8928(19) 0.020
H92_3 ? ? 0.2212 0.6217 0.3978 0.8928(19) 0.020
C10_3 ? ? 0.1409(4) 0.5337(4) 0.37880(7) 0.8928(19) 0.0176(2)
H101_3 ? ? 0.1757 0.4772 0.3838 0.8928(19) 0.021
H102_3 ? ? 0.0824 0.5367 0.3850 0.8928(19) 0.021
Fe9_9 ? ? 0.2500(5) 0.5563(5) 0.34475(9) 0.1072(19) 0.01219(7)
O1_9 ? ? 0.3732(6) 0.5825(8) 0.32980(14) 0.1072(19) 0.01543(15)
O2_9 ? ? 0.3418(7) 0.6500(8) 0.36270(13) 0.1072(19) 0.01650(15)
O3_9 ? ? 0.1956(7) 0.5699(8) 0.37257(11) 0.1072(19) 0.01685(16)
O4_9 ? ? 0.1114(6) 0.4889(8) 0.34181(15) 0.1072(19) 0.01722(15)
O5_9 ? ? 0.2265(7) 0.4923(8) 0.31753(11) 0.1072(19) 0.02154(16)
C1_9 ? ? 0.4253(7) 0.6631(10) 0.33657(18) 0.1072(19) 0.0203(2)
H1A_9 ? ? 0.3939 0.7205 0.3319 0.1072(19) 0.024
H1B_9 ? ? 0.4856 0.6618 0.3321 0.1072(19) 0.024
C2_9 ? ? 0.4347(7) 0.6600(10) 0.35759(18) 0.1072(19) 0.0205(2)
H2A_9 ? ? 0.4726 0.6067 0.3624 0.1072(19) 0.025
H2B_9 ? ? 0.4629 0.7177 0.3630 0.1072(19) 0.025
C3_9 ? ? 0.3332(9) 0.6485(11) 0.38284(13) 0.1072(19) 0.0178(2)
H3A_9 ? ? 0.3615 0.7043 0.3891 0.1072(19) 0.021
H3B_9 ? ? 0.3627 0.5927 0.3888 0.1072(19) 0.021
C4_9 ? ? 0.2323(9) 0.6471(10) 0.38418(13) 0.1072(19) 0.0175(2)
H4A_9 ? ? 0.2208 0.6382 0.3974 0.1072(19) 0.021
H4B_9 ? ? 0.2041 0.7061 0.3795 0.1072(19) 0.021
C5_9 ? ? 0.1005(8) 0.5589(11) 0.37186(17) 0.1072(19) 0.0210(2)
H5A_9 ? ? 0.0688 0.6146 0.3664 0.1072(19) 0.025
H5B_9 ? ? 0.0835 0.5491 0.3846 0.1072(19) 0.025
C6_9 ? ? 0.0753(7) 0.4725(10) 0.35929(18) 0.1072(19) 0.0228(2)
H6A_9 ? ? 0.1020 0.4158 0.3654 0.1072(19) 0.027
H6B_9 ? ? 0.0088 0.4648 0.3571 0.1072(19) 0.027
C7_9 ? ? 0.1054(8) 0.4116(9) 0.32846(18) 0.1072(19) 0.0207(2)
H7A_9 ? ? 0.0415 0.3928 0.3252 0.1072(19) 0.025
H7B_9 ? ? 0.1397 0.3578 0.3341 0.1072(19) 0.025
C8_9 ? ? 0.1434(9) 0.4417(10) 0.31142(15) 0.1072(19) 0.0201(2)
H8A_9 ? ? 0.1564 0.3873 0.3038 0.1072(19) 0.024
H8B_9 ? ? 0.0999 0.4823 0.3037 0.1072(19) 0.024
C9_9 ? ? 0.2960(9) 0.4932(10) 0.30491(13) 0.1072(19) 0.0167(2)
H9A_9 ? ? 0.2679 0.4931 0.2917 0.1072(19) 0.020
H9B_9 ? ? 0.3349 0.4377 0.3070 0.1072(19) 0.020
C10_9 ? ? 0.3518(9) 0.5813(11) 0.30912(13) 0.1072(19) 0.0176(2)
H10A_9 ? ? 0.4078 0.5793 0.3030 0.1072(19) 0.021
H10B_9 ? ? 0.3166 0.6369 0.3047 0.1072(19) 0.021
O6_4 ? ? 0.1748(3) 0.6730(3) 0.45514(5) 1 0.02081(16)
H1W_4 ? ? 0.164(4) 0.717(2) 0.4623(5) 1 0.025
H2W_4 ? ? 0.176(3) 0.695(2) 0.4440(2) 1 0.025
O7_4 ? ? 0.3166(3) 0.4394(3) 0.47867(5) 1 0.02090(17)
H3W_4 ? ? 0.329(3) 0.3856(14) 0.4752(5) 1 0.025
H4W_4 ? ? 0.352(2) 0.448(3) 0.4887(4) 1 0.025
Fe4_4 ? ? 0.24573(6) 0.55683(7) 0.466663(11) 1 0.01219(7)
O1_4 ? ? 0.1254(2) 0.5225(3) 0.48319(5) 1 0.01543(15)
O2_4 ? ? 0.1622(2) 0.4486(3) 0.44938(5) 1 0.01650(15)
O3_4 ? ? 0.2982(2) 0.5517(3) 0.43727(4) 1 0.01685(16)
O4_4 ? ? 0.3789(2) 0.6365(3) 0.46921(5) 1 0.01722(15)
O5_4 ? ? 0.2671(2) 0.6241(3) 0.49539(5) 1 0.02154(16)
C1_4 ? ? 0.0793(4) 0.4357(4) 0.47687(8) 1 0.0203(2)
H11_4 ? ? 0.0177 0.4316 0.4818 1 0.024
H12_4 ? ? 0.1168 0.3808 0.4818 1 0.024
C2_4 ? ? 0.0696(3) 0.4384(5) 0.45455(7) 1 0.0205(2)
H21_4 ? ? 0.0412 0.3797 0.4490 1 0.025
H22_4 ? ? 0.0306 0.4923 0.4496 1 0.025
C3_4 ? ? 0.1674(3) 0.4535(4) 0.42874(7) 1 0.0178(2)
H31_4 ? ? 0.1302 0.5069 0.4229 1 0.021
H32_4 ? ? 0.1443 0.3947 0.4222 1 0.021
C4_4 ? ? 0.2698(4) 0.4677(4) 0.42657(7) 1 0.0175(2)
H41_4 ? ? 0.3063 0.4131 0.4320 1 0.021
H42_4 ? ? 0.2793 0.4746 0.4125 1 0.021
C5_4 ? ? 0.3952(3) 0.5727(4) 0.43808(7) 1 0.0210(2)
H51_4 ? ? 0.4126 0.5850 0.4247 1 0.025
H52_4 ? ? 0.4326 0.5194 0.4439 1 0.025
C6_4 ? ? 0.4109(4) 0.6562(5) 0.45038(7) 1 0.0228(2)
H61_4 ? ? 0.4777 0.6720 0.4521 1 0.027
H62_4 ? ? 0.3765 0.7104 0.4441 1 0.027
C7_4 ? ? 0.3766(4) 0.7169(4) 0.48151(8) 1 0.0207(2)
H71_4 ? ? 0.3330 0.7644 0.4753 1 0.025
H72_4 ? ? 0.4390 0.7455 0.4839 1 0.025
C8_4 ? ? 0.3447(4) 0.6832(4) 0.50064(8) 1 0.0201(2)
H81_4 ? ? 0.3948 0.6478 0.5084 1 0.024
H82_4 ? ? 0.3269 0.7371 0.5086 1 0.024
C9_4 ? ? 0.1960(4) 0.6196(4) 0.50837(8) 1 0.0167(2)
H91_4 ? ? 0.1515 0.6721 0.5057 1 0.020
H92_4 ? ? 0.2232 0.6230 0.5223 1 0.020
C10_4 ? ? 0.1479(4) 0.5253(4) 0.50411(7) 1 0.0176(2)
H101_4 ? ? 0.1897 0.4727 0.5086 1 0.021
H102_4 ? ? 0.0910 0.5209 0.5109 1 0.021
O6_5 ? ? 0.3201(3) 0.4325(3) 0.60816(5) 1 0.02081(16)
H1W_5 ? ? 0.355(2) 0.423(3) 0.6181(3) 1 0.025
H2W_5 ? ? 0.323(3) 0.388(2) 0.6007(5) 1 0.025
O7_5 ? ? 0.1949(3) 0.6748(3) 0.58559(6) 1 0.02090(17)
H3W_5 ? ? 0.184(3) 0.7164(19) 0.5931(4) 1 0.025
H4W_5 ? ? 0.157(2) 0.676(3) 0.5760(3) 1 0.025
Fe5_5 ? ? 0.25751(6) 0.55685(6) 0.597484(10) 1 0.01219(7)
O1_5 ? ? 0.3800(2) 0.5878(3) 0.58124(5) 1 0.01543(15)
O2_5 ? ? 0.3442(2) 0.6593(3) 0.61533(5) 1 0.01650(15)
O3_5 ? ? 0.2008(2) 0.5661(3) 0.62667(5) 1 0.01685(16)
O4_5 ? ? 0.1187(2) 0.4864(3) 0.59387(5) 1 0.01722(15)
O5_5 ? ? 0.2383(3) 0.4868(3) 0.56900(5) 1 0.02154(16)
C1_5 ? ? 0.4296(4) 0.6713(4) 0.58831(8) 1 0.0203(2)
H11_5 ? ? 0.3952 0.7283 0.5835 1 0.024
H12_5 ? ? 0.4918 0.6728 0.5836 1 0.024
C2_5 ? ? 0.4377(4) 0.6670(5) 0.61010(8) 1 0.0205(2)
H21_5 ? ? 0.4751 0.6119 0.6150 1 0.025
H22_5 ? ? 0.4679 0.7246 0.6159 1 0.025
C3_5 ? ? 0.3371(4) 0.6493(4) 0.63611(7) 1 0.0178(2)
H31_5 ? ? 0.3662 0.7035 0.6435 1 0.021
H32_5 ? ? 0.3679 0.5909 0.6412 1 0.021
C4_5 ? ? 0.2358(4) 0.6458(4) 0.63799(8) 1 0.0175(2)
H41_5 ? ? 0.2248 0.6383 0.6519 1 0.021
H42_5 ? ? 0.2051 0.7042 0.6328 1 0.021
C5_5 ? ? 0.1014(3) 0.5585(5) 0.62427(7) 1 0.0210(2)
H51_5 ? ? 0.0732 0.6146 0.6174 1 0.025
H52_5 ? ? 0.0773 0.5527 0.6372 1 0.025
C6_5 ? ? 0.0797(4) 0.4700(4) 0.61194(8) 1 0.0228(2)
H61_5 ? ? 0.1082 0.4140 0.6187 1 0.027
H62_5 ? ? 0.0119 0.4601 0.6095 1 0.027
C7_5 ? ? 0.1156(4) 0.4048(4) 0.58112(8) 1 0.0207(2)
H71_5 ? ? 0.0508 0.3834 0.5779 1 0.025
H72_5 ? ? 0.1521 0.3527 0.5877 1 0.025
C8_5 ? ? 0.1563(4) 0.4344(5) 0.56275(8) 1 0.0201(2)
H81_5 ? ? 0.1717 0.3785 0.5551 1 0.024
H82_5 ? ? 0.1117 0.4737 0.5544 1 0.024
C9_5 ? ? 0.3062(4) 0.4947(4) 0.55576(8) 1 0.0167(2)
H91_5 ? ? 0.2769 0.4940 0.5420 1 0.020
H92_5 ? ? 0.3510 0.4422 0.5576 1 0.020
C10_5 ? ? 0.3542(4) 0.5877(4) 0.56045(7) 1 0.0176(2)
H101_5 ? ? 0.4098 0.5936 0.5533 1 0.021
H102_5 ? ? 0.3118 0.6406 0.5566 1 0.021
O6_6 ? ? 0.1856(3) 0.6747(3) 0.70530(5) 1 0.02081(16)
H1W_6 ? ? 0.166(3) 0.681(3) 0.69369(19) 1 0.025
H2W_6 ? ? 0.158(2) 0.713(2) 0.7114(5) 1 0.025
O7_6 ? ? 0.3058(3) 0.4290(3) 0.72815(6) 1 0.02090(17)
H3W_6 ? ? 0.320(3) 0.428(3) 0.74012(17) 1 0.025
H4W_6 ? ? 0.314(3) 0.3748(12) 0.7246(5) 1 0.025
Fe6_6 ? ? 0.24535(6) 0.55114(6) 0.715983(11) 1 0.01219(7)
O1_6 ? ? 0.1199(2) 0.5229(3) 0.73185(5) 1 0.01543(15)
O2_6 ? ? 0.1574(2) 0.4450(3) 0.69807(5) 1 0.01650(15)
O3_6 ? ? 0.3028(2) 0.5397(3) 0.68718(5) 1 0.01685(16)
O4_6 ? ? 0.3852(2) 0.6192(3) 0.72033(5) 1 0.01722(15)
O5_6 ? ? 0.2648(2) 0.6200(3) 0.74484(5) 1 0.02154(16)
C1_6 ? ? 0.0721(4) 0.4392(5) 0.72524(8) 1 0.0203(2)
H11_6 ? ? 0.0098 0.4373 0.7299 1 0.024
H12_6 ? ? 0.1072 0.3829 0.7303 1 0.024
C2_6 ? ? 0.0642(4) 0.4421(5) 0.70299(8) 1 0.0205(2)
H21_6 ? ? 0.0319 0.3854 0.6973 1 0.025
H22_6 ? ? 0.0295 0.4985 0.6979 1 0.025
C3_6 ? ? 0.1665(4) 0.4531(4) 0.67751(7) 1 0.0178(2)
H31_6 ? ? 0.1346 0.5103 0.6720 1 0.021
H32_6 ? ? 0.1389 0.3977 0.6703 1 0.021
C4_6 ? ? 0.2688(4) 0.4587(4) 0.67570(8) 1 0.0175(2)
H41_6 ? ? 0.3005 0.4008 0.6809 1 0.021
H42_6 ? ? 0.2799 0.4665 0.6618 1 0.021
C5_6 ? ? 0.4020(3) 0.5493(5) 0.68969(8) 1 0.0210(2)
H51_6 ? ? 0.4259 0.5563 0.6767 1 0.025
H52_6 ? ? 0.4309 0.4930 0.6963 1 0.025
C6_6 ? ? 0.4247(4) 0.6344(4) 0.70194(8) 1 0.0228(2)
H61_6 ? ? 0.4927 0.6427 0.7044 1 0.027
H62_6 ? ? 0.3976 0.6912 0.6952 1 0.027
C7_6 ? ? 0.3862(4) 0.7011(4) 0.73242(8) 1 0.0207(2)
H71_6 ? ? 0.3480 0.7515 0.7256 1 0.025
H72_6 ? ? 0.4504 0.7247 0.7355 1 0.025
C8_6 ? ? 0.3468(4) 0.6722(5) 0.75096(8) 1 0.0201(2)
H81_6 ? ? 0.3918 0.6329 0.7593 1 0.024
H82_6 ? ? 0.3318 0.7282 0.7586 1 0.024
C9_6 ? ? 0.1929(4) 0.6161(4) 0.75766(8) 1 0.0167(2)
H91_6 ? ? 0.1502 0.6701 0.7552 1 0.020
H92_6 ? ? 0.2198 0.6173 0.7716 1 0.020
C10_6 ? ? 0.1432(4) 0.5262(4) 0.75300(7) 1 0.0176(2)
H101_6 ? ? 0.1832 0.4722 0.7574 1 0.021
H102_6 ? ? 0.0862 0.5233 0.7597 1 0.021
O6_7 ? ? 0.3221(3) 0.4348(3) 0.85616(5) 1 0.02081(16)
H1W_7 ? ? 0.340(3) 0.388(2) 0.8506(5) 1 0.025
H2W_7 ? ? 0.354(2) 0.437(3) 0.8668(3) 1 0.025
O7_7 ? ? 0.1785(3) 0.6664(3) 0.83320(5) 1 0.02090(17)
H3W_7 ? ? 0.173(3) 0.7141(17) 0.8397(4) 1 0.025
H4W_7 ? ? 0.176(3) 0.685(2) 0.8218(2) 1 0.025
Fe7_7 ? ? 0.25256(8) 0.55358(9) 0.845308(14) 0.8775(19) 0.01219(7)
O1_7 ? ? 0.3754(2) 0.5873(2) 0.82880(5) 0.8775(19) 0.01543(15)
O2_7 ? ? 0.3355(2) 0.6627(3) 0.86243(5) 0.8775(19) 0.01650(15)
O3_7 ? ? 0.2011(2) 0.5590(3) 0.87509(4) 0.8775(19) 0.01685(16)
O4_7 ? ? 0.1205(2) 0.4716(3) 0.84280(5) 0.8775(19) 0.01722(15)
O5_7 ? ? 0.2296(2) 0.4913(3) 0.81580(5) 0.8775(19) 0.02154(16)
C1_7 ? ? 0.4205(4) 0.6728(4) 0.83555(8) 0.8775(19) 0.0203(2)
H11_7 ? ? 0.3839 0.7277 0.8303 0.8775(19) 0.024
H12_7 ? ? 0.4829 0.6765 0.8310 0.8775(19) 0.024
C2_7 ? ? 0.4283(3) 0.6723(4) 0.85739(7) 0.8775(19) 0.0205(2)
H21_7 ? ? 0.4673 0.6191 0.8627 0.8775(19) 0.025
H22_7 ? ? 0.4563 0.7317 0.8627 0.8775(19) 0.025
C3_7 ? ? 0.3276(3) 0.6572(4) 0.88332(7) 0.8775(19) 0.0178(2)
H31_7 ? ? 0.3513 0.7155 0.8900 0.8775(19) 0.021
H32_7 ? ? 0.3637 0.6032 0.8892 0.8775(19) 0.021
C4_7 ? ? 0.2261(4) 0.6446(4) 0.88538(7) 0.8775(19) 0.0175(2)
H41_7 ? ? 0.2156 0.6395 0.8994 0.8775(19) 0.021
H42_7 ? ? 0.1896 0.6982 0.8794 0.8775(19) 0.021
C5_7 ? ? 0.1047(3) 0.5376(4) 0.87415(8) 0.8775(19) 0.0210(2)
H51_7 ? ? 0.0671 0.5901 0.8680 0.8775(19) 0.025
H52_7 ? ? 0.0864 0.5267 0.8875 0.8775(19) 0.025
C6_7 ? ? 0.0901(4) 0.4481(4) 0.86157(7) 0.8775(19) 0.0228(2)
H61_7 ? ? 0.1271 0.3954 0.8678 0.8775(19) 0.027
H62_7 ? ? 0.0239 0.4297 0.8600 0.8775(19) 0.027
C7_7 ? ? 0.1257(4) 0.3908(4) 0.82999(7) 0.8775(19) 0.0207(2)
H71_7 ? ? 0.0644 0.3598 0.8277 0.8775(19) 0.025
H72_7 ? ? 0.1710 0.3446 0.8361 0.8775(19) 0.025
C8_7 ? ? 0.1554(4) 0.4254(4) 0.81105(7) 0.8775(19) 0.0201(2)
H81_7 ? ? 0.1770 0.3723 0.8034 0.8775(19) 0.024
H82_7 ? ? 0.1029 0.4565 0.8031 0.8775(19) 0.024
C9_7 ? ? 0.3042(4) 0.4912(4) 0.80387(7) 0.8775(19) 0.0167(2)
H91_7 ? ? 0.2805 0.4859 0.7898 0.8775(19) 0.020
H92_7 ? ? 0.3467 0.4379 0.8074 0.8775(19) 0.020
C10_7 ? ? 0.3534(4) 0.5832(4) 0.80787(7) 0.8775(19) 0.0176(2)
H101_7 ? ? 0.4105 0.5857 0.8012 0.8775(19) 0.021
H102_7 ? ? 0.3128 0.6363 0.8032 0.8775(19) 0.021
Fe10_10 ? ? 0.2474(4) 0.5575(4) 0.84215(7) 0.1225(19) 0.01219(7)
O1_10 ? ? 0.1299(5) 0.5194(7) 0.85834(12) 0.1225(19) 0.01543(15)
O2_10 ? ? 0.1631(6) 0.4554(6) 0.82486(11) 0.1225(19) 0.01650(15)
O3_10 ? ? 0.2986(6) 0.5506(7) 0.81417(9) 0.1225(19) 0.01685(16)
O4_10 ? ? 0.3797(5) 0.6369(7) 0.84471(13) 0.1225(19) 0.01722(15)
O5_10 ? ? 0.2680(6) 0.6227(7) 0.86956(9) 0.1225(19) 0.02154(16)
C1_10 ? ? 0.0838(7) 0.4321(8) 0.85145(15) 0.1225(19) 0.0203(2)
H1A_10 ? ? 0.0237 0.4273 0.8560 0.1225(19) 0.024
H1B_10 ? ? 0.1203 0.3775 0.8560 0.1225(19) 0.024
C2_10 ? ? 0.0737(6) 0.4373(8) 0.82962(15) 0.1225(19) 0.0205(2)
H2A_10 ? ? 0.0502 0.3781 0.8240 0.1225(19) 0.025
H2B_10 ? ? 0.0318 0.4878 0.8250 0.1225(19) 0.025
C3_10 ? ? 0.1673(8) 0.4577(9) 0.80484(11) 0.1225(19) 0.0178(2)
H3A_10 ? ? 0.1312 0.5100 0.7990 0.1225(19) 0.021
H3B_10 ? ? 0.1437 0.3992 0.7989 0.1225(19) 0.021
C4_10 ? ? 0.2677(8) 0.4700(9) 0.80250(11) 0.1225(19) 0.0175(2)
H4A_10 ? ? 0.3026 0.4139 0.8068 0.1225(19) 0.021
H4B_10 ? ? 0.2754 0.4814 0.7892 0.1225(19) 0.021
C5_10 ? ? 0.3964(7) 0.5710(9) 0.81481(14) 0.1225(19) 0.0210(2)
H5A_10 ? ? 0.4127 0.5818 0.8020 0.1225(19) 0.025
H5B_10 ? ? 0.4331 0.5190 0.8206 0.1225(19) 0.025
C6_10 ? ? 0.4114(7) 0.6576(8) 0.82668(15) 0.1225(19) 0.0228(2)
H6A_10 ? ? 0.4764 0.6741 0.8285 0.1225(19) 0.027
H6B_10 ? ? 0.3770 0.7102 0.8205 0.1225(19) 0.027
C7_10 ? ? 0.3808(8) 0.7162(7) 0.85698(16) 0.1225(19) 0.0207(2)
H7A_10 ? ? 0.3419 0.7661 0.8510 0.1225(19) 0.025
H7B_10 ? ? 0.4431 0.7404 0.8599 0.1225(19) 0.025
C8_10 ? ? 0.3443(8) 0.6820(8) 0.87527(13) 0.1225(19) 0.0201(2)
H8A_10 ? ? 0.3918 0.6473 0.8832 0.1225(19) 0.024
H8B_10 ? ? 0.3255 0.7354 0.8826 0.1225(19) 0.024
C9_10 ? ? 0.2029(8) 0.6154(9) 0.88277(11) 0.1225(19) 0.0167(2)
H9A_10 ? ? 0.1597 0.6677 0.8812 0.1225(19) 0.020
H9B_10 ? ? 0.2336 0.6160 0.8958 0.1225(19) 0.020
C10_10 ? ? 0.1542(8) 0.5238(9) 0.87851(11) 0.1225(19) 0.0176(2)
H10A_10 ? ? 0.1943 0.4713 0.8828 0.1225(19) 0.021
H10B_10 ? ? 0.0994 0.5206 0.8850 0.1225(19) 0.021
O6_8 ? ? 0.3099(3) 0.4328(3) 0.98143(6) 1 0.02081(16)
H1W_8 ? ? 0.314(3) 0.3859(19) 0.9745(5) 1 0.025
H2W_8 ? ? 0.346(2) 0.425(3) 0.9912(3) 1 0.025
O7_8 ? ? 0.1946(3) 0.6781(3) 0.95834(6) 1 0.02090(17)
H3W_8 ? ? 0.181(3) 0.720(2) 0.9659(4) 1 0.025
H4W_8 ? ? 0.160(2) 0.686(3) 0.9482(3) 1 0.025
Fe8_8 ? ? 0.25230(6) 0.55887(7) 0.970394(11) 1 0.01219(7)
O1_8 ? ? 0.3778(2) 0.5824(3) 0.95507(5) 1 0.01543(15)
O2_8 ? ? 0.3414(2) 0.6604(3) 0.98859(5) 1 0.01650(15)
O3_8 ? ? 0.1951(2) 0.5698(3) 0.99922(5) 1 0.01685(16)
O4_8 ? ? 0.1119(2) 0.4902(3) 0.96662(5) 1 0.01722(15)
O5_8 ? ? 0.2306(2) 0.4915(3) 0.94167(5) 1 0.02154(16)
C1_8 ? ? 0.4295(4) 0.6665(4) 0.96199(8) 1 0.0203(2)
H11_8 ? ? 0.3970 0.7239 0.9568 1 0.024
H12_8 ? ? 0.4924 0.6656 0.9576 1 0.024
C2_8 ? ? 0.4355(4) 0.6647(5) 0.98397(7) 1 0.0205(2)
H21_8 ? ? 0.4708 0.6091 0.9893 1 0.025
H22_8 ? ? 0.4665 0.7221 0.9896 1 0.025
C3_8 ? ? 0.3316(4) 0.6542(4) 1.00929(7) 1 0.0178(2)
H31_8 ? ? 0.3593 0.7099 1.0163 1 0.021
H32_8 ? ? 0.3627 0.5970 1.0150 1 0.021
C4_8 ? ? 0.2293(4) 0.6499(4) 1.01075(8) 1 0.0175(2)
H41_8 ? ? 0.2171 0.6422 1.0246 1 0.021
H42_8 ? ? 0.1987 0.7082 1.0055 1 0.021
C5_8 ? ? 0.0958(3) 0.5622(5) 0.99711(7) 1 0.0210(2)
H51_8 ? ? 0.0671 0.6182 0.9904 1 0.025
H52_8 ? ? 0.0725 0.5561 1.0101 1 0.025
C6_8 ? ? 0.0746(4) 0.4756(4) 0.98504(8) 1 0.0228(2)
H61_8 ? ? 0.1034 0.4199 0.9919 1 0.027
H62_8 ? ? 0.0067 0.4655 0.9828 1 0.027
C7_8 ? ? 0.1098(4) 0.4079(4) 0.95431(8) 1 0.0207(2)
H71_8 ? ? 0.0454 0.3851 0.9512 1 0.025
H72_8 ? ? 0.1476 0.3569 0.9610 1 0.025
C8_8 ? ? 0.1496(4) 0.4377(4) 0.93568(8) 1 0.0201(2)
H81_8 ? ? 0.1657 0.3819 0.9281 1 0.024
H82_8 ? ? 0.1040 0.4760 0.9273 1 0.024
C9_8 ? ? 0.3040(4) 0.4914(4) 0.92946(8) 1 0.0167(2)
H91_8 ? ? 0.2790 0.4898 0.9154 1 0.020
H92_8 ? ? 0.3446 0.4360 0.9323 1 0.020
C10_8 ? ? 0.3577(4) 0.5818(4) 0.93420(7) 1 0.0176(2)
H101_8 ? ? 0.4157 0.5825 0.9278 1 0.021
H102_8 ? ? 0.3199 0.6372 0.9297 1 0.021
N1_11 ? ? 0.0705(3) 0.7426(4) 0.03409(7) 1 0.01766(19)
O8_11 ? ? 0.0448(3) 0.6710(3) 0.04146(6) 1 0.0331(2)
O9_11 ? ? 0.1424(3) 0.7865(3) 0.04275(6) 1 0.02545(17)
O10_11 ? ? 0.0344(3) 0.7765(3) 0.01851(6) 1 0.02637(17)
N2_12 ? ? 0.1012(3) 0.7299(3) 0.16453(6) 1 0.01585(19)
O8_12 ? ? 0.0881(3) 0.6568(3) 0.17350(5) 1 0.02458(17)
O9_12 ? ? 0.1790(3) 0.7722(3) 0.16751(5) 1 0.02463(17)
O10_12 ? ? 0.0428(3) 0.7649(3) 0.15210(6) 1 0.02607(18)
N3_13 ? ? 0.0802(3) 0.7366(3) 0.28760(7) 1 0.01766(19)
O8_13 ? ? 0.0697(3) 0.6663(3) 0.29765(6) 1 0.0331(2)
O9_13 ? ? 0.1438(3) 0.7966(3) 0.29326(6) 1 0.02545(17)
O10_13 ? ? 0.0325(3) 0.7504(3) 0.27145(6) 1 0.02637(17)
N4_14 ? ? 0.0765(3) 0.7388(3) 0.41028(7) 1 0.01766(19)
O8_14 ? ? 0.0499(3) 0.6654(3) 0.41646(6) 1 0.0331(2)
O9_14 ? ? 0.1523(3) 0.7756(3) 0.41899(6) 1 0.02545(17)
O10_14 ? ? 0.0379(3) 0.7835(3) 0.39629(5) 1 0.02637(17)
N5_15 ? ? 0.1000(3) 0.7349(3) 0.54050(6) 1 0.01585(19)
O8_15 ? ? 0.0941(3) 0.6603(3) 0.54950(5) 1 0.02458(17)
O9_15 ? ? 0.1701(3) 0.7881(3) 0.54382(6) 1 0.02463(17)
O10_15 ? ? 0.0395(3) 0.7590(3) 0.52720(6) 1 0.02607(18)
N6_16 ? ? 0.0740(3) 0.7395(3) 0.66110(7) 1 0.01766(19)
O8_16 ? ? 0.0618(3) 0.6679(3) 0.67063(5) 1 0.0331(2)
O9_16 ? ? 0.1390(3) 0.7967(3) 0.66812(5) 1 0.02545(17)
O10_16 ? ? 0.0303(3) 0.7585(3) 0.64512(5) 1 0.02637(17)
N7_17 ? ? 0.0948(3) 0.7326(3) 0.78802(6) 1 0.01585(19)
O8_17 ? ? 0.0764(2) 0.6610(3) 0.79685(5) 1 0.02458(17)
O9_17 ? ? 0.1736(2) 0.7726(3) 0.79264(5) 1 0.02463(17)
O10_17 ? ? 0.0416(3) 0.7701(3) 0.77487(5) 1 0.02607(18)
N8_18 ? ? 0.0890(3) 0.7365(3) 0.91364(7) 1 0.01585(19)
O8_18 ? ? 0.0830(3) 0.6643(3) 0.92331(5) 1 0.02458(17)
O9_18 ? ? 0.1550(3) 0.7958(3) 0.91807(6) 1 0.02463(17)
O10_18 ? ? 0.0350(3) 0.7531(3) 0.89843(5) 1 0.02607(18)
N9_19 ? ? 0.3978(3) 0.3712(3) 0.14768(6) 1 0.01585(19)
O8_19 ? ? 0.4061(3) 0.4480(3) 0.13823(5) 1 0.02458(17)
O9_19 ? ? 0.3237(2) 0.3261(3) 0.14342(5) 1 0.02463(17)
O10_19 ? ? 0.4606(3) 0.3461(3) 0.16010(6) 1 0.02607(18)
N10_20 ? ? 0.4245(3) 0.3624(3) 0.27810(7) 1 0.01766(19)
O8_20 ? ? 0.4575(3) 0.4392(3) 0.27197(6) 1 0.0331(2)
O9_20 ? ? 0.3553(3) 0.3272(3) 0.26903(6) 1 0.02545(17)
O10_20 ? ? 0.4644(3) 0.3281(3) 0.29347(5) 1 0.02637(17)
N11_21 ? ? 0.4130(3) 0.3679(3) 0.40003(7) 1 0.01585(19)
O8_21 ? ? 0.4217(3) 0.4414(3) 0.38955(5) 1 0.02458(17)
O9_21 ? ? 0.3488(3) 0.3138(3) 0.39443(6) 1 0.02463(17)
O10_21 ? ? 0.4663(3) 0.3539(3) 0.41466(6) 1 0.02607(18)
N12_22 ? ? 0.4008(3) 0.3727(3) 0.52417(6) 1 0.01585(19)
O8_22 ? ? 0.4199(3) 0.4497(3) 0.51552(5) 1 0.02458(17)
O9_22 ? ? 0.3222(3) 0.3389(3) 0.51979(5) 1 0.02463(17)
O10_22 ? ? 0.4594(3) 0.3392(3) 0.53653(6) 1 0.02607(18)
N13_23 ? ? 0.4280(3) 0.3637(3) 0.65300(7) 1 0.01766(19)
O8_23 ? ? 0.4552(3) 0.4398(3) 0.64563(5) 1 0.0331(2)
O9_23 ? ? 0.3606(3) 0.3230(3) 0.64454(6) 1 0.02545(17)
O10_23 ? ? 0.4689(3) 0.3343(3) 0.66858(5) 1 0.02637(17)
N14_24 ? ? 0.4035(3) 0.3682(3) 0.77366(6) 1 0.01585(19)
O8_24 ? ? 0.4103(3) 0.4441(3) 0.76375(5) 1 0.02458(17)
O9_24 ? ? 0.3327(2) 0.3200(3) 0.76914(6) 1 0.02463(17)
O10_24 ? ? 0.4651(3) 0.3463(3) 0.78655(5) 1 0.02607(18)
N15_25 ? ? 0.4181(3) 0.3678(3) 0.90153(6) 1 0.01766(19)
O8_25 ? ? 0.4497(2) 0.4464(3) 0.89622(5) 1 0.0331(2)
O9_25 ? ? 0.3433(2) 0.3387(3) 0.89336(5) 1 0.02545(17)
O10_25 ? ? 0.4626(3) 0.3265(3) 0.91520(5) 1 0.02637(17)
N16_26 ? ? 0.4222(3) 0.3676(4) 1.02578(7) 1 0.01766(19)
O8_26 ? ? 0.4346(3) 0.4417(3) 1.01593(6) 1 0.0331(2)
O9_26 ? ? 0.3607(3) 0.3128(3) 1.01908(6) 1 0.02545(17)
O10_26 ? ? 0.4706(3) 0.3525(3) 1.04126(6) 1 0.02637(17)

|'diaqua(15-crown-5)magnesium(II) nitrate'||||
C10 H24 Mg N2 O13
14.597(2) 14.135(2) 70.201(5) 90.00 96.95(2) 90.00
B1211
O6_1 ? ? 0.1786(3) 0.6727(3) 0.08060(6) 1 0.0555(2)
H1W_1 ? ? 0.160(3) 0.670(4) 0.0692(2) 1 0.083
H2W_1 ? ? 0.157(3) 0.719(3) 0.0851(6) 1 0.083
O7_1 ? ? 0.3141(3) 0.4434(3) 0.10216(6) 1 0.0552(2)
H3W_1 ? ? 0.314(3) 0.3912(17) 0.0973(6) 1 0.083
H4W_1 ? ? 0.327(3) 0.439(4) 0.11369(16) 1 0.083
Mg1_1 ? ? 0.24549(12) 0.55524(14) 0.09126(2) 1 0.03647(11)
O1_1 ? ? 0.1280(2) 0.5205(3) 0.10744(5) 1 0.04702(19)
O2_1 ? ? 0.1584(2) 0.4540(3) 0.07407(5) 1 0.04969(19)
O3_1 ? ? 0.2977(2) 0.5438(3) 0.06335(5) 1 0.05094(19)
O4_1 ? ? 0.3800(2) 0.6296(3) 0.09366(5) 1 0.0557(2)
O5_1 ? ? 0.2689(2) 0.6216(3) 0.11839(5) 1 0.04900(19)
C1_1 ? ? 0.0784(4) 0.4373(5) 0.10093(8) 1 0.0643(3)
H11_1 ? ? 0.0181 0.4367 0.1054 1 0.077
H12_1 ? ? 0.1119 0.3813 0.1057 1 0.077
C2_1 ? ? 0.0687(4) 0.4394(5) 0.07947(8) 1 0.0659(3)
H21_1 ? ? 0.0433 0.3801 0.0743 1 0.079
H22_1 ? ? 0.0277 0.4903 0.0746 1 0.079
C3_1 ? ? 0.1625(4) 0.4562(5) 0.05382(7) 1 0.0581(3)
H31_1 ? ? 0.1296 0.5107 0.0480 1 0.070
H32_1 ? ? 0.1362 0.3992 0.0477 1 0.070
C4_1 ? ? 0.2638(4) 0.4629(4) 0.05206(8) 1 0.0571(3)
H41_1 ? ? 0.2954 0.4058 0.0569 1 0.069
H42_1 ? ? 0.2737 0.4714 0.0388 1 0.069
C5_1 ? ? 0.3944(4) 0.5595(5) 0.06362(8) 1 0.0693(4)
H51_1 ? ? 0.4099 0.5696 0.0507 1 0.083
H52_1 ? ? 0.4293 0.5059 0.0692 1 0.083
C6_1 ? ? 0.4149(4) 0.6463(5) 0.07564(8) 1 0.0721(4)
H61_1 ? ? 0.4809 0.6577 0.0777 1 0.086
H62_1 ? ? 0.3851 0.7011 0.0693 1 0.086
C7_1 ? ? 0.3844(4) 0.7098(4) 0.10591(8) 1 0.0657(3)
H71_1 ? ? 0.3473 0.7610 0.0999 1 0.079
H72_1 ? ? 0.4476 0.7316 0.1087 1 0.079
C8_1 ? ? 0.3477(4) 0.6790(5) 0.12396(8) 1 0.0640(3)
H81_1 ? ? 0.3941 0.6433 0.1320 1 0.077
H82_1 ? ? 0.3306 0.7336 0.1311 1 0.077
C9_1 ? ? 0.2012(4) 0.6170(4) 0.13162(7) 1 0.0527(3)
H91_1 ? ? 0.1586 0.6698 0.1296 1 0.063
H92_1 ? ? 0.2308 0.6190 0.1447 1 0.063
C10_1 ? ? 0.1516(4) 0.5262(4) 0.12778(7) 1 0.0549(3)
H101_1 ? ? 0.1908 0.4735 0.1324 1 0.066
H102_1 ? ? 0.0964 0.5247 0.1342 1 0.066
O6_2 ? ? 0.3244(3) 0.4387(3) 0.23146(6) 1 0.0555(2)
H1W_2 ? ? 0.344(3) 0.396(3) 0.2252(6) 1 0.083
H2W_2 ? ? 0.346(3) 0.430(4) 0.2426(2) 1 0.083
O7_2 ? ? 0.1856(3) 0.6699(3) 0.20957(6) 1 0.0552(2)
H3W_2 ? ? 0.170(3) 0.718(2) 0.2147(7) 1 0.083
H4W_2 ? ? 0.159(3) 0.663(4) 0.1989(3) 1 0.083
Mg2_2 ? ? 0.25480(12) 0.55265(14) 0.22073(2) 1 0.03647(11)
O1_2 ? ? 0.3746(2) 0.5860(3) 0.20476(5) 1 0.04702(19)
O2_2 ? ? 0.3417(2) 0.6533(3) 0.23781(5) 1 0.04969(19)
O3_2 ? ? 0.2037(2) 0.5635(3) 0.24877(5) 1 0.05094(19)
O4_2 ? ? 0.1222(2) 0.4735(3) 0.21853(5) 1 0.0557(2)
O5_2 ? ? 0.2340(2) 0.4855(3) 0.19355(5) 1 0.04900(19)
C1_2 ? ? 0.4196(4) 0.6728(5) 0.21107(8) 1 0.0643(3)
H11_2 ? ? 0.3819 0.7268 0.2066 1 0.077
H12_2 ? ? 0.4788 0.6782 0.2062 1 0.077
C2_2 ? ? 0.4325(4) 0.6685(5) 0.23271(8) 1 0.0659(3)
H21_2 ? ? 0.4732 0.6169 0.2372 1 0.079
H22_2 ? ? 0.4581 0.7273 0.2381 1 0.079
C3_2 ? ? 0.3346(4) 0.6529(5) 0.25788(7) 1 0.0581(3)
H31_2 ? ? 0.3586 0.7116 0.2637 1 0.070
H32_2 ? ? 0.3698 0.6008 0.2641 1 0.070
C4_2 ? ? 0.2348(4) 0.6424(4) 0.26021(8) 1 0.0571(3)
H41_2 ? ? 0.2270 0.6313 0.2735 1 0.069
H42_2 ? ? 0.2008 0.6989 0.2558 1 0.069
C5_2 ? ? 0.1088(4) 0.5408(5) 0.24842(9) 1 0.0693(4)
H51_2 ? ? 0.0707 0.5922 0.2428 1 0.083
H52_2 ? ? 0.0939 0.5300 0.2613 1 0.083
C6_2 ? ? 0.0917(4) 0.4522(5) 0.23651(8) 1 0.0721(4)
H61_2 ? ? 0.1261 0.3994 0.2426 1 0.086
H62_2 ? ? 0.0266 0.4363 0.2349 1 0.086
C7_2 ? ? 0.1209(4) 0.3964(4) 0.20557(8) 1 0.0657(3)
H71_2 ? ? 0.0584 0.3726 0.2026 1 0.079
H72_2 ? ? 0.1595 0.3455 0.2113 1 0.079
C8_2 ? ? 0.1555(4) 0.4293(5) 0.18797(8) 1 0.0640(3)
H81_2 ? ? 0.1717 0.3758 0.1804 1 0.077
H82_2 ? ? 0.1086 0.4662 0.1803 1 0.077
C9_2 ? ? 0.2999(4) 0.4912(4) 0.18045(7) 1 0.0527(3)
H91_2 ? ? 0.2698 0.4890 0.1674 1 0.063
H92_2 ? ? 0.3432 0.4390 0.1824 1 0.063
C10_2 ? ? 0.3491(4) 0.5837(4) 0.18427(7) 1 0.0549(3)
H101_2 ? ? 0.4035 0.5867 0.1776 1 0.066
H102_2 ? ? 0.3089 0.6362 0.1801 1 0.066
O6_3 ? ? 0.1835(3) 0.6741(3) 0.33233(6) 1 0.0555(2)
H1W_3 ? ? 0.175(4) 0.7246(19) 0.3374(6) 1 0.083
H2W_3 ? ? 0.161(4) 0.675(4) 0.3212(3) 1 0.083
O7_3 ? ? 0.3116(3) 0.4376(3) 0.35358(6) 1 0.0552(2)
H3W_3 ? ? 0.335(3) 0.398(3) 0.3474(6) 1 0.083
H4W_3 ? ? 0.334(3) 0.431(4) 0.3647(2) 1 0.083
Mg3_3 ? ? 0.24663(17) 0.5549(2) 0.34245(3) 0.7324(19) 0.03647(11)
O1_3 ? ? 0.1273(3) 0.5234(3) 0.35815(6) 0.7324(19) 0.04702(19)
O2_3 ? ? 0.1591(3) 0.4550(3) 0.32517(6) 0.7324(19) 0.04969(19)
O3_3 ? ? 0.3006(3) 0.5417(4) 0.31472(6) 0.7324(19) 0.05094(19)
O4_3 ? ? 0.3840(3) 0.6262(3) 0.34559(6) 0.7324(19) 0.0557(2)
O5_3 ? ? 0.2709(3) 0.6179(3) 0.37013(5) 0.7324(19) 0.04900(19)
C1_3 ? ? 0.0774(5) 0.4404(5) 0.35172(10) 0.7324(19) 0.0643(3)
H11_3 ? ? 0.0170 0.4400 0.3562 0.7324(19) 0.077
H12_3 ? ? 0.1106 0.3841 0.3565 0.7324(19) 0.077
C2_3 ? ? 0.0683(4) 0.4439(6) 0.32979(9) 0.7324(19) 0.0659(3)
H21_3 ? ? 0.0411 0.3859 0.3243 0.7324(19) 0.079
H22_3 ? ? 0.0300 0.4968 0.3250 0.7324(19) 0.079
C3_3 ? ? 0.1656(5) 0.4543(6) 0.30485(8) 0.7324(19) 0.0581(3)
H31_3 ? ? 0.1316 0.5069 0.2986 0.7324(19) 0.070
H32_3 ? ? 0.1410 0.3958 0.2991 0.7324(19) 0.070
C4_3 ? ? 0.2660(5) 0.4629(5) 0.30304(9) 0.7324(19) 0.0571(3)
H41_3 ? ? 0.2981 0.4053 0.3074 0.7324(19) 0.069
H42_3 ? ? 0.2752 0.4737 0.2898 0.7324(19) 0.069
C5_3 ? ? 0.3969(4) 0.5564(6) 0.31550(10) 0.7324(19) 0.0693(4)
H51_3 ? ? 0.4137 0.5664 0.3027 0.7324(19) 0.083
H52_3 ? ? 0.4304 0.5019 0.3211 0.7324(19) 0.083
C6_3 ? ? 0.4193(5) 0.6422(6) 0.32763(10) 0.7324(19) 0.0721(4)
H61_3 ? ? 0.4855 0.6518 0.3297 0.7324(19) 0.086
H62_3 ? ? 0.3909 0.6978 0.3214 0.7324(19) 0.086
C7_3 ? ? 0.3883(5) 0.7057(5) 0.35809(9) 0.7324(19) 0.0657(3)
H71_3 ? ? 0.3528 0.7579 0.3520 0.7324(19) 0.079
H72_3 ? ? 0.4517 0.7261 0.3613 0.7324(19) 0.079
C8_3 ? ? 0.3488(5) 0.6746(6) 0.37574(9) 0.7324(19) 0.0640(3)
H81_3 ? ? 0.3944 0.6389 0.3840 0.7324(19) 0.077
H82_3 ? ? 0.3312 0.7293 0.3828 0.7324(19) 0.077
C9_3 ? ? 0.2018(5) 0.6192(5) 0.38240(9) 0.7324(19) 0.0527(3)
H91_3 ? ? 0.1618 0.6736 0.3797 0.7324(19) 0.063
H92_3 ? ? 0.2290 0.6222 0.3957 0.7324(19) 0.063
C10_3 ? ? 0.1484(5) 0.5291(5) 0.37860(8) 0.7324(19) 0.0549(3)
H101_3 ? ? 0.1850 0.4751 0.3835 0.7324(19) 0.066
H102_3 ? ? 0.0922 0.5306 0.3847 0.7324(19) 0.066
Mg9_9 ? ? 0.2504(3) 0.5531(3) 0.34530(5) 0.2676(19) 0.03647(11)
O1_9 ? ? 0.3716(3) 0.5831(4) 0.32992(7) 0.2676(19) 0.04702(19)
O2_9 ? ? 0.3402(4) 0.6500(4) 0.36288(7) 0.2676(19) 0.04969(19)
O3_9 ? ? 0.1976(4) 0.5653(5) 0.37332(6) 0.2676(19) 0.05094(19)
O4_9 ? ? 0.1141(3) 0.4812(5) 0.34287(8) 0.2676(19) 0.0557(2)
O5_9 ? ? 0.2272(4) 0.4880(4) 0.31820(6) 0.2676(19) 0.04900(19)
C1_9 ? ? 0.4214(4) 0.6654(5) 0.33644(9) 0.2676(19) 0.0643(3)
H1A_9 ? ? 0.3879 0.7218 0.3318 0.2676(19) 0.077
H1B_9 ? ? 0.4813 0.6661 0.3318 0.2676(19) 0.077
C2_9 ? ? 0.4322(4) 0.6629(5) 0.35746(9) 0.2676(19) 0.0659(3)
H2A_9 ? ? 0.4721 0.6110 0.3622 0.2676(19) 0.079
H2B_9 ? ? 0.4589 0.7216 0.3627 0.2676(19) 0.079
C3_9 ? ? 0.3330(5) 0.6486(6) 0.38308(7) 0.2676(19) 0.0581(3)
H3A_9 ? ? 0.3599 0.7053 0.3892 0.2676(19) 0.070
H3B_9 ? ? 0.3646 0.5938 0.3891 0.2676(19) 0.070
C4_9 ? ? 0.2325(5) 0.6439(6) 0.38474(7) 0.2676(19) 0.0571(3)
H4A_9 ? ? 0.2222 0.6347 0.3980 0.2676(19) 0.069
H4B_9 ? ? 0.2022 0.7018 0.3801 0.2676(19) 0.069
C5_9 ? ? 0.1030(4) 0.5512(6) 0.37292(9) 0.2676(19) 0.0693(4)
H5A_9 ? ? 0.0692 0.6058 0.3674 0.2676(19) 0.083
H5B_9 ? ? 0.0872 0.5411 0.3858 0.2676(19) 0.083
C6_9 ? ? 0.0797(4) 0.4639(6) 0.36051(9) 0.2676(19) 0.0721(4)
H6A_9 ? ? 0.1086 0.4082 0.3667 0.2676(19) 0.086
H6B_9 ? ? 0.0135 0.4541 0.3585 0.2676(19) 0.086
C7_9 ? ? 0.1097(4) 0.4036(5) 0.32963(9) 0.2676(19) 0.0657(3)
H7A_9 ? ? 0.0463 0.3826 0.3266 0.2676(19) 0.079
H7B_9 ? ? 0.1460 0.3509 0.3353 0.2676(19) 0.079
C8_9 ? ? 0.1455(5) 0.4347(6) 0.31240(8) 0.2676(19) 0.0640(3)
H8A_9 ? ? 0.1597 0.3806 0.3048 0.2676(19) 0.077
H8B_9 ? ? 0.1003 0.4736 0.3048 0.2676(19) 0.077
C9_9 ? ? 0.2956(5) 0.4910(6) 0.30535(7) 0.2676(19) 0.0527(3)
H9A_9 ? ? 0.2667 0.4898 0.2922 0.2676(19) 0.063
H9B_9 ? ? 0.3364 0.4368 0.3074 0.2676(19) 0.063
C10_9 ? ? 0.3488(5) 0.5809(6) 0.30929(7) 0.2676(19) 0.0549(3)
H10A_9 ? ? 0.4044 0.5806 0.3030 0.2676(19) 0.066
H10B_9 ? ? 0.3116 0.6353 0.3049 0.2676(19) 0.066
O6_4 ? ? 0.1772(3) 0.6721(3) 0.45632(6) 1 0.0555(2)
H1W_4 ? ? 0.163(4) 0.722(2) 0.4611(6) 1 0.083
H2W_4 ? ? 0.173(3) 0.680(3) 0.44466(15) 1 0.083
O7_4 ? ? 0.3176(3) 0.4454(3) 0.47865(6) 1 0.0552(2)
H3W_4 ? ? 0.334(3) 0.402(3) 0.4723(6) 1 0.083
H4W_4 ? ? 0.350(3) 0.446(4) 0.4889(3) 1 0.083
Mg4_4 ? ? 0.24647(12) 0.55567(14) 0.46743(2) 1 0.03647(11)
O1_4 ? ? 0.1293(2) 0.5198(3) 0.48340(5) 1 0.04702(19)
O2_4 ? ? 0.1615(2) 0.4516(3) 0.45041(5) 1 0.04969(19)
O3_4 ? ? 0.2977(2) 0.5448(3) 0.43946(5) 1 0.05094(19)
O4_4 ? ? 0.3793(2) 0.6340(3) 0.46913(5) 1 0.0557(2)
O5_4 ? ? 0.2686(2) 0.6227(3) 0.49423(5) 1 0.04900(19)
C1_4 ? ? 0.0823(4) 0.4347(5) 0.47723(8) 1 0.0643(3)
H11_4 ? ? 0.0220 0.4326 0.4817 1 0.077
H12_4 ? ? 0.1174 0.3799 0.4822 1 0.077
C2_4 ? ? 0.0725(4) 0.4351(5) 0.45574(8) 1 0.0659(3)
H21_4 ? ? 0.0488 0.3748 0.4507 1 0.079
H22_4 ? ? 0.0303 0.4846 0.4507 1 0.079
C3_4 ? ? 0.1665(4) 0.4529(5) 0.43021(7) 1 0.0581(3)
H31_4 ? ? 0.1317 0.5057 0.4242 1 0.070
H32_4 ? ? 0.1423 0.3947 0.4243 1 0.070
C4_4 ? ? 0.2673(4) 0.4632(4) 0.42830(8) 1 0.0571(3)
H41_4 ? ? 0.3010 0.4074 0.4331 1 0.069
H42_4 ? ? 0.2765 0.4722 0.4150 1 0.069
C5_4 ? ? 0.3924(4) 0.5670(5) 0.43898(8) 1 0.0693(4)
H51_4 ? ? 0.4043 0.5797 0.4259 1 0.083
H52_4 ? ? 0.4311 0.5148 0.4440 1 0.083
C6_4 ? ? 0.4117(4) 0.6528(5) 0.45118(8) 1 0.0721(4)
H61_4 ? ? 0.4774 0.6659 0.4530 1 0.086
H62_4 ? ? 0.3800 0.7073 0.4451 1 0.086
C7_4 ? ? 0.3814(4) 0.7141(4) 0.48162(8) 1 0.0657(3)
H71_4 ? ? 0.3422 0.7640 0.4757 1 0.079
H72_4 ? ? 0.4438 0.7383 0.4843 1 0.079
C8_4 ? ? 0.3471(4) 0.6818(5) 0.49983(8) 1 0.0640(3)
H81_4 ? ? 0.3947 0.6465 0.5076 1 0.077
H82_4 ? ? 0.3297 0.7356 0.5072 1 0.077
C9_4 ? ? 0.2013(4) 0.6184(4) 0.50739(7) 1 0.0527(3)
H91_4 ? ? 0.1588 0.6713 0.5053 1 0.063
H92_4 ? ? 0.2310 0.6207 0.5205 1 0.063
C10_4 ? ? 0.1510(4) 0.5270(4) 0.50368(7) 1 0.0549(3)
H101_4 ? ? 0.1895 0.4744 0.5086 1 0.066
H102_4 ? ? 0.0950 0.5266 0.5099 1 0.066
O6_5 ? ? 0.3233(3) 0.4369(3) 0.60665(6) 1 0.0555(2)
H1W_5 ? ? 0.335(3) 0.423(3) 0.6179(2) 1 0.083
H2W_5 ? ? 0.336(4) 0.391(3) 0.6005(6) 1 0.083
O7_5 ? ? 0.1892(3) 0.6723(3) 0.58506(6) 1 0.0552(2)
H3W_5 ? ? 0.171(3) 0.713(3) 0.5918(5) 1 0.083
H4W_5 ? ? 0.156(3) 0.673(4) 0.5748(3) 1 0.083
Mg5_5 ? ? 0.25544(11) 0.55361(14) 0.59620(2) 1 0.03647(11)
O1_5 ? ? 0.3757(2) 0.5853(3) 0.58024(5) 1 0.04702(19)
O2_5 ? ? 0.3438(2) 0.6525(3) 0.61334(5) 1 0.04969(19)
O3_5 ? ? 0.2037(2) 0.5649(3) 0.62415(5) 1 0.05094(19)
O4_5 ? ? 0.1217(2) 0.4783(3) 0.59350(5) 1 0.0557(2)
O5_5 ? ? 0.2339(2) 0.4872(3) 0.56888(5) 1 0.04900(19)
C1_5 ? ? 0.4216(4) 0.6708(5) 0.58682(8) 1 0.0643(3)
H11_5 ? ? 0.3842 0.7252 0.5825 1 0.077
H12_5 ? ? 0.4805 0.6759 0.5818 1 0.077
C2_5 ? ? 0.4358(3) 0.6668(5) 0.60841(8) 1 0.0659(3)
H21_5 ? ? 0.4760 0.6148 0.6129 1 0.079
H22_5 ? ? 0.4619 0.7255 0.6138 1 0.079
C3_5 ? ? 0.3361(4) 0.6510(5) 0.63366(7) 1 0.0581(3)
H31_5 ? ? 0.3615 0.7085 0.6397 1 0.070
H32_5 ? ? 0.3695 0.5974 0.6397 1 0.070
C4_5 ? ? 0.2362(4) 0.6432(4) 0.63572(7) 1 0.0571(3)
H41_5 ? ? 0.2272 0.6324 0.6490 1 0.069
H42_5 ? ? 0.2038 0.7006 0.6313 1 0.069
C5_5 ? ? 0.1067(4) 0.5478(5) 0.62310(8) 1 0.0693(4)
H51_5 ? ? 0.0724 0.6008 0.6171 1 0.083
H52_5 ? ? 0.0889 0.5392 0.6359 1 0.083
C6_5 ? ? 0.0873(4) 0.4600(5) 0.61140(8) 1 0.0721(4)
H61_5 ? ? 0.1186 0.4060 0.6178 1 0.086
H62_5 ? ? 0.0216 0.4472 0.6094 1 0.086
C7_5 ? ? 0.1174(4) 0.4009(4) 0.58064(8) 1 0.0657(3)
H71_5 ? ? 0.0539 0.3804 0.5775 1 0.079
H72_5 ? ? 0.1531 0.3483 0.5865 1 0.079
C8_5 ? ? 0.1550(4) 0.4314(5) 0.56310(8) 1 0.0640(3)
H81_5 ? ? 0.1717 0.3768 0.5559 1 0.077
H82_5 ? ? 0.1094 0.4681 0.5550 1 0.077
C9_5 ? ? 0.3010(4) 0.4930(4) 0.55591(7) 1 0.0527(3)
H91_5 ? ? 0.2717 0.4910 0.5428 1 0.063
H92_5 ? ? 0.3441 0.4407 0.5579 1 0.063
C10_5 ? ? 0.3501(4) 0.5852(4) 0.55990(7) 1 0.0549(3)
H101_5 ? ? 0.4042 0.5891 0.5532 1 0.066
H102_5 ? ? 0.3096 0.6381 0.5560 1 0.066
O6_6 ? ? 0.1832(3) 0.6735(3) 0.70613(6) 1 0.0555(2)
H1W_6 ? ? 0.156(3) 0.675(4) 0.6953(3) 1 0.083
H2W_6 ? ? 0.157(3) 0.713(3) 0.7120(6) 1 0.083
O7_6 ? ? 0.3128(3) 0.4397(3) 0.72756(6) 1 0.0552(2)
H3W_6 ? ? 0.330(3) 0.437(4) 0.73910(18) 1 0.083
H4W_6 ? ? 0.314(3) 0.3853(14) 0.7235(6) 1 0.083
Mg6_6 ? ? 0.24686(12) 0.55468(14) 0.71671(2) 1 0.03647(11)
O1_6 ? ? 0.1276(2) 0.5218(3) 0.73233(5) 1 0.04702(19)
O2_6 ? ? 0.1594(2) 0.4550(3) 0.69920(5) 1 0.04969(19)
O3_6 ? ? 0.3006(2) 0.5424(3) 0.68887(5) 1 0.05094(19)
O4_6 ? ? 0.3839(2) 0.6264(3) 0.71934(5) 1 0.0557(2)
O5_6 ? ? 0.2701(2) 0.6200(3) 0.74388(5) 1 0.04900(19)
C1_6 ? ? 0.0771(4) 0.4385(5) 0.72598(8) 1 0.0643(3)
H11_6 ? ? 0.0164 0.4389 0.7303 1 0.077
H12_6 ? ? 0.1097 0.3821 0.7309 1 0.077
C2_6 ? ? 0.0694(4) 0.4419(5) 0.70447(8) 1 0.0659(3)
H21_6 ? ? 0.0432 0.3834 0.6991 1 0.079
H22_6 ? ? 0.0297 0.4938 0.6996 1 0.079
C3_6 ? ? 0.1653(4) 0.4557(5) 0.67919(7) 1 0.0581(3)
H31_6 ? ? 0.1324 0.5095 0.6731 1 0.070
H32_6 ? ? 0.1394 0.3981 0.6732 1 0.070
C4_6 ? ? 0.2661(4) 0.4624(4) 0.67746(8) 1 0.0571(3)
H41_6 ? ? 0.2975 0.4050 0.6822 1 0.069
H42_6 ? ? 0.2760 0.4715 0.6642 1 0.069
C5_6 ? ? 0.3970(4) 0.5564(5) 0.68931(8) 1 0.0693(4)
H51_6 ? ? 0.4131 0.5674 0.6765 1 0.083
H52_6 ? ? 0.4308 0.5017 0.6947 1 0.083
C6_6 ? ? 0.4185(4) 0.6417(5) 0.70170(8) 1 0.0721(4)
H61_6 ? ? 0.4847 0.6517 0.7038 1 0.086
H62_6 ? ? 0.3901 0.6974 0.6954 1 0.086
C7_6 ? ? 0.3879(4) 0.7058(4) 0.73203(8) 1 0.0657(3)
H71_6 ? ? 0.3517 0.7577 0.7260 1 0.079
H72_6 ? ? 0.4512 0.7269 0.7351 1 0.079
C8_6 ? ? 0.3503(4) 0.6754(5) 0.74962(8) 1 0.0640(3)
H81_6 ? ? 0.3957 0.6383 0.7576 1 0.077
H82_6 ? ? 0.3344 0.7301 0.7569 1 0.077
C9_6 ? ? 0.2022(4) 0.6181(4) 0.75673(7) 1 0.0527(3)
H91_6 ? ? 0.1613 0.6722 0.7546 1 0.063
H92_6 ? ? 0.2311 0.6198 0.7699 1 0.063
C10_6 ? ? 0.1498(4) 0.5290(4) 0.75292(7) 1 0.0549(3)
H101_6 ? ? 0.1868 0.4753 0.7578 1 0.066
H102_6 ? ? 0.0938 0.5302 0.7591 1 0.066
O6_7 ? ? 0.3217(3) 0.4426(3) 0.85535(6) 1 0.0555(2)
H1W_7 ? ? 0.342(3) 0.403(3) 0.8483(5) 1 0.083
H2W_7 ? ? 0.351(3) 0.437(4) 0.8660(3) 1 0.083
O7_7 ? ? 0.1801(3) 0.6696(3) 0.83333(6) 1 0.0552(2)
H3W_7 ? ? 0.166(4) 0.7227(16) 0.8366(6) 1 0.083
H4W_7 ? ? 0.166(3) 0.668(3) 0.82171(17) 1 0.083
Mg7_7 ? ? 0.25174(18) 0.5539(2) 0.84504(3) 0.7375(19) 0.03647(11)
O1_7 ? ? 0.3718(3) 0.5870(3) 0.82910(6) 0.7375(19) 0.04702(19)
O2_7 ? ? 0.3376(3) 0.6559(3) 0.86206(6) 0.7375(19) 0.04969(19)
O3_7 ? ? 0.2003(3) 0.5640(3) 0.87273(6) 0.7375(19) 0.05094(19)
O4_7 ? ? 0.1204(3) 0.4723(3) 0.84279(6) 0.7375(19) 0.0557(2)
O5_7 ? ? 0.2308(3) 0.4870(3) 0.81783(6) 0.7375(19) 0.04900(19)
C1_7 ? ? 0.4174(5) 0.6730(5) 0.83545(10) 0.7375(19) 0.0643(3)
H11_7 ? ? 0.3808 0.7273 0.8307 0.7375(19) 0.077
H12_7 ? ? 0.4772 0.6770 0.8308 0.7375(19) 0.077
C2_7 ? ? 0.4284(4) 0.6705(6) 0.85723(9) 0.7375(19) 0.0659(3)
H21_7 ? ? 0.4690 0.6193 0.8621 0.7375(19) 0.079
H22_7 ? ? 0.4536 0.7298 0.8625 0.7375(19) 0.079
C3_7 ? ? 0.3303(5) 0.6560(6) 0.88219(8) 0.7375(19) 0.0581(3)
H31_7 ? ? 0.3534 0.7150 0.8880 0.7375(19) 0.070
H32_7 ? ? 0.3654 0.6042 0.8885 0.7375(19) 0.070
C4_7 ? ? 0.2293(5) 0.6447(5) 0.88387(9) 0.7375(19) 0.0571(3)
H41_7 ? ? 0.2195 0.6354 0.8972 0.7375(19) 0.069
H42_7 ? ? 0.1953 0.7004 0.8790 0.7375(19) 0.069
C5_7 ? ? 0.1079(5) 0.5375(6) 0.87320(10) 0.7375(19) 0.0693(4)
H51_7 ? ? 0.0669 0.5878 0.8681 0.7375(19) 0.083
H52_7 ? ? 0.0965 0.5250 0.8863 0.7375(19) 0.083
C6_7 ? ? 0.0912(5) 0.4494(6) 0.86116(9) 0.7375(19) 0.0721(4)
H61_7 ? ? 0.1268 0.3968 0.8670 0.7375(19) 0.086
H62_7 ? ? 0.0264 0.4325 0.8597 0.7375(19) 0.086
C7_7 ? ? 0.1204(5) 0.3938(5) 0.83020(9) 0.7375(19) 0.0657(3)
H71_7 ? ? 0.0584 0.3687 0.8273 0.7375(19) 0.079
H72_7 ? ? 0.1601 0.3442 0.8361 0.7375(19) 0.079
C8_7 ? ? 0.1549(5) 0.4279(6) 0.81225(9) 0.7375(19) 0.0640(3)
H81_7 ? ? 0.1735 0.3748 0.8049 0.7375(19) 0.077
H82_7 ? ? 0.1070 0.4627 0.8044 0.7375(19) 0.077
C9_7 ? ? 0.2998(5) 0.4906(5) 0.80513(9) 0.7375(19) 0.0527(3)
H91_7 ? ? 0.2716 0.4867 0.7919 0.7375(19) 0.063
H92_7 ? ? 0.3426 0.4384 0.8076 0.7375(19) 0.063
C10_7 ? ? 0.3491(5) 0.5830(5) 0.80864(8) 0.7375(19) 0.0549(3)
H101_7 ? ? 0.4045 0.5846 0.8023 0.7375(19) 0.066
H102_7 ? ? 0.3096 0.6354 0.8041 0.7375(19) 0.066
Mg10_10 ? ? 0.2466(3) 0.5546(3) 0.84262(5) 0.262(2) 0.03647(11)
O1_10 ? ? 0.1298(3) 0.5179(5) 0.85911(7) 0.2625(19) 0.0470(2)
O2_10 ? ? 0.1623(4) 0.4507(4) 0.82585(7) 0.2625(19) 0.04969(19)
O3_10 ? ? 0.2971(4) 0.5449(5) 0.81460(6) 0.2625(19) 0.05094(19)
O4_10 ? ? 0.3787(3) 0.6343(5) 0.84468(8) 0.2625(19) 0.0557(2)
O5_10 ? ? 0.2678(4) 0.6224(4) 0.86974(6) 0.2625(19) 0.04900(19)
C1_10 ? ? 0.0838(4) 0.4300(5) 0.85265(9) 0.2625(19) 0.0643(3)
H1A_10 ? ? 0.0239 0.4255 0.8572 0.2625(19) 0.077
H1B_10 ? ? 0.1207 0.3758 0.8574 0.2625(19) 0.077
C2_10 ? ? 0.0732(4) 0.4330(6) 0.83080(9) 0.2625(19) 0.0659(3)
H2A_10 ? ? 0.0497 0.3732 0.8255 0.2625(19) 0.079
H2B_10 ? ? 0.0310 0.4830 0.8260 0.2625(19) 0.079
C3_10 ? ? 0.1660(5) 0.4510(6) 0.80581(7) 0.2625(19) 0.0581(3)
H3A_10 ? ? 0.1296 0.5028 0.7998 0.2625(19) 0.070
H3B_10 ? ? 0.1424 0.3920 0.8001 0.2625(19) 0.070
C4_10 ? ? 0.2663(5) 0.4632(6) 0.80330(7) 0.2625(19) 0.0571(3)
H4A_10 ? ? 0.3014 0.4076 0.8078 0.2625(19) 0.069
H4B_10 ? ? 0.2735 0.4733 0.7899 0.2625(19) 0.069
C5_10 ? ? 0.3948(4) 0.5655(6) 0.81503(9) 0.2625(19) 0.0693(4)
H5A_10 ? ? 0.4107 0.5751 0.8021 0.2625(19) 0.083
H5B_10 ? ? 0.4319 0.5141 0.8210 0.2625(19) 0.083
C6_10 ? ? 0.4098(4) 0.6532(6) 0.82652(9) 0.2625(19) 0.0721(4)
H6A_10 ? ? 0.4747 0.6699 0.8282 0.2625(19) 0.086
H6B_10 ? ? 0.3752 0.7052 0.8201 0.2625(19) 0.086
C7_10 ? ? 0.3799(5) 0.7147(5) 0.85662(10) 0.2625(19) 0.0657(3)
H7A_10 ? ? 0.3406 0.7640 0.8505 0.2625(19) 0.079
H7B_10 ? ? 0.4421 0.7393 0.8594 0.2625(19) 0.079
C8_10 ? ? 0.3440(5) 0.6823(6) 0.87510(8) 0.2625(19) 0.0640(3)
H8A_10 ? ? 0.3918 0.6485 0.8832 0.2625(19) 0.077
H8B_10 ? ? 0.3252 0.7364 0.8822 0.2625(19) 0.077
C9_10 ? ? 0.2031(5) 0.6163(6) 0.88306(7) 0.2625(19) 0.0527(3)
H9A_10 ? ? 0.1596 0.6684 0.8813 0.2625(19) 0.063
H9B_10 ? ? 0.2341 0.6182 0.8961 0.2625(19) 0.063
C10_10 ? ? 0.1546(5) 0.5243(6) 0.87924(7) 0.2625(19) 0.0549(3)
H10A_10 ? ? 0.1950 0.4723 0.8837 0.2625(19) 0.066
H10B_10 ? ? 0.1000 0.5217 0.8858 0.2625(19) 0.066
O6_8 ? ? 0.3155(3) 0.4365(3) 0.98052(6) 1 0.0555(2)
H1W_8 ? ? 0.336(3) 0.398(3) 0.9734(5) 1 0.083
H2W_8 ? ? 0.333(3) 0.419(3) 0.9914(3) 1 0.083
O7_8 ? ? 0.1870(3) 0.6733(3) 0.95896(6) 1 0.0552(2)
H3W_8 ? ? 0.176(3) 0.720(2) 0.9653(6) 1 0.083
H4W_8 ? ? 0.149(2) 0.674(4) 0.9495(4) 1 0.083
Mg8_8 ? ? 0.25117(12) 0.55447(14) 0.97021(2) 1 0.03647(11)
O1_8 ? ? 0.3736(2) 0.5833(3) 0.95486(5) 1 0.04702(19)
O2_8 ? ? 0.3406(2) 0.6515(3) 0.98772(5) 1 0.04969(19)
O3_8 ? ? 0.1997(2) 0.5659(3) 0.99819(5) 1 0.05094(19)
O4_8 ? ? 0.1170(2) 0.4818(3) 0.96734(5) 1 0.0557(2)
O5_8 ? ? 0.2298(2) 0.4886(3) 0.94293(5) 1 0.04900(19)
C1_8 ? ? 0.4220(4) 0.6681(5) 0.96157(8) 1 0.0643(3)
H11_8 ? ? 0.3874 0.7237 0.9569 1 0.077
H12_8 ? ? 0.4822 0.6703 0.9570 1 0.077
C2_8 ? ? 0.4321(4) 0.6649(5) 0.98303(8) 1 0.0659(3)
H21_8 ? ? 0.4717 0.6130 0.9878 1 0.079
H22_8 ? ? 0.4579 0.7236 0.9884 1 0.079
C3_8 ? ? 0.3326(4) 0.6509(5) 1.00789(7) 1 0.0581(3)
H31_8 ? ? 0.3585 0.7083 1.0139 1 0.070
H32_8 ? ? 0.3650 0.5970 1.0140 1 0.070
C4_8 ? ? 0.2324(4) 0.6448(4) 1.00961(8) 1 0.0571(3)
H41_8 ? ? 0.2222 0.6353 1.0229 1 0.069
H42_8 ? ? 0.2010 0.7022 1.0049 1 0.069
C5_8 ? ? 0.1020(4) 0.5504(5) 0.99721(8) 1 0.0693(4)
H51_8 ? ? 0.0682 0.6039 0.9913 1 0.083
H52_8 ? ? 0.0842 0.5412 1.0099 1 0.083
C6_8 ? ? 0.0830(4) 0.4627(5) 0.98525(8) 1 0.0721(4)
H61_8 ? ? 0.1145 0.4086 0.9915 1 0.086
H62_8 ? ? 0.0173 0.4496 0.9833 1 0.086
C7_8 ? ? 0.1121(4) 0.4033(4) 0.95474(8) 1 0.0657(3)
H71_8 ? ? 0.0486 0.3826 0.9518 1 0.079
H72_8 ? ? 0.1482 0.3511 0.9606 1 0.079
C8_8 ? ? 0.1496(4) 0.4340(5) 0.93687(8) 1 0.0640(3)
H81_8 ? ? 0.1653 0.3795 0.9295 1 0.077
H82_8 ? ? 0.1045 0.4718 0.9289 1 0.077
C9_8 ? ? 0.2977(4) 0.4928(4) 0.93002(7) 1 0.0527(3)
H91_8 ? ? 0.2686 0.4932 0.9168 1 0.063
H92_8 ? ? 0.3385 0.4385 0.9318 1 0.063
C10_8 ? ? 0.3513(4) 0.5828(4) 0.93440(7) 1 0.0549(3)
H101_8 ? ? 0.4070 0.5831 0.9281 1 0.066
H102_8 ? ? 0.3143 0.6375 0.9301 1 0.066
N1_11 ? ? 0.0803(3) 0.7406(4) 0.03596(7) 1 0.0488(2)
O8_11 ? ? 0.0533(4) 0.6717(4) 0.04364(8) 1 0.1043(4)
O9_11 ? ? 0.1523(3) 0.7776(4) 0.04326(7) 1 0.0843(3)
O10_11 ? ? 0.0419(3) 0.7689(4) 0.02042(6) 1 0.0830(3)
N2_12 ? ? 0.1007(3) 0.7332(3) 0.16416(7) 1 0.0471(2)
O8_12 ? ? 0.0873(3) 0.6620(3) 0.17339(6) 1 0.0823(3)
O9_12 ? ? 0.1753(3) 0.7749(4) 0.16802(6) 1 0.0813(3)
O10_12 ? ? 0.0455(3) 0.7631(4) 0.15089(7) 1 0.0884(3)
N3_13 ? ? 0.0844(3) 0.7386(3) 0.28779(7) 1 0.0488(2)
O8_13 ? ? 0.0674(4) 0.6679(4) 0.29655(7) 1 0.1043(4)
O9_13 ? ? 0.1525(3) 0.7844(4) 0.29421(6) 1 0.0843(3)
O10_13 ? ? 0.0425(3) 0.7610(4) 0.27212(6) 1 0.0830(3)
N4_14 ? ? 0.0842(3) 0.7395(3) 0.41177(7) 1 0.0488(2)
O8_14 ? ? 0.0598(4) 0.6690(4) 0.41969(8) 1 0.1043(4)
O9_14 ? ? 0.1590(3) 0.7729(4) 0.41855(7) 1 0.0843(3)
O10_14 ? ? 0.0443(3) 0.7733(4) 0.39705(6) 1 0.0830(3)
N5_15 ? ? 0.0984(3) 0.7346(3) 0.53996(7) 1 0.0471(2)
O8_15 ? ? 0.0897(3) 0.6619(3) 0.54907(6) 1 0.0823(3)
O9_15 ? ? 0.1685(3) 0.7824(4) 0.54412(6) 1 0.0813(3)
O10_15 ? ? 0.0430(3) 0.7599(4) 0.52640(6) 1 0.0884(3)
N6_16 ? ? 0.0810(3) 0.7403(3) 0.66161(7) 1 0.0488(2)
O8_16 ? ? 0.0598(4) 0.6708(4) 0.67007(7) 1 0.1043(4)
O9_16 ? ? 0.1488(3) 0.7833(4) 0.66888(6) 1 0.0843(3)
O10_16 ? ? 0.0419(3) 0.7638(4) 0.64584(6) 1 0.0830(3)
N7_17 ? ? 0.0949(3) 0.7347(3) 0.78810(6) 1 0.0471(2)
O8_17 ? ? 0.0786(3) 0.6633(3) 0.79708(6) 1 0.0823(3)
O9_17 ? ? 0.1706(3) 0.7732(4) 0.79299(7) 1 0.0813(3)
O10_17 ? ? 0.0448(3) 0.7661(4) 0.77465(6) 1 0.0884(3)
N8_18 ? ? 0.0914(3) 0.7367(3) 0.91403(7) 1 0.0471(2)
O8_18 ? ? 0.0842(3) 0.6649(3) 0.92365(6) 1 0.0823(3)
O9_18 ? ? 0.1596(3) 0.7865(4) 0.91863(6) 1 0.0813(3)
O10_18 ? ? 0.0402(3) 0.7564(4) 0.89925(7) 1 0.0884(3)
N9_19 ? ? 0.4020(3) 0.3774(3) 0.14789(7) 1 0.0471(2)
O8_19 ? ? 0.4096(3) 0.4503(3) 0.13874(6) 1 0.0823(3)
O9_19 ? ? 0.3308(3) 0.3296(4) 0.14378(6) 1 0.0813(3)
O10_19 ? ? 0.4576(3) 0.3522(4) 0.16105(7) 1 0.0884(3)
N10_20 ? ? 0.4183(3) 0.3690(4) 0.27681(7) 1 0.0488(2)
O8_20 ? ? 0.4459(4) 0.4377(4) 0.26880(8) 1 0.1043(4)
O9_20 ? ? 0.3471(3) 0.3296(4) 0.26954(7) 1 0.0843(3)
O10_20 ? ? 0.4590(3) 0.3377(4) 0.29171(6) 1 0.0830(3)
N11_21 ? ? 0.4103(3) 0.3732(3) 0.39929(6) 1 0.0471(2)
O8_21 ? ? 0.4196(3) 0.4428(3) 0.38943(6) 1 0.0823(3)
O9_21 ? ? 0.3470(3) 0.3172(3) 0.39461(6) 1 0.0813(3)
O10_21 ? ? 0.4618(3) 0.3578(4) 0.41378(6) 1 0.0884(3)
N12_22 ? ? 0.4024(3) 0.3774(3) 0.52392(6) 1 0.0471(2)
O8_22 ? ? 0.4169(3) 0.4504(3) 0.51524(6) 1 0.0823(3)
O9_22 ? ? 0.3269(3) 0.3362(4) 0.51963(7) 1 0.0813(3)
O10_22 ? ? 0.4563(3) 0.3463(4) 0.53712(7) 1 0.0884(3)
N13_23 ? ? 0.4223(3) 0.3693(3) 0.65177(7) 1 0.0488(2)
O8_23 ? ? 0.4467(4) 0.4378(4) 0.64318(7) 1 0.1043(4)
O9_23 ? ? 0.3534(3) 0.3249(4) 0.64490(6) 1 0.0843(3)
O10_23 ? ? 0.4616(3) 0.3418(4) 0.66708(6) 1 0.0830(3)
N14_24 ? ? 0.4042(3) 0.3751(3) 0.77319(7) 1 0.0471(2)
O8_24 ? ? 0.4107(3) 0.4474(3) 0.76371(6) 1 0.0823(3)
O9_24 ? ? 0.3381(3) 0.3222(4) 0.76909(7) 1 0.0813(3)
O10_24 ? ? 0.4609(3) 0.3565(4) 0.78680(6) 1 0.0884(3)
N15_25 ? ? 0.4106(3) 0.3723(4) 0.90040(6) 1 0.0488(2)
O8_25 ? ? 0.4380(4) 0.4429(4) 0.89306(7) 1 0.1043(4)
O9_25 ? ? 0.3354(3) 0.3373(4) 0.89407(7) 1 0.0843(3)
O10_25 ? ? 0.4559(3) 0.3371(4) 0.91444(6) 1 0.0830(3)
N16_26 ? ? 0.4185(3) 0.3713(4) 1.02549(7) 1 0.0488(2)
O8_26 ? ? 0.4357(4) 0.4397(4) 1.01606(7) 1 0.1043(4)
O9_26 ? ? 0.3564(3) 0.3168(4) 1.01944(6) 1 0.0843(3)
O10_26 ? ? 0.4635(3) 0.3519(4) 1.04085(6) 1 0.0830(3)

|'diaqua(15-crown-5)zinc(II) nitrate'||||
C10 H24 N2 O13 Zn
14.737(2) 14.050(2) 69.935(5) 90.00 96.99(2) 90.00
B1211
O6_1 ? ? 0.1808(4) 0.6748(4) 0.08070(7) 1 0.0602(3)
H1W_1 ? ? 0.141(3) 0.671(5) 0.0714(6) 1 0.090
H2W_1 ? ? 0.162(4) 0.714(4) 0.0878(7) 1 0.090
O7_1 ? ? 0.3119(4) 0.4397(4) 0.10216(7) 1 0.0610(3)
H3W_1 ? ? 0.312(4) 0.388(2) 0.0970(8) 1 0.092
H4W_1 ? ? 0.315(5) 0.431(4) 0.11376(19) 1 0.092
Zn1_1 ? ? 0.24537(6) 0.55483(8) 0.091118(11) 1 0.03835(10)
O1_1 ? ? 0.1259(2) 0.5232(3) 0.10725(6) 1 0.0472(2)
O2_1 ? ? 0.1594(3) 0.4507(4) 0.07371(6) 1 0.0504(2)
O3_1 ? ? 0.2969(3) 0.5458(4) 0.06248(5) 1 0.0521(3)
O4_1 ? ? 0.3824(3) 0.6297(4) 0.09395(6) 1 0.0589(3)
O5_1 ? ? 0.2684(3) 0.6214(4) 0.11884(6) 1 0.0516(2)
C1_1 ? ? 0.0779(5) 0.4367(6) 0.10060(10) 1 0.0642(4)
H11_1 ? ? 0.0182 0.4343 0.1051 1 0.077
H12_1 ? ? 0.1124 0.3810 0.1054 1 0.077
C2_1 ? ? 0.0687(4) 0.4402(7) 0.07904(10) 1 0.0658(4)
H21_1 ? ? 0.0409 0.3821 0.0736 1 0.079
H22_1 ? ? 0.0308 0.4936 0.0743 1 0.079
C3_1 ? ? 0.1635(4) 0.4566(6) 0.05355(8) 1 0.0574(4)
H31_1 ? ? 0.1307 0.5122 0.0482 1 0.069
H32_1 ? ? 0.1370 0.4004 0.0471 1 0.069
C4_1 ? ? 0.2639(4) 0.4641(5) 0.05129(9) 1 0.0547(4)
H41_1 ? ? 0.2962 0.4070 0.0561 1 0.066
H42_1 ? ? 0.2723 0.4727 0.0379 1 0.066
C5_1 ? ? 0.3938(4) 0.5600(7) 0.06348(9) 1 0.0705(5)
H51_1 ? ? 0.4114 0.5708 0.0507 1 0.085
H52_1 ? ? 0.4266 0.5049 0.0691 1 0.085
C6_1 ? ? 0.4142(5) 0.6454(6) 0.07588(10) 1 0.0750(5)
H61_1 ? ? 0.4796 0.6571 0.0777 1 0.090
H62_1 ? ? 0.3843 0.7009 0.0697 1 0.090
C7_1 ? ? 0.3847(5) 0.7089(6) 0.10665(10) 1 0.0682(4)
H71_1 ? ? 0.3495 0.7611 0.1004 1 0.082
H72_1 ? ? 0.4472 0.7302 0.1100 1 0.082
C8_1 ? ? 0.3455(5) 0.6794(6) 0.12420(9) 1 0.0649(4)
H81_1 ? ? 0.3908 0.6443 0.1327 1 0.078
H82_1 ? ? 0.3278 0.7351 0.1311 1 0.078
C9_1 ? ? 0.2007(4) 0.6159(5) 0.13191(9) 1 0.0519(3)
H91_1 ? ? 0.1595 0.6699 0.1301 1 0.062
H92_1 ? ? 0.2297 0.6163 0.1451 1 0.062
C10_1 ? ? 0.1500(4) 0.5269(6) 0.12782(8) 1 0.0554(4)
H101_1 ? ? 0.1877 0.4727 0.1322 1 0.066
H102_1 ? ? 0.0954 0.5262 0.1343 1 0.066
O6_2 ? ? 0.3231(4) 0.4408(4) 0.23153(7) 1 0.0602(3)
H1W_2 ? ? 0.339(4) 0.396(3) 0.2252(7) 1 0.090
H2W_2 ? ? 0.312(4) 0.418(4) 0.2418(4) 1 0.090
O7_2 ? ? 0.1885(4) 0.6699(4) 0.20965(7) 1 0.0610(3)
H3W_2 ? ? 0.169(4) 0.710(4) 0.2164(8) 1 0.092
H4W_2 ? ? 0.154(3) 0.662(5) 0.1999(5) 1 0.092
Zn2_2 ? ? 0.25519(6) 0.55332(8) 0.220863(11) 1 0.03835(10)
O1_2 ? ? 0.3785(3) 0.5850(3) 0.20454(6) 1 0.0472(2)
O2_2 ? ? 0.3418(3) 0.6582(4) 0.23820(6) 1 0.0504(2)
O3_2 ? ? 0.2048(3) 0.5619(4) 0.24948(5) 1 0.0521(3)
O4_2 ? ? 0.1193(3) 0.4763(4) 0.21803(6) 1 0.0589(3)
O5_2 ? ? 0.2328(3) 0.4864(4) 0.19306(6) 1 0.0516(2)
C1_2 ? ? 0.4204(5) 0.6722(6) 0.21124(10) 1 0.0642(4)
H11_2 ? ? 0.3825 0.7257 0.2066 1 0.077
H12_2 ? ? 0.4797 0.6789 0.2067 1 0.077
C2_2 ? ? 0.4309(4) 0.6687(7) 0.23289(10) 1 0.0658(4)
H21_2 ? ? 0.4691 0.6154 0.2376 1 0.079
H22_2 ? ? 0.4587 0.7269 0.2383 1 0.079
C3_2 ? ? 0.3353(4) 0.6547(6) 0.25841(8) 1 0.0574(4)
H31_2 ? ? 0.3588 0.7130 0.2646 1 0.069
H32_2 ? ? 0.3701 0.6015 0.2643 1 0.069
C4_2 ? ? 0.2356(4) 0.6432(5) 0.26052(9) 1 0.0547(4)
H41_2 ? ? 0.2274 0.6340 0.2739 1 0.066
H42_2 ? ? 0.2017 0.6992 0.2558 1 0.066
C5_2 ? ? 0.1099(4) 0.5422(7) 0.24847(10) 1 0.0705(5)
H51_2 ? ? 0.0747 0.5954 0.2427 1 0.085
H52_2 ? ? 0.0930 0.5321 0.2613 1 0.085
C6_2 ? ? 0.0910(5) 0.4552(7) 0.23660(10) 1 0.0750(5)
H61_2 ? ? 0.1252 0.4015 0.2425 1 0.090
H62_2 ? ? 0.0264 0.4398 0.2353 1 0.090
C7_2 ? ? 0.1210(5) 0.3972(6) 0.20542(10) 1 0.0682(4)
H71_2 ? ? 0.0601 0.3707 0.2026 1 0.082
H72_2 ? ? 0.1611 0.3481 0.2114 1 0.082
C8_2 ? ? 0.1545(5) 0.4304(6) 0.18744(10) 1 0.0649(4)
H81_2 ? ? 0.1700 0.3766 0.1798 1 0.078
H82_2 ? ? 0.1079 0.4679 0.1799 1 0.078
C9_2 ? ? 0.3000(4) 0.4898(6) 0.18046(9) 1 0.0519(3)
H91_2 ? ? 0.2719 0.4874 0.1672 1 0.062
H92_2 ? ? 0.3415 0.4364 0.1828 1 0.062
C10_2 ? ? 0.3506(4) 0.5824(6) 0.18438(8) 1 0.0554(4)
H101_2 ? ? 0.4033 0.5850 0.1773 1 0.066
H102_2 ? ? 0.3110 0.6359 0.1805 1 0.066
O6_3 ? ? 0.1877(4) 0.6758(4) 0.33239(7) 1 0.0602(3)
H1W_3 ? ? 0.179(4) 0.720(3) 0.3395(7) 1 0.090
H2W_3 ? ? 0.151(3) 0.678(5) 0.3228(5) 1 0.090
O7_3 ? ? 0.3072(4) 0.4355(4) 0.35382(7) 1 0.0610(3)
H3W_3 ? ? 0.333(4) 0.393(4) 0.3486(8) 1 0.092
H4W_3 ? ? 0.321(4) 0.429(5) 0.36541(19) 1 0.092
Zn3_3 ? ? 0.24698(9) 0.55410(13) 0.34239(2) 0.738(2) 0.03835(10)
O1_3 ? ? 0.1233(3) 0.5277(4) 0.35800(6) 0.738(2) 0.0472(2)
O2_3 ? ? 0.1598(3) 0.4509(4) 0.32478(7) 0.738(2) 0.0504(2)
O3_3 ? ? 0.3007(3) 0.5436(5) 0.31397(6) 0.738(2) 0.0521(3)
O4_3 ? ? 0.3870(4) 0.6236(4) 0.34621(7) 0.738(2) 0.0589(3)
O5_3 ? ? 0.2710(3) 0.6171(4) 0.37081(6) 0.738(2) 0.0516(2)
C1_3 ? ? 0.0759(6) 0.4428(7) 0.35092(12) 0.738(2) 0.0642(4)
H11_3 ? ? 0.0155 0.4407 0.3551 0.738(2) 0.077
H12_3 ? ? 0.1095 0.3867 0.3558 0.738(2) 0.077
C2_3 ? ? 0.0685(5) 0.4459(8) 0.32938(11) 0.738(2) 0.0658(4)
H21_3 ? ? 0.0384 0.3891 0.3238 0.738(2) 0.079
H22_3 ? ? 0.0339 0.5012 0.3244 0.738(2) 0.079
C3_3 ? ? 0.1656(6) 0.4538(7) 0.30450(10) 0.738(2) 0.0574(4)
H31_3 ? ? 0.1318 0.5077 0.2986 0.738(2) 0.069
H32_3 ? ? 0.1410 0.3959 0.2983 0.738(2) 0.069
C4_3 ? ? 0.2655(5) 0.4632(7) 0.30263(11) 0.738(2) 0.0547(4)
H41_3 ? ? 0.2977 0.4057 0.3072 0.738(2) 0.066
H42_3 ? ? 0.2742 0.4727 0.2892 0.738(2) 0.066
C5_3 ? ? 0.3968(5) 0.5548(8) 0.31549(12) 0.738(2) 0.0705(5)
H51_3 ? ? 0.4160 0.5649 0.3029 0.738(2) 0.085
H52_3 ? ? 0.4272 0.4985 0.3212 0.738(2) 0.085
C6_3 ? ? 0.4198(7) 0.6394(8) 0.32805(12) 0.738(2) 0.0750(5)
H61_3 ? ? 0.4855 0.6489 0.3299 0.738(2) 0.090
H62_3 ? ? 0.3916 0.6960 0.3220 0.738(2) 0.090
C7_3 ? ? 0.3887(7) 0.7037(7) 0.35859(12) 0.738(2) 0.0682(4)
H71_3 ? ? 0.3528 0.7551 0.3523 0.738(2) 0.082
H72_3 ? ? 0.4510 0.7259 0.3618 0.738(2) 0.082
C8_3 ? ? 0.3504(6) 0.6745(8) 0.37610(12) 0.738(2) 0.0649(4)
H81_3 ? ? 0.3955 0.6385 0.3844 0.738(2) 0.078
H82_3 ? ? 0.3340 0.7302 0.3831 0.738(2) 0.078
C9_3 ? ? 0.2008(5) 0.6170(7) 0.38307(11) 0.738(2) 0.0519(3)
H91_3 ? ? 0.1622 0.6727 0.3807 0.738(2) 0.062
H92_3 ? ? 0.2270 0.6174 0.3965 0.738(2) 0.062
C10_3 ? ? 0.1465(6) 0.5281(6) 0.37854(10) 0.738(2) 0.0554(4)
H101_3 ? ? 0.1824 0.4724 0.3827 0.738(2) 0.066
H102_3 ? ? 0.0917 0.5285 0.3849 0.738(2) 0.066
Zn9_9 ? ? 0.2500(2) 0.5530(3) 0.34526(4) 0.262(2) 0.03835(10)
O1_9 ? ? 0.3727(3) 0.5796(5) 0.33017(7) 0.262(2) 0.0472(2)
O2_9 ? ? 0.3409(4) 0.6485(5) 0.36294(7) 0.262(2) 0.0504(2)
O3_9 ? ? 0.1958(4) 0.5675(5) 0.37309(5) 0.262(2) 0.0521(3)
O4_9 ? ? 0.1122(3) 0.4841(5) 0.34257(8) 0.262(2) 0.0589(3)
O5_9 ? ? 0.2269(4) 0.4874(5) 0.31820(5) 0.262(2) 0.0516(2)
C1_9 ? ? 0.4239(4) 0.6611(6) 0.33672(10) 0.262(2) 0.0642(4)
H1A_9 ? ? 0.3917 0.7180 0.3319 0.262(2) 0.077
H1B_9 ? ? 0.4842 0.6602 0.3322 0.262(2) 0.077
C2_9 ? ? 0.4335(4) 0.6592(7) 0.35774(10) 0.262(2) 0.0658(4)
H2A_9 ? ? 0.4721 0.6065 0.3626 0.262(2) 0.079
H2B_9 ? ? 0.4611 0.7174 0.3630 0.262(2) 0.079
C3_9 ? ? 0.3325(5) 0.6480(7) 0.38309(7) 0.262(2) 0.0574(4)
H3A_9 ? ? 0.3602 0.7043 0.3892 0.262(2) 0.069
H3B_9 ? ? 0.3628 0.5928 0.3892 0.262(2) 0.069
C4_9 ? ? 0.2317(6) 0.6456(7) 0.38450(7) 0.262(2) 0.0547(4)
H4A_9 ? ? 0.2205 0.6373 0.3977 0.262(2) 0.066
H4B_9 ? ? 0.2027 0.7041 0.3797 0.262(2) 0.066
C5_9 ? ? 0.1009(4) 0.5555(7) 0.37247(9) 0.262(2) 0.0705(5)
H5A_9 ? ? 0.0684 0.6107 0.3669 0.262(2) 0.085
H5B_9 ? ? 0.0841 0.5462 0.3853 0.262(2) 0.085
C6_9 ? ? 0.0765(4) 0.4683(7) 0.36011(10) 0.262(2) 0.0750(5)
H6A_9 ? ? 0.1040 0.4121 0.3664 0.262(2) 0.090
H6B_9 ? ? 0.0101 0.4599 0.3579 0.262(2) 0.090
C7_9 ? ? 0.1070(5) 0.4061(6) 0.32940(10) 0.262(2) 0.0682(4)
H7A_9 ? ? 0.0433 0.3865 0.3262 0.262(2) 0.082
H7B_9 ? ? 0.1420 0.3529 0.3352 0.262(2) 0.082
C8_9 ? ? 0.1444(5) 0.4357(6) 0.31226(8) 0.262(2) 0.0649(4)
H8A_9 ? ? 0.1579 0.3811 0.3047 0.262(2) 0.078
H8B_9 ? ? 0.1004 0.4754 0.3045 0.262(2) 0.078
C9_9 ? ? 0.2962(5) 0.4884(7) 0.30554(7) 0.262(2) 0.0519(3)
H9A_9 ? ? 0.2680 0.4873 0.2923 0.262(2) 0.062
H9B_9 ? ? 0.3359 0.4334 0.3078 0.262(2) 0.062
C10_9 ? ? 0.3511(5) 0.5772(7) 0.30952(7) 0.262(2) 0.0554(4)
H10A_9 ? ? 0.4070 0.5754 0.3033 0.262(2) 0.066
H10B_9 ? ? 0.3151 0.6322 0.3050 0.262(2) 0.066
O6_4 ? ? 0.1787(4) 0.6742(4) 0.45647(7) 1 0.0602(3)
H1W_4 ? ? 0.147(3) 0.702(4) 0.4635(7) 1 0.090
H2W_4 ? ? 0.147(3) 0.668(5) 0.4461(4) 1 0.090
O7_4 ? ? 0.3161(4) 0.4444(4) 0.47854(7) 1 0.0610(3)
H3W_4 ? ? 0.324(5) 0.393(2) 0.4737(9) 1 0.092
H4W_4 ? ? 0.339(4) 0.444(5) 0.4897(3) 1 0.092
Zn4_4 ? ? 0.24614(6) 0.55535(8) 0.467320(11) 1 0.03835(10)
O1_4 ? ? 0.1272(3) 0.5213(3) 0.48330(6) 1 0.0472(2)
O2_4 ? ? 0.1620(3) 0.4479(4) 0.45026(6) 1 0.0504(2)
O3_4 ? ? 0.2970(3) 0.5469(4) 0.43863(5) 1 0.0521(3)
O4_4 ? ? 0.3809(3) 0.6345(4) 0.46959(6) 1 0.0589(3)
O5_4 ? ? 0.2684(3) 0.6222(4) 0.49484(6) 1 0.0516(2)
C1_4 ? ? 0.0813(5) 0.4344(6) 0.47689(10) 1 0.0642(4)
H11_4 ? ? 0.0215 0.4312 0.4813 1 0.077
H12_4 ? ? 0.1167 0.3796 0.4819 1 0.077
C2_4 ? ? 0.0724(4) 0.4360(7) 0.45529(10) 1 0.0658(4)
H21_4 ? ? 0.0460 0.3769 0.4500 1 0.079
H22_4 ? ? 0.0335 0.4883 0.4503 1 0.079
C3_4 ? ? 0.1672(4) 0.4538(6) 0.43000(8) 1 0.0574(4)
H31_4 ? ? 0.1329 0.5082 0.4245 1 0.069
H32_4 ? ? 0.1426 0.3966 0.4235 1 0.069
C4_4 ? ? 0.2673(4) 0.4645(6) 0.42793(9) 1 0.0547(4)
H41_4 ? ? 0.3012 0.4089 0.4330 1 0.066
H42_4 ? ? 0.2761 0.4721 0.4145 1 0.066
C5_4 ? ? 0.3919(4) 0.5679(7) 0.43900(10) 1 0.0705(5)
H51_4 ? ? 0.4065 0.5805 0.4261 1 0.085
H52_4 ? ? 0.4287 0.5148 0.4443 1 0.085
C6_4 ? ? 0.4096(5) 0.6535(7) 0.45134(10) 1 0.0750(5)
H61_4 ? ? 0.4743 0.6687 0.4528 1 0.090
H62_4 ? ? 0.3762 0.7075 0.4454 1 0.090
C7_4 ? ? 0.3819(6) 0.7130(6) 0.48219(10) 1 0.0682(4)
H71_4 ? ? 0.3444 0.7639 0.4761 1 0.082
H72_4 ? ? 0.4439 0.7366 0.4852 1 0.082
C8_4 ? ? 0.3458(5) 0.6825(6) 0.50014(10) 1 0.0649(4)
H81_4 ? ? 0.3925 0.6482 0.5084 1 0.078
H82_4 ? ? 0.3278 0.7377 0.5071 1 0.078
C9_4 ? ? 0.1999(4) 0.6182(6) 0.50763(9) 1 0.0519(3)
H91_4 ? ? 0.1581 0.6714 0.5053 1 0.062
H92_4 ? ? 0.2279 0.6207 0.5209 1 0.062
C10_4 ? ? 0.1502(5) 0.5264(6) 0.50375(8) 1 0.0554(4)
H101_4 ? ? 0.1888 0.4732 0.5083 1 0.066
H102_4 ? ? 0.0954 0.5251 0.5102 1 0.066
O6_5 ? ? 0.3207(4) 0.4381(4) 0.60671(7) 1 0.0602(3)
H1W_5 ? ? 0.314(4) 0.423(4) 0.6177(3) 1 0.090
H2W_5 ? ? 0.337(4) 0.391(3) 0.6013(7) 1 0.090
O7_5 ? ? 0.1935(4) 0.6727(4) 0.58506(7) 1 0.0610(3)
H3W_5 ? ? 0.168(4) 0.709(4) 0.5917(8) 1 0.092
H4W_5 ? ? 0.154(3) 0.653(4) 0.5768(6) 1 0.092
Zn5_5 ? ? 0.25629(5) 0.55471(8) 0.596288(10) 1 0.03835(10)
O1_5 ? ? 0.3798(2) 0.5842(3) 0.58019(6) 1 0.0472(2)
O2_5 ? ? 0.3440(3) 0.6575(4) 0.61364(6) 1 0.0504(2)
O3_5 ? ? 0.2043(3) 0.5642(4) 0.62472(5) 1 0.0521(3)
O4_5 ? ? 0.1178(3) 0.4805(4) 0.59272(6) 1 0.0589(3)
O5_5 ? ? 0.2332(3) 0.4886(4) 0.56844(6) 1 0.0516(2)
C1_5 ? ? 0.4252(5) 0.6692(6) 0.58707(10) 1 0.0642(4)
H11_5 ? ? 0.3898 0.7244 0.5823 1 0.077
H12_5 ? ? 0.4848 0.6730 0.5826 1 0.077
C2_5 ? ? 0.4352(4) 0.6667(7) 0.60869(9) 1 0.0658(4)
H21_5 ? ? 0.4725 0.6130 0.6136 1 0.079
H22_5 ? ? 0.4633 0.7248 0.6140 1 0.079
C3_5 ? ? 0.3373(4) 0.6521(6) 0.63411(8) 1 0.0574(4)
H31_5 ? ? 0.3629 0.7087 0.6406 1 0.069
H32_5 ? ? 0.3699 0.5969 0.6397 1 0.069
C4_5 ? ? 0.2371(4) 0.6442(6) 0.63597(9) 1 0.0547(4)
H41_5 ? ? 0.2277 0.6351 0.6493 1 0.066
H42_5 ? ? 0.2052 0.7015 0.6312 1 0.066
C5_5 ? ? 0.1074(4) 0.5501(7) 0.62297(9) 1 0.0705(5)
H51_5 ? ? 0.0760 0.6045 0.6167 1 0.085
H52_5 ? ? 0.0876 0.5424 0.6356 1 0.085
C6_5 ? ? 0.0863(5) 0.4636(7) 0.61133(10) 1 0.0750(5)
H61_5 ? ? 0.1174 0.4090 0.6176 1 0.090
H62_5 ? ? 0.0210 0.4514 0.6098 1 0.090
C7_5 ? ? 0.1173(5) 0.4022(6) 0.58040(10) 1 0.0682(4)
H71_5 ? ? 0.0553 0.3788 0.5772 1 0.082
H72_5 ? ? 0.1543 0.3513 0.5866 1 0.082
C8_5 ? ? 0.1547(5) 0.4323(6) 0.56268(9) 1 0.0649(4)
H81_5 ? ? 0.1710 0.3772 0.5555 1 0.078
H82_5 ? ? 0.1096 0.4691 0.5545 1 0.078
C9_5 ? ? 0.3016(4) 0.4908(5) 0.55597(9) 1 0.0519(3)
H91_5 ? ? 0.2743 0.4878 0.5426 1 0.062
H92_5 ? ? 0.3430 0.4374 0.5585 1 0.062
C10_5 ? ? 0.3519(4) 0.5834(6) 0.55991(8) 1 0.0554(4)
H101_5 ? ? 0.4046 0.5865 0.5529 1 0.066
H102_5 ? ? 0.3122 0.6370 0.5562 1 0.066
O6_6 ? ? 0.1864(4) 0.6757(4) 0.70626(7) 1 0.0602(3)
H1W_6 ? ? 0.152(3) 0.671(5) 0.6962(5) 1 0.090
H2W_6 ? ? 0.157(4) 0.708(4) 0.7131(7) 1 0.090
O7_6 ? ? 0.3093(4) 0.4361(4) 0.72773(7) 1 0.0610(3)
H3W_6 ? ? 0.327(4) 0.428(4) 0.7392(3) 1 0.092
H4W_6 ? ? 0.316(5) 0.385(2) 0.7225(8) 1 0.092
Zn6_6 ? ? 0.24672(6) 0.55358(8) 0.716570(11) 1 0.03835(10)
O1_6 ? ? 0.1246(3) 0.5251(4) 0.73216(6) 1 0.0472(2)
O2_6 ? ? 0.1597(3) 0.4516(4) 0.69876(6) 1 0.0504(2)
O3_6 ? ? 0.3003(3) 0.5437(4) 0.68805(5) 1 0.0521(3)
O4_6 ? ? 0.3860(3) 0.6243(4) 0.71988(6) 1 0.0589(3)
O5_6 ? ? 0.2696(3) 0.6195(4) 0.74450(6) 1 0.0516(2)
C1_6 ? ? 0.0771(5) 0.4396(6) 0.72531(10) 1 0.0642(4)
H11_6 ? ? 0.0169 0.4373 0.7296 1 0.077
H12_6 ? ? 0.1111 0.3837 0.7301 1 0.077
C2_6 ? ? 0.0692(4) 0.4432(7) 0.70399(10) 1 0.0658(4)
H21_6 ? ? 0.0404 0.3857 0.6985 1 0.079
H22_6 ? ? 0.0325 0.4974 0.6992 1 0.079
C3_6 ? ? 0.1664(4) 0.4563(6) 0.67872(8) 1 0.0574(4)
H31_6 ? ? 0.1343 0.5117 0.6731 1 0.069
H32_6 ? ? 0.1403 0.3998 0.6722 1 0.069
C4_6 ? ? 0.2659(4) 0.4630(6) 0.67694(9) 1 0.0547(4)
H41_6 ? ? 0.2971 0.4055 0.6818 1 0.066
H42_6 ? ? 0.2754 0.4711 0.6636 1 0.066
C5_6 ? ? 0.3964(4) 0.5564(7) 0.68934(10) 1 0.0705(5)
H51_6 ? ? 0.4147 0.5679 0.6767 1 0.085
H52_6 ? ? 0.4279 0.5002 0.6948 1 0.085
C6_6 ? ? 0.4190(5) 0.6404(7) 0.70210(10) 1 0.0750(5)
H61_6 ? ? 0.4846 0.6498 0.7041 1 0.090
H62_6 ? ? 0.3910 0.6972 0.6961 1 0.090
C7_6 ? ? 0.3878(5) 0.7045(6) 0.73258(10) 1 0.0682(4)
H71_6 ? ? 0.3521 0.7562 0.7264 1 0.082
H72_6 ? ? 0.4502 0.7264 0.7359 1 0.082
C8_6 ? ? 0.3492(5) 0.6746(6) 0.75009(10) 1 0.0649(4)
H81_6 ? ? 0.3937 0.6372 0.7582 1 0.078
H82_6 ? ? 0.3338 0.7301 0.7573 1 0.078
C9_6 ? ? 0.2001(4) 0.6161(6) 0.75713(9) 1 0.0519(3)
H91_6 ? ? 0.1603 0.6710 0.7551 1 0.062
H92_6 ? ? 0.2276 0.6160 0.7705 1 0.062
C10_6 ? ? 0.1472(5) 0.5271(6) 0.75271(8) 1 0.0554(4)
H101_6 ? ? 0.1836 0.4719 0.7571 1 0.066
H102_6 ? ? 0.0921 0.5272 0.7590 1 0.066
O6_7 ? ? 0.3209(4) 0.4439(4) 0.85543(7) 1 0.0602(3)
H1W_7 ? ? 0.318(4) 0.399(3) 0.8480(6) 1 0.090
H2W_7 ? ? 0.321(4) 0.421(4) 0.8662(3) 1 0.090
O7_7 ? ? 0.1817(4) 0.6712(4) 0.83348(7) 1 0.0610(3)
H3W_7 ? ? 0.159(4) 0.713(4) 0.8396(8) 1 0.092
H4W_7 ? ? 0.146(3) 0.661(5) 0.8238(6) 1 0.092
Zn7_7 ? ? 0.25142(10) 0.55458(13) 0.84518(2) 0.735(2) 0.03835(10)
O1_7 ? ? 0.3744(3) 0.5843(4) 0.82902(6) 0.735(2) 0.0472(2)
O2_7 ? ? 0.3364(4) 0.6602(4) 0.86229(7) 0.735(2) 0.0504(2)
O3_7 ? ? 0.2015(3) 0.5614(5) 0.87367(6) 0.735(2) 0.0521(3)
O4_7 ? ? 0.1169(4) 0.4743(5) 0.84245(8) 0.735(2) 0.0589(3)
O5_7 ? ? 0.2289(4) 0.4874(4) 0.81715(7) 0.735(2) 0.0516(2)
C1_7 ? ? 0.4166(6) 0.6717(7) 0.83564(12) 0.735(2) 0.0642(4)
H11_7 ? ? 0.3790 0.7251 0.8308 0.735(2) 0.077
H12_7 ? ? 0.4760 0.6778 0.8311 0.735(2) 0.077
C2_7 ? ? 0.4271(5) 0.6706(8) 0.85726(11) 0.735(2) 0.0658(4)
H21_7 ? ? 0.4653 0.6179 0.8622 0.735(2) 0.079
H22_7 ? ? 0.4543 0.7295 0.8624 0.735(2) 0.079
C3_7 ? ? 0.3306(5) 0.6590(7) 0.88256(10) 0.735(2) 0.0574(4)
H31_7 ? ? 0.3523 0.7186 0.8884 0.735(2) 0.069
H32_7 ? ? 0.3667 0.6073 0.8887 0.735(2) 0.069
C4_7 ? ? 0.2304(5) 0.6449(7) 0.88431(11) 0.735(2) 0.0547(4)
H41_7 ? ? 0.2213 0.6373 0.8977 0.735(2) 0.066
H42_7 ? ? 0.1955 0.6996 0.8791 0.735(2) 0.066
C5_7 ? ? 0.1085(5) 0.5401(8) 0.87339(12) 0.735(2) 0.0705(5)
H51_7 ? ? 0.0713 0.5925 0.8678 0.735(2) 0.085
H52_7 ? ? 0.0940 0.5290 0.8864 0.735(2) 0.085
C6_7 ? ? 0.0905(7) 0.4519(8) 0.86133(12) 0.735(2) 0.0750(5)
H61_7 ? ? 0.1263 0.3990 0.8671 0.735(2) 0.090
H62_7 ? ? 0.0263 0.4349 0.8603 0.735(2) 0.090
C7_7 ? ? 0.1196(7) 0.3949(7) 0.82974(12) 0.735(2) 0.0682(4)
H71_7 ? ? 0.0590 0.3674 0.8269 0.735(2) 0.082
H72_7 ? ? 0.1604 0.3463 0.8357 0.735(2) 0.082
C8_7 ? ? 0.1522(6) 0.4289(8) 0.81194(11) 0.735(2) 0.0649(4)
H81_7 ? ? 0.1690 0.3754 0.8043 0.735(2) 0.078
H82_7 ? ? 0.1045 0.4647 0.8043 0.735(2) 0.078
C9_7 ? ? 0.2988(5) 0.4901(7) 0.80488(11) 0.735(2) 0.0519(3)
H91_7 ? ? 0.2724 0.4861 0.7915 0.735(2) 0.062
H92_7 ? ? 0.3403 0.4369 0.8076 0.735(2) 0.062
C10_7 ? ? 0.3489(6) 0.5816(7) 0.80848(10) 0.735(2) 0.0554(4)
H101_7 ? ? 0.4026 0.5832 0.8017 0.735(2) 0.066
H102_7 ? ? 0.3098 0.6351 0.8043 0.735(2) 0.066
Zn10_10 ? ? 0.2465(2) 0.5528(3) 0.84259(4) 0.265(2) 0.03835(10)
O1_10 ? ? 0.1293(3) 0.5149(5) 0.85890(7) 0.265(2) 0.0472(2)
O2_10 ? ? 0.1633(4) 0.4486(5) 0.82565(7) 0.265(2) 0.0504(2)
O3_10 ? ? 0.2978(4) 0.5442(5) 0.81464(5) 0.265(2) 0.0521(3)
O4_10 ? ? 0.3780(3) 0.6334(5) 0.84486(8) 0.265(2) 0.0589(3)
O5_10 ? ? 0.2664(4) 0.6202(5) 0.86976(6) 0.265(2) 0.0516(2)
C1_10 ? ? 0.0841(5) 0.4267(6) 0.85232(10) 0.265(2) 0.0642(4)
H1A_10 ? ? 0.0241 0.4217 0.8568 0.265(2) 0.077
H1B_10 ? ? 0.1212 0.3728 0.8570 0.265(2) 0.077
C2_10 ? ? 0.0740(4) 0.4302(6) 0.83048(10) 0.265(2) 0.0658(4)
H2A_10 ? ? 0.0511 0.3703 0.8251 0.265(2) 0.079
H2B_10 ? ? 0.0316 0.4799 0.8257 0.265(2) 0.079
C3_10 ? ? 0.1674(5) 0.4494(7) 0.80563(7) 0.265(2) 0.0574(4)
H3A_10 ? ? 0.1308 0.5010 0.7996 0.265(2) 0.069
H3B_10 ? ? 0.1444 0.3903 0.7999 0.265(2) 0.069
C4_10 ? ? 0.2678(6) 0.4624(7) 0.80326(8) 0.265(2) 0.0547(4)
H4A_10 ? ? 0.3031 0.4070 0.8078 0.265(2) 0.066
H4B_10 ? ? 0.2753 0.4729 0.7899 0.265(2) 0.066
C5_10 ? ? 0.3954(4) 0.5655(7) 0.81520(9) 0.265(2) 0.0705(5)
H5A_10 ? ? 0.4116 0.5755 0.8024 0.265(2) 0.085
H5B_10 ? ? 0.4327 0.5142 0.8212 0.265(2) 0.085
C6_10 ? ? 0.4095(5) 0.6530(7) 0.82677(10) 0.265(2) 0.0750(5)
H6A_10 ? ? 0.4743 0.6702 0.8285 0.265(2) 0.090
H6B_10 ? ? 0.3746 0.7049 0.8204 0.265(2) 0.090
C7_10 ? ? 0.3783(5) 0.7136(6) 0.85686(11) 0.265(2) 0.0682(4)
H7A_10 ? ? 0.3389 0.7628 0.8507 0.265(2) 0.082
H7B_10 ? ? 0.4404 0.7386 0.8597 0.265(2) 0.082
C8_10 ? ? 0.3421(6) 0.6806(6) 0.87526(9) 0.265(2) 0.0649(4)
H8A_10 ? ? 0.3900 0.6469 0.8833 0.265(2) 0.078
H8B_10 ? ? 0.3227 0.7344 0.8824 0.265(2) 0.078
C9_10 ? ? 0.2014(6) 0.6133(7) 0.88299(7) 0.265(2) 0.0519(3)
H9A_10 ? ? 0.1576 0.6651 0.8812 0.265(2) 0.062
H9B_10 ? ? 0.2320 0.6151 0.8960 0.265(2) 0.062
C10_10 ? ? 0.1536(5) 0.5210(7) 0.87905(7) 0.265(2) 0.0554(4)
H10A_10 ? ? 0.1942 0.4692 0.8835 0.265(2) 0.066
H10B_10 ? ? 0.0988 0.5178 0.8856 0.265(2) 0.066
O6_8 ? ? 0.3115(4) 0.4364(4) 0.98062(7) 1 0.0602(3)
H1W_8 ? ? 0.331(4) 0.397(3) 0.9736(7) 1 0.090
H2W_8 ? ? 0.318(4) 0.413(4) 0.9914(3) 1 0.090
O7_8 ? ? 0.1911(4) 0.6745(4) 0.95898(7) 1 0.0610(3)
H3W_8 ? ? 0.177(4) 0.719(3) 0.9656(8) 1 0.092
H4W_8 ? ? 0.151(3) 0.674(5) 0.9498(6) 1 0.092
Zn8_8 ? ? 0.25162(6) 0.55572(8) 0.970240(10) 1 0.03835(10)
O1_8 ? ? 0.3777(2) 0.5821(4) 0.95497(6) 1 0.0472(2)
O2_8 ? ? 0.3410(3) 0.6556(4) 0.98810(6) 1 0.0504(2)
O3_8 ? ? 0.1994(3) 0.5655(4) 0.99869(5) 1 0.0521(3)
O4_8 ? ? 0.1132(3) 0.4842(4) 0.96657(6) 1 0.0589(3)
O5_8 ? ? 0.2289(3) 0.4901(4) 0.94257(6) 1 0.0516(2)
C1_8 ? ? 0.4248(5) 0.6659(6) 0.96177(10) 1 0.0642(4)
H11_8 ? ? 0.3915 0.7220 0.9568 1 0.077
H12_8 ? ? 0.4853 0.6674 0.9576 1 0.077
C2_8 ? ? 0.4318(4) 0.6637(7) 0.98345(9) 1 0.0658(4)
H21_8 ? ? 0.4682 0.6098 0.9885 1 0.079
H22_8 ? ? 0.4601 0.7216 0.9889 1 0.079
C3_8 ? ? 0.3334(4) 0.6517(6) 1.00823(8) 1 0.0574(4)
H31_8 ? ? 0.3594 0.7084 1.0147 1 0.069
H32_8 ? ? 0.3651 0.5964 1.0140 1 0.069
C4_8 ? ? 0.2322(4) 0.6454(6) 1.00990(9) 1 0.0547(4)
H41_8 ? ? 0.2220 0.6368 1.0232 1 0.066
H42_8 ? ? 0.2012 0.7030 1.0050 1 0.066
C5_8 ? ? 0.1028(4) 0.5531(7) 0.99692(9) 1 0.0705(5)
H51_8 ? ? 0.0720 0.6079 0.9906 1 0.085
H52_8 ? ? 0.0825 0.5456 1.0095 1 0.085
C6_8 ? ? 0.0823(5) 0.4661(7) 0.98516(10) 1 0.0750(5)
H61_8 ? ? 0.1142 0.4117 0.9913 1 0.090
H62_8 ? ? 0.0172 0.4531 0.9836 1 0.090
C7_8 ? ? 0.1121(5) 0.4046(6) 0.95434(10) 1 0.0682(4)
H71_8 ? ? 0.0500 0.3816 0.9512 1 0.082
H72_8 ? ? 0.1487 0.3537 0.9607 1 0.082
C8_8 ? ? 0.1505(5) 0.4346(6) 0.93641(10) 1 0.0649(4)
H81_8 ? ? 0.1670 0.3793 0.9293 1 0.078
H82_8 ? ? 0.1061 0.4718 0.9282 1 0.078
C9_8 ? ? 0.2987(4) 0.4903(6) 0.93020(9) 1 0.0519(3)
H91_8 ? ? 0.2720 0.4902 0.9168 1 0.062
H92_8 ? ? 0.3372 0.4345 0.9325 1 0.062
C10_8 ? ? 0.3535(5) 0.5788(6) 0.93467(8) 1 0.0554(4)
H101_8 ? ? 0.4081 0.5776 0.9282 1 0.066
H102_8 ? ? 0.3178 0.6344 0.9303 1 0.066
N1_11 ? ? 0.0807(4) 0.7424(4) 0.03601(8) 1 0.0483(3)
O8_11 ? ? 0.0568(4) 0.6727(5) 0.04438(10) 1 0.1026(5)
O9_11 ? ? 0.1530(4) 0.7782(5) 0.04336(8) 1 0.0830(4)
O10_11 ? ? 0.0420(4) 0.7714(5) 0.02059(8) 1 0.0857(4)
N2_12 ? ? 0.1022(4) 0.7340(4) 0.16436(8) 1 0.0462(3)
O8_12 ? ? 0.0900(4) 0.6618(4) 0.17383(8) 1 0.0800(4)
O9_12 ? ? 0.1766(4) 0.7751(5) 0.16820(8) 1 0.0796(4)
O10_12 ? ? 0.0473(4) 0.7615(6) 0.15122(8) 1 0.0895(4)
N3_13 ? ? 0.0852(4) 0.7400(4) 0.28785(8) 1 0.0483(3)
O8_13 ? ? 0.0700(5) 0.6693(5) 0.29738(9) 1 0.1026(5)
O9_13 ? ? 0.1532(4) 0.7850(5) 0.29427(7) 1 0.0830(4)
O10_13 ? ? 0.0435(4) 0.7586(5) 0.27199(8) 1 0.0857(4)
N4_14 ? ? 0.0840(4) 0.7395(5) 0.41200(8) 1 0.0483(3)
O8_14 ? ? 0.0623(5) 0.6686(5) 0.42014(10) 1 0.1026(5)
O9_14 ? ? 0.1596(4) 0.7732(5) 0.41879(8) 1 0.0830(4)
O10_14 ? ? 0.0444(4) 0.7765(5) 0.39746(8) 1 0.0857(4)
N5_15 ? ? 0.1004(4) 0.7361(4) 0.54003(8) 1 0.0462(3)
O8_15 ? ? 0.0917(4) 0.6625(4) 0.54948(8) 1 0.0800(4)
O9_15 ? ? 0.1698(4) 0.7827(5) 0.54432(8) 1 0.0796(4)
O10_15 ? ? 0.0451(4) 0.7553(6) 0.52624(8) 1 0.0895(4)
N6_16 ? ? 0.0821(4) 0.7424(4) 0.66173(8) 1 0.0483(3)
O8_16 ? ? 0.0629(5) 0.6724(5) 0.67073(9) 1 0.1026(5)
O9_16 ? ? 0.1508(4) 0.7842(5) 0.66909(8) 1 0.0830(4)
O10_16 ? ? 0.0431(4) 0.7653(5) 0.64592(8) 1 0.0857(4)
N7_17 ? ? 0.0948(4) 0.7345(4) 0.78838(8) 1 0.0462(3)
O8_17 ? ? 0.0812(4) 0.6626(4) 0.79766(7) 1 0.0800(4)
O9_17 ? ? 0.1709(4) 0.7727(5) 0.79323(8) 1 0.0796(4)
O10_17 ? ? 0.0453(4) 0.7664(6) 0.77498(8) 1 0.0895(4)
N8_18 ? ? 0.0921(4) 0.7375(4) 0.91405(8) 1 0.0462(3)
O8_18 ? ? 0.0854(4) 0.6655(4) 0.92405(8) 1 0.0800(4)
O9_18 ? ? 0.1606(4) 0.7861(5) 0.91887(8) 1 0.0796(4)
O10_18 ? ? 0.0417(4) 0.7530(6) 0.89911(8) 1 0.0895(4)
N9_19 ? ? 0.4023(4) 0.3760(4) 0.14737(8) 1 0.0462(3)
O8_19 ? ? 0.4103(4) 0.4486(4) 0.13805(8) 1 0.0800(4)
O9_19 ? ? 0.3324(4) 0.3272(5) 0.14369(8) 1 0.0796(4)
O10_19 ? ? 0.4573(4) 0.3482(6) 0.16062(8) 1 0.0895(4)
N10_20 ? ? 0.4174(4) 0.3677(5) 0.27615(8) 1 0.0483(3)
O8_20 ? ? 0.4454(4) 0.4372(5) 0.26855(9) 1 0.1026(5)
O9_20 ? ? 0.3471(4) 0.3275(5) 0.26937(8) 1 0.0830(4)
O10_20 ? ? 0.4582(4) 0.3378(5) 0.29127(8) 1 0.0857(4)
N11_21 ? ? 0.4102(4) 0.3736(4) 0.39871(7) 1 0.0462(3)
O8_21 ? ? 0.4184(4) 0.4425(4) 0.38869(8) 1 0.0800(4)
O9_21 ? ? 0.3475(4) 0.3141(4) 0.39463(8) 1 0.0796(4)
O10_21 ? ? 0.4621(4) 0.3574(5) 0.41317(8) 1 0.0895(4)
N12_22 ? ? 0.4018(4) 0.3758(4) 0.52330(8) 1 0.0462(3)
O8_22 ? ? 0.4182(4) 0.4483(4) 0.51466(8) 1 0.0800(4)
O9_22 ? ? 0.3277(4) 0.3347(5) 0.51951(8) 1 0.0796(4)
O10_22 ? ? 0.4559(4) 0.3426(6) 0.53665(8) 1 0.0895(4)
N13_23 ? ? 0.4224(4) 0.3690(4) 0.65110(8) 1 0.0483(3)
O8_23 ? ? 0.4465(4) 0.4381(5) 0.64270(9) 1 0.1026(5)
O9_23 ? ? 0.3542(4) 0.3221(5) 0.64480(8) 1 0.0830(4)
O10_23 ? ? 0.4623(4) 0.3425(5) 0.66656(8) 1 0.0857(4)
N14_24 ? ? 0.4042(4) 0.3745(4) 0.77269(8) 1 0.0462(3)
O8_24 ? ? 0.4104(4) 0.4464(4) 0.76302(8) 1 0.0800(4)
O9_24 ? ? 0.3393(4) 0.3182(5) 0.76900(8) 1 0.0796(4)
O10_24 ? ? 0.4607(4) 0.3537(6) 0.78644(8) 1 0.0895(4)
N15_25 ? ? 0.4098(4) 0.3699(4) 0.89988(8) 1 0.0483(3)
O8_25 ? ? 0.4384(4) 0.4412(4) 0.89278(9) 1 0.1026(5)
O9_25 ? ? 0.3355(4) 0.3349(5) 0.89390(8) 1 0.0830(4)
O10_25 ? ? 0.4554(4) 0.3348(5) 0.91404(8) 1 0.0857(4)
N16_26 ? ? 0.4184(4) 0.3721(4) 1.02478(8) 1 0.0483(3)
O8_26 ? ? 0.4330(5) 0.4404(5) 1.01535(9) 1 0.1026(5)
O9_26 ? ? 0.3572(4) 0.3138(5) 1.01947(8) 1 0.0830(4)
O10_26 ? ? 0.4650(4) 0.3549(5) 1.04001(8) 1 0.0857(4)

|'diaqua(15-crown-5)nickel(II) nitrate||||
C10 H24 N2 Ni O13
14.719(2) 28.041(3) 10.704(2) 90.200(10) 125.99(2) 89.8700(10)
C-1
Ni1 ? ? 0.49828(6) 0.25131(2) 0.48782(9) 1 0.0584(2)
O11 ? ? 0.6839(3) 0.26580(11) 0.6135(4) 1 0.0557(9)
O21 ? ? 0.5156(3) 0.30292(12) 0.3475(4) 1 0.0589(9)
O31 ? ? 0.3322(3) 0.25605(12) 0.2585(4) 1 0.0583(10)
O41 ? ? 0.3684(3) 0.21433(12) 0.5090(4) 1 0.0657(10)
O51 ? ? 0.5824(3) 0.21807(11) 0.7059(4) 1 0.0571(9)
O61 ? ? 0.4784(4) 0.30893(14) 0.5754(4) 1 0.0698(11)
H1W ? ? 0.488(5) 0.306(2) 0.658(4) 1 0.105
H2W ? ? 0.437(4) 0.3318(14) 0.534(5) 1 0.105
O71 ? ? 0.5197(4) 0.19265(15) 0.4059(4) 1 0.0706(11)
H3W ? ? 0.577(3) 0.1772(19) 0.455(5) 1 0.106
H4W ? ? 0.497(5) 0.192(2) 0.316(2) 1 0.106
C11 ? ? 0.7025(5) 0.3092(2) 0.5604(7) 1 0.0732(17)
H11A ? ? 0.7802 0.3113 0.5963 1 0.088
H11B ? ? 0.6857 0.3367 0.5988 1 0.088
C21 ? ? 0.6266(4) 0.3077(2) 0.3894(6) 1 0.0733(17)
H21A ? ? 0.6333 0.3368 0.3465 1 0.088
H21B ? ? 0.6451 0.2808 0.3508 1 0.088
C31 ? ? 0.4311(5) 0.29993(19) 0.1863(6) 1 0.0625(15)
H31A ? ? 0.4422 0.2720 0.1432 1 0.075
H31B ? ? 0.4320 0.3280 0.1345 1 0.075
C41 ? ? 0.3217(4) 0.29655(17) 0.1680(6) 1 0.0624(15)
H41A ? ? 0.3084 0.3254 0.2051 1 0.075
H41B ? ? 0.2597 0.2920 0.0603 1 0.075
C51 ? ? 0.2391(4) 0.2491(2) 0.2653(7) 1 0.0725(17)
H51A ? ? 0.1706 0.2443 0.1626 1 0.087
H51B ? ? 0.2295 0.2765 0.3119 1 0.087
C61 ? ? 0.2667(4) 0.2054(2) 0.3626(7) 1 0.0785(18)
H61A ? ? 0.2070 0.1988 0.3733 1 0.094
H61B ? ? 0.2751 0.1780 0.3146 1 0.094
C71 ? ? 0.4174(5) 0.1743(2) 0.6072(6) 1 0.0710(16)
H71A ? ? 0.4303 0.1492 0.5568 1 0.085
H71B ? ? 0.3678 0.1621 0.6313 1 0.085
C81 ? ? 0.5250(5) 0.1897(2) 0.7500(7) 1 0.0707(17)
H81A ? ? 0.5113 0.2081 0.8142 1 0.085
H81B ? ? 0.5700 0.1621 0.8082 1 0.085
C91 ? ? 0.7020(4) 0.21866(19) 0.8067(6) 1 0.0588(15)
H91A ? ? 0.7322 0.1914 0.7863 1 0.071
H91B ? ? 0.7278 0.2173 0.9134 1 0.071
C101 ? ? 0.7394(4) 0.2637(2) 0.7777(6) 1 0.0647(15)
H10A ? ? 0.7187 0.2909 0.8122 1 0.078
H10B ? ? 0.8203 0.2637 0.8321 1 0.078
Ni2 ? ? 0.25705(5) 0.49861(2) 0.01893(8) 1 0.0584(2)
O12 ? ? 0.0685(3) 0.51374(11) -0.1114(4) 1 0.0570(9)
O22 ? ? 0.2388(3) 0.55026(12) 0.1535(4) 1 0.0596(9)
O32 ? ? 0.4208(3) 0.50221(12) 0.2443(4) 1 0.0597(9)
O42 ? ? 0.3811(3) 0.46003(14) -0.0066(4) 1 0.0737(11)
O52 ? ? 0.1691(3) 0.46619(11) -0.2023(3) 1 0.0574(9)
O62 ? ? 0.2798(4) 0.55553(14) -0.0696(4) 1 0.0767(12)
H5W ? ? 0.257(6) 0.5589(19) -0.159(3) 1 0.115
H6W ? ? 0.302(5) 0.5816(10) -0.029(5) 1 0.115
O72 ? ? 0.2323(4) 0.44073(13) 0.1041(4) 1 0.0735(12)
H7W ? ? 0.212(5) 0.4153(10) 0.059(5) 1 0.110
H8W ? ? 0.267(5) 0.4344(18) 0.1959(17) 1 0.110
C12 ? ? 0.0519(5) 0.5566(2) -0.0566(7) 1 0.0780(18)
H12A ? ? -0.0254 0.5587 -0.0908 1 0.094
H12B ? ? 0.0677 0.5839 -0.0962 1 0.094
C22 ? ? 0.1292(5) 0.5561(2) 0.1150(7) 1 0.0764(17)
H22A ? ? 0.1238 0.5857 0.1571 1 0.092
H22B ? ? 0.1110 0.5299 0.1557 1 0.092
C32 ? ? 0.3263(5) 0.54859(18) 0.3154(6) 1 0.0674(16)
H32A ? ? 0.3153 0.5218 0.3623 1 0.081
H32B ? ? 0.3272 0.5777 0.3653 1 0.081
C42 ? ? 0.4342(4) 0.54307(19) 0.3317(6) 1 0.0652(15)
H42A ? ? 0.4484 0.5710 0.2925 1 0.078
H42B ? ? 0.4966 0.5388 0.4393 1 0.078
C52 ? ? 0.5122(4) 0.4933(2) 0.2361(7) 1 0.0849(19)
H52A ? ? 0.5804 0.4881 0.3387 1 0.102
H52B ? ? 0.5238 0.5205 0.1911 1 0.102
C62 ? ? 0.4848(5) 0.4507(2) 0.1397(7) 1 0.091(2)
H62A ? ? 0.5437 0.4444 0.1269 1 0.109
H62B ? ? 0.4774 0.4232 0.1876 1 0.109
C72 ? ? 0.3319(5) 0.4213(2) -0.1063(6) 1 0.0793(18)
H72A ? ? 0.3195 0.3957 -0.0573 1 0.095
H72B ? ? 0.3809 0.4097 -0.1324 1 0.095
C82 ? ? 0.2241(5) 0.4369(2) -0.2469(6) 1 0.0721(17)
H82A ? ? 0.2370 0.4546 -0.3129 1 0.087
H82B ? ? 0.1780 0.4094 -0.3040 1 0.087
C92 ? ? 0.0507(4) 0.4673(2) -0.3052(6) 1 0.0613(15)
H92A ? ? 0.0186 0.4403 -0.2877 1 0.074
H92B ? ? 0.0265 0.4663 -0.4113 1 0.074
C102 ? ? 0.0149(4) 0.5131(2) -0.2736(5) 1 0.0643(15)
H10C ? ? 0.0384 0.5403 -0.3042 1 0.077
H10D ? ? -0.0661 0.5141 -0.3296 1 0.077
N1 ? ? 0.4414(4) 0.15748(17) 0.0515(5) 1 0.0576(12)
O81 ? ? 0.4208(4) 0.14550(19) -0.0716(6) 1 0.1116(17)
O91 ? ? 0.4957(4) 0.19238(17) 0.1203(6) 1 0.1068(16)
O101 ? ? 0.3997(4) 0.13459(19) 0.1032(5) 1 0.1096(18)
N2 ? ? 0.1847(4) 0.59002(16) -0.4326(5) 1 0.0560(12)
O82 ? ? 0.1844(4) 0.60085(17) -0.5438(5) 1 0.1033(16)
O92 ? ? 0.2302(4) 0.55347(15) -0.3578(5) 1 0.0836(13)
O102 ? ? 0.1353(4) 0.61626(16) -0.3972(5) 1 0.0985(16)
N3 ? ? 0.5696(4) 0.34019(17) 0.9388(5) 1 0.0574(12)
O83 ? ? 0.5699(4) 0.35481(17) 1.0454(5) 1 0.0944(15)
O93 ? ? 0.5191(4) 0.30413(16) 0.8645(5) 1 0.0912(14)
O103 ? ? 0.6272(4) 0.36121(14) 0.9051(5) 1 0.0785(12)
N4 ? ? 0.3108(4) 0.40757(16) 0.4609(5) 1 0.0599(12)
O84 ? ? 0.3343(4) 0.39149(17) 0.5839(5) 1 0.0916(14)
O94 ? ? 0.2506(4) 0.44183(16) 0.3977(6) 1 0.1097(17)
O104 ? ? 0.3536(4) 0.38848(16) 0.4020(4) 1 0.0890(14)

?|diaqua(15-crown-5)copper(II) nitrate||||
C10 H24 Cu N2 O13
14.769(2) 27.924(3) 10.642(2) 89.91(2) 125.88(2) 90.06(2)
C-1
Cu1 ? ? 0.49767(4) 0.251206(13) 0.48812(7) 1 0.03740(15)
O11 ? ? 0.68750(19) 0.26496(9) 0.6147(3) 1 0.0480(6)
O21 ? ? 0.5156(2) 0.30366(9) 0.3461(3) 1 0.0501(7)
O31 ? ? 0.3319(2) 0.25541(8) 0.2557(3) 1 0.0498(7)
O41 ? ? 0.3688(2) 0.21477(8) 0.5154(3) 1 0.0562(7)
O51 ? ? 0.58465(19) 0.21827(8) 0.7106(3) 1 0.0507(7)
O61 ? ? 0.4816(3) 0.30719(13) 0.5741(3) 1 0.0548(8)
H1W ? ? 0.501(4) 0.3056(17) 0.663(2) 1 0.082
H2W ? ? 0.446(3) 0.3313(10) 0.532(4) 1 0.082
O71 ? ? 0.5177(3) 0.19429(13) 0.4089(3) 1 0.0568(8)
H3W ? ? 0.552(4) 0.1712(11) 0.460(4) 1 0.085
H4W ? ? 0.493(4) 0.1918(17) 0.3196(18) 1 0.085
C11 ? ? 0.7035(3) 0.30897(15) 0.5598(5) 1 0.0636(11)
H11A ? ? 0.7803 0.3116 0.5938 1 0.076
H11B ? ? 0.6867 0.3362 0.5994 1 0.076
C21 ? ? 0.6262(3) 0.30761(16) 0.3878(5) 1 0.0642(12)
H21A ? ? 0.6336 0.3366 0.3442 1 0.077
H21B ? ? 0.6432 0.2804 0.3485 1 0.077
C31 ? ? 0.4297(3) 0.30051(14) 0.1824(4) 1 0.0536(10)
H31A ? ? 0.4414 0.2727 0.1390 1 0.064
H31B ? ? 0.4296 0.3289 0.1298 1 0.064
C41 ? ? 0.3215(3) 0.29620(13) 0.1645(4) 1 0.0533(11)
H41A ? ? 0.3074 0.3250 0.2012 1 0.064
H41B ? ? 0.2601 0.2915 0.0564 1 0.064
C51 ? ? 0.2412(3) 0.24860(17) 0.2684(5) 1 0.0639(13)
H51A ? ? 0.1717 0.2441 0.1665 1 0.077
H51B ? ? 0.2336 0.2763 0.3163 1 0.077
C61 ? ? 0.2676(3) 0.20497(16) 0.3665(5) 1 0.0666(12)
H61A ? ? 0.2074 0.1983 0.3760 1 0.080
H61B ? ? 0.2773 0.1774 0.3201 1 0.080
C71 ? ? 0.4192(4) 0.17430(15) 0.6128(5) 1 0.0642(11)
H71A ? ? 0.4318 0.1496 0.5605 1 0.077
H71B ? ? 0.3708 0.1613 0.6382 1 0.077
C81 ? ? 0.5279(4) 0.18959(15) 0.7573(5) 1 0.0610(11)
H81A ? ? 0.5151 0.2081 0.8225 1 0.073
H81B ? ? 0.5727 0.1618 0.8154 1 0.073
C91 ? ? 0.7034(3) 0.21824(15) 0.8097(4) 1 0.0529(11)
H91A ? ? 0.7323 0.1908 0.7878 1 0.063
H91B ? ? 0.7302 0.2168 0.9174 1 0.063
C101 ? ? 0.7403(3) 0.26409(15) 0.7779(4) 1 0.0554(10)
H10A ? ? 0.7174 0.2915 0.8089 1 0.066
H10B ? ? 0.8209 0.2647 0.8345 1 0.066
Cu2 ? ? 0.25654(3) 0.499262(14) 0.01728(5) 1 0.03693(14)
O12 ? ? 0.06638(19) 0.51338(9) -0.1102(3) 1 0.0498(6)
O22 ? ? 0.2409(2) 0.55178(10) 0.1592(3) 1 0.0523(7)
O32 ? ? 0.4236(2) 0.50234(9) 0.2501(3) 1 0.0523(7)
O42 ? ? 0.3837(2) 0.46148(10) -0.0104(3) 1 0.0607(7)
O52 ? ? 0.16829(18) 0.46685(8) -0.2061(2) 1 0.0503(6)
O62 ? ? 0.2763(3) 0.55546(13) -0.0673(3) 1 0.0588(9)
H5W ? ? 0.264(4) 0.5556(18) -0.153(3) 1 0.088
H6W ? ? 0.316(3) 0.5781(12) -0.017(4) 1 0.088
O72 ? ? 0.2375(3) 0.44210(12) 0.1002(3) 1 0.0559(8)
H7W ? ? 0.188(3) 0.4234(13) 0.045(4) 1 0.084
H8W ? ? 0.252(4) 0.4429(17) 0.186(2) 1 0.084
C12 ? ? 0.0518(4) 0.55644(16) -0.0530(5) 1 0.0680(12)
H12A ? ? -0.0245 0.5588 -0.0852 1 0.082
H12B ? ? 0.0671 0.5839 -0.0940 1 0.082
C22 ? ? 0.1310(3) 0.55575(17) 0.1201(5) 1 0.0672(12)
H22A ? ? 0.1240 0.5850 0.1629 1 0.081
H22B ? ? 0.1150 0.5287 0.1616 1 0.081
C32 ? ? 0.3274(3) 0.54860(14) 0.3198(4) 1 0.0571(11)
H32A ? ? 0.3157 0.5211 0.3645 1 0.069
H32B ? ? 0.3291 0.5772 0.3726 1 0.069
C42 ? ? 0.4350(3) 0.54338(16) 0.3363(4) 1 0.0560(11)
H42A ? ? 0.4487 0.5715 0.2962 1 0.067
H42B ? ? 0.4970 0.5394 0.4445 1 0.067
C52 ? ? 0.5132(3) 0.49472(18) 0.2370(5) 1 0.0696(13)
H52A ? ? 0.5826 0.4896 0.3386 1 0.083
H52B ? ? 0.5222 0.5223 0.1897 1 0.083
C62 ? ? 0.4841(3) 0.45154(19) 0.1382(5) 1 0.0762(14)
H62A ? ? 0.5440 0.4442 0.1286 1 0.091
H62B ? ? 0.4734 0.4242 0.1846 1 0.091
C72 ? ? 0.3297(4) 0.42143(15) -0.1109(5) 1 0.0647(11)
H72A ? ? 0.3159 0.3968 -0.0598 1 0.078
H72B ? ? 0.3765 0.4081 -0.1385 1 0.078
C82 ? ? 0.2231(3) 0.43841(15) -0.2511(4) 1 0.0599(11)
H82A ? ? 0.2372 0.4570 -0.3151 1 0.072
H82B ? ? 0.1766 0.4113 -0.3113 1 0.072
C92 ? ? 0.0498(3) 0.46819(15) -0.3083(4) 1 0.0513(10)
H92A ? ? 0.0184 0.4404 -0.2918 1 0.062
H92B ? ? 0.0251 0.4681 -0.4152 1 0.062
C102 ? ? 0.0130(3) 0.51284(16) -0.2747(4) 1 0.0569(11)
H10C ? ? 0.0350 0.5407 -0.3055 1 0.068
H10D ? ? -0.0676 0.5131 -0.3308 1 0.068
N1 ? ? 0.4382(3) 0.15566(15) 0.0579(4) 1 0.0530(10)
O81 ? ? 0.4184(4) 0.1431(2) -0.0661(5) 1 0.1193(17)
O91 ? ? 0.4943(3) 0.19032(15) 0.1283(5) 1 0.0896(12)
O101 ? ? 0.3943(3) 0.13344(17) 0.1063(5) 1 0.1114(17)
N2 ? ? 0.1819(3) 0.59168(13) -0.4311(4) 1 0.0452(9)
O82 ? ? 0.1793(3) 0.60077(15) -0.5459(4) 1 0.0826(11)
O92 ? ? 0.2298(3) 0.55523(13) -0.3524(4) 1 0.0696(10)
O102 ? ? 0.1344(3) 0.61835(13) -0.3943(4) 1 0.0844(12)
N3 ? ? 0.5708(3) 0.34173(15) 0.9332(4) 1 0.0502(10)
O83 ? ? 0.5693(3) 0.35681(17) 1.0401(4) 1 0.0857(12)
O93 ? ? 0.5179(3) 0.30573(14) 0.8576(4) 1 0.0738(10)
O103 ? ? 0.6304(3) 0.36230(12) 0.9034(4) 1 0.0661(9)
N4 ? ? 0.3141(3) 0.40586(13) 0.4550(4) 1 0.0466(9)
O84 ? ? 0.3337(3) 0.39197(16) 0.5776(4) 1 0.0797(11)
O94 ? ? 0.2544(3) 0.44025(14) 0.3856(5) 1 0.0983(13)
O104 ? ? 0.3585(3) 0.38562(14) 0.4004(4) 1 0.0780(11)

|'diaqua(15-crown-5)cobalt(II) nitrate'||||
C10 H24 Co N2 O13
8.110(2) 8.110(2) 27.247(3) 90.00 90.00 90.00
P41212
Co1 ? ? 0.58573(5) 0.58573(5) 0.0000 1 0.0379(2)
O1 ? ? 0.8251(5) 0.5733(5) 0.03369(14) 0.50 0.0477(10)
O2 ? ? 0.5973(6) 0.3524(6) 0.0350(2) 0.50 0.0701(15)
O3 ? ? 0.3420(8) 0.4609(6) -0.0115(2) 0.50 0.0681(15)
O4 ? ? 0.4313(6) 0.7297(5) -0.05614(17) 0.50 0.0511(10)
O5 ? ? 0.6944(5) 0.8387(5) -0.00979(13) 0.50 0.0437(10)
O6 ? ? 0.4950(3) 0.6984(3) 0.06273(8) 1 0.0550(6)
H106 ? ? 0.418(4) 0.763(5) 0.0582(15) 1 0.083
H206 ? ? 0.460(5) 0.637(5) 0.0844(13) 1 0.083
C1 ? ? 0.8311(11) 0.4581(9) 0.0735(3) 0.50 0.0586(17)
H1A ? ? 0.7779 0.5049 0.1022 0.50 0.070
H1B ? ? 0.9450 0.4342 0.0818 0.50 0.070
C2 ? ? 0.7452(12) 0.3032(10) 0.0586(5) 0.50 0.0573(19)
H2A ? ? 0.8137 0.2396 0.0364 0.50 0.069
H2B ? ? 0.7207 0.2361 0.0872 0.50 0.069
C3 ? ? 0.4758(14) 0.2300(13) 0.0299(5) 0.50 0.088(3)
H3A ? ? 0.4327 0.2011 0.0620 0.50 0.105
H3B ? ? 0.5245 0.1318 0.0156 0.50 0.105
C4 ? ? 0.3387(10) 0.2892(7) -0.0020(7) 0.50 0.084(3)
H4A ? ? 0.3433 0.2306 -0.0330 0.50 0.101
H4B ? ? 0.2346 0.2618 0.0136 0.50 0.101
C5 ? ? 0.2465(13) 0.5141(13) -0.0520(4) 0.50 0.088(3)
H5A ? ? 0.1325 0.4801 -0.0483 0.50 0.105
H5B ? ? 0.2892 0.4683 -0.0824 0.50 0.105
C6 ? ? 0.2596(8) 0.6972(12) -0.0523(5) 0.50 0.0573(19)
H6A ? ? 0.2006 0.7435 -0.0800 0.50 0.069
H6B ? ? 0.2151 0.7434 -0.0223 0.50 0.069
C7 ? ? 0.4679(9) 0.9016(7) -0.0600(3) 0.50 0.0586(17)
H7A ? ? 0.4120 0.9626 -0.0343 0.50 0.070
H7B ? ? 0.4321 0.9439 -0.0915 0.50 0.070
C8 ? ? 0.6515(8) 0.9189(12) -0.0548(3) 0.50 0.0567(15)
H8A ? ? 0.7074 0.8671 -0.0822 0.50 0.068
H8B ? ? 0.6826 1.0343 -0.0537 0.50 0.068
C9 ? ? 0.8672(10) 0.8368(15) 0.0011(6) 0.50 0.055(2)
H9A ? ? 0.9063 0.9479 0.0072 0.50 0.066
H9B ? ? 0.9284 0.7915 -0.0264 0.50 0.066
C10 ? ? 0.8908(11) 0.7320(7) 0.0457(3) 0.50 0.0567(15)
H10A ? ? 1.0070 0.7235 0.0538 0.50 0.068
H10B ? ? 0.8328 0.7789 0.0735 0.50 0.068
N1 ? ? 0.1916(4) -0.0059(3) 0.09208(9) 1 0.0498(6)
O7 ? ? 0.2398(3) -0.0706(3) 0.05309(8) 1 0.0610(6)
O8 ? ? 0.0505(3) 0.0464(4) 0.09653(12) 1 0.0842(9)
O9 ? ? 0.2855(5) 0.0056(6) 0.12705(11) 1 0.1103(15)
