hexaquanickel(II) nitrate (15-crown-5) dihydrate|?|||Acta Crystallographica, Section B|2008 64(6) 725 737
C10 H36 N2 Ni O19
11.9500(10) 12.6860(10) 15.9880(10) 90.00 101.510(10) 90.00
P21/c
C1 ? ? 0.03958(19) 0.14224(17) 0.33492(15) 1 0.0211(5)
H1A ? ? 0.0407 0.1442 0.2732 1 0.025
H1B ? ? -0.0385 0.1232 0.3417 1 0.025
C2 ? ? 0.1241(2) 0.06217(18) 0.37905(15) 1 0.0230(5)
H2A ? ? 0.1246 0.0615 0.4410 1 0.028
H2B ? ? 0.1030 -0.0091 0.3559 1 0.028
C3 ? ? 0.3242(2) 0.02237(17) 0.40505(15) 1 0.0235(6)
H3A ? ? 0.3239 -0.0431 0.3713 1 0.028
H3B ? ? 0.3128 0.0030 0.4628 1 0.028
C4 ? ? 0.43581(19) 0.07826(18) 0.41146(15) 1 0.0224(5)
H4A ? ? 0.4994 0.0269 0.4229 1 0.027
H4B ? ? 0.4381 0.1148 0.3571 1 0.027
C5 ? ? 0.5425(2) 0.22511(19) 0.48578(16) 1 0.0236(6)
H5A ? ? 0.6088 0.1865 0.4725 1 0.028
H5B ? ? 0.5640 0.2516 0.5451 1 0.028
C6 ? ? 0.51558(19) 0.31702(18) 0.42609(16) 1 0.0220(5)
H6A ? ? 0.5823 0.3647 0.4328 1 0.026
H6B ? ? 0.4978 0.2918 0.3663 1 0.026
C7 ? ? 0.39404(19) 0.46548(17) 0.39577(15) 1 0.0203(5)
H7A ? ? 0.4027 0.4523 0.3364 1 0.024
H7B ? ? 0.4473 0.5226 0.4198 1 0.024
C8 ? ? 0.27326(18) 0.49780(17) 0.39676(14) 1 0.0203(5)
H8A ? ? 0.2609 0.5007 0.4561 1 0.024
H8B ? ? 0.2572 0.5683 0.3706 1 0.024
C9 ? ? 0.08363(18) 0.42862(18) 0.35669(15) 1 0.0202(5)
H9A ? ? 0.0476 0.4910 0.3251 1 0.024
H9B ? ? 0.0784 0.4361 0.4174 1 0.024
C10 ? ? 0.02372(19) 0.32935(18) 0.31987(15) 1 0.0208(5)
H10A ? ? -0.0593 0.3350 0.3184 1 0.025
H10B ? ? 0.0352 0.3184 0.2608 1 0.025
O1 ? ? 0.07067(13) 0.24319(11) 0.37265(10) 1 0.0184(4)
O2 ? ? 0.23410(12) 0.09047(12) 0.36458(10) 1 0.0204(4)
O3 ? ? 0.44751(13) 0.15343(12) 0.47989(10) 1 0.0200(4)
O4 ? ? 0.41993(12) 0.37208(12) 0.44538(10) 1 0.0184(4)
O5 ? ? 0.20055(13) 0.42081(12) 0.34906(10) 1 0.0180(4)
Ni ? ? 0.25925(2) 0.24027(2) 0.140934(18) 1 0.01200(10)
O6 ? ? 0.28631(13) 0.25744(11) 0.27029(10) 1 0.0145(3)
H6C ? ? 0.2519(17) 0.3101(9) 0.2837(14) 1 0.022
H6D ? ? 0.2639(18) 0.2072(10) 0.2968(14) 1 0.022
O7 ? ? 0.24109(13) 0.21594(13) 0.01288(10) 1 0.0190(4)
H7C ? ? 0.1933(14) 0.2402(17) -0.0286(11) 1 0.028
H7D ? ? 0.2997(12) 0.2056(18) -0.0066(14) 1 0.028
O8 ? ? 0.13210(12) 0.13215(12) 0.14530(10) 1 0.0161(3)
H8C ? ? 0.1500(17) 0.0687(9) 0.1505(14) 1 0.024
H8D ? ? 0.0747(14) 0.1356(16) 0.1059(11) 1 0.024
O9 ? ? 0.37998(13) 0.12260(12) 0.15538(10) 1 0.0178(3)
H9C ? ? 0.3583(16) 0.0608(9) 0.1558(15) 1 0.027
H9D ? ? 0.4448(11) 0.1264(16) 0.1864(13) 1 0.027
O10 ? ? 0.38594(12) 0.34916(12) 0.13966(10) 1 0.0163(3)
H10C ? ? 0.3934(17) 0.3558(19) 0.0896(6) 1 0.024
H10D ? ? 0.4506(11) 0.3314(18) 0.1678(11) 1 0.024
O11 ? ? 0.14051(12) 0.35750(12) 0.12589(10) 1 0.0170(3)
H11C ? ? 0.1639(16) 0.4162(11) 0.1126(14) 1 0.025
H11D ? ? 0.0792(12) 0.3484(17) 0.0907(12) 1 0.025
N1 ? ? 0.65678(17) 0.22118(16) 0.24141(13) 1 0.0214(5)
O12 ? ? 0.59872(13) 0.14155(13) 0.25296(11) 1 0.0268(4)
O13 ? ? 0.76169(14) 0.21516(14) 0.25024(13) 1 0.0357(5)
O14 ? ? 0.60726(13) 0.30809(12) 0.22190(11) 1 0.0248(4)
N2 ? ? -0.10946(17) 0.22812(15) -0.00317(13) 1 0.0204(4)
O15 ? ? -0.05771(13) 0.14346(12) 0.01778(10) 1 0.0234(4)
O16 ? ? -0.20209(14) 0.22689(13) -0.05639(12) 1 0.0300(4)
O17 ? ? -0.07137(13) 0.31451(12) 0.02775(11) 1 0.0280(4)
O18 ? ? 0.23536(16) 0.54416(13) 0.09808(12) 1 0.0295(4)
H18C ? ? 0.262(2) 0.5620(19) 0.1493(7) 1 0.044
H18D ? ? 0.205(2) 0.5999(13) 0.0751(13) 1 0.044
O19 ? ? 0.25170(14) -0.05515(12) 0.16160(12) 1 0.0244(4)
H19C ? ? 0.240(2) -0.0924(16) 0.1178(8) 1 0.037
H19D ? ? 0.276(2) -0.0945(15) 0.2029(9) 1 0.037

hexaquanickel(II) nitrate (15-crown-5) monohydrate|?||||
C10 H34 N2 Ni O18
16.176(2) 16.514(2) 17.876(2) 90.00 106.420(10) 90.00
B21
C1_1 ? ? 0.04439(17) 0.18343(16) 0.05096(13) 1 0.0231(6)
H1A_1 ? ? 0.0051 0.1409 0.0218 1 0.028
H1B_1 ? ? 0.1041 0.1689 0.0521 1 0.028
C2_1 ? ? 0.02062(15) 0.26447(16) 0.01186(14) 1 0.0215(6)
H2A_1 ? ? 0.0074 0.2581 -0.0454 1 0.026
H2B_1 ? ? -0.0314 0.2859 0.0238 1 0.026
C3_1 ? ? 0.06835(16) 0.40306(16) 0.01996(13) 1 0.0229(6)
H3A_1 ? ? 0.0286 0.4060 -0.0335 1 0.027
H3B_1 ? ? 0.1211 0.4338 0.0205 1 0.027
C4_1 ? ? 0.02621(15) 0.44161(16) 0.07578(14) 1 0.0218(5)
H4A_1 ? ? 0.0133 0.4992 0.0618 1 0.026
H4B_1 ? ? -0.0285 0.4136 0.0735 1 0.026
C5_1 ? ? 0.05249(16) 0.47752(16) 0.20859(14) 1 0.0192(6)
H5A_1 ? ? -0.0096 0.4660 0.1997 1 0.023
H5B_1 ? ? 0.0596 0.5366 0.2036 1 0.023
C6_1 ? ? 0.10217(15) 0.44992(15) 0.28862(14) 1 0.0203(5)
H6A_1 ? ? 0.1648 0.4516 0.2941 1 0.024
H6B_1 ? ? 0.0902 0.4860 0.3285 1 0.024
C7_1 ? ? 0.13483(15) 0.32544(15) 0.36078(13) 1 0.0192(6)
H7A_1 ? ? 0.1342 0.3482 0.4118 1 0.023
H7B_1 ? ? 0.1941 0.3300 0.3559 1 0.023
C8_1 ? ? 0.10753(16) 0.23881(16) 0.35541(14) 1 0.0207(5)
H8A_1 ? ? 0.1428 0.2084 0.4011 1 0.025
H8B_1 ? ? 0.0463 0.2348 0.3550 1 0.025
C9_1 ? ? 0.06617(16) 0.13652(15) 0.25657(14) 1 0.0202(6)
H9A_1 ? ? 0.0059 0.1474 0.2562 1 0.024
H9B_1 ? ? 0.0873 0.0891 0.2904 1 0.024
C10_1 ? ? 0.07072(16) 0.12003(16) 0.17554(15) 1 0.0235(6)
H10A_1 ? ? 0.1312 0.1101 0.1759 1 0.028
H10B_1 ? ? 0.0363 0.0714 0.1543 1 0.028
O1_1 ? ? 0.03728(10) 0.18919(10) 0.12830(9) 1 0.0189(4)
O2_1 ? ? 0.09079(10) 0.32002(11) 0.03908(9) 1 0.0202(4)
O3_1 ? ? 0.08397(10) 0.43561(10) 0.15234(9) 1 0.0184(4)
O4_1 ? ? 0.07606(10) 0.36869(10) 0.29909(9) 1 0.0185(4)
O5_1 ? ? 0.11873(10) 0.20532(10) 0.28515(9) 1 0.0184(4)
Ni1_1 ? ? 0.325421(16) 0.301237(17) 0.198968(14) 1 0.00986(7)
O6_1 ? ? 0.20285(9) 0.30515(12) 0.20931(9) 1 0.0155(3)
H6C_1 ? ? 0.1676(12) 0.3409(10) 0.1890(14) 1 0.023
H6D_1 ? ? 0.1747(13) 0.2715(11) 0.2273(14) 1 0.023
O7_1 ? ? 0.44503(9) 0.30994(10) 0.18265(8) 1 0.0130(3)
H7C_1 ? ? 0.4853(11) 0.3179(14) 0.2228(8) 1 0.020
H7D_1 ? ? 0.4651(13) 0.2767(12) 0.1568(11) 1 0.020
O8_1 ? ? 0.27377(10) 0.32585(10) 0.08305(9) 1 0.0161(3)
H8C_1 ? ? 0.2209(6) 0.3210(14) 0.0650(13) 1 0.024
H8D_1 ? ? 0.2882(13) 0.3606(13) 0.0548(12) 1 0.024
O9_1 ? ? 0.34170(10) 0.42168(9) 0.23208(9) 1 0.0153(3)
H9C_1 ? ? 0.3136(14) 0.4515(13) 0.1966(9) 1 0.023
H9D_1 ? ? 0.3282(15) 0.4371(15) 0.2719(8) 1 0.023
O10_1 ? ? 0.37385(10) 0.26884(10) 0.31447(8) 1 0.0140(3)
H10C_1 ? ? 0.3700(15) 0.3042(9) 0.3478(11) 1 0.021
H10D_1 ? ? 0.3584(16) 0.2261(8) 0.3337(13) 1 0.021
O11_1 ? ? 0.32119(10) 0.18011(10) 0.17230(9) 1 0.0159(3)
H11C_1 ? ? 0.2959(15) 0.1557(14) 0.1999(10) 1 0.024
H11D_1 ? ? 0.3012(15) 0.1617(14) 0.1273(7) 1 0.024
N1_1 ? ? 0.32437(11) 0.43406(12) 0.43286(10) 1 0.0143(4)
O12_1 ? ? 0.35105(11) 0.36294(10) 0.43343(9) 1 0.0211(4)
O13_1 ? ? 0.30140(11) 0.45917(10) 0.49027(9) 1 0.0213(4)
O14_1 ? ? 0.31961(12) 0.47919(11) 0.37612(10) 1 0.0239(4)
N2_1 ? ? 0.28287(13) 0.08032(12) 0.34666(11) 1 0.0187(4)
O15_1 ? ? 0.27197(10) 0.07636(10) 0.27462(8) 1 0.0174(4)
O16_1 ? ? 0.24559(11) 0.03107(10) 0.37932(9) 1 0.0237(4)
O17_1 ? ? 0.33073(13) 0.13364(11) 0.38673(10) 1 0.0310(5)
O18_1 ? ? 0.2562(3) 0.1252(2) 0.02488(16) 0.809(9) 0.0294(9)
O18'_1 ? ? 0.2987(12) 0.1052(9) 0.0363(8) 0.191(9) 0.0294(9)
H18C_1 ? ? 0.2860(19) 0.1292(16) -0.0066(16) 1 0.044
H18D_1 ? ? 0.2439(19) 0.0758(8) 0.0235(17) 1 0.044
C1_2 ? ? 0.53107(16) 0.22805(16) 0.02330(13) 1 0.0214(5)
H1A_2 ? ? 0.4868 0.1961 -0.0149 1 0.026
H1B_2 ? ? 0.5884 0.2127 0.0183 1 0.026
C2_2 ? ? 0.51571(14) 0.31704(15) 0.00768(13) 1 0.0178(5)
H2A_2 ? ? 0.4993 0.3272 -0.0492 1 0.021
H2B_2 ? ? 0.4680 0.3356 0.0280 1 0.021
C3_2 ? ? 0.57909(16) 0.44617(15) 0.04688(14) 1 0.0230(6)
H3A_2 ? ? 0.5392 0.4636 -0.0034 1 0.028
H3B_2 ? ? 0.6347 0.4744 0.0535 1 0.028
C4_2 ? ? 0.54211(16) 0.47005(16) 0.11259(14) 1 0.0226(6)
H4A_2 ? ? 0.5373 0.5297 0.1149 1 0.027
H4B_2 ? ? 0.4839 0.4464 0.1040 1 0.027
C5_2 ? ? 0.57666(16) 0.46905(16) 0.25100(14) 1 0.0203(6)
H5A_2 ? ? 0.5136 0.4653 0.2426 1 0.024
H5B_2 ? ? 0.5939 0.5265 0.2608 1 0.024
C6_2 ? ? 0.62248(15) 0.41848(15) 0.31943(13) 1 0.0211(5)
H6A_2 ? ? 0.6837 0.4119 0.3208 1 0.025
H6B_2 ? ? 0.6201 0.4450 0.3684 1 0.025
C7_2 ? ? 0.63007(15) 0.27862(16) 0.36054(13) 1 0.0200(6)
H7A_2 ? ? 0.6296 0.2866 0.4153 1 0.024
H7B_2 ? ? 0.6906 0.2799 0.3586 1 0.024
C8_2 ? ? 0.58956(16) 0.19899(16) 0.33080(13) 1 0.0199(5)
H8A_2 ? ? 0.6157 0.1549 0.3674 1 0.024
H8B_2 ? ? 0.5269 0.2004 0.3250 1 0.024
C9_2 ? ? 0.55234(16) 0.12473(15) 0.20976(14) 1 0.0177(5)
H9A_2 ? ? 0.4917 0.1312 0.2104 1 0.021
H9B_2 ? ? 0.5725 0.0704 0.2304 1 0.021
C10_2 ? ? 0.55897(16) 0.13350(15) 0.12790(14) 1 0.0189(5)
H10A_2 ? ? 0.6197 0.1281 0.1273 1 0.023
H10B_2 ? ? 0.5245 0.0910 0.0940 1 0.023
O1_2 ? ? 0.52681(10) 0.21182(10) 0.10056(9) 1 0.0181(4)
O2_2 ? ? 0.59253(10) 0.36047(11) 0.04492(9) 1 0.0193(4)
O3_2 ? ? 0.59857(10) 0.44038(10) 0.18339(9) 1 0.0185(4)
O4_2 ? ? 0.58130(10) 0.34137(10) 0.31210(9) 1 0.0181(4)
O5_2 ? ? 0.60505(10) 0.18609(10) 0.25677(9) 1 0.0170(3)
Ni2_2 ? ? 0.825118(16) 0.297252(17) 0.196959(14) 1 0.00979(7)
O6_2 ? ? 0.70295(9) 0.30002(12) 0.20898(9) 1 0.0145(3)
H6C_2 ? ? 0.6706(13) 0.3395(9) 0.1940(14) 1 0.022
H6D_2 ? ? 0.6730(13) 0.2655(10) 0.2225(14) 1 0.022
O7_2 ? ? 0.94396(9) 0.30420(11) 0.17956(8) 1 0.0124(3)
H7C_2 ? ? 0.9844(11) 0.3188(13) 0.2183(9) 1 0.019
H7D_2 ? ? 0.9673(13) 0.2658(11) 0.1615(12) 1 0.019
O8_2 ? ? 0.77091(10) 0.32865(10) 0.08252(9) 1 0.0150(3)
H8C_2 ? ? 0.7180(6) 0.3368(14) 0.0701(14) 1 0.022
H8D_2 ? ? 0.7905(12) 0.3657(12) 0.0605(13) 1 0.022
O9_2 ? ? 0.84586(10) 0.41468(9) 0.23555(9) 1 0.0149(3)
H9C_2 ? ? 0.8200(15) 0.4487(12) 0.2029(9) 1 0.022
H9D_2 ? ? 0.8410(15) 0.4301(14) 0.2783(7) 1 0.022
O10_2 ? ? 0.87546(10) 0.26236(10) 0.31186(9) 1 0.0139(3)
H10C_2 ? ? 0.8635(15) 0.2965(10) 0.3426(12) 1 0.021
H10D_2 ? ? 0.8569(15) 0.2187(8) 0.3254(13) 1 0.021
O11_2 ? ? 0.81789(10) 0.17723(10) 0.16744(9) 1 0.0153(3)
H11C_2 ? ? 0.7946(15) 0.1490(14) 0.1951(10) 1 0.023
H11D_2 ? ? 0.7942(14) 0.1609(14) 0.1218(6) 1 0.023
N1_2 ? ? 0.83228(12) 0.42409(12) 0.43458(10) 1 0.0163(4)
O12_2 ? ? 0.82528(10) 0.34915(10) 0.42234(9) 1 0.0182(4)
O13_2 ? ? 0.81966(12) 0.45213(10) 0.49524(9) 1 0.0235(4)
O14_2 ? ? 0.85093(13) 0.46915(11) 0.38624(10) 1 0.0319(5)
N2_2 ? ? 0.76602(12) 0.08139(11) 0.33450(11) 1 0.0163(4)
O15_2 ? ? 0.75992(10) 0.07435(9) 0.26371(9) 1 0.0182(4)
O16_2 ? ? 0.72429(11) 0.03497(10) 0.36583(9) 1 0.0204(4)
O17_2 ? ? 0.81366(12) 0.13438(11) 0.37563(10) 1 0.0270(4)
O18_2 ? ? 0.74373(15) 0.11927(12) 0.02295(11) 1 0.0358(5)
H18C_2 ? ? 0.7836(16) 0.1172(17) -0.0001(19) 1 0.054
H18D_2 ? ? 0.7251(18) 0.0712(9) 0.0173(18) 1 0.054

hexaquanickel(II) nitrate (15-crown-5) monohydrate|?||||
C10 H34 N2 Ni O18
16.0360(10) 24.765(2) 10.1630(10) 89.710(10) 122.530(10) 83.580(10)
P-1
C1_1 ? ? 0.2790(4) 0.2665(2) 0.2989(6) 1 0.0313(12)
H1A_1 ? ? 0.2187 0.2567 0.2923 1 0.038
H1B_1 ? ? 0.2973 0.2401 0.2428 1 0.038
C2_1 ? ? 0.2581(4) 0.3233(2) 0.2257(6) 1 0.0302(12)
H2A_1 ? ? 0.3211 0.3359 0.2504 1 0.036
H2B_1 ? ? 0.2131 0.3239 0.1105 1 0.036
C3_1 ? ? 0.2076(4) 0.4152(2) 0.2534(6) 1 0.0311(12)
H3A_1 ? ? 0.1541 0.4359 0.2613 1 0.037
H3B_1 ? ? 0.1896 0.4211 0.1443 1 0.037
C4_1 ? ? 0.3031(4) 0.4368(2) 0.3603(6) 1 0.0307(13)
H4A_1 ? ? 0.3564 0.4182 0.3484 1 0.037
H4B_1 ? ? 0.2954 0.4763 0.3335 1 0.037
C5_1 ? ? 0.4170(4) 0.45132(19) 0.6273(6) 1 0.0278(12)
H5A_1 ? ? 0.4000 0.4913 0.6217 1 0.033
H5B_1 ? ? 0.4682 0.4440 0.6010 1 0.033
C6_1 ? ? 0.4572(4) 0.42710(18) 0.7893(6) 1 0.0279(12)
H6A_1 ? ? 0.5080 0.4484 0.8679 1 0.033
H6B_1 ? ? 0.4027 0.4276 0.8082 1 0.033
C7_1 ? ? 0.5212(4) 0.33931(19) 0.9340(6) 1 0.0272(12)
H7A_1 ? ? 0.4634 0.3449 0.9454 1 0.033
H7B_1 ? ? 0.5803 0.3494 1.0306 1 0.033
C8_1 ? ? 0.5404(4) 0.28075(19) 0.9077(6) 1 0.0282(12)
H8A_1 ? ? 0.5938 0.2761 0.8858 1 0.034
H8B_1 ? ? 0.5623 0.2571 1.0026 1 0.034
C9_1 ? ? 0.4647(4) 0.21859(19) 0.7091(6) 1 0.0281(12)
H9A_1 ? ? 0.4774 0.1854 0.7753 1 0.034
H9B_1 ? ? 0.5229 0.2198 0.7002 1 0.034
C10_1 ? ? 0.3723(4) 0.21719(18) 0.5500(6) 1 0.0261(12)
H10A_1 ? ? 0.3796 0.1842 0.5006 1 0.031
H10B_1 ? ? 0.3138 0.2164 0.5584 1 0.031
O1_1 ? ? 0.3591(2) 0.26482(12) 0.4585(4) 1 0.0266(8)
O2_1 ? ? 0.2120(2) 0.35837(13) 0.2873(4) 1 0.0295(8)
O3_1 ? ? 0.3299(2) 0.42777(12) 0.5185(4) 1 0.0245(8)
O4_1 ? ? 0.5012(2) 0.37206(12) 0.8018(4) 1 0.0252(8)
O5_1 ? ? 0.4504(2) 0.26596(12) 0.7782(4) 1 0.0227(7)
Ni1_1 ? ? 0.15027(4) 0.34278(2) 0.62164(7) 1 0.02277(16)
O6_1 ? ? 0.2848(2) 0.34488(13) 0.6480(4) 1 0.0263(8)
H6C_1 ? ? 0.291(3) 0.3683(14) 0.595(5) 1 0.039
H6D_1 ? ? 0.329(3) 0.3193(13) 0.671(6) 1 0.039
O7_1 ? ? 0.0096(2) 0.34550(13) 0.5774(4) 1 0.0249(8)
H7C_1 ? ? -0.022(3) 0.3197(15) 0.537(5) 1 0.037
H7D_1 ? ? -0.012(3) 0.3590(17) 0.630(5) 1 0.037
O8_1 ? ? 0.0817(3) 0.34957(18) 0.3832(4) 1 0.0432(10)
H8C_1 ? ? 0.119(3) 0.348(2) 0.348(6) 1 0.065
H8D_1 ? ? 0.033(3) 0.372(2) 0.321(6) 1 0.065
O9_1 ? ? 0.1420(4) 0.42601(16) 0.6349(6) 1 0.0561(13)
H9C_1 ? ? 0.089(3) 0.447(2) 0.582(6) 1 0.084
H9D_1 ? ? 0.160(5) 0.431(3) 0.729(3) 1 0.084
O10_1 ? ? 0.2212(2) 0.33229(15) 0.8613(4) 1 0.0303(8)
H10C_1 ? ? 0.254(3) 0.3576(12) 0.908(6) 1 0.045
H10D_1 ? ? 0.261(3) 0.3035(11) 0.906(6) 1 0.045
O11_1 ? ? 0.1580(2) 0.26040(13) 0.6186(4) 1 0.0261(8)
H11C_1 ? ? 0.134(3) 0.2432(17) 0.538(3) 1 0.039
H11D_1 ? ? 0.206(3) 0.2382(16) 0.688(4) 1 0.039
N1_1 ? ? 0.3843(3) 0.43690(18) 1.0881(5) 1 0.0305(10)
O12_1 ? ? 0.3816(3) 0.38606(14) 1.0931(4) 1 0.0342(9)
O13_1 ? ? 0.4425(3) 0.45868(14) 1.2100(4) 1 0.0344(9)
O14_1 ? ? 0.3269(3) 0.46528(16) 0.9633(4) 1 0.0472(11)
N2_1 ? ? 0.3915(3) 0.20732(17) 0.9679(5) 1 0.0293(10)
O15_1 ? ? 0.3209(3) 0.19180(13) 0.8469(4) 1 0.0286(8)
O16_1 ? ? 0.4752(3) 0.17882(13) 1.0371(4) 1 0.0329(9)
O17_1 ? ? 0.3794(3) 0.25089(14) 1.0224(4) 1 0.0356(9)
N3_1 ? ? -0.0710(8) 0.4708(4) 0.1906(13) 0.529(6) 0.0286(14)
O19_1 ? ? -0.0550(7) 0.4235(3) 0.1597(11) 0.529(6) 0.0384(17)
O20_1 ? ? -0.0306(18) 0.4818(8) 0.3291(12) 0.529(6) 0.035(3)
O21_1 ? ? -0.1278(7) 0.5067(4) 0.0813(10) 0.529(6) 0.0471(19)
N3'_1 ? ? -0.0693(9) 0.4817(4) 0.1946(14) 0.471(6) 0.0286(14)
O19'_1 ? ? -0.0807(8) 0.4482(4) 0.0964(12) 0.471(6) 0.0384(17)
O20'_1 ? ? -0.011(2) 0.4677(9) 0.3363(13) 0.471(6) 0.035(3)
O21'_1 ? ? -0.1168(8) 0.5289(4) 0.1504(12) 0.471(6) 0.0471(19)
O18_1 ? ? 0.1026(3) 0.20811(16) 0.3581(5) 1 0.0451(10)
H18C_1 ? ? 0.080(4) 0.194(2) 0.406(5) 1 0.068
H18D_1 ? ? 0.056(3) 0.207(3) 0.2636(19) 1 0.068
C1_2 ? ? 0.8302(4) 0.2537(2) 0.3078(6) 1 0.0300(12)
H1A_2 ? ? 0.7683 0.2445 0.2968 1 0.036
H1B_2 ? ? 0.8530 0.2254 0.2613 1 0.036
C2_2 ? ? 0.8106(4) 0.3084(2) 0.2261(6) 1 0.0307(12)
H2A_2 ? ? 0.8740 0.3196 0.2480 1 0.037
H2B_2 ? ? 0.7656 0.3068 0.1116 1 0.037
C3_2 ? ? 0.7742(4) 0.4017(2) 0.2496(6) 1 0.0349(13)
H3A_2 ? ? 0.7452 0.4092 0.1363 1 0.042
H3B_2 ? ? 0.8454 0.4070 0.3072 1 0.042
C4_2 ? ? 0.7195(4) 0.4393(2) 0.3013(6) 1 0.0323(13)
H4A_2 ? ? 0.7247 0.4774 0.2801 1 0.039
H4B_2 ? ? 0.6479 0.4346 0.2397 1 0.039
C5_2 ? ? 0.8431(4) 0.45550(19) 0.5653(6) 1 0.0280(12)
H5A_2 ? ? 0.8236 0.4954 0.5534 1 0.034
H5B_2 ? ? 0.8936 0.4478 0.5377 1 0.034
C6_2 ? ? 0.8864(4) 0.43424(19) 0.7320(6) 1 0.0288(12)
H6A_2 ? ? 0.9333 0.4583 0.8055 1 0.035
H6B_2 ? ? 0.8324 0.4332 0.7517 1 0.035
C7_2 ? ? 0.9661(4) 0.35126(19) 0.8967(6) 1 0.0288(12)
H7A_2 ? ? 0.9067 0.3484 0.9014 1 0.035
H7B_2 ? ? 1.0131 0.3704 0.9876 1 0.035
C8_2 ? ? 1.0152(3) 0.2957(2) 0.9001(6) 1 0.0268(12)
H8A_2 ? ? 1.0744 0.2988 0.8949 1 0.032
H8B_2 ? ? 1.0374 0.2743 0.9987 1 0.032
C9_2 ? ? 0.9881(4) 0.22267(19) 0.7336(6) 1 0.0274(12)
H9A_2 ? ? 1.0017 0.1907 0.8045 1 0.033
H9B_2 ? ? 1.0520 0.2296 0.7478 1 0.033
C10_2 ? ? 0.9169(4) 0.21163(19) 0.5684(6) 1 0.0271(12)
H10A_2 ? ? 0.9426 0.1776 0.5438 1 0.033
H10B_2 ? ? 0.8516 0.2071 0.5526 1 0.033
O1_2 ? ? 0.9051(2) 0.25586(13) 0.4684(4) 1 0.0259(8)
O2_2 ? ? 0.7652(2) 0.34684(13) 0.2813(4) 1 0.0279(8)
O3_2 ? ? 0.7580(2) 0.42952(13) 0.4644(4) 1 0.0271(8)
O4_2 ? ? 0.9376(2) 0.38054(13) 0.7545(4) 1 0.0290(8)
O5_2 ? ? 0.9450(2) 0.26934(12) 0.7696(4) 1 0.0226(7)
Ni2_2 ? ? 0.62237(4) 0.32005(2) 0.54131(7) 1 0.01885(15)
O6_2 ? ? 0.7467(2) 0.30770(14) 0.5296(4) 1 0.0244(8)
H6C_2 ? ? 0.8080(17) 0.304(2) 0.603(3) 1 0.037
H6D_2 ? ? 0.749(3) 0.319(2) 0.453(3) 1 0.037
O7_2 ? ? 0.4962(2) 0.33451(13) 0.5435(4) 1 0.0213(7)
H7C_2 ? ? 0.505(3) 0.3432(19) 0.629(3) 1 0.032
H7D_2 ? ? 0.451(3) 0.3149(17) 0.510(5) 1 0.032
O8_2 ? ? 0.5373(2) 0.30468(14) 0.3082(4) 1 0.0292(8)
H8C_2 ? ? 0.498(3) 0.3301(12) 0.248(5) 1 0.044
H8D_2 ? ? 0.519(4) 0.2759(10) 0.270(5) 1 0.044
O9_2 ? ? 0.6033(2) 0.40150(13) 0.4837(4) 1 0.0253(8)
H9C_2 ? ? 0.556(2) 0.4151(19) 0.394(3) 1 0.038
H9D_2 ? ? 0.653(2) 0.4122(19) 0.492(5) 1 0.038
O10_2 ? ? 0.7059(2) 0.33529(13) 0.7716(4) 1 0.0279(8)
H10C_2 ? ? 0.749(3) 0.3127(14) 0.841(4) 1 0.042
H10D_2 ? ? 0.706(4) 0.3643(11) 0.814(5) 1 0.042
O11_2 ? ? 0.6428(2) 0.24089(12) 0.6165(4) 1 0.0238(7)
H11C_2 ? ? 0.699(2) 0.2215(17) 0.674(4) 1 0.036
H11D_2 ? ? 0.612(3) 0.2243(17) 0.536(3) 1 0.036
N1_2 ? ? 0.8786(3) 0.20335(16) 0.9464(5) 1 0.0238(9)
O12_2 ? ? 0.8294(2) 0.18434(12) 0.8163(4) 1 0.0253(8)
O13_2 ? ? 0.9631(3) 0.17879(13) 1.0491(4) 1 0.0342(9)
O14_2 ? ? 0.8467(3) 0.24665(13) 0.9771(4) 1 0.0341(9)
N2_2 ? ? 0.5444(3) 0.14610(16) 0.3622(5) 1 0.0279(10)
O15_2 ? ? 0.5035(3) 0.18818(14) 0.3853(4) 1 0.0401(10)
O16_2 ? ? 0.4926(2) 0.10942(13) 0.2896(4) 1 0.0259(8)
O17_2 ? ? 0.6350(2) 0.14147(15) 0.4125(4) 1 0.0373(9)
O18_2 ? ? 0.7175(3) 0.43898(14) 0.8631(4) 1 0.0364(9)
H18C_2 ? ? 0.7697(19) 0.449(2) 0.937(5) 1 0.055
H18D_2 ? ? 0.672(2) 0.4630(16) 0.849(6) 1 0.055
C1_3 ? ? 0.3655(3) 0.02904(19) 0.3486(6) 1 0.0249(11)
H1A_3 ? ? 0.3905 0.0438 0.4519 1 0.030
H1B_3 ? ? 0.4089 0.0376 0.3119 1 0.030
C2_3 ? ? 0.3677(4) -0.03137(19) 0.3629(6) 1 0.0267(11)
H2A_3 ? ? 0.4308 -0.0478 0.4583 1 0.032
H2B_3 ? ? 0.3114 -0.0398 0.3704 1 0.032
C3_3 ? ? 0.3374(4) -0.10797(18) 0.2083(6) 1 0.0280(12)
H3A_3 ? ? 0.2786 -0.1107 0.2148 1 0.034
H3B_3 ? ? 0.3947 -0.1328 0.2929 1 0.034
C4_3 ? ? 0.3164(4) -0.1238(2) 0.0541(6) 1 0.0286(12)
H4A_3 ? ? 0.3729 -0.1180 0.0439 1 0.034
H4B_3 ? ? 0.3080 -0.1629 0.0442 1 0.034
C5_3 ? ? 0.2147(4) -0.0882(2) -0.2158(6) 1 0.0305(12)
H5A_3 ? ? 0.1912 -0.1218 -0.2685 1 0.037
H5B_3 ? ? 0.2791 -0.0843 -0.2041 1 0.037
C6_3 ? ? 0.1388(4) -0.03938(19) -0.3110(6) 1 0.0281(12)
H6A_3 ? ? 0.1260 -0.0369 -0.4178 1 0.034
H6B_3 ? ? 0.0751 -0.0425 -0.3196 1 0.034
C7_3 ? ? 0.1114(3) 0.05682(19) -0.3062(6) 1 0.0244(11)
H7A_3 ? ? 0.0497 0.0548 -0.3075 1 0.029
H7B_3 ? ? 0.0932 0.0624 -0.4156 1 0.029
C8_3 ? ? 0.1625(4) 0.10310(19) -0.2146(6) 1 0.0246(11)
H8A_3 ? ? 0.2308 0.1002 -0.1935 1 0.030
H8B_3 ? ? 0.1250 0.1383 -0.2754 1 0.030
C9_3 ? ? 0.2522(4) 0.1225(2) 0.0562(6) 1 0.0267(12)
H9A_3 ? ? 0.2459 0.1624 0.0353 1 0.032
H9B_3 ? ? 0.3145 0.1052 0.0672 1 0.032
C10_3 ? ? 0.2545(4) 0.11071(18) 0.2022(6) 1 0.0256(11)
H10A_3 ? ? 0.3110 0.1263 0.2903 1 0.031
H10B_3 ? ? 0.1921 0.1287 0.1898 1 0.031
O1_3 ? ? 0.2650(2) 0.05326(12) 0.2394(4) 1 0.0261(8)
O2_3 ? ? 0.3597(2) -0.05312(12) 0.2262(4) 1 0.0246(8)
O3_3 ? ? 0.2268(2) -0.09107(13) -0.0662(4) 1 0.0275(8)
O4_3 ? ? 0.1788(2) 0.00773(13) -0.2328(4) 1 0.0268(8)
O5_3 ? ? 0.1670(2) 0.10086(13) -0.0709(4) 1 0.0239(8)
Ni3_3 ? ? 0.0000 0.0000 0.0000 1 0.0171(2)
O6_3 ? ? 0.1414(2) -0.01993(13) 0.0544(4) 1 0.0223(7)
H6C_3 ? ? 0.180(3) 0.0034(15) 0.099(5) 1 0.033
H6D_3 ? ? 0.162(3) -0.0369(16) 0.007(5) 1 0.033
O8_3 ? ? -0.0094(2) -0.08018(12) 0.0401(4) 1 0.0229(7)
H8C_3 ? ? -0.059(2) -0.0863(17) 0.042(6) 1 0.034
H8D_3 ? ? 0.008(3) -0.1090(13) 0.014(6) 1 0.034
O9_3 ? ? -0.0544(2) -0.00654(13) -0.2317(4) 1 0.0214(7)
H9C_3 ? ? -0.082(3) -0.0344(10) -0.272(5) 1 0.032
H9D_3 ? ? -0.097(3) 0.0195(11) -0.289(5) 1 0.032
Ni4_3 ? ? 0.5000 0.0000 0.0000 1 0.0182(2)
O7_3 ? ? 0.6242(2) -0.00758(13) -0.0129(4) 1 0.0236(8)
H7C_3 ? ? 0.680(2) -0.005(2) 0.069(3) 1 0.035
H7D_3 ? ? 0.622(3) 0.0122(17) -0.082(4) 1 0.035
O10_3 ? ? 0.4206(3) -0.02794(15) -0.2143(4) 1 0.0361(9)
H10C_3 ? ? 0.373(3) -0.0094(18) -0.294(4) 1 0.054
H10D_3 ? ? 0.436(4) -0.0549(14) -0.251(5) 1 0.054
O11_3 ? ? 0.4580(2) 0.07835(12) -0.1048(4) 1 0.0246(8)
H11C_3 ? ? 0.413(3) 0.0858(18) -0.199(2) 1 0.037
H11D_3 ? ? 0.461(3) 0.1075(13) -0.062(4) 1 0.037
N1_3 ? ? 0.2312(3) 0.07350(16) 0.5055(5) 1 0.0240(9)
O12_3 ? ? 0.2489(2) 0.02283(13) 0.5351(4) 1 0.0283(8)
O13_3 ? ? 0.2959(3) 0.10350(14) 0.5829(4) 1 0.0330(9)
O14_3 ? ? 0.1451(2) 0.09433(13) 0.3932(4) 1 0.0262(8)
O18_3 ? ? 0.1601(3) -0.09401(13) 0.3819(4) 1 0.0285(8)
H18C_3 ? ? 0.2216(10) -0.1029(19) 0.439(4) 1 0.043
H18D_3 ? ? 0.141(3) -0.1126(18) 0.306(4) 1 0.043

hexaaquanickel(II) nitrate (15-crown-5) trans-tetraaquadimethanolnickel(II) nitrate (15-crown-5)|?||||
C22 H68 N4 Ni2 O34
16.2410(10) 15.4810(10) 10.4290(10) 90.00 120.750(10) 90.00
P21/n
C1 ? ? 0.2556(5) -0.1809(4) -0.0093(5) 0.575(3) 0.0224(11)
H1A ? ? 0.2080 -0.2076 0.0110 0.575(3) 0.027
H1B ? ? 0.3047 -0.2247 0.0082 0.575(3) 0.027
C2 ? ? 0.2074(7) -0.1493(5) -0.1673(6) 0.575(3) 0.0222(12)
H2A ? ? 0.2541 -0.1187 -0.1853 0.575(3) 0.027
H2B ? ? 0.1808 -0.1986 -0.2373 0.575(3) 0.027
C3 ? ? 0.0934(4) -0.0406(5) -0.3240(9) 0.575(3) 0.0290(14)
H3A ? ? 0.0273 -0.0241 -0.3523 0.575(3) 0.035
H3B ? ? 0.0886 -0.0779 -0.4046 0.575(3) 0.035
C10 ? ? 0.3189(4) -0.1213(4) 0.2342(5) 0.575(3) 0.0301(12)
H10A ? ? 0.3567 -0.1747 0.2769 0.575(3) 0.036
H10B ? ? 0.2584 -0.1264 0.2351 0.575(3) 0.036
O1 ? ? 0.29969(19) -0.10765(17) 0.0869(3) 0.575(3) 0.0243(8)
O2 ? ? 0.13244(19) -0.09210(16) -0.1901(3) 0.575(3) 0.0212(7)
C1' ? ? 0.2800(7) -0.1722(7) 0.0399(8) 0.425(3) 0.0224(11)
H1'1 ? ? 0.2932 -0.2343 0.0643 0.425(3) 0.027
H1'2 ? ? 0.3415 -0.1425 0.0710 0.425(3) 0.027
C2' ? ? 0.2121(10) -0.1605(6) -0.1250(9) 0.425(3) 0.0222(12)
H2'1 ? ? 0.2353 -0.1933 -0.1819 0.425(3) 0.027
H2'2 ? ? 0.1478 -0.1825 -0.1530 0.425(3) 0.027
C3' ? ? 0.1222(7) -0.0493(6) -0.3006(12) 0.425(3) 0.0290(14)
H3'1 ? ? 0.0634 -0.0519 -0.2945 0.425(3) 0.035
H3'2 ? ? 0.1152 -0.0878 -0.3813 0.425(3) 0.035
C10' ? ? 0.3005(5) -0.1207(5) 0.2723(7) 0.425(3) 0.0301(12)
H10C ? ? 0.3371 -0.1746 0.3156 0.425(3) 0.036
H10D ? ? 0.2617 -0.1107 0.3195 0.425(3) 0.036
O1' ? ? 0.2353(2) -0.1356(2) 0.1156(4) 0.425(3) 0.0206(10)
O2' ? ? 0.2069(3) -0.0695(2) -0.1594(4) 0.425(3) 0.0233(10)
C4 ? ? 0.14547(18) 0.03982(17) -0.3203(3) 1 0.0309(6)
H4A ? ? 0.2113 0.0253 -0.2957 1 0.037
H4B ? ? 0.1120 0.0681 -0.4194 1 0.037
C5 ? ? 0.19807(16) 0.17591(15) -0.1985(2) 1 0.0229(5)
H5A ? ? 0.1561 0.2150 -0.2819 1 0.028
H5B ? ? 0.2563 0.1639 -0.2033 1 0.028
C6 ? ? 0.22495(15) 0.21744(15) -0.0523(2) 1 0.0207(5)
H6A ? ? 0.2495 0.2766 -0.0477 1 0.025
H6B ? ? 0.1683 0.2212 -0.0405 1 0.025
C7 ? ? 0.31257(15) 0.18047(14) 0.2085(2) 1 0.0183(5)
H7A ? ? 0.2505 0.1824 0.2050 1 0.022
H7B ? ? 0.3456 0.2364 0.2476 1 0.022
C8 ? ? 0.37293(15) 0.10806(14) 0.3069(2) 1 0.0211(5)
H8A ? ? 0.4313 0.1015 0.3002 1 0.025
H8B ? ? 0.3928 0.1204 0.4120 1 0.025
C9 ? ? 0.37305(16) -0.04593(15) 0.3188(3) 1 0.0264(6)
H9A ? ? 0.3910 -0.0524 0.4244 1 0.032
H9B ? ? 0.4326 -0.0413 0.3153 1 0.032
O3 ? ? 0.14881(10) 0.09710(10) -0.21010(16) 1 0.0210(4)
O4 ? ? 0.29728(10) 0.16516(9) 0.06293(15) 1 0.0178(3)
O5 ? ? 0.31728(10) 0.03030(10) 0.25838(16) 1 0.0211(4)
Ni1 ? ? 0.5000 0.0000 0.0000 1 0.01354(11)
O7 ? ? 0.62612(11) -0.02569(11) 0.00679(19) 1 0.0242(4)
H7C ? ? 0.6421(17) -0.0696(11) -0.022(3) 1 0.036
H7D ? ? 0.6614(16) 0.0121(12) 0.017(3) 1 0.036
O8 ? ? 0.42130(12) -0.07295(11) -0.18908(17) 1 0.0248(4)
H8C ? ? 0.3871(15) -0.0493(14) -0.271(2) 1 0.037
H8D ? ? 0.4431(17) -0.1166(12) -0.203(3) 1 0.037
O9 ? ? 0.51406(11) -0.10859(10) 0.12079(17) 1 0.0200(3)
H9C ? ? 0.5175(16) -0.1557(12) 0.084(2) 1 0.030
H9D ? ? 0.5602(14) -0.1092(14) 0.2100(17) 1 0.030
Ni2 ? ? 0.0000 0.0000 0.0000 1 0.01295(11)
O6 ? ? 0.12290(10) 0.05293(10) 0.02445(17) 1 0.0183(3)
H6C ? ? 0.1270(15) 0.0663(14) -0.0502(18) 1 0.027
H6D ? ? 0.1757(12) 0.0367(15) 0.0895(19) 1 0.027
O10 ? ? 0.06786(12) -0.02105(11) 0.22246(17) 1 0.0253(4)
H10E ? ? 0.1105(16) 0.0132(12) 0.282(2) 1 0.038
H10F ? ? 0.0745(17) -0.0677(11) 0.263(3) 1 0.038
O11 ? ? 0.04652(11) -0.11770(10) -0.03048(18) 1 0.0219(4)
H11D ? ? 0.0753(16) -0.1081(16) -0.069(3) 1 0.033
C11 ? ? -0.00716(16) -0.19561(14) -0.0769(3) 1 0.0262(6)
H11A ? ? -0.0176 -0.2165 0.0024 1 0.039
H11B ? ? 0.0282 -0.2392 -0.0977 1 0.039
H11C ? ? -0.0691 -0.1849 -0.1674 1 0.039
N1 ? ? 0.46460(13) 0.27268(12) 0.1179(2) 1 0.0210(4)
O12 ? ? 0.46900(12) 0.25755(10) 0.00340(17) 1 0.0316(4)
O13 ? ? 0.41547(10) 0.33478(9) 0.11782(16) 1 0.0247(4)
O14 ? ? 0.50915(10) 0.22561(10) 0.23208(16) 1 0.0208(3)
N2 ? ? 0.72821(13) -0.07374(13) 0.48854(19) 1 0.0209(4)
O15 ? ? 0.66587(11) -0.12709(10) 0.40313(17) 1 0.0290(4)
O16 ? ? 0.80361(11) -0.10068(10) 0.60019(16) 1 0.0241(4)
O17 ? ? 0.71584(13) 0.00565(9) 0.46263(18) 1 0.0232(4)

cis-tetraaquadinitratonickel(II) (15-crown-5) trans-tetraaquadinitratonickel(II) (15-crown-5)|?||||
C20 H56 N4 Ni2 O30
15.3520(10) 16.2780(10) 30.716(2) 90.00 90.00 90.00
Pbca
C1_1 ? ? 0.14539(15) 0.16617(14) 0.06705(7) 1 0.0195(6)
H1A_1 ? ? 0.0817 0.1754 0.0665 1 0.023
H1B_1 ? ? 0.1622 0.1493 0.0969 1 0.023
C2_1 ? ? 0.16971(15) 0.10065(15) 0.03516(8) 1 0.0203(6)
H2A_1 ? ? 0.1339 0.0509 0.0401 1 0.024
H2B_1 ? ? 0.1594 0.1201 0.0051 1 0.024
C3_1 ? ? 0.29823(14) 0.04043(14) 0.00473(7) 1 0.0151(5)
H3A_1 ? ? 0.2798 0.0671 -0.0227 1 0.018
H3B_1 ? ? 0.2790 -0.0176 0.0041 1 0.018
C4_1 ? ? 0.39568(15) 0.04472(13) 0.00931(7) 1 0.0145(5)
H4A_1 ? ? 0.4140 0.0196 0.0372 1 0.017
H4B_1 ? ? 0.4241 0.0145 -0.0148 1 0.017
C5_1 ? ? 0.50952(14) 0.14529(13) 0.01824(7) 1 0.0144(5)
H5A_1 ? ? 0.5474 0.1262 -0.0058 1 0.017
H5B_1 ? ? 0.5265 0.1159 0.0452 1 0.017
C6_1 ? ? 0.51933(15) 0.23604(14) 0.02440(7) 1 0.0147(5)
H6A_1 ? ? 0.5814 0.2500 0.0292 1 0.018
H6B_1 ? ? 0.4989 0.2654 -0.0019 1 0.018
C7_1 ? ? 0.45482(16) 0.34689(13) 0.06255(8) 1 0.0187(5)
H7A_1 ? ? 0.4221 0.3645 0.0364 1 0.022
H7B_1 ? ? 0.5114 0.3760 0.0629 1 0.022
C8_1 ? ? 0.40388(15) 0.36749(14) 0.10302(8) 1 0.0187(5)
H8A_1 ? ? 0.4391 0.3532 0.1290 1 0.022
H8B_1 ? ? 0.3926 0.4274 0.1038 1 0.022
C9_1 ? ? 0.25254(15) 0.36402(14) 0.08258(7) 1 0.0190(5)
H9A_1 ? ? 0.2690 0.3752 0.0520 1 0.023
H9B_1 ? ? 0.2383 0.4169 0.0969 1 0.023
C10_1 ? ? 0.17564(15) 0.30740(15) 0.08417(7) 1 0.0199(6)
H10A_1 ? ? 0.1674 0.2868 0.1142 1 0.024
H10B_1 ? ? 0.1223 0.3374 0.0755 1 0.024
O1_1 ? ? 0.19023(10) 0.23990(10) 0.05517(5) 1 0.0193(4)
O2_1 ? ? 0.26007(9) 0.08184(9) 0.04116(5) 1 0.0160(4)
O4_1 ? ? 0.46875(10) 0.26024(9) 0.06134(5) 1 0.0141(3)
O3_1 ? ? 0.42025(9) 0.12940(9) 0.00819(5) 1 0.0134(3)
O5_1 ? ? 0.32250(10) 0.32442(9) 0.10487(5) 1 0.0160(4)
Ni1_1 ? ? 0.387899(18) 0.120446(17) 0.168692(8) 1 0.01125(8)
O6_1 ? ? 0.39832(10) 0.11150(10) 0.23501(5) 1 0.0134(3)
H6C_1 ? ? 0.3598(12) 0.0916(13) 0.2494(7) 1 0.020
H6D_1 ? ? 0.4228(13) 0.1474(12) 0.2486(7) 1 0.020
O7_1 ? ? 0.38128(10) 0.13049(10) 0.10288(5) 1 0.0143(4)
H7C_1 ? ? 0.3369(12) 0.1189(14) 0.0897(7) 1 0.021
H7D_1 ? ? 0.4020(14) 0.1724(11) 0.0918(7) 1 0.021
O9_1 ? ? 0.46923(11) 0.02073(9) 0.16578(5) 1 0.0157(4)
H9C_1 ? ? 0.4894(14) 0.0105(14) 0.1421(6) 1 0.024
H9D_1 ? ? 0.4347(13) -0.0179(12) 0.1713(7) 1 0.024
O11_1 ? ? 0.30554(10) 0.21920(9) 0.17369(5) 1 0.0137(3)
H11C_1 ? ? 0.3071(15) 0.2517(13) 0.1529(5) 1 0.021
H11D_1 ? ? 0.3203(15) 0.2485(13) 0.1951(5) 1 0.021
N1_1 ? ? 0.55316(12) 0.21331(12) 0.14650(6) 1 0.0148(4)
O10_1 ? ? 0.48648(9) 0.20875(9) 0.17088(5) 1 0.0139(3)
O12_1 ? ? 0.57758(10) 0.15271(9) 0.12493(5) 1 0.0157(4)
O13_1 ? ? 0.59262(10) 0.28071(9) 0.14543(5) 1 0.0181(4)
N2_1 ? ? 0.26347(13) -0.02339(11) 0.18283(6) 1 0.0167(4)
O8_1 ? ? 0.27490(10) 0.05012(9) 0.16881(5) 1 0.0164(4)
O14_1 ? ? 0.32834(11) -0.06858(10) 0.18961(6) 1 0.0265(4)
O15_1 ? ? 0.18864(10) -0.04778(10) 0.18921(5) 1 0.0232(4)
C1_2 ? ? 0.16985(15) 0.13064(14) 0.26939(7) 1 0.0168(5)
H1A_2 ? ? 0.1866 0.1203 0.2388 1 0.020
H1B_2 ? ? 0.1069 0.1436 0.2703 1 0.020
C2_2 ? ? 0.18859(14) 0.05635(14) 0.29668(7) 1 0.0168(5)
H2A_2 ? ? 0.1765 0.0685 0.3277 1 0.020
H2B_2 ? ? 0.1507 0.0102 0.2875 1 0.020
C3_2 ? ? 0.31373(15) -0.01046(14) 0.32739(7) 1 0.0164(5)
H3A_2 ? ? 0.2948 -0.0685 0.3260 1 0.020
H3B_2 ? ? 0.2925 0.0134 0.3551 1 0.020
C4_2 ? ? 0.41098(15) -0.00585(13) 0.32567(7) 1 0.0178(5)
H4A_2 ? ? 0.4368 -0.0415 0.3484 1 0.021
H4B_2 ? ? 0.4322 -0.0246 0.2969 1 0.021
C5_2 ? ? 0.52594(14) 0.09339(14) 0.32642(7) 1 0.0162(5)
H5A_2 ? ? 0.5452 0.0705 0.2981 1 0.019
H5B_2 ? ? 0.5605 0.0673 0.3499 1 0.019
C6_2 ? ? 0.53881(15) 0.18459(14) 0.32709(7) 1 0.0150(5)
H6A_2 ? ? 0.5140 0.2079 0.3542 1 0.018
H6B_2 ? ? 0.6018 0.1976 0.3263 1 0.018
C7_2 ? ? 0.48296(15) 0.30636(14) 0.29414(7) 1 0.0171(5)
H7A_2 ? ? 0.5395 0.3350 0.2971 1 0.021
H7B_2 ? ? 0.4474 0.3183 0.3203 1 0.021
C8_2 ? ? 0.43624(14) 0.33491(13) 0.25355(7) 1 0.0166(5)
H8A_2 ? ? 0.4258 0.3948 0.2555 1 0.020
H8B_2 ? ? 0.4737 0.3247 0.2279 1 0.020
C9_2 ? ? 0.28370(14) 0.32793(14) 0.27203(7) 1 0.0160(5)
H9A_2 ? ? 0.2716 0.3845 0.2619 1 0.019
H9B_2 ? ? 0.2986 0.3301 0.3034 1 0.019
C10_2 ? ? 0.20495(14) 0.27471(13) 0.26520(7) 1 0.0162(5)
H10A_2 ? ? 0.1526 0.3019 0.2773 1 0.019
H10B_2 ? ? 0.1954 0.2655 0.2337 1 0.019
O1_2 ? ? 0.21936(10) 0.19793(9) 0.28671(5) 1 0.0170(4)
O2_2 ? ? 0.27822(10) 0.03428(9) 0.29129(5) 1 0.0148(3)
O3_2 ? ? 0.43523(9) 0.07774(9) 0.33284(5) 1 0.0143(3)
O4_2 ? ? 0.49642(10) 0.21979(9) 0.28999(5) 1 0.0147(4)
O5_2 ? ? 0.35481(10) 0.29357(9) 0.24779(5) 1 0.0152(3)
Ni2_2 ? ? 0.310559(18) 0.224144(17) 0.424075(9) 1 0.01100(8)
O6_2 ? ? 0.31286(10) 0.24637(10) 0.48896(5) 1 0.0142(3)
H6C_2 ? ? 0.2689(11) 0.2481(14) 0.5040(7) 1 0.021
H6D_2 ? ? 0.3441(13) 0.2865(12) 0.4962(7) 1 0.021
O7_2 ? ? 0.31825(11) 0.19572(10) 0.35948(5) 1 0.0165(4)
H7C_2 ? ? 0.2802(12) 0.1986(14) 0.3402(7) 1 0.025
H7D_2 ? ? 0.3539(13) 0.1613(13) 0.3528(7) 1 0.025
O8_2 ? ? 0.21410(10) 0.13883(10) 0.43534(5) 1 0.0157(4)
H8C_2 ? ? 0.2414(14) 0.0947(11) 0.4327(7) 1 0.024
H8D_2 ? ? 0.1763(13) 0.1397(14) 0.4160(7) 1 0.024
O11_2 ? ? 0.21665(11) 0.31105(10) 0.41521(5) 1 0.0162(4)
H11C_2 ? ? 0.1788(13) 0.3011(13) 0.3963(7) 1 0.024
H11D_2 ? ? 0.2432(14) 0.3516(12) 0.4071(7) 1 0.024
N1_2 ? ? 0.41446(13) 0.38312(12) 0.40661(6) 1 0.0149(4)
O10_2 ? ? 0.41505(10) 0.30683(9) 0.41585(5) 1 0.0140(3)
O12_2 ? ? 0.48439(10) 0.42195(9) 0.40797(5) 1 0.0181(4)
O13_2 ? ? 0.34503(11) 0.41863(10) 0.39621(6) 1 0.0262(4)
N2_2 ? ? 0.41339(13) 0.06660(12) 0.43212(6) 1 0.0166(4)
O9_2 ? ? 0.41386(9) 0.14503(9) 0.43280(5) 1 0.0140(3)
O14_2 ? ? 0.48365(10) 0.02978(10) 0.43117(6) 1 0.0246(4)
O15_2 ? ? 0.34260(10) 0.02762(9) 0.43221(5) 1 0.0193(4)

acetonitrilediaquadinitratonickel(II) (15-crown-5) acetonitrile solvate|?||||
C14 H30 N4 Ni O13
12.1440(10) 12.1370(10) 16.0390(10) 90.120(10) 105.470(10) 90.040(10)
P-1
C1_1 ? ? 0.0603(3) 0.1550(3) 0.3048(3) 1 0.0239(10)
H1A_1 ? ? 0.0622 0.1688 0.2443 1 0.029
H1B_1 ? ? -0.0196 0.1394 0.3051 1 0.029
C2_1 ? ? 0.1352(3) 0.0590(4) 0.3411(3) 1 0.0242(11)
H2A_1 ? ? 0.1343 0.0456 0.4017 1 0.029
H2B_1 ? ? 0.1078 -0.0083 0.3068 1 0.029
C3_1 ? ? 0.3322(3) 0.0048(3) 0.3745(3) 1 0.0250(10)
H3A_1 ? ? 0.3222 -0.0611 0.3368 1 0.030
H3B_1 ? ? 0.3231 -0.0177 0.4316 1 0.030
C4_1 ? ? 0.4484(3) 0.0530(3) 0.3849(3) 1 0.0211(10)
H4A_1 ? ? 0.5068 -0.0059 0.3989 1 0.025
H4B_1 ? ? 0.4526 0.0885 0.3303 1 0.025
C5_1 ? ? 0.5705(3) 0.1978(3) 0.4632(2) 1 0.0194(9)
H5A_1 ? ? 0.6282 0.1537 0.4443 1 0.023
H5B_1 ? ? 0.6026 0.2163 0.5251 1 0.023
C6_1 ? ? 0.5479(3) 0.3024(3) 0.4115(2) 1 0.0198(9)
H6A_1 ? ? 0.6191 0.3459 0.4204 1 0.024
H6B_1 ? ? 0.5188 0.2853 0.3491 1 0.024
C7_1 ? ? 0.4349(3) 0.4646(3) 0.3965(3) 1 0.0214(10)
H7A_1 ? ? 0.4283 0.4555 0.3340 1 0.026
H7B_1 ? ? 0.4940 0.5211 0.4201 1 0.026
C8_1 ? ? 0.3226(3) 0.4990(3) 0.4101(2) 1 0.0219(10)
H8A_1 ? ? 0.3211 0.4837 0.4704 1 0.026
H8B_1 ? ? 0.3108 0.5790 0.3994 1 0.026
C9_1 ? ? 0.1248(3) 0.4424(4) 0.3682(3) 1 0.0225(11)
H9A_1 ? ? 0.0877 0.5141 0.3494 1 0.027
H9B_1 ? ? 0.1330 0.4339 0.4310 1 0.027
C10_1 ? ? 0.0546(3) 0.3509(3) 0.3192(3) 1 0.0218(10)
H10A_1 ? ? -0.0256 0.3577 0.3220 1 0.026
H10B_1 ? ? 0.0558 0.3531 0.2578 1 0.026
O1_1 ? ? 0.10252(19) 0.2501(2) 0.35782(15) 1 0.0199(6)
O2_1 ? ? 0.2488(2) 0.0858(2) 0.33695(17) 1 0.0187(6)
O3_1 ? ? 0.4696(2) 0.1332(2) 0.45365(16) 1 0.0198(6)
O4_1 ? ? 0.4652(2) 0.3627(2) 0.44052(17) 1 0.0203(7)
O5_1 ? ? 0.2342(2) 0.4378(2) 0.35084(17) 1 0.0217(7)
Ni1_1 ? ? 0.30366(4) 0.26565(4) 0.13580(3) 1 0.01610(12)
O6_1 ? ? 0.3049(2) 0.2687(2) 0.26255(16) 1 0.0164(6)
H6C_1 ? ? 0.291(3) 0.2058(15) 0.277(2) 1 0.025
H6D_1 ? ? 0.270(3) 0.311(2) 0.289(2) 1 0.025
O7_1 ? ? 0.29221(19) 0.2614(3) 0.00815(15) 1 0.0261(7)
H7C_1 ? ? 0.3478(18) 0.271(3) -0.011(2) 1 0.039
H7D_1 ? ? 0.2352(18) 0.252(4) -0.0330(17) 1 0.039
N1_1 ? ? 0.2200(3) 0.0417(3) 0.1387(2) 1 0.0255(9)
O8_1 ? ? 0.3104(2) 0.0977(2) 0.14659(16) 1 0.0248(6)
O9_1 ? ? 0.1251(2) 0.0865(2) 0.11432(16) 1 0.0348(7)
O10_1 ? ? 0.2264(2) -0.0576(2) 0.15822(17) 1 0.0331(7)
N2_1 ? ? 0.1861(3) 0.4366(3) 0.1186(2) 1 0.0274(9)
O11_1 ? ? 0.2950(2) 0.4387(2) 0.13714(19) 1 0.0219(6)
O12_1 ? ? 0.1393(2) 0.3419(2) 0.10731(18) 1 0.0253(7)
O13_1 ? ? 0.1297(3) 0.5217(3) 0.1125(2) 1 0.0448(9)
C11_1 ? ? 0.6921(3) 0.2426(4) 0.2551(2) 1 0.0259(9)
H11A_1 ? ? 0.7124 0.3073 0.2928 1 0.039
H11B_1 ? ? 0.7408 0.2397 0.2153 1 0.039
H11C_1 ? ? 0.7034 0.1757 0.2905 1 0.039
C12_1 ? ? 0.5723(3) 0.2501(3) 0.2056(2) 1 0.0192(8)
N3_1 ? ? 0.4793(2) 0.2570(3) 0.16895(18) 1 0.0215(8)
C13_1 ? ? -0.0698(3) 0.2318(4) -0.0145(2) 1 0.0296(10)
H13A_1 ? ? 0.0073 0.2012 0.0062 1 0.044
H13B_1 ? ? -0.0668 0.3003 -0.0461 1 0.044
H13C_1 ? ? -0.1193 0.1785 -0.0531 1 0.044
C14_1 ? ? -0.1152(3) 0.2546(4) 0.0586(3) 1 0.0225(9)
N4_1 ? ? -0.1527(3) 0.2706(3) 0.1160(2) 1 0.0295(9)
C1_2 ? ? 0.0642(3) 0.3380(3) 0.8083(3) 1 0.0215(10)
H1A_2 ? ? -0.0162 0.3536 0.8070 1 0.026
H1B_2 ? ? 0.0686 0.3253 0.7483 1 0.026
C2_2 ? ? 0.1396(3) 0.4331(4) 0.8482(3) 1 0.0231(10)
H2A_2 ? ? 0.1130 0.5018 0.8158 1 0.028
H2B_2 ? ? 0.1377 0.4438 0.9090 1 0.028
C3_2 ? ? 0.3376(3) 0.4858(3) 0.8853(3) 1 0.0235(10)
H3A_2 ? ? 0.3301 0.5034 0.9438 1 0.028
H3B_2 ? ? 0.3273 0.5547 0.8511 1 0.028
C4_2 ? ? 0.4537(3) 0.4383(3) 0.8917(3) 1 0.0199(10)
H4A_2 ? ? 0.4555 0.4040 0.8360 1 0.024
H4B_2 ? ? 0.5125 0.4970 0.9056 1 0.024
C5_2 ? ? 0.5761(3) 0.2929(3) 0.9633(2) 1 0.0213(9)
H5A_2 ? ? 0.6110 0.2715 1.0241 1 0.026
H5B_2 ? ? 0.6323 0.3383 0.9439 1 0.026
C6_2 ? ? 0.5499(3) 0.1906(3) 0.9081(2) 1 0.0210(10)
H6A_2 ? ? 0.5189 0.2107 0.8465 1 0.025
H6B_2 ? ? 0.6203 0.1468 0.9139 1 0.025
C7_2 ? ? 0.4366(3) 0.0271(3) 0.8916(3) 1 0.0203(10)
H7A_2 ? ? 0.4954 -0.0297 0.9141 1 0.024
H7B_2 ? ? 0.4297 0.0374 0.8292 1 0.024
C8_2 ? ? 0.3237(3) -0.0084(4) 0.9048(3) 1 0.0230(10)
H8A_2 ? ? 0.3102 -0.0874 0.8902 1 0.028
H8B_2 ? ? 0.3236 0.0025 0.9659 1 0.028
C9_2 ? ? 0.1281(3) 0.0491(4) 0.8680(3) 1 0.0232(11)
H9A_2 ? ? 0.1373 0.0558 0.9310 1 0.028
H9B_2 ? ? 0.0919 -0.0228 0.8482 1 0.028
C10_2 ? ? 0.0553(3) 0.1420(3) 0.8205(3) 1 0.0204(10)
H10A_2 ? ? 0.0545 0.1409 0.7586 1 0.024
H10B_2 ? ? -0.0242 0.1342 0.8247 1 0.024
O1_2 ? ? 0.10401(19) 0.2437(2) 0.86012(15) 1 0.0200(6)
O2_2 ? ? 0.2525(2) 0.4073(2) 0.84435(17) 1 0.0201(7)
O3_2 ? ? 0.4759(2) 0.3573(2) 0.95883(17) 1 0.0190(6)
O4_2 ? ? 0.4682(2) 0.1287(2) 0.93722(17) 1 0.0194(7)
O5_2 ? ? 0.2366(2) 0.0568(2) 0.84958(17) 1 0.0203(7)
Ni2_2 ? ? 0.29650(4) 0.22252(4) 0.63415(3) 1 0.01618(13)
O6_2 ? ? 0.3031(2) 0.2275(2) 0.76117(16) 1 0.0177(6)
H6C_2 ? ? 0.284(3) 0.1746(18) 0.788(2) 1 0.027
H6D_2 ? ? 0.280(3) 0.2836(17) 0.782(2) 1 0.027
O7_2 ? ? 0.2865(2) 0.2124(2) 0.50680(15) 1 0.0233(7)
H7C_2 ? ? 0.3446(18) 0.203(3) 0.4869(19) 1 0.035
H7D_2 ? ? 0.2340(19) 0.230(3) 0.4645(17) 1 0.035
N1_2 ? ? 0.2457(3) 0.4595(3) 0.6422(2) 1 0.0234(8)
O8_2 ? ? 0.3473(2) 0.4709(2) 0.68356(16) 1 0.0288(6)
O9_2 ? ? 0.2086(2) 0.3632(2) 0.61173(15) 1 0.0269(6)
O10_2 ? ? 0.1796(3) 0.5369(2) 0.6298(2) 1 0.0477(9)
N2_2 ? ? 0.1993(3) 0.0374(3) 0.6218(2) 1 0.0251(9)
O11_2 ? ? 0.3085(2) 0.0488(2) 0.64360(18) 1 0.0202(6)
O12_2 ? ? 0.1437(2) 0.1273(2) 0.61016(16) 1 0.0204(6)
O13_2 ? ? 0.1538(2) -0.0523(2) 0.6131(2) 1 0.0414(8)
C11_2 ? ? 0.6786(3) 0.2953(3) 0.7514(2) 1 0.0245(10)
H11A_2 ? ? 0.6831 0.3679 0.7790 1 0.037
H11B_2 ? ? 0.7289 0.2936 0.7128 1 0.037
H11C_2 ? ? 0.7025 0.2386 0.7960 1 0.037
C12_2 ? ? 0.5620(3) 0.2742(3) 0.7019(2) 1 0.0202(9)
N3_2 ? ? 0.4685(2) 0.2567(3) 0.66560(18) 1 0.0198(7)
C13_2 ? ? -0.0517(3) 0.2723(4) 0.4996(3) 1 0.0326(11)
H13A_2 ? ? -0.1039 0.3084 0.4500 1 0.049
H13B_2 ? ? -0.0251 0.2026 0.4808 1 0.049
H13C_2 ? ? 0.0140 0.3204 0.5235 1 0.049
C14_2 ? ? -0.1112(3) 0.2504(4) 0.5658(3) 1 0.0237(9)
N4_2 ? ? -0.1583(3) 0.2349(3) 0.6170(2) 1 0.0335(9)

diaqua(15-crown-5)nickel(II) nitrate|?||||
C10 H24 N2 Ni O13
14.6760(10) 13.9610(10) 25.552(2) 90.00 96.560(10) 90.00
P21/c
Ni1_1 ? ? 0.2459(2) 0.4976(2) 0.01306(13) 0.333(6) 0.0149(3)
Ni1'_1 ? ? 0.27083(19) 0.50958(13) 0.00981(6) 0.667(6) 0.0149(3)
O1_1 ? ? 0.38339(9) 0.53232(10) -0.03377(5) 1 0.0157(3)
O2_1 ? ? 0.34722(9) 0.60436(10) 0.05823(5) 1 0.0174(4)
O3_1 ? ? 0.20278(9) 0.51376(10) 0.08610(5) 1 0.0188(4)
O4_1 ? ? 0.11275(10) 0.43362(10) -0.00102(5) 1 0.0208(4)
O5_1 ? ? 0.23707(9) 0.43487(10) -0.06388(5) 1 0.0170(3)
O6_1 ? ? 0.32115(12) 0.38483(11) 0.03858(6) 1 0.0270(4)
H6W1_1 ? ? 0.3383(16) 0.3446(13) 0.0178(6) 1 0.040
H6W2_1 ? ? 0.3421(15) 0.3701(16) 0.0682(4) 1 0.040
O7_1 ? ? 0.20386(11) 0.62269(11) -0.02049(6) 1 0.0245(4)
H7W1_1 ? ? 0.1841(15) 0.6703(12) -0.0060(7) 1 0.037
H7W2_1 ? ? 0.1697(13) 0.6159(15) -0.0491(5) 1 0.037
C1_1 ? ? 0.43095(14) 0.61736(15) -0.01440(8) 1 0.0199(5)
H1A_1 ? ? 0.3960 0.6752 -0.0269 1 0.024
H1B_1 ? ? 0.4924 0.6204 -0.0268 1 0.024
C2_1 ? ? 0.43941(14) 0.61124(16) 0.04465(8) 1 0.0208(5)
H2A_1 ? ? 0.4755 0.5541 0.0572 1 0.025
H2B_1 ? ? 0.4701 0.6690 0.0607 1 0.025
C3_1 ? ? 0.34042(14) 0.59448(16) 0.11375(8) 1 0.0191(5)
H3A_1 ? ? 0.3701 0.6492 0.1336 1 0.023
H3B_1 ? ? 0.3700 0.5344 0.1275 1 0.023
C4_1 ? ? 0.23920(14) 0.59258(15) 0.11840(8) 1 0.0190(5)
H4A_1 ? ? 0.2280 0.5827 0.1555 1 0.023
H4B_1 ? ? 0.2101 0.6536 0.1057 1 0.023
C5_1 ? ? 0.10368(14) 0.50691(16) 0.08103(8) 1 0.0226(6)
H5A_1 ? ? 0.0755 0.5641 0.0629 1 0.027
H5B_1 ? ? 0.0818 0.5018 0.1162 1 0.027
C6_1 ? ? 0.07930(15) 0.41826(17) 0.04911(8) 1 0.0245(6)
H6A_1 ? ? 0.1087 0.3612 0.0668 1 0.029
H6B_1 ? ? 0.0120 0.4085 0.0445 1 0.029
C7_1 ? ? 0.11802(15) 0.34817(15) -0.03170(8) 1 0.0208(5)
H7A_1 ? ? 0.0562 0.3203 -0.0408 1 0.025
H7B_1 ? ? 0.1575 0.3000 -0.0118 1 0.025
C8_1 ? ? 0.15841(14) 0.37754(16) -0.08085(8) 1 0.0205(5)
H8A_1 ? ? 0.1764 0.3204 -0.1002 1 0.025
H8B_1 ? ? 0.1133 0.4149 -0.1044 1 0.025
C9_1 ? ? 0.30343(14) 0.44133(15) -0.10078(8) 1 0.0174(5)
H9A_1 ? ? 0.2726 0.4406 -0.1373 1 0.021
H9B_1 ? ? 0.3466 0.3867 -0.0963 1 0.021
C10_1 ? ? 0.35397(14) 0.53437(15) -0.08964(8) 1 0.0173(5)
H10A_1 ? ? 0.4073 0.5387 -0.1100 1 0.021
H10B_1 ? ? 0.3130 0.5897 -0.0988 1 0.021
Ni2_2 ? ? 0.26091(16) 0.5013(2) 0.32716(13) 0.435(4) 0.0148(3)
Ni2'_2 ? ? 0.23445(17) 0.49127(17) 0.32948(9) 0.565(4) 0.0148(3)
O1_2 ? ? 0.11725(9) 0.47590(10) 0.36888(5) 1 0.0177(4)
O2_2 ? ? 0.15809(9) 0.39734(10) 0.27946(5) 1 0.0185(4)
O3_2 ? ? 0.30631(10) 0.48202(10) 0.25346(5) 1 0.0190(4)
O4_2 ? ? 0.39393(10) 0.56151(10) 0.34150(5) 1 0.0187(4)
O5_2 ? ? 0.26889(10) 0.56265(10) 0.40375(5) 1 0.0186(4)
O6_2 ? ? 0.19608(11) 0.61931(11) 0.29929(6) 1 0.0253(4)
H6W1_2 ? ? 0.1779(14) 0.6592(14) 0.3198(6) 1 0.038
H6W2_2 ? ? 0.1597(13) 0.6207(16) 0.2720(5) 1 0.038
O7_2 ? ? 0.29764(11) 0.37620(11) 0.36100(6) 1 0.0241(4)
H7W1_2 ? ? 0.3375(12) 0.3800(15) 0.3870(6) 1 0.036
H7W2_2 ? ? 0.3096(14) 0.3265(11) 0.3453(7) 1 0.036
C1_2 ? ? 0.06853(15) 0.39101(16) 0.34966(8) 1 0.0217(5)
H1A_2 ? ? 0.0058 0.3907 0.3604 1 0.026
H1B_2 ? ? 0.1011 0.3328 0.3639 1 0.026
C2_2 ? ? 0.06484(14) 0.39381(16) 0.29070(8) 1 0.0221(6)
H2A_2 ? ? 0.0339 0.3359 0.2749 1 0.026
H2B_2 ? ? 0.0309 0.4511 0.2764 1 0.026
C3_2 ? ? 0.16862(14) 0.40189(16) 0.22431(8) 1 0.0195(5)
H3A_2 ? ? 0.1397 0.4606 0.2083 1 0.023
H3B_2 ? ? 0.1400 0.3455 0.2056 1 0.023
C4_2 ? ? 0.27017(14) 0.40298(15) 0.22141(8) 1 0.0200(5)
H4A_2 ? ? 0.2982 0.3420 0.2349 1 0.024
H4B_2 ? ? 0.2832 0.4116 0.1845 1 0.024
C5_2 ? ? 0.40499(14) 0.48708(16) 0.25993(8) 1 0.0213(5)
H5A_2 ? ? 0.4286 0.4915 0.2252 1 0.026
H5B_2 ? ? 0.4315 0.4294 0.2784 1 0.026
C6_2 ? ? 0.42962(15) 0.57516(16) 0.29189(8) 1 0.0222(6)
H6A_2 ? ? 0.4970 0.5835 0.2974 1 0.027
H6B_2 ? ? 0.4020 0.6326 0.2737 1 0.027
C7_2 ? ? 0.39129(15) 0.64686(15) 0.37208(8) 1 0.0208(5)
H7A_2 ? ? 0.3542 0.6967 0.3520 1 0.025
H7B_2 ? ? 0.4540 0.6720 0.3817 1 0.025
C8_2 ? ? 0.34821(14) 0.61927(15) 0.42084(8) 1 0.0211(5)
H8A_2 ? ? 0.3921 0.5819 0.4451 1 0.025
H8B_2 ? ? 0.3304 0.6773 0.4395 1 0.025
C9_2 ? ? 0.19747(14) 0.56401(15) 0.43745(8) 1 0.0187(5)
H9A_2 ? ? 0.1590 0.6220 0.4307 1 0.022
H9B_2 ? ? 0.2238 0.5640 0.4749 1 0.022
C10_2 ? ? 0.14127(15) 0.47525(16) 0.42501(8) 1 0.0208(5)
H10A_2 ? ? 0.1773 0.4173 0.4360 1 0.025
H10B_2 ? ? 0.0854 0.4763 0.4434 1 0.025
Ni3_3 ? ? 0.25743(18) 0.5070(2) 0.65864(14) 0.402(5) 0.0141(3)
Ni3'_3 ? ? 0.23321(17) 0.49364(16) 0.66117(8) 0.598(5) 0.0141(3)
O1_3 ? ? 0.12139(9) 0.46825(10) 0.70640(5) 1 0.0179(4)
O2_3 ? ? 0.16238(9) 0.39354(10) 0.61585(5) 1 0.0185(4)
O3_3 ? ? 0.29852(9) 0.49368(10) 0.58486(5) 1 0.0186(4)
O4_3 ? ? 0.38489(10) 0.58417(11) 0.66884(6) 1 0.0226(4)
O5_3 ? ? 0.26557(10) 0.56999(10) 0.73541(5) 1 0.0188(4)
O6_3 ? ? 0.17382(12) 0.61187(11) 0.63074(6) 1 0.0238(4)
H6W1_3 ? ? 0.1580(16) 0.6555(12) 0.6499(6) 1 0.036
H6W2_3 ? ? 0.1673(16) 0.6326(14) 0.6002(4) 1 0.036
O7_3 ? ? 0.31191(12) 0.38859(12) 0.69242(6) 1 0.0291(4)
H7W1_3 ? ? 0.3292(15) 0.3398(12) 0.6780(8) 1 0.044
H7W2_3 ? ? 0.3450(14) 0.3963(16) 0.7205(6) 1 0.044
C1_3 ? ? 0.07827(16) 0.37967(16) 0.68855(8) 1 0.0247(6)
H1A_3 ? ? 0.0170 0.3741 0.7009 1 0.030
H1B_3 ? ? 0.1161 0.3244 0.7022 1 0.030
C2_3 ? ? 0.06993(15) 0.38216(17) 0.62929(8) 1 0.0250(6)
H2A_3 ? ? 0.0426 0.3219 0.6143 1 0.030
H2B_3 ? ? 0.0309 0.4365 0.6155 1 0.030
C3_3 ? ? 0.16820(14) 0.39961(16) 0.56014(8) 1 0.0211(5)
H3A_3 ? ? 0.1335 0.4556 0.5447 1 0.025
H3B_3 ? ? 0.1434 0.3409 0.5420 1 0.025
C4_3 ? ? 0.26893(14) 0.41025(15) 0.55509(8) 1 0.0194(5)
H4A_3 ? ? 0.3031 0.3531 0.5693 1 0.023
H4B_3 ? ? 0.2790 0.4183 0.5177 1 0.023
C5_3 ? ? 0.39475(14) 0.51429(17) 0.58600(9) 1 0.0246(6)
H5A_3 ? ? 0.4112 0.5234 0.5498 1 0.030
H5B_3 ? ? 0.4319 0.4610 0.6028 1 0.030
C6_3 ? ? 0.41152(16) 0.60431(17) 0.61742(8) 1 0.0275(6)
H6A_3 ? ? 0.4771 0.6224 0.6201 1 0.033
H6B_3 ? ? 0.3745 0.6576 0.6006 1 0.033
C7_3 ? ? 0.37453(15) 0.66782(15) 0.70005(8) 1 0.0215(5)
H7A_3 ? ? 0.3298 0.7125 0.6812 1 0.026
H7B_3 ? ? 0.4340 0.7013 0.7078 1 0.026
C8_3 ? ? 0.34055(15) 0.63363(16) 0.75018(8) 1 0.0226(6)
H8A_3 ? ? 0.3901 0.5998 0.7724 1 0.027
H8B_3 ? ? 0.3200 0.6886 0.7703 1 0.027
C9_3 ? ? 0.19840(14) 0.56443(15) 0.77174(8) 1 0.0170(5)
H9A_3 ? ? 0.1543 0.6181 0.7659 1 0.020
H9B_3 ? ? 0.2283 0.5678 0.8084 1 0.020
C10_3 ? ? 0.14982(15) 0.47033(16) 0.76211(8) 1 0.0193(5)
H10A_3 ? ? 0.1916 0.4163 0.7726 1 0.023
H10B_3 ? ? 0.0961 0.4664 0.7822 1 0.023
N1_4 ? ? 0.10425(12) 0.68157(13) -0.14161(7) 1 0.0174(4)
O8_4 ? ? 0.10097(10) 0.60490(10) -0.11575(6) 1 0.0216(4)
O9_4 ? ? 0.17420(11) 0.73466(11) -0.13243(6) 1 0.0260(4)
O10_4 ? ? 0.04194(10) 0.70379(11) -0.17607(6) 1 0.0289(4)
N2_5 ? ? 0.07968(12) 0.68843(13) 0.18278(7) 1 0.0180(4)
O8_5 ? ? 0.06941(10) 0.61548(11) 0.21104(6) 1 0.0246(4)
O9_5 ? ? 0.14205(10) 0.74729(10) 0.19845(5) 1 0.0231(4)
O10_5 ? ? 0.03073(10) 0.70053(11) 0.14086(6) 1 0.0276(4)
N3_6 ? ? 0.08160(13) 0.68713(13) 0.51131(7) 1 0.0186(4)
O8_6 ? ? 0.04813(11) 0.61068(11) 0.52497(7) 1 0.0364(5)
O9_6 ? ? 0.15743(10) 0.71575(11) 0.53537(6) 1 0.0249(4)
O10_6 ? ? 0.04359(10) 0.73542(11) 0.47444(6) 1 0.0263(4)
N4_7 ? ? 0.42588(12) 0.30854(13) 0.15752(7) 1 0.0177(4)
O8_7 ? ? 0.45472(12) 0.38145(11) 0.13683(7) 1 0.0378(5)
O9_7 ? ? 0.35490(10) 0.26772(12) 0.13532(6) 1 0.0291(4)
O10_7 ? ? 0.46409(10) 0.27645(11) 0.19949(6) 1 0.0271(4)
N5_8 ? ? 0.40805(12) 0.31679(13) 0.48085(7) 1 0.0164(4)
O8_8 ? ? 0.41209(10) 0.39040(10) 0.45265(6) 1 0.0221(4)
O9_8 ? ? 0.34480(10) 0.25679(11) 0.46855(6) 1 0.0240(4)
O10_8 ? ? 0.46365(10) 0.30401(11) 0.52035(6) 1 0.0280(4)
N6_9 ? ? 0.39680(12) 0.32119(13) 0.81302(7) 1 0.0178(4)
O8_9 ? ? 0.41368(10) 0.39747(11) 0.78925(6) 1 0.0251(4)
O9_9 ? ? 0.31868(10) 0.28326(10) 0.80277(5) 1 0.0215(4)
O10_9 ? ? 0.45461(10) 0.28541(11) 0.84637(6) 1 0.0253(4)
