?|?|Jorge J. Carbó; Pascale Crochet; Miguel A. Esteruelas; Yves Jean; Agustí Lledós; Ana M. López; Enrique Oñate|Two- and Four-Electron Alkyne Ligands in Osmium-Cyclopentadienyl Chemistry: Consequences of the π⊥→M Interaction|Organometallics|2002 21(2) 305 314
C29 H38 Cl O Os P
13.924(2) 17.670(2) 22.157(3) 90.00 90.00 90.00
Pbca
Os 1 ? 0.600695(17) 0.243230(11) 0.441106(11) 1 0.03868(11)
Cl 1 ? 0.77411(11) 0.23015(10) 0.45478(9) 1 0.0601(5)
P 1 ? 0.63280(12) 0.36285(9) 0.40001(9) 1 0.0433(4)
O 1 ? 0.7393(3) 0.2665(3) 0.5879(2) 1 0.0674(15)
H0 1 ? 0.7547 0.2630 0.5523 1 0.101
C1 1 ? 0.5192(5) 0.3011(4) 0.5089(3) 1 0.0453(17)
H1 1 ? 0.457(5) 0.314(3) 0.505(3) 1 0.07(2)
C2 1 ? 0.5890(4) 0.2750(3) 0.5351(3) 1 0.0401(15)
C3 1 ? 0.6389(5) 0.2574(3) 0.5934(3) 1 0.0485(16)
C4 1 ? 0.6158(5) 0.1740(3) 0.6112(3) 1 0.0430(16)
C5 1 ? 0.5261(5) 0.1413(4) 0.6024(4) 1 0.061(2)
H5 1 ? 0.4762 0.1704 0.5869 1 0.074
C6 1 ? 0.5102(6) 0.0665(4) 0.6162(4) 1 0.069(2)
H6 1 ? 0.4488 0.0464 0.6123 1 0.083
C7 1 ? 0.5827(6) 0.0219(4) 0.6355(4) 1 0.068(2)
H7 1 ? 0.5722 -0.0293 0.6426 1 0.082
C8 1 ? 0.6708(6) 0.0523(4) 0.6446(4) 1 0.073(2)
H8 1 ? 0.7205 0.0221 0.6588 1 0.087
C9 1 ? 0.6876(5) 0.1285(4) 0.6328(4) 1 0.064(2)
H9 1 ? 0.7483 0.1487 0.6396 1 0.076
C10A 1 ? 0.6168(10) 0.3125(6) 0.6441(5) 0.47(3) 0.041(5)
C11A 1 ? 0.5203(10) 0.3267(7) 0.6553(5) 0.47(3) 0.054(5)
C12A 1 ? 0.4940(10) 0.3798(7) 0.6985(5) 0.47(3) 0.060(5)
C13A 1 ? 0.5642(12) 0.4188(5) 0.7305(4) 0.47(3) 0.041(5)
C14A 1 ? 0.6608(11) 0.4045(6) 0.7193(5) 0.47(3) 0.056(5)
C15A 1 ? 0.6871(9) 0.3514(6) 0.6761(5) 0.47(3) 0.049(4)
C10B 1 ? 0.5889(10) 0.3121(6) 0.6422(5) 0.53(3) 0.047(4)
C11B 1 ? 0.4907(10) 0.3135(7) 0.6533(5) 0.53(3) 0.076(5)
C12B 1 ? 0.4530(11) 0.3647(7) 0.6946(5) 0.53(3) 0.079(6)
C13B 1 ? 0.5135(14) 0.4146(6) 0.7247(5) 0.53(3) 0.070(5)
C14B 1 ? 0.6118(13) 0.4132(5) 0.7136(5) 0.53(3) 0.060(5)
C15B 1 ? 0.6494(11) 0.3619(6) 0.6723(5) 0.53(3) 0.067(5)
C16 1 ? 0.6549(5) 0.4364(3) 0.4563(3) 1 0.0511(18)
H16 1 ? 0.6058 0.4271 0.4871 1 0.061
C17 1 ? 0.7505(6) 0.4267(4) 0.4909(4) 1 0.074(2)
H17A 1 ? 0.8032 0.4386 0.4647 1 0.112
H17B 1 ? 0.7563 0.3753 0.5046 1 0.112
H17C 1 ? 0.7514 0.4601 0.5250 1 0.112
C18 1 ? 0.6410(6) 0.5209(4) 0.4398(4) 1 0.087(3)
H18A 1 ? 0.6542 0.5517 0.4746 1 0.131
H18B 1 ? 0.5761 0.5291 0.4269 1 0.131
H18C 1 ? 0.6843 0.5343 0.4078 1 0.131
C19 1 ? 0.7425(5) 0.3662(4) 0.3516(3) 1 0.0531(17)
H19 1 ? 0.7969 0.3631 0.3795 1 0.064
C20 1 ? 0.7528(7) 0.2985(5) 0.3094(3) 1 0.085(3)
H20A 1 ? 0.7028 0.2999 0.2796 1 0.127
H20B 1 ? 0.7481 0.2526 0.3323 1 0.127
H20C 1 ? 0.8142 0.3006 0.2897 1 0.127
C21 1 ? 0.7565(6) 0.4396(4) 0.3167(3) 1 0.081(3)
H21A 1 ? 0.8132 0.4359 0.2922 1 0.122
H21B 1 ? 0.7633 0.4809 0.3445 1 0.122
H21C 1 ? 0.7017 0.4484 0.2913 1 0.122
C22 1 ? 0.5374(5) 0.4041(4) 0.3520(4) 1 0.068(2)
H22 1 ? 0.5596 0.4549 0.3409 1 0.081
C23 1 ? 0.4441(5) 0.4158(4) 0.3895(4) 1 0.087(3)
H23A 1 ? 0.4000 0.4467 0.3672 1 0.130
H23B 1 ? 0.4596 0.4402 0.4270 1 0.130
H23C 1 ? 0.4151 0.3675 0.3976 1 0.130
C24 1 ? 0.5154(6) 0.3639(5) 0.2929(4) 1 0.089(3)
H24A 1 ? 0.4977 0.3124 0.3011 1 0.134
H24B 1 ? 0.5712 0.3649 0.2676 1 0.134
H24C 1 ? 0.4633 0.3892 0.2729 1 0.134
C25 1 ? 0.6115(6) 0.1324(4) 0.3928(4) 1 0.071(2)
H25 1 ? 0.6700 0.1107 0.3823 1 0.085
C26 1 ? 0.5600(6) 0.1815(4) 0.3563(4) 1 0.066(2)
H26 1 ? 0.5766 0.1977 0.3178 1 0.079
C27 1 ? 0.4778(5) 0.2018(4) 0.3890(4) 1 0.068(2)
H27 1 ? 0.4301 0.2351 0.3763 1 0.082
C28 1 ? 0.4803(6) 0.1625(4) 0.4451(4) 1 0.064(2)
H28 1 ? 0.4337 0.1650 0.4751 1 0.077
C29 1 ? 0.5638(7) 0.1198(4) 0.4477(4) 1 0.077(3)
H29 1 ? 0.5840 0.0891 0.4793 1 0.093

?|?|Jorge J. Carbó; Pascale Crochet; Miguel A. Esteruelas; Yves Jean; Agustí Lledós; Ana M. López; Enrique Oñate|Two- and Four-Electron Alkyne Ligands in Osmium-Cyclopentadienyl Chemistry: Consequences of the π⊥→M Interaction|Organometallics|2002 21(2) 305 314
C29 H38 F6 O Os P2
16.842(2) 9.0770(10) 19.643(2) 90.00 90.00 90.00
Pna21
Os 1 ? 0.911799(14) 0.92111(3) 1.00031(4) 1 0.03311(8)
P1 1 ? 0.94480(12) 0.8203(2) 0.89041(10) 1 0.0329(5)
P2 1 ? 0.72242(16) 0.3237(3) 0.87980(14) 1 0.0523(6)
F1A 1 ? 0.6319(10) 0.2965(19) 0.8831(10) 0.493(4) 0.097(5)
F2A 1 ? 0.7023(13) 0.449(3) 0.9294(13) 0.493(4) 0.131(8)
F3A 1 ? 0.7378(11) 0.198(2) 0.9312(10) 0.493(4) 0.124(6)
F4A 1 ? 0.7432(10) 0.215(2) 0.8180(9) 0.493(4) 0.107(5)
F5A 1 ? 0.7141(10) 0.4403(19) 0.8167(9) 0.493(4) 0.100(5)
F6A 1 ? 0.8157(10) 0.345(2) 0.8809(10) 0.493(4) 0.096(6)
F1B 1 ? 0.6345(9) 0.2989(16) 0.8477(8) 0.507(4) 0.079(4)
F2B 1 ? 0.7046(13) 0.496(3) 0.8966(12) 0.507(4) 0.126(7)
F3B 1 ? 0.7377(11) 0.160(2) 0.8578(11) 0.507(4) 0.127(6)
F4B 1 ? 0.6934(10) 0.277(2) 0.9538(8) 0.507(4) 0.111(5)
F5B 1 ? 0.7497(12) 0.366(2) 0.8067(9) 0.507(4) 0.121(6)
F6B 1 ? 0.8045(11) 0.360(2) 0.9113(10) 0.507(4) 0.099(6)
O 1 ? 0.8302(4) 0.8873(8) 1.1730(3) 1 0.0531(19)
H2 1 ? 0.794(5) 0.901(10) 1.204(5) 1 0.04(3)
C1 1 ? 0.8358(5) 0.7531(10) 0.9983(11) 1 0.0496(18)
H1 1 ? 0.824(4) 0.662(8) 0.973(3) 1 0.02(2)
C2 1 ? 0.8307(5) 0.8165(10) 1.0551(4) 1 0.041(2)
C3 1 ? 0.7874(6) 0.8030(10) 1.1223(4) 1 0.042(2)
C4 1 ? 0.7027(5) 0.8720(9) 1.1161(4) 1 0.039(2)
C5 1 ? 0.6877(6) 0.9880(11) 1.0763(5) 1 0.048(2)
H5 1 ? 0.7279 1.0260 1.0490 1 0.057
C6 1 ? 0.6138(7) 1.0522(11) 1.0751(5) 1 0.059(3)
H6 1 ? 0.6046 1.1325 1.0468 1 0.070
C7 1 ? 0.5539(7) 0.9996(13) 1.1149(6) 1 0.067(3)
H7 1 ? 0.5040 1.0434 1.1141 1 0.080
C8 1 ? 0.5686(6) 0.8814(13) 1.1562(6) 1 0.069(3)
H8 1 ? 0.5279 0.8447 1.1833 1 0.083
C9 1 ? 0.6417(6) 0.8157(12) 1.1585(5) 1 0.056(3)
H9 1 ? 0.6511 0.7362 1.1872 1 0.067
C10A 1 ? 0.7889(8) 0.6431(7) 1.1466(7) 0.526(4) 0.032(4)
C11A 1 ? 0.7442(7) 0.5412(12) 1.1104(7) 0.526(4) 0.050(5)
C12A 1 ? 0.7534(8) 0.3914(10) 1.1229(8) 0.526(4) 0.065(6)
C13A 1 ? 0.8073(8) 0.3436(7) 1.1717(7) 0.526(4) 0.042(4)
C14A 1 ? 0.8521(8) 0.4455(13) 1.2080(6) 0.526(4) 0.074(7)
C15A 1 ? 0.8429(9) 0.5953(11) 1.1954(7) 0.526(4) 0.059(6)
C10B 1 ? 0.7877(8) 0.6353(6) 1.1298(4) 0.474(4) 0.035(6)
C11B 1 ? 0.8301(8) 0.5731(12) 1.1833(4) 0.474(4) 0.051(6)
C12B 1 ? 0.8243(8) 0.4229(12) 1.1961(5) 0.474(4) 0.054(5)
C13B 1 ? 0.7761(11) 0.3349(6) 1.1555(5) 0.474(4) 0.052(5)
C14B 1 ? 0.7338(9) 0.3971(12) 1.1019(5) 0.474(4) 0.097(11)
C15B 1 ? 0.7396(5) 0.5473(11) 1.0891(4) 0.474(4) 0.047(5)
C16 1 ? 0.8595(5) 0.7397(11) 0.8434(3) 1 0.050(2)
H16 1 ? 0.8440 0.6538 0.8705 1 0.060
C17 1 ? 0.7870(6) 0.8324(15) 0.8408(5) 1 0.060(3)
H17A 1 ? 0.7444 0.7773 0.8206 1 0.091
H17B 1 ? 0.7972 0.9188 0.8141 1 0.091
H17C 1 ? 0.7723 0.8609 0.8862 1 0.091
C18 1 ? 0.8799(6) 0.6754(13) 0.7724(4) 1 0.061(3)
H18A 1 ? 0.8870 0.7544 0.7405 1 0.092
H18B 1 ? 0.8373 0.6130 0.7574 1 0.092
H18C 1 ? 0.9279 0.6189 0.7754 1 0.092
C19 1 ? 0.9943(6) 0.9556(10) 0.8343(4) 1 0.046(2)
H19 1 ? 1.0298 1.0124 0.8639 1 0.055
C20 1 ? 0.9365(7) 1.0679(12) 0.8038(6) 1 0.067(3)
H20A 1 ? 0.9046 1.0210 0.7696 1 0.101
H20B 1 ? 0.9659 1.1474 0.7836 1 0.101
H20C 1 ? 0.9027 1.1059 0.8390 1 0.101
C21 1 ? 1.0488(7) 0.8892(14) 0.7773(5) 1 0.075(4)
H21A 1 ? 1.0758 0.9675 0.7540 1 0.113
H21B 1 ? 1.0168 0.8352 0.7455 1 0.113
H21C 1 ? 1.0871 0.8243 0.7975 1 0.113
C22 1 ? 1.0162(6) 0.6685(10) 0.8970(6) 1 0.054(2)
H22 1 ? 1.0328 0.6438 0.8506 1 0.064
C23 1 ? 0.9811(7) 0.5275(12) 0.9286(7) 1 0.076(4)
H23A 1 ? 0.9506 0.5527 0.9682 1 0.115
H23B 1 ? 1.0234 0.4621 0.9413 1 0.115
H23C 1 ? 0.9474 0.4797 0.8960 1 0.115
C24 1 ? 1.0910(5) 0.7119(12) 0.9362(6) 1 0.066(3)
H24A 1 ? 1.1289 0.6332 0.9339 1 0.098
H24B 1 ? 1.0776 0.7305 0.9830 1 0.098
H24C 1 ? 1.1134 0.7992 0.9165 1 0.098
C25 1 ? 1.0242(5) 1.0493(10) 1.0019(11) 1 0.066(3)
H25 1 ? 1.0703 1.0182 0.9801 1 0.080
C26 1 ? 0.9651(6) 1.1377(10) 0.9745(5) 1 0.052(3)
H26 1 ? 0.9649 1.1784 0.9310 1 0.062
C27 1 ? 0.9051(7) 1.1552(12) 1.0244(5) 1 0.065(3)
H27 1 ? 0.8576 1.2061 1.0190 1 0.077
C28 1 ? 0.9296(6) 1.0833(11) 1.0825(5) 1 0.057(3)
H28 1 ? 0.9021 1.0818 1.1235 1 0.069
C29 1 ? 1.0003(7) 1.0148(12) 1.0708(6) 1 0.063(3)
H29 1 ? 1.0282 0.9564 1.1016 1 0.076
