./cif2cod: tests/cif2cod_025.inp: tag '_journal_year' is absent
./cif2cod: tests/cif2cod_025.inp: tag '_journal_volume' is absent
./cif2cod: tests/cif2cod_025.inp: tag '_journal_page_first' is absent
./cif2cod: tests/cif2cod_025.inp data_3b: no Hall spacegroup symbol found
./cif2cod: tests/cif2cod_025.inp: tag '_journal_year' is absent
./cif2cod: tests/cif2cod_025.inp: tag '_journal_volume' is absent
./cif2cod: tests/cif2cod_025.inp: tag '_journal_page_first' is absent
./cif2cod: tests/cif2cod_025.inp data_4: no Hall spacegroup symbol found
./cif2cod: tests/cif2cod_025.inp: tag '_journal_year' is absent
./cif2cod: tests/cif2cod_025.inp: tag '_journal_volume' is absent
./cif2cod: tests/cif2cod_025.inp: tag '_journal_page_first' is absent
./cif2cod: tests/cif2cod_025.inp data_5: no Hall spacegroup symbol found
./cif2cod: tests/cif2cod_025.inp: tag '_journal_year' is absent
./cif2cod: tests/cif2cod_025.inp: tag '_journal_volume' is absent
./cif2cod: tests/cif2cod_025.inp: tag '_journal_page_first' is absent
./cif2cod: tests/cif2cod_025.inp data_6: no Hall spacegroup symbol found
"3b";"19.121";"0.011";"9.018";"0.005";"20.973";"0.011";"90.00";NULL;"103.516";"0.018";"90.00";NULL;"3516";"3";"110";"2";"110";"2";NULL;NULL;NULL;NULL;NULL;NULL;"6";"P2(1)/n";NULL;NULL;NULL;"- C10 H24 B7 Fe O3 P -";"- C10 H24 B7 Fe O3 P -";NULL;"A.Franken; P.Lei; T.D.McGrath; F.G.A.Stone";"Carbonyl-metal fragment insertion into eight-vertex [closo-1-CB~7~H~8~]^-^. Facile synthesis of ten-vertex metalladicarbollide complexes [2,2,2-(CO)~3~- 1-OH-closo-2,1,10-MC~2~B~7~H~8~]^n-^ {M= Fe, Ru (n = 0), Mn, Re (n = 1)}";"Chem.Commun.";NULL;NULL;NULL;NULL;NULL;NULL;NULL;NULL;"has coordinates";"A.Franken; P.Lei; T.D.McGrath; F.G.A.Stone\nCarbonyl-metal fragment insertion into eight-vertex [closo-1-CB~7~H~8~]^-^. Facile synthesis of ten-vertex metalladicarbollide complexes [2,2,2-(CO)~3~- 1-OH-closo-2,1,10-MC~2~B~7~H~8~]^n-^ {M= Fe, Ru (n = 0), Mn, Re (n = 1)}\nChem.Commun.\n\n()\n"
"4";"7.6548";"0.0007";"11.6193";"0.0012";"19.6123";"0.0019";"93.716";"0.005";"98.033";"0.005";"90.739";"0.005";"1723.2";"0.3";"110";"2";"110";"2";NULL;NULL;NULL;NULL;NULL;NULL;"5";"P-1";NULL;NULL;NULL;"- C5 H9 B7 O4 Ru -";"- C5 H9 B7 O4 Ru -";NULL;"A.Franken; P.Lei; T.D.McGrath; F.G.A.Stone";"Carbonyl-metal fragment insertion into eight-vertex [closo-1-CB~7~H~8~]^-^. Facile synthesis of ten-vertex metalladicarbollide complexes [2,2,2-(CO)~3~- 1-OH-closo-2,1,10-MC~2~B~7~H~8~]^n-^ {M= Fe, Ru (n = 0), Mn, Re (n = 1)}";"Chem.Commun.";NULL;NULL;NULL;NULL;NULL;NULL;NULL;NULL;"has coordinates";"A.Franken; P.Lei; T.D.McGrath; F.G.A.Stone\nCarbonyl-metal fragment insertion into eight-vertex [closo-1-CB~7~H~8~]^-^. Facile synthesis of ten-vertex metalladicarbollide complexes [2,2,2-(CO)~3~- 1-OH-closo-2,1,10-MC~2~B~7~H~8~]^n-^ {M= Fe, Ru (n = 0), Mn, Re (n = 1)}\nChem.Commun.\n\n()\n"
"5";"14.972";"0.002";"15.004";"0.003";"17.410";"0.003";"90.00";NULL;"95.022";"0.006";"90.00";NULL;"3895.9";"1.1";"110";"2";"110";"2";NULL;NULL;NULL;NULL;NULL;NULL;"7";"P2(1)/n";NULL;NULL;NULL;"- C41 H39 B7 Mn N O4 P2 -";"- C41 H39 B7 Mn N O4 P2 -";NULL;"A.Franken; P.Lei; T.D.McGrath; F.G.A.Stone";"Carbonyl-metal fragment insertion into eight-vertex [closo-1-CB~7~H~8~]^-^. Facile synthesis of ten-vertex metalladicarbollide complexes [2,2,2-(CO)~3~- 1-OH-closo-2,1,10-MC~2~B~7~H~8~]^n-^ {M= Fe, Ru (n = 0), Mn, Re (n = 1)}";"Chem.Commun.";NULL;NULL;NULL;NULL;NULL;NULL;NULL;NULL;"has coordinates";"A.Franken; P.Lei; T.D.McGrath; F.G.A.Stone\nCarbonyl-metal fragment insertion into eight-vertex [closo-1-CB~7~H~8~]^-^. Facile synthesis of ten-vertex metalladicarbollide complexes [2,2,2-(CO)~3~- 1-OH-closo-2,1,10-MC~2~B~7~H~8~]^n-^ {M= Fe, Ru (n = 0), Mn, Re (n = 1)}\nChem.Commun.\n\n()\n"
"6";"15.098";"0.003";"15.289";"0.003";"17.297";"0.004";"90.00";NULL;"98.085";"0.009";"90.00";NULL;"3953.1";"1.4";"110";"2";"110";"2";NULL;NULL;NULL;NULL;NULL;NULL;"7";"P2(1)/n";NULL;NULL;NULL;"- C41 H39 B7 N O4 P2 Re -";"- C41 H39 B7 N O4 P2 Re -";NULL;"A.Franken; P.Lei; T.D.McGrath; F.G.A.Stone";"Carbonyl-metal fragment insertion into eight-vertex [closo-1-CB~7~H~8~]^-^. Facile synthesis of ten-vertex metalladicarbollide complexes [2,2,2-(CO)~3~- 1-OH-closo-2,1,10-MC~2~B~7~H~8~]^n-^ {M= Fe, Ru (n = 0), Mn, Re (n = 1)}";"Chem.Commun.";NULL;NULL;NULL;NULL;NULL;NULL;NULL;NULL;"has coordinates";"A.Franken; P.Lei; T.D.McGrath; F.G.A.Stone\nCarbonyl-metal fragment insertion into eight-vertex [closo-1-CB~7~H~8~]^-^. Facile synthesis of ten-vertex metalladicarbollide complexes [2,2,2-(CO)~3~- 1-OH-closo-2,1,10-MC~2~B~7~H~8~]^n-^ {M= Fe, Ru (n = 0), Mn, Re (n = 1)}\nChem.Commun.\n\n()\n"
