./cif2cod: tests/cif2cod_029.inp data_1000035: no Hall spacegroup symbol found
file 1000035
a 9.699
siga 0.001
b 8.844
sigb 0.001
c 5.272
sigc 0.001
alpha 90
beta 106.97
sigbeta 0.02
gamma 90
vol 432.5
nel 7
sg C 1 2/c 1
chemname Sodium calcium magnesium iron titanium alumosilicate *
formula - Al.34 Ca.6 Fe.2 Mg.9 Na.1 O6 Si1.82 -
calcformula - Al0.342 Ca0.616 Fe0.21 Mg0.902 Na0.09 O6 Si1.82 Ti0.02 -
authors Clark, J R; Appleman, D E; Papike, J J
title Crystal-Chemical Characterization of Clinopyroxenes based on Eight New Structure Refinements
journal Mineralogical Society of America: Special Papers
year 1969
volume 2
firstpage 31
lastpage 50
flags has coordinates
text Clark, J R; Appleman, D E; Papike, J J\nCrystal-Chemical Characterization of Clinopyroxenes based on Eight New Structure Refinements\nMineralogical Society of America: Special Papers\n2\n(1969)\n31-50
