./cif2cod: tests/cif2cod_031.inp: tag '_publ_section_title' is absent
./cif2cod: tests/cif2cod_031.inp: tag '_journal_name_full' is absent
./cif2cod: tests/cif2cod_031.inp: tag '_journal_year' is absent
./cif2cod: tests/cif2cod_031.inp: tag '_journal_volume' is absent
./cif2cod: tests/cif2cod_031.inp: tag '_journal_page_first' is absent
./cif2cod: tests/cif2cod_031.inp: no Hall spacegroup symbol found
file a siga b sigb c sigc alpha sigalpha beta sigbeta gamma siggamma vol sigvol celltemp sigcelltemp diffrtemp sigdiffrtemp cellpressure sigcellpressure diffrpressure sigdiffrpressure thermalhist pressurehist nel sg sgHall commonname chemname mineral formula calcformula acce_code authors title journal year volume issue firstpage lastpage doi method radiation wavelength radType radSymbol Rall Robs Rref wRall wRobs wRref RFsqd RI gofall gofobs gofgt duplicateof optimal status flags text onhold
file C5H17AlN2O8P2
a 7.8783
siga 0.0002
b 10.46890
sigb 0.0001
c 16.0680
sigc 0.0004
alpha 90.00
beta 95.1470
sigbeta 0.001
gamma 90.00
vol 1319.90
sigvol 0.05
celltemp 296
sigcelltemp 2
diffrtemp 296
sigdiffrtemp 2
nel 6
sg P2~1~/n
formula - C5 H17 Al N2 O8 P2 -
calcformula - C5 H17 Al N2 O8 P2 -
authors 
title 
wavelength 0.71073
radType MoKα
Rall 0.1073
Robs 0.0584
wRall 0.2069
wRref 0.1362
gofall 1.055
gofobs 1.080
flags has coordinates
text \n\n\n\n()\n
onhold 2013-03-21
