./cif_cod_check: tests/cif_cod_check_096.inp data_NISI_publ: _journal_name_full is undefined
./cif_cod_check: tests/cif_cod_check_096.inp data_NISI_publ: _publ_section_title is undefined
./cif_cod_check: tests/cif_cod_check_096.inp data_NISI_publ: neither _journal_year nor _journal_volume is defined
./cif_cod_check: tests/cif_cod_check_096.inp data_NISI_publ: neither _journal_page_first nor _journal_article_reference is defined
./cif_cod_check: tests/cif_cod_check_096.inp data_NISI_publ: _publ_author_name is undefined
./cif_cod_check: tests/cif_cod_check_096.inp data_NISI_publ: no _chemical_formula_sum
./cif_cod_check: tests/cif_cod_check_096.inp data_NISI_publ: no symmetry information found
./cif_cod_check: tests/cif_cod_check_096.inp data_NISI_publ: no spacegroup symbol to check cell constraints
./cif_cod_check: tests/cif_cod_check_096.inp data_NISI_overall: _journal_name_full is undefined
./cif_cod_check: tests/cif_cod_check_096.inp data_NISI_overall: _publ_section_title is undefined
./cif_cod_check: tests/cif_cod_check_096.inp data_NISI_overall: neither _journal_year nor _journal_volume is defined
./cif_cod_check: tests/cif_cod_check_096.inp data_NISI_overall: neither _journal_page_first nor _journal_article_reference is defined
./cif_cod_check: tests/cif_cod_check_096.inp data_NISI_overall: _publ_author_name is undefined
./cif_cod_check: tests/cif_cod_check_096.inp data_NISI_overall: no _chemical_formula_sum
./cif_cod_check: tests/cif_cod_check_096.inp data_NISI_overall: no symmetry information found
./cif_cod_check: tests/cif_cod_check_096.inp data_NISI_overall: no spacegroup symbol to check cell constraints
./cif_cod_check: tests/cif_cod_check_096.inp data_NISI_phase_1: _journal_name_full is undefined
./cif_cod_check: tests/cif_cod_check_096.inp data_NISI_phase_1: _publ_section_title is undefined
./cif_cod_check: tests/cif_cod_check_096.inp data_NISI_phase_1: neither _journal_year nor _journal_volume is defined
./cif_cod_check: tests/cif_cod_check_096.inp data_NISI_phase_1: neither _journal_page_first nor _journal_article_reference is defined
./cif_cod_check: tests/cif_cod_check_096.inp data_NISI_phase_1: _publ_author_name is undefined
./cif_cod_check: tests/cif_cod_check_096.inp data_NISI_phase_1: no _chemical_formula_sum
./cif_cod_check: tests/cif_cod_check_096.inp data_NISI_phase_1: no symmetry information found
./cif_cod_check: tests/cif_cod_check_096.inp data_NISI_phase_1: no spacegroup symbol to check cell constraints
./cif_cod_check: tests/cif_cod_check_096.inp data_NISI_phase_2: _journal_name_full is undefined
./cif_cod_check: tests/cif_cod_check_096.inp data_NISI_phase_2: _publ_section_title is undefined
./cif_cod_check: tests/cif_cod_check_096.inp data_NISI_phase_2: neither _journal_year nor _journal_volume is defined
./cif_cod_check: tests/cif_cod_check_096.inp data_NISI_phase_2: neither _journal_page_first nor _journal_article_reference is defined
./cif_cod_check: tests/cif_cod_check_096.inp data_NISI_phase_2: _publ_author_name is undefined
./cif_cod_check: tests/cif_cod_check_096.inp data_NISI_phase_2: no _chemical_formula_sum
./cif_cod_check: tests/cif_cod_check_096.inp data_NISI_phase_2: no symmetry information found
./cif_cod_check: tests/cif_cod_check_096.inp data_NISI_phase_2: no spacegroup symbol to check cell constraints
./cif_cod_check: tests/cif_cod_check_096.inp data_NISI_p_O1: _journal_name_full is undefined
./cif_cod_check: tests/cif_cod_check_096.inp data_NISI_p_O1: _publ_section_title is undefined
./cif_cod_check: tests/cif_cod_check_096.inp data_NISI_p_O1: neither _journal_year nor _journal_volume is defined
./cif_cod_check: tests/cif_cod_check_096.inp data_NISI_p_O1: neither _journal_page_first nor _journal_article_reference is defined
./cif_cod_check: tests/cif_cod_check_096.inp data_NISI_p_O1: _publ_author_name is undefined
./cif_cod_check: tests/cif_cod_check_096.inp data_NISI_p_O1: no _chemical_formula_sum
./cif_cod_check: tests/cif_cod_check_096.inp data_NISI_p_O1: no symmetry information found
./cif_cod_check: tests/cif_cod_check_096.inp data_NISI_p_O1: no spacegroup symbol to check cell constraints
./cif_cod_check: tests/cif_cod_check_096.inp data_NISI_p_O2: _journal_name_full is undefined
./cif_cod_check: tests/cif_cod_check_096.inp data_NISI_p_O2: _publ_section_title is undefined
./cif_cod_check: tests/cif_cod_check_096.inp data_NISI_p_O2: neither _journal_year nor _journal_volume is defined
./cif_cod_check: tests/cif_cod_check_096.inp data_NISI_p_O2: neither _journal_page_first nor _journal_article_reference is defined
./cif_cod_check: tests/cif_cod_check_096.inp data_NISI_p_O2: _publ_author_name is undefined
./cif_cod_check: tests/cif_cod_check_096.inp data_NISI_p_O2: no _chemical_formula_sum
./cif_cod_check: tests/cif_cod_check_096.inp data_NISI_p_O2: no symmetry information found
./cif_cod_check: tests/cif_cod_check_096.inp data_NISI_p_O2: no spacegroup symbol to check cell constraints
