./cif_cod_check: tests/cif_cod_check_089.inp data_8: WARNING, value 'b' seems missing in _pd_phase_block_id list of 'data_8'.
./cif_cod_check: tests/cif_cod_check_089.inp data_3: ERROR, phase datablock 'data_3' does not contain diffractogram list.
./cif_cod_check: tests/cif_cod_check_089.inp data_4: ERROR, phase datablock 'data_4' does not contain diffractogram list.
./cif_cod_check: tests/cif_cod_check_089.inp data_2: ERROR, value 'x' seems missing in _pd_block_diffractogram_id list of 'data_2'.
./cif_cod_check: tests/cif_cod_check_089.inp data_6: ERROR, diffractogram datablock 'data_6' does not contain phase list.
./cif_cod_check: tests/cif_cod_check_089.inp data_3: ERROR, phase datablock 'data_3' does not contain diffractogram list.
./cif_cod_check: tests/cif_cod_check_089.inp data_test: _journal_name_full is undefined
./cif_cod_check: tests/cif_cod_check_089.inp data_test: _publ_section_title is undefined
./cif_cod_check: tests/cif_cod_check_089.inp data_test: neither _journal_year nor _journal_volume is defined
./cif_cod_check: tests/cif_cod_check_089.inp data_test: neither _journal_page_first nor _journal_article_reference is defined
./cif_cod_check: tests/cif_cod_check_089.inp data_test: _publ_author_name is undefined
./cif_cod_check: tests/cif_cod_check_089.inp data_test: no _chemical_formula_sum
./cif_cod_check: tests/cif_cod_check_089.inp data_test: no symmetry information found
./cif_cod_check: tests/cif_cod_check_089.inp data_test: no spacegroup symbol to check cell constraints
./cif_cod_check: tests/cif_cod_check_089.inp data_overall: _journal_name_full is undefined
./cif_cod_check: tests/cif_cod_check_089.inp data_overall: _publ_section_title is undefined
./cif_cod_check: tests/cif_cod_check_089.inp data_overall: neither _journal_year nor _journal_volume is defined
./cif_cod_check: tests/cif_cod_check_089.inp data_overall: neither _journal_page_first nor _journal_article_reference is defined
./cif_cod_check: tests/cif_cod_check_089.inp data_overall: _publ_author_name is undefined
./cif_cod_check: tests/cif_cod_check_089.inp data_overall: no _chemical_formula_sum
./cif_cod_check: tests/cif_cod_check_089.inp data_overall: no symmetry information found
./cif_cod_check: tests/cif_cod_check_089.inp data_overall: no spacegroup symbol to check cell constraints
./cif_cod_check: tests/cif_cod_check_089.inp data_1: _journal_name_full is undefined
./cif_cod_check: tests/cif_cod_check_089.inp data_1: _publ_section_title is undefined
./cif_cod_check: tests/cif_cod_check_089.inp data_1: neither _journal_year nor _journal_volume is defined
./cif_cod_check: tests/cif_cod_check_089.inp data_1: neither _journal_page_first nor _journal_article_reference is defined
./cif_cod_check: tests/cif_cod_check_089.inp data_1: _publ_author_name is undefined
./cif_cod_check: tests/cif_cod_check_089.inp data_1: no _chemical_formula_sum
./cif_cod_check: tests/cif_cod_check_089.inp data_1: no symmetry information found
./cif_cod_check: tests/cif_cod_check_089.inp data_1: no spacegroup symbol to check cell constraints
./cif_cod_check: tests/cif_cod_check_089.inp data_2: _journal_name_full is undefined
./cif_cod_check: tests/cif_cod_check_089.inp data_2: _publ_section_title is undefined
./cif_cod_check: tests/cif_cod_check_089.inp data_2: neither _journal_year nor _journal_volume is defined
./cif_cod_check: tests/cif_cod_check_089.inp data_2: neither _journal_page_first nor _journal_article_reference is defined
./cif_cod_check: tests/cif_cod_check_089.inp data_2: _publ_author_name is undefined
./cif_cod_check: tests/cif_cod_check_089.inp data_2: no _chemical_formula_sum
./cif_cod_check: tests/cif_cod_check_089.inp data_2: no symmetry information found
./cif_cod_check: tests/cif_cod_check_089.inp data_2: no spacegroup symbol to check cell constraints
./cif_cod_check: tests/cif_cod_check_089.inp data_3: _journal_name_full is undefined
./cif_cod_check: tests/cif_cod_check_089.inp data_3: _publ_section_title is undefined
./cif_cod_check: tests/cif_cod_check_089.inp data_3: neither _journal_year nor _journal_volume is defined
./cif_cod_check: tests/cif_cod_check_089.inp data_3: neither _journal_page_first nor _journal_article_reference is defined
./cif_cod_check: tests/cif_cod_check_089.inp data_3: _publ_author_name is undefined
./cif_cod_check: tests/cif_cod_check_089.inp data_3: no _chemical_formula_sum
./cif_cod_check: tests/cif_cod_check_089.inp data_3: no symmetry information found
./cif_cod_check: tests/cif_cod_check_089.inp data_3: no spacegroup symbol to check cell constraints
./cif_cod_check: tests/cif_cod_check_089.inp data_4: _journal_name_full is undefined
./cif_cod_check: tests/cif_cod_check_089.inp data_4: _publ_section_title is undefined
./cif_cod_check: tests/cif_cod_check_089.inp data_4: neither _journal_year nor _journal_volume is defined
./cif_cod_check: tests/cif_cod_check_089.inp data_4: neither _journal_page_first nor _journal_article_reference is defined
./cif_cod_check: tests/cif_cod_check_089.inp data_4: _publ_author_name is undefined
./cif_cod_check: tests/cif_cod_check_089.inp data_4: no _chemical_formula_sum
./cif_cod_check: tests/cif_cod_check_089.inp data_4: no symmetry information found
./cif_cod_check: tests/cif_cod_check_089.inp data_4: no spacegroup symbol to check cell constraints
./cif_cod_check: tests/cif_cod_check_089.inp data_5: _journal_name_full is undefined
./cif_cod_check: tests/cif_cod_check_089.inp data_5: _publ_section_title is undefined
./cif_cod_check: tests/cif_cod_check_089.inp data_5: neither _journal_year nor _journal_volume is defined
./cif_cod_check: tests/cif_cod_check_089.inp data_5: neither _journal_page_first nor _journal_article_reference is defined
./cif_cod_check: tests/cif_cod_check_089.inp data_5: _publ_author_name is undefined
./cif_cod_check: tests/cif_cod_check_089.inp data_5: no _chemical_formula_sum
./cif_cod_check: tests/cif_cod_check_089.inp data_5: no symmetry information found
./cif_cod_check: tests/cif_cod_check_089.inp data_5: no spacegroup symbol to check cell constraints
./cif_cod_check: tests/cif_cod_check_089.inp data_6: _journal_name_full is undefined
./cif_cod_check: tests/cif_cod_check_089.inp data_6: _publ_section_title is undefined
./cif_cod_check: tests/cif_cod_check_089.inp data_6: neither _journal_year nor _journal_volume is defined
./cif_cod_check: tests/cif_cod_check_089.inp data_6: neither _journal_page_first nor _journal_article_reference is defined
./cif_cod_check: tests/cif_cod_check_089.inp data_6: _publ_author_name is undefined
./cif_cod_check: tests/cif_cod_check_089.inp data_6: no _chemical_formula_sum
./cif_cod_check: tests/cif_cod_check_089.inp data_6: no symmetry information found
./cif_cod_check: tests/cif_cod_check_089.inp data_6: no spacegroup symbol to check cell constraints
./cif_cod_check: tests/cif_cod_check_089.inp data_7: _journal_name_full is undefined
./cif_cod_check: tests/cif_cod_check_089.inp data_7: _publ_section_title is undefined
./cif_cod_check: tests/cif_cod_check_089.inp data_7: neither _journal_year nor _journal_volume is defined
./cif_cod_check: tests/cif_cod_check_089.inp data_7: neither _journal_page_first nor _journal_article_reference is defined
./cif_cod_check: tests/cif_cod_check_089.inp data_7: _publ_author_name is undefined
./cif_cod_check: tests/cif_cod_check_089.inp data_7: no _chemical_formula_sum
./cif_cod_check: tests/cif_cod_check_089.inp data_7: no symmetry information found
./cif_cod_check: tests/cif_cod_check_089.inp data_7: no spacegroup symbol to check cell constraints
./cif_cod_check: tests/cif_cod_check_089.inp data_8: _journal_name_full is undefined
./cif_cod_check: tests/cif_cod_check_089.inp data_8: _publ_section_title is undefined
./cif_cod_check: tests/cif_cod_check_089.inp data_8: neither _journal_year nor _journal_volume is defined
./cif_cod_check: tests/cif_cod_check_089.inp data_8: neither _journal_page_first nor _journal_article_reference is defined
./cif_cod_check: tests/cif_cod_check_089.inp data_8: _publ_author_name is undefined
./cif_cod_check: tests/cif_cod_check_089.inp data_8: no _chemical_formula_sum
./cif_cod_check: tests/cif_cod_check_089.inp data_8: no symmetry information found
./cif_cod_check: tests/cif_cod_check_089.inp data_8: no spacegroup symbol to check cell constraints
