FORMAT distance-matrix v1.0 http://cod.ibt.lt/cod-tools/trunk/perl-scripts/cif-distances/docs/cif_distances_matrix_v1.0 
Atom name: Co1 
Atom type: Co 
Orthogonal coordinates:    0.000    0.000    0.000
Fractional coordinates:    0.000    0.000    0.000
Atom site disorder group: . 
Atom site disorder assembly: . 
Symmetry operator: x,y,z 
Atom name: Co1 
Atom type: Co 
Orthogonal coordinates:    0.000    0.000    0.000
Fractional coordinates:    0.000    0.000    0.000
Atom site disorder group: . 
Atom site disorder assembly: . 
Symmetry operator: -x,-y,-z 
Atom name: Nd1 
Atom type: Nd 
Orthogonal coordinates:   -1.036    8.029    3.316
Fractional coordinates:    0.087    0.919    0.332
Atom site disorder group: . 
Atom site disorder assembly: . 
Symmetry operator: x,y,z 
Atom name: Nd1 
Atom type: Nd 
Orthogonal coordinates:    5.114   -2.140    6.671
Fractional coordinates:    0.913    0.081    0.668
Atom site disorder group: . 
Atom site disorder assembly: . 
Symmetry operator: -x,-y,-z 
Atom name: O1 
Atom type: O 
Orthogonal coordinates:   -1.179   -1.161    5.659
Fractional coordinates:    0.110    0.132    0.567
Atom site disorder group: . 
Atom site disorder assembly: . 
Symmetry operator: x,y,z 
Atom name: O1 
Atom type: O 
Orthogonal coordinates:    5.257    7.050    4.328
Fractional coordinates:    0.890    0.868    0.433
Atom site disorder group: . 
Atom site disorder assembly: . 
Symmetry operator: -x,-y,-z 
Atom name: O2 
Atom type: O 
Orthogonal coordinates:    0.553   -0.385    4.585
Fractional coordinates:    0.277    0.161    0.459
Atom site disorder group: . 
Atom site disorder assembly: . 
Symmetry operator: x,y,z 
Atom name: O2 
Atom type: O 
Orthogonal coordinates:    3.525    6.273    5.402
Fractional coordinates:    0.724    0.839    0.541
Atom site disorder group: . 
Atom site disorder assembly: . 
Symmetry operator: -x,-y,-z 
Atom name: O3 
Atom type: O 
Orthogonal coordinates:    0.258    9.184    1.529
Fractional coordinates:    0.169    0.953    0.153
Atom site disorder group: . 
Atom site disorder assembly: . 
Symmetry operator: x,y,z 
Atom name: O3 
Atom type: O 
Orthogonal coordinates:    3.820   -3.296    8.458
Fractional coordinates:    0.831    0.047    0.847
Atom site disorder group: . 
Atom site disorder assembly: . 
Symmetry operator: -x,-y,-z 
Atom name: O4 
Atom type: O 
Orthogonal coordinates:    1.516    8.157    2.983
Fractional coordinates:    0.382    0.917    0.299
Atom site disorder group: . 
Atom site disorder assembly: . 
Symmetry operator: x,y,z 
Atom name: O4 
Atom type: O 
Orthogonal coordinates:    2.561   -2.268    7.004
Fractional coordinates:    0.618    0.083    0.701
Atom site disorder group: . 
Atom site disorder assembly: . 
Symmetry operator: -x,-y,-z 
ATOMS      Co1/Co     Nd1/Nd     O1/O       O2/O       O3/O       O4/O       
Co1/Co     0.000      4.068      5.896      4.634      2.115      4.276      
Nd1/Nd     4.068      0.000      2.406      2.508      2.490      2.577      
O1/O       5.896      2.406      0.000      2.181      4.615      4.126      
O2/O       4.634      2.508      2.181      0.000      3.171      2.890      
O3/O       2.115      2.490      4.615      3.171      0.000      2.180      
O4/O       4.276      2.577      4.126      2.890      2.180      0.000      

