41
4504659
 F 1.95837 2.95420 1.74341
 O 7.28575 2.86815 1.77183
 N 3.33176 0.56816 1.75310
 H 3.81368 -0.15081 1.69601
 H 2.53154 0.53725 1.64176
 N 5.33474 1.70430 1.76176
 N 5.35817 4.05961 1.71848
 H 5.87402 4.80695 1.66630
 C 3.99976 4.11381 1.71461
 H 3.56080 4.94834 1.67922
 C 3.30814 2.96250 1.74186
 C 3.99306 1.71505 1.75607
 C 6.03303 2.86485 1.75620
 F 10.29631 7.66238 1.44839
 O 4.96697 7.62166 1.51775
 N 8.90203 5.29170 1.57356
 H 8.41388 4.55247 1.55909
 H 9.72370 5.24995 1.49579
 N 6.90752 6.43877 1.53829
 N 6.90329 8.79842 1.49941
 H 6.40732 9.53850 1.53584
 C 8.26360 8.83895 1.48688
 H 8.63440 9.67989 1.50225
 C 8.94508 7.68745 1.49554
 C 8.24679 6.44085 1.53700
 C 6.21552 7.60620 1.51310
 O 9.25488 4.89065 5.13337
 H 9.78922 5.42997 4.80902
 H 9.37285 4.16226 4.75348
 O 10.16315 9.54501 5.12665
 H 9.67753 10.09555 4.73798
 H 10.04808 8.81181 4.77931
 O 8.76794 11.73585 3.98543
 H 8.27057 11.84773 3.31839
 H 8.29402 11.92313 4.64885
 O 10.94498 6.96367 4.34672
 H 10.74481 7.74014 4.50030
 H 11.40869 6.96537 3.64907
 O 7.10454 11.62595 6.18546
 H 6.28287 11.79118 6.15885
 H 7.37151 11.81003 6.93517
