./cif_cod_check: tests/cif_cod_check_097.inp data_diffractogram_1: WARNING, value 'phase_2' seems missing in _pd_phase_block_id list of 'data_diffractogram_1'.
./cif_cod_check: tests/cif_cod_check_097.inp data_overall: _journal_name_full is undefined
./cif_cod_check: tests/cif_cod_check_097.inp data_overall: _publ_section_title is undefined
./cif_cod_check: tests/cif_cod_check_097.inp data_overall: neither _journal_year nor _journal_volume is defined
./cif_cod_check: tests/cif_cod_check_097.inp data_overall: neither _journal_page_first nor _journal_article_reference is defined
./cif_cod_check: tests/cif_cod_check_097.inp data_overall: _publ_author_name is undefined
./cif_cod_check: tests/cif_cod_check_097.inp data_overall: no _chemical_formula_sum
./cif_cod_check: tests/cif_cod_check_097.inp data_overall: no symmetry information found
./cif_cod_check: tests/cif_cod_check_097.inp data_overall: no spacegroup symbol to check cell constraints
./cif_cod_check: tests/cif_cod_check_097.inp data_phase_1: _journal_name_full is undefined
./cif_cod_check: tests/cif_cod_check_097.inp data_phase_1: _publ_section_title is undefined
./cif_cod_check: tests/cif_cod_check_097.inp data_phase_1: neither _journal_year nor _journal_volume is defined
./cif_cod_check: tests/cif_cod_check_097.inp data_phase_1: neither _journal_page_first nor _journal_article_reference is defined
./cif_cod_check: tests/cif_cod_check_097.inp data_phase_1: _publ_author_name is undefined
./cif_cod_check: tests/cif_cod_check_097.inp data_phase_1: no _chemical_formula_sum
./cif_cod_check: tests/cif_cod_check_097.inp data_phase_1: no symmetry information found
./cif_cod_check: tests/cif_cod_check_097.inp data_phase_1: no spacegroup symbol to check cell constraints
./cif_cod_check: tests/cif_cod_check_097.inp data_phase_2: _journal_name_full is undefined
./cif_cod_check: tests/cif_cod_check_097.inp data_phase_2: _publ_section_title is undefined
./cif_cod_check: tests/cif_cod_check_097.inp data_phase_2: neither _journal_year nor _journal_volume is defined
./cif_cod_check: tests/cif_cod_check_097.inp data_phase_2: neither _journal_page_first nor _journal_article_reference is defined
./cif_cod_check: tests/cif_cod_check_097.inp data_phase_2: _publ_author_name is undefined
./cif_cod_check: tests/cif_cod_check_097.inp data_phase_2: no _chemical_formula_sum
./cif_cod_check: tests/cif_cod_check_097.inp data_phase_2: no symmetry information found
./cif_cod_check: tests/cif_cod_check_097.inp data_phase_2: no spacegroup symbol to check cell constraints
./cif_cod_check: tests/cif_cod_check_097.inp data_diffractogram_1: _journal_name_full is undefined
./cif_cod_check: tests/cif_cod_check_097.inp data_diffractogram_1: _publ_section_title is undefined
./cif_cod_check: tests/cif_cod_check_097.inp data_diffractogram_1: neither _journal_year nor _journal_volume is defined
./cif_cod_check: tests/cif_cod_check_097.inp data_diffractogram_1: neither _journal_page_first nor _journal_article_reference is defined
./cif_cod_check: tests/cif_cod_check_097.inp data_diffractogram_1: _publ_author_name is undefined
./cif_cod_check: tests/cif_cod_check_097.inp data_diffractogram_1: no _chemical_formula_sum
./cif_cod_check: tests/cif_cod_check_097.inp data_diffractogram_1: no symmetry information found
./cif_cod_check: tests/cif_cod_check_097.inp data_diffractogram_1: no spacegroup symbol to check cell constraints
