./cif_distances: tests/cif_distances_014.inp data_1004000: WARNING, atom label 'H1B' is not unique.
./cif_distances: tests/cif_distances_014.inp data_1004000: WARNING, atom label 'H2B' is not unique.
./cif_distances: tests/cif_distances_014.inp data_1004000: WARNING, atom label 'H3B' is not unique.
FORMAT distance_matrix v1.0 svn://www.crystallography.net/cod-tools/trunk/perl-scripts/docs/cif_distances_distance_matrix_v1.0
ATOMS      C1/C       C2/C       C3/C       H1A/H      H1B/H      H1B/H      
C1/C       0.000      4.737      3.780      1.878      1.882      0.981      
C2/C       4.737      0.000      3.591      5.107      3.967      4.236      
C3/C       3.780      3.591      0.000      3.241      4.488      3.977      
H1A/H      1.878      5.107      3.241      0.000      1.272      2.208      
H1B/H      1.882      3.967      4.488      1.272      0.000      2.206      
H1B/H      0.981      4.236      3.977      2.208      2.206      0.000      
H1C/H      0.980      4.426      3.315      2.226      2.650      1.600      
H1D/H      0.979      4.141      3.307      2.645      2.235      1.600      
H2A/H      3.574      1.866      5.030      4.347      4.086      2.631      
H2B/H      3.514      1.859      5.115      4.182      4.289      2.544      
H2B/H      5.035      0.980      3.107      4.546      3.919      4.324      
H2C/H      3.881      0.980      3.391      4.437      3.191      3.976      
H2D/H      4.185      0.980      3.153      4.280      4.722      3.684      
H3A/H      4.781      3.360      1.905      3.943      4.725      4.585      
H3B/H      3.562      4.434      1.909      4.137      5.203      3.269      
H3B/H      3.027      3.885      0.980      2.288      3.521      3.302      
H3C/H      4.487      3.356      0.980      3.518      4.336      4.550      
H3D/H      3.059      3.020      0.980      3.762      4.558      3.425      
N1/N       1.481      4.635      3.810      0.789      0.794      2.030      
N2/N       3.885      1.476      5.018      4.486      4.419      2.907      
N3/N       4.060      3.918      1.477      4.082      5.215      3.918      
S4/S       3.564      3.393      3.556      4.069      3.421      3.894      
S5/S       4.193      3.665      3.885      3.276      3.098      3.699      
S6/S       3.619      3.587      3.862      3.699      4.205      3.653      
S7/S       3.777      3.619      3.597      2.738      3.134      3.304      
W1/W       3.260      4.744      4.571      2.625      2.626      4.118      
W2/W       4.682      3.224      5.357      4.323      4.337      3.866      
W3/W       5.058      4.536      3.253      4.689      4.488      4.897      

ATOMS      H1C/H      H1D/H      H2A/H      H2B/H      H2B/H      H2C/H      
C1/C       0.980      0.979      3.574      3.514      5.035      3.881      
C2/C       4.426      4.141      1.866      1.859      0.980      0.980      
C3/C       3.315      3.307      5.030      5.115      3.107      3.391      
H1A/H      2.226      2.645      4.347      4.182      4.546      4.437      
H1B/H      2.650      2.235      4.086      4.289      3.919      3.191      
H1B/H      1.600      1.600      2.631      2.544      4.324      3.976      
H1C/H      0.000      1.601      4.159      3.844      5.164      4.233      
H1D/H      1.601      0.000      3.823      4.001      4.689      3.331      
H2A/H      4.159      3.823      0.000      1.233      2.205      2.219      
H2B/H      3.844      4.001      1.233      0.000      2.196      2.621      
H2B/H      5.164      4.689      2.205      2.196      0.000      1.601      
H2C/H      4.233      3.331      2.219      2.621      1.601      0.000      
H2D/H      3.717      3.741      2.628      2.215      1.600      1.601      
H3A/H      4.339      4.404      3.765      3.808      2.398      3.827      
H3B/H      3.576      3.264      3.682      3.702      3.689      4.865      
H3B/H      2.519      3.622      5.100      4.748      3.404      3.896      
H3C/H      4.024      4.062      4.660      4.685      2.557      3.236      
H3D/H      2.867      2.474      4.792      4.751      3.323      2.690      
N1/N       2.030      2.030      4.303      4.308      4.666      3.795      
N2/N       4.356      4.283      0.766      0.760      2.025      2.026      
N3/N       4.031      3.612      4.451      4.479      2.939      4.381      
S4/S       3.885      2.811      3.540      4.046      4.287      2.797      
S5/S       4.652      4.480      3.090      3.897      3.187      3.611      
S6/S       3.064      3.779      3.837      2.979      3.402      3.882      
S7/S       4.038      4.662      3.854      3.326      3.190      4.300      
W1/W       3.387      3.375      4.752      4.805      5.301      4.531      
W2/W       4.708      4.583      2.633      2.632      4.097      3.331      
W3/W       5.088      4.340      4.596      4.632      3.748      4.882      

ATOMS      H2D/H      H3A/H      H3B/H      H3B/H      H3C/H      H3D/H      
C1/C       4.185      4.781      3.562      3.027      4.487      3.059      
C2/C       0.980      3.360      4.434      3.885      3.356      3.020      
C3/C       3.153      1.905      1.909      0.980      0.980      0.980      
H1A/H      4.280      3.943      4.137      2.288      3.518      3.762      
H1B/H      4.722      4.725      5.203      3.521      4.336      4.558      
H1B/H      3.684      4.585      3.269      3.302      4.550      3.425      
H1C/H      3.717      4.339      3.576      2.519      4.024      2.867      
H1D/H      3.741      4.404      3.264      3.622      4.062      2.474      
H2A/H      2.628      3.765      3.682      5.100      4.660      4.792      
H2B/H      2.215      3.808      3.702      4.748      4.685      4.751      
H2B/H      1.600      2.398      3.689      3.404      2.557      3.323      
H2C/H      1.601      3.827      4.865      3.896      3.236      2.690      
H2D/H      0.000      3.892      4.805      3.240      3.120      2.605      
H3A/H      3.892      0.000      1.349      2.218      2.245      2.682      
H3B/H      4.805      1.349      0.000      2.225      2.685      2.246      
H3B/H      3.240      2.218      2.225      0.000      1.600      1.600      
H3C/H      3.120      2.245      2.685      1.600      0.000      1.600      
H3D/H      2.605      2.682      2.246      1.600      1.600      0.000      
N1/N       4.763      4.417      4.467      2.831      4.205      4.256      
N2/N       2.026      3.908      4.038      5.238      4.580      4.370      
N3/N       4.314      0.837      0.840      2.026      2.026      2.027      
S4/S       3.578      4.115      3.451      4.420      3.845      2.979      
S5/S       4.613      2.837      3.153      3.424      4.054      4.742      
S6/S       2.979      3.203      2.797      3.357      4.620      4.206      
S7/S       3.127      3.670      4.213      3.196      3.032      3.783      
W1/W       4.472      4.200      4.326      3.744      4.680      4.606      
W2/W       3.325      4.653      4.512      5.364      5.065      5.064      
W3/W       4.521      2.641      2.637      4.108      3.375      3.378      

ATOMS      N1/N       N2/N       N3/N       S4/S       S5/S       S6/S       
C1/C       1.481      3.885      4.060      3.564      4.193      3.619      
C2/C       4.635      1.476      3.918      3.393      3.665      3.587      
C3/C       3.810      5.018      1.477      3.556      3.885      3.862      
H1A/H      0.789      4.486      4.082      4.069      3.276      3.699      
H1B/H      0.794      4.419      5.215      3.421      3.098      4.205      
H1B/H      2.030      2.907      3.918      3.894      3.699      3.653      
H1C/H      2.030      4.356      4.031      3.885      4.652      3.064      
H1D/H      2.030      4.283      3.612      2.811      4.480      3.779      
H2A/H      4.303      0.766      4.451      3.540      3.090      3.837      
H2B/H      4.308      0.760      4.479      4.046      3.897      2.979      
H2B/H      4.666      2.025      2.939      4.287      3.187      3.402      
H2C/H      3.795      2.026      4.381      2.797      3.611      3.882      
H2D/H      4.763      2.026      4.314      3.578      4.613      2.979      
H3A/H      4.417      3.908      0.837      4.115      2.837      3.203      
H3B/H      4.467      4.038      0.840      3.451      3.153      2.797      
H3B/H      2.831      5.238      2.026      4.420      3.424      3.357      
H3C/H      4.205      4.580      2.026      3.845      4.054      4.620      
H3D/H      4.256      4.370      2.027      2.979      4.742      4.206      
N1/N       0.000      4.570      4.544      3.345      3.546      3.508      
N2/N       4.570      0.000      4.610      3.367      3.506      3.426      
N3/N       4.544      4.610      0.000      3.349      3.443      3.440      
S4/S       3.345      3.367      3.349      0.000      3.480      3.506      
S5/S       3.546      3.506      3.443      3.480      0.000      3.484      
S6/S       3.508      3.426      3.440      3.506      3.484      0.000      
S7/S       3.385      3.548      3.472      3.463      3.453      3.466      
W1/W       2.276      4.510      4.520      2.442      2.479      2.480      
W2/W       4.526      2.293      4.513      2.448      2.475      2.469      
W3/W       4.500      4.551      2.265      2.436      2.481      2.455      

ATOMS      S7/S       W1/W       W2/W       W3/W       
C1/C       3.777      3.260      4.682      5.058      
C2/C       3.619      4.744      3.224      4.536      
C3/C       3.597      4.571      5.357      3.253      
H1A/H      2.738      2.625      4.323      4.689      
H1B/H      3.134      2.626      4.337      4.488      
H1B/H      3.304      4.118      3.866      4.897      
H1C/H      4.038      3.387      4.708      5.088      
H1D/H      4.662      3.375      4.583      4.340      
H2A/H      3.854      4.752      2.633      4.596      
H2B/H      3.326      4.805      2.632      4.632      
H2B/H      3.190      5.301      4.097      3.748      
H2C/H      4.300      4.531      3.331      4.882      
H2D/H      3.127      4.472      3.325      4.521      
H3A/H      3.670      4.200      4.653      2.641      
H3B/H      4.213      4.326      4.512      2.637      
H3B/H      3.196      3.744      5.364      4.108      
H3C/H      3.032      4.680      5.065      3.375      
H3D/H      3.783      4.606      5.064      3.378      
N1/N       3.385      2.276      4.526      4.500      
N2/N       3.548      4.510      2.293      4.551      
N3/N       3.472      4.520      4.513      2.265      
S4/S       3.463      2.442      2.448      2.436      
S5/S       3.453      2.479      2.475      2.481      
S6/S       3.466      2.480      2.469      2.455      
S7/S       0.000      2.450      2.457      2.468      
W1/W       2.450      0.000      2.649      2.653      
W2/W       2.457      2.649      0.000      2.655      
W3/W       2.468      2.653      2.655      0.000      

