 -3  -3  -4 761.719 368.481 380.452
 -3  -3  -3 634.632 250.858 266.143
 -3  -3  -2 1809.682 1008.043 1047.983
 -3  -3  -1 913.118 512.169 530.844
 -3  -3   0 3460.196 2494.356 2514.800
 -3  -3   1 485.287 181.284 191.736
 -3  -2  -6 671.487 654.823 648.930
 -3  -2  -5 2695.548 1754.625 1787.943
 -3  -2  -4 2598.790 1800.167 1828.785
 -3  -2  -3 247.439 147.553 147.002
 -3  -2  -2 711.601 529.969 519.280
 -3  -2  -1 467.895 271.127 286.280
 -3  -2   0 20173.756 14817.632 14989.959
 -3  -2   1 283.022 135.988 141.260
 -3  -2   2 2738.137 2456.853 2467.031
 -3  -2   3 2594.658 1776.135 1766.790
 -3  -1  -6 8.016 32.414 33.113
 -3  -1  -5 128.325 51.572 51.214
 -3  -1  -4 27.447 8.733 7.911
 -3  -1  -3 1151.899 1072.807 1085.913
 -3  -1  -2 6.272 8.073 8.285
 -3  -1  -1 3615.542 3113.728 3142.632
 -3  -1   0 457.570 383.597 391.396
 -3  -1   1 1563.366 1335.168 1355.450
 -3  -1   2 541.171 395.510 400.247
 -3  -1   3 151.540 46.245 45.554
 -3  -1   4 1.322 14.257 14.313
 -3   0  -6 93.555 51.111 52.661
 -3   0  -5 1454.582 934.487 960.284
 -3   0  -4 434.472 269.424 284.206
 -3   0  -3 209.177 181.414 191.300
 -3   0  -2 29.735 40.731 43.074
 -3   0  -1 405.074 255.244 260.566
 -3   0   0 2720.907 2100.062 2143.672
 -3   0   1 163.612 256.818 244.139
 -3   0   2 5290.857 4227.410 4271.186
 -3   0   3 675.990 487.513 487.136
 -3   0   4 765.836 370.085 379.753
 -3   0   5 1847.130 1117.294 1133.644
 -3   1  -5 1587.829 1135.783 1154.999
 -3   1  -4 6102.065 4719.231 4752.992
 -3   1  -3 1819.757 1257.686 1299.726
 -3   1  -2 4124.061 2883.177 2961.445
 -3   1  -1 3707.864 2613.739 2677.306
 -3   1   0 132.776 82.895 87.447
 -3   1   1 151.948 162.563 157.822
 -3   1   2 2789.409 1931.582 1970.638
 -3   1   3 241.082 84.465 92.116
 -3   1   4 2798.981 2014.216 2044.358
 -3   2  -4 470.000 239.048 253.897
 -3   2  -3 346.041 206.357 215.507
 -3   2  -2 1.703 3.797 4.319
 -3   2  -1 3328.831 2317.902 2358.332
 -3   2   0 722.684 429.384 448.656
 -3   2   1 284.508 191.765 204.320
 -3   2   2 9.278 22.473 20.598
 -3   2   3 3193.971 2315.713 2324.667
 -3   2   4 54.954 44.129 44.108
 -3   3   0 3498.380 2441.642 2459.604
 -2  -4  -4 506.147 404.975 414.123
 -2  -4  -3 21.274 13.713 14.106
 -2  -4  -2 732.842 733.513 726.688
 -2  -4  -1 5093.826 3695.446 3748.658
 -2  -4   0 1242.927 831.424 846.612
 -2  -4   1 58.927 44.486 44.317
 -2  -3  -6 7977.274 6360.819 6390.779
 -2  -3  -5 7415.095 5622.489 5685.769
 -2  -3  -4 5515.492 3819.070 3907.877
 -2  -3  -3 2715.764 1848.905 1905.256
 -2  -3  -2 1870.781 1400.165 1427.422
 -2  -3  -1 425.541 333.822 336.595
 -2  -3   0 10.822 19.325 16.726
 -2  -3   1 3381.879 2503.802 2552.364
 -2  -3   2 1250.582 707.676 720.473
 -2  -3   3 1212.989 921.630 927.169
 -2  -3   4 5157.563 3664.224 3680.578
 -2  -2  -8 507.138 424.935 420.189
 -2  -2  -7 4046.706 2936.418 3000.048
 -2  -2  -6 49.118 0.765 2.012
 -2  -2  -5 2736.922 1984.067 2028.930
 -2  -2  -4 484.946 351.342 358.157
 -2  -2  -3 2461.201 2198.776 2229.438
 -2  -2  -2 7079.728 5871.104 5966.044
 -2  -2  -1 87.039 19.610 23.626
 -2  -2   0 6091.090 4817.045 4874.404
 -2  -2   1 8396.506 6774.311 6817.627
 -2  -2   2 5092.103 4594.884 4612.053
 -2  -2   3 454.505 456.448 457.187
 -2  -2   4 328.803 219.700 220.492
 -2  -2   5 1943.391 1125.243 1137.539
 -2  -2   6 73.867 0.331 0.165
 -2  -1  -8 371.211 374.695 371.510
 -2  -1  -7 4589.907 3350.837 3367.322
 -2  -1  -6 3435.664 3121.031 3154.611
 -2  -1  -5 516.055 466.798 483.123
 -2  -1  -4 113.305 99.872 95.077
 -2  -1  -3 1130.163 940.567 954.093
 -2  -1  -2 3079.854 2650.273 2659.547
 -2  -1  -1 517.501 522.219 528.596
 -2  -1   0 272.370 176.515 176.834
 -2  -1   1 10681.284 9723.508 9738.808
 -2  -1   2 14898.192 12894.848 12951.850
 -2  -1   3 498.331 590.562 580.822
 -2  -1   4 9.788 0.076 0.413
 -2  -1   5 3785.887 2608.996 2661.989
 -2  -1   6 219.886 211.367 205.957
 -2   0  -8 454.212 448.123 457.886
 -2   0  -7 6372.976 5142.635 5164.627
 -2   0  -6 898.209 640.359 650.511
 -2   0  -5 2605.230 2084.748 2120.599
 -2   0  -4 1057.318 1009.403 1037.068
 -2   0  -3 4487.652 4228.497 4253.067
 -2   0  -2 1614.377 1439.491 1449.106
 -2   0  -1 2286.173 1963.729 1985.614
 -2   0   0 204.628 196.445 202.289
 -2   0   1 29213.708 26380.215 26449.090
 -2   0   2 14040.161 13188.147 13139.612
 -2   0   3 9526.547 8363.054 8424.606
 -2   0   4 44.128 81.123 79.982
 -2   0   5 759.400 457.309 466.643
 -2   0   6 8512.383 5516.917 5601.696
 -2   0   7 4405.054 2480.998 2537.300
 -2   1  -7 4086.802 2686.373 2757.917
 -2   1  -6 1465.662 1002.057 1022.895
 -2   1  -5 481.314 291.637 295.525
 -2   1  -4 840.302 550.679 571.202
 -2   1  -3 42.457 17.102 22.477
 -2   1  -2 10260.666 8976.712 9080.076
 -2   1  -1 0.319 2.765 2.333
 -2   1   0 730.374 542.054 547.093
 -2   1   1 13444.993 12039.489 12116.657
 -2   1   2 6851.261 6458.097 6445.206
 -2   1   3 515.910 435.068 432.082
 -2   1   4 1251.102 1036.362 1050.035
 -2   1   5 391.101 389.421 387.410
 -2   1   6 3163.312 2309.092 2316.624
 -2   1   7 455.328 296.226 302.597
 -2   2  -6 13679.057 9788.753 9928.263
 -2   2  -5 748.949 403.128 426.773
 -2   2  -4 1522.684 1311.311 1338.303
 -2   2  -3 12.273 8.487 9.054
 -2   2  -2 516.475 528.544 521.471
 -2   2  -1 13013.783 11212.258 11308.664
 -2   2   0 273.468 282.155 274.976
 -2   2   1 453.468 421.456 431.917
 -2   2   2 4876.722 4190.865 4228.446
 -2   2   3 690.716 678.629 672.455
 -2   2   4 54.244 65.525 62.879
 -2   2   5 4136.242 3284.835 3307.830
 -2   2   6 1019.186 743.417 753.303
 -2   3  -5 3272.040 2220.378 2242.931
 -2   3  -4 6.062 2.803 3.657
 -2   3  -3 1076.680 838.423 831.888
 -2   3  -2 419.743 394.558 402.157
 -2   3  -1 2147.062 1842.058 1868.780
 -2   3   0 402.469 366.117 361.466
 -2   3   1 4624.592 3705.936 3742.094
 -2   3   2 1247.564 945.701 954.534
 -2   3   3 4146.613 3494.041 3530.930
 -2   3   4 106.259 155.039 145.045
 -2   3   5 84.668 6.046 8.820
 -2   4  -1 2332.944 1563.752 1586.166
 -2   4   0 296.090 288.617 290.051
 -2   4   1 732.951 492.590 500.677
 -2   4   2 305.832 112.159 119.307
 -1  -4  -6 43.101 68.589 65.350
 -1  -4  -5 1954.557 1386.820 1406.518
 -1  -4  -4 116.402 88.452 88.390
 -1  -4  -3 1088.079 878.440 889.591
 -1  -4  -2 493.834 453.356 451.584
 -1  -4  -1 570.593 563.448 559.867
 -1  -4   0 1620.804 1124.460 1142.909
 -1  -4   1 1555.472 991.903 1018.920
 -1  -4   2 525.332 436.181 430.596
 -1  -4   3 0.719 10.496 9.685
 -1  -3  -7 247.000 196.174 194.451
 -1  -3  -6 1215.852 846.500 862.072
 -1  -3  -5 159.740 52.536 58.803
 -1  -3  -4 2472.396 1891.566 1934.659
 -1  -3  -3 979.697 768.313 780.933
 -1  -3  -2 167.851 145.029 142.646
 -1  -3  -1 2090.802 1779.703 1803.586
 -1  -3   0 137.626 156.711 154.395
 -1  -3   1 6.852 10.758 10.464
 -1  -3   2 470.536 406.100 417.596
 -1  -3   3 7.390 2.546 3.533
 -1  -3   4 536.082 574.681 572.271
 -1  -3   5 627.154 414.241 411.287
 -1  -2  -8 3293.186 2328.851 2373.940
 -1  -2  -7 4664.156 3258.175 3340.440
 -1  -2  -6 2102.994 1447.745 1489.636
 -1  -2  -5 132.697 80.141 83.176
 -1  -2  -4 0.331 0.443 0.370
 -1  -2  -3 2.279 4.922 3.863
 -1  -2  -2 115.322 139.926 133.042
 -1  -2  -1 283.841 228.017 233.467
 -1  -2   0 479.290 413.346 417.912
 -1  -2   1 2705.232 2573.459 2556.486
 -1  -2   2 2097.396 1916.709 1935.494
 -1  -2   3 105.445 80.853 84.194
 -1  -2   4 2737.273 2394.694 2413.298
 -1  -2   5 3345.082 2576.811 2595.125
 -1  -2   6 3090.765 2262.098 2294.981
 -1  -2   7 2975.621 2288.201 2278.372
 -1  -1  -9 5564.767 4011.383 4065.013
 -1  -1  -8 978.879 967.042 964.380
 -1  -1  -7 71.297 46.847 45.880
 -1  -1  -6 204.586 164.724 169.626
 -1  -1  -5 1087.404 969.158 989.399
 -1  -1  -4 2799.600 2536.554 2560.782
 -1  -1  -3 2956.468 2642.290 2668.107
 -1  -1  -2 1142.173 1031.957 1055.769
 -1  -1  -1 230.379 210.974 218.509
 -1  -1   0 799.912 768.994 780.431
 -1  -1   1 4078.626 3968.900 3981.451
 -1  -1   2 18366.643 16779.318 16907.001
 -1  -1   3 20031.483 17431.556 17621.631
 -1  -1   4 9822.050 8041.233 8156.319
 -1  -1   5 1341.440 1032.329 1059.993
 -1  -1   6 127.919 82.002 81.332
 -1  -1   7 2038.605 1307.663 1339.042
 -1  -1   8 838.888 368.170 383.950
 -1   0  -9 10.853 0.416 0.203
 -1   0  -8 3844.234 3358.388 3385.165
 -1   0  -7 54.112 31.622 32.679
 -1   0  -6 4129.914 3427.583 3454.700
 -1   0  -5 1179.000 1061.619 1063.112
 -1   0  -4 6344.637 5663.604 5686.449
 -1   0  -3 209.907 175.715 180.805
 -1   0  -2 1329.071 1249.602 1266.719
 -1   0  -1 1200.856 1185.404 1200.765
 -1   0   0 1763.721 1676.088 1720.871
 -1   0   1 1302.077 1340.252 1299.881
 -1   0   2 2055.416 1907.999 1960.430
 -1   0   3 55.820 39.501 41.628
 -1   0   4 5.573 1.145 2.071
 -1   0   5 11704.816 9440.750 9582.834
 -1   0   6 176.040 54.622 63.639
 -1   0   7 737.196 446.569 466.104
 -1   0   8 590.355 387.643 390.722
 -1   1  -8 997.208 603.183 623.993
 -1   1  -7 2614.816 1954.835 1987.800
 -1   1  -6 219.058 253.413 252.797
 -1   1  -5 11184.166 9227.782 9304.081
 -1   1  -4 785.588 634.258 647.988
 -1   1  -3 1863.090 1761.375 1759.330
 -1   1  -2 40.038 37.825 39.179
 -1   1  -1 6837.647 6431.420 6494.311
 -1   1   0 3039.116 3012.374 2999.512
 -1   1   1 68.242 76.899 73.698
 -1   1   2 125.319 93.699 99.936
 -1   1   3 6910.890 6121.902 6198.560
 -1   1   4 14928.692 13035.730 13136.191
 -1   1   5 3254.968 2676.142 2688.720
 -1   1   6 3697.161 3115.273 3145.396
 -1   1   7 484.114 310.587 319.040
 -1   1   8 221.708 114.085 119.378
 -1   2  -7 0.279 39.853 35.483
 -1   2  -6 9921.209 7351.101 7444.852
 -1   2  -5 242.852 216.001 224.909
 -1   2  -4 1094.551 925.575 921.335
 -1   2  -3 133.855 109.953 109.932
 -1   2  -2 83.784 71.324 70.708
 -1   2  -1 701.521 637.066 636.579
 -1   2   0 245.126 182.471 182.283
 -1   2   1 6275.757 5930.772 5927.942
 -1   2   2 19107.759 17290.728 17398.440
 -1   2   3 8538.550 7307.302 7366.279
 -1   2   4 60.021 31.487 33.208
 -1   2   5 243.705 193.584 192.433
 -1   2   6 511.731 368.729 372.816
 -1   2   7 1730.378 1235.586 1251.654
 -1   2   8 60.855 72.397 72.081
 -1   3  -6 4272.089 3438.002 3458.522
 -1   3  -5 1936.210 1605.489 1607.837
 -1   3  -4 312.787 284.404 287.784
 -1   3  -3 464.238 417.240 425.084
 -1   3  -2 511.959 433.368 446.434
 -1   3  -1 2382.347 1984.571 2034.138
 -1   3   0 4323.486 3415.289 3480.938
 -1   3   1 8.635 24.396 22.485
 -1   3   2 865.412 801.529 806.280
 -1   3   3 624.758 428.548 447.812
 -1   3   4 8906.917 6908.188 7025.546
 -1   3   5 548.106 296.636 310.974
 -1   3   6 144.560 90.566 93.839
 -1   3   7 32.651 50.071 49.165
 -1   4  -4 2666.536 1808.810 1840.962
 -1   4  -3 936.068 588.256 606.613
 -1   4  -2 272.350 123.546 129.065
 -1   4  -1 1109.787 893.742 900.267
 -1   4   0 114.821 59.025 64.839
 -1   4   1 1636.592 1134.111 1182.371
 -1   4   2 136.677 13.274 17.930
 -1   4   3 8588.239 6461.844 6537.580
 -1   4   4 337.161 275.353 277.259
 -1   4   5 944.696 595.794 615.924
  0  -4  -6 3008.088 2377.916 2403.006
  0  -4  -5 758.680 441.099 451.658
  0  -4  -4 33.417 39.682 38.114
  0  -4  -3 437.560 357.954 359.144
  0  -4  -2 142.104 74.348 80.207
  0  -4  -1 3575.898 2659.761 2728.018
  0  -4   0 5725.886 4090.389 4169.343
  0  -4   1 2598.359 1835.155 1866.729
  0  -4   2 341.856 325.767 324.363
  0  -4   3 4925.713 3312.714 3378.559
  0  -4   4 2911.041 1560.688 1610.238
  0  -3  -7 2410.873 2098.593 2092.029
  0  -3  -6 1556.551 1256.547 1279.364
  0  -3  -5 245.833 200.821 202.351
  0  -3  -4 1036.759 808.552 822.664
  0  -3  -3 2468.700 1927.990 1959.015
  0  -3  -2 2884.818 2528.427 2563.127
  0  -3  -1 1177.960 1002.676 1001.261
  0  -3   0 4708.208 3989.426 4037.987
  0  -3   1 2833.834 2212.228 2261.119
  0  -3   2 397.793 227.538 242.698
  0  -3   3 2550.137 2108.270 2140.508
  0  -3   4 1008.168 868.340 870.554
  0  -3   5 569.119 345.489 355.545
  0  -3   6 728.639 525.427 536.337
  0  -2  -8 4018.684 2578.074 2621.735
  0  -2  -7 655.253 376.956 387.841
  0  -2  -6 91.504 91.882 89.457
  0  -2  -5 121.450 101.429 100.587
  0  -2  -4 4544.385 4212.255 4215.324
  0  -2  -3 1032.221 996.964 991.514
  0  -2  -2 636.742 628.044 623.204
  0  -2  -1 127.249 124.143 123.339
  0  -2   0 14545.478 13822.087 13847.544
  0  -2   1 10.692 15.997 14.231
  0  -2   2 2354.684 2267.454 2245.684
  0  -2   3 2786.340 2489.762 2507.214
  0  -2   4 253.785 223.755 225.302
  0  -2   5 9.127 22.848 23.030
  0  -2   6 1272.185 1107.048 1113.894
  0  -2   7 2221.890 1425.644 1435.112
  0  -1  -9 636.558 329.237 339.469
  0  -1  -8 284.491 152.249 155.296
  0  -1  -7 23.381 12.543 12.839
  0  -1  -6 1015.463 898.810 902.587
  0  -1  -5 40.177 35.006 33.965
  0  -1  -4 148.921 168.846 162.630
  0  -1  -3 44.069 32.760 37.279
  0  -1  -2 3040.100 2896.681 2961.673
  0  -1  -1 4079.881 3963.682 4031.530
  0  -1   0 784.279 783.765 783.126
  0  -1   1 618.409 627.070 616.574
  0  -1   2 1036.989 950.188 981.409
  0  -1   3 154.389 113.779 126.752
  0  -1   4 4588.922 4157.480 4200.334
  0  -1   5 1311.747 1062.483 1069.224
  0  -1   6 590.151 313.859 320.146
  0  -1   7 629.548 386.320 395.454
  0  -1   8 2169.703 1523.501 1533.774
  0   0  -9 1672.052 1060.628 1066.778
  0   0  -8 987.853 833.551 835.289
  0   0  -7 55.806 38.453 39.668
  0   0  -6 330.379 364.957 356.413
  0   0  -5 11830.118 10084.102 10203.059
  0   0  -4 1106.790 916.341 948.687
  0   0  -3 254.821 251.689 256.561
  0   0  -2 108.106 107.959 104.660
  0   0  -1 2508.963 2517.965 2462.391
  0   0   1 2508.963 2517.965 2462.391
  0   0   2 108.106 107.959 104.660
  0   0   3 254.821 251.689 256.561
  0   0   4 1106.790 916.341 948.687
  0   0   5 11830.118 10084.102 10203.059
  0   0   6 330.379 364.957 356.413
  0   0   7 55.806 38.453 39.668
  0   0   8 987.853 833.551 835.289
  0   0   9 1672.052 1060.628 1066.778
  0   1  -8 2169.703 1523.501 1533.774
  0   1  -7 629.548 386.320 395.454
  0   1  -6 590.151 313.859 320.146
  0   1  -5 1311.747 1062.483 1069.224
  0   1  -4 4588.922 4157.480 4200.334
  0   1  -3 154.389 113.779 126.752
  0   1  -2 1036.989 950.188 981.409
  0   1  -1 618.409 627.070 616.574
  0   1   0 784.279 783.765 783.126
  0   1   1 4079.881 3963.682 4031.530
  0   1   2 3040.100 2896.681 2961.673
  0   1   3 44.069 32.760 37.279
  0   1   4 148.921 168.846 162.630
  0   1   5 40.177 35.006 33.965
  0   1   6 1015.463 898.810 902.587
  0   1   7 23.381 12.543 12.839
  0   1   8 284.491 152.249 155.296
  0   1   9 636.558 329.237 339.469
  0   2  -7 2221.890 1425.644 1435.112
  0   2  -6 1272.185 1107.048 1113.894
  0   2  -5 9.127 22.848 23.030
  0   2  -4 253.785 223.755 225.302
  0   2  -3 2786.340 2489.762 2507.214
  0   2  -2 2354.684 2267.454 2245.684
  0   2  -1 10.692 15.997 14.231
  0   2   0 14545.478 13822.087 13847.544
  0   2   1 127.249 124.143 123.339
  0   2   2 636.742 628.044 623.204
  0   2   3 1032.221 996.964 991.514
  0   2   4 4544.385 4212.255 4215.324
  0   2   5 121.450 101.429 100.587
  0   2   6 91.504 91.882 89.457
  0   2   7 655.253 376.956 387.841
  0   2   8 4018.684 2578.074 2621.735
  0   3  -6 728.639 525.427 536.337
  0   3  -5 569.119 345.489 355.545
  0   3  -4 1008.168 868.340 870.554
  0   3  -3 2550.137 2108.270 2140.508
  0   3  -2 397.793 227.538 242.698
  0   3  -1 2833.834 2212.228 2261.119
  0   3   0 4708.208 3989.426 4037.987
  0   3   1 1177.960 1002.676 1001.261
  0   3   2 2884.818 2528.427 2563.127
  0   3   3 2468.700 1927.990 1959.015
  0   3   4 1036.759 808.552 822.664
  0   3   5 245.833 200.821 202.351
  0   3   6 1556.551 1256.547 1279.364
  0   3   7 2410.873 2098.593 2092.029
  0   4  -4 2911.041 1560.688 1610.238
  0   4  -3 4925.713 3312.714 3378.559
  0   4  -2 341.856 325.767 324.363
  0   4  -1 2598.359 1835.155 1866.729
  0   4   0 5725.886 4090.389 4169.343
  0   4   1 3575.898 2659.761 2728.018
  0   4   2 142.104 74.348 80.207
  0   4   3 437.560 357.954 359.144
  0   4   4 33.417 39.682 38.114
  0   4   5 758.680 441.099 451.658
  0   4   6 3008.088 2377.916 2403.006
  1  -4  -5 944.696 595.794 615.924
  1  -4  -4 337.161 275.353 277.259
  1  -4  -3 8588.239 6461.844 6537.580
  1  -4  -2 136.677 13.274 17.930
  1  -4  -1 1636.592 1134.111 1182.371
  1  -4   0 114.821 59.025 64.839
  1  -4   1 1109.787 893.742 900.267
  1  -4   2 272.350 123.546 129.065
  1  -4   3 936.068 588.256 606.613
  1  -4   4 2666.536 1808.810 1840.962
  1  -3  -7 32.651 50.071 49.165
  1  -3  -6 144.560 90.566 93.839
  1  -3  -5 548.106 296.636 310.974
  1  -3  -4 8906.917 6908.188 7025.546
  1  -3  -3 624.758 428.548 447.812
  1  -3  -2 865.412 801.529 806.280
  1  -3  -1 8.635 24.396 22.485
  1  -3   0 4323.486 3415.289 3480.938
  1  -3   1 2382.347 1984.571 2034.138
  1  -3   2 511.959 433.368 446.434
  1  -3   3 464.238 417.240 425.084
  1  -3   4 312.787 284.404 287.784
  1  -3   5 1936.210 1605.489 1607.837
  1  -3   6 4272.089 3438.002 3458.522
  1  -2  -8 60.855 72.397 72.081
  1  -2  -7 1730.378 1235.586 1251.654
  1  -2  -6 511.731 368.729 372.816
  1  -2  -5 243.705 193.584 192.433
  1  -2  -4 60.021 31.487 33.208
  1  -2  -3 8538.550 7307.302 7366.279
  1  -2  -2 19107.759 17290.728 17398.440
  1  -2  -1 6275.757 5930.772 5927.942
  1  -2   0 245.126 182.471 182.283
  1  -2   1 701.521 637.066 636.579
  1  -2   2 83.784 71.324 70.708
  1  -2   3 133.855 109.953 109.932
  1  -2   4 1094.551 925.575 921.335
  1  -2   5 242.852 216.001 224.909
  1  -2   6 9921.209 7351.101 7444.852
  1  -2   7 0.279 39.853 35.483
  1  -1  -8 221.708 114.085 119.378
  1  -1  -7 484.114 310.587 319.040
  1  -1  -6 3697.161 3115.273 3145.396
  1  -1  -5 3254.968 2676.142 2688.720
  1  -1  -4 14928.692 13035.730 13136.191
  1  -1  -3 6910.890 6121.902 6198.560
  1  -1  -2 125.319 93.699 99.936
  1  -1  -1 68.242 76.899 73.698
  1  -1   0 3039.116 3012.374 2999.512
  1  -1   1 6837.647 6431.420 6494.311
  1  -1   2 40.038 37.825 39.179
  1  -1   3 1863.090 1761.375 1759.330
  1  -1   4 785.588 634.258 647.988
  1  -1   5 11184.166 9227.782 9304.081
  1  -1   6 219.058 253.413 252.797
  1  -1   7 2614.816 1954.835 1987.800
  1  -1   8 997.208 603.183 623.993
  1   0  -8 590.355 387.643 390.722
  1   0  -7 737.196 446.569 466.104
  1   0  -6 176.040 54.622 63.639
  1   0  -5 11704.816 9440.750 9582.834
  1   0  -4 5.573 1.145 2.071
  1   0  -3 55.820 39.501 41.628
  1   0  -2 2055.416 1907.999 1960.430
  1   0  -1 1302.077 1340.252 1299.881
  1   0   0 1763.721 1676.088 1720.871
  1   0   1 1200.856 1185.404 1200.765
  1   0   2 1329.071 1249.602 1266.719
  1   0   3 209.907 175.715 180.805
  1   0   4 6344.637 5663.604 5686.449
  1   0   5 1179.000 1061.619 1063.112
  1   0   6 4129.914 3427.583 3454.700
  1   0   7 54.112 31.622 32.679
  1   0   8 3844.234 3358.388 3385.165
  1   0   9 10.853 0.416 0.203
  1   1  -8 838.888 368.170 383.950
  1   1  -7 2038.605 1307.663 1339.042
  1   1  -6 127.919 82.002 81.332
  1   1  -5 1341.440 1032.329 1059.993
  1   1  -4 9822.050 8041.233 8156.319
  1   1  -3 20031.483 17431.556 17621.631
  1   1  -2 18366.643 16779.318 16907.001
  1   1  -1 4078.626 3968.900 3981.451
  1   1   0 799.912 768.994 780.431
  1   1   1 230.379 210.974 218.509
  1   1   2 1142.173 1031.957 1055.769
  1   1   3 2956.468 2642.290 2668.107
  1   1   4 2799.600 2536.554 2560.782
  1   1   5 1087.404 969.158 989.399
  1   1   6 204.586 164.724 169.626
  1   1   7 71.297 46.847 45.880
  1   1   8 978.879 967.042 964.380
  1   1   9 5564.767 4011.383 4065.013
  1   2  -7 2975.621 2288.201 2278.372
  1   2  -6 3090.765 2262.098 2294.981
  1   2  -5 3345.082 2576.811 2595.125
  1   2  -4 2737.273 2394.694 2413.298
  1   2  -3 105.445 80.853 84.194
  1   2  -2 2097.396 1916.709 1935.494
  1   2  -1 2705.232 2573.459 2556.486
  1   2   0 479.290 413.346 417.912
  1   2   1 283.841 228.017 233.467
  1   2   2 115.322 139.926 133.042
  1   2   3 2.279 4.922 3.863
  1   2   4 0.331 0.443 0.370
  1   2   5 132.697 80.141 83.176
  1   2   6 2102.994 1447.745 1489.636
  1   2   7 4664.156 3258.175 3340.440
  1   2   8 3293.186 2328.851 2373.940
  1   3  -5 627.154 414.241 411.287
  1   3  -4 536.082 574.681 572.271
  1   3  -3 7.390 2.546 3.533
  1   3  -2 470.536 406.100 417.596
  1   3  -1 6.852 10.758 10.464
  1   3   0 137.626 156.711 154.395
  1   3   1 2090.802 1779.703 1803.586
  1   3   2 167.851 145.029 142.646
  1   3   3 979.697 768.313 780.933
  1   3   4 2472.396 1891.566 1934.659
  1   3   5 159.740 52.536 58.803
  1   3   6 1215.852 846.500 862.072
  1   3   7 247.000 196.174 194.451
  1   4  -3 0.719 10.496 9.685
  1   4  -2 525.332 436.181 430.596
  1   4  -1 1555.472 991.903 1018.920
  1   4   0 1620.804 1124.460 1142.909
  1   4   1 570.593 563.448 559.867
  1   4   2 493.834 453.356 451.584
  1   4   3 1088.079 878.440 889.591
  1   4   4 116.402 88.452 88.390
  1   4   5 1954.557 1386.820 1406.518
  1   4   6 43.101 68.589 65.350
  2  -4  -2 305.832 112.159 119.307
  2  -4  -1 732.951 492.590 500.677
  2  -4   0 296.090 288.617 290.051
  2  -4   1 2332.944 1563.752 1586.166
  2  -3  -5 84.668 6.046 8.820
  2  -3  -4 106.259 155.039 145.045
  2  -3  -3 4146.613 3494.041 3530.930
  2  -3  -2 1247.564 945.701 954.534
  2  -3  -1 4624.592 3705.936 3742.094
  2  -3   0 402.469 366.117 361.466
  2  -3   1 2147.062 1842.058 1868.780
  2  -3   2 419.743 394.558 402.157
  2  -3   3 1076.680 838.423 831.888
  2  -3   4 6.062 2.803 3.657
  2  -3   5 3272.040 2220.378 2242.931
  2  -2  -6 1019.186 743.417 753.303
  2  -2  -5 4136.242 3284.835 3307.830
  2  -2  -4 54.244 65.525 62.879
  2  -2  -3 690.716 678.629 672.455
  2  -2  -2 4876.722 4190.865 4228.446
  2  -2  -1 453.468 421.456 431.917
  2  -2   0 273.468 282.155 274.976
  2  -2   1 13013.783 11212.258 11308.664
  2  -2   2 516.475 528.544 521.471
  2  -2   3 12.273 8.487 9.054
  2  -2   4 1522.684 1311.311 1338.303
  2  -2   5 748.949 403.128 426.773
  2  -2   6 13679.057 9788.753 9928.263
  2  -1  -7 455.328 296.226 302.597
  2  -1  -6 3163.312 2309.092 2316.624
  2  -1  -5 391.101 389.421 387.410
  2  -1  -4 1251.102 1036.362 1050.035
  2  -1  -3 515.910 435.068 432.082
  2  -1  -2 6851.261 6458.097 6445.206
  2  -1  -1 13444.993 12039.489 12116.657
  2  -1   0 730.374 542.054 547.093
  2  -1   1 0.319 2.765 2.333
  2  -1   2 10260.666 8976.712 9080.076
  2  -1   3 42.457 17.102 22.477
  2  -1   4 840.302 550.679 571.202
  2  -1   5 481.314 291.637 295.525
  2  -1   6 1465.662 1002.057 1022.895
  2  -1   7 4086.802 2686.373 2757.917
  2   0  -7 4405.054 2480.998 2537.300
  2   0  -6 8512.383 5516.917 5601.696
  2   0  -5 759.400 457.309 466.643
  2   0  -4 44.128 81.123 79.982
  2   0  -3 9526.547 8363.054 8424.606
  2   0  -2 14040.161 13188.147 13139.612
  2   0  -1 29213.708 26380.215 26449.090
  2   0   0 204.628 196.445 202.289
  2   0   1 2286.173 1963.729 1985.614
  2   0   2 1614.377 1439.491 1449.106
  2   0   3 4487.652 4228.497 4253.067
  2   0   4 1057.318 1009.403 1037.068
  2   0   5 2605.230 2084.748 2120.599
  2   0   6 898.209 640.359 650.511
  2   0   7 6372.976 5142.635 5164.627
  2   0   8 454.212 448.123 457.886
  2   1  -6 219.886 211.367 205.957
  2   1  -5 3785.887 2608.996 2661.989
  2   1  -4 9.788 0.076 0.413
  2   1  -3 498.331 590.562 580.822
  2   1  -2 14898.192 12894.848 12951.850
  2   1  -1 10681.284 9723.508 9738.808
  2   1   0 272.370 176.515 176.834
  2   1   1 517.501 522.219 528.596
  2   1   2 3079.854 2650.273 2659.547
  2   1   3 1130.163 940.567 954.093
  2   1   4 113.305 99.872 95.077
  2   1   5 516.055 466.798 483.123
  2   1   6 3435.664 3121.031 3154.611
  2   1   7 4589.907 3350.837 3367.322
  2   1   8 371.211 374.695 371.510
  2   2  -6 73.867 0.331 0.165
  2   2  -5 1943.391 1125.243 1137.539
  2   2  -4 328.803 219.700 220.492
  2   2  -3 454.505 456.448 457.187
  2   2  -2 5092.103 4594.884 4612.053
  2   2  -1 8396.506 6774.311 6817.627
  2   2   0 6091.090 4817.045 4874.404
  2   2   1 87.039 19.610 23.626
  2   2   2 7079.728 5871.104 5966.044
  2   2   3 2461.201 2198.776 2229.438
  2   2   4 484.946 351.342 358.157
  2   2   5 2736.922 1984.067 2028.930
  2   2   6 49.118 0.765 2.012
  2   2   7 4046.706 2936.418 3000.048
  2   2   8 507.138 424.935 420.189
  2   3  -4 5157.563 3664.224 3680.578
  2   3  -3 1212.989 921.630 927.169
  2   3  -2 1250.582 707.676 720.473
  2   3  -1 3381.879 2503.802 2552.364
  2   3   0 10.822 19.325 16.726
  2   3   1 425.541 333.822 336.595
  2   3   2 1870.781 1400.165 1427.422
  2   3   3 2715.764 1848.905 1905.256
  2   3   4 5515.492 3819.070 3907.877
  2   3   5 7415.095 5622.489 5685.769
  2   3   6 7977.274 6360.819 6390.779
  2   4  -1 58.927 44.486 44.317
  2   4   0 1242.927 831.424 846.612
  2   4   1 5093.826 3695.446 3748.658
  2   4   2 732.842 733.513 726.688
  2   4   3 21.274 13.713 14.106
  2   4   4 506.147 404.975 414.123
  3  -3   0 3498.380 2441.642 2459.604
  3  -2  -4 54.954 44.129 44.108
  3  -2  -3 3193.971 2315.713 2324.667
  3  -2  -2 9.278 22.473 20.598
  3  -2  -1 284.508 191.765 204.320
  3  -2   0 722.684 429.384 448.656
  3  -2   1 3328.831 2317.902 2358.332
  3  -2   2 1.703 3.797 4.319
  3  -2   3 346.041 206.357 215.507
  3  -2   4 470.000 239.048 253.897
  3  -1  -4 2798.981 2014.216 2044.358
  3  -1  -3 241.082 84.465 92.116
  3  -1  -2 2789.409 1931.582 1970.638
  3  -1  -1 151.948 162.563 157.822
  3  -1   0 132.776 82.895 87.447
  3  -1   1 3707.864 2613.739 2677.306
  3  -1   2 4124.061 2883.177 2961.445
  3  -1   3 1819.757 1257.686 1299.726
  3  -1   4 6102.065 4719.231 4752.992
  3  -1   5 1587.829 1135.783 1154.999
  3   0  -5 1847.130 1117.294 1133.644
  3   0  -4 765.836 370.085 379.753
  3   0  -3 675.990 487.513 487.136
  3   0  -2 5290.857 4227.410 4271.186
  3   0  -1 163.612 256.818 244.139
  3   0   0 2720.907 2100.062 2143.672
  3   0   1 405.074 255.244 260.566
  3   0   2 29.735 40.731 43.074
  3   0   3 209.177 181.414 191.300
  3   0   4 434.472 269.424 284.206
  3   0   5 1454.582 934.487 960.284
  3   0   6 93.555 51.111 52.661
  3   1  -4 1.322 14.257 14.313
  3   1  -3 151.540 46.245 45.554
  3   1  -2 541.171 395.510 400.247
  3   1  -1 1563.366 1335.168 1355.450
  3   1   0 457.570 383.597 391.396
  3   1   1 3615.542 3113.728 3142.632
  3   1   2 6.272 8.073 8.285
  3   1   3 1151.899 1072.807 1085.913
  3   1   4 27.447 8.733 7.911
  3   1   5 128.325 51.572 51.214
  3   1   6 8.016 32.414 33.113
  3   2  -3 2594.658 1776.135 1766.790
  3   2  -2 2738.137 2456.853 2467.031
  3   2  -1 283.022 135.988 141.260
  3   2   0 20173.756 14817.632 14989.959
  3   2   1 467.895 271.127 286.280
  3   2   2 711.601 529.969 519.280
  3   2   3 247.439 147.553 147.002
  3   2   4 2598.790 1800.167 1828.785
  3   2   5 2695.548 1754.625 1787.943
  3   2   6 671.487 654.823 648.930
  3   3  -1 485.287 181.284 191.736
  3   3   0 3460.196 2494.356 2514.800
  3   3   1 913.118 512.169 530.844
  3   3   2 1809.682 1008.043 1047.983
  3   3   3 634.632 250.858 266.143
  3   3   4 761.719 368.481 380.452
