FORMAT pairwise_distance v1.0 svn://www.crystallography.net/cod-tools/trunk/perl-scripts/docs/cif_distances_pairwise_distance_v1.0
DIST 2.622         B/B     BeA/Be                    x,y,z    4,5,5 cif_distances_017.inp
DIST 2.611         B/B     BeB/Be                    x,y,z    5,4,5 cif_distances_017.inp
DIST 3.407         B/B       HA/H                 -y,x-y,z    4,5,5 cif_distances_017.inp
DIST 3.389         B/B       HB/H             -x+y,y,z+1/2    5,4,5 cif_distances_017.inp
DIST 1.369         B/B       O1/O                 -y,x-y,z    5,5,5 cif_distances_017.inp
DIST 3.361         B/B      O2A/O                    x,y,z    4,5,5 cif_distances_017.inp
DIST 3.357         B/B      O2B/O                    x,y,z    5,4,5 cif_distances_017.inp
DIST 2.783      BeA/Be     BeB/Be                 -y,x-y,z    6,5,5 cif_distances_017.inp
DIST 2.179      BeA/Be       HA/H                 -y,x-y,z    5,5,5 cif_distances_017.inp
DIST 2.774      BeA/Be       HB/H                -x+y,-x,z    6,5,5 cif_distances_017.inp
DIST 1.638      BeA/Be       O1/O                 -y,x-y,z    6,5,5 cif_distances_017.inp
DIST 1.605      BeA/Be      O2A/O                    x,y,z    5,5,5 cif_distances_017.inp
DIST 3.636      BeA/Be      O2B/O             -x+y,y,z+1/2    5,4,5 cif_distances_017.inp
DIST 2.801      BeB/Be       HA/H              x,x-y,z+1/2    5,6,4 cif_distances_017.inp
DIST 2.210      BeB/Be       HB/H             -x+y,y,z+1/2    5,5,5 cif_distances_017.inp
DIST 1.620      BeB/Be       O1/O                    x,y,z    5,6,5 cif_distances_017.inp
DIST 3.669      BeB/Be      O2A/O              x,x-y,z+1/2    4,5,4 cif_distances_017.inp
DIST 1.652      BeB/Be      O2B/O                    x,y,z    5,5,5 cif_distances_017.inp
DIST 0.831        HA/H       HB/H                    x,y,z    5,5,5 cif_distances_017.inp
DIST 2.740        HA/H       O1/O                -x+y,-x,z    5,5,5 cif_distances_017.inp
DIST 0.959        HA/H      O2A/O                -x+y,-x,z    5,5,5 cif_distances_017.inp
DIST 1.782        HA/H      O2B/O              x,x-y,z+1/2    5,5,5 cif_distances_017.inp
DIST 2.721        HB/H       O1/O              x,x-y,z+1/2    5,5,5 cif_distances_017.inp
DIST 1.784        HB/H      O2A/O                 -y,x-y,z    5,5,5 cif_distances_017.inp
DIST 0.957        HB/H      O2B/O             -x+y,y,z+1/2    5,5,5 cif_distances_017.inp
DIST 2.665        O1/O      O2A/O                -x+y,-x,z    5,5,5 cif_distances_017.inp
DIST 2.660        O1/O      O2B/O                    x,y,z    5,4,5 cif_distances_017.inp
DIST 2.739       O2A/O      O2B/O             -x+y,y,z+1/2    5,4,5 cif_distances_017.inp
