 -5  -3   0 18480.739 14865.979 11328.717
 -5  -2  -2 7818.398 6211.028 4512.512
 -5  -2  -1 7208.651 5013.135 4121.877
 -5  -2   0 0.000 0.000 0.000
 -5  -2   1 7208.651 5112.879 4212.610
 -5  -2   2 7818.398 6604.750 4849.957
 -5  -1  -2 3710.017 3312.017 2282.122
 -5  -1  -1 22765.193 17346.615 13791.222
 -5  -1   0 29571.870 24135.217 19435.207
 -5  -1   1 22765.193 17484.750 13914.751
 -5  -1   2 3710.017 3197.027 2186.590
 -5   0  -2 9188.520 7162.729 5302.476
 -5   0  -1 4116.804 3304.674 2574.052
 -5   0   0 0.000 0.000 0.000
 -5   0   1 4116.804 3307.421 2576.484
 -5   0   2 9188.520 7160.726 5300.756
 -5   1  -2 6280.467 5101.785 3804.677
 -5   1  -1 19513.016 14853.084 11571.264
 -5   1   0 14023.139 12907.525 9516.761
 -5   1   1 19513.016 14770.729 11498.400
 -5   1   2 6280.467 5253.706 3936.382
 -5   2  -2 3505.254 3560.440 2302.801
 -5   2  -1 2640.262 2108.363 1540.806
 -5   2   0 0.000 0.000 0.000
 -5   2   1 2640.262 2024.371 1468.937
 -5   2   2 3505.254 3276.038 2074.609
 -5   3   0 26944.809 19920.456 15803.057
 -4  -4  -1 7774.748 7352.936 5143.300
 -4  -4   0 18837.619 13668.089 10255.593
 -4  -4   1 7774.748 7456.667 5230.352
 -4  -3  -2 6398.461 5036.053 3494.918
 -4  -3  -1 1669.185 1523.271 1039.057
 -4  -3   0 0.000 0.000 0.000
 -4  -3   1 1669.185 1522.011 1038.014
 -4  -3   2 6398.461 4938.575 3413.586
 -4  -2  -3 441.794 342.329 218.974
 -4  -2  -2 6083.726 5050.821 3729.515
 -4  -2  -1 22434.619 18469.941 14703.176
 -4  -2   0 31298.936 26868.601 21772.483
 -4  -2   1 22434.619 18403.442 14643.732
 -4  -2   2 6083.726 5055.206 3733.297
 -4  -2   3 441.794 315.400 197.491
 -4  -1  -3 15327.039 11415.975 8534.208
 -4  -1  -2 8863.349 7294.683 5352.179
 -4  -1  -1 3131.364 2762.347 2073.974
 -4  -1   0 0.000 0.000 0.000
 -4  -1   1 3131.364 2764.538 2075.873
 -4  -1   2 8863.349 7215.939 5284.586
 -4  -1   3 15327.039 11442.432 8557.097
 -4   0  -3 740.268 621.888 448.879
 -4   0  -2 16288.623 12192.072 10062.805
 -4   0  -1 12284.555 11586.879 8582.451
 -4   0   0 43434.115 36126.493 30076.076
 -4   0   1 12284.555 11657.869 8643.668
 -4   0   2 16288.623 12142.186 10017.368
 -4   0   3 740.268 666.121 486.670
 -4   1  -3 18128.624 12991.416 9912.070
 -4   1  -2 14268.998 11055.726 8642.641
 -4   1  -1 7315.439 5978.269 4951.914
 -4   1   0 0.000 0.000 0.000
 -4   1   1 7315.439 6142.467 5101.789
 -4   1   2 14268.998 11495.270 9032.725
 -4   1   3 18128.624 13131.645 10035.011
 -4   2  -3 450.204 451.185 307.807
 -4   2  -2 4740.762 4161.826 2969.822
 -4   2  -1 14408.976 12254.143 9214.658
 -4   2   0 25747.174 21680.955 17120.384
 -4   2   1 14408.976 12341.294 9290.451
 -4   2   2 4740.762 3933.544 2777.035
 -4   2   3 450.204 327.174 206.861
 -4   3  -2 15802.636 10885.528 8566.593
 -4   3  -1 4766.025 3928.778 3128.496
 -4   3   0 0.000 0.000 0.000
 -4   3   1 4766.025 3946.162 3144.040
 -4   3   2 15802.636 11091.195 8749.572
 -4   4  -1 7774.748 7800.434 5519.779
 -4   4   0 18837.619 14039.629 10578.761
 -4   4   1 7774.748 7547.057 5306.362
 -3  -5   0 26944.809 20155.167 16012.677
 -3  -4  -2 15802.636 11148.826 8800.811
 -3  -4  -1 4766.025 4005.600 3197.212
 -3  -4   0 0.000 0.000 0.000
 -3  -4   1 4766.025 4049.095 3236.179
 -3  -4   2 15802.636 10968.910 8640.635
 -3  -3  -3 287.626 302.948 186.790
 -3  -3  -2 9991.476 7480.361 5841.918
 -3  -3  -1 11528.512 10936.949 8050.365
 -3  -3   0 36156.719 29331.973 23950.361
 -3  -3   1 11528.512 11116.689 8205.008
 -3  -3   2 9991.476 7237.311 5626.873
 -3  -3   3 287.626 329.470 207.789
 -3  -2  -4 15162.936 9676.322 7170.838
 -3  -2  -3 15927.358 11831.327 8850.121
 -3  -2  -2 4848.075 4380.250 2882.997
 -3  -2  -1 2464.853 2230.963 1607.247
 -3  -2   0 0.000 0.000 0.000
 -3  -2   1 2464.853 2219.632 1597.614
 -3  -2   2 4848.075 4398.468 2897.817
 -3  -2   3 15927.358 11824.693 8844.388
 -3  -2   4 15162.936 9825.203 7299.452
 -3  -1  -4 973.947 640.137 514.927
 -3  -1  -3 3573.812 2456.344 2094.570
 -3  -1  -2 17570.704 14202.975 11839.546
 -3  -1  -1 14262.934 13479.585 10143.701
 -3  -1   0 28360.190 25987.386 20748.580
 -3  -1   1 14262.934 13418.030 10090.208
 -3  -1   2 17570.704 14400.607 12020.411
 -3  -1   3 3573.812 2767.922 2383.680
 -3  -1   4 973.947 603.683 482.198
 -3   0  -4 32839.277 19590.069 15909.596
 -3   0  -3 20603.883 15891.055 12349.183
 -3   0  -2 15476.718 13121.155 10387.446
 -3   0  -1 3057.588 2973.126 2233.563
 -3   0   0 0.000 0.000 0.000
 -3   0   1 3057.588 2898.215 2168.581
 -3   0   2 15476.718 12801.876 10103.029
 -3   0   3 20603.883 16210.659 12631.732
 -3   0   4 32839.277 20100.325 16370.970
 -3   1  -4 70.703 91.453 47.795
 -3   1  -3 2034.232 1533.370 1248.860
 -3   1  -2 7265.900 6359.320 4802.795
 -3   1  -1 11690.719 11029.390 8031.379
 -3   1   0 22815.956 21105.210 16407.157
 -3   1   1 11690.719 10918.609 7936.714
 -3   1   2 7265.900 6172.810 4640.570
 -3   1   3 2034.232 1493.786 1213.081
 -3   1   4 70.703 59.377 25.512
 -3   2  -4 12272.144 8621.561 6262.956
 -3   2  -3 28839.435 20203.651 16258.926
 -3   2  -2 26700.704 20362.895 16993.708
 -3   2  -1 17485.623 13984.402 12375.457
 -3   2   0 0.000 0.000 0.000
 -3   2   1 17485.623 14624.820 12979.527
 -3   2   2 26700.704 21855.642 18362.624
 -3   2   3 28839.435 20786.642 16783.590
 -3   2   4 12272.144 7953.090 5693.631
 -3   3  -3 287.626 387.643 254.604
 -3   3  -2 9991.476 7352.746 5728.937
 -3   3  -1 11528.512 11103.563 8193.672
 -3   3   0 36156.719 28937.053 23592.833
 -3   3   1 11528.512 11075.934 8169.904
 -3   3   2 9991.476 7354.026 5730.072
 -3   3   3 287.626 300.845 185.134
 -3   4  -2 6398.461 5182.189 3617.142
 -3   4  -1 1669.185 1676.538 1166.599
 -3   4   0 0.000 0.000 0.000
 -3   4   1 1669.185 1584.992 1090.264
 -3   4   2 6398.461 4918.142 3396.548
 -3   5   0 18480.739 15292.199 11702.252
 -2  -5  -2 3505.254 3365.984 2146.514
 -2  -5  -1 2640.262 1923.856 1383.285
 -2  -5   0 0.000 0.000 0.000
 -2  -5   1 2640.262 1960.639 1414.587
 -2  -5   2 3505.254 3677.363 2397.283
 -2  -4  -3 450.204 367.508 239.264
 -2  -4  -2 4740.762 3943.387 2785.354
 -2  -4  -1 14408.976 12229.020 9192.951
 -2  -4   0 25747.174 21769.111 17199.082
 -2  -4   1 14408.976 12272.509 9230.742
 -2  -4   2 4740.762 3972.808 2810.146
 -2  -4   3 450.204 360.241 233.392
 -2  -3  -4 12272.144 8245.576 5942.213
 -2  -3  -3 28839.435 20813.640 16807.895
 -2  -3  -2 26700.704 21692.519 18212.792
 -2  -3  -1 17485.623 14714.888 13064.542
 -2  -3   0 0.000 0.000 0.000
 -2  -3   1 17485.623 14596.640 12952.919
 -2  -3   2 26700.704 21407.347 17951.013
 -2  -3   3 28839.435 20280.541 16328.045
 -2  -3   4 12272.144 8203.991 5906.816
 -2  -2  -4 1744.714 1041.291 878.951
 -2  -2  -3 5345.586 3715.942 3266.200
 -2  -2  -2 5683.772 5372.058 3935.734
 -2  -2  -1 35505.704 31150.346 25938.402
 -2  -2   0 20102.023 20281.384 15635.096
 -2  -2   1 35505.704 30795.675 25614.307
 -2  -2   2 5683.772 5658.050 4181.520
 -2  -2   3 5345.586 3461.642 3027.565
 -2  -2   4 1744.714 1012.210 852.185
 -2  -1  -4 20056.060 13267.031 10210.171
 -2  -1  -3 26797.485 20608.914 16485.729
 -2  -1  -2 3904.939 3775.669 2352.180
 -2  -1  -1 2395.757 2310.120 1653.017
 -2  -1   0 0.000 0.000 0.000
 -2  -1   1 2395.757 2232.333 1587.216
 -2  -1   2 3904.939 3693.010 2286.920
 -2  -1   3 26797.485 20416.694 16313.528
 -2  -1   4 20056.060 13795.943 10675.953
 -2   0  -4 122.268 109.103 59.893
 -2   0  -3 4911.307 3597.578 3146.710
 -2   0  -2 10476.551 9192.201 7256.416
 -2   0  -1 8188.648 8062.298 5469.691
 -2   0   0 12725.999 12591.529 8932.319
 -2   0   1 8188.648 7962.292 5387.261
 -2   0   2 10476.551 9299.355 7351.839
 -2   0   3 4911.307 3806.490 3342.683
 -2   0   4 122.268 89.384 45.507
 -2   1  -4 17138.334 11910.478 9019.418
 -2   1  -3 41942.499 31167.898 26061.050
 -2   1  -2 18975.117 16589.320 13445.699
 -2   1  -1 14694.757 13355.798 11719.888
 -2   1   0 0.000 0.000 0.000
 -2   1   1 14694.757 13522.894 11876.692
 -2   1   2 18975.117 16951.538 13772.550
 -2   1   3 41942.499 31819.037 26657.919
 -2   1   4 17138.334 11892.135 9003.390
 -2   2  -4 1744.714 1036.226 874.303
 -2   2  -3 5345.586 3446.669 3013.533
 -2   2  -2 5683.772 5657.430 4181.013
 -2   2  -1 35505.704 30665.165 25495.194
 -2   2   0 20102.023 20420.987 15757.968
 -2   2   1 35505.704 30817.708 25634.482
 -2   2   2 5683.772 5474.576 4023.721
 -2   2   3 5345.586 3652.995 3207.077
 -2   2   4 1744.714 1002.503 843.253
 -2   3  -4 15162.936 9799.937 7277.571
 -2   3  -3 15927.358 11990.255 8987.955
 -2   3  -2 4848.075 4652.375 3105.006
 -2   3  -1 2464.853 2311.071 1675.479
 -2   3   0 0.000 0.000 0.000
 -2   3   1 2464.853 2225.415 1602.529
 -2   3   2 4848.075 4338.177 2848.813
 -2   3   3 15927.358 11675.216 8714.870
 -2   3   4 15162.936 9751.453 7235.735
 -2   4  -3 441.794 390.292 257.761
 -2   4  -2 6083.726 5197.531 3856.028
 -2   4  -1 22434.619 17710.941 14025.320
 -2   4   0 31298.936 26740.426 21656.842
 -2   4   1 22434.619 18183.232 14446.946
 -2   4   2 6083.726 5141.045 3807.299
 -2   4   3 441.794 283.178 172.108
 -2   5  -2 7818.398 6777.938 4998.932
 -2   5  -1 7208.651 4676.030 3815.957
 -2   5   0 0.000 0.000 0.000
 -2   5   1 7208.651 4757.097 3889.412
 -2   5   2 7818.398 6613.310 4857.278
 -1  -5  -2 6280.467 5536.007 4181.887
 -1  -5  -1 19513.016 14058.298 10869.308
 -1  -5   0 14023.139 13804.540 10291.017
 -1  -5   1 19513.016 13858.481 10693.263
 -1  -5   2 6280.467 5659.465 4289.561
 -1  -4  -3 18128.624 13150.208 10051.383
 -1  -4  -2 14268.998 11349.835 8903.659
 -1  -4  -1 7315.439 6123.544 5084.554
 -1  -4   0 0.000 0.000 0.000
 -1  -4   1 7315.439 6021.488 4991.390
 -1  -4   2 14268.998 10963.195 8560.784
 -1  -4   3 18128.624 12938.973 9866.285
 -1  -3  -4 70.703 49.908 19.431
 -1  -3  -3 2034.232 1567.667 1279.901
 -1  -3  -2 7265.900 6189.191 4654.803
 -1  -3  -1 11690.719 10886.238 7909.064
 -1  -3   0 22815.956 21009.993 16323.069
 -1  -3   1 11690.719 11123.480 8111.841
 -1  -3   2 7265.900 6239.792 4698.790
 -1  -3   3 2034.232 1476.502 1197.474
 -1  -3   4 70.703 100.853 54.672
 -1  -2  -4 17138.334 11860.025 8975.384
 -1  -2  -3 41942.499 31865.952 26700.931
 -1  -2  -2 18975.117 16998.569 13815.001
 -1  -2  -1 14694.757 13515.357 11869.607
 -1  -2   0 0.000 0.000 0.000
 -1  -2   1 14694.757 13346.943 11711.565
 -1  -2   2 18975.117 16917.397 13741.700
 -1  -2   3 41942.499 30942.157 25854.203
 -1  -2   4 17138.334 12153.726 9231.735
 -1  -1  -5 5819.431 3242.625 2428.664
 -1  -1  -4 2313.393 1485.327 1286.440
 -1  -1  -3 1801.104 1432.146 1147.711
 -1  -1  -2 8945.477 8117.824 6286.206
 -1  -1  -1 28940.273 27772.104 22726.846
 -1  -1   0 39385.869 38876.199 32179.554
 -1  -1   1 28940.273 27687.915 22650.585
 -1  -1   2 8945.477 8160.679 6323.985
 -1  -1   3 1801.104 1415.269 1132.580
 -1  -1   4 2313.393 1460.998 1263.754
 -1  -1   5 5819.431 3226.043 2414.275
 -1   0  -5 8124.083 4795.667 3432.750
 -1   0  -4 18460.202 12796.350 9745.226
 -1   0  -3 15097.646 12580.634 9342.492
 -1   0  -2 13112.963 11896.678 9208.145
 -1   0  -1 6116.052 5923.778 4823.850
 -1   0   0 0.000 0.000 0.000
 -1   0   1 6116.052 5955.454 4852.479
 -1   0   2 13112.963 11920.620 9229.245
 -1   0   3 15097.646 12519.867 9290.038
 -1   0   4 18460.202 12598.356 9572.151
 -1   0   5 8124.083 4764.090 3405.967
 -1   1  -5 5819.431 3223.249 2411.852
 -1   1  -4 2313.393 1445.114 1248.949
 -1   1  -3 1801.104 1439.560 1154.363
 -1   1  -2 8945.477 8171.416 6333.452
 -1   1  -1 28940.273 27639.159 22606.422
 -1   1   0 39385.869 38862.344 32166.929
 -1   1   1 28940.273 27760.266 22716.123
 -1   1   2 8945.477 8124.824 6292.376
 -1   1   3 1801.104 1410.785 1128.561
 -1   1   4 2313.393 1496.436 1296.804
 -1   1   5 5819.431 3245.734 2431.363
 -1   2  -4 20056.060 13459.235 10379.259
 -1   2  -3 26797.485 20208.990 16127.528
 -1   2  -2 3904.939 3987.514 2520.292
 -1   2  -1 2395.757 2334.296 1673.512
 -1   2   0 0.000 0.000 0.000
 -1   2   1 2395.757 2253.371 1604.994
 -1   2   2 3904.939 3714.195 2303.630
 -1   2   3 26797.485 20484.918 16374.649
 -1   2   4 20056.060 13697.239 10588.947
 -1   3  -4 973.947 646.348 520.511
 -1   3  -3 3573.812 2524.075 2157.288
 -1   3  -2 17570.704 13698.370 11378.337
 -1   3  -1 14262.934 13900.611 10510.014
 -1   3   0 28360.190 25831.536 20609.114
 -1   3   1 14262.934 13778.820 10403.953
 -1   3   2 17570.704 14206.118 11842.425
 -1   3   3 3573.812 2682.037 2303.846
 -1   3   4 973.947 642.127 516.714
 -1   4  -3 15327.039 12091.213 9120.839
 -1   4  -2 8863.349 7369.720 5416.617
 -1   4  -1 3131.364 2914.363 2206.240
 -1   4   0 0.000 0.000 0.000
 -1   4   1 3131.364 2802.682 2109.001
 -1   4   2 8863.349 7016.633 5113.807
 -1   4   3 15327.039 11377.642 8500.880
 -1   5  -2 3710.017 3635.107 2552.338
 -1   5  -1 22765.193 16322.047 12877.159
 -1   5   0 29571.870 24378.751 19654.374
 -1   5   1 22765.193 16725.519 13236.739
 -1   5   2 3710.017 3433.783 2383.669
  0  -5  -2 9188.520 7120.167 5265.795
  0  -5  -1 4116.804 3302.810 2572.412
  0  -5   0 0.000 0.000 0.000
  0  -5   1 4116.804 3306.352 2575.545
  0  -5   2 9188.520 7126.908 5271.601
  0  -4  -3 740.268 720.688 533.586
  0  -4  -2 16288.623 11654.170 9573.551
  0  -4  -1 12284.555 12612.156 9469.623
  0  -4   0 43434.115 34451.291 28546.162
  0  -4   1 12284.555 12865.704 9689.965
  0  -4   2 16288.623 11245.013 9202.263
  0  -4   3 740.268 794.769 597.745
  0  -3  -4 32839.277 19910.417 16199.170
  0  -3  -3 20603.883 16452.661 12845.921
  0  -3  -2 15476.718 12788.075 10090.746
  0  -3  -1 3057.588 3045.845 2296.755
  0  -3   0 0.000 0.000 0.000
  0  -3   1 3057.588 3095.590 2340.055
  0  -3   2 15476.718 12462.280 9801.036
  0  -3   3 20603.883 16605.200 12981.035
  0  -3   4 32839.277 18799.987 15196.584
  0  -2  -4 122.268 88.229 44.683
  0  -2  -3 4911.307 3766.715 3305.341
  0  -2  -2 10476.551 9231.857 7291.750
  0  -2  -1 8188.648 7948.214 5375.691
  0  -2   0 12725.999 12530.957 8881.282
  0  -2   1 8188.648 8052.599 5461.719
  0  -2   2 10476.551 9168.342 7235.203
  0  -2   3 4911.307 3626.475 3173.793
  0  -2   4 122.268 109.837 60.439
  0  -1  -5 8124.083 4762.049 3404.238
  0  -1  -4 18460.202 12668.147 9633.134
  0  -1  -3 15097.646 12442.368 9223.174
  0  -1  -2 13112.963 11857.172 9173.339
  0  -1  -1 6116.052 5933.763 4832.873
  0  -1   0 0.000 0.000 0.000
  0  -1   1 6116.052 5966.146 4862.144
  0  -1   2 13112.963 11894.670 9206.380
  0  -1   3 15097.646 12724.701 9466.927
  0  -1   4 18460.202 12675.814 9639.841
  0  -1   5 8124.083 4826.047 3458.528
  0   0  -5 10635.497 5746.763 4639.249
  0   0  -4 7328.225 4722.532 4366.474
  0   0  -3 2909.317 1999.131 2387.705
  0   0  -2 22236.223 20044.507 17088.527
  0   0  -1 43640.746 42657.350 36290.462
  0   0   1 43640.746 42657.350 36290.462
  0   0   2 22236.223 20044.507 17088.527
  0   0   3 2909.317 1999.131 2387.705
  0   0   4 7328.225 4722.532 4366.474
  0   0   5 10635.497 5746.763 4639.249
  0   1  -5 8124.083 4826.047 3458.528
  0   1  -4 18460.202 12675.814 9639.841
  0   1  -3 15097.646 12724.701 9466.927
  0   1  -2 13112.963 11894.670 9206.380
  0   1  -1 6116.052 5966.146 4862.144
  0   1   0 0.000 0.000 0.000
  0   1   1 6116.052 5933.763 4832.873
  0   1   2 13112.963 11857.172 9173.339
  0   1   3 15097.646 12442.368 9223.174
  0   1   4 18460.202 12668.147 9633.134
  0   1   5 8124.083 4762.049 3404.238
  0   2  -4 122.268 109.837 60.439
  0   2  -3 4911.307 3626.475 3173.793
  0   2  -2 10476.551 9168.342 7235.203
  0   2  -1 8188.648 8052.599 5461.719
  0   2   0 12725.999 12530.957 8881.282
  0   2   1 8188.648 7948.214 5375.691
  0   2   2 10476.551 9231.857 7291.750
  0   2   3 4911.307 3766.715 3305.341
  0   2   4 122.268 88.229 44.683
  0   3  -4 32839.277 18799.987 15196.584
  0   3  -3 20603.883 16605.200 12981.035
  0   3  -2 15476.718 12462.280 9801.036
  0   3  -1 3057.588 3095.590 2340.055
  0   3   0 0.000 0.000 0.000
  0   3   1 3057.588 3045.845 2296.755
  0   3   2 15476.718 12788.075 10090.746
  0   3   3 20603.883 16452.661 12845.921
  0   3   4 32839.277 19910.417 16199.170
  0   4  -3 740.268 794.769 597.745
  0   4  -2 16288.623 11245.013 9202.263
  0   4  -1 12284.555 12865.704 9689.965
  0   4   0 43434.115 34451.291 28546.162
  0   4   1 12284.555 12612.156 9469.623
  0   4   2 16288.623 11654.170 9573.551
  0   4   3 740.268 720.688 533.586
  0   5  -2 9188.520 7126.908 5271.601
  0   5  -1 4116.804 3306.352 2575.545
  0   5   0 0.000 0.000 0.000
  0   5   1 4116.804 3302.810 2572.412
  0   5   2 9188.520 7120.167 5265.795
  1  -5  -2 3710.017 3433.783 2383.669
  1  -5  -1 22765.193 16725.519 13236.739
  1  -5   0 29571.870 24378.751 19654.374
  1  -5   1 22765.193 16322.047 12877.159
  1  -5   2 3710.017 3635.107 2552.338
  1  -4  -3 15327.039 11377.642 8500.880
  1  -4  -2 8863.349 7016.633 5113.807
  1  -4  -1 3131.364 2802.682 2109.001
  1  -4   0 0.000 0.000 0.000
  1  -4   1 3131.364 2914.363 2206.240
  1  -4   2 8863.349 7369.720 5416.617
  1  -4   3 15327.039 12091.213 9120.839
  1  -3  -4 973.947 642.127 516.714
  1  -3  -3 3573.812 2682.037 2303.846
  1  -3  -2 17570.704 14206.118 11842.425
  1  -3  -1 14262.934 13778.820 10403.953
  1  -3   0 28360.190 25831.536 20609.114
  1  -3   1 14262.934 13900.611 10510.014
  1  -3   2 17570.704 13698.370 11378.337
  1  -3   3 3573.812 2524.075 2157.288
  1  -3   4 973.947 646.348 520.511
  1  -2  -4 20056.060 13697.239 10588.947
  1  -2  -3 26797.485 20484.918 16374.649
  1  -2  -2 3904.939 3714.195 2303.630
  1  -2  -1 2395.757 2253.371 1604.994
  1  -2   0 0.000 0.000 0.000
  1  -2   1 2395.757 2334.296 1673.512
  1  -2   2 3904.939 3987.514 2520.292
  1  -2   3 26797.485 20208.990 16127.528
  1  -2   4 20056.060 13459.235 10379.259
  1  -1  -5 5819.431 3245.734 2431.363
  1  -1  -4 2313.393 1496.436 1296.804
  1  -1  -3 1801.104 1410.785 1128.561
  1  -1  -2 8945.477 8124.824 6292.376
  1  -1  -1 28940.273 27760.266 22716.123
  1  -1   0 39385.869 38862.344 32166.929
  1  -1   1 28940.273 27639.159 22606.422
  1  -1   2 8945.477 8171.416 6333.452
  1  -1   3 1801.104 1439.560 1154.363
  1  -1   4 2313.393 1445.114 1248.949
  1  -1   5 5819.431 3223.249 2411.852
  1   0  -5 8124.083 4764.090 3405.967
  1   0  -4 18460.202 12598.356 9572.151
  1   0  -3 15097.646 12519.867 9290.038
  1   0  -2 13112.963 11920.620 9229.245
  1   0  -1 6116.052 5955.454 4852.479
  1   0   0 0.000 0.000 0.000
  1   0   1 6116.052 5923.778 4823.850
  1   0   2 13112.963 11896.678 9208.145
  1   0   3 15097.646 12580.634 9342.492
  1   0   4 18460.202 12796.350 9745.226
  1   0   5 8124.083 4795.667 3432.750
  1   1  -5 5819.431 3226.043 2414.275
  1   1  -4 2313.393 1460.998 1263.754
  1   1  -3 1801.104 1415.269 1132.580
  1   1  -2 8945.477 8160.679 6323.985
  1   1  -1 28940.273 27687.915 22650.585
  1   1   0 39385.869 38876.199 32179.554
  1   1   1 28940.273 27772.104 22726.846
  1   1   2 8945.477 8117.824 6286.206
  1   1   3 1801.104 1432.146 1147.711
  1   1   4 2313.393 1485.327 1286.440
  1   1   5 5819.431 3242.625 2428.664
  1   2  -4 17138.334 12153.726 9231.735
  1   2  -3 41942.499 30942.157 25854.203
  1   2  -2 18975.117 16917.397 13741.700
  1   2  -1 14694.757 13346.943 11711.565
  1   2   0 0.000 0.000 0.000
  1   2   1 14694.757 13515.357 11869.607
  1   2   2 18975.117 16998.569 13815.001
  1   2   3 41942.499 31865.952 26700.931
  1   2   4 17138.334 11860.025 8975.384
  1   3  -4 70.703 100.853 54.672
  1   3  -3 2034.232 1476.502 1197.474
  1   3  -2 7265.900 6239.792 4698.790
  1   3  -1 11690.719 11123.480 8111.841
  1   3   0 22815.956 21009.993 16323.069
  1   3   1 11690.719 10886.238 7909.064
  1   3   2 7265.900 6189.191 4654.803
  1   3   3 2034.232 1567.667 1279.901
  1   3   4 70.703 49.908 19.431
  1   4  -3 18128.624 12938.973 9866.285
  1   4  -2 14268.998 10963.195 8560.784
  1   4  -1 7315.439 6021.488 4991.390
  1   4   0 0.000 0.000 0.000
  1   4   1 7315.439 6123.544 5084.554
  1   4   2 14268.998 11349.835 8903.659
  1   4   3 18128.624 13150.208 10051.383
  1   5  -2 6280.467 5659.465 4289.561
  1   5  -1 19513.016 13858.481 10693.263
  1   5   0 14023.139 13804.540 10291.017
  1   5   1 19513.016 14058.298 10869.308
  1   5   2 6280.467 5536.007 4181.887
  2  -5  -2 7818.398 6613.310 4857.278
  2  -5  -1 7208.651 4757.097 3889.412
  2  -5   0 0.000 0.000 0.000
  2  -5   1 7208.651 4676.030 3815.957
  2  -5   2 7818.398 6777.938 4998.932
  2  -4  -3 441.794 283.178 172.108
  2  -4  -2 6083.726 5141.045 3807.299
  2  -4  -1 22434.619 18183.232 14446.946
  2  -4   0 31298.936 26740.426 21656.842
  2  -4   1 22434.619 17710.941 14025.320
  2  -4   2 6083.726 5197.531 3856.028
  2  -4   3 441.794 390.292 257.761
  2  -3  -4 15162.936 9751.453 7235.735
  2  -3  -3 15927.358 11675.216 8714.870
  2  -3  -2 4848.075 4338.177 2848.813
  2  -3  -1 2464.853 2225.415 1602.529
  2  -3   0 0.000 0.000 0.000
  2  -3   1 2464.853 2311.071 1675.479
  2  -3   2 4848.075 4652.375 3105.006
  2  -3   3 15927.358 11990.255 8987.955
  2  -3   4 15162.936 9799.937 7277.571
  2  -2  -4 1744.714 1002.503 843.253
  2  -2  -3 5345.586 3652.995 3207.077
  2  -2  -2 5683.772 5474.576 4023.721
  2  -2  -1 35505.704 30817.708 25634.482
  2  -2   0 20102.023 20420.987 15757.968
  2  -2   1 35505.704 30665.165 25495.194
  2  -2   2 5683.772 5657.430 4181.013
  2  -2   3 5345.586 3446.669 3013.533
  2  -2   4 1744.714 1036.226 874.303
  2  -1  -4 17138.334 11892.135 9003.390
  2  -1  -3 41942.499 31819.037 26657.919
  2  -1  -2 18975.117 16951.538 13772.550
  2  -1  -1 14694.757 13522.894 11876.692
  2  -1   0 0.000 0.000 0.000
  2  -1   1 14694.757 13355.798 11719.888
  2  -1   2 18975.117 16589.320 13445.699
  2  -1   3 41942.499 31167.898 26061.050
  2  -1   4 17138.334 11910.478 9019.418
  2   0  -4 122.268 89.384 45.507
  2   0  -3 4911.307 3806.490 3342.683
  2   0  -2 10476.551 9299.355 7351.839
  2   0  -1 8188.648 7962.292 5387.261
  2   0   0 12725.999 12591.529 8932.319
  2   0   1 8188.648 8062.298 5469.691
  2   0   2 10476.551 9192.201 7256.416
  2   0   3 4911.307 3597.578 3146.710
  2   0   4 122.268 109.103 59.893
  2   1  -4 20056.060 13795.943 10675.953
  2   1  -3 26797.485 20416.694 16313.528
  2   1  -2 3904.939 3693.010 2286.920
  2   1  -1 2395.757 2232.333 1587.216
  2   1   0 0.000 0.000 0.000
  2   1   1 2395.757 2310.120 1653.017
  2   1   2 3904.939 3775.669 2352.180
  2   1   3 26797.485 20608.914 16485.729
  2   1   4 20056.060 13267.031 10210.171
  2   2  -4 1744.714 1012.210 852.185
  2   2  -3 5345.586 3461.642 3027.565
  2   2  -2 5683.772 5658.050 4181.520
  2   2  -1 35505.704 30795.675 25614.307
  2   2   0 20102.023 20281.384 15635.096
  2   2   1 35505.704 31150.346 25938.402
  2   2   2 5683.772 5372.058 3935.734
  2   2   3 5345.586 3715.942 3266.200
  2   2   4 1744.714 1041.291 878.951
  2   3  -4 12272.144 8203.991 5906.816
  2   3  -3 28839.435 20280.541 16328.045
  2   3  -2 26700.704 21407.347 17951.013
  2   3  -1 17485.623 14596.640 12952.919
  2   3   0 0.000 0.000 0.000
  2   3   1 17485.623 14714.888 13064.542
  2   3   2 26700.704 21692.519 18212.792
  2   3   3 28839.435 20813.640 16807.895
  2   3   4 12272.144 8245.576 5942.213
  2   4  -3 450.204 360.241 233.392
  2   4  -2 4740.762 3972.808 2810.146
  2   4  -1 14408.976 12272.509 9230.742
  2   4   0 25747.174 21769.111 17199.082
  2   4   1 14408.976 12229.020 9192.951
  2   4   2 4740.762 3943.387 2785.354
  2   4   3 450.204 367.508 239.264
  2   5  -2 3505.254 3677.363 2397.283
  2   5  -1 2640.262 1960.639 1414.587
  2   5   0 0.000 0.000 0.000
  2   5   1 2640.262 1923.856 1383.285
  2   5   2 3505.254 3365.984 2146.514
  3  -5   0 18480.739 15292.199 11702.252
  3  -4  -2 6398.461 4918.142 3396.548
  3  -4  -1 1669.185 1584.992 1090.264
  3  -4   0 0.000 0.000 0.000
  3  -4   1 1669.185 1676.538 1166.599
  3  -4   2 6398.461 5182.189 3617.142
  3  -3  -3 287.626 300.845 185.134
  3  -3  -2 9991.476 7354.026 5730.072
  3  -3  -1 11528.512 11075.934 8169.904
  3  -3   0 36156.719 28937.053 23592.833
  3  -3   1 11528.512 11103.563 8193.672
  3  -3   2 9991.476 7352.746 5728.937
  3  -3   3 287.626 387.643 254.604
  3  -2  -4 12272.144 7953.090 5693.631
  3  -2  -3 28839.435 20786.642 16783.590
  3  -2  -2 26700.704 21855.642 18362.624
  3  -2  -1 17485.623 14624.820 12979.527
  3  -2   0 0.000 0.000 0.000
  3  -2   1 17485.623 13984.402 12375.457
  3  -2   2 26700.704 20362.895 16993.708
  3  -2   3 28839.435 20203.651 16258.926
  3  -2   4 12272.144 8621.561 6262.956
  3  -1  -4 70.703 59.377 25.512
  3  -1  -3 2034.232 1493.786 1213.081
  3  -1  -2 7265.900 6172.810 4640.570
  3  -1  -1 11690.719 10918.609 7936.714
  3  -1   0 22815.956 21105.210 16407.157
  3  -1   1 11690.719 11029.390 8031.379
  3  -1   2 7265.900 6359.320 4802.795
  3  -1   3 2034.232 1533.370 1248.860
  3  -1   4 70.703 91.453 47.795
  3   0  -4 32839.277 20100.325 16370.970
  3   0  -3 20603.883 16210.659 12631.732
  3   0  -2 15476.718 12801.876 10103.029
  3   0  -1 3057.588 2898.215 2168.581
  3   0   0 0.000 0.000 0.000
  3   0   1 3057.588 2973.126 2233.563
  3   0   2 15476.718 13121.155 10387.446
  3   0   3 20603.883 15891.055 12349.183
  3   0   4 32839.277 19590.069 15909.596
  3   1  -4 973.947 603.683 482.198
  3   1  -3 3573.812 2767.922 2383.680
  3   1  -2 17570.704 14400.607 12020.411
  3   1  -1 14262.934 13418.030 10090.208
  3   1   0 28360.190 25987.386 20748.580
  3   1   1 14262.934 13479.585 10143.701
  3   1   2 17570.704 14202.975 11839.546
  3   1   3 3573.812 2456.344 2094.570
  3   1   4 973.947 640.137 514.927
  3   2  -4 15162.936 9825.203 7299.452
  3   2  -3 15927.358 11824.693 8844.388
  3   2  -2 4848.075 4398.468 2897.817
  3   2  -1 2464.853 2219.632 1597.614
  3   2   0 0.000 0.000 0.000
  3   2   1 2464.853 2230.963 1607.247
  3   2   2 4848.075 4380.250 2882.997
  3   2   3 15927.358 11831.327 8850.121
  3   2   4 15162.936 9676.322 7170.838
  3   3  -3 287.626 329.470 207.789
  3   3  -2 9991.476 7237.311 5626.873
  3   3  -1 11528.512 11116.689 8205.008
  3   3   0 36156.719 29331.973 23950.361
  3   3   1 11528.512 10936.949 8050.365
  3   3   2 9991.476 7480.361 5841.918
  3   3   3 287.626 302.948 186.790
  3   4  -2 15802.636 10968.910 8640.635
  3   4  -1 4766.025 4049.095 3236.179
  3   4   0 0.000 0.000 0.000
  3   4   1 4766.025 4005.600 3197.212
  3   4   2 15802.636 11148.826 8800.811
  3   5   0 26944.809 20155.167 16012.677
  4  -4  -1 7774.748 7547.057 5306.362
  4  -4   0 18837.619 14039.629 10578.761
  4  -4   1 7774.748 7800.434 5519.779
  4  -3  -2 15802.636 11091.195 8749.572
  4  -3  -1 4766.025 3946.162 3144.040
  4  -3   0 0.000 0.000 0.000
  4  -3   1 4766.025 3928.778 3128.496
  4  -3   2 15802.636 10885.528 8566.593
  4  -2  -3 450.204 327.174 206.861
  4  -2  -2 4740.762 3933.544 2777.035
  4  -2  -1 14408.976 12341.294 9290.451
  4  -2   0 25747.174 21680.955 17120.384
  4  -2   1 14408.976 12254.143 9214.658
  4  -2   2 4740.762 4161.826 2969.822
  4  -2   3 450.204 451.185 307.807
  4  -1  -3 18128.624 13131.645 10035.011
  4  -1  -2 14268.998 11495.270 9032.725
  4  -1  -1 7315.439 6142.467 5101.789
  4  -1   0 0.000 0.000 0.000
  4  -1   1 7315.439 5978.269 4951.914
  4  -1   2 14268.998 11055.726 8642.641
  4  -1   3 18128.624 12991.416 9912.070
  4   0  -3 740.268 666.121 486.670
  4   0  -2 16288.623 12142.186 10017.368
  4   0  -1 12284.555 11657.869 8643.668
  4   0   0 43434.115 36126.493 30076.076
  4   0   1 12284.555 11586.879 8582.451
  4   0   2 16288.623 12192.072 10062.805
  4   0   3 740.268 621.888 448.879
  4   1  -3 15327.039 11442.432 8557.097
  4   1  -2 8863.349 7215.939 5284.586
  4   1  -1 3131.364 2764.538 2075.873
  4   1   0 0.000 0.000 0.000
  4   1   1 3131.364 2762.347 2073.974
  4   1   2 8863.349 7294.683 5352.179
  4   1   3 15327.039 11415.975 8534.208
  4   2  -3 441.794 315.400 197.491
  4   2  -2 6083.726 5055.206 3733.297
  4   2  -1 22434.619 18403.442 14643.732
  4   2   0 31298.936 26868.601 21772.483
  4   2   1 22434.619 18469.941 14703.176
  4   2   2 6083.726 5050.821 3729.515
  4   2   3 441.794 342.329 218.974
  4   3  -2 6398.461 4938.575 3413.586
  4   3  -1 1669.185 1522.011 1038.014
  4   3   0 0.000 0.000 0.000
  4   3   1 1669.185 1523.271 1039.057
  4   3   2 6398.461 5036.053 3494.918
  4   4  -1 7774.748 7456.667 5230.352
  4   4   0 18837.619 13668.089 10255.593
  4   4   1 7774.748 7352.936 5143.300
  5  -3   0 26944.809 19920.456 15803.057
  5  -2  -2 3505.254 3276.038 2074.609
  5  -2  -1 2640.262 2024.371 1468.937
  5  -2   0 0.000 0.000 0.000
  5  -2   1 2640.262 2108.363 1540.806
  5  -2   2 3505.254 3560.440 2302.801
  5  -1  -2 6280.467 5253.706 3936.382
  5  -1  -1 19513.016 14770.729 11498.400
  5  -1   0 14023.139 12907.525 9516.761
  5  -1   1 19513.016 14853.084 11571.264
  5  -1   2 6280.467 5101.785 3804.677
  5   0  -2 9188.520 7160.726 5300.756
  5   0  -1 4116.804 3307.421 2576.484
  5   0   0 0.000 0.000 0.000
  5   0   1 4116.804 3304.674 2574.052
  5   0   2 9188.520 7162.729 5302.476
  5   1  -2 3710.017 3197.027 2186.590
  5   1  -1 22765.193 17484.750 13914.751
  5   1   0 29571.870 24135.217 19435.207
  5   1   1 22765.193 17346.615 13791.222
  5   1   2 3710.017 3312.017 2282.122
  5   2  -2 7818.398 6604.750 4849.957
  5   2  -1 7208.651 5112.879 4212.610
  5   2   0 0.000 0.000 0.000
  5   2   1 7208.651 5013.135 4121.877
  5   2   2 7818.398 6211.028 4512.512
  5   3   0 18480.739 14865.979 11328.717
  0   0  -1 36290.462
  0   0   1 36290.462
 -1  -1   0 32179.554
  1   1   0 32179.554
 -1   1   0 32166.929
  1  -1   0 32166.929
 -4   0   0 30076.076
  4   0   0 30076.076
  0  -4   0 28546.162
  0   4   0 28546.162
 -1  -2  -3 26700.931
  1   2   3 26700.931
 -2   1   3 26657.919
  2  -1  -3 26657.919
 -2   1  -3 26061.050
  2  -1   3 26061.050
 -2  -2  -1 25938.402
  2   2   1 25938.402
 -1  -2   3 25854.203
  1   2  -3 25854.203
 -2   2   1 25634.482
  2  -2  -1 25634.482
 -2  -2   1 25614.307
  2   2  -1 25614.307
 -2   2  -1 25495.194
  2  -2   1 25495.194
 -3  -3   0 23950.361
  3   3   0 23950.361
 -3   3   0 23592.833
  3  -3   0 23592.833
 -1  -1  -1 22726.846
  1   1   1 22726.846
 -1   1   1 22716.123
  1  -1  -1 22716.123
 -1  -1   1 22650.585
  1   1  -1 22650.585
 -1   1  -1 22606.422
  1  -1   1 22606.422
 -4  -2   0 21772.483
  4   2   0 21772.483
 -2   4   0 21656.842
  2  -4   0 21656.842
 -3  -1   0 20748.580
  3   1   0 20748.580
 -1   3   0 20609.114
  1  -3   0 20609.114
 -1   5   0 19654.374
  1  -5   0 19654.374
 -5  -1   0 19435.207
  5   1   0 19435.207
 -3   2   2 18362.624
  3  -2  -2 18362.624
 -2  -3  -2 18212.792
  2   3   2 18212.792
 -2  -3   2 17951.013
  2   3  -2 17951.013
 -2  -4   0 17199.082
  2   4   0 17199.082
 -4   2   0 17120.384
  4  -2   0 17120.384
  0   0  -2 17088.527
  0   0   2 17088.527
 -3   2  -2 16993.708
  3  -2   2 16993.708
 -2  -3  -3 16807.895
  2   3   3 16807.895
 -3   2   3 16783.590
  3  -2  -3 16783.590
 -2  -1  -3 16485.729
  2   1   3 16485.729
 -3   1   0 16407.157
  3  -1   0 16407.157
 -1   2   3 16374.649
  1  -2  -3 16374.649
 -3   0   4 16370.970
  3   0  -4 16370.970
 -2  -3   3 16328.045
  2   3  -3 16328.045
 -1  -3   0 16323.069
  1   3   0 16323.069
 -2  -1   3 16313.528
  2   1  -3 16313.528
 -3   2  -3 16258.926
  3  -2   3 16258.926
  0  -3  -4 16199.170
  0   3   4 16199.170
 -1   2  -3 16127.528
  1  -2   3 16127.528
 -3  -5   0 16012.677
  3   5   0 16012.677
 -3   0  -4 15909.596
  3   0   4 15909.596
 -5   3   0 15803.057
  5  -3   0 15803.057
 -2   2   0 15757.968
  2  -2   0 15757.968
 -2  -2   0 15635.096
  2   2   0 15635.096
  0  -3   4 15196.584
  0   3  -4 15196.584
 -4  -2  -1 14703.176
  4   2   1 14703.176
 -4  -2   1 14643.732
  4   2  -1 14643.732
 -2   4   1 14446.946
  2  -4  -1 14446.946
 -2   4  -1 14025.320
  2  -4   1 14025.320
 -5  -1   1 13914.751
  5   1  -1 13914.751
 -1  -2  -2 13815.001
  1   2   2 13815.001
 -5  -1  -1 13791.222
  5   1   1 13791.222
 -2   1   2 13772.550
  2  -1  -2 13772.550
 -1  -2   2 13741.700
  1   2  -2 13741.700
 -2   1  -2 13445.699
  2  -1   2 13445.699
 -1   5   1 13236.739
  1  -5  -1 13236.739
 -2  -3  -1 13064.542
  2   3   1 13064.542
  0  -3   3 12981.035
  0   3  -3 12981.035
 -3   2   1 12979.527
  3  -2  -1 12979.527
 -2  -3   1 12952.919
  2   3  -1 12952.919
 -1   5  -1 12877.159
  1  -5   1 12877.159
  0  -3  -3 12845.921
  0   3   3 12845.921
 -3   0   3 12631.732
  3   0  -3 12631.732
 -3   2  -1 12375.457
  3  -2   1 12375.457
 -3   0  -3 12349.183
  3   0   3 12349.183
 -3  -1   2 12020.411
  3   1  -2 12020.411
 -2   1   1 11876.692
  2  -1  -1 11876.692
 -1  -2  -1 11869.607
  1   2   1 11869.607
 -1   3   2 11842.425
  1  -3  -2 11842.425
 -3  -1  -2 11839.546
  3   1   2 11839.546
 -2   1  -1 11719.888
  2  -1   1 11719.888
 -1  -2   1 11711.565
  1   2  -1 11711.565
 -3   5   0 11702.252
  3  -5   0 11702.252
 -5   1  -1 11571.264
  5  -1   1 11571.264
 -5   1   1 11498.400
  5  -1  -1 11498.400
 -1   3  -2 11378.337
  1  -3   2 11378.337
 -5  -3   0 11328.717
  5   3   0 11328.717
 -1  -5  -1 10869.308
  1   5   1 10869.308
 -1  -5   1 10693.263
  1   5  -1 10693.263
 -2  -1   4 10675.953
  2   1  -4 10675.953
 -1   2   4 10588.947
  1  -2  -4 10588.947
 -4   4   0 10578.761
  4  -4   0 10578.761
 -1   3  -1 10510.014
  1  -3   1 10510.014
 -1   3   1 10403.953
  1  -3  -1 10403.953
 -3   0  -2 10387.446
  3   0   2 10387.446
 -1   2  -4 10379.259
  1  -2   4 10379.259
 -1  -5   0 10291.017
  1   5   0 10291.017
 -4  -4   0 10255.593
  4   4   0 10255.593
 -2  -1  -4 10210.171
  2   1   4 10210.171
 -3  -1  -1 10143.701
  3   1   1 10143.701
 -3   0   2 10103.029
  3   0  -2 10103.029
  0  -3  -2 10090.746
  0   3   2 10090.746
 -3  -1   1 10090.208
  3   1  -1 10090.208
 -4   0  -2 10062.805
  4   0   2 10062.805
 -1  -4  -3 10051.383
  1   4   3 10051.383
 -4   1   3 10035.011
  4  -1  -3 10035.011
 -4   0   2 10017.368
  4   0  -2 10017.368
 -4   1  -3 9912.070
  4  -1   3 9912.070
 -1  -4   3 9866.285
  1   4  -3 9866.285
  0  -3   2 9801.036
  0   3  -2 9801.036
 -1   0  -4 9745.226
  1   0   4 9745.226
  0  -4   1 9689.965
  0   4  -1 9689.965
  0  -1   4 9639.841
  0   1  -4 9639.841
  0  -1  -4 9633.134
  0   1   4 9633.134
  0  -4  -2 9573.551
  0   4   2 9573.551
 -1   0   4 9572.151
  1   0  -4 9572.151
 -5   1   0 9516.761
  5  -1   0 9516.761
  0  -4  -1 9469.623
  0   4   1 9469.623
  0  -1   3 9466.927
  0   1  -3 9466.927
 -1   0  -3 9342.492
  1   0   3 9342.492
 -4   2   1 9290.451
  4  -2  -1 9290.451
 -1   0   3 9290.038
  1   0  -3 9290.038
 -1  -2   4 9231.735
  1   2  -4 9231.735
 -2  -4   1 9230.742
  2   4  -1 9230.742
 -1   0   2 9229.245
  1   0  -2 9229.245
  0  -1  -3 9223.174
  0   1   3 9223.174
 -4   2  -1 9214.658
  4  -2   1 9214.658
 -1   0  -2 9208.145
  1   0   2 9208.145
  0  -1   2 9206.380
  0   1  -2 9206.380
  0  -4   2 9202.263
  0   4  -2 9202.263
 -2  -4  -1 9192.951
  2   4   1 9192.951
  0  -1  -2 9173.339
  0   1   2 9173.339
 -1   4  -3 9120.839
  1  -4   3 9120.839
 -4   1   2 9032.725
  4  -1  -2 9032.725
 -2   1  -4 9019.418
  2  -1   4 9019.418
 -2   1   4 9003.390
  2  -1  -4 9003.390
 -2   3  -3 8987.955
  2  -3   3 8987.955
 -1  -2  -4 8975.384
  1   2   4 8975.384
 -2   0   0 8932.319
  2   0   0 8932.319
 -1  -4  -2 8903.659
  1   4   2 8903.659
  0  -2   0 8881.282
  0   2   0 8881.282
 -3  -2  -3 8850.121
  3   2   3 8850.121
 -3  -2   3 8844.388
  3   2  -3 8844.388
 -3  -4  -2 8800.811
  3   4   2 8800.811
 -4   3   2 8749.572
  4  -3  -2 8749.572
 -2   3   3 8714.870
  2  -3  -3 8714.870
 -4   0   1 8643.668
  4   0  -1 8643.668
 -4   1  -2 8642.641
  4  -1   2 8642.641
 -3  -4   2 8640.635
  3   4  -2 8640.635
 -4   0  -1 8582.451
  4   0   1 8582.451
 -4   3  -2 8566.593
  4  -3   2 8566.593
 -1  -4   2 8560.784
  1   4  -2 8560.784
 -4  -1   3 8557.097
  4   1  -3 8557.097
 -4  -1  -3 8534.208
  4   1   3 8534.208
 -1   4   3 8500.880
  1  -4  -3 8500.880
 -3  -3   1 8205.008
  3   3  -1 8205.008
 -3   3  -1 8193.672
  3  -3   1 8193.672
 -3   3   1 8169.904
  3  -3  -1 8169.904
 -1  -3   1 8111.841
  1   3  -1 8111.841
 -3  -3  -1 8050.365
  3   3   1 8050.365
 -3   1  -1 8031.379
  3  -1   1 8031.379
 -3   1   1 7936.714
  3  -1  -1 7936.714
 -1  -3  -1 7909.064
  1   3   1 7909.064
 -2   0   2 7351.839
  2   0  -2 7351.839
 -3  -2   4 7299.452
  3   2  -4 7299.452
  0  -2  -2 7291.750
  0   2   2 7291.750
 -2   3  -4 7277.571
  2  -3   4 7277.571
 -2   0  -2 7256.416
  2   0   2 7256.416
 -2   3   4 7235.735
  2  -3  -4 7235.735
  0  -2   2 7235.203
  0   2  -2 7235.203
 -3  -2  -4 7170.838
  3   2   4 7170.838
 -1   1  -2 6333.452
  1  -1   2 6333.452
 -1  -1   2 6323.985
  1   1  -2 6323.985
 -1   1   2 6292.376
  1  -1  -2 6292.376
 -1  -1  -2 6286.206
  1   1   2 6286.206
 -3   2  -4 6262.956
  3  -2   4 6262.956
 -2  -3  -4 5942.213
  2   3   4 5942.213
 -2  -3   4 5906.816
  2   3  -4 5906.816
 -3  -3  -2 5841.918
  3   3   2 5841.918
 -3   3   2 5730.072
  3  -3  -2 5730.072
 -3   3  -2 5728.937
  3  -3   2 5728.937
 -3   2   4 5693.631
  3  -2  -4 5693.631
 -3  -3   2 5626.873
  3   3  -2 5626.873
 -4   4  -1 5519.779
  4  -4   1 5519.779
 -2   0  -1 5469.691
  2   0   1 5469.691
  0  -2   1 5461.719
  0   2  -1 5461.719
 -1   4  -2 5416.617
  1  -4   2 5416.617
 -2   0   1 5387.261
  2   0  -1 5387.261
  0  -2  -1 5375.691
  0   2   1 5375.691
 -4  -1  -2 5352.179
  4   1   2 5352.179
 -4   4   1 5306.362
  4  -4  -1 5306.362
 -5   0  -2 5302.476
  5   0   2 5302.476
 -5   0   2 5300.756
  5   0  -2 5300.756
 -4  -1   2 5284.586
  4   1  -2 5284.586
  0  -5   2 5271.601
  0   5  -2 5271.601
  0  -5  -2 5265.795
  0   5   2 5265.795
 -4  -4   1 5230.352
  4   4  -1 5230.352
 -4  -4  -1 5143.300
  4   4   1 5143.300
 -1   4   2 5113.807
  1  -4  -2 5113.807
 -4   1   1 5101.789
  4  -1  -1 5101.789
 -1  -4  -1 5084.554
  1   4   1 5084.554
 -2   5  -2 4998.932
  2  -5   2 4998.932
 -1  -4   1 4991.390
  1   4  -1 4991.390
 -4   1  -1 4951.914
  4  -1   1 4951.914
  0  -1   1 4862.144
  0   1  -1 4862.144
 -2   5   2 4857.278
  2  -5  -2 4857.278
 -1   0   1 4852.479
  1   0  -1 4852.479
 -5  -2   2 4849.957
  5   2  -2 4849.957
  0  -1  -1 4832.873
  0   1   1 4832.873
 -1   0  -1 4823.850
  1   0   1 4823.850
 -3   1  -2 4802.795
  3  -1   2 4802.795
 -1  -3   2 4698.790
  1   3  -2 4698.790
 -1  -3  -2 4654.803
  1   3   2 4654.803
 -3   1   2 4640.570
  3  -1  -2 4640.570
  0   0  -5 4639.249
  0   0   5 4639.249
 -5  -2  -2 4512.512
  5   2   2 4512.512
  0   0  -4 4366.474
  0   0   4 4366.474
 -1  -5   2 4289.561
  1   5  -2 4289.561
 -5  -2   1 4212.610
  5   2  -1 4212.610
 -1  -5  -2 4181.887
  1   5   2 4181.887
 -2  -2   2 4181.520
  2   2  -2 4181.520
 -2   2  -2 4181.013
  2  -2   2 4181.013
 -5  -2  -1 4121.877
  5   2   1 4121.877
 -2   2   2 4023.721
  2  -2  -2 4023.721
 -5   1   2 3936.382
  5  -1  -2 3936.382
 -2  -2  -2 3935.734
  2   2   2 3935.734
 -2   5   1 3889.412
  2  -5  -1 3889.412
 -2   4  -2 3856.028
  2  -4   2 3856.028
 -2   5  -1 3815.957
  2  -5   1 3815.957
 -2   4   2 3807.299
  2  -4  -2 3807.299
 -5   1  -2 3804.677
  5  -1   2 3804.677
 -4  -2   2 3733.297
  4   2  -2 3733.297
 -4  -2  -2 3729.515
  4   2   2 3729.515
 -3   4  -2 3617.142
  3  -4   2 3617.142
 -4  -3  -2 3494.918
  4   3   2 3494.918
  0  -1   5 3458.528
  0   1  -5 3458.528
 -1   0  -5 3432.750
  1   0   5 3432.750
 -4  -3   2 3413.586
  4   3  -2 3413.586
 -1   0   5 3405.967
  1   0  -5 3405.967
  0  -1  -5 3404.238
  0   1   5 3404.238
 -3   4   2 3396.548
  3  -4  -2 3396.548
 -2   0   3 3342.683
  2   0  -3 3342.683
  0  -2  -3 3305.341
  0   2   3 3305.341
 -2  -2  -3 3266.200
  2   2   3 3266.200
 -3  -4   1 3236.179
  3   4  -1 3236.179
 -2   2   3 3207.077
  2  -2  -3 3207.077
 -3  -4  -1 3197.212
  3   4   1 3197.212
  0  -2   3 3173.793
  0   2  -3 3173.793
 -2   0  -3 3146.710
  2   0   3 3146.710
 -4   3   1 3144.040
  4  -3  -1 3144.040
 -4   3  -1 3128.496
  4  -3   1 3128.496
 -2   3  -2 3105.006
  2  -3   2 3105.006
 -2  -2   3 3027.565
  2   2  -3 3027.565
 -2   2  -3 3013.533
  2  -2   3 3013.533
 -4   2  -2 2969.822
  4  -2   2 2969.822
 -3  -2   2 2897.817
  3   2  -2 2897.817
 -3  -2  -2 2882.997
  3   2   2 2882.997
 -2   3   2 2848.813
  2  -3  -2 2848.813
 -2  -4   2 2810.146
  2   4  -2 2810.146
 -2  -4  -2 2785.354
  2   4   2 2785.354
 -4   2   2 2777.035
  4  -2  -2 2777.035
 -5   0   1 2576.484
  5   0  -1 2576.484
  0  -5   1 2575.545
  0   5  -1 2575.545
 -5   0  -1 2574.052
  5   0   1 2574.052
  0  -5  -1 2572.412
  0   5   1 2572.412
 -1   5  -2 2552.338
  1  -5   2 2552.338
 -1   2  -2 2520.292
  1  -2   2 2520.292
 -1   1   5 2431.363
  1  -1  -5 2431.363
 -1  -1  -5 2428.664
  1   1   5 2428.664
 -1  -1   5 2414.275
  1   1  -5 2414.275
 -1   1  -5 2411.852
  1  -1   5 2411.852
 -2  -5   2 2397.283
  2   5  -2 2397.283
  0   0  -3 2387.705
  0   0   3 2387.705
 -3  -1   3 2383.680
  3   1  -3 2383.680
 -1   5   2 2383.669
  1  -5  -2 2383.669
 -2  -1  -2 2352.180
  2   1   2 2352.180
  0  -3   1 2340.055
  0   3  -1 2340.055
 -1   3   3 2303.846
  1  -3  -3 2303.846
 -1   2   2 2303.630
  1  -2  -2 2303.630
 -5   2  -2 2302.801
  5  -2   2 2302.801
  0  -3  -1 2296.755
  0   3   1 2296.755
 -2  -1   2 2286.920
  2   1  -2 2286.920
 -5  -1  -2 2282.122
  5   1   2 2282.122
 -3   0  -1 2233.563
  3   0   1 2233.563
 -1   4  -1 2206.240
  1  -4   1 2206.240
 -5  -1   2 2186.590
  5   1  -2 2186.590
 -3   0   1 2168.581
  3   0  -1 2168.581
 -1   3  -3 2157.288
  1  -3   3 2157.288
 -2  -5  -2 2146.514
  2   5   2 2146.514
 -1   4   1 2109.001
  1  -4  -1 2109.001
 -3  -1  -3 2094.570
  3   1   3 2094.570
 -4  -1   1 2075.873
  4   1  -1 2075.873
 -5   2   2 2074.609
  5  -2  -2 2074.609
 -4  -1  -1 2073.974
  4   1   1 2073.974
 -2   3  -1 1675.479
  2  -3   1 1675.479
 -1   2  -1 1673.512
  1  -2   1 1673.512
 -2  -1  -1 1653.017
  2   1   1 1653.017
 -3  -2  -1 1607.247
  3   2   1 1607.247
 -1   2   1 1604.994
  1  -2  -1 1604.994
 -2   3   1 1602.529
  2  -3  -1 1602.529
 -3  -2   1 1597.614
  3   2  -1 1597.614
 -2  -1   1 1587.216
  2   1  -1 1587.216
 -5   2  -1 1540.806
  5  -2   1 1540.806
 -5   2   1 1468.937
  5  -2  -1 1468.937
 -2  -5   1 1414.587
  2   5  -1 1414.587
 -2  -5  -1 1383.285
  2   5   1 1383.285
 -1   1   4 1296.804
  1  -1  -4 1296.804
 -1  -1  -4 1286.440
  1   1   4 1286.440
 -1  -3  -3 1279.901
  1   3   3 1279.901
 -1  -1   4 1263.754
  1   1  -4 1263.754
 -1   1  -4 1248.949
  1  -1   4 1248.949
 -3   1  -3 1248.860
  3  -1   3 1248.860
 -3   1   3 1213.081
  3  -1  -3 1213.081
 -1  -3   3 1197.474
  1   3  -3 1197.474
 -3   4  -1 1166.599
  3  -4   1 1166.599
 -1   1  -3 1154.363
  1  -1   3 1154.363
 -1  -1  -3 1147.711
  1   1   3 1147.711
 -1  -1   3 1132.580
  1   1  -3 1132.580
 -1   1   3 1128.561
  1  -1  -3 1128.561
 -3   4   1 1090.264
  3  -4  -1 1090.264
 -4  -3  -1 1039.057
  4   3   1 1039.057
 -4  -3   1 1038.014
  4   3  -1 1038.014
 -2  -2  -4 878.951
  2   2   4 878.951
 -2   2  -4 874.303
  2  -2   4 874.303
 -2  -2   4 852.185
  2   2  -4 852.185
 -2   2   4 843.253
  2  -2  -4 843.253
  0  -4   3 597.745
  0   4  -3 597.745
  0  -4  -3 533.586
  0   4   3 533.586
 -1   3  -4 520.511
  1  -3   4 520.511
 -1   3   4 516.714
  1  -3  -4 516.714
 -3  -1  -4 514.927
  3   1   4 514.927
 -4   0   3 486.670
  4   0  -3 486.670
 -3  -1   4 482.198
  3   1  -4 482.198
 -4   0  -3 448.879
  4   0   3 448.879
 -4   2  -3 307.807
  4  -2   3 307.807
 -2   4  -3 257.761
  2  -4   3 257.761
 -3   3  -3 254.604
  3  -3   3 254.604
 -2  -4  -3 239.264
  2   4   3 239.264
 -2  -4   3 233.392
  2   4  -3 233.392
 -4  -2  -3 218.974
  4   2   3 218.974
 -3  -3   3 207.789
  3   3  -3 207.789
 -4   2   3 206.861
  4  -2  -3 206.861
 -4  -2   3 197.491
  4   2  -3 197.491
 -3  -3  -3 186.790
  3   3   3 186.790
 -3   3   3 185.134
  3  -3  -3 185.134
 -2   4   3 172.108
  2  -4  -3 172.108
  0  -2   4 60.439
  0   2  -4 60.439
 -2   0  -4 59.893
  2   0   4 59.893
 -1  -3   4 54.672
  1   3  -4 54.672
 -3   1  -4 47.795
  3  -1   4 47.795
 -2   0   4 45.507
  2   0  -4 45.507
  0  -2  -4 44.683
  0   2   4 44.683
 -3   1   4 25.512
  3  -1  -4 25.512
 -1  -3  -4 19.431
  1   3   4 19.431
 -4  -1   0 0.000
  4   1   0 0.000
 -3  -2   0 0.000
  3   2   0 0.000
 -2  -3   0 0.000
  2   3   0 0.000
 -5   0   0 0.000
  5   0   0 0.000
  0  -5   0 0.000
  0   5   0 0.000
 -1  -4   0 0.000
  1   4   0 0.000
 -2  -5   0 0.000
  2   5   0 0.000
 -5  -2   0 0.000
  5   2   0 0.000
 -3  -4   0 0.000
  3   4   0 0.000
 -1  -2   0 0.000
  1   2   0 0.000
 -2  -1   0 0.000
  2   1   0 0.000
  0  -3   0 0.000
  0   3   0 0.000
 -1   4   0 0.000
  1  -4   0 0.000
 -4  -3   0 0.000
  4   3   0 0.000
 -3   0   0 0.000
  3   0   0 0.000
 -5   2   0 0.000
  5  -2   0 0.000
 -2   3   0 0.000
  2  -3   0 0.000
 -2   5   0 0.000
  2  -5   0 0.000
 -3   2   0 0.000
  3  -2   0 0.000
 -4   3   0 0.000
  4  -3   0 0.000
 -1   2   0 0.000
  1  -2   0 0.000
  0  -1   0 0.000
  0   1   0 0.000
 -1   0   0 0.000
  1   0   0 0.000
 -4   1   0 0.000
  4  -1   0 0.000
 -3   4   0 0.000
  3  -4   0 0.000
 -2   1   0 0.000
