1000000.cif	?	?	?	?
1000000.cif	?	?	?	?
1001031.cif	1977	38	128	Journal_de_Physique_(Paris),_Colloque.
1008954.cif	1987	129	133	Journal_of_the_Less-Common_Metals
1100893.cif	?	?	?	?
1101133.cif	1995	14	611	Polyhedron
2000334.cif	1991	47	880	Acta_Cryst._C
2001826.cif	1993	C49	820	Acta_Crystallographica,_Section_C
2006132.cif	1997	C53	597	Acta_Crystallographica
2006596.cif	1997	53	1405	Acta_Crystallographica_Section_C
2007325.cif	1998	54	840	Acta_Crystallographica_Section_C
2009397.cif	1994	C50	129	Acta_Crystallographica
2103700.cif	2001	57	507	Acta_Crystallographica_Section_B
2103867.cif	2003	59	182	Acta_Crystallographica_Section_B
2103956.cif	2003	59	557	Acta_Crystallographica_Section_B
2200639.cif	2001	57	m496	Acta_Crystallographica,_Section_E
2201319.cif	2002	58	m686	Acta_Crystallographica,_Section_E
2204100.cif	2004	60	o1369	Acta_Crystallographica,_Section_E
2204368.cif	2004	60	m1465	Acta_Crystallographica,_Section_E
2205750.cif	2005	61	o1221	Acta_Crystallographica,_Section_E
7000063.cif	2005	?	?	Dalton_Trans.
7101147.cif	2005	?	?	Chemical_Communications
8000008.cif	2005	34	362	Chemistry_Letters
