./cif_check_pd_relations: tests/cif_check_pd_relations_001.inp data_overall: NOTE, assuming that datablock 'data_overall' is the overall information datablock.
./cif_check_pd_relations: tests/cif_check_pd_relations_001.inp data_1: WARNING, value 'z' is missing in _pd_block_diffractogram_id loop.
./cif_check_pd_relations: tests/cif_check_pd_relations_001.inp data_2: WARNING, value 'x' is missing in _pd_block_diffractogram_id loop.
./cif_check_pd_relations: tests/cif_check_pd_relations_001.inp data_2: WARNING, value 'y' is missing in _pd_block_diffractogram_id loop.
./cif_check_pd_relations: tests/cif_check_pd_relations_001.inp data_3: WARNING, value 'x' is missing in _pd_block_diffractogram_id loop.
./cif_check_pd_relations: tests/cif_check_pd_relations_001.inp data_3: WARNING, value 'y' is missing in _pd_block_diffractogram_id loop.
./cif_check_pd_relations: tests/cif_check_pd_relations_001.inp data_3: WARNING, value 'z' is missing in _pd_block_diffractogram_id loop.
./cif_check_pd_relations: tests/cif_check_pd_relations_001.inp data_5: WARNING, value 'c' is missing in _pd_phase_block_id loop.
./cif_check_pd_relations: tests/cif_check_pd_relations_001.inp data_7: WARNING, value 'b' is missing in _pd_phase_block_id loop.
./cif_check_pd_relations: tests/cif_check_pd_relations_001.inp data_7: WARNING, value 'c' is missing in _pd_phase_block_id loop.
./cif_check_pd_relations: tests/cif_check_pd_relations_001.inp data_8: WARNING, value 'a' is missing in _pd_phase_block_id loop.
./cif_check_pd_relations: tests/cif_check_pd_relations_001.inp data_8: WARNING, value 'b' is missing in _pd_phase_block_id loop.
tests/cif_check_pd_relations_001.inp: group:
    a
    b
    c
    x
    y
    z
tests/cif_check_pd_relations_001.inp: group:
    d
tests/cif_check_pd_relations_001.inp: group:
    w
