./cif_cod_check: tests/cif_cod_check_091.inp data_test_phase2: ERROR, value 'diffractogram2' seems missing in _pd_block_diffractogram_id list of 'data_test_phase2'.
./cif_cod_check: tests/cif_cod_check_091.inp data_test_publ: _journal_name_full is undefined
./cif_cod_check: tests/cif_cod_check_091.inp data_test_publ: _publ_section_title is undefined
./cif_cod_check: tests/cif_cod_check_091.inp data_test_publ: neither _journal_year nor _journal_volume is defined
./cif_cod_check: tests/cif_cod_check_091.inp data_test_publ: neither _journal_page_first nor _journal_article_reference is defined
./cif_cod_check: tests/cif_cod_check_091.inp data_test_publ: _publ_author_name is undefined
./cif_cod_check: tests/cif_cod_check_091.inp data_test_publ: no _chemical_formula_sum
./cif_cod_check: tests/cif_cod_check_091.inp data_test_publ: no symmetry information found
./cif_cod_check: tests/cif_cod_check_091.inp data_test_publ: no spacegroup symbol to check cell constraints
./cif_cod_check: tests/cif_cod_check_091.inp data_test_overall: _journal_name_full is undefined
./cif_cod_check: tests/cif_cod_check_091.inp data_test_overall: _publ_section_title is undefined
./cif_cod_check: tests/cif_cod_check_091.inp data_test_overall: neither _journal_year nor _journal_volume is defined
./cif_cod_check: tests/cif_cod_check_091.inp data_test_overall: neither _journal_page_first nor _journal_article_reference is defined
./cif_cod_check: tests/cif_cod_check_091.inp data_test_overall: _publ_author_name is undefined
./cif_cod_check: tests/cif_cod_check_091.inp data_test_overall: no _chemical_formula_sum
./cif_cod_check: tests/cif_cod_check_091.inp data_test_overall: no symmetry information found
./cif_cod_check: tests/cif_cod_check_091.inp data_test_overall: no spacegroup symbol to check cell constraints
./cif_cod_check: tests/cif_cod_check_091.inp data_test_diffractogram1: _journal_name_full is undefined
./cif_cod_check: tests/cif_cod_check_091.inp data_test_diffractogram1: _publ_section_title is undefined
./cif_cod_check: tests/cif_cod_check_091.inp data_test_diffractogram1: neither _journal_year nor _journal_volume is defined
./cif_cod_check: tests/cif_cod_check_091.inp data_test_diffractogram1: neither _journal_page_first nor _journal_article_reference is defined
./cif_cod_check: tests/cif_cod_check_091.inp data_test_diffractogram1: _publ_author_name is undefined
./cif_cod_check: tests/cif_cod_check_091.inp data_test_diffractogram1: no _chemical_formula_sum
./cif_cod_check: tests/cif_cod_check_091.inp data_test_diffractogram1: no symmetry information found
./cif_cod_check: tests/cif_cod_check_091.inp data_test_diffractogram1: no spacegroup symbol to check cell constraints
./cif_cod_check: tests/cif_cod_check_091.inp data_test_diffractogram2: _journal_name_full is undefined
./cif_cod_check: tests/cif_cod_check_091.inp data_test_diffractogram2: _publ_section_title is undefined
./cif_cod_check: tests/cif_cod_check_091.inp data_test_diffractogram2: neither _journal_year nor _journal_volume is defined
./cif_cod_check: tests/cif_cod_check_091.inp data_test_diffractogram2: neither _journal_page_first nor _journal_article_reference is defined
./cif_cod_check: tests/cif_cod_check_091.inp data_test_diffractogram2: _publ_author_name is undefined
./cif_cod_check: tests/cif_cod_check_091.inp data_test_diffractogram2: no _chemical_formula_sum
./cif_cod_check: tests/cif_cod_check_091.inp data_test_diffractogram2: no symmetry information found
./cif_cod_check: tests/cif_cod_check_091.inp data_test_diffractogram2: no spacegroup symbol to check cell constraints
./cif_cod_check: tests/cif_cod_check_091.inp data_test_phase1: _journal_name_full is undefined
./cif_cod_check: tests/cif_cod_check_091.inp data_test_phase1: _publ_section_title is undefined
./cif_cod_check: tests/cif_cod_check_091.inp data_test_phase1: neither _journal_year nor _journal_volume is defined
./cif_cod_check: tests/cif_cod_check_091.inp data_test_phase1: neither _journal_page_first nor _journal_article_reference is defined
./cif_cod_check: tests/cif_cod_check_091.inp data_test_phase1: _publ_author_name is undefined
./cif_cod_check: tests/cif_cod_check_091.inp data_test_phase1: no _chemical_formula_sum
./cif_cod_check: tests/cif_cod_check_091.inp data_test_phase1: no symmetry information found
./cif_cod_check: tests/cif_cod_check_091.inp data_test_phase1: no spacegroup symbol to check cell constraints
./cif_cod_check: tests/cif_cod_check_091.inp data_test_phase2: _journal_name_full is undefined
./cif_cod_check: tests/cif_cod_check_091.inp data_test_phase2: _publ_section_title is undefined
./cif_cod_check: tests/cif_cod_check_091.inp data_test_phase2: neither _journal_year nor _journal_volume is defined
./cif_cod_check: tests/cif_cod_check_091.inp data_test_phase2: neither _journal_page_first nor _journal_article_reference is defined
./cif_cod_check: tests/cif_cod_check_091.inp data_test_phase2: _publ_author_name is undefined
./cif_cod_check: tests/cif_cod_check_091.inp data_test_phase2: no _chemical_formula_sum
./cif_cod_check: tests/cif_cod_check_091.inp data_test_phase2: no symmetry information found
./cif_cod_check: tests/cif_cod_check_091.inp data_test_phase2: no spacegroup symbol to check cell constraints
