 -4  -1  -1 3131.364 2762.347 2073.974
 -4  -1   0 0.000 0.000 0.000
 -4  -1   1 3131.364 2764.538 2075.873
 -4   0  -1 12284.555 11586.879 8582.451
 -4   0   0 43434.115 36126.493 30076.076
 -4   0   1 12284.555 11657.869 8643.668
 -4   1  -1 7315.439 5978.269 4951.914
 -4   1   0 0.000 0.000 0.000
 -4   1   1 7315.439 6142.467 5101.789
 -3  -3  -1 11528.512 10936.949 8050.365
 -3  -3   0 36156.719 29331.973 23950.361
 -3  -3   1 11528.512 11116.689 8205.008
 -3  -2  -2 4848.075 4380.250 2882.997
 -3  -2  -1 2464.853 2230.963 1607.247
 -3  -2   0 0.000 0.000 0.000
 -3  -2   1 2464.853 2219.632 1597.614
 -3  -2   2 4848.075 4398.468 2897.817
 -3  -1  -2 17570.704 14202.975 11839.546
 -3  -1  -1 14262.934 13479.585 10143.701
 -3  -1   0 28360.190 25987.386 20748.580
 -3  -1   1 14262.934 13418.030 10090.208
 -3  -1   2 17570.704 14400.607 12020.411
 -3   0  -2 15476.718 13121.155 10387.446
 -3   0  -1 3057.588 2973.126 2233.563
 -3   0   0 0.000 0.000 0.000
 -3   0   1 3057.588 2898.215 2168.581
 -3   0   2 15476.718 12801.876 10103.029
 -3   1  -2 7265.900 6359.320 4802.795
 -3   1  -1 11690.719 11029.390 8031.379
 -3   1   0 22815.956 21105.210 16407.157
 -3   1   1 11690.719 10918.609 7936.714
 -3   1   2 7265.900 6172.810 4640.570
 -3   2  -2 26700.704 20362.895 16993.708
 -3   2  -1 17485.623 13984.402 12375.457
 -3   2   0 0.000 0.000 0.000
 -3   2   1 17485.623 14624.820 12979.527
 -3   2   2 26700.704 21855.642 18362.624
 -3   3  -1 11528.512 11103.563 8193.672
 -3   3   0 36156.719 28937.053 23592.833
 -3   3   1 11528.512 11075.934 8169.904
 -2  -3  -2 26700.704 21692.519 18212.792
 -2  -3  -1 17485.623 14714.888 13064.542
 -2  -3   0 0.000 0.000 0.000
 -2  -3   1 17485.623 14596.640 12952.919
 -2  -3   2 26700.704 21407.347 17951.013
 -2  -2  -3 5345.586 3715.942 3266.200
 -2  -2  -2 5683.772 5372.058 3935.734
 -2  -2  -1 35505.704 31150.346 25938.402
 -2  -2   0 20102.023 20281.384 15635.096
 -2  -2   1 35505.704 30795.675 25614.307
 -2  -2   2 5683.772 5658.050 4181.520
 -2  -2   3 5345.586 3461.642 3027.565
 -2  -1  -3 26797.485 20608.914 16485.729
 -2  -1  -2 3904.939 3775.669 2352.180
 -2  -1  -1 2395.757 2310.120 1653.017
 -2  -1   0 0.000 0.000 0.000
 -2  -1   1 2395.757 2232.333 1587.216
 -2  -1   2 3904.939 3693.010 2286.920
 -2  -1   3 26797.485 20416.694 16313.528
 -2   0  -3 4911.307 3597.578 3146.710
 -2   0  -2 10476.551 9192.201 7256.416
 -2   0  -1 8188.648 8062.298 5469.691
 -2   0   0 12725.999 12591.529 8932.319
 -2   0   1 8188.648 7962.292 5387.261
 -2   0   2 10476.551 9299.355 7351.839
 -2   0   3 4911.307 3806.490 3342.683
 -2   1  -3 41942.499 31167.898 26061.050
 -2   1  -2 18975.117 16589.320 13445.699
 -2   1  -1 14694.757 13355.798 11719.888
 -2   1   0 0.000 0.000 0.000
 -2   1   1 14694.757 13522.894 11876.692
 -2   1   2 18975.117 16951.538 13772.550
 -2   1   3 41942.499 31819.037 26657.919
 -2   2  -3 5345.586 3446.669 3013.533
 -2   2  -2 5683.772 5657.430 4181.013
 -2   2  -1 35505.704 30665.165 25495.194
 -2   2   0 20102.023 20420.987 15757.968
 -2   2   1 35505.704 30817.708 25634.482
 -2   2   2 5683.772 5474.576 4023.721
 -2   2   3 5345.586 3652.995 3207.077
 -2   3  -2 4848.075 4652.375 3105.006
 -2   3  -1 2464.853 2311.071 1675.479
 -2   3   0 0.000 0.000 0.000
 -2   3   1 2464.853 2225.415 1602.529
 -2   3   2 4848.075 4338.177 2848.813
 -1  -4  -1 7315.439 6123.544 5084.554
 -1  -4   0 0.000 0.000 0.000
 -1  -4   1 7315.439 6021.488 4991.390
 -1  -3  -2 7265.900 6189.191 4654.803
 -1  -3  -1 11690.719 10886.238 7909.064
 -1  -3   0 22815.956 21009.993 16323.069
 -1  -3   1 11690.719 11123.480 8111.841
 -1  -3   2 7265.900 6239.792 4698.790
 -1  -2  -3 41942.499 31865.952 26700.931
 -1  -2  -2 18975.117 16998.569 13815.001
 -1  -2  -1 14694.757 13515.357 11869.607
 -1  -2   0 0.000 0.000 0.000
 -1  -2   1 14694.757 13346.943 11711.565
 -1  -2   2 18975.117 16917.397 13741.700
 -1  -2   3 41942.499 30942.157 25854.203
 -1  -1  -3 1801.104 1432.146 1147.711
 -1  -1  -2 8945.477 8117.824 6286.206
 -1  -1  -1 28940.273 27772.104 22726.846
 -1  -1   0 39385.869 38876.199 32179.554
 -1  -1   1 28940.273 27687.915 22650.585
 -1  -1   2 8945.477 8160.679 6323.985
 -1  -1   3 1801.104 1415.269 1132.580
 -1   0  -3 15097.646 12580.634 9342.492
 -1   0  -2 13112.963 11896.678 9208.145
 -1   0  -1 6116.052 5923.778 4823.850
 -1   0   0 0.000 0.000 0.000
 -1   0   1 6116.052 5955.454 4852.479
 -1   0   2 13112.963 11920.620 9229.245
 -1   0   3 15097.646 12519.867 9290.038
 -1   1  -3 1801.104 1439.560 1154.363
 -1   1  -2 8945.477 8171.416 6333.452
 -1   1  -1 28940.273 27639.159 22606.422
 -1   1   0 39385.869 38862.344 32166.929
 -1   1   1 28940.273 27760.266 22716.123
 -1   1   2 8945.477 8124.824 6292.376
 -1   1   3 1801.104 1410.785 1128.561
 -1   2  -3 26797.485 20208.990 16127.528
 -1   2  -2 3904.939 3987.514 2520.292
 -1   2  -1 2395.757 2334.296 1673.512
 -1   2   0 0.000 0.000 0.000
 -1   2   1 2395.757 2253.371 1604.994
 -1   2   2 3904.939 3714.195 2303.630
 -1   2   3 26797.485 20484.918 16374.649
 -1   3  -2 17570.704 13698.370 11378.337
 -1   3  -1 14262.934 13900.611 10510.014
 -1   3   0 28360.190 25831.536 20609.114
 -1   3   1 14262.934 13778.820 10403.953
 -1   3   2 17570.704 14206.118 11842.425
 -1   4  -1 3131.364 2914.363 2206.240
 -1   4   0 0.000 0.000 0.000
 -1   4   1 3131.364 2802.682 2109.001
  0  -4  -1 12284.555 12612.156 9469.623
  0  -4   0 43434.115 34451.291 28546.162
  0  -4   1 12284.555 12865.704 9689.965
  0  -3  -2 15476.718 12788.075 10090.746
  0  -3  -1 3057.588 3045.845 2296.755
  0  -3   0 0.000 0.000 0.000
  0  -3   1 3057.588 3095.590 2340.055
  0  -3   2 15476.718 12462.280 9801.036
  0  -2  -3 4911.307 3766.715 3305.341
  0  -2  -2 10476.551 9231.857 7291.750
  0  -2  -1 8188.648 7948.214 5375.691
  0  -2   0 12725.999 12530.957 8881.282
  0  -2   1 8188.648 8052.599 5461.719
  0  -2   2 10476.551 9168.342 7235.203
  0  -2   3 4911.307 3626.475 3173.793
  0  -1  -3 15097.646 12442.368 9223.174
  0  -1  -2 13112.963 11857.172 9173.339
  0  -1  -1 6116.052 5933.763 4832.873
  0  -1   0 0.000 0.000 0.000
  0  -1   1 6116.052 5966.146 4862.144
  0  -1   2 13112.963 11894.670 9206.380
  0  -1   3 15097.646 12724.701 9466.927
  0   0  -3 2909.317 1999.131 2387.705
  0   0  -2 22236.223 20044.507 17088.527
  0   0  -1 43640.746 42657.350 36290.462
  0   0   1 43640.746 42657.350 36290.462
  0   0   2 22236.223 20044.507 17088.527
  0   0   3 2909.317 1999.131 2387.705
  0   1  -3 15097.646 12724.701 9466.927
  0   1  -2 13112.963 11894.670 9206.380
  0   1  -1 6116.052 5966.146 4862.144
  0   1   0 0.000 0.000 0.000
  0   1   1 6116.052 5933.763 4832.873
  0   1   2 13112.963 11857.172 9173.339
  0   1   3 15097.646 12442.368 9223.174
  0   2  -3 4911.307 3626.475 3173.793
  0   2  -2 10476.551 9168.342 7235.203
  0   2  -1 8188.648 8052.599 5461.719
  0   2   0 12725.999 12530.957 8881.282
  0   2   1 8188.648 7948.214 5375.691
  0   2   2 10476.551 9231.857 7291.750
  0   2   3 4911.307 3766.715 3305.341
  0   3  -2 15476.718 12462.280 9801.036
  0   3  -1 3057.588 3095.590 2340.055
  0   3   0 0.000 0.000 0.000
  0   3   1 3057.588 3045.845 2296.755
  0   3   2 15476.718 12788.075 10090.746
  0   4  -1 12284.555 12865.704 9689.965
  0   4   0 43434.115 34451.291 28546.162
  0   4   1 12284.555 12612.156 9469.623
  1  -4  -1 3131.364 2802.682 2109.001
  1  -4   0 0.000 0.000 0.000
  1  -4   1 3131.364 2914.363 2206.240
  1  -3  -2 17570.704 14206.118 11842.425
  1  -3  -1 14262.934 13778.820 10403.953
  1  -3   0 28360.190 25831.536 20609.114
  1  -3   1 14262.934 13900.611 10510.014
  1  -3   2 17570.704 13698.370 11378.337
  1  -2  -3 26797.485 20484.918 16374.649
  1  -2  -2 3904.939 3714.195 2303.630
  1  -2  -1 2395.757 2253.371 1604.994
  1  -2   0 0.000 0.000 0.000
  1  -2   1 2395.757 2334.296 1673.512
  1  -2   2 3904.939 3987.514 2520.292
  1  -2   3 26797.485 20208.990 16127.528
  1  -1  -3 1801.104 1410.785 1128.561
  1  -1  -2 8945.477 8124.824 6292.376
  1  -1  -1 28940.273 27760.266 22716.123
  1  -1   0 39385.869 38862.344 32166.929
  1  -1   1 28940.273 27639.159 22606.422
  1  -1   2 8945.477 8171.416 6333.452
  1  -1   3 1801.104 1439.560 1154.363
  1   0  -3 15097.646 12519.867 9290.038
  1   0  -2 13112.963 11920.620 9229.245
  1   0  -1 6116.052 5955.454 4852.479
  1   0   0 0.000 0.000 0.000
  1   0   1 6116.052 5923.778 4823.850
  1   0   2 13112.963 11896.678 9208.145
  1   0   3 15097.646 12580.634 9342.492
  1   1  -3 1801.104 1415.269 1132.580
  1   1  -2 8945.477 8160.679 6323.985
  1   1  -1 28940.273 27687.915 22650.585
  1   1   0 39385.869 38876.199 32179.554
  1   1   1 28940.273 27772.104 22726.846
  1   1   2 8945.477 8117.824 6286.206
  1   1   3 1801.104 1432.146 1147.711
  1   2  -3 41942.499 30942.157 25854.203
  1   2  -2 18975.117 16917.397 13741.700
  1   2  -1 14694.757 13346.943 11711.565
  1   2   0 0.000 0.000 0.000
  1   2   1 14694.757 13515.357 11869.607
  1   2   2 18975.117 16998.569 13815.001
  1   2   3 41942.499 31865.952 26700.931
  1   3  -2 7265.900 6239.792 4698.790
  1   3  -1 11690.719 11123.480 8111.841
  1   3   0 22815.956 21009.993 16323.069
  1   3   1 11690.719 10886.238 7909.064
  1   3   2 7265.900 6189.191 4654.803
  1   4  -1 7315.439 6021.488 4991.390
  1   4   0 0.000 0.000 0.000
  1   4   1 7315.439 6123.544 5084.554
  2  -3  -2 4848.075 4338.177 2848.813
  2  -3  -1 2464.853 2225.415 1602.529
  2  -3   0 0.000 0.000 0.000
  2  -3   1 2464.853 2311.071 1675.479
  2  -3   2 4848.075 4652.375 3105.006
  2  -2  -3 5345.586 3652.995 3207.077
  2  -2  -2 5683.772 5474.576 4023.721
  2  -2  -1 35505.704 30817.708 25634.482
  2  -2   0 20102.023 20420.987 15757.968
  2  -2   1 35505.704 30665.165 25495.194
  2  -2   2 5683.772 5657.430 4181.013
  2  -2   3 5345.586 3446.669 3013.533
  2  -1  -3 41942.499 31819.037 26657.919
  2  -1  -2 18975.117 16951.538 13772.550
  2  -1  -1 14694.757 13522.894 11876.692
  2  -1   0 0.000 0.000 0.000
  2  -1   1 14694.757 13355.798 11719.888
  2  -1   2 18975.117 16589.320 13445.699
  2  -1   3 41942.499 31167.898 26061.050
  2   0  -3 4911.307 3806.490 3342.683
  2   0  -2 10476.551 9299.355 7351.839
  2   0  -1 8188.648 7962.292 5387.261
  2   0   0 12725.999 12591.529 8932.319
  2   0   1 8188.648 8062.298 5469.691
  2   0   2 10476.551 9192.201 7256.416
  2   0   3 4911.307 3597.578 3146.710
  2   1  -3 26797.485 20416.694 16313.528
  2   1  -2 3904.939 3693.010 2286.920
  2   1  -1 2395.757 2232.333 1587.216
  2   1   0 0.000 0.000 0.000
  2   1   1 2395.757 2310.120 1653.017
  2   1   2 3904.939 3775.669 2352.180
  2   1   3 26797.485 20608.914 16485.729
  2   2  -3 5345.586 3461.642 3027.565
  2   2  -2 5683.772 5658.050 4181.520
  2   2  -1 35505.704 30795.675 25614.307
  2   2   0 20102.023 20281.384 15635.096
  2   2   1 35505.704 31150.346 25938.402
  2   2   2 5683.772 5372.058 3935.734
  2   2   3 5345.586 3715.942 3266.200
  2   3  -2 26700.704 21407.347 17951.013
  2   3  -1 17485.623 14596.640 12952.919
  2   3   0 0.000 0.000 0.000
  2   3   1 17485.623 14714.888 13064.542
  2   3   2 26700.704 21692.519 18212.792
  3  -3  -1 11528.512 11075.934 8169.904
  3  -3   0 36156.719 28937.053 23592.833
  3  -3   1 11528.512 11103.563 8193.672
  3  -2  -2 26700.704 21855.642 18362.624
  3  -2  -1 17485.623 14624.820 12979.527
  3  -2   0 0.000 0.000 0.000
  3  -2   1 17485.623 13984.402 12375.457
  3  -2   2 26700.704 20362.895 16993.708
  3  -1  -2 7265.900 6172.810 4640.570
  3  -1  -1 11690.719 10918.609 7936.714
  3  -1   0 22815.956 21105.210 16407.157
  3  -1   1 11690.719 11029.390 8031.379
  3  -1   2 7265.900 6359.320 4802.795
  3   0  -2 15476.718 12801.876 10103.029
  3   0  -1 3057.588 2898.215 2168.581
  3   0   0 0.000 0.000 0.000
  3   0   1 3057.588 2973.126 2233.563
  3   0   2 15476.718 13121.155 10387.446
  3   1  -2 17570.704 14400.607 12020.411
  3   1  -1 14262.934 13418.030 10090.208
  3   1   0 28360.190 25987.386 20748.580
  3   1   1 14262.934 13479.585 10143.701
  3   1   2 17570.704 14202.975 11839.546
  3   2  -2 4848.075 4398.468 2897.817
  3   2  -1 2464.853 2219.632 1597.614
  3   2   0 0.000 0.000 0.000
  3   2   1 2464.853 2230.963 1607.247
  3   2   2 4848.075 4380.250 2882.997
  3   3  -1 11528.512 11116.689 8205.008
  3   3   0 36156.719 29331.973 23950.361
  3   3   1 11528.512 10936.949 8050.365
  4  -1  -1 7315.439 6142.467 5101.789
  4  -1   0 0.000 0.000 0.000
  4  -1   1 7315.439 5978.269 4951.914
  4   0  -1 12284.555 11657.869 8643.668
  4   0   0 43434.115 36126.493 30076.076
  4   0   1 12284.555 11586.879 8582.451
  4   1  -1 3131.364 2764.538 2075.873
  4   1   0 0.000 0.000 0.000
  4   1   1 3131.364 2762.347 2073.974
