FORMAT pairwise_distance v1.0 svn://www.crystallography.net/cod-tools/trunk/perl-scripts/docs/cif_distances_pairwise_distance_v1.0
DIST -            C1/C       C2/C                    x,y,z    5,5,5 
DIST 4.715        C1/C       C3/C          -x,y+1/2,-z+1/2    5,5,5 
DIST 4.430        C1/C       H1/H          -x,y+1/2,-z+1/2    5,5,5 
DIST 4.383        C1/C       H2/H          -x,y+1/2,-z+1/2    5,5,5 
DIST 4.881        C1/C       H3/H          -x,y+1/2,-z+1/2    5,5,5 
DIST 4.059        C1/C       O1/O          -x,y+1/2,-z+1/2    5,5,5 
DIST 3.565        C2/C       C3/C          -x,y+1/2,-z+1/2    5,5,5 
DIST 4.028        C2/C       H1/H          -x,y+1/2,-z+1/2    5,5,5 
DIST 2.945        C2/C       H2/H          -x,y+1/2,-z+1/2    5,5,5 
DIST 3.657        C2/C       H3/H          -x,y+1/2,-z+1/2    5,5,5 
DIST 3.507        C2/C       O1/O          -x,y+1/2,-z+1/2    5,5,5 
DIST 1.719        C3/C       H1/H                    x,y,z    5,5,5 
DIST -            C3/C       H2/H                    x,y,z    5,5,5 
DIST -            C3/C       H3/H                    x,y,z    5,5,5 
DIST 1.264        C3/C       O1/O                    x,y,z    5,5,5 
DIST -            H1/H       H2/H                    x,y,z    5,5,5 
DIST -            H1/H       H3/H                    x,y,z    5,5,5 
DIST 0.820        H1/H       O1/O                    x,y,z    5,5,5 
DIST 1.559        H2/H       H3/H                    x,y,z    5,5,5 
DIST -            H2/H       O1/O                    x,y,z    5,5,5 
DIST -            H3/H       O1/O                    x,y,z    5,5,5 
