./cif_cod_check: tests/cif_cod_check_088.inp data_A_BA4TA2O9_RT_phase_1: ERROR, phase datablock 'data_A_BA4TA2O9_RT_phase_1' does not contain diffractogram list.
./cif_cod_check: tests/cif_cod_check_088.inp data_A_BA4TA2O9_RT_p_01: WARNING, value '2009-08-27T22:46|A_BA4TA2O9_RT_phase2|Chris_Ling||' seems missing in _pd_phase_block_id list of 'data_A_BA4TA2O9_RT_p_01'.
./cif_cod_check: tests/cif_cod_check_088.inp data_A_BA4TA2O9_RT_phase_2: ERROR, diffractogram datablock with _pd_block_id '2009-08-27T22:46|A_BA4TA2O9_RT_H_02|Chris_Ling|SPODI' does not exist.
./cif_cod_check: tests/cif_cod_check_088.inp data_A_BA4TA2O9_RT_phase_1: ERROR, phase datablock 'data_A_BA4TA2O9_RT_phase_1' does not contain diffractogram list.
./cif_cod_check: tests/cif_cod_check_088.inp data_A_BA4TA2O9_RT_phase_1: _journal_name_full is undefined
./cif_cod_check: tests/cif_cod_check_088.inp data_A_BA4TA2O9_RT_phase_1: neither _journal_year nor _journal_volume is defined
./cif_cod_check: tests/cif_cod_check_088.inp data_A_BA4TA2O9_RT_phase_1: neither _journal_page_first nor _journal_article_reference is defined
./cif_cod_check: tests/cif_cod_check_088.inp data_A_BA4TA2O9_RT_phase_1: _publ_author_name is undefined
./cif_cod_check: tests/cif_cod_check_088.inp data_A_BA4TA2O9_RT_phase_2: _journal_name_full is undefined
./cif_cod_check: tests/cif_cod_check_088.inp data_A_BA4TA2O9_RT_phase_2: neither _journal_year nor _journal_volume is defined
./cif_cod_check: tests/cif_cod_check_088.inp data_A_BA4TA2O9_RT_phase_2: neither _journal_page_first nor _journal_article_reference is defined
./cif_cod_check: tests/cif_cod_check_088.inp data_A_BA4TA2O9_RT_phase_2: _publ_author_name is undefined
./cif_cod_check: tests/cif_cod_check_088.inp data_A_BA4TA2O9_RT_phase_2: unrecognised spacegroup 'I m 3 m'
./cif_cod_check: tests/cif_cod_check_088.inp data_A_BA4TA2O9_RT_phase_2: incorrect _symmetry_space_group_name_H-M 'I m 3 m'
./cif_cod_check: tests/cif_cod_check_088.inp data_A_BA4TA2O9_RT_p_01: _journal_name_full is undefined
./cif_cod_check: tests/cif_cod_check_088.inp data_A_BA4TA2O9_RT_p_01: neither _journal_year nor _journal_volume is defined
./cif_cod_check: tests/cif_cod_check_088.inp data_A_BA4TA2O9_RT_p_01: neither _journal_page_first nor _journal_article_reference is defined
./cif_cod_check: tests/cif_cod_check_088.inp data_A_BA4TA2O9_RT_p_01: _publ_author_name is undefined
./cif_cod_check: tests/cif_cod_check_088.inp data_A_BA4TA2O9_RT_p_01: no _chemical_formula_sum
./cif_cod_check: tests/cif_cod_check_088.inp data_A_BA4TA2O9_RT_p_01: no symmetry information found
./cif_cod_check: tests/cif_cod_check_088.inp data_A_BA4TA2O9_RT_p_01: no spacegroup symbol to check cell constraints
