./cif_cod_check: tests/cif_cod_check_095.inp data_A_BA4TA2O9_RT_publ: WARNING, name '?' contains symbol '?' that is not permitted in names
./cif_cod_check: WARNING, names should be written as 'First von Last', 'von Last, First', or 'von Last, Jr, First' (mind the case!)
./cif_cod_check: tests/cif_cod_check_095.inp data_A_BA4TA2O9_RT_publ: no _chemical_formula_sum
./cif_cod_check: tests/cif_cod_check_095.inp data_A_BA4TA2O9_RT_publ: no symmetry information found
./cif_cod_check: tests/cif_cod_check_095.inp data_A_BA4TA2O9_RT_publ: no spacegroup symbol to check cell constraints
./cif_cod_check: tests/cif_cod_check_095.inp data_A_BA4TA2O9_RT_overall: _journal_name_full is undefined
./cif_cod_check: tests/cif_cod_check_095.inp data_A_BA4TA2O9_RT_overall: _publ_section_title is undefined
./cif_cod_check: tests/cif_cod_check_095.inp data_A_BA4TA2O9_RT_overall: neither _journal_year nor _journal_volume is defined
./cif_cod_check: tests/cif_cod_check_095.inp data_A_BA4TA2O9_RT_overall: neither _journal_page_first nor _journal_article_reference is defined
./cif_cod_check: tests/cif_cod_check_095.inp data_A_BA4TA2O9_RT_overall: _publ_author_name is undefined
./cif_cod_check: tests/cif_cod_check_095.inp data_A_BA4TA2O9_RT_overall: no _chemical_formula_sum
./cif_cod_check: tests/cif_cod_check_095.inp data_A_BA4TA2O9_RT_overall: no symmetry information found
./cif_cod_check: tests/cif_cod_check_095.inp data_A_BA4TA2O9_RT_overall: no spacegroup symbol to check cell constraints
./cif_cod_check: tests/cif_cod_check_095.inp data_A_BA4TA2O9_RT_phase_1: _journal_name_full is undefined
./cif_cod_check: tests/cif_cod_check_095.inp data_A_BA4TA2O9_RT_phase_1: _publ_section_title is undefined
./cif_cod_check: tests/cif_cod_check_095.inp data_A_BA4TA2O9_RT_phase_1: neither _journal_year nor _journal_volume is defined
./cif_cod_check: tests/cif_cod_check_095.inp data_A_BA4TA2O9_RT_phase_1: neither _journal_page_first nor _journal_article_reference is defined
./cif_cod_check: tests/cif_cod_check_095.inp data_A_BA4TA2O9_RT_phase_1: _publ_author_name is undefined
./cif_cod_check: tests/cif_cod_check_095.inp data_A_BA4TA2O9_RT_phase_1: incorrect _symmetry_space_group_name_Hall '?'
./cif_cod_check: tests/cif_cod_check_095.inp data_A_BA4TA2O9_RT_phase_2: _journal_name_full is undefined
./cif_cod_check: tests/cif_cod_check_095.inp data_A_BA4TA2O9_RT_phase_2: _publ_section_title is undefined
./cif_cod_check: tests/cif_cod_check_095.inp data_A_BA4TA2O9_RT_phase_2: neither _journal_year nor _journal_volume is defined
./cif_cod_check: tests/cif_cod_check_095.inp data_A_BA4TA2O9_RT_phase_2: neither _journal_page_first nor _journal_article_reference is defined
./cif_cod_check: tests/cif_cod_check_095.inp data_A_BA4TA2O9_RT_phase_2: _publ_author_name is undefined
./cif_cod_check: tests/cif_cod_check_095.inp data_A_BA4TA2O9_RT_phase_2: unrecognised spacegroup 'I m 3 m'
./cif_cod_check: tests/cif_cod_check_095.inp data_A_BA4TA2O9_RT_phase_2: incorrect _symmetry_space_group_name_Hall '?'
./cif_cod_check: tests/cif_cod_check_095.inp data_A_BA4TA2O9_RT_phase_2: incorrect _symmetry_space_group_name_H-M 'I m 3 m'
./cif_cod_check: tests/cif_cod_check_095.inp data_A_BA4TA2O9_RT_p_01: _journal_name_full is undefined
./cif_cod_check: tests/cif_cod_check_095.inp data_A_BA4TA2O9_RT_p_01: _publ_section_title is undefined
./cif_cod_check: tests/cif_cod_check_095.inp data_A_BA4TA2O9_RT_p_01: neither _journal_year nor _journal_volume is defined
./cif_cod_check: tests/cif_cod_check_095.inp data_A_BA4TA2O9_RT_p_01: neither _journal_page_first nor _journal_article_reference is defined
./cif_cod_check: tests/cif_cod_check_095.inp data_A_BA4TA2O9_RT_p_01: _publ_author_name is undefined
./cif_cod_check: tests/cif_cod_check_095.inp data_A_BA4TA2O9_RT_p_01: no _chemical_formula_sum
./cif_cod_check: tests/cif_cod_check_095.inp data_A_BA4TA2O9_RT_p_01: no symmetry information found
./cif_cod_check: tests/cif_cod_check_095.inp data_A_BA4TA2O9_RT_p_01: no spacegroup symbol to check cell constraints
