<?xml version="1.0"?>
<rdf:RDF xmlns:rdf="http://www.w3.org/1999/02/22-rdf-syntax-ns#"
         xmlns:cod="http://www.crystallography.net/cod/doc/rdf/">
  <rdf:Description rdf:about="http://www.crystallography.net/cod/2000141.html">
    <cod:a>6.455</cod:a>
    <cod:acce_code>HU0351</cod:acce_code>
    <cod:alpha>90</cod:alpha>
    <cod:author>Billing, D. G.</cod:author>
    <cod:author>Boeyens, J. C. A.</cod:author>
    <cod:author>Denner, L.</cod:author>
    <cod:author>Hellyar, M. D.</cod:author>
    <cod:author>Lai, L.-L.</cod:author>
    <cod:author>Matthee, A. J.</cod:author>
    <cod:author>Reid, D. H.</cod:author>
    <cod:b>19.99</cod:b>
    <cod:beta>101.4</cod:beta>
    <cod:c>16.43</cod:c>
    <cod:calcformula>C18 H28 N4 S Se2</cod:calcformula>
    <cod:firstpage>2564</cod:firstpage>
    <cod:formula>C18 H28 N4 S Se2</cod:formula>
    <cod:gamma>90</cod:gamma>
    <cod:issue>12</cod:issue>
    <cod:journal>Acta Crystallographica Section C</cod:journal>
    <cod:lastpage>2567</cod:lastpage>
    <cod:nel>5</cod:nel>
    <cod:radType>Mo</cod:radType>
    <cod:sg>P 1 21/c 1</cod:sg>
    <cod:sgHall>-P 2ybc</cod:sgHall>
    <cod:siga>0.009</cod:siga>
    <cod:sigb>0.006</cod:sigb>
    <cod:sigbeta>1</cod:sigbeta>
    <cod:sigc>0.01</cod:sigc>
    <cod:sigvol>8</cod:sigvol>
    <cod:title>Structure of 2,3-dicyclohexyl-6,7-dihydro-5&lt;i&gt;H&lt;/i&gt;-2aλ^4^-thia-2,3,4a,7a-tetraazacyclopent[&lt;i&gt;cd&lt;/i&gt;]indene-1(2&lt;i&gt;H&lt;/i&gt;),4(2&lt;i&gt;H&lt;/i&gt;)-diselone</cod:title>
    <cod:vol>2078</cod:vol>
    <cod:volume>47</cod:volume>
    <cod:wavelength>0.71069</cod:wavelength>
    <cod:year>1991</cod:year>
  </rdf:Description>
</rdf:RDF>
