<?xml version="1.0"?>
<rdf:RDF xmlns:rdf="http://www.w3.org/1999/02/22-rdf-syntax-ns#"
         xmlns:cod="http://www.crystallography.net/cod/doc/rdf/">
  <rdf:Description rdf:about="http://www.crystallography.net/cod/4000010.html">
    <cod:Rall>0.0457</cod:Rall>
    <cod:Robs>0.0426</cod:Robs>
    <cod:a>8.074</cod:a>
    <cod:alpha>77.83</cod:alpha>
    <cod:b>8.522</cod:b>
    <cod:beta>63.44</cod:beta>
    <cod:c>8.794</cod:c>
    <cod:calcformula>C4 H20 Mn N4 O18 V6</cod:calcformula>
    <cod:celltemp>293</cod:celltemp>
    <cod:diffrtemp>293</cod:diffrtemp>
    <cod:formula>C4 H20 Mn N4 O18 V6</cod:formula>
    <cod:gamma>83.6</cod:gamma>
    <cod:gofobs>1.077</cod:gofobs>
    <cod:journal>Chemistry of Materials</cod:journal>
    <cod:nel>6</cod:nel>
    <cod:radType>MoK&#x03B1;</cod:radType>
    <cod:sg>P-1</cod:sg>
    <cod:siga>0.001</cod:siga>
    <cod:sigalpha>0.01</cod:sigalpha>
    <cod:sigb>0.001</cod:sigb>
    <cod:sigbeta>0.01</cod:sigbeta>
    <cod:sigc>0.001</cod:sigc>
    <cod:sigcelltemp>2</cod:sigcelltemp>
    <cod:sigdiffrtemp>2</cod:sigdiffrtemp>
    <cod:siggamma>0.02</cod:siggamma>
    <cod:sigvol>0.11</cod:sigvol>
    <cod:svnrevision>11</cod:svnrevision>
    <cod:vol>528.96</cod:vol>
    <cod:wRobs>0.1119</cod:wRobs>
    <cod:wRref>0.1154</cod:wRref>
    <cod:wavelength>0.71073</cod:wavelength>
    <cod:year>2000</cod:year>
  </rdf:Description>
  <rdf:Description rdf:about="http://www.crystallography.net/cod/4000011.html">
    <cod:Rall>0.0286</cod:Rall>
    <cod:Robs>0.0245</cod:Robs>
    <cod:a>28.315</cod:a>
    <cod:alpha>90</cod:alpha>
    <cod:author>Tougait, Olivier</cod:author>
    <cod:author>Ibers, James A.</cod:author>
    <cod:b>3.8719</cod:b>
    <cod:beta>90.45</cod:beta>
    <cod:c>11.271</cod:c>
    <cod:calcformula>Ce3.6884 O3 Se6 Ti2</cod:calcformula>
    <cod:celltemp>153</cod:celltemp>
    <cod:diffrtemp>153</cod:diffrtemp>
    <cod:formula>Ce3.67 O3 Se6 Ti2</cod:formula>
    <cod:gamma>90</cod:gamma>
    <cod:gofobs>1.015</cod:gofobs>
    <cod:journal>Chemistry of Materials</cod:journal>
    <cod:nel>4</cod:nel>
    <cod:radType>MoK&#x03B1;</cod:radType>
    <cod:sg>C 1 2/m 1</cod:sg>
    <cod:sgHall>-C 2y</cod:sgHall>
    <cod:siga>0.006</cod:siga>
    <cod:sigb>0.0008</cod:sigb>
    <cod:sigbeta>0.03</cod:sigbeta>
    <cod:sigc>0.002</cod:sigc>
    <cod:sigcelltemp>2</cod:sigcelltemp>
    <cod:sigdiffrtemp>2</cod:sigdiffrtemp>
    <cod:sigvol>0.4</cod:sigvol>
    <cod:svnrevision>12</cod:svnrevision>
    <cod:title>Synthesis and Characterization of three new rare-earth titanium oxy-selenides : Ln~3.67~Ti~2~O~3~Se~6~ Ln = Ce, Nd, Sm.</cod:title>
    <cod:vol>1235.6</cod:vol>
    <cod:wRobs>0.0589</cod:wRobs>
    <cod:wRref>0.0604</cod:wRref>
    <cod:wavelength>0.71073</cod:wavelength>
    <cod:year>2000</cod:year>
  </rdf:Description>
  <rdf:Description rdf:about="http://www.crystallography.net/cod/4000012.html">
    <cod:Rall>0.0322</cod:Rall>
    <cod:Robs>0.0281</cod:Robs>
    <cod:a>28.121</cod:a>
    <cod:alpha>90</cod:alpha>
    <cod:b>3.8232</cod:b>
    <cod:beta>90.15</cod:beta>
    <cod:c>11.179</cod:c>
    <cod:calcformula>Nd3.713 O3 Se6 Ti2</cod:calcformula>
    <cod:celltemp>153</cod:celltemp>
    <cod:diffrtemp>153</cod:diffrtemp>
    <cod:formula>Nd3.67 O3 Se6 Ti2</cod:formula>
    <cod:gamma>90</cod:gamma>
    <cod:gofobs>1.206</cod:gofobs>
    <cod:journal>Chemistry of Materials</cod:journal>
    <cod:nel>4</cod:nel>
    <cod:radType>MoK&#x03B1;</cod:radType>
    <cod:sg>C 1 2/m 1</cod:sg>
    <cod:sgHall>-C 2y</cod:sgHall>
    <cod:siga>0.006</cod:siga>
    <cod:sigb>0.0008</cod:sigb>
    <cod:sigbeta>0.03</cod:sigbeta>
    <cod:sigc>0.002</cod:sigc>
    <cod:sigcelltemp>2</cod:sigcelltemp>
    <cod:sigdiffrtemp>2</cod:sigdiffrtemp>
    <cod:sigvol>0.4</cod:sigvol>
    <cod:svnrevision>13</cod:svnrevision>
    <cod:vol>1201.8</cod:vol>
    <cod:wRobs>0.0689</cod:wRobs>
    <cod:wRref>0.0705</cod:wRref>
    <cod:wavelength>0.71073</cod:wavelength>
    <cod:year>2000</cod:year>
  </rdf:Description>
  <rdf:Description rdf:about="http://www.crystallography.net/cod/4000013.html">
    <cod:Rall>0.0294</cod:Rall>
    <cod:Robs>0.0253</cod:Robs>
    <cod:a>27.961</cod:a>
    <cod:alpha>90</cod:alpha>
    <cod:b>3.7827</cod:b>
    <cod:beta>90.26</cod:beta>
    <cod:c>11.128</cod:c>
    <cod:calcformula>O3 Se6 Sm3.6434 Ti2</cod:calcformula>
    <cod:celltemp>153</cod:celltemp>
    <cod:diffrtemp>153</cod:diffrtemp>
    <cod:formula>O3 Se6 Sm3.67 Ti2</cod:formula>
    <cod:gamma>90</cod:gamma>
    <cod:gofobs>0.998</cod:gofobs>
    <cod:journal>Chemistry of Materials</cod:journal>
    <cod:nel>4</cod:nel>
    <cod:radType>MoK&#x03B1;</cod:radType>
    <cod:sg>C 1 2/m 1</cod:sg>
    <cod:sgHall>-C 2y</cod:sgHall>
    <cod:siga>0.006</cod:siga>
    <cod:sigb>0.0008</cod:sigb>
    <cod:sigbeta>0.03</cod:sigbeta>
    <cod:sigc>0.002</cod:sigc>
    <cod:sigcelltemp>2</cod:sigcelltemp>
    <cod:sigdiffrtemp>2</cod:sigdiffrtemp>
    <cod:sigvol>0.4</cod:sigvol>
    <cod:svnrevision>14</cod:svnrevision>
    <cod:vol>1177</cod:vol>
    <cod:wRobs>0.0594</cod:wRobs>
    <cod:wRref>0.0607</cod:wRref>
    <cod:wavelength>0.71073</cod:wavelength>
    <cod:year>2000</cod:year>
  </rdf:Description>
</rdf:RDF>
