<?xml version="1.0"?>
<rdf:RDF xmlns:rdf="http://www.w3.org/1999/02/22-rdf-syntax-ns#"
         xmlns:cod="http://www.crystallography.net/cod/doc/rdf/">
  <rdf:Description rdf:about="http://www.crystallography.net/cod/1000000.html">
    <cod:Rall>0.1073</cod:Rall>
    <cod:Robs>0.0584</cod:Robs>
    <cod:a>7.8783</cod:a>
    <cod:acce_code>GS1096</cod:acce_code>
    <cod:alpha>90</cod:alpha>
    <cod:authors>Phan Thanh, S.; Marrot, J.; Renaudin, J.; Maisonneuve, V.</cod:authors>
    <cod:b>10.4689</cod:b>
    <cod:beta>95.147</cod:beta>
    <cod:c>16.068</cod:c>
    <cod:calcformula>C5 H17 Al N2 O8 P2</cod:calcformula>
    <cod:celltemp>296</cod:celltemp>
    <cod:diffrtemp>296</cod:diffrtemp>
    <cod:duplicateof>2011331</cod:duplicateof>
    <cod:firstpage>1073</cod:firstpage>
    <cod:formula>C5 H17 Al N2 O8 P2</cod:formula>
    <cod:gamma>90</cod:gamma>
    <cod:gofall>1.055</cod:gofall>
    <cod:gofobs>1.08</cod:gofobs>
    <cod:issue>9</cod:issue>
    <cod:journal>Acta Crystallographica, Section C</cod:journal>
    <cod:lastpage>1074</cod:lastpage>
    <cod:nel>6</cod:nel>
    <cod:radType>MoK&#x03B1;</cod:radType>
    <cod:sg>P 1 21/n 1</cod:sg>
    <cod:sgHall>-P 2yn</cod:sgHall>
    <cod:siga>0.0002</cod:siga>
    <cod:sigb>0.0001</cod:sigb>
    <cod:sigbeta>0.001</cod:sigbeta>
    <cod:sigc>0.0004</cod:sigc>
    <cod:sigcelltemp>2</cod:sigcelltemp>
    <cod:sigdiffrtemp>2</cod:sigdiffrtemp>
    <cod:sigvol>0.05</cod:sigvol>
    <cod:title>[H~3~N(CH~2~)~5~NH~3~].AlP~2~O~8~H, a one-dimensional aluminophosphate</cod:title>
    <cod:vol>1319.9</cod:vol>
    <cod:volume>56</cod:volume>
    <cod:wRall>0.2069</cod:wRall>
    <cod:wRref>0.1362</cod:wRref>
    <cod:wavelength>0.71073</cod:wavelength>
    <cod:year>2000</cod:year>
  </rdf:Description>
</rdf:RDF>
