<http://www.crystallography.net/cod/2010123.html> <http://www.crystallography.net/cod/doc/rdf/Rall> "0.075".
<http://www.crystallography.net/cod/2010123.html> <http://www.crystallography.net/cod/doc/rdf/Robs> "0.038".
<http://www.crystallography.net/cod/2010123.html> <http://www.crystallography.net/cod/doc/rdf/a> "9.056".
<http://www.crystallography.net/cod/2010123.html> <http://www.crystallography.net/cod/doc/rdf/acce_code> "SH1088".
<http://www.crystallography.net/cod/2010123.html> <http://www.crystallography.net/cod/doc/rdf/alpha> "90".
<http://www.crystallography.net/cod/2010123.html> <http://www.crystallography.net/cod/doc/rdf/author> "De Ridder, Dirk J.A.".
<http://www.crystallography.net/cod/2010123.html> <http://www.crystallography.net/cod/doc/rdf/author> "Imhoff, Pieter".
<http://www.crystallography.net/cod/2010123.html> <http://www.crystallography.net/cod/doc/rdf/b> "25.475".
<http://www.crystallography.net/cod/2010123.html> <http://www.crystallography.net/cod/doc/rdf/beta> "91.79".
<http://www.crystallography.net/cod/2010123.html> <http://www.crystallography.net/cod/doc/rdf/c> "7.309".
<http://www.crystallography.net/cod/2010123.html> <http://www.crystallography.net/cod/doc/rdf/calcformula> "C16 H24 Cl2 M4 Rh2".
<http://www.crystallography.net/cod/2010123.html> <http://www.crystallography.net/cod/doc/rdf/celltemp> "293".
<http://www.crystallography.net/cod/2010123.html> <http://www.crystallography.net/cod/doc/rdf/chemname> "bis((\\\\m^2^-Chloro)-(\n^4^-cis,cis-1,5-cyclo-octadiene)-Rhodium(I))".
<http://www.crystallography.net/cod/2010123.html> <http://www.crystallography.net/cod/doc/rdf/diffrtemp> "293".
<http://www.crystallography.net/cod/2010123.html> <http://www.crystallography.net/cod/doc/rdf/doi> "10.1107/S0108270194001459".
<http://www.crystallography.net/cod/2010123.html> <http://www.crystallography.net/cod/doc/rdf/firstpage> "1569".
<http://www.crystallography.net/cod/2010123.html> <http://www.crystallography.net/cod/doc/rdf/formula> "C16 H24 Cl2 Rh2".
<http://www.crystallography.net/cod/2010123.html> <http://www.crystallography.net/cod/doc/rdf/gamma> "90".
<http://www.crystallography.net/cod/2010123.html> <http://www.crystallography.net/cod/doc/rdf/gofall> "1.239".
<http://www.crystallography.net/cod/2010123.html> <http://www.crystallography.net/cod/doc/rdf/gofobs> "1.057".
<http://www.crystallography.net/cod/2010123.html> <http://www.crystallography.net/cod/doc/rdf/issue> "10".
<http://www.crystallography.net/cod/2010123.html> <http://www.crystallography.net/cod/doc/rdf/journal> "Acta Crystallographica Section C".
<http://www.crystallography.net/cod/2010123.html> <http://www.crystallography.net/cod/doc/rdf/lastpage> "1572".
<http://www.crystallography.net/cod/2010123.html> <http://www.crystallography.net/cod/doc/rdf/nel> "4".
<http://www.crystallography.net/cod/2010123.html> <http://www.crystallography.net/cod/doc/rdf/radType> "MoK\u03B1".
<http://www.crystallography.net/cod/2010123.html> <http://www.crystallography.net/cod/doc/rdf/sg> "P 1 21/n 1".
<http://www.crystallography.net/cod/2010123.html> <http://www.crystallography.net/cod/doc/rdf/sgHall> "-P 2yn".
<http://www.crystallography.net/cod/2010123.html> <http://www.crystallography.net/cod/doc/rdf/siga> "0.001".
<http://www.crystallography.net/cod/2010123.html> <http://www.crystallography.net/cod/doc/rdf/sigb> "0.006".
<http://www.crystallography.net/cod/2010123.html> <http://www.crystallography.net/cod/doc/rdf/sigbeta> "0.01".
<http://www.crystallography.net/cod/2010123.html> <http://www.crystallography.net/cod/doc/rdf/sigc> "0.001".
<http://www.crystallography.net/cod/2010123.html> <http://www.crystallography.net/cod/doc/rdf/sigvol> "0.5".
<http://www.crystallography.net/cod/2010123.html> <http://www.crystallography.net/cod/doc/rdf/title> "Di-\u03BC-chloro-bis[(<i>cis</i>,<i>cis</i>-\u03B7^4^-1,5-cyclooctadiene)rhodium(I)]: a redetermination".
<http://www.crystallography.net/cod/2010123.html> <http://www.crystallography.net/cod/doc/rdf/vol> "1685.4".
<http://www.crystallography.net/cod/2010123.html> <http://www.crystallography.net/cod/doc/rdf/volume> "50".
<http://www.crystallography.net/cod/2010123.html> <http://www.crystallography.net/cod/doc/rdf/wRall> "0.091".
<http://www.crystallography.net/cod/2010123.html> <http://www.crystallography.net/cod/doc/rdf/wRobs> "0.063".
<http://www.crystallography.net/cod/2010123.html> <http://www.crystallography.net/cod/doc/rdf/wavelength> "0.71069".
<http://www.crystallography.net/cod/2010123.html> <http://www.crystallography.net/cod/doc/rdf/year> "1994".
