<?xml version="1.0"?>
<rdf:RDF xmlns:rdf="http://www.w3.org/1999/02/22-rdf-syntax-ns#"
         xmlns:cod="http://www.crystallography.net/cod/doc/rdf/">
  <rdf:Description rdf:about="http://www.crystallography.net/cod/8100760.html">
    <cod:a>13.0971</cod:a>
    <cod:alpha>90</cod:alpha>
    <cod:author>Euler, H., Kirfel, A., Freudenthal, S.J., M&uuml;ller, C.E.</cod:author>
    <cod:b>12.0954</cod:b>
    <cod:beta>96.62</cod:beta>
    <cod:c>13.577</cod:c>
    <cod:calcformula>C20 H26 B Br F2 N2 O2</cod:calcformula>
    <cod:celltemp>295</cod:celltemp>
    <cod:diffrtemp>295</cod:diffrtemp>
    <cod:formula>C20 H26 B Br F2 N2 O2</cod:formula>
    <cod:gamma>90</cod:gamma>
    <cod:journal>Zeitschrift fur Kristallographie - NCS</cod:journal>
    <cod:nel>7</cod:nel>
    <cod:sg>P 1 21/a 1</cod:sg>
    <cod:sgHall>-P 2yab</cod:sgHall>
    <cod:siga>0.0016</cod:siga>
    <cod:sigalpha>0.016</cod:sigalpha>
    <cod:sigb>0.0016</cod:sigb>
    <cod:sigbeta>0.017</cod:sigbeta>
    <cod:sigc>0.004</cod:sigc>
    <cod:sigcelltemp>2</cod:sigcelltemp>
    <cod:sigdiffrtemp>2</cod:sigdiffrtemp>
    <cod:siggamma>0.011</cod:siggamma>
    <cod:sigvol>0.7</cod:sigvol>
    <cod:title>4-Bromobutyric acid 3-(1,3,5,7-tetramethyl-4-bora-3a,4a-diaza-s-indacen-8-yl) propyl ester, C20H26N2O2BF2Br</cod:title>
    <cod:vol>2136.5</cod:vol>
    <cod:year>2002</cod:year>
  </rdf:Description>
</rdf:RDF>
