<?xml version="1.0"?>
<rdf:RDF xmlns:rdf="http://www.w3.org/1999/02/22-rdf-syntax-ns#"
         xmlns:cod="http://www.crystallography.net/cod/doc/rdf/">
  <rdf:Description rdf:about="http://www.crystallography.net/cod/2100202.html">
    <cod:a>14.9372</cod:a>
    <cod:acce_code>LC5020</cod:acce_code>
    <cod:alpha>90</cod:alpha>
    <cod:author>Derollez, Patrick</cod:author>
    <cod:author>Correia, Natália T.</cod:author>
    <cod:author>Danède, Florence</cod:author>
    <cod:author>Capet, Frédéric</cod:author>
    <cod:author>Affouard, Frédéric</cod:author>
    <cod:author>Lefebvre, Jacques</cod:author>
    <cod:author>Descamps, Marc</cod:author>
    <cod:b>14.9372</cod:b>
    <cod:beta>90</cod:beta>
    <cod:c>6.898</cod:c>
    <cod:calcformula>C24 H30 N12 O6</cod:calcformula>
    <cod:celltemp>278</cod:celltemp>
    <cod:commonname>caffeine</cod:commonname>
    <cod:firstpage>329</cod:firstpage>
    <cod:formula>C8 H10 N4 O2</cod:formula>
    <cod:gamma>120</cod:gamma>
    <cod:issue>3</cod:issue>
    <cod:journal>Acta Crystallographica Section B</cod:journal>
    <cod:lastpage>334</cod:lastpage>
    <cod:nel>4</cod:nel>
    <cod:radType>CuK&#x03B1;</cod:radType>
    <cod:sg>R 3 c :H</cod:sg>
    <cod:sgHall>R 3 -2\c</cod:sgHall>
    <cod:siga>0.0005</cod:siga>
    <cod:sigb>0.0005</cod:sigb>
    <cod:sigc>0.0002</cod:sigc>
    <cod:sigvol>0.07</cod:sigvol>
    <cod:title>&lt;i&gt;Ab initio&lt;/i&gt; structure determination of the high-temperature phase of anhydrous caffeine by X-ray powder diffraction</cod:title>
    <cod:vol>1332.88</cod:vol>
    <cod:volume>61</cod:volume>
    <cod:wavelength>1.54056</cod:wavelength>
    <cod:year>2005</cod:year>
  </rdf:Description>
</rdf:RDF>
