/home/andrius/cif-tools/trunk/perl-scripts/cif_filter: inputs/b008262g-missing-closing-quote.cif(1670) data_(5): warning, single-quoted string is missing a closing quote -- fixed
/home/andrius/cif-tools/trunk/perl-scripts/cif_filter: inputs/b008262g-missing-closing-quote.cif(1670) data_(5): warning, string with spaces without quotes
/home/andrius/cif-tools/trunk/perl-scripts/cif_filter: inputs/b008262g-missing-closing-quote.cif(2322) data_(6): warning, DOS EOF symbol ^Z was encountered and ignored
/home/andrius/cif-tools/trunk/perl-scripts/cif_cod_check: - data_(1): _journal_name_full is undefined
/home/andrius/cif-tools/trunk/perl-scripts/cif_cod_check: - data_(1): _publ_section_title is undefined
/home/andrius/cif-tools/trunk/perl-scripts/cif_cod_check: - data_(1): neither _journal_year nor _journal_volume is defined
/home/andrius/cif-tools/trunk/perl-scripts/cif_cod_check: - data_(1): neither _journal_page_first nor _journal_article_reference is defined
/home/andrius/cif-tools/trunk/perl-scripts/cif_cod_check: - data_(2): _journal_name_full is undefined
/home/andrius/cif-tools/trunk/perl-scripts/cif_cod_check: - data_(2): _publ_section_title is undefined
/home/andrius/cif-tools/trunk/perl-scripts/cif_cod_check: - data_(2): neither _journal_year nor _journal_volume is defined
/home/andrius/cif-tools/trunk/perl-scripts/cif_cod_check: - data_(2): neither _journal_page_first nor _journal_article_reference is defined
/home/andrius/cif-tools/trunk/perl-scripts/cif_cod_check: - data_(3): _journal_name_full is undefined
/home/andrius/cif-tools/trunk/perl-scripts/cif_cod_check: - data_(3): _publ_section_title is undefined
/home/andrius/cif-tools/trunk/perl-scripts/cif_cod_check: - data_(3): neither _journal_year nor _journal_volume is defined
/home/andrius/cif-tools/trunk/perl-scripts/cif_cod_check: - data_(3): neither _journal_page_first nor _journal_article_reference is defined
/home/andrius/cif-tools/trunk/perl-scripts/cif_cod_check: - data_(4): _journal_name_full is undefined
/home/andrius/cif-tools/trunk/perl-scripts/cif_cod_check: - data_(4): _publ_section_title is undefined
/home/andrius/cif-tools/trunk/perl-scripts/cif_cod_check: - data_(4): neither _journal_year nor _journal_volume is defined
/home/andrius/cif-tools/trunk/perl-scripts/cif_cod_check: - data_(4): neither _journal_page_first nor _journal_article_reference is defined
/home/andrius/cif-tools/trunk/perl-scripts/cif_cod_check: - data_(5): _journal_name_full is undefined
/home/andrius/cif-tools/trunk/perl-scripts/cif_cod_check: - data_(5): _publ_section_title is undefined
/home/andrius/cif-tools/trunk/perl-scripts/cif_cod_check: - data_(5): neither _journal_year nor _journal_volume is defined
/home/andrius/cif-tools/trunk/perl-scripts/cif_cod_check: - data_(5): neither _journal_page_first nor _journal_article_reference is defined
/home/andrius/cif-tools/trunk/perl-scripts/cif_cod_check: - data_(6): _journal_name_full is undefined
/home/andrius/cif-tools/trunk/perl-scripts/cif_cod_check: - data_(6): _publ_section_title is undefined
/home/andrius/cif-tools/trunk/perl-scripts/cif_cod_check: - data_(6): neither _journal_year nor _journal_volume is defined
/home/andrius/cif-tools/trunk/perl-scripts/cif_cod_check: - data_(6): neither _journal_page_first nor _journal_article_reference is defined
./cod_predeposition_check: cif_cod_check encountered 24 warning(s) at <script_name> line <line_no>.
/home/andrius/cif-tools/trunk/perl-scripts/cif_filter: inputs/missing-closing-double-quote.cif(2) data_X: warning, double-quoted string is missing a closing quote -- fixed
/home/andrius/cif-tools/trunk/perl-scripts/cif_filter: inputs/missing-closing-double-quote.cif(2) data_X: warning, string with spaces without quotes
/home/andrius/cif-tools/trunk/perl-scripts/cif_filter: inputs/missing-closing-double-quote.cif: WARNING, file 'inputs/missing-closing-double-quote.cif' does not contain any datablocks with coordinates.
./cod_predeposition_check: file 'inputs/missing-closing-double-quote.cif' became empty after filtering with cif_filter at <script_name> line <line_no>.
