1 molecule converted
12 audit log messages 1 debugging messages 
2202388_molecule_0.cif
 OpenBabel02221314213D

 24 22  0  0  0  0  0  0  0  0999 V2000
    3.5471   -0.5583    2.8103 Br  0  0  0  0  0  0  0  0  0  0  0  0
    3.0099    2.6748    3.8116 N   0  0  0  0  0  0  0  0  0  0  0  0
    1.4729    1.1684    3.3072 Sc  0  0  0  0  0  0  0  0  0  0  0  0
   -0.5331    2.7205    3.7551 Br  0  0  0  0  0  0  0  0  0  0  0  0
    1.6678    1.9367    0.8369 Br  0  0  0  0  0  0  0  0  0  0  0  0
    1.5822    0.3697    5.8019 Br  0  0  0  0  0  0  0  0  0  0  0  0
    2.8850    3.4038    3.3169 H   0  0  0  0  0  0  0  0  0  0  0  0
    3.8178    2.3396    3.6485 H   0  0  0  0  0  0  0  0  0  0  0  0
    2.9451    2.8866    4.6737 H   0  0  0  0  0  0  0  0  0  0  0  0
   -0.0898   -0.9047    2.6451 Br  0  0  0  0  0  0  0  0  0  0  0  0
    1.9598   -1.8072    0.0054 N   0  0  0  0  0  0  0  0  0  0  0  0
    3.7946   -3.7949    1.8123 N   0  0  0  0  0  0  0  0  0  0  0  0
    1.8890   -3.1659    4.3465 N   0  0  0  0  0  0  0  0  0  0  0  0
    1.9127   -2.5720    2.1406 Sc  0  0  0  0  0  0  0  0  0  0  0  0
    0.3834   -4.4917    1.4969 Br  0  0  0  0  0  0  0  0  0  0  0  0
    2.8018   -1.6458   -0.2337 H   0  0  0  0  0  0  0  0  0  0  0  0
    1.4863   -1.0556   -0.0511 H   0  0  0  0  0  0  0  0  0  0  0  0
    1.6096   -2.4195   -0.5371 H   0  0  0  0  0  0  0  0  0  0  0  0
    3.5741   -4.6429    1.6547 H   0  0  0  0  0  0  0  0  0  0  0  0
    4.3073   -3.7526    2.5385 H   0  0  0  0  0  0  0  0  0  0  0  0
    4.2421   -3.4702    1.1143 H   0  0  0  0  0  0  0  0  0  0  0  0
    2.5139   -2.7074    4.7835 H   0  0  0  0  0  0  0  0  0  0  0  0
    2.0547   -4.0374    4.4204 H   0  0  0  0  0  0  0  0  0  0  0  0
    1.0906   -2.9851    4.6933 H   0  0  0  0  0  0  0  0  0  0  0  0
  2  9  1  0  0  0  0
  3  4  1  0  0  0  0
  3  2  1  0  0  0  0
  3  6  1  0  0  0  0
  5  3  1  0  0  0  0
  7  2  1  0  0  0  0
  8  2  1  0  0  0  0
 11 14  1  0  0  0  0
 12 14  1  0  0  0  0
 12 20  1  0  0  0  0
 13 23  1  0  0  0  0
 13 24  1  0  0  0  0
 13 22  1  0  0  0  0
 14 10  1  0  0  0  0
 14  1  1  0  0  0  0
 14 13  1  0  0  0  0
 15 14  1  0  0  0  0
 16 11  1  0  0  0  0
 17 11  1  0  0  0  0
 18 11  1  0  0  0  0
 19 12  1  0  0  0  0
 21 12  1  0  0  0  0
M  END
> <PUBCHEM_EXT_DATASOURCE_REGID>
2202388

> <PUBCHEM_SUBSTANCE_COMMENT>
Meyer, Gerd; Cesur, Nazife; Bremm, Stephan, (2003), Tetraamminehexabromodiscandium(III), Acta Crystallographica, Section E, 59, i142-i144

> <PUBCHEM_EXT_DATASOURCE_URL>
http://www.crystallography.net/

> <PUBCHEM_EXT_SUBSTANCE_URL>
http://www.crystallography.net/cod/2202388.html

$$$$
