2|[(tris(3,5-di-tert-butyl-2-phenoxy)methane)Al3Me6]||?||
C49 H79 Al3 O3
11.4957(2) 13.1039(2) 17.1580(2) 75.5400(10) 89.4670(10) 89.4890(10)
P-1
Al1 1 ? 0.59072(7) 0.43253(7) 0.16225(5) 1 0.0247(2)
Al2 1 ? 0.58662(7) 0.43516(7) 0.35843(5) 1 0.0232(2)
Al3 1 ? 0.58606(7) 0.20444(7) 0.30661(5) 1 0.0226(2)
O1 1 ? 0.63131(15) 0.28789(14) 0.20242(11) 1 0.0213(4)
O2 1 ? 0.63441(15) 0.48772(14) 0.24975(11) 1 0.0200(4)
O3 1 ? 0.62975(15) 0.29041(15) 0.37620(11) 1 0.0209(4)
C1 1 ? 0.8172(2) 0.3503(2) 0.27694(15) 1 0.0187(6)
H1A 1 ? 0.7319 0.3519 0.2768 1 0.022
C2 1 ? 0.8410(2) 0.2887(2) 0.21439(16) 1 0.0204(6)
C3 1 ? 0.7434(2) 0.2587(2) 0.17658(16) 1 0.0223(6)
C4 1 ? 0.7530(2) 0.2016(2) 0.11852(16) 1 0.0238(6)
C5 1 ? 0.6482(3) 0.1691(2) 0.07375(18) 1 0.0287(7)
C6 1 ? 0.5826(3) 0.2663(3) 0.0259(2) 1 0.0457(9)
H6A 1 ? 0.5264 0.2453 -0.0081 1 0.069
H6B 1 ? 0.6366 0.3145 -0.0068 1 0.069
H6C 1 ? 0.5435 0.3002 0.0624 1 0.069
C7 1 ? 0.5647(3) 0.0983(3) 0.1328(2) 1 0.0453(9)
H7A 1 ? 0.5043 0.0745 0.1034 1 0.068
H7B 1 ? 0.5308 0.1373 0.1679 1 0.068
H7C 1 ? 0.6066 0.0386 0.1642 1 0.068
C8 1 ? 0.6881(3) 0.1066(3) 0.0134(2) 1 0.0434(9)
H8A 1 ? 0.6215 0.0882 -0.0135 1 0.065
H8B 1 ? 0.7279 0.0436 0.0415 1 0.065
H8C 1 ? 0.7397 0.1491 -0.0256 1 0.065
C9 1 ? 0.8663(3) 0.1731(2) 0.10176(18) 1 0.0299(7)
H9A 1 ? 0.8759 0.1345 0.0634 1 0.036
C10 1 ? 0.9658(3) 0.1983(2) 0.13847(17) 1 0.0281(7)
C11 1 ? 1.0885(3) 0.1615(3) 0.1210(2) 1 0.0381(8)
C12 1 ? 1.1381(3) 0.0911(4) 0.1992(2) 1 0.0612(12)
H12A 1 ? 1.0874 0.0323 0.2189 1 0.092
H12B 1 ? 1.1439 0.1311 0.2388 1 0.092
H12C 1 ? 1.2138 0.0659 0.1887 1 0.092
C13 1 ? 1.0889(3) 0.0980(3) 0.0578(2) 1 0.0581(11)
H13A 1 ? 1.0406 0.0371 0.0759 1 0.087
H13B 1 ? 1.1669 0.0759 0.0496 1 0.087
H13C 1 ? 1.0593 0.1409 0.0081 1 0.087
C14 1 ? 1.1660(3) 0.2575(4) 0.0904(3) 1 0.0749(15)
H14A 1 ? 1.1350 0.3004 0.0412 1 0.112
H14B 1 ? 1.2432 0.2347 0.0809 1 0.112
H14C 1 ? 1.1685 0.2979 0.1300 1 0.112
C15 1 ? 0.9506(2) 0.2583(2) 0.19416(17) 1 0.0240(6)
H15A 1 ? 1.0155 0.2786 0.2184 1 0.029
C16 1 ? 0.8430(2) 0.4673(2) 0.25311(16) 1 0.0204(6)
C17 1 ? 0.7461(2) 0.5362(2) 0.24030(16) 1 0.0208(6)
C18 1 ? 0.7582(2) 0.6446(2) 0.21921(16) 1 0.0221(6)
C19 1 ? 0.6613(2) 0.7303(2) 0.20248(17) 1 0.0257(6)
C20 1 ? 0.6755(3) 0.8006(3) 0.2609(2) 1 0.0372(8)
H20A 1 ? 0.6132 0.8513 0.2533 1 0.056
H20B 1 ? 0.7485 0.8366 0.2507 1 0.056
H20C 1 ? 0.6736 0.7580 0.3152 1 0.056
C21 1 ? 0.5355(3) 0.6903(3) 0.2118(2) 1 0.0419(9)
H21A 1 ? 0.4828 0.7493 0.2011 1 0.063
H21B 1 ? 0.5232 0.6484 0.2656 1 0.063
H21C 1 ? 0.5219 0.6482 0.1743 1 0.063
C22 1 ? 0.6757(3) 0.7977(3) 0.11607(19) 1 0.0371(8)
H22A 1 ? 0.6151 0.8501 0.1046 1 0.056
H22B 1 ? 0.6710 0.7536 0.0792 1 0.056
H22C 1 ? 0.7500 0.8317 0.1103 1 0.056
C23 1 ? 0.8730(2) 0.6822(2) 0.21160(17) 1 0.0267(6)
H23A 1 ? 0.8839 0.7547 0.1977 1 0.032
C24 1 ? 0.9717(2) 0.6175(2) 0.22362(18) 1 0.0261(6)
C25 1 ? 1.0953(3) 0.6618(3) 0.2145(2) 1 0.0391(8)
C26 1 ? 1.1587(3) 0.6229(3) 0.1484(3) 1 0.0773(16)
H26A 1 ? 1.1165 0.6450 0.0990 1 0.116
H26B 1 ? 1.1639 0.5474 0.1638 1 0.116
H26C 1 ? 1.2356 0.6520 0.1410 1 0.116
C27 1 ? 1.0978(3) 0.7826(3) 0.1915(2) 1 0.0418(9)
H27A 1 ? 1.0577 0.8087 0.2320 1 0.063
H27B 1 ? 1.0603 0.8088 0.1406 1 0.063
H27C 1 ? 1.1770 0.8060 0.1876 1 0.063
C28 1 ? 1.1573(3) 0.6234(3) 0.2958(3) 1 0.0781(16)
H28A 1 ? 1.1150 0.6474 0.3364 1 0.117
H28B 1 ? 1.2347 0.6511 0.2914 1 0.117
H28C 1 ? 1.1608 0.5478 0.3102 1 0.117
C29 1 ? 0.9535(2) 0.5092(2) 0.24436(17) 1 0.0240(6)
H29A 1 ? 1.0175 0.4639 0.2525 1 0.029
C30 1 ? 0.8396(2) 0.2934(2) 0.36374(16) 1 0.0195(6)
C31 1 ? 0.7412(2) 0.2645(2) 0.41387(17) 1 0.0214(6)
C32 1 ? 0.7497(2) 0.2129(2) 0.49479(16) 1 0.0222(6)
C33 1 ? 0.6453(2) 0.1801(2) 0.55271(17) 1 0.0280(7)
C34 1 ? 0.5764(3) 0.2765(3) 0.5622(2) 1 0.0486(10)
H34A 1 ? 0.5440 0.3123 0.5113 1 0.073
H34B 1 ? 0.6272 0.3232 0.5806 1 0.073
H34C 1 ? 0.5149 0.2544 0.6008 1 0.073
C35 1 ? 0.6837(3) 0.1200(3) 0.63725(19) 1 0.0415(8)
H35A 1 ? 0.6163 0.0966 0.6701 1 0.062
H35B 1 ? 0.7287 0.1656 0.6610 1 0.062
H35C 1 ? 0.7301 0.0601 0.6336 1 0.062
C36 1 ? 0.5641(3) 0.1064(3) 0.5229(2) 1 0.0443(9)
H36A 1 ? 0.5320 0.1427 0.4719 1 0.066
H36B 1 ? 0.5022 0.0844 0.5612 1 0.066
H36C 1 ? 0.6071 0.0457 0.5168 1 0.066
C37 1 ? 0.8632(2) 0.1908(2) 0.52365(17) 1 0.0242(6)
H37A 1 ? 0.8723 0.1564 0.5776 1 0.029
C38 1 ? 0.9630(2) 0.2170(2) 0.47666(17) 1 0.0244(6)
C39 1 ? 1.0860(3) 0.1900(3) 0.51131(19) 1 0.0321(7)
C40 1 ? 1.0845(3) 0.1332(3) 0.6004(2) 1 0.0504(10)
H40A 1 ? 1.0431 0.0681 0.6080 1 0.076
H40B 1 ? 1.0466 0.1769 0.6304 1 0.076
H40C 1 ? 1.1629 0.1188 0.6190 1 0.076
C41 1 ? 1.1465(3) 0.1174(3) 0.4657(2) 1 0.0542(11)
H41A 1 ? 1.1024 0.0540 0.4721 1 0.081
H41B 1 ? 1.2232 0.1001 0.4868 1 0.081
H41C 1 ? 1.1519 0.1527 0.4096 1 0.081
C42 1 ? 1.1554(3) 0.2913(3) 0.5004(3) 1 0.0701(14)
H42A 1 ? 1.1613 0.3256 0.4441 1 0.105
H42B 1 ? 1.2319 0.2747 0.5221 1 0.105
H42C 1 ? 1.1166 0.3372 0.5281 1 0.105
C43 1 ? 0.9491(2) 0.2689(2) 0.39671(17) 1 0.0219(6)
H43A 1 ? 1.0146 0.2878 0.3643 1 0.026
C44 1 ? 0.4221(3) 0.4403(3) 0.1522(2) 1 0.0378(8)
H44A 1 ? 0.3872 0.4262 0.2048 1 0.057
H44B 1 ? 0.3964 0.3890 0.1250 1 0.057
H44C 1 ? 0.3997 0.5095 0.1220 1 0.057
C45 1 ? 0.6907(3) 0.4991(3) 0.07232(18) 1 0.0362(8)
H45A 1 ? 0.7706 0.4850 0.0872 1 0.054
H45B 1 ? 0.6770 0.5738 0.0584 1 0.054
H45C 1 ? 0.6738 0.4714 0.0269 1 0.054
C46 1 ? 0.4176(3) 0.4417(3) 0.3648(2) 1 0.0364(8)
H46A 1 ? 0.3846 0.4191 0.3208 1 0.055
H46B 1 ? 0.3935 0.5129 0.3619 1 0.055
H46C 1 ? 0.3915 0.3965 0.4147 1 0.055
C47 1 ? 0.6821(3) 0.5051(2) 0.42220(18) 1 0.0341(7)
H47A 1 ? 0.7605 0.4790 0.4234 1 0.051
H47B 1 ? 0.6517 0.4911 0.4761 1 0.051
H47C 1 ? 0.6813 0.5797 0.3986 1 0.051
C48 1 ? 0.4171(3) 0.1932(3) 0.3089(2) 1 0.0353(8)
H48A 1 ? 0.3846 0.2493 0.2675 1 0.053
H48B 1 ? 0.3881 0.1982 0.3604 1 0.053
H48C 1 ? 0.3954 0.1266 0.2997 1 0.053
C49 1 ? 0.6832(3) 0.0780(2) 0.33138(18) 1 0.0292(7)
H49A 1 ? 0.7507 0.0890 0.2970 1 0.044
H49B 1 ? 0.6398 0.0196 0.3228 1 0.044
H49C 1 ? 0.7071 0.0632 0.3866 1 0.044

6|3-(2,2'-methylene-bis(4,6-di-tert-butyl-phenol)- 5-methylsalicylidenebenzylimine||||
C44 H57 N O3
11.5753(8) 11.2030(7) 29.5529(19) 90.00 90.3590(10) 90.00
P121/n1
O1 1 ? 0.0787(2) 0.3353(2) 0.07398(8) 1 0.0410(7)
H1 1 ? 0.0867 0.3945 0.0568 1 0.061
O2 1 ? 0.0979(2) 0.7264(2) 0.01621(8) 1 0.0400(7)
H2 1 ? 0.1357 0.7733 -0.0002 1 0.060
O3 1 ? -0.1516(2) 0.5129(2) 0.00454(8) 1 0.0377(6)
N1 1 ? -0.3345(3) 0.5327(3) -0.04398(11) 1 0.0449(9)
C1 1 ? -0.0115(3) 0.5770(3) 0.07921(12) 1 0.0281(8)
H1C 1 ? 0.0135 0.5346 0.0512 1 0.034
C2 1 ? -0.0372(3) 0.4804(3) 0.11400(11) 1 0.0277(8)
C3 1 ? 0.0075(3) 0.3654(3) 0.10943(11) 1 0.0290(8)
C4 1 ? -0.0180(3) 0.2747(3) 0.14098(12) 1 0.0305(8)
C5 1 ? 0.0222(3) 0.1461(3) 0.13429(12) 1 0.0333(9)
C6 1 ? -0.0289(3) 0.0973(3) 0.08958(13) 1 0.0451(10)
H6A 1 ? -0.0011 0.1455 0.0642 1 0.068
H6B 1 ? -0.1134 0.1011 0.0907 1 0.068
H6C 1 ? -0.0046 0.0142 0.0855 1 0.068
C7 1 ? -0.0188(3) 0.0624(3) 0.17197(13) 1 0.0432(10)
H7A 1 ? 0.0127 0.0894 0.2011 1 0.065
H7B 1 ? 0.0081 -0.0189 0.1658 1 0.065
H7C 1 ? -0.1034 0.0631 0.1731 1 0.065
C8 1 ? 0.1548(3) 0.1390(3) 0.13391(14) 1 0.0470(11)
H8A 1 ? 0.1844 0.1844 0.1081 1 0.071
H8B 1 ? 0.1788 0.0554 0.1313 1 0.071
H8C 1 ? 0.1857 0.1727 0.1621 1 0.071
C9 1 ? -0.0848(3) 0.3076(3) 0.17804(12) 1 0.0312(9)
H9A 1 ? -0.1005 0.2487 0.2003 1 0.037
C10 1 ? -0.1298(3) 0.4214(3) 0.18442(12) 1 0.0313(9)
C11 1 ? -0.2019(3) 0.4562(3) 0.22545(12) 1 0.0367(9)
C12 1 ? -0.2393(4) 0.3481(4) 0.25336(14) 1 0.0650(14)
H12A 1 ? -0.1707 0.3054 0.2643 1 0.097
H12B 1 ? -0.2860 0.2946 0.2344 1 0.097
H12C 1 ? -0.2851 0.3749 0.2792 1 0.097
C13 1 ? -0.1303(4) 0.5391(4) 0.25564(14) 1 0.0558(12)
H13A 1 ? -0.0632 0.4956 0.2676 1 0.084
H13B 1 ? -0.1778 0.5672 0.2808 1 0.084
H13C 1 ? -0.1038 0.6077 0.2379 1 0.084
C14 1 ? -0.3116(4) 0.5228(4) 0.21028(14) 1 0.0559(12)
H14A 1 ? -0.3598 0.4695 0.1918 1 0.084
H14B 1 ? -0.2901 0.5928 0.1924 1 0.084
H14C 1 ? -0.3549 0.5484 0.2370 1 0.084
C15 1 ? -0.1052(3) 0.5054(3) 0.15155(12) 1 0.0324(9)
H15A 1 ? -0.1360 0.5835 0.1547 1 0.039
C16 1 ? 0.0884(3) 0.6589(3) 0.09279(11) 1 0.0284(8)
C17 1 ? 0.1396(3) 0.7318(3) 0.06006(11) 1 0.0306(8)
C18 1 ? 0.2290(3) 0.8116(3) 0.07094(12) 1 0.0324(9)
C19 1 ? 0.2845(3) 0.8919(3) 0.03465(13) 1 0.0418(10)
C20 1 ? 0.1948(4) 0.9750(4) 0.01327(14) 1 0.0531(12)
H20A 1 ? 0.1291 0.9278 0.0022 1 0.080
H20B 1 ? 0.2296 1.0180 -0.0121 1 0.080
H20C 1 ? 0.1680 1.0323 0.0359 1 0.080
C21 1 ? 0.3393(4) 0.8116(4) -0.00184(15) 1 0.0619(13)
H21A 1 ? 0.2790 0.7634 -0.0164 1 0.093
H21B 1 ? 0.3966 0.7588 0.0123 1 0.093
H21C 1 ? 0.3771 0.8615 -0.0246 1 0.093
C22 1 ? 0.3810(3) 0.9700(4) 0.05458(15) 1 0.0562(12)
H22A 1 ? 0.4166 1.0169 0.0304 1 0.084
H22B 1 ? 0.4396 0.9191 0.0688 1 0.084
H22C 1 ? 0.3485 1.0241 0.0773 1 0.084
C23 1 ? 0.2664(3) 0.8124(3) 0.11575(13) 1 0.0375(9)
H23A 1 ? 0.3270 0.8656 0.1238 1 0.045
C24 1 ? 0.2207(3) 0.7404(3) 0.14948(12) 1 0.0358(9)
C25 1 ? 0.2676(4) 0.7408(4) 0.19827(14) 1 0.0532(12)
C26 1 ? 0.3582(9) 0.8321(10) 0.2068(3) 0.65 0.091(3)
H26A 1 ? 0.3293 0.9108 0.1978 0.65 0.136
H26B 1 ? 0.4272 0.8127 0.1892 0.65 0.136
H26C 1 ? 0.3780 0.8330 0.2391 0.65 0.136
C27 1 ? 0.3108(13) 0.6175(10) 0.2117(4) 0.65 0.110(4)
H27A 1 ? 0.2548 0.5571 0.2019 0.65 0.165
H27B 1 ? 0.3202 0.6136 0.2447 0.65 0.165
H27C 1 ? 0.3854 0.6023 0.1973 0.65 0.165
C28 1 ? 0.1638(7) 0.7727(11) 0.2310(2) 0.65 0.081(3)
H28A 1 ? 0.1303 0.8496 0.2221 0.65 0.121
H28B 1 ? 0.1926 0.7779 0.2622 0.65 0.121
H28C 1 ? 0.1046 0.7104 0.2290 0.65 0.121
C26B 1 ? 0.4041(14) 0.704(2) 0.1940(5) 0.35 0.094(6)
H26D 1 ? 0.4109 0.6293 0.1772 0.35 0.141
H26E 1 ? 0.4375 0.6944 0.2243 0.35 0.141
H26F 1 ? 0.4457 0.7675 0.1780 0.35 0.141
C27B 1 ? 0.216(2) 0.650(2) 0.2272(6) 0.35 0.113(9)
H27D 1 ? 0.1318 0.6539 0.2246 0.35 0.170
H27E 1 ? 0.2392 0.6643 0.2587 0.35 0.170
H27F 1 ? 0.2429 0.5709 0.2177 0.35 0.170
C28B 1 ? 0.265(2) 0.8616(19) 0.2163(6) 0.35 0.115(9)
H28D 1 ? 0.1861 0.8925 0.2150 0.35 0.173
H28E 1 ? 0.3159 0.9128 0.1983 0.35 0.173
H28F 1 ? 0.2922 0.8608 0.2478 0.35 0.173
C29 1 ? 0.1307(3) 0.6633(3) 0.13703(12) 1 0.0351(9)
H29A 1 ? 0.0977 0.6128 0.1593 1 0.042
C30 1 ? -0.1207(3) 0.6460(3) 0.06654(11) 1 0.0266(8)
C31 1 ? -0.1863(3) 0.6029(3) 0.02924(12) 1 0.0295(8)
C32 1 ? -0.2914(3) 0.6622(3) 0.01816(12) 1 0.0302(8)
C33 1 ? -0.3595(3) 0.6249(3) -0.01952(12) 1 0.0395(10)
H33A 1 ? -0.4265 0.6698 -0.0271 1 0.047
C34 1 ? -0.3284(3) 0.7592(3) 0.04484(12) 1 0.0365(9)
H34A 1 ? -0.3994 0.7973 0.0374 1 0.044
C35 1 ? -0.2659(3) 0.8001(3) 0.08089(12) 1 0.0336(9)
C36 1 ? -0.3058(3) 0.9025(3) 0.11028(14) 1 0.0490(11)
H36A 1 ? -0.3451 0.9622 0.0914 1 0.073
H36B 1 ? -0.2388 0.9392 0.1252 1 0.073
H36C 1 ? -0.3593 0.8725 0.1332 1 0.073
C37 1 ? -0.1606(3) 0.7424(3) 0.09027(12) 1 0.0313(9)
H37A 1 ? -0.1144 0.7720 0.1145 1 0.038
C38 1 ? -0.3998(4) 0.4912(4) -0.08382(15) 1 0.0611(13)
H38A 1 ? -0.4467 0.4210 -0.0752 1 0.073
H38B 1 ? -0.3448 0.4654 -0.1074 1 0.073
C39 1 ? -0.4779(3) 0.5851(4) -0.10316(13) 1 0.0428(10)
C40 1 ? -0.5934(3) 0.5863(4) -0.09241(13) 1 0.0427(10)
H40A 1 ? -0.6236 0.5245 -0.0739 1 0.051
C41 1 ? -0.6663(4) 0.6748(4) -0.10773(14) 1 0.0553(12)
H41A 1 ? -0.7460 0.6739 -0.1003 1 0.066
C42 1 ? -0.6216(5) 0.7636(4) -0.13376(16) 1 0.0652(14)
H42A 1 ? -0.6705 0.8266 -0.1438 1 0.078
C43 1 ? -0.5076(5) 0.7639(5) -0.14573(16) 1 0.0739(15)
H43A 1 ? -0.4784 0.8250 -0.1648 1 0.089
C44 1 ? -0.4354(4) 0.6752(5) -0.13013(15) 1 0.0612(13)
H44B 1 ? -0.3559 0.6761 -0.1380 1 0.073
H1A 1 ? -0.264(4) 0.505(3) -0.0301(14) 1 0.070(14)

73THF|N,N'-Bis{3-[2,2'-methylene-bis(4,6-di-tert-butyl-phenol) -5-methylsalicylidene]}-1,2-ethylenediamine||||
C88 H128 N2 O9
10.1422(13) 12.3607(16) 17.630(3) 84.566(6) 75.120(5) 88.961(6)
P-1
O1 1 ? 0.1346(3) 0.6693(2) 0.10997(17) 1 0.0515(8)
H1 1 ? 0.1122 0.6136 0.1417 1 0.077
O2 1 ? -0.0683(3) 0.4235(2) 0.27953(19) 1 0.0484(8)
H2 1 ? -0.0847 0.3694 0.2579 1 0.073
O3 1 ? 0.2336(3) 0.5477(2) 0.34791(16) 1 0.0403(7)
H3 1 ? 0.2976 0.5378 0.3700 1 0.060
N1 1 ? 0.3370(4) 0.5125(3) 0.4698(2) 1 0.0448(10)
C1 1 ? 0.0307(4) 0.6398(3) 0.2776(2) 1 0.0322(10)
H1C 1 ? 0.0953 0.5813 0.2563 1 0.039
C2 1 ? 0.0887(4) 0.7479(3) 0.2340(2) 1 0.0337(10)
C3 1 ? 0.1364(4) 0.7584(3) 0.1516(3) 1 0.0369(11)
C4 1 ? 0.1844(4) 0.8571(3) 0.1090(3) 1 0.0382(11)
C5 1 ? 0.2345(5) 0.8690(4) 0.0184(3) 1 0.0491(12)
C6 1 ? 0.3550(5) 0.7916(4) -0.0095(3) 1 0.0655(15)
H6A 1 ? 0.3896 0.8037 -0.0669 1 0.098
H6B 1 ? 0.3239 0.7161 0.0052 1 0.098
H6C 1 ? 0.4280 0.8060 0.0155 1 0.098
C7 1 ? 0.1153(5) 0.8424(4) -0.0169(3) 1 0.0694(16)
H7A 1 ? 0.1454 0.8531 -0.0746 1 0.104
H7B 1 ? 0.0384 0.8905 0.0019 1 0.104
H7C 1 ? 0.0866 0.7666 -0.0006 1 0.104
C8 1 ? 0.2851(6) 0.9840(4) -0.0135(3) 1 0.0807(17)
H8A 1 ? 0.3129 0.9890 -0.0712 1 0.121
H8B 1 ? 0.3633 1.0010 0.0065 1 0.121
H8C 1 ? 0.2117 1.0358 0.0037 1 0.121
C9 1 ? 0.1810(4) 0.9452(3) 0.1524(3) 1 0.0414(11)
H9A 1 ? 0.2121 1.0133 0.1246 1 0.050
C10 1 ? 0.1359(4) 0.9408(3) 0.2327(3) 1 0.0395(11)
C11 1 ? 0.1292(5) 1.0434(3) 0.2766(3) 1 0.0538(13)
C12 1 ? 0.2720(6) 1.0891(4) 0.2613(4) 1 0.091(2)
H12A 1 ? 0.2687 1.1563 0.2870 1 0.137
H12B 1 ? 0.3104 1.1045 0.2044 1 0.137
H12C 1 ? 0.3293 1.0360 0.2825 1 0.137
C13 1 ? 0.0697(7) 1.0208(5) 0.3658(4) 1 0.108(2)
H13A 1 ? 0.0642 1.0889 0.3906 1 0.163
H13B 1 ? 0.1286 0.9698 0.3875 1 0.163
H13C 1 ? -0.0218 0.9891 0.3761 1 0.163
C14 1 ? 0.0376(7) 1.1258(5) 0.2451(4) 1 0.116(3)
H14A 1 ? 0.0339 1.1926 0.2715 1 0.174
H14B 1 ? -0.0545 1.0953 0.2555 1 0.174
H14C 1 ? 0.0746 1.1425 0.1882 1 0.174
C15 1 ? 0.0911(4) 0.8402(3) 0.2735(3) 1 0.0371(11)
H15A 1 ? 0.0615 0.8346 0.3294 1 0.044
C16 1 ? -0.1075(4) 0.6149(3) 0.2636(2) 1 0.0349(10)
C17 1 ? -0.1545(4) 0.5093(3) 0.2662(2) 1 0.0383(11)
C18 1 ? -0.2848(4) 0.4851(3) 0.2578(3) 1 0.0435(12)
C19 1 ? -0.3342(4) 0.3694(4) 0.2571(3) 1 0.0552(13)
C20 1 ? -0.4815(5) 0.3677(5) 0.2459(4) 1 0.099(2)
H20A 1 ? -0.4848 0.4134 0.1979 1 0.149
H20B 1 ? -0.5454 0.3956 0.2914 1 0.149
H20C 1 ? -0.5070 0.2929 0.2413 1 0.149
C21 1 ? -0.2406(5) 0.3136(4) 0.1893(3) 1 0.0669(15)
H21A 1 ? -0.1489 0.3068 0.1976 1 0.100
H21B 1 ? -0.2363 0.3573 0.1393 1 0.100
H21C 1 ? -0.2770 0.2412 0.1875 1 0.100
C22 1 ? -0.3374(6) 0.3018(4) 0.3356(3) 1 0.092(2)
H22A 1 ? -0.2456 0.2991 0.3440 1 0.138
H22B 1 ? -0.3690 0.2279 0.3337 1 0.138
H22C 1 ? -0.3998 0.3355 0.3790 1 0.138
C23 1 ? -0.3675(4) 0.5754(4) 0.2499(3) 1 0.0475(12)
H23A 1 ? -0.4576 0.5623 0.2463 1 0.057
C24 1 ? -0.3271(4) 0.6823(4) 0.2471(3) 1 0.0438(12)
C25 1 ? -0.4268(4) 0.7760(4) 0.2409(3) 1 0.0584(14)
C26 1 ? -0.5395(5) 0.7713(4) 0.3162(4) 1 0.090(2)
H26A 1 ? -0.5888 0.7021 0.3235 1 0.135
H26B 1 ? -0.6027 0.8315 0.3131 1 0.135
H26C 1 ? -0.5001 0.7773 0.3609 1 0.135
C27 1 ? -0.3554(5) 0.8890(4) 0.2311(4) 1 0.0859(19)
H27A 1 ? -0.4216 0.9467 0.2272 1 0.129
H27B 1 ? -0.2804 0.8946 0.1831 1 0.129
H27C 1 ? -0.3193 0.8968 0.2768 1 0.129
C28 1 ? -0.4863(8) 0.7668(6) 0.1707(5) 1 0.154(4)
H28A 1 ? -0.5315 0.6960 0.1763 1 0.232
H28B 1 ? -0.4129 0.7736 0.1220 1 0.232
H28C 1 ? -0.5529 0.8247 0.1688 1 0.232
C29 1 ? -0.1957(4) 0.7003(3) 0.2529(2) 1 0.0392(11)
H29A 1 ? -0.1643 0.7730 0.2496 1 0.047
C30 1 ? 0.0199(4) 0.6373(3) 0.3656(2) 1 0.0345(10)
C31 1 ? 0.1270(4) 0.5955(3) 0.3967(2) 1 0.0330(10)
C32 1 ? 0.1220(4) 0.6013(3) 0.4761(2) 1 0.0362(10)
C33 1 ? 0.2290(4) 0.5549(3) 0.5109(3) 1 0.0422(11)
H33A 1 ? 0.2181 0.5561 0.5660 1 0.051
C34 1 ? 0.0106(4) 0.6480(3) 0.5248(3) 1 0.0419(11)
H34A 1 ? 0.0086 0.6521 0.5786 1 0.050
C35 1 ? -0.0977(4) 0.6885(3) 0.4970(3) 1 0.0398(11)
C36 1 ? -0.2211(5) 0.7373(4) 0.5500(3) 1 0.0585(13)
H36A 1 ? -0.2201 0.7194 0.6052 1 0.088
H36B 1 ? -0.3043 0.7079 0.5410 1 0.088
H36C 1 ? -0.2190 0.8165 0.5382 1 0.088
C37 1 ? -0.0904(4) 0.6813(3) 0.4181(3) 1 0.0379(11)
H37A 1 ? -0.1650 0.7079 0.3986 1 0.045
C38 1 ? 0.4356(4) 0.4674(4) 0.5125(3) 1 0.0472(12)
H38A 1 ? 0.4554 0.3909 0.5012 1 0.057
H38B 1 ? 0.3964 0.4686 0.5699 1 0.057

9CH2Cl2C5H12|[(6)Al2Me3]||||
C53 H77 Al2 Cl2 N O3
28.448(2) 17.2688(13) 20.4503(14) 90.00 90.00 90.00
Pbcn
Al1 1 ? 0.72967(5) 0.46351(8) 0.46391(7) 1 0.0294(4)
Al2 1 ? 0.83524(5) 0.37511(8) 0.45659(7) 1 0.0352(4)
O1 1 ? 0.74993(10) 0.55724(17) 0.45002(14) 1 0.0299(8)
O2 1 ? 0.68089(9) 0.44899(17) 0.41401(14) 1 0.0289(7)
O3 1 ? 0.77607(10) 0.40247(17) 0.42419(14) 1 0.0285(7)
N1 1 ? 0.82208(14) 0.2639(2) 0.4467(2) 1 0.0401(11)
C1 1 ? 0.74395(14) 0.5042(3) 0.3115(2) 1 0.0254(10)
H1A 1 ? 0.7488 0.5158 0.2641 1 0.031
C2 1 ? 0.78450(15) 0.5506(2) 0.3439(2) 1 0.0273(11)
C3 1 ? 0.78506(15) 0.5769(2) 0.4082(2) 1 0.0278(11)
C4 1 ? 0.82288(16) 0.6243(3) 0.4304(2) 1 0.0317(11)
C5 1 ? 0.82579(17) 0.6590(3) 0.4993(2) 1 0.0361(12)
C6 1 ? 0.7838(3) 0.7120(5) 0.5107(4) 0.67 0.053(2)
H6A 1 ? 0.7869 0.7584 0.4834 0.67 0.080
H6B 1 ? 0.7827 0.7272 0.5568 0.67 0.080
H6C 1 ? 0.7548 0.6846 0.4992 0.67 0.080
C7 1 ? 0.8706(3) 0.7095(6) 0.5086(4) 0.67 0.063(3)
H7A 1 ? 0.8877 0.7128 0.4672 0.67 0.095
H7B 1 ? 0.8909 0.6859 0.5419 0.67 0.095
H7C 1 ? 0.8615 0.7616 0.5227 0.67 0.095
C8 1 ? 0.8288(3) 0.5969(5) 0.5507(4) 0.67 0.056(2)
H8A 1 ? 0.8598 0.5723 0.5488 0.67 0.084
H8B 1 ? 0.8044 0.5579 0.5426 0.67 0.084
H8C 1 ? 0.8240 0.6199 0.5940 0.67 0.084
C6B 1 ? 0.7862(6) 0.6340(12) 0.5490(8) 0.33 0.062(5)
H6BA 1 ? 0.7555 0.6505 0.5323 0.33 0.092
H6BB 1 ? 0.7920 0.6583 0.5915 0.33 0.092
H6BC 1 ? 0.7865 0.5775 0.5539 0.33 0.092
C7B 1 ? 0.8288(9) 0.7443(10) 0.4934(10) 0.33 0.081(7)
H7BA 1 ? 0.8535 0.7579 0.4621 0.33 0.121
H7BB 1 ? 0.8361 0.7668 0.5362 0.33 0.121
H7BC 1 ? 0.7986 0.7646 0.4780 0.33 0.121
C8B 1 ? 0.8729(5) 0.6292(11) 0.5288(8) 0.33 0.051(4)
H8BA 1 ? 0.8989 0.6429 0.4995 0.33 0.076
H8BB 1 ? 0.8715 0.5728 0.5337 0.33 0.076
H8BC 1 ? 0.8779 0.6532 0.5717 0.33 0.076
C9 1 ? 0.85884(16) 0.6385(3) 0.3860(2) 1 0.0379(13)
H9A 1 ? 0.8841 0.6707 0.3998 1 0.046
C10 1 ? 0.86047(15) 0.6094(3) 0.3238(2) 1 0.0347(12)
C11 1 ? 0.90408(17) 0.6234(4) 0.2803(3) 1 0.0508(15)
C12 1 ? 0.9101(4) 0.7113(7) 0.2699(7) 0.67 0.106(4)
H12A 1 ? 0.8887 0.7394 0.2990 0.67 0.159
H12B 1 ? 0.9029 0.7244 0.2244 0.67 0.159
H12C 1 ? 0.9426 0.7261 0.2797 0.67 0.159
C13 1 ? 0.9467(3) 0.5920(9) 0.3170(5) 0.67 0.090(4)
H13A 1 ? 0.9562 0.6290 0.3509 0.67 0.134
H13B 1 ? 0.9728 0.5844 0.2863 0.67 0.134
H13C 1 ? 0.9386 0.5424 0.3374 0.67 0.134
C14 1 ? 0.9012(4) 0.5835(9) 0.2150(5) 0.67 0.090(4)
H14A 1 ? 0.8844 0.6168 0.1839 0.67 0.135
H14B 1 ? 0.8842 0.5344 0.2198 0.67 0.135
H14C 1 ? 0.9329 0.5734 0.1986 0.67 0.135
C12B 1 ? 0.8883(7) 0.6697(14) 0.2218(10) 0.33 0.072(6)
H12D 1 ? 0.8769 0.7204 0.2362 0.33 0.107
H12E 1 ? 0.8630 0.6419 0.1992 0.33 0.107
H12F 1 ? 0.9149 0.6768 0.1918 0.33 0.107
C13B 1 ? 0.9433(6) 0.6633(14) 0.3143(9) 0.33 0.057(5)
H13D 1 ? 0.9327 0.7142 0.3296 0.33 0.086
H13E 1 ? 0.9697 0.6698 0.2841 0.33 0.086
H13F 1 ? 0.9534 0.6322 0.3519 0.33 0.086
C14B 1 ? 0.9230(7) 0.5394(11) 0.2570(12) 0.33 0.067(6)
H14D 1 ? 0.9508 0.5461 0.2292 0.33 0.100
H14E 1 ? 0.8984 0.5128 0.2323 0.33 0.100
H14F 1 ? 0.9314 0.5085 0.2955 0.33 0.100
C15 1 ? 0.82228(15) 0.5671(3) 0.3031(2) 1 0.0315(11)
H15A 1 ? 0.8217 0.5486 0.2593 1 0.038
C16 1 ? 0.69236(14) 0.5314(2) 0.3222(2) 1 0.0244(10)
C17 1 ? 0.66333(14) 0.4985(3) 0.3698(2) 1 0.0278(11)
C18 1 ? 0.61483(15) 0.5172(3) 0.3707(2) 1 0.0298(11)
C19 1 ? 0.58032(16) 0.4758(3) 0.4174(2) 1 0.0367(12)
C20 1 ? 0.59315(18) 0.4923(4) 0.4886(2) 1 0.0501(15)
H20A 1 ? 0.5709 0.4657 0.5175 1 0.075
H20B 1 ? 0.5917 0.5482 0.4966 1 0.075
H20C 1 ? 0.6251 0.4736 0.4973 1 0.075
C21 1 ? 0.58244(18) 0.3891(3) 0.4039(3) 1 0.0532(16)
H21A 1 ? 0.5607 0.3620 0.4332 1 0.080
H21B 1 ? 0.6145 0.3704 0.4114 1 0.080
H21C 1 ? 0.5735 0.3793 0.3583 1 0.080
C22 1 ? 0.52920(15) 0.5015(3) 0.4065(3) 1 0.0520(15)
H22A 1 ? 0.5086 0.4739 0.4370 1 0.078
H22B 1 ? 0.5198 0.4895 0.3615 1 0.078
H22C 1 ? 0.5266 0.5574 0.4140 1 0.078
C23 1 ? 0.59892(15) 0.5704(3) 0.3246(2) 1 0.0324(12)
H23A 1 ? 0.5665 0.5837 0.3252 1 0.039
C24 1 ? 0.62733(16) 0.6055(3) 0.2774(2) 1 0.0316(11)
C25 1 ? 0.60641(16) 0.6612(3) 0.2264(2) 1 0.0380(12)
C26 1 ? 0.5798(4) 0.7262(6) 0.2617(5) 0.67 0.059(3)
H26A 1 ? 0.5929 0.7332 0.3056 0.67 0.089
H26B 1 ? 0.5464 0.7125 0.2650 0.67 0.089
H26C 1 ? 0.5830 0.7745 0.2369 0.67 0.089
C27 1 ? 0.6442(4) 0.6969(8) 0.1851(6) 0.67 0.076(5)
H27A 1 ? 0.6599 0.7379 0.2099 0.67 0.114
H27B 1 ? 0.6301 0.7189 0.1455 0.67 0.114
H27C 1 ? 0.6671 0.6571 0.1729 0.67 0.114
C28 1 ? 0.5722(4) 0.6178(6) 0.1838(5) 0.67 0.075(3)
H28A 1 ? 0.5414 0.6163 0.2052 0.67 0.113
H28B 1 ? 0.5836 0.5648 0.1771 0.67 0.113
H28C 1 ? 0.5695 0.6440 0.1415 0.67 0.113
C26B 1 ? 0.6067(8) 0.6166(13) 0.1576(8) 0.33 0.071(7)
H26D 1 ? 0.6392 0.6049 0.1451 0.33 0.106
H26E 1 ? 0.5923 0.6495 0.1241 0.33 0.106
H26F 1 ? 0.5889 0.5683 0.1615 0.33 0.106
C27B 1 ? 0.6325(8) 0.7335(13) 0.2226(17) 0.33 0.102(12)
H27D 1 ? 0.6319 0.7592 0.2654 0.33 0.154
H27E 1 ? 0.6179 0.7673 0.1899 0.33 0.154
H27F 1 ? 0.6651 0.7228 0.2101 0.33 0.154
C28B 1 ? 0.5552(8) 0.6792(18) 0.2419(12) 0.33 0.096(9)
H28D 1 ? 0.5533 0.7059 0.2841 0.33 0.144
H28E 1 ? 0.5373 0.6308 0.2441 0.33 0.144
H28F 1 ? 0.5422 0.7124 0.2076 0.33 0.144
C29 1 ? 0.67439(15) 0.5833(3) 0.2770(2) 1 0.0266(11)
H29A 1 ? 0.6948 0.6044 0.2449 1 0.032
C30 1 ? 0.74846(14) 0.4157(3) 0.3129(2) 1 0.0259(11)
C31 1 ? 0.76544(14) 0.3710(3) 0.3631(2) 1 0.0280(11)
C32 1 ? 0.77015(16) 0.2896(3) 0.3556(2) 1 0.0329(11)
C33 1 ? 0.79464(16) 0.2402(3) 0.4019(3) 1 0.0371(12)
H33A 1 ? 0.7898 0.1859 0.3983 1 0.045
C34 1 ? 0.75441(16) 0.2553(3) 0.2995(2) 1 0.0388(13)
H34A 1 ? 0.7558 0.2005 0.2960 1 0.047
C35 1 ? 0.73658(16) 0.2971(3) 0.2478(2) 1 0.0400(13)
C36 1 ? 0.7207(2) 0.2586(4) 0.1847(3) 1 0.0586(16)
H36A 1 ? 0.7247 0.2024 0.1885 1 0.088
H36B 1 ? 0.7397 0.2780 0.1482 1 0.088
H36C 1 ? 0.6875 0.2706 0.1769 1 0.088
C37 1 ? 0.73488(16) 0.3767(3) 0.2561(2) 1 0.0373(12)
H37A 1 ? 0.7237 0.4070 0.2206 1 0.045
C38 1 ? 0.84487(17) 0.2071(3) 0.4906(3) 1 0.0498(15)
H38A 1 ? 0.8396 0.1542 0.4735 1 0.060
H38B 1 ? 0.8303 0.2103 0.5345 1 0.060
C39 1 ? 0.89741(19) 0.2217(3) 0.4965(3) 1 0.0465(14)
C40 1 ? 0.9240(2) 0.2223(4) 0.4411(4) 1 0.0701(19)
H40A 1 ? 0.9096 0.2131 0.3999 1 0.084
C41 1 ? 0.9723(3) 0.2362(4) 0.4445(5) 1 0.090(2)
H41A 1 ? 0.9905 0.2383 0.4057 1 0.108
C42 1 ? 0.9929(2) 0.2465(4) 0.5030(6) 1 0.093(3)
H42A 1 ? 1.0259 0.2552 0.5055 1 0.112
C43 1 ? 0.9667(3) 0.2445(5) 0.5585(5) 1 0.097(3)
H43A 1 ? 0.9813 0.2512 0.5998 1 0.117
C44 1 ? 0.9182(2) 0.2325(4) 0.5549(3) 1 0.073(2)
H44A 1 ? 0.8998 0.2320 0.5937 1 0.087
C45 1 ? 0.71938(18) 0.4349(3) 0.5543(2) 1 0.0472(14)
H45A 1 ? 0.6950 0.4682 0.5731 1 0.071
H45B 1 ? 0.7487 0.4414 0.5789 1 0.071
H45C 1 ? 0.7093 0.3807 0.5566 1 0.071
C46 1 ? 0.8400(2) 0.3937(3) 0.5498(3) 1 0.0591(16)
H46A 1 ? 0.8466 0.4487 0.5576 1 0.089
H46B 1 ? 0.8655 0.3623 0.5681 1 0.089
H46C 1 ? 0.8103 0.3797 0.5710 1 0.089
C47 1 ? 0.88177(16) 0.4087(3) 0.3932(3) 1 0.0511(15)
H47A 1 ? 0.8878 0.4642 0.3989 1 0.077
H47B 1 ? 0.8700 0.3993 0.3489 1 0.077
H47C 1 ? 0.9110 0.3797 0.3999 1 0.077

10C5H12|?||||
C55 H84 Al3 N O3
11.3973(6) 22.8557(12) 22.6521(12) 90.00 103.1290(10) 90.00
P121/n1
Al1 1 ? 0.70669(10) 0.17337(4) 0.24615(5) 1 0.0389(3)
Al2 1 ? 0.72472(11) 0.02900(5) 0.28359(6) 1 0.0431(3)
Al3 1 ? 0.60322(10) -0.01254(5) 0.13321(6) 1 0.0440(3)
O1 1 ? 0.8107(2) 0.20255(10) 0.20751(11) 1 0.0422(7)
O2 1 ? 0.7769(2) 0.10622(9) 0.29285(11) 1 0.0375(6)
O3 1 ? 0.7224(2) 0.01060(9) 0.20092(11) 1 0.0371(6)
N1 1 ? 0.6397(3) -0.09502(12) 0.15653(13) 1 0.0367(7)
C1 1 ? 0.9043(3) 0.09445(14) 0.20382(15) 1 0.0333(8)
H1A 1 ? 0.8162 0.0970 0.2028 1 0.040
C2 1 ? 0.9265(3) 0.13972(15) 0.15873(15) 1 0.0321(8)
C3 1 ? 0.8758(3) 0.19507(15) 0.16491(16) 1 0.0355(9)
C4 1 ? 0.8986(3) 0.24179(15) 0.12850(15) 1 0.0365(9)
C5 1 ? 0.8495(4) 0.30372(16) 0.13569(17) 1 0.0478(10)
C6 1 ? 0.9002(5) 0.32521(17) 0.20029(18) 1 0.0618(13)
H6A 1 ? 0.8699 0.3647 0.2049 1 0.093
H6B 1 ? 0.9884 0.3261 0.2083 1 0.093
H6C 1 ? 0.8748 0.2987 0.2290 1 0.093
C7 1 ? 0.7114(4) 0.30338(18) 0.1222(2) 1 0.0694(13)
H7A 1 ? 0.6822 0.3428 0.1279 1 0.104
H7B 1 ? 0.6844 0.2762 0.1499 1 0.104
H7C 1 ? 0.6794 0.2909 0.0803 1 0.104
C8 1 ? 0.8869(5) 0.34819(18) 0.0927(2) 1 0.0754(15)
H8A 1 ? 0.8593 0.3873 0.1011 1 0.113
H8B 1 ? 0.8504 0.3375 0.0507 1 0.113
H8C 1 ? 0.9748 0.3483 0.0989 1 0.113
C9 1 ? 0.9663(3) 0.22986(17) 0.08621(16) 1 0.0405(9)
H9A 1 ? 0.9808 0.2611 0.0612 1 0.049
C10 1 ? 1.0142(3) 0.17553(17) 0.07789(16) 1 0.0405(9)
C11 1 ? 1.0875(4) 0.1637(2) 0.03006(19) 1 0.0568(12)
C12 1 ? 1.2026(7) 0.1278(4) 0.0593(4) 0.67 0.065(2)
H12A 1 ? 1.1798 0.0873 0.0656 0.67 0.097
H12B 1 ? 1.2414 0.1452 0.0984 0.67 0.097
H12C 1 ? 1.2587 0.1283 0.0324 0.67 0.097
C13 1 ? 1.1248(9) 0.2168(4) 0.0023(4) 0.67 0.086(3)
H13A 1 ? 1.0706 0.2234 -0.0373 0.67 0.129
H13B 1 ? 1.2074 0.2119 -0.0027 0.67 0.129
H13C 1 ? 1.1213 0.2505 0.0286 0.67 0.129
C14 1 ? 1.0075(8) 0.1245(6) -0.0204(4) 0.67 0.125(5)
H14A 1 ? 0.9665 0.0947 -0.0014 0.67 0.187
H14B 1 ? 1.0586 0.1054 -0.0441 0.67 0.187
H14C 1 ? 0.9475 0.1490 -0.0472 0.67 0.187
C12B 1 ? 1.1575(18) 0.1132(9) 0.0378(9) 0.33 0.070(6)
H12D 1 ? 1.1054 0.0789 0.0370 0.33 0.105
H12E 1 ? 1.2159 0.1149 0.0769 0.33 0.105
H12F 1 ? 1.2004 0.1101 0.0050 0.33 0.105
C13B 1 ? 1.1852(17) 0.2188(8) 0.0372(10) 0.33 0.089(6)
H13D 1 ? 1.2147 0.2282 0.0802 0.33 0.134
H13E 1 ? 1.1452 0.2532 0.0158 0.33 0.134
H13F 1 ? 1.2531 0.2075 0.0198 0.33 0.134
C14B 1 ? 1.015(3) 0.1796(15) -0.0287(15) 0.33 0.179(13)
H14D 1 ? 0.9499 0.1510 -0.0411 0.33 0.268
H14E 1 ? 1.0653 0.1801 -0.0584 0.33 0.268
H14F 1 ? 0.9802 0.2185 -0.0264 0.33 0.268
C15 1 ? 0.9911(3) 0.13043(16) 0.11536(16) 1 0.0375(9)
H15A 1 ? 1.0211 0.0923 0.1107 1 0.045
C16 1 ? 0.9682(3) 0.11342(13) 0.26794(16) 1 0.0338(9)
C17 1 ? 0.9032(3) 0.11586(14) 0.31341(17) 1 0.0372(9)
C18 1 ? 0.9585(4) 0.13109(15) 0.37284(18) 1 0.0456(10)
C19 1 ? 0.9032(4) 0.13058(18) 0.42951(18) 1 0.0547(11)
C20 1 ? 0.9130(5) 0.19282(19) 0.4572(2) 1 0.0681(14)
H20A 1 ? 0.8834 0.1924 0.4946 1 0.102
H20B 1 ? 0.8645 0.2201 0.4282 1 0.102
H20C 1 ? 0.9974 0.2054 0.4665 1 0.102
C21 1 ? 0.9789(5) 0.0883(2) 0.4761(2) 1 0.0765(15)
H21A 1 ? 0.9487 0.0884 0.5132 1 0.115
H21B 1 ? 1.0633 0.1008 0.4854 1 0.115
H21C 1 ? 0.9729 0.0486 0.4591 1 0.115
C22 1 ? 0.7721(5) 0.1116(2) 0.4184(2) 1 0.0688(14)
H22A 1 ? 0.7448 0.1142 0.4564 1 0.103
H22B 1 ? 0.7646 0.0711 0.4038 1 0.103
H22C 1 ? 0.7225 0.1372 0.3880 1 0.103
C23 1 ? 1.0797(4) 0.14751(16) 0.38232(18) 1 0.0478(10)
H23A 1 ? 1.1196 0.1587 0.4222 1 0.057
C24 1 ? 1.1460(4) 0.14875(16) 0.33825(17) 1 0.0436(9)
C25 1 ? 1.2746(4) 0.17173(19) 0.3493(2) 1 0.0581(12)
C26 1 ? 1.3527(6) 0.1308(4) 0.3242(4) 0.67 0.065(2)
H26A 1 ? 1.3747 0.0975 0.3517 0.67 0.098
H26B 1 ? 1.4259 0.1512 0.3199 0.67 0.098
H26C 1 ? 1.3089 0.1166 0.2844 0.67 0.098
C27 1 ? 1.2677(7) 0.2326(3) 0.3167(4) 0.67 0.077(2)
H27A 1 ? 1.2258 0.2606 0.3373 0.67 0.116
H27B 1 ? 1.2236 0.2284 0.2744 0.67 0.116
H27C 1 ? 1.3494 0.2467 0.3179 0.67 0.116
C28 1 ? 1.3257(7) 0.1835(4) 0.4169(3) 0.67 0.083(3)
H28A 1 ? 1.2595 0.1924 0.4365 0.67 0.124
H28B 1 ? 1.3811 0.2169 0.4215 0.67 0.124
H28C 1 ? 1.3691 0.1488 0.4358 0.67 0.124
C26B 1 ? 1.340(2) 0.1591(10) 0.2931(10) 0.33 0.104(7)
H26D 1 ? 1.2889 0.1734 0.2552 0.33 0.157
H26E 1 ? 1.3536 0.1170 0.2900 0.33 0.157
H26F 1 ? 1.4180 0.1795 0.3007 0.33 0.157
C27B 1 ? 1.281(2) 0.2337(10) 0.3588(12) 0.33 0.123(9)
H27D 1 ? 1.2392 0.2439 0.3908 0.33 0.184
H27E 1 ? 1.2419 0.2537 0.3212 0.33 0.184
H27F 1 ? 1.3653 0.2458 0.3710 0.33 0.184
C28B 1 ? 1.359(3) 0.1423(15) 0.4056(17) 0.33 0.196(15)
H28D 1 ? 1.3268 0.1496 0.4417 0.33 0.293
H28E 1 ? 1.4398 0.1589 0.4118 0.33 0.293
H28F 1 ? 1.3620 0.1001 0.3988 0.33 0.293
C29 1 ? 1.0864(3) 0.12996(15) 0.28044(17) 1 0.0388(9)
H29A 1 ? 1.1293 0.1287 0.2491 1 0.047
C30 1 ? 0.9282(3) 0.03031(14) 0.19424(15) 1 0.0330(8)
C31 1 ? 0.8350(3) -0.00912(15) 0.19226(15) 1 0.0339(8)
C32 1 ? 0.8493(3) -0.06860(14) 0.18393(16) 1 0.0350(8)
C33 1 ? 0.7499(4) -0.11021(15) 0.17587(16) 1 0.0389(9)
H33A 1 ? 0.7677 -0.1502 0.1853 1 0.047
C34 1 ? 0.9628(3) -0.08937(15) 0.18143(16) 1 0.0405(9)
H34A 1 ? 0.9741 -0.1302 0.1773 1 0.049
C35 1 ? 1.0594(3) -0.05215(16) 0.18479(17) 1 0.0408(9)
C36 1 ? 1.1823(4) -0.07511(19) 0.1815(2) 1 0.0604(12)
H36A 1 ? 1.1842 -0.1177 0.1868 1 0.091
H36B 1 ? 1.2439 -0.0571 0.2137 1 0.091
H36C 1 ? 1.1983 -0.0654 0.1420 1 0.091
C37 1 ? 1.0395(3) 0.00730(15) 0.19126(16) 1 0.0358(8)
H37A 1 ? 1.1052 0.0335 0.1938 1 0.043
C38 1 ? 0.5456(3) -0.14078(15) 0.14716(17) 1 0.0415(9)
H38A 1 ? 0.4836 -0.1301 0.1696 1 0.050
H38B 1 ? 0.5821 -0.1784 0.1636 1 0.050
C39 1 ? 0.4872(3) -0.14803(14) 0.08129(16) 1 0.0348(8)
C40 1 ? 0.5555(3) -0.15060(17) 0.03824(17) 1 0.0453(10)
H40A 1 ? 0.6403 -0.1456 0.0503 1 0.054
C41 1 ? 0.5028(4) -0.16023(19) -0.02195(19) 1 0.0541(11)
H41A 1 ? 0.5513 -0.1618 -0.0509 1 0.065
C42 1 ? 0.3809(4) -0.16748(18) -0.0402(2) 1 0.0536(11)
H42A 1 ? 0.3446 -0.1744 -0.0817 1 0.064
C43 1 ? 0.3118(4) -0.16472(19) 0.0016(2) 1 0.0587(12)
H43A 1 ? 0.2271 -0.1697 -0.0108 1 0.070
C44 1 ? 0.3647(3) -0.15468(17) 0.06199(19) 1 0.0490(10)
H44A 1 ? 0.3154 -0.1523 0.0906 1 0.059
C45 1 ? 0.6788(4) 0.23309(16) 0.30302(18) 1 0.0485(10)
H45A 1 ? 0.7555 0.2438 0.3302 1 0.073
H45B 1 ? 0.6239 0.2177 0.3269 1 0.073
H45C 1 ? 0.6429 0.2678 0.2805 1 0.073
C46 1 ? 0.5610(4) 0.14539(18) 0.19090(18) 1 0.0533(11)
H46A 1 ? 0.5825 0.1170 0.1627 1 0.080
H46B 1 ? 0.5185 0.1785 0.1681 1 0.080
H46C 1 ? 0.5086 0.1266 0.2141 1 0.080
C47 1 ? 0.8502(4) -0.02136(17) 0.33073(19) 1 0.0552(11)
H47A 1 ? 0.9295 -0.0068 0.3277 1 0.083
H47B 1 ? 0.8393 -0.0614 0.3149 1 0.083
H47C 1 ? 0.8447 -0.0212 0.3733 1 0.083
C48 1 ? 0.5613(4) 0.01973(19) 0.2949(2) 1 0.0631(13)
H48A 1 ? 0.5063 0.0445 0.2657 1 0.095
H48B 1 ? 0.5587 0.0314 0.3362 1 0.095
H48C 1 ? 0.5367 -0.0213 0.2884 1 0.095
C49 1 ? 0.4366(4) 0.00197(19) 0.1348(2) 1 0.0689(14)
H49A 1 ? 0.4164 0.0428 0.1240 1 0.103
H49B 1 ? 0.4246 -0.0058 0.1756 1 0.103
H49C 1 ? 0.3843 -0.0238 0.1057 1 0.103
C50 1 ? 0.6642(4) 0.00447(18) 0.0620(2) 1 0.0586(11)
H50A 1 ? 0.6879 0.0457 0.0625 1 0.088
H50B 1 ? 0.6013 -0.0034 0.0255 1 0.088
H50C 1 ? 0.7343 -0.0203 0.0619 1 0.088

112CHCl3|[(7)Al6Me12]||||
C90 H136 Al6 Cl6 N2 O6
13.3899(19) 21.173(3) 18.885(3) 90.00 104.594(3) 90.00
P121/c1
Al1 1 ? 0.78504(14) 0.23300(9) 0.73831(10) 1 0.0334(5)
Al2 1 ? 0.95879(13) 0.12712(8) 0.70230(9) 1 0.0309(5)
Al3 1 ? 0.79643(14) 0.06638(10) 0.54619(10) 1 0.0443(6)
O1 1 ? 0.6960(3) 0.20685(17) 0.7871(2) 1 0.0324(10)
O2 1 ? 0.9037(3) 0.17590(17) 0.76381(18) 1 0.0285(9)
O3 1 ? 0.8487(3) 0.07474(17) 0.64665(19) 1 0.0321(10)
N1 1 ? 0.8913(4) -0.0055(3) 0.5468(3) 1 0.0409(14)
C1 1 ? 0.7521(4) 0.0876(3) 0.7633(3) 1 0.0282(14)
H1A 1 ? 0.7645 0.1172 0.7264 1 0.034
C2 1 ? 0.6422(4) 0.0997(3) 0.7676(3) 1 0.0276(14)
C3 1 ? 0.6228(4) 0.1626(3) 0.7841(3) 1 0.0295(14)
C4 1 ? 0.5288(5) 0.1783(3) 0.8001(3) 1 0.0386(16)
C5 1 ? 0.5082(5) 0.2434(3) 0.8297(4) 1 0.0447(17)
C6 1 ? 0.4018(5) 0.2467(3) 0.8469(4) 1 0.064(2)
H6A 1 ? 0.3921 0.2879 0.8653 1 0.097
H6B 1 ? 0.3983 0.2155 0.8832 1 0.097
H6C 1 ? 0.3487 0.2386 0.8032 1 0.097
C7 1 ? 0.5109(5) 0.2949(3) 0.7736(4) 1 0.069(2)
H7A 1 ? 0.4924 0.3346 0.7911 1 0.103
H7B 1 ? 0.4628 0.2847 0.7280 1 0.103
H7C 1 ? 0.5792 0.2976 0.7663 1 0.103
C8 1 ? 0.5896(6) 0.2541(4) 0.9006(4) 1 0.079(3)
H8A 1 ? 0.5803 0.2951 0.9197 1 0.119
H8B 1 ? 0.6569 0.2516 0.8915 1 0.119
H8C 1 ? 0.5833 0.2223 0.9355 1 0.119
C9 1 ? 0.4535(5) 0.1299(3) 0.7883(4) 1 0.060(2)
H9A 1 ? 0.3897 0.1395 0.7967 1 0.072
C10 1 ? 0.4680(5) 0.0684(4) 0.7649(4) 1 0.062(2)
C11 1 ? 0.3801(6) 0.0175(4) 0.7458(5) 1 0.087(3)
C12 1 ? 0.442(2) -0.0418(15) 0.7967(18) 0.30 0.108(11)
H12A 1 ? 0.4043 -0.0803 0.7833 0.30 0.162
H12B 1 ? 0.4481 -0.0330 0.8475 0.30 0.162
H12C 1 ? 0.5098 -0.0462 0.7886 0.30 0.162
C13 1 ? 0.327(3) 0.0331(17) 0.8312(18) 0.30 0.093(11)
H13D 1 ? 0.3832 0.0313 0.8745 0.30 0.139
H13E 1 ? 0.2769 0.0017 0.8339 0.30 0.139
H13F 1 ? 0.2962 0.0742 0.8273 0.30 0.139
C14 1 ? 0.2885(9) 0.0440(5) 0.6790(6) 1 0.133(4)
H14A 1 ? 0.3148 0.0505 0.6367 1 0.199
H14B 1 ? 0.2636 0.0834 0.6931 1 0.199
H14C 1 ? 0.2331 0.0140 0.6677 1 0.199
C12A 1 ? 0.4075(9) -0.0399(5) 0.7137(6) 0.70 0.078(3)
H12D 1 ? 0.4365 -0.0294 0.6736 0.70 0.116
H12E 1 ? 0.3469 -0.0653 0.6963 0.70 0.116
H12F 1 ? 0.4573 -0.0630 0.7499 0.70 0.116
C13A 1 ? 0.3304(10) 0.0121(6) 0.8029(7) 0.70 0.075(4)
H13A 1 ? 0.2806 -0.0215 0.7921 0.70 0.113
H13B 1 ? 0.2962 0.0511 0.8078 0.70 0.113
H13C 1 ? 0.3806 0.0029 0.8478 0.70 0.113
C15 1 ? 0.5665(4) 0.0552(3) 0.7570(3) 1 0.0411(17)
H15A 1 ? 0.5810 0.0144 0.7441 1 0.049
C16 1 ? 0.8298(4) 0.1063(2) 0.8359(3) 1 0.0244(13)
C17 1 ? 0.9088(4) 0.1488(2) 0.8347(3) 1 0.0251(14)
C18 1 ? 0.9830(4) 0.1659(3) 0.8969(3) 1 0.0291(14)
C19 1 ? 1.0787(5) 0.2084(3) 0.9049(3) 1 0.0374(16)
C20 1 ? 1.0998(4) 0.2305(3) 0.8319(3) 1 0.0368(15)
H20A 1 ? 1.1599 0.2570 0.8419 1 0.055
H20B 1 ? 1.0414 0.2538 0.8042 1 0.055
H20C 1 ? 1.1112 0.1943 0.8043 1 0.055
C21 1 ? 1.1752(4) 0.1727(3) 0.9453(3) 1 0.0477(18)
H21A 1 ? 1.1694 0.1617 0.9934 1 0.072
H21B 1 ? 1.2348 0.1990 0.9492 1 0.072
H21C 1 ? 1.1823 0.1350 0.9188 1 0.072
C22 1 ? 1.0645(5) 0.2679(3) 0.9475(3) 1 0.0476(18)
H22A 1 ? 1.0570 0.2561 0.9949 1 0.071
H22B 1 ? 1.0039 0.2901 0.9213 1 0.071
H22C 1 ? 1.1238 0.2947 0.9529 1 0.071
C23 1 ? 0.9678(4) 0.1401(3) 0.9624(3) 1 0.0324(15)
H23A 1 ? 1.0154 0.1505 1.0059 1 0.039
C24 1 ? 0.8876(4) 0.1006(3) 0.9668(3) 1 0.0303(14)
C25 1 ? 0.8675(5) 0.0783(3) 1.0396(3) 1 0.0358(16)
C26 1 ? 0.7703(5) 0.1106(3) 1.0498(4) 1 0.063(2)
H26A 1 ? 0.7583 0.0981 1.0958 1 0.095
H26B 1 ? 0.7124 0.0986 1.0108 1 0.095
H26C 1 ? 0.7791 0.1556 1.0492 1 0.095
C27 1 ? 0.8521(5) 0.0068(3) 1.0385(3) 1 0.055(2)
H27A 1 ? 0.8403 -0.0066 1.0842 1 0.083
H27B 1 ? 0.9127 -0.0137 1.0311 1 0.083
H27C 1 ? 0.7937 -0.0043 0.9993 1 0.083
C28 1 ? 0.9580(6) 0.0948(4) 1.1047(4) 1 0.077(3)
H28A 1 ? 0.9448 0.0785 1.1489 1 0.115
H28B 1 ? 0.9657 0.1398 1.1084 1 0.115
H28C 1 ? 1.0202 0.0764 1.0975 1 0.115
C29 1 ? 0.8189(4) 0.0835(2) 0.9019(3) 1 0.0267(14)
H29A 1 ? 0.7646 0.0564 0.9027 1 0.032
C30 1 ? 0.7794(4) 0.0232(3) 0.7395(3) 1 0.0271(14)
C31 1 ? 0.8279(4) 0.0190(3) 0.6819(3) 1 0.0284(14)
C32 1 ? 0.8604(4) -0.0389(3) 0.6610(3) 1 0.0326(15)
C33 1 ? 0.9052(5) -0.0455(3) 0.5992(4) 1 0.0476(18)
H33A 1 ? 0.9461 -0.0807 0.5974 1 0.057
C34 1 ? 0.8462(5) -0.0935(3) 0.6991(3) 1 0.0430(17)
H34A 1 ? 0.8681 -0.1321 0.6849 1 0.052
C35 1 ? 0.8000(4) -0.0917(3) 0.7576(3) 1 0.0375(16)
C36 1 ? 0.7883(5) -0.1497(3) 0.7995(4) 1 0.0486(18)
H36A 1 ? 0.7747 -0.1380 0.8452 1 0.073
H36B 1 ? 0.8508 -0.1740 0.8085 1 0.073
H36C 1 ? 0.7320 -0.1745 0.7716 1 0.073
C37 1 ? 0.7690(4) -0.0324(3) 0.7765(3) 1 0.0311(15)
H37A 1 ? 0.7397 -0.0299 0.8162 1 0.037
C38 1 ? 0.9479(4) -0.0160(3) 0.4891(3) 1 0.0520(19)
H38A 1 ? 0.9082 0.0011 0.4429 1 0.062
H38B 1 ? 0.9570 -0.0609 0.4828 1 0.062
C39 1 ? 0.8360(5) 0.3169(3) 0.7743(4) 1 0.0468(18)
H39A 1 ? 0.7822 0.3475 0.7581 1 0.070
H39B 1 ? 0.8941 0.3278 0.7557 1 0.070
H39C 1 ? 0.8565 0.3164 0.8268 1 0.070
C40 1 ? 0.7301(5) 0.2210(3) 0.6330(3) 1 0.0488(18)
H40A 1 ? 0.6960 0.1808 0.6241 1 0.073
H40B 1 ? 0.7856 0.2223 0.6093 1 0.073
H40C 1 ? 0.6817 0.2540 0.6138 1 0.073
C41 1 ? 1.0520(5) 0.0635(3) 0.7578(3) 1 0.0464(17)
H41A 1 ? 1.0188 0.0421 0.7905 1 0.070
H41B 1 ? 1.1138 0.0837 0.7856 1 0.070
H41C 1 ? 1.0694 0.0335 0.7247 1 0.070
C42 1 ? 1.0073(5) 0.1832(3) 0.6365(3) 1 0.0503(19)
H42A 1 ? 0.9502 0.2070 0.6078 1 0.075
H42B 1 ? 1.0377 0.1587 0.6046 1 0.075
H42C 1 ? 1.0579 0.2117 0.6645 1 0.075
C43 1 ? 0.6575(5) 0.0371(4) 0.5304(4) 1 0.072(2)
H43A 1 ? 0.6179 0.0674 0.5497 1 0.108
H43B 1 ? 0.6570 -0.0026 0.5547 1 0.108
H43C 1 ? 0.6278 0.0319 0.4789 1 0.108
C44 1 ? 0.8301(5) 0.1303(3) 0.4812(3) 1 0.059(2)
H44A 1 ? 0.7949 0.1689 0.4860 1 0.088
H44B 1 ? 0.8088 0.1158 0.4315 1 0.088
H44C 1 ? 0.9032 0.1376 0.4942 1 0.088

121CH2Cl2|[(5){AlMe2}{AlMe(OSMe2)}]||||
C44.25 H59.50 Al2 Cl2.50 N O4 S
12.7251(8) 15.7782(10) 23.4282(14) 90.00 99.9510(10) 90.00
P121/n1
Al1 1 ? 0.77823(5) 0.73077(4) 0.23908(3) 1 0.02700(16)
Al2 1 ? 0.36456(5) 0.77023(5) 0.13844(3) 1 0.03515(18)
S1 1 ? 0.69865(5) 0.89283(4) 0.27929(3) 1 0.04086(17)
O1 1 ? 0.71447(11) 0.65707(9) 0.19134(6) 1 0.0296(3)
O2 1 ? 0.77845(11) 0.70864(9) 0.31252(6) 1 0.0278(3)
O3 1 ? 0.43662(11) 0.73092(10) 0.20467(6) 1 0.0349(4)
O4 1 ? 0.69752(12) 0.82694(9) 0.23044(6) 1 0.0344(4)
N1 1 ? 0.23656(15) 0.79799(14) 0.17226(8) 1 0.0451(5)
C1 1 ? 0.57874(15) 0.62875(13) 0.27326(8) 1 0.0231(4)
H1A 1 ? 0.6071 0.6852 0.2639 1 0.028
C2 1 ? 0.57138(16) 0.57685(13) 0.21799(8) 1 0.0252(5)
C3 1 ? 0.63997(16) 0.59581(14) 0.17872(8) 1 0.0261(5)
C4 1 ? 0.63066(17) 0.55130(14) 0.12535(8) 1 0.0286(5)
C5 1 ? 0.69562(18) 0.57775(16) 0.07874(9) 1 0.0359(5)
C6 1 ? 0.81577(19) 0.57532(19) 0.10081(10) 1 0.0489(7)
H6A 1 ? 0.8372 0.5174 0.1127 1 0.073
H6B 1 ? 0.8335 0.6136 0.1340 1 0.073
H6C 1 ? 0.8536 0.5934 0.0698 1 0.073
C7 1 ? 0.6625(2) 0.66826(18) 0.05846(11) 1 0.0545(7)
H7A 1 ? 0.6800 0.7076 0.0911 1 0.082
H7B 1 ? 0.5856 0.6698 0.0439 1 0.082
H7C 1 ? 0.7010 0.6850 0.0274 1 0.082
C8 1 ? 0.6736(2) 0.5196(2) 0.02527(11) 1 0.0624(9)
H8A 1 ? 0.6923 0.4611 0.0369 1 0.094
H8B 1 ? 0.7166 0.5381 -0.0033 1 0.094
H8C 1 ? 0.5977 0.5225 0.0082 1 0.094
C9 1 ? 0.55636(17) 0.48689(14) 0.11595(9) 1 0.0320(5)
H9A 1 ? 0.5504 0.4559 0.0808 1 0.038
C10 1 ? 0.48961(17) 0.46448(14) 0.15472(9) 1 0.0326(5)
C11 1 ? 0.4099(2) 0.39380(16) 0.14194(11) 1 0.0449(6)
H11A 1 ? 0.3529 0.4018 0.1647 1 0.067
H11B 1 ? 0.4455 0.3394 0.1522 1 0.067
H11C 1 ? 0.3793 0.3941 0.1006 1 0.067
C12 1 ? 0.49817(16) 0.51164(14) 0.20536(9) 1 0.0283(5)
H12A 1 ? 0.4524 0.4988 0.2322 1 0.034
C13 1 ? 0.66153(16) 0.59285(13) 0.32180(8) 1 0.0248(4)
C14 1 ? 0.75740(16) 0.63677(13) 0.34049(8) 1 0.0248(4)
C15 1 ? 0.83205(16) 0.60631(14) 0.38792(8) 1 0.0267(5)
C16 1 ? 0.93358(17) 0.65610(15) 0.41162(9) 1 0.0315(5)
C17 1 ? 0.9043(2) 0.74571(16) 0.42977(11) 1 0.0455(6)
H17A 1 ? 0.8688 0.7768 0.3956 1 0.068
H17B 1 ? 0.9694 0.7759 0.4471 1 0.068
H17C 1 ? 0.8562 0.7415 0.4581 1 0.068
C18 1 ? 1.00628(17) 0.66073(16) 0.36636(10) 1 0.0389(6)
H18A 1 ? 0.9685 0.6887 0.3314 1 0.058
H18B 1 ? 1.0266 0.6033 0.3566 1 0.058
H18C 1 ? 1.0705 0.6932 0.3819 1 0.058
C19 1 ? 0.9996(2) 0.61291(19) 0.46509(10) 1 0.0514(7)
H19A 1 ? 1.0220 0.5566 0.4543 1 0.077
H19B 1 ? 0.9560 0.6073 0.4955 1 0.077
H19C 1 ? 1.0627 0.6473 0.4795 1 0.077
C20 1 ? 0.80901(17) 0.52968(14) 0.41209(9) 1 0.0310(5)
H20A 1 ? 0.8580 0.5088 0.4442 1 0.037
C21 1 ? 0.71880(17) 0.48176(14) 0.39213(9) 1 0.0310(5)
C22 1 ? 0.7011(2) 0.39754(16) 0.41959(11) 1 0.0488(7)
H22A 1 ? 0.6244 0.3865 0.4155 1 0.073
H22B 1 ? 0.7327 0.3990 0.4608 1 0.073
H22C 1 ? 0.7348 0.3524 0.4003 1 0.073
C23 1 ? 0.64642(16) 0.51475(14) 0.34699(8) 1 0.0280(5)
H23A 1 ? 0.5840 0.4831 0.3325 1 0.034
C24 1 ? 0.46922(15) 0.64676(13) 0.28885(8) 1 0.0252(5)
C25 1 ? 0.40135(16) 0.69893(14) 0.24971(9) 1 0.0284(5)
C26 1 ? 0.29804(17) 0.71866(15) 0.26119(9) 1 0.0340(5)
C27 1 ? 0.22440(18) 0.77044(17) 0.22276(10) 1 0.0439(6)
H27A 1 ? 0.1603 0.7860 0.2357 1 0.053
C28 1 ? 0.26739(18) 0.68892(16) 0.31229(10) 1 0.0385(6)
H28A 1 ? 0.1985 0.7028 0.3199 1 0.046
C29 1 ? 0.33395(17) 0.64031(16) 0.35155(9) 1 0.0350(5)
C30 1 ? 0.3026(2) 0.60998(19) 0.40731(10) 1 0.0516(7)
H30A 1 ? 0.2717 0.6571 0.4260 1 0.077
H30B 1 ? 0.3659 0.5887 0.4332 1 0.077
H30C 1 ? 0.2499 0.5644 0.3989 1 0.077
C31 1 ? 0.43399(17) 0.61968(14) 0.33837(9) 1 0.0306(5)
H31A 1 ? 0.4802 0.5852 0.3649 1 0.037
C32 1 ? 0.1523(2) 0.8542(2) 0.14057(12) 1 0.0590(8)
H32A 1 ? 0.1811 0.9123 0.1391 1 0.071
H32B 1 ? 0.0915 0.8566 0.1618 1 0.071
C33 1 ? 0.1136(2) 0.8237(2) 0.08028(11) 1 0.0564(8)
C34 1 ? 0.0448(2) 0.7553(3) 0.06991(14) 1 0.0783(11)
H34A 1 ? 0.0215 0.7280 0.1016 1 0.094
C35 1 ? 0.0099(3) 0.7264(3) 0.01508(14) 1 0.0913(13)
H35A 1 ? -0.0382 0.6799 0.0089 1 0.110
C36 1 ? 0.0440(3) 0.7644(3) -0.03132(14) 1 0.0795(11)
H36A 1 ? 0.0198 0.7440 -0.0695 1 0.095
C37 1 ? 0.1126(2) 0.8313(2) -0.02244(13) 1 0.0718(10)
H37A 1 ? 0.1369 0.8568 -0.0545 1 0.086
C38 1 ? 0.1476(2) 0.8626(2) 0.03305(12) 1 0.0613(8)
H38A 1 ? 0.1942 0.9101 0.0388 1 0.074
C39 1 ? 0.91773(18) 0.75941(19) 0.22085(10) 1 0.0486(7)
H39A 1 ? 0.9650 0.7101 0.2281 1 0.073
H39B 1 ? 0.9483 0.8067 0.2453 1 0.073
H39C 1 ? 0.9100 0.7758 0.1800 1 0.073
C40 1 ? 0.3328(2) 0.67906(19) 0.08237(11) 1 0.0544(7)
H40A 1 ? 0.3996 0.6539 0.0750 1 0.082
H40B 1 ? 0.2926 0.7016 0.0461 1 0.082
H40C 1 ? 0.2902 0.6356 0.0977 1 0.082
C41 1 ? 0.4227(2) 0.87977(18) 0.11951(12) 1 0.0551(7)
H41A 1 ? 0.4985 0.8733 0.1174 1 0.083
H41B 1 ? 0.4146 0.9211 0.1496 1 0.083
H41C 1 ? 0.3841 0.8996 0.0821 1 0.083
C42 1 ? 0.5937(3) 0.85804(19) 0.31482(14) 1 0.0714(10)
H42A 1 ? 0.6170 0.8079 0.3384 1 0.107
H42C 1 ? 0.5311 0.8436 0.2858 1 0.107
H42D 1 ? 0.5751 0.9034 0.3399 1 0.107
C43 1 ? 0.6368(2) 0.98053(15) 0.24110(11) 1 0.0434(6)
H43C 1 ? 0.6821 1.0018 0.2144 1 0.065
H43D 1 ? 0.6263 1.0253 0.2685 1 0.065
H43A 1 ? 0.5675 0.9633 0.2191 1 0.065

132CH2Cl2|[(5H)+AlMe-]||||
C41 H50 Al Cl4 N O3
9.5604(9) 25.374(2) 17.1538(16) 90.00 98.415(2) 90.00
P121/c1
Al1 1 ? -0.24474(13) -0.25121(6) 1.03922(9) 1 0.0288(4)
O1 1 ? -0.1857(3) -0.18661(11) 1.05517(18) 1 0.0300(8)
O2 1 ? -0.1920(3) -0.27334(11) 0.95133(17) 1 0.0286(8)
O3 1 ? -0.1422(3) -0.28651(11) 1.11870(18) 1 0.0299(8)
N1 1 ? -0.2333(5) -0.31108(17) 1.2524(3) 1 0.0409(12)
C1 1 ? 0.0872(4) -0.23825(16) 1.0376(3) 1 0.0248(11)
H1B 1 ? 0.1886 -0.2343 1.0359 1 0.030
C2 1 ? 0.0296(4) -0.18577(16) 1.0009(3) 1 0.0235(11)
C3 1 ? -0.0974(4) -0.16125(18) 1.0134(3) 1 0.0275(12)
C4 1 ? -0.1318(5) -0.11002(18) 0.9845(3) 1 0.0330(13)
C5 1 ? -0.2596(5) -0.08045(18) 1.0062(3) 1 0.0360(13)
C6 1 ? -0.4012(5) -0.1083(2) 0.9785(3) 1 0.0449(15)
H6A 1 ? -0.4757 -0.0905 0.9998 1 0.067
H6B 1 ? -0.3958 -0.1442 0.9964 1 0.067
H6C 1 ? -0.4203 -0.1077 0.9220 1 0.067
C7 1 ? -0.2408(5) -0.07468(19) 1.0965(3) 1 0.0417(14)
H7A 1 ? -0.3189 -0.0552 1.1112 1 0.063
H7B 1 ? -0.1543 -0.0563 1.1142 1 0.063
H7C 1 ? -0.2375 -0.1090 1.1203 1 0.063
C8 1 ? -0.2729(6) -0.02470(19) 0.9722(3) 1 0.0528(16)
H8A 1 ? -0.3525 -0.0074 0.9891 1 0.079
H8B 1 ? -0.2861 -0.0265 0.9157 1 0.079
H8C 1 ? -0.1883 -0.0052 0.9904 1 0.079
C9 1 ? -0.0381(5) -0.08718(18) 0.9385(3) 1 0.0353(13)
H9A 1 ? -0.0601 -0.0539 0.9175 1 0.042
C10 1 ? 0.0838(5) -0.11062(19) 0.9224(3) 1 0.0319(12)
C11 1 ? 0.1824(5) -0.08343(19) 0.8727(3) 1 0.0498(15)
H11A 1 ? 0.1374 -0.0523 0.8490 1 0.075
H11B 1 ? 0.2030 -0.1070 0.8321 1 0.075
H11C 1 ? 0.2686 -0.0739 0.9056 1 0.075
C12 1 ? 0.1181(5) -0.15915(18) 0.9558(3) 1 0.0286(12)
H12A 1 ? 0.2031 -0.1748 0.9482 1 0.034
C13 1 ? 0.0547(4) -0.28911(17) 0.9903(3) 1 0.0241(11)
C14 1 ? -0.0770(5) -0.30426(17) 0.9479(3) 1 0.0266(12)
C15 1 ? -0.0873(5) -0.35077(18) 0.9021(3) 1 0.0301(12)
C16 1 ? -0.2278(5) -0.36818(18) 0.8520(3) 1 0.0331(13)
C17 1 ? -0.2126(5) -0.42074(19) 0.8096(3) 1 0.0494(15)
H17A 1 ? -0.2989 -0.4284 0.7754 1 0.074
H17B 1 ? -0.1931 -0.4484 0.8479 1 0.074
H17C 1 ? -0.1363 -0.4183 0.7791 1 0.074
C18 1 ? -0.2711(5) -0.32658(19) 0.7875(3) 1 0.0411(14)
H18A 1 ? -0.3541 -0.3383 0.7537 1 0.062
H18B 1 ? -0.1954 -0.3217 0.7571 1 0.062
H18C 1 ? -0.2907 -0.2938 0.8117 1 0.062
C19 1 ? -0.3454(5) -0.3744(2) 0.9024(3) 1 0.0445(15)
H19A 1 ? -0.4299 -0.3864 0.8701 1 0.067
H19B 1 ? -0.3632 -0.3410 0.9256 1 0.067
H19C 1 ? -0.3173 -0.3996 0.9434 1 0.067
C20 1 ? 0.0336(5) -0.38141(18) 0.9039(3) 1 0.0320(12)
H20A 1 ? 0.0273 -0.4120 0.8738 1 0.038
C21 1 ? 0.1627(5) -0.36924(19) 0.9476(3) 1 0.0312(12)
C22 1 ? 0.2897(5) -0.4043(2) 0.9476(4) 1 0.0506(16)
H22A 1 ? 0.3737 -0.3853 0.9682 1 0.076
H22B 1 ? 0.2957 -0.4154 0.8947 1 0.076
H22C 1 ? 0.2805 -0.4347 0.9798 1 0.076
C23 1 ? 0.1712(4) -0.32293(18) 0.9890(3) 1 0.0293(12)
H23A 1 ? 0.2578 -0.3134 1.0175 1 0.035
C24 1 ? 0.0850(4) -0.24354(17) 1.1265(3) 1 0.0243(11)
C25 1 ? -0.0220(4) -0.26727(16) 1.1610(3) 1 0.0255(12)
C26 1 ? -0.0063(5) -0.27186(16) 1.2440(3) 1 0.0259(12)
C27 1 ? -0.1131(5) -0.29319(18) 1.2846(3) 1 0.0363(13)
H27A 1 ? -0.0940 -0.2942 1.3394 1 0.044
C28 1 ? 0.1148(5) -0.25211(18) 1.2906(3) 1 0.0313(12)
H28A 1 ? 0.1223 -0.2549 1.3451 1 0.038
C29 1 ? 0.2222(5) -0.22882(17) 1.2588(3) 1 0.0276(12)
C30 1 ? 0.3513(5) -0.2069(2) 1.3080(3) 1 0.0467(15)
H30A 1 ? 0.3713 -0.2267 1.3560 1 0.070
H30B 1 ? 0.3353 -0.1706 1.3200 1 0.070
H30C 1 ? 0.4302 -0.2093 1.2794 1 0.070
C31 1 ? 0.2035(4) -0.22556(16) 1.1759(3) 1 0.0288(12)
H31A 1 ? 0.2756 -0.2103 1.1526 1 0.035
C32 1 ? -0.3439(6) -0.3302(2) 1.2976(3) 1 0.0561(16)
H32A 1 ? -0.4010 -0.3006 1.3101 1 0.067
H32B 1 ? -0.2994 -0.3457 1.3467 1 0.067
C33 1 ? -0.4372(6) -0.3704(2) 1.2518(3) 1 0.0449(15)
C34 1 ? -0.5685(6) -0.3550(2) 1.2114(4) 1 0.065(2)
H34A 1 ? -0.5975 -0.3201 1.2125 1 0.078
C35 1 ? -0.6541(7) -0.3920(4) 1.1703(5) 1 0.097(3)
H35A 1 ? -0.7436 -0.3827 1.1451 1 0.116
C36 1 ? -0.6061(10) -0.4427(4) 1.1668(5) 1 0.119(4)
H36A 1 ? -0.6628 -0.4676 1.1376 1 0.142
C37 1 ? -0.4774(11) -0.4572(3) 1.2050(5) 1 0.119(3)
H37A 1 ? -0.4479 -0.4921 1.2029 1 0.143
C38 1 ? -0.3907(7) -0.4208(3) 1.2465(4) 1 0.073(2)
H38A 1 ? -0.3011 -0.4305 1.2710 1 0.088
C39 1 ? -0.4441(4) -0.2603(2) 1.0470(3) 1 0.0442(14)
H39A 1 ? -0.5002 -0.2454 1.0013 1 0.066
H39B 1 ? -0.4656 -0.2427 1.0934 1 0.066
H39C 1 ? -0.4650 -0.2971 1.0502 1 0.066
C40 1 ? -0.1759(6) 0.0880(2) 0.8474(4) 1 0.0672(19)
H40A 1 ? -0.1300 0.0805 0.9005 1 0.081
H40B 1 ? -0.1379 0.1209 0.8309 1 0.081
Cl1 1 ? -0.13669(16) 0.03724(6) 0.78421(10) 1 0.0686(5)
Cl2 1 ? -0.35815(16) 0.09528(6) 0.84815(12) 1 0.0811(6)
H1 1 ? -0.241(6) -0.312(2) 1.198(4) 1 0.08(2)
