?|(E,E)-N-[3-(Biphenyl-2-ylimino)butan-2-ylidene]-2-phenylaniline||||
C28 H24 N2
9.603(3) 8.017(3) 14.332(5) 90.00 94.740(6) 90.00
P21/n
N1 ? ? 0.41183(12) 0.12272(16) 0.07641(9) 1 0.0549(4)
C1 ? ? 0.28095(15) 0.14069(18) 0.11538(11) 1 0.0522(4)
C2 ? ? 0.26218(19) 0.0733(2) 0.20274(12) 1 0.0678(5)
H2A ? ? 0.3336 0.0117 0.2340 1 0.081
C3 ? ? 0.1387(2) 0.0970(2) 0.24353(14) 1 0.0766(6)
H3A ? ? 0.1269 0.0505 0.3018 1 0.092
C4 ? ? 0.03264(19) 0.1895(2) 0.19818(14) 1 0.0728(5)
H4A ? ? -0.0501 0.2073 0.2261 1 0.087
C5 ? ? 0.05000(16) 0.2551(2) 0.11148(13) 1 0.0626(5)
H5A ? ? -0.0224 0.3163 0.0810 1 0.075
C6 ? ? 0.17315(14) 0.23261(18) 0.06781(10) 1 0.0513(4)
C7 ? ? 0.18618(15) 0.30173(19) -0.02718(10) 1 0.0540(4)
C8 ? ? 0.29127(18) 0.4124(2) -0.04477(12) 1 0.0638(5)
H8A ? ? 0.3572 0.4420 0.0036 1 0.077
C9 ? ? 0.3002(2) 0.4798(3) -0.13270(13) 1 0.0799(6)
H9A ? ? 0.3708 0.5554 -0.1429 1 0.096
C10 ? ? 0.2048(3) 0.4352(3) -0.20518(14) 1 0.0936(8)
H10A ? ? 0.2104 0.4808 -0.2644 1 0.112
C11 ? ? 0.1018(3) 0.3236(3) -0.18970(15) 1 0.0941(8)
H11A ? ? 0.0383 0.2920 -0.2391 1 0.113
C12 ? ? 0.09052(19) 0.2568(3) -0.10133(13) 1 0.0731(5)
H12A ? ? 0.0191 0.1820 -0.0916 1 0.088
C13 ? ? 0.43020(13) 0.00418(18) 0.02004(10) 1 0.0503(4)
C14 ? ? 0.32384(18) -0.1253(3) -0.00980(15) 1 0.0783(6)
H14C ? ? 0.3624 -0.2013 -0.0526 1 0.117
H14B ? ? 0.2426 -0.0724 -0.0401 1 0.117
H14A ? ? 0.2982 -0.1855 0.0441 1 0.117
