|||||
?
5.3 5.3 60.0 90 90 120
P-1
Si1 ? ? 0.33330 0.83330 0.04400 0.75000 ?
Si2 ? ? 0.66670 0.50000 0.04400 0.75000 ?
Si3 ? ? 0.00000 0.16670 0.54400 0.75000 ?
Si4 ? ? 0.33330 0.83330 0.54400 0.75000 ?
Si5 ? ? 0.66670 0.83330 0.21070 0.75000 ?
Si6 ? ? 0.00000 0.50000 0.21070 0.75000 ?
Si7 ? ? 0.66670 0.50000 0.12270 0.75000 ?
Si8 ? ? 0.33330 0.83330 0.12270 0.75000 ?
Si9 ? ? 0.00000 0.83330 0.37730 0.75000 ?
Si10 ? ? 0.66670 0.16670 0.37730 0.75000 ?
Si11 ? ? 0.00000 0.50000 0.28930 0.75000 ?
Si12 ? ? 0.66670 0.83330 0.28930 0.75000 ?
Al1 ? ? 0.33330 0.83330 0.04400 0.25000 ?
Al2 ? ? 0.66670 0.50000 0.04400 0.25000 ?
Al3 ? ? 0.00000 0.16670 0.54400 0.25000 ?
Al4 ? ? 0.33330 0.83330 0.54400 0.25000 ?
Al5 ? ? 0.66670 0.83330 0.21070 0.25000 ?
Al6 ? ? 0.00000 0.50000 0.21070 0.25000 ?
Al7 ? ? 0.66670 0.50000 0.12270 0.25000 ?
Al8 ? ? 0.33330 0.83330 0.12270 0.25000 ?
Al9 ? ? 0.00000 0.83330 0.37730 0.25000 ?
Al10 ? ? 0.66670 0.16670 0.37730 0.25000 ?
Al11 ? ? 0.00000 0.50000 0.28930 0.25000 ?
Al12 ? ? 0.66670 0.83330 0.28930 0.25000 ?

|||||
?
5.3 5.3 60.0 90 90 120
P-1
Si1 ? ? 0.33330 0.83330 0.04400 0.75000 ?
Si2 ? ? 0.66670 0.50000 0.04400 0.75000 ?
Si3 ? ? 0.00000 0.16670 0.54400 0.75000 ?
Si4 ? ? 0.33330 0.83330 0.54400 0.75000 ?
Si5 ? ? 0.66670 0.83330 0.21070 0.75000 ?
Si6 ? ? 0.00000 0.50000 0.21070 0.75000 ?
Si7 ? ? 0.66670 0.50000 0.12270 0.75000 ?
Si8 ? ? 0.33330 0.83330 0.12270 0.75000 ?
Si9 ? ? 0.00000 0.83330 0.37730 0.75000 ?
Si10 ? ? 0.66670 0.16670 0.37730 0.75000 ?
Si11 ? ? 0.00000 0.50000 0.28930 0.75000 ?
Si12 ? ? 0.66670 0.83330 0.28930 0.75000 ?
Al1 ? ? 0.33330 0.83330 0.04400 0.25000 ?
Al2 ? ? 0.66670 0.50000 0.04400 0.25000 ?
Al3 ? ? 0.00000 0.16670 0.54400 0.25000 ?
Al4 ? ? 0.33330 0.83330 0.54400 0.25000 ?
Al5 ? ? 0.66670 0.83330 0.21070 0.25000 ?
Al6 ? ? 0.00000 0.50000 0.21070 0.25000 ?
Al7 ? ? 0.66670 0.50000 0.12270 0.25000 ?
Al8 ? ? 0.33330 0.83330 0.12270 0.25000 ?
Al9 ? ? 0.00000 0.83330 0.37730 0.25000 ?
Al10 ? ? 0.66670 0.16670 0.37730 0.25000 ?
Al11 ? ? 0.00000 0.50000 0.28930 0.25000 ?
Al12 ? ? 0.66670 0.83330 0.28930 0.25000 ?

|||||
?
5.3 5.3 60.0 90 90 120
P-1
Si1 ? ? 0.33330 0.83330 0.04400 0.75000 ?
Si2 ? ? 0.66670 0.50000 0.04400 0.75000 ?
Si3 ? ? 0.00000 0.16670 0.54400 0.75000 ?
Si4 ? ? 0.33330 0.83330 0.54400 0.75000 ?
Si5 ? ? 0.66670 0.83330 0.21070 0.75000 ?
Si6 ? ? 0.00000 0.50000 0.21070 0.75000 ?
Si7 ? ? 0.66670 0.50000 0.12270 0.75000 ?
Si8 ? ? 0.33330 0.83330 0.12270 0.75000 ?
Si9 ? ? 0.00000 0.83330 0.37730 0.75000 ?
Si10 ? ? 0.66670 0.16670 0.37730 0.75000 ?
Si11 ? ? 0.00000 0.50000 0.28930 0.75000 ?
Si12 ? ? 0.66670 0.83330 0.28930 0.75000 ?
Al1 ? ? 0.33330 0.83330 0.04400 0.25000 ?
Al2 ? ? 0.66670 0.50000 0.04400 0.25000 ?
Al3 ? ? 0.00000 0.16670 0.54400 0.25000 ?
Al4 ? ? 0.33330 0.83330 0.54400 0.25000 ?
Al5 ? ? 0.66670 0.83330 0.21070 0.25000 ?
Al6 ? ? 0.00000 0.50000 0.21070 0.25000 ?
Al7 ? ? 0.66670 0.50000 0.12270 0.25000 ?
Al8 ? ? 0.33330 0.83330 0.12270 0.25000 ?
Al9 ? ? 0.00000 0.83330 0.37730 0.25000 ?
Al10 ? ? 0.66670 0.16670 0.37730 0.25000 ?
Al11 ? ? 0.00000 0.50000 0.28930 0.25000 ?
Al12 ? ? 0.66670 0.83330 0.28930 0.25000 ?
