?|?||||
C5 H17 Al N2 O8 P2
7.8783(2) ? 16.0680(4) 90.00 95.1470(10) ?
?
P1 ? ? 0.55909(13) 0.78402(9) 0.02396(7) 1 0.0280(3)
P2 ? ? 0.09646(13) 1.05563(11) 0.13485(6) 1 0.0290(3)
Al1 ? ? 0.24723(13) 0.95928(11) -0.02995(7) 1 0.0246(4)
O1 ? ? 0.1684(4) 0.9724(3) 0.0667(2) 1 0.0379(7)
O2 ? ? 0.6564(4) 0.7078(3) -0.0386(2) 1 0.0373(7)
H2 ? ? 0.7123 0.7571 -0.0649 1 0.056
O3 ? ? 0.0882(4) 0.9116(3) -0.1048(2) 1 0.0381(7)
O4 ? ? 0.1982(4) 1.1793(3) 0.1459(2) 1 0.0467(9)
O5 ? ? 0.4005(4) 0.8408(3) -0.0252(2) 1 0.0435(8)
O6 ? ? 0.5116(4) 0.6993(3) 0.0927(2) 1 0.0466(8)
O7 ? ? 0.1067(5) 0.9814(4) 0.2149(2) 1 0.0521(9)
O8 ? ? 0.6701(4) 0.8956(3) 0.0585(2) 1 0.0398(8)
N1 ? ? 0.5653(6) 0.4525(4) 0.1464(2) 1 0.0438(10)
H1A ? ? 0.4934 0.4053 0.1133 1 0.066
H1B ? ? 0.5704 0.5309 0.1254 1 0.066
H1C ? ? 0.5288 0.4565 0.1972 1 0.066
C1 ? ? 0.7372(9) 0.3936(7) 0.1518(5) 1 0.077(2)
H1D ? ? 0.7840 0.4038 0.0984 1 0.092
H1E ? ? 0.7258 0.3028 0.1618 1 0.092
C2 ? ? 0.8618(10) 0.4488(8) 0.2194(5) 1 0.088(2)
H2A ? ? 0.8225 0.4271 0.2732 1 0.105
H2B ? ? 0.9709 0.4071 0.2162 1 0.105
C3 ? ? 0.8903(13) 0.5913(9) 0.2175(5) 1 0.110(3)
H3A ? ? 0.7912 0.6290 0.2395 1 0.132
H3B ? ? 0.9855 0.6077 0.2587 1 0.132
C4 ? ? 0.9232(15) 0.6711(14) 0.1428(8) 1 0.153(5)
H4A ? ? 0.8502 0.6411 0.0950 1 0.184
H4B ? ? 0.8917 0.7587 0.1534 1 0.184
C5 ? ? 1.1025(11) 0.6688(10) 0.1213(5) 1 0.099(3)
H5A ? ? 1.1363 0.5802 0.1162 1 0.118
H5B ? ? 1.1062 0.7081 0.0669 1 0.118
N2 ? ? 1.2290(5) 0.7318(4) 0.1793(3) 1 0.0439(9)
H2C ? ? 1.3301 0.7296 0.1586 1 0.066
H2D ? ? 1.2357 0.6916 0.2283 1 0.066
H2E ? ? 1.1984 0.8127 0.1863 1 0.066
