01108|?|Sergey V. Kryatov; Sonia Taktak; Ivan V. Korendovych; Elena V. Rybak-Akimova; József Kaizer; Stéphane Torelli; Xiaopeng Shan; Sanjay Mandal; Vicki L. MacMurdo; Antoni Mairata i Payeras; Lawrence Que|Dioxygen Binding to Complexes with FeII2(μ-OH)2 Cores: Steric Control of Activation Barriers and O2-Adduct Formation|Inorganic Chemistry|2005 44 85 99
C58 H52 F6 Fe2 N10 O8 S2
11.6282(6) 18.890(1) 13.3536(8) 90.00 98.956(1) 90.00
P21/c
Fe1 1 ? 0.04470(3) 0.009918(16) 0.89800(2) 1 0.02503(11)
O1 1 ? -0.07807(13) 0.05055(7) 0.96861(11) 1 0.0275(3)
H1A 1 ? -0.1344 0.0863 0.9484 1 0.033
N1 1 ? 0.17722(17) -0.04406(10) 0.81919(14) 1 0.0309(4)
C1 1 ? -0.1745(2) -0.08338(12) 0.76887(16) 1 0.0294(5)
C2 1 ? -0.2504(2) -0.03128(12) 0.79751(17) 1 0.0324(5)
H2A 1 ? -0.2195 0.0081 0.8370 1 0.039
C3 1 ? -0.3678(2) -0.03732(14) 0.76865(18) 1 0.0386(6)
H3B 1 ? -0.4178 -0.0019 0.7882 1 0.046
C4 1 ? -0.4161(2) -0.09537(14) 0.7102(2) 1 0.0439(6)
H4A 1 ? -0.4981 -0.0989 0.6911 1 0.053
C5 1 ? -0.3453(2) -0.14621(15) 0.6812(2) 1 0.0444(6)
H5A 1 ? -0.3782 -0.1852 0.6419 1 0.053
C6 1 ? -0.2222(2) -0.14152(13) 0.70929(17) 1 0.0352(5)
C7 1 ? -0.1451(2) -0.19260(13) 0.68078(19) 1 0.0419(6)
H7A 1 ? -0.1747 -0.2324 0.6414 1 0.050
C8 1 ? -0.0285(2) -0.18489(13) 0.70969(18) 1 0.0384(6)
H8A 1 ? 0.0242 -0.2184 0.6894 1 0.046
C9 1 ? 0.0133(2) -0.12614(12) 0.77050(17) 1 0.0311(5)
C10 1 ? 0.1413(2) -0.11934(12) 0.80852(18) 1 0.0342(5)
H10A 1 ? 0.1599 -0.1432 0.8751 1 0.041
H10B 1 ? 0.1856 -0.1432 0.7607 1 0.041
N2 1 ? -0.05610(17) -0.07721(9) 0.80004(13) 1 0.0285(4)
C11 1 ? 0.1821(2) -0.01021(14) 0.71961(19) 1 0.0402(6)
H11A 1 ? 0.1814 -0.0478 0.6679 1 0.048
H11B 1 ? 0.2568 0.0155 0.7236 1 0.048
C12 1 ? 0.0844(2) 0.04061(12) 0.68478(17) 1 0.0322(5)
C13 1 ? 0.0628(2) 0.06268(13) 0.58436(18) 1 0.0383(6)
H13A 1 ? 0.1085 0.0451 0.5367 1 0.046
C14 1 ? -0.0257(2) 0.11034(14) 0.55458(19) 1 0.0427(6)
H14A 1 ? -0.0430 0.1250 0.4859 1 0.051
C15 1 ? -0.0890(2) 0.13649(13) 0.62590(19) 1 0.0393(6)
H15A 1 ? -0.1498 0.1698 0.6074 1 0.047
C16 1 ? -0.0616(2) 0.11304(12) 0.72491(18) 1 0.0333(5)
H16A 1 ? -0.1043 0.1313 0.7743 1 0.040
N3 1 ? 0.02278(17) 0.06549(10) 0.75408(14) 1 0.0305(4)
C17 1 ? 0.2900(2) -0.03691(13) 0.8867(2) 1 0.0369(6)
H17A 1 ? 0.3539 -0.0500 0.8492 1 0.044
H17B 1 ? 0.2922 -0.0698 0.9448 1 0.044
C18 1 ? 0.3080(2) 0.03802(13) 0.92561(18) 1 0.0329(5)
C19 1 ? 0.4201(2) 0.06842(14) 0.9436(2) 1 0.0413(6)
H19A 1 ? 0.4844 0.0437 0.9244 1 0.050
C20 1 ? 0.4360(2) 0.13258(14) 0.9881(2) 1 0.0424(6)
H20A 1 ? 0.5117 0.1528 1.0015 1 0.051
C21 1 ? 0.3390(2) 0.16951(12) 1.01461(18) 1 0.0343(5)
C22 1 ? 0.3478(2) 0.23614(13) 1.0637(2) 1 0.0413(6)
H22A 1 ? 0.4219 0.2580 1.0807 1 0.050
C23 1 ? 0.2518(2) 0.26897(13) 1.0868(2) 1 0.0429(6)
H23A 1 ? 0.2589 0.3136 1.1200 1 0.051
C24 1 ? 0.1420(2) 0.23743(13) 1.06193(19) 1 0.0375(6)
H24A 1 ? 0.0753 0.2608 1.0788 1 0.045
C25 1 ? 0.1297(2) 0.17355(12) 1.01381(17) 1 0.0313(5)
H25A 1 ? 0.0544 0.1534 0.9961 1 0.038
C26 1 ? 0.2279(2) 0.13728(11) 0.99012(17) 1 0.0287(5)
N4 1 ? 0.21396(16) 0.07128(10) 0.94596(14) 1 0.0298(4)
S1 1 ? 0.74204(7) 0.24465(4) 0.92544(6) 0.8432(19) 0.0272(2)
O2 1 ? 0.84963(18) 0.20412(12) 0.92957(18) 0.8432(19) 0.0429(6)
O3 1 ? 0.74853(19) 0.31705(10) 0.89811(15) 0.8432(19) 0.0418(5)
O4 1 ? 0.6810(4) 0.2288(2) 1.0091(2) 0.8432(19) 0.0427(9)
C27 1 ? 0.6504(3) 0.20455(16) 0.8166(2) 0.8432(19) 0.0373(7)
F1 1 ? 0.5452(2) 0.2316(3) 0.8039(4) 0.8432(19) 0.0684(8)
F2 1 ? 0.6977(3) 0.2147(2) 0.73255(19) 0.8432(19) 0.0604(8)
F3 1 ? 0.64076(17) 0.13532(9) 0.82662(15) 0.8432(19) 0.0560(5)
S1' 1 ? 0.7281(5) 0.2193(2) 0.9213(4) 0.16 0.0272(2)
O2' 1 ? 0.8425(9) 0.2380(7) 0.9122(11) 0.16 0.0429(6)
O3' 1 ? 0.7248(10) 0.1405(4) 0.9168(8) 0.16 0.0418(5)
O4' 1 ? 0.663(2) 0.2445(15) 0.9972(16) 0.16 0.0427(9)
C27' 1 ? 0.6288(14) 0.2385(7) 0.8070(10) 0.16 0.0373(7)
F1' 1 ? 0.5185(17) 0.2208(19) 0.799(2) 0.16 0.0684(8)
F2' 1 ? 0.665(2) 0.2278(14) 0.7199(12) 0.16 0.0604(8)
F3' 1 ? 0.6289(9) 0.3110(5) 0.8010(8) 0.16 0.0560(5)
C28 1 ? -0.4014(3) 0.09147(18) 0.5568(2) 1 0.0593(8)
H28A 1 ? -0.3946 0.0645 0.4952 1 0.089
H28B 1 ? -0.3389 0.0775 0.6111 1 0.089
H28C 1 ? -0.3951 0.1422 0.5431 1 0.089
C29 1 ? -0.5132(3) 0.07700(15) 0.5877(2) 1 0.0519(7)
N5 1 ? -0.5987(3) 0.06541(16) 0.6124(3) 1 0.0838(10)
