(4,5-dibromo-4',5'-ethylenedithiotetrathiafulvalene)2(tetrabromo iron)||Junichi Nishijo; Akira Miyazaki; Toshiaki Enoki; Ryoji Watanabe; Yoshiyuki Kuwatani; Masahiko Iyoda|d-Electron-Induced Negative Magnetoresistance of a π-d Interaction System Based on a Brominated-TTF Donor|Inorganic Chemistry|2005 44 2493 2506
C16 H8 Br8 Fe S12
7.066(10) 13.10(2) 35.65(9) 90.26(16) 90.00 90.00
I2/b11
Fe1 2 ? 0.04663(16) 0.2500 0.5000 1 0.0307(3)
Br1 1 ? 0.24164(12) 0.35100(7) 0.46231(3) 1 0.0555(3)
Br2 1 ? -0.14426(11) 0.15203(7) 0.46164(3) 1 0.0590(3)
Br3 1 ? 0.32338(9) 0.12945(6) 0.13917(2) 1 0.0392(2)
Br4 1 ? 0.32895(9) -0.13594(5) 0.14111(2) 1 0.0391(2)
C1 1 ? 0.3306(7) -0.0531(5) 0.18279(19) 1 0.0253(12)
C2 1 ? 0.3312(7) 0.0495(5) 0.18213(18) 1 0.0237(12)
C3 1 ? 0.3337(7) 0.0001(5) 0.2519(2) 1 0.0265(13)
C4 1 ? 0.3333(7) -0.0003(4) 0.29010(19) 1 0.0249(12)
C5 1 ? 0.3259(7) -0.0500(5) 0.3605(2) 1 0.0273(13)
C6 1 ? 0.3292(7) 0.0532(4) 0.35953(18) 1 0.0223(12)
C7 1 ? 0.3859(10) 0.0486(5) 0.4353(2) 1 0.0382(15)
H7A 1 ? 0.5178 0.0287 0.4333 1 0.046
H7B 1 ? 0.3700 0.0842 0.4590 1 0.046
C8 1 ? 0.2662(10) -0.0457(6) 0.4356(2) 1 0.0428(17)
H8A 1 ? 0.1342 -0.0260 0.4336 1 0.051
H8B 1 ? 0.2827 -0.0799 0.4595 1 0.051
S1 1 ? 0.3351(2) -0.11346(12) 0.22653(5) 1 0.0317(4)
S2 1 ? 0.3335(2) 0.11175(12) 0.22497(5) 1 0.0312(4)
S3 1 ? 0.3290(2) -0.11072(12) 0.31698(5) 1 0.0296(3)
S4 1 ? 0.3341(2) 0.11247(11) 0.31579(5) 1 0.0286(3)
S5 1 ? 0.3314(2) 0.13592(13) 0.39757(6) 1 0.0360(4)
S6 1 ? 0.3207(2) -0.13282(13) 0.39881(5) 1 0.0344(4)
