|||||
C52 H30 F28 N4 O16 Ru4
17.542(14) 20.644(16) 8.788(7) 90.0000 96.627(13) 90.0000
C12/m1
Ru(1) 1 ? 0.23103(3) 0.19962(2) 0.45365(6) 1.00 0.02975(15)
F(1) 1 ? 0.3438(3) 0.2376(2) 0.0072(5) 1.00 0.084(2)
F(2) 1 ? 0.4233(2) 0.3013(2) 0.1367(5) 1.00 0.0735(17)
F(3) 1 ? 0.3152(2) 0.3364(2) 0.0302(5) 1.00 0.0723(17)
F(4) 1 ? 0.0380(2) 0.3911(2) 0.3308(6) 1.00 0.096(2)
F(5) 1 ? -0.0152(2) 0.3001(2) 0.3421(6) 1.00 0.0863(19)
F(6) 1 ? 0.0394(3) 0.3239(3) 0.1483(6) 1.00 0.108(2)
F(7) 1 ? 0.0565(2) 0.11493(14) 0.1144(4) 1.00 0.0372(11)
O(1) 1 ? 0.2822(2) 0.2174(2) 0.2609(4) 1.00 0.0354(13)
O(2) 1 ? 0.1298(2) 0.2411(2) 0.3525(4) 1.00 0.0357(13)
O(3) 1 ? 0.1821(2) 0.1830(2) 0.6522(5) 1.00 0.0347(13)
O(4) 1 ? 0.3327(2) 0.1609(2) 0.5548(4) 1.00 0.0371(13)
N(1) 1 ? 0.1901(3) 0.1025(2) 0.3580(5) 1.00 0.0288(15)
C(1) 1 ? 0.3135(4) 0.2722(3) 0.2488(7) 1.00 0.037(2)
C(2) 1 ? 0.3500(4) 0.2867(3) 0.1034(8) 1.00 0.043(2)
C(3) 1 ? 0.1206(3) 0.3011(3) 0.3716(7) 1.00 0.0327(19)
C(4) 1 ? 0.0462(4) 0.3303(3) 0.2950(9) 1.00 0.048(2)
C(5) 1 ? 0.1617(3) 0.0578(2) 0.3032(6) 1.00 0.0244(17)
C(6) 2 ? 0.1269(5) 0.0000 0.2383(9) 1.00 0.023(2)
C(7) 2 ? 0.0635(4) 0.0000 0.1225(9) 1.00 0.022(2)
C(8) 1 ? 0.0292(3) 0.0573(2) 0.0573(6) 1.00 0.0251(17)
C(9) 2 ? 0.3759(11) 0.000000(10) 0.354(2) 0.87 0.182(10)
C(10) 2 ? 0.3504(9) 0.0000 0.188(2) 0.87 0.081(6)
C(11) 1 ? 0.3412(6) 0.0588(4) 0.1174(17) 0.87 0.079(4)
C(12) 1 ? 0.3163(7) 0.0577(5) -0.0454(18) 0.90 0.095(5)
C(13) 2 ? 0.3039(10) 0.0000 -0.122(2) 0.90 0.084(6)
C(14) 2 ? 0.2805(10) 0.000000(10) -0.283(2) 0.90 0.131(9)
C(15) 2 ? 0.000000(10) -0.1411(5) 0.500000(10) 0.97 0.065(4)
C(16) 2 ? 0.0000 -0.0680(4) 0.5000 0.97 0.037(3)
C(17) 1 ? -0.0538(4) -0.0335(3) 0.4040(7) 0.97 0.038(2)
H(1) 1 ? 0.4254 0.0190 0.3716 1.00 0.218
H(2) 1 ? 0.3408 0.0243 0.4054 1.00 0.218
H(3) 1 ? 0.3779 -0.0433 0.3906 1.00 0.218
H(4) 1 ? 0.3505 0.0982 0.1722 1.00 0.097
H(5) 1 ? 0.3085 0.0973 -0.1000 1.00 0.113
H(6) 1 ? 0.2506 0.0376 -0.3101 1.00 0.157
H(7) 1 ? 0.2506 -0.0376 -0.3101 1.00 0.157
H(8) 2 ? 0.3244 0.0000 -0.3372 0.50 0.157
H(9) 1 ? -0.0176 -0.1565 0.5917 1.00 0.077
H(10) 1 ? -0.0330 -0.1565 0.4143 1.00 0.077
H(11) 1 ? 0.0506 -0.1565 0.4940 1.00 0.077
H(12) 1 ? -0.0909 -0.0566 0.3375 1.00 0.045
