||Katsuhiko Tomooka; Takayuki Ezawa; Hiroko Inoue; Kazuhiro Uehara; Kazunobu Igawa|Dynamic Chirality of (E)-5-Cyclononen-1-one and its Enolate|Journal of the American Chemical Society|2011 133 1754 1756
C17 H25 Cl2 N O Pt
6.716(4) 10.752(6) 26.541(14) 90.0000 90.0000 90.0000
P212121
Pt1 4 ? 0.07595(8) 0.61540(5) 0.628220(19) 1.0 0.02219(16)
Cl1 4 ? 0.1697(6) 0.4104(4) 0.63812(14) 1.0 0.0267(8)
Cl2 4 ? -0.0396(6) 0.8148(4) 0.61418(14) 1.0 0.0323(9)
O1 4 ? 0.5329(16) 0.5893(12) 0.7886(5) 1.0 0.035(3)
N1 4 ? -0.0289(18) 0.5627(12) 0.5572(5) 1.0 0.022(3)
C1 4 ? 0.398(3) 0.6644(18) 0.7949(6) 1.0 0.033(4)
C2 4 ? 0.421(3) 0.7941(15) 0.7754(6) 1.0 0.028(4)
C3 4 ? 0.537(3) 0.7973(16) 0.7246(6) 1.0 0.026(4)
C4 4 ? 0.405(3) 0.7778(15) 0.6795(6) 1.0 0.029(4)
C5 4 ? 0.290(3) 0.6618(15) 0.6869(5) 1.0 0.023(3)
C6 4 ? 0.098(3) 0.6627(14) 0.7069(5) 1.0 0.021(3)
C7 4 ? 0.016(3) 0.5709(15) 0.7441(5) 1.0 0.021(4)
C8 4 ? 0.015(3) 0.6291(19) 0.7975(6) 1.0 0.034(4)
C9 4 ? 0.217(3) 0.630(2) 0.8255(6) 1.0 0.036(4)
C10 4 ? 0.091(3) 0.5843(14) 0.5159(5) 1.0 0.023(3)
C11 4 ? 0.027(3) 0.5355(18) 0.4690(6) 1.0 0.033(5)
C12 4 ? -0.147(3) 0.4662(18) 0.4632(7) 1.0 0.035(4)
C13 4 ? -0.261(3) 0.4514(17) 0.5081(6) 1.0 0.034(4)
C14 4 ? -0.200(3) 0.4968(16) 0.5531(6) 1.0 0.026(4)
C15 4 ? 0.269(3) 0.6602(18) 0.5221(6) 1.0 0.034(4)
C16 4 ? -0.210(3) 0.4143(19) 0.4148(6) 1.0 0.042(5)
C17 4 ? -0.322(3) 0.4837(19) 0.6001(6) 1.0 0.038(5)
H1 4 ? 0.4930 0.8447 0.8007 1.0 0.0342
H2 4 ? 0.2878 0.8315 0.7705 1.0 0.0342
H3 4 ? 0.6053 0.8786 0.7213 1.0 0.0311
H4 4 ? 0.6409 0.7317 0.7250 1.0 0.0311
H5 4 ? 0.3132 0.8492 0.6757 1.0 0.0347
H6 4 ? 0.4867 0.7713 0.6486 1.0 0.0347
H7 4 ? 0.3722 0.5897 0.6983 1.0 0.0271
H8 4 ? 0.0502 0.7491 0.7137 1.0 0.0256
H9 4 ? 0.0983 0.4946 0.7441 1.0 0.0247
H10 4 ? -0.1216 0.5476 0.7343 1.0 0.0247
H11 4 ? -0.0330 0.7159 0.7947 1.0 0.0408
H12 4 ? -0.0830 0.5831 0.8184 1.0 0.0408
H13 4 ? 0.2068 0.6885 0.8541 1.0 0.0436
H14 4 ? 0.2391 0.5458 0.8398 1.0 0.0436
H15 4 ? 0.1068 0.5508 0.4401 1.0 0.0400
H16 4 ? -0.3843 0.4083 0.5064 1.0 0.0404
H17 4 ? 0.2315 0.7429 0.5343 1.0 0.0409
H18 4 ? 0.3373 0.6682 0.4896 1.0 0.0409
H19 4 ? 0.3585 0.6206 0.5464 1.0 0.0409
H20 4 ? -0.2282 0.4818 0.3904 1.0 0.0502
H21 4 ? -0.3367 0.3700 0.4192 1.0 0.0502
H22 4 ? -0.1089 0.3564 0.4024 1.0 0.0502
H23 4 ? -0.2429 0.4421 0.6262 1.0 0.0458
H24 4 ? -0.4412 0.4342 0.5929 1.0 0.0458
H25 4 ? -0.3619 0.5663 0.6121 1.0 0.0458
