||Katsuhiko Tomooka; Takayuki Ezawa; Hiroko Inoue; Kazuhiro Uehara; Kazunobu Igawa|Dynamic Chirality of (E)-5-Cyclononen-1-one and its Enolate|Journal of the American Chemical Society|2011 133 1754 1756
C17 H25 Cl2 N O Pt
6.7044(16) 10.749(3) 26.506(7) 90.0000 90.0000 90.0000
P212121
Pt1 4 ? 0.57590(4) 0.11641(3) 0.871870(10) 1.0 0.01484(8)
Cl1 4 ? 0.4591(4) 0.31534(18) 0.88596(8) 1.0 0.0251(6)
Cl2 4 ? 0.6685(3) -0.08826(17) 0.86196(7) 1.0 0.0200(5)
O1 4 ? 1.0332(10) 0.0900(6) 0.7112(3) 1.0 0.0297(18)
N7 4 ? 0.4706(11) 0.0635(7) 0.9430(3) 1.0 0.0184(18)
C1 4 ? 0.9001(13) 0.1643(8) 0.7048(3) 1.0 0.019(2)
C2 4 ? 0.9240(16) 0.2959(8) 0.7248(4) 1.0 0.027(3)
C3 4 ? 1.0398(14) 0.2998(10) 0.7747(4) 1.0 0.026(3)
C4 4 ? 0.9082(15) 0.2786(8) 0.8215(3) 1.0 0.024(3)
C5 4 ? 0.7883(12) 0.1626(9) 0.8137(3) 1.0 0.021(2)
C6 4 ? 0.5981(13) 0.1645(8) 0.7931(3) 1.0 0.019(2)
C7 4 ? 0.5170(13) 0.0721(8) 0.7555(3) 1.0 0.017(2)
C8 4 ? 0.5150(13) 0.1315(9) 0.7031(3) 1.0 0.023(3)
C9 4 ? 0.7198(12) 0.1297(9) 0.6747(3) 1.0 0.025(3)
C10 4 ? 0.5888(14) 0.0848(7) 0.9840(3) 1.0 0.0178(19)
C11 4 ? 0.5267(15) 0.0354(9) 1.0305(3) 1.0 0.025(3)
C12 4 ? 0.3574(15) -0.0317(10) 1.0354(4) 1.0 0.027(3)
C13 4 ? 0.2376(16) -0.0494(9) 0.9924(4) 1.0 0.030(3)
C14 4 ? 0.2989(14) -0.0021(8) 0.9462(4) 1.0 0.023(3)
C15 4 ? 0.7704(13) 0.1620(9) 0.9782(3) 1.0 0.024(3)
C16 4 ? 0.2915(17) -0.0883(10) 1.0851(4) 1.0 0.035(3)
C17 4 ? 0.1739(14) -0.0165(10) 0.8997(4) 1.0 0.030(3)
H1 4 ? 0.9911 0.3465 0.6997 1.0 0.0324
H2 4 ? 0.7918 0.3291 0.7310 1.0 0.0323
H3 4 ? 1.1401 0.2349 0.7731 1.0 0.0311
H4 4 ? 1.1045 0.3803 0.7772 1.0 0.0311
H5 4 ? 0.9899 0.2686 0.8515 1.0 0.0287
H6 4 ? 0.8176 0.3480 0.8262 1.0 0.0287
H7 4 ? 0.8678 0.0913 0.8024 1.0 0.0249
H8 4 ? 0.5526 0.2495 0.7862 1.0 0.0225
H9 4 ? 0.6025 -0.0007 0.7556 1.0 0.0199
H10 4 ? 0.3831 0.0484 0.7654 1.0 0.0199
H11 4 ? 0.4171 0.0864 0.6833 1.0 0.0278
H12 4 ? 0.4719 0.2170 0.7073 1.0 0.0277
H13 4 ? 0.7151 0.1879 0.6468 1.0 0.0298
H14 4 ? 0.7454 0.0467 0.6619 1.0 0.0298
H15 4 ? 0.6060 0.0490 1.0587 1.0 0.0300
H16 4 ? 0.1174 -0.0922 0.9948 1.0 0.0365
H17 4 ? 0.7341 0.2437 0.9669 1.0 0.0292
H18 4 ? 0.8377 0.1681 1.0101 1.0 0.0293
H19 4 ? 0.8576 0.1240 0.9540 1.0 0.0293
H20 4 ? 0.2729 -0.0234 1.1095 1.0 0.0415
H21 4 ? 0.1677 -0.1313 1.0799 1.0 0.0415
H22 4 ? 0.3901 -0.1458 1.0971 1.0 0.0415
H23 4 ? 0.2186 -0.0890 0.8818 1.0 0.0358
H24 4 ? 0.0365 -0.0269 0.9090 1.0 0.0358
H25 4 ? 0.1871 0.0553 0.8784 1.0 0.0358
