benzaldehyde hemicarceplex|?|Ralf Warmuth; Emily F. Maverick; Carolyn B. Knobler; Donald J. Cram|Through-Shell Alkyllithium Additions and Borane Reductions|Journal of Organic Chemistry|2003 68 2077 2088
C163 H152 N2 O29
16.736(13) 20.479(15) 20.138(14) 90.00 99.53(2) 90.00
P21/c
O1 1 ? 0.2008(8) 0.2290(6) 0.0651(6) 1 0.126(5)
C2 1 ? 0.1225(11) 0.2266(9) 0.0773(9) 1 0.107(6)
H2A 1 ? 0.0915 0.2577 0.0470 1 0.129
H2B 1 ? 0.1016 0.1836 0.0636 1 0.129
O3 1 ? 0.1045(8) 0.2378(7) 0.1392(7) 1 0.128(5)
C4 1 ? 0.1123(8) 0.1852(5) 0.1831(5) 1 0.096(6)
C5 1 ? 0.1856(6) 0.1621(5) 0.2185(5) 1 0.077(5)
C6 1 ? 0.1859(5) 0.1132(5) 0.2667(5) 1 0.077(5)
H6 1 ? 0.2348 0.0979 0.2903 1 0.092
C7 1 ? 0.1129(7) 0.0873(5) 0.2796(5) 1 0.077(5)
C8 1 ? 0.0396(5) 0.1104(6) 0.2443(6) 1 0.096(6)
C9 1 ? 0.0393(6) 0.1593(6) 0.1960(6) 1 0.113(7)
O10 1 ? -0.0311(8) 0.1758(6) 0.1525(6) 1 0.112(4)
C11 1 ? -0.0929(17) 0.1999(19) 0.1890(16) 0.50 0.112(13)
H11A 1 ? -0.0741 0.2403 0.2115 0.50 0.135
H11B 1 ? -0.1006 0.1684 0.2233 0.50 0.135
C12 1 ? -0.174(2) 0.212(2) 0.1437(17) 0.50 0.079(13)
H12A 1 ? -0.1988 0.1707 0.1295 0.50 0.095
H12B 1 ? -0.2100 0.2343 0.1701 0.50 0.095
C13 1 ? -0.170(3) 0.253(2) 0.0826(18) 0.50 0.14(2)
H13A 1 ? -0.1148 0.2521 0.0729 0.50 0.169
H13B 1 ? -0.1842 0.2975 0.0903 0.50 0.169
C14 1 ? -0.227(3) 0.2246(12) 0.024(2) 0.50 0.136(16)
H14A 1 ? -0.2827 0.2295 0.0315 0.50 0.163
H14B 1 ? -0.2220 0.2483 -0.0170 0.50 0.163
C11' 1 ? -0.059(2) 0.2410(13) 0.1614(18) 0.50 0.111(13)
H11C 1 ? -0.0195 0.2731 0.1533 0.50 0.133
H11D 1 ? -0.0714 0.2470 0.2065 0.50 0.133
C12' 1 ? -0.1368(18) 0.2464(16) 0.1084(17) 0.50 0.071(11)
H12C 1 ? -0.1610 0.2893 0.1098 0.50 0.085
H12D 1 ? -0.1246 0.2390 0.0635 0.50 0.085
C13' 1 ? -0.194(2) 0.1942(19) 0.1264(18) 0.50 0.095(16)
H13C 1 ? -0.1630 0.1554 0.1420 0.50 0.114
H13D 1 ? -0.2205 0.2098 0.1625 0.50 0.114
C14' 1 ? -0.2560(19) 0.1778(18) 0.0656(14) 0.50 0.097(11)
H14C 1 ? -0.2920 0.1436 0.0761 0.50 0.116
H14D 1 ? -0.2880 0.2160 0.0500 0.50 0.116
O15 1 ? -0.2100(9) 0.1559(7) 0.0151(7) 1 0.134(5)
C16 1 ? 0.2595(11) 0.1898(9) 0.2011(9) 1 0.104(6)
H16 1 ? 0.2466 0.2349 0.1869 1 0.125
C17 1 ? 0.3266(11) 0.1939(9) 0.2665(9) 1 0.115(7)
H17A 1 ? 0.3030 0.2113 0.3037 1 0.138
H17B 1 ? 0.3471 0.1505 0.2789 1 0.138
C18 1 ? 0.3939(13) 0.2365(12) 0.2535(12) 1 0.171(10)
H18A 1 ? 0.3721 0.2769 0.2328 1 0.205
H18B 1 ? 0.4240 0.2150 0.2226 1 0.205
C19 1 ? 0.4519(10) 0.2519(10) 0.3211(7) 1 0.151(9)
C20 1 ? 0.5214(12) 0.2153(7) 0.3440(9) 1 0.214(13)
H20 1 ? 0.5328 0.1783 0.3205 1 0.256
C21 1 ? 0.5737(9) 0.2343(9) 0.4021(10) 1 0.165(9)
H21 1 ? 0.6200 0.2099 0.4173 1 0.197
C22 1 ? 0.5565(10) 0.2898(10) 0.4373(7) 1 0.155(9)
H22 1 ? 0.5913 0.3025 0.4760 1 0.186
C23 1 ? 0.4870(12) 0.3263(7) 0.4145(9) 1 0.215(13)
H23 1 ? 0.4756 0.3634 0.4379 1 0.258
C24 1 ? 0.4347(9) 0.3074(9) 0.3564(10) 1 0.165(9)
H24 1 ? 0.3884 0.3317 0.3412 1 0.198
C25 1 ? 0.1119(10) 0.0334(7) 0.3290(8) 1 0.083(5)
H25 1 ? 0.0598 0.0357 0.3450 1 0.100
C26 1 ? 0.1820(11) 0.0374(8) 0.3946(8) 1 0.096(6)
H26A 1 ? 0.1775 0.0000 0.4234 1 0.115
H26B 1 ? 0.2346 0.0354 0.3805 1 0.115
C27 1 ? 0.1762(12) 0.1011(10) 0.4353(10) 1 0.126(7)
H27A 1 ? 0.2249 0.1056 0.4686 1 0.152
H27B 1 ? 0.1734 0.1381 0.4050 1 0.152
C28 1 ? 0.1031(9) 0.1021(7) 0.4705(8) 1 0.111(6)
C29 1 ? 0.1101(9) 0.0750(7) 0.5348(8) 1 0.171(10)
H29 1 ? 0.1593 0.0576 0.5554 1 0.205
C30 1 ? 0.0433(12) 0.0739(7) 0.5679(6) 1 0.181(11)
H30 1 ? 0.0480 0.0558 0.6108 1 0.217
C31 1 ? -0.0305(9) 0.0999(8) 0.5369(9) 1 0.158(9)
H31 1 ? -0.0751 0.0992 0.5590 1 0.190
C32 1 ? -0.0375(8) 0.1271(8) 0.4727(9) 1 0.207(12)
H32 1 ? -0.0867 0.1444 0.4520 1 0.249
C33 1 ? 0.0293(11) 0.1282(7) 0.4395(6) 1 0.149(9)
H33 1 ? 0.0246 0.1463 0.3967 1 0.179
O34 1 ? -0.0338(8) 0.0852(7) 0.2554(6) 1 0.119(4)
C35 1 ? -0.0571(12) 0.0302(9) 0.2239(10) 1 0.111(7)
H35A 1 ? -0.0314 0.0260 0.1843 1 0.133
H35B 1 ? -0.1153 0.0309 0.2092 1 0.133
O36 1 ? -0.0362(8) -0.0235(6) 0.2665(6) 1 0.112(4)
C37 1 ? 0.0381(5) -0.0538(5) 0.2630(6) 1 0.085(5)
C38 1 ? 0.1136(7) -0.0298(4) 0.2928(5) 1 0.078(5)
C39 1 ? 0.1840(5) -0.0631(5) 0.2846(5) 1 0.073(5)
H39 1 ? 0.2343 -0.0471 0.3045 1 0.088
C40 1 ? 0.1791(6) -0.1203(5) 0.2466(6) 1 0.093(6)
C41 1 ? 0.1036(8) -0.1443(4) 0.2168(5) 1 0.105(6)
C42 1 ? 0.0331(6) -0.1111(6) 0.2249(5) 1 0.079(5)
O43 1 ? -0.0383(8) -0.1316(6) 0.1856(7) 1 0.123(5)
C44 1 ? -0.0950(12) -0.1631(12) 0.2217(11) 1 0.176(10)
H44A 1 ? -0.0968 -0.1391 0.2630 1 0.211
H44B 1 ? -0.0757 -0.2068 0.2340 1 0.211
C45 1 ? -0.1828(11) -0.1677(9) 0.1808(9) 1 0.108(6)
H45A 1 ? -0.2228 -0.1813 0.2078 1 0.130
H45B 1 ? -0.2002 -0.1283 0.1558 1 0.130
C46 1 ? -0.1584(11) -0.2205(9) 0.1385(9) 1 0.111(7)
H46A 1 ? -0.1611 -0.2633 0.1587 1 0.133
H46B 1 ? -0.1051 -0.2134 0.1269 1 0.133
C47 1 ? -0.2287(17) -0.2092(13) 0.0767(14) 1 0.252(15)
H47A 1 ? -0.2307 -0.2458 0.0458 1 0.302
H47B 1 ? -0.2803 -0.2071 0.0926 1 0.302
O48 1 ? -0.2162(8) -0.1489(7) 0.0411(7) 1 0.131(5)
O49 1 ? 0.0968(8) -0.2035(6) 0.1800(7) 1 0.126(5)
C50 1 ? 0.1104(11) -0.2016(9) 0.1170(9) 1 0.106(6)
H50A 1 ? 0.0930 -0.1593 0.0983 1 0.127
H50B 1 ? 0.0765 -0.2343 0.0914 1 0.127
O51 1 ? 0.1863(8) -0.2112(6) 0.1075(6) 1 0.123(5)
C52 1 ? 0.2545(10) -0.1546(9) 0.2347(8) 1 0.097(6)
H52 1 ? 0.2405 -0.2009 0.2282 1 0.116
C53 1 ? 0.3247(11) -0.1509(9) 0.2959(9) 1 0.110(6)
H53A 1 ? 0.3451 -0.1066 0.3013 1 0.132
H53B 1 ? 0.3049 -0.1633 0.3367 1 0.132
C54 1 ? 0.3923(13) -0.1967(10) 0.2842(10) 1 0.136(8)
H54A 1 ? 0.3719 -0.2411 0.2824 1 0.164
H54B 1 ? 0.4070 -0.1869 0.2407 1 0.164
C55 1 ? 0.4678(8) -0.1933(9) 0.3369(7) 1 0.134(8)
C56 1 ? 0.5213(11) -0.1429(7) 0.3286(7) 1 0.158(9)
H56 1 ? 0.5074 -0.1122 0.2945 1 0.189
C57 1 ? 0.5958(10) -0.1384(7) 0.3714(9) 1 0.196(12)
H57 1 ? 0.6314 -0.1047 0.3658 1 0.235
C58 1 ? 0.6167(7) -0.1843(8) 0.4224(7) 1 0.132(8)
H58 1 ? 0.6663 -0.1813 0.4510 1 0.159
C59 1 ? 0.5632(10) -0.2347(7) 0.4308(7) 1 0.143(8)
H59 1 ? 0.5771 -0.2653 0.4648 1 0.171
C60 1 ? 0.4887(9) -0.2392(7) 0.3880(8) 1 0.155(9)
H60 1 ? 0.4531 -0.2729 0.3935 1 0.186
C61 1 ? 0.2387(7) -0.1584(5) 0.1074(7) 1 0.116(7)
C62 1 ? 0.2767(7) -0.1300(6) 0.1674(5) 1 0.082(5)
C63 1 ? 0.3300(6) -0.0779(5) 0.1658(5) 1 0.076(5)
H63 1 ? 0.3553 -0.0590 0.2057 1 0.091
C64 1 ? 0.3453(6) -0.0541(5) 0.1042(6) 1 0.088(5)
C65 1 ? 0.3073(8) -0.0825(6) 0.0442(5) 1 0.103(6)
C66 1 ? 0.2540(8) -0.1346(6) 0.0458(5) 1 0.121(7)
O67 1 ? 0.3226(9) -0.0603(7) -0.0185(7) 1 0.136(5)
C68 1 ? 0.2876(11) -0.0017(9) -0.0447(9) 1 0.093(6)
H68A 1 ? 0.2780 -0.0050 -0.0934 1 0.111
H68B 1 ? 0.2352 0.0026 -0.0305 1 0.111
O69 1 ? 0.3277(8) 0.0504(7) -0.0284(7) 1 0.127(5)
C71 1 ? 0.2628(7) 0.1399(6) 0.0220(4) 1 0.099(6)
C72 1 ? 0.2490(6) 0.1751(5) 0.0784(6) 1 0.102(6)
C73 1 ? 0.2866(7) 0.1562(5) 0.1425(5) 1 0.078(5)
C74 1 ? 0.3381(6) 0.1022(5) 0.1504(4) 1 0.077(5)
H74 1 ? 0.3632 0.0897 0.1931 1 0.093
C75 1 ? 0.3520(6) 0.0671(5) 0.0940(6) 1 0.083(5)
C70 1 ? 0.3143(7) 0.0859(6) 0.0299(5) 1 0.102(6)
C76 1 ? 0.3996(11) 0.0049(8) 0.0993(10) 1 0.100(6)
H76 1 ? 0.4207 0.0004 0.0569 1 0.120
C77 1 ? 0.4763(12) 0.0024(9) 0.1584(10) 1 0.112(7)
H77A 1 ? 0.4597 0.0147 0.2006 1 0.134
H77B 1 ? 0.4970 -0.0419 0.1630 1 0.134
C78 1 ? 0.5420(13) 0.0473(11) 0.1444(11) 1 0.137(8)
H78A 1 ? 0.5214 0.0917 0.1411 1 0.164
H78B 1 ? 0.5568 0.0359 0.1013 1 0.164
C79 1 ? 0.6186(7) 0.0446(8) 0.1992(6) 1 0.110(6)
C80 1 ? 0.6570(9) -0.0138(6) 0.2212(7) 1 0.122(7)
H80 1 ? 0.6365 -0.0533 0.2030 1 0.146
C81 1 ? 0.7263(9) -0.0130(6) 0.2704(7) 1 0.143(8)
H81 1 ? 0.7519 -0.0519 0.2850 1 0.171
C82 1 ? 0.7571(7) 0.0463(9) 0.2976(6) 1 0.142(8)
H82 1 ? 0.8033 0.0469 0.3304 1 0.170
C83 1 ? 0.7187(10) 0.1047(6) 0.2756(8) 1 0.159(9)
H83 1 ? 0.7392 0.1442 0.2938 1 0.190
C84 1 ? 0.6494(9) 0.1039(6) 0.2264(8) 1 0.179(10)
H84 1 ? 0.6238 0.1428 0.2118 1 0.215
C1P 1 ? 0.5116(8) 0.0571(7) 0.4202(7) 1 0.120(7)
C2P 1 ? 0.5839(12) 0.0355(7) 0.4018(6) 1 0.153(9)
H2P 1 ? 0.5835 0.0154 0.3603 1 0.184
C3P 1 ? 0.6569(8) 0.0439(8) 0.4457(10) 1 0.179(10)
H3P 1 ? 0.7051 0.0295 0.4335 1 0.214
C4P 1 ? 0.6576(9) 0.0739(8) 0.5080(9) 1 0.182(11)
H4P 1 ? 0.7062 0.0795 0.5373 1 0.218
C5P 1 ? 0.5853(12) 0.0955(7) 0.5264(6) 1 0.170(10)
H5P 1 ? 0.5857 0.1156 0.5679 1 0.204
C6P 1 ? 0.5123(9) 0.0871(7) 0.4824(8) 1 0.138(8)
H6P 1 ? 0.4640 0.1015 0.4947 1 0.165
N7P 1 ? 0.4231(16) 0.0481(12) 0.3697(14) 1 0.177(9)
O8P 1 ? 0.3770(15) 0.0762(12) 0.3933(12) 1 0.236(10)
O9P 1 ? 0.4444(15) 0.0228(12) 0.3238(14) 1 0.243(11)
C1G 1 ? 0.032(2) -0.0037(18) 0.0430(18) 0.25 0.133(11)
C2G 1 ? -0.030(3) -0.048(2) 0.045(3) 0.25 0.133(11)
H2G 1 ? -0.0328 -0.0718 0.0842 0.25 0.159
C3G 1 ? -0.089(3) -0.058(3) -0.012(3) 0.25 0.133(11)
H3G 1 ? -0.1309 -0.0877 -0.0102 0.25 0.159
C4G 1 ? -0.086(3) -0.023(3) -0.070(3) 0.25 0.133(11)
H4G 1 ? -0.1252 -0.0291 -0.1079 0.25 0.159
C5G 1 ? -0.024(3) 0.022(3) -0.072(2) 0.25 0.133(11)
H5G 1 ? -0.0214 0.0453 -0.1113 0.25 0.159
C6G 1 ? 0.035(2) 0.031(2) -0.0156(18) 0.25 0.133(11)
H6G 1 ? 0.0767 0.0611 -0.0169 0.25 0.159
O8G 1 ? 0.153(3) 0.041(2) 0.103(2) 0.25 0.133(11)
C7G 1 ? 0.095(3) 0.006(2) 0.1042(17) 0.25 0.133(11)
H7G 1 ? 0.0901 -0.0149 0.1442 0.25 0.159
C1G' 1 ? 0.051(3) -0.015(2) 0.033(2) 0.25 0.174(16)
C2G' 1 ? 0.039(4) -0.057(3) -0.021(3) 0.25 0.174(16)
H2G' 1 ? 0.0786 -0.0883 -0.0264 0.25 0.209
C3G' 1 ? -0.032(5) -0.054(4) -0.068(3) 0.25 0.174(16)
H3G' 1 ? -0.0396 -0.0825 -0.1047 0.25 0.209
C4G' 1 ? -0.090(4) -0.008(4) -0.061(3) 0.25 0.174(16)
H4G' 1 ? -0.1377 -0.0055 -0.0921 0.25 0.209
C5G' 1 ? -0.078(3) 0.035(4) -0.006(3) 0.25 0.174(16)
H5G' 1 ? -0.1176 0.0655 -0.0011 0.25 0.209
C6G' 1 ? -0.007(3) 0.031(3) 0.041(3) 0.25 0.174(16)
H6G' 1 ? 0.0006 0.0597 0.0772 0.25 0.209
O8G' 1 ? 0.137(3) 0.013(3) 0.135(3) 0.25 0.174(16)
C7G' 1 ? 0.128(3) -0.019(3) 0.084(3) 0.25 0.174(16)
H7G' 1 ? 0.1695 -0.0463 0.0758 0.25 0.209
