?|?|Xuemei Chen; David F. Wiemer|Synthesis of 5'-Amino-5'-phosphonate Analogues of Pyrimidine Nucleoside Monophosphates|Journal of Organic Chemistry|2003 68 6108 6114
C39 H67 N4 O11 P Si2
12.2964(12) 18.7203(18) 20.581(2) 90.00 90.00 90.00
P212121
N1 1 ? 0.4712(4) 0.3388(2) 0.7514(2) 1 0.0405(11)
C2 1 ? 0.4053(5) 0.4007(3) 0.7537(3) 1 0.0394(13)
O2 1 ? 0.3501(3) 0.41134(18) 0.80292(18) 1 0.0465(10)
N3 1 ? 0.4058(4) 0.4447(2) 0.7018(2) 1 0.0430(12)
C4 1 ? 0.4664(5) 0.4290(3) 0.6501(3) 1 0.0416(14)
C5 1 ? 0.5320(5) 0.3675(3) 0.6466(3) 1 0.0442(15)
H5 1 ? 0.5741 0.3573 0.6091 1 0.053
C6 1 ? 0.5329(5) 0.3245(3) 0.6978(3) 1 0.0464(15)
H6 1 ? 0.5772 0.2829 0.6972 1 0.056
N4 1 ? 0.4538(4) 0.4777(2) 0.5994(2) 1 0.0471(13)
H4 1 ? 0.4029 0.5103 0.6042 1 0.057
C7 1 ? 0.5133(6) 0.4802(4) 0.5419(3) 1 0.0609(19)
O7 1 ? 0.5877(5) 0.4420(3) 0.5300(2) 1 0.0917(18)
C8 1 ? 0.4723(6) 0.5378(3) 0.4963(3) 1 0.0686(19)
H8A 1 ? 0.4528 0.5804 0.5215 1 0.103
H8B 1 ? 0.4081 0.5203 0.4730 1 0.103
H8C 1 ? 0.5294 0.5499 0.4650 1 0.103
O1' 1 ? 0.5621(3) 0.24833(18) 0.80897(17) 1 0.0400(9)
C1' 1 ? 0.4684(5) 0.2918(3) 0.8091(3) 1 0.0391(14)
H1' 1 ? 0.4677 0.3217 0.8493 1 0.047
C2' 1 ? 0.3689(4) 0.2426(3) 0.8089(2) 1 0.0362(13)
H2' 1 ? 0.3082 0.2627 0.7822 1 0.043
C3' 1 ? 0.4189(5) 0.1760(3) 0.7774(3) 1 0.0410(15)
H3' 1 ? 0.4279 0.1844 0.7298 1 0.049
C4' 1 ? 0.5288(4) 0.1743(3) 0.8094(3) 1 0.0379(14)
H4' 1 ? 0.5203 0.1581 0.8554 1 0.046
C5' 1 ? 0.6126(4) 0.1279(3) 0.7761(3) 1 0.0389(14)
H5' 1 ? 0.5805 0.0789 0.7743 1 0.047
P5' 1 ? 0.73695(13) 0.11992(7) 0.82424(7) 1 0.0425(4)
O1" 1 ? 0.7121(3) 0.08796(18) 0.88756(17) 1 0.0467(10)
O2" 1 ? 0.7913(3) 0.19440(19) 0.83210(18) 1 0.0543(11)
C1" 1 ? 0.8386(6) 0.2330(3) 0.7785(3) 1 0.067(2)
H1"1 1 ? 0.7958 0.2239 0.7386 1 0.081
H1"2 1 ? 0.9137 0.2159 0.7709 1 0.081
C2" 1 ? 0.8402(7) 0.3113(3) 0.7924(4) 1 0.095(3)
H2"1 1 ? 0.8728 0.3367 0.7556 1 0.143
H2"2 1 ? 0.8832 0.3202 0.8316 1 0.143
H2"3 1 ? 0.7656 0.3283 0.7990 1 0.143
O3" 1 ? 0.8159(3) 0.0765(2) 0.77945(18) 1 0.0531(11)
C3" 1 ? 0.8736(6) 0.0136(4) 0.8000(4) 1 0.080(2)
H3"1 1 ? 0.8255 -0.0161 0.8275 1 0.096
H3"2 1 ? 0.9374 0.0278 0.8264 1 0.096
C4" 1 ? 0.9096(6) -0.0276(4) 0.7444(5) 1 0.099(3)
H4"1 1 ? 0.9526 -0.0685 0.7594 1 0.149
H4"2 1 ? 0.9543 0.0026 0.7162 1 0.149
H4"3 1 ? 0.8461 -0.0448 0.7202 1 0.149
N5' 1 ? 0.6302(4) 0.1496(2) 0.7079(2) 1 0.0411(12)
C6' 1 ? 0.6471(5) 0.0978(3) 0.6689(3) 1 0.0438(15)
H6' 1 ? 0.6475 0.0506 0.6859 1 0.053
C7' 1 ? 0.6661(5) 0.1076(3) 0.5991(3) 1 0.0441(15)
C8' 1 ? 0.6662(5) 0.1736(3) 0.5700(3) 1 0.0542(17)
H8' 1 ? 0.6543 0.2151 0.5956 1 0.065
C9' 1 ? 0.6837(6) 0.1803(3) 0.5022(3) 1 0.0582(18)
H9' 1 ? 0.6825 0.2259 0.4818 1 0.070
C10' 1 ? 0.7025(5) 0.1198(3) 0.4669(3) 1 0.0585(18)
C11' 1 ? 0.7006(6) 0.0535(3) 0.4946(3) 1 0.0619(19)
H11' 1 ? 0.7120 0.0121 0.4688 1 0.074
C12' 1 ? 0.6819(5) 0.0473(3) 0.5614(3) 1 0.0544(17)
H12' 1 ? 0.6799 0.0014 0.5810 1 0.065
O13' 1 ? 0.7221(4) 0.1202(2) 0.40040(19) 1 0.0764(15)
C13' 1 ? 0.7297(8) 0.1884(3) 0.3695(3) 1 0.097(3)
H13A 1 ? 0.7450 0.1818 0.3231 1 0.145
H13B 1 ? 0.7886 0.2161 0.3894 1 0.145
H13C 1 ? 0.6608 0.2141 0.3746 1 0.145
O2' 1 ? 0.3345(3) 0.22557(18) 0.87281(16) 1 0.0454(10)
Si2' 1 ? 0.25034(16) 0.27068(8) 0.92114(7) 1 0.0488(4)
C5" 1 ? 0.3246(6) 0.3425(3) 0.9633(3) 1 0.068(2)
H5"1 1 ? 0.2756 0.3666 0.9938 1 0.101
H5"2 1 ? 0.3515 0.3771 0.9314 1 0.101
H5"3 1 ? 0.3861 0.3221 0.9872 1 0.101
C6" 1 ? 0.1376(6) 0.3100(4) 0.8726(3) 1 0.074(2)
H6"1 1 ? 0.0895 0.3374 0.9012 1 0.110
H6"2 1 ? 0.0962 0.2717 0.8516 1 0.110
H6"3 1 ? 0.1678 0.3417 0.8392 1 0.110
C9" 1 ? 0.113(3) 0.1517(16) 0.9369(17) 0.50 0.093(10)
H9"1 1 ? 0.1564 0.1291 0.9026 0.50 0.140
H9"2 1 ? 0.0528 0.1781 0.9173 0.50 0.140
H9"3 1 ? 0.0845 0.1149 0.9661 0.50 0.140
C7" 1 ? 0.184(3) 0.2027(13) 0.9750(12) 0.50 0.058(5)
C8" 1 ? 0.118(4) 0.238(3) 1.030(2) 0.50 0.077(4)
H8"1 1 ? 0.1651 0.2710 1.0542 0.50 0.115
H8"2 1 ? 0.0908 0.2011 1.0594 0.50 0.115
H8"3 1 ? 0.0570 0.2644 1.0113 0.50 0.115
C10" 1 ? 0.277(2) 0.158(3) 1.006(2) 0.50 0.127(15)
H10A 1 ? 0.3247 0.1892 1.0312 0.50 0.190
H10B 1 ? 0.3186 0.1341 0.9718 0.50 0.190
H10C 1 ? 0.2450 0.1217 1.0350 0.50 0.190
C9* 1 ? 0.165(3) 0.1341(17) 0.9521(18) 0.50 0.103(11)
H9*1 1 ? 0.2169 0.1142 0.9205 0.50 0.154
H9*2 1 ? 0.0972 0.1462 0.9301 0.50 0.154
H9*3 1 ? 0.1511 0.0987 0.9862 0.50 0.154
C7* 1 ? 0.213(2) 0.2008(13) 0.9823(12) 0.50 0.058(5)
C8* 1 ? 0.133(4) 0.233(3) 1.031(2) 0.50 0.077(4)
H8*1 1 ? 0.1650 0.2763 1.0508 0.50 0.115
H8*2 1 ? 0.1176 0.1984 1.0658 0.50 0.115
H8*3 1 ? 0.0653 0.2459 1.0092 0.50 0.115
C10* 1 ? 0.318(3) 0.178(2) 1.019(2) 0.50 0.098(8)
H10D 1 ? 0.3508 0.2202 1.0399 0.50 0.147
H10E 1 ? 0.3699 0.1570 0.9888 0.50 0.147
H10F 1 ? 0.2992 0.1430 1.0529 0.50 0.147
O3' 1 ? 0.3646(3) 0.11100(18) 0.78749(18) 1 0.0450(10)
Si3' 1 ? 0.25768(15) 0.07620(8) 0.74962(8) 1 0.0486(4)
C11" 1 ? 0.2218(6) -0.0007(3) 0.8012(3) 1 0.073(2)
H11A 1 ? 0.1595 -0.0259 0.7823 1 0.110
H11B 1 ? 0.2029 0.0161 0.8449 1 0.110
H11C 1 ? 0.2840 -0.0333 0.8040 1 0.110
C12" 1 ? 0.1450(5) 0.1433(3) 0.7463(4) 1 0.0659(19)
H12A 1 ? 0.0815 0.1220 0.7250 1 0.099
H12B 1 ? 0.1690 0.1852 0.7217 1 0.099
H12C 1 ? 0.1255 0.1578 0.7906 1 0.099
C13" 1 ? 0.2940(5) 0.0450(3) 0.6656(3) 1 0.0621(19)
C14" 1 ? 0.3836(6) -0.0111(4) 0.6680(4) 1 0.078(2)
H14A 1 ? 0.4485 0.0094 0.6884 1 0.118
H14B 1 ? 0.4012 -0.0265 0.6237 1 0.118
H14C 1 ? 0.3587 -0.0522 0.6934 1 0.118
C15" 1 ? 0.1911(6) 0.0108(4) 0.6325(3) 1 0.075(2)
H15A 1 ? 0.2083 -0.0017 0.5874 1 0.112
H15B 1 ? 0.1310 0.0452 0.6332 1 0.112
H15C 1 ? 0.1699 -0.0324 0.6563 1 0.112
C16" 1 ? 0.3303(7) 0.1087(4) 0.6218(3) 1 0.085(2)
H16A 1 ? 0.2758 0.1468 0.6240 1 0.127
H16B 1 ? 0.3375 0.0923 0.5768 1 0.127
H16C 1 ? 0.4005 0.1270 0.6370 1 0.127
C21 1 ? 0.0342(18) 0.6832(8) 0.9459(10) 0.60 0.133(7)
H21A 1 ? 0.0552 0.6835 0.9918 0.60 0.199
H21B 1 ? 0.0729 0.6448 0.9233 0.60 0.199
H21C 1 ? -0.0444 0.6754 0.9423 0.60 0.199
C22 1 ? 0.0642(12) 0.7562(7) 0.9145(6) 0.60 0.088(4)
O21 1 ? 0.0490(11) 0.7742(6) 0.8575(6) 0.60 0.144(4)
O22 1 ? 0.1206(8) 0.7962(5) 0.9559(5) 0.60 0.102(3)
C23 1 ? 0.1615(13) 0.8627(6) 0.9402(9) 0.60 0.098(5)
H23A 1 ? 0.1916 0.8610 0.8956 0.60 0.118
H23B 1 ? 0.2219 0.8743 0.9702 0.60 0.118
C24 1 ? 0.0774(19) 0.9214(8) 0.9437(16) 0.60 0.110(4)
H24A 1 ? 0.1115 0.9672 0.9328 0.60 0.164
H24B 1 ? 0.0476 0.9237 0.9878 0.60 0.164
H24C 1 ? 0.0187 0.9114 0.9128 0.60 0.164
C29 1 ? 0.036(3) 0.6717(14) 0.9137(16) 0.30 0.123(14)
H30A 1 ? 0.0478 0.6751 0.8667 0.30 0.184
H30B 1 ? -0.0422 0.6654 0.9222 0.30 0.184
H30C 1 ? 0.0758 0.6306 0.9310 0.30 0.184
C28 1 ? 0.076(3) 0.7417(14) 0.9474(11) 0.30 0.126(13)
O28 1 ? 0.080(2) 0.7523(14) 1.0067(10) 0.30 0.148(9)
O27 1 ? 0.117(2) 0.7860(12) 0.9040(10) 0.30 0.149(10)
C26 1 ? 0.160(2) 0.8524(12) 0.9175(17) 0.30 0.098(5)
H26A 1 ? 0.1988 0.8701 0.8785 0.30 0.118
H26B 1 ? 0.2142 0.8475 0.9529 0.30 0.118
C25 1 ? 0.077(4) 0.9067(15) 0.937(3) 0.30 0.110(4)
H25A 1 ? 0.1126 0.9524 0.9460 0.30 0.164
H25B 1 ? 0.0393 0.8903 0.9766 0.30 0.164
H25C 1 ? 0.0237 0.9128 0.9022 0.30 0.164
C31 1 ? 0.064(10) 0.623(4) 0.891(5) 0.10 0.14(4)
H31A 1 ? 0.0936 0.6115 0.8477 0.10 0.215
H31B 1 ? -0.0095 0.6024 0.8945 0.10 0.215
H31C 1 ? 0.1108 0.6019 0.9243 0.10 0.215
C32 1 ? 0.058(12) 0.704(3) 0.900(4) 0.10 0.143
H32A 1 ? 0.0060 0.7249 0.8684 0.10 0.172
H32B 1 ? 0.1308 0.7254 0.8911 0.10 0.172
C33 1 ? 0.023(11) 0.722(3) 0.970(4) 0.10 0.143
H33A 1 ? -0.0531 0.7052 0.9767 0.10 0.172
H33B 1 ? 0.0701 0.6965 1.0010 0.10 0.172
C34 1 ? 0.029(10) 0.803(4) 0.981(4) 0.10 0.143
H34A 1 ? 0.0868 0.8133 1.0136 0.10 0.172
H34B 1 ? -0.0406 0.8206 0.9984 0.10 0.172
C35 1 ? 0.056(8) 0.841(3) 0.917(4) 0.10 0.143
H35A 1 ? 0.0794 0.8057 0.8838 0.10 0.172
H35B 1 ? -0.0097 0.8657 0.9002 0.10 0.172
C36 1 ? 0.147(10) 0.896(6) 0.928(6) 0.10 0.143
H36A 1 ? 0.1499 0.9296 0.8914 0.10 0.215
H36B 1 ? 0.2174 0.8712 0.9315 0.10 0.215
H36C 1 ? 0.1333 0.9224 0.9683 0.10 0.215
