?|?|Henry J. Shine; Bingjun Zhao; Ding-Quan Qian; John N. Marx; Ilse Y. Guzmán-Jiménez; John H. Thurston; T. Ould-Ely; Kenton H. Whitmire|Adducts of Phenoxathiin and Thianthrene Cation Radicals with Alkenes and Cycloalkenes|Journal of Organic Chemistry|2003 68 8910 8917
C32 H26 Cl2 N O10 S2
9.0344(18) 16.368(3) 21.868(4) 90.00 100.84(3) 90.00
P21/c
S1 1 ? 0.31251(13) 0.14623(7) 0.26050(5) 1 0.0389(4)
S2 1 ? 0.10960(13) 0.13239(7) 0.42602(5) 1 0.0389(4)
Cl1 1 ? 0.71654(15) 0.15612(8) 0.46930(6) 1 0.0540(4)
Cl2 1 ? 0.70544(16) 0.13822(10) 0.21560(7) 1 0.0649(5)
O1 1 ? 0.1228(4) 0.29617(19) 0.22082(15) 1 0.0491(9)
O2 1 ? 0.3011(4) 0.2737(2) 0.48548(16) 1 0.0584(10)
O11 1 ? 0.8584(4) 0.1304(2) 0.50326(18) 1 0.0713(11)
O12 1 ? 0.7026(6) 0.1233(3) 0.40766(18) 1 0.0968(16)
O13 1 ? 0.7129(6) 0.2414(3) 0.4635(2) 1 0.1168(19)
O14 1 ? 0.6023(5) 0.1226(4) 0.4957(3) 1 0.1218(19)
O21 1 ? 0.5589(5) 0.1487(3) 0.1836(2) 1 0.1062(17)
O22 1 ? 0.7856(5) 0.0883(3) 0.1791(2) 1 0.0984(16)
O23 1 ? 0.7023(7) 0.1001(4) 0.2735(2) 1 0.129(2)
O24 1 ? 0.7781(9) 0.2111(4) 0.2262(4) 1 0.185(3)
C1 1 ? 0.1965(5) 0.1633(3) 0.1878(2) 1 0.0396(11)
C2 1 ? 0.1891(6) 0.1052(3) 0.1410(2) 1 0.0473(13)
H2A 1 ? 0.2486 0.0585 0.1473 1 0.057
C3 1 ? 0.0933(6) 0.1177(3) 0.0856(2) 1 0.0551(14)
H3A 1 ? 0.0867 0.0790 0.0541 1 0.066
C4 1 ? 0.0061(6) 0.1875(3) 0.0762(2) 1 0.0550(14)
H4A 1 ? -0.0611 0.1945 0.0388 1 0.066
C5 1 ? 0.0174(5) 0.2470(3) 0.1216(2) 1 0.0482(13)
H5A 1 ? -0.0393 0.2946 0.1145 1 0.058
C6 1 ? 0.1135(5) 0.2347(3) 0.1775(2) 1 0.0410(12)
C7 1 ? 0.2573(5) 0.3101(3) 0.2605(2) 1 0.0433(12)
C8 1 ? 0.2923(6) 0.3886(3) 0.2798(2) 1 0.0540(14)
H8A 1 ? 0.2263 0.4310 0.2655 1 0.065
C9 1 ? 0.4246(7) 0.4045(4) 0.3199(3) 1 0.0625(16)
H9A 1 ? 0.4473 0.4579 0.3330 1 0.075
C10 1 ? 0.5245(7) 0.3429(4) 0.3412(3) 1 0.0663(16)
H10A 1 ? 0.6137 0.3546 0.3687 1 0.080
C11 1 ? 0.4923(6) 0.2642(3) 0.3219(2) 1 0.0509(13)
H11A 1 ? 0.5603 0.2224 0.3355 1 0.061
C12 1 ? 0.3586(5) 0.2474(3) 0.2822(2) 1 0.0404(12)
C13 1 ? 0.0765(5) 0.2365(3) 0.4126(2) 1 0.0422(12)
C14 1 ? -0.0475(6) 0.2603(4) 0.3688(2) 1 0.0579(15)
H14A 1 ? -0.1190 0.2225 0.3505 1 0.069
C15 1 ? -0.0616(8) 0.3429(4) 0.3530(3) 1 0.077(2)
H15A 1 ? -0.1424 0.3603 0.3229 1 0.092
C16 1 ? 0.0422(10) 0.3984(4) 0.3813(3) 1 0.085(2)
H16A 1 ? 0.0308 0.4533 0.3704 1 0.102
C17 1 ? 0.1642(8) 0.3743(3) 0.4260(3) 1 0.0694(17)
H17A 1 ? 0.2342 0.4123 0.4453 1 0.083
C18 1 ? 0.1790(6) 0.2929(3) 0.4411(2) 1 0.0486(13)
C19 1 ? 0.2964(6) 0.2054(3) 0.5219(2) 1 0.0451(12)
C20 1 ? 0.3808(6) 0.2082(3) 0.5817(2) 1 0.0543(14)
H20A 1 ? 0.4387 0.2539 0.5956 1 0.065
C21 1 ? 0.3776(6) 0.1429(4) 0.6198(3) 1 0.0600(16)
H21A 1 ? 0.4336 0.1447 0.6601 1 0.072
C22 1 ? 0.2938(6) 0.0742(4) 0.6005(2) 1 0.0574(15)
H22A 1 ? 0.2929 0.0304 0.6276 1 0.069
C23 1 ? 0.2115(6) 0.0711(3) 0.5410(2) 1 0.0503(13)
H23A 1 ? 0.1539 0.0252 0.5272 1 0.060
C24 1 ? 0.2155(5) 0.1368(3) 0.5018(2) 1 0.0390(11)
C25 1 ? 0.1702(5) 0.1219(3) 0.3096(2) 1 0.0371(11)
H25A 1 ? 0.0982 0.1672 0.3068 1 0.045
C26 1 ? 0.2551(5) 0.1150(3) 0.3771(2) 1 0.0359(11)
H26A 1 ? 0.3305 0.1586 0.3852 1 0.043
C27 1 ? 0.3324(5) 0.0336(3) 0.3927(2) 1 0.0419(12)
H27A 1 ? 0.4233 0.0322 0.3751 1 0.050
H27B 1 ? 0.3624 0.0293 0.4375 1 0.050
C28 1 ? 0.2372(6) -0.0393(3) 0.3693(2) 1 0.0513(13)
H28A 1 ? 0.1536 -0.0432 0.3912 1 0.062
H28B 1 ? 0.2971 -0.0886 0.3778 1 0.062
C29 1 ? 0.1768(6) -0.0331(3) 0.3000(2) 1 0.0569(14)
H29A 1 ? 0.2599 -0.0325 0.2777 1 0.068
H29B 1 ? 0.1142 -0.0802 0.2862 1 0.068
C30 1 ? 0.0850(6) 0.0442(3) 0.2862(2) 1 0.0503(13)
H30A 1 ? -0.0037 0.0400 0.3050 1 0.060
H30B 1 ? 0.0511 0.0486 0.2415 1 0.060
C100 1 ? -0.3299(8) 0.0691(4) -0.0053(3) 1 0.079(2)
C101 1 ? -0.3945(8) 0.1122(4) 0.0396(3) 1 0.088(2)
N100 1 ? -0.2814(10) 0.0346(4) -0.0418(4) 1 0.143(3)
