|?|Bryson W. Katona; Nigam P. Rath; Shrikant Anant; William F. Stenson; Douglas F. Covey|Enantiomeric Deoxycholic Acid: Total Synthesis, Characterization, and Preliminary Toxicity toward Colon Cancer Cell Lines|Journal of Organic Chemistry|2007 72 9298 9307
C21 H30 O4
8.3073(4) 10.3617(5) 20.5313(9) 90.00 90.00 90.00
P212121
O3 1 ? 0.76793(13) 0.35418(10) -0.00609(5) 1 0.0182(2)
O12 1 ? 0.71389(12) 0.16708(9) 0.08570(5) 1 0.0170(2)
O12' 1 ? 0.58532(13) 0.14940(10) 0.18391(5) 1 0.0209(2)
O17 1 ? 0.94304(13) 0.02668(11) 0.18458(6) 1 0.0286(3)
C1 1 ? 0.44641(18) 0.56434(15) 0.05992(8) 1 0.0190(3)
C2 1 ? 0.50340(19) 0.45954(15) 0.01173(8) 1 0.0194(3)
C3 1 ? 0.68539(16) 0.45631(13) 0.02511(6) 1 0.0142(3)
C4 1 ? 0.74700(17) 0.58816(13) 0.00043(7) 1 0.0155(3)
C5 1 ? 0.71168(18) 0.67955(13) 0.05814(7) 1 0.0153(3)
C6 1 ? 0.86894(19) 0.71250(14) 0.09335(8) 1 0.0197(3)
C7 1 ? 0.96497(18) 0.58998(15) 0.10726(8) 1 0.0182(3)
C8 1 ? 0.85878(17) 0.48320(14) 0.13563(7) 1 0.0143(3)
C9 1 ? 0.69193(16) 0.46740(13) 0.10188(6) 1 0.0123(3)
C10 1 ? 0.59770(17) 0.59743(14) 0.10114(7) 1 0.0161(3)
C11 1 ? 0.60012(17) 0.35917(14) 0.13812(7) 1 0.0147(3)
C12 1 ? 0.68860(17) 0.23061(13) 0.14700(7) 1 0.0151(3)
C13 1 ? 0.85279(17) 0.25213(13) 0.17847(7) 1 0.0143(3)
C14 1 ? 0.94414(16) 0.35325(14) 0.13779(7) 1 0.0139(3)
C15 1 ? 1.11780(18) 0.34310(16) 0.16313(8) 1 0.0195(3)
C16 1 ? 1.14032(18) 0.19633(15) 0.16805(8) 1 0.0204(3)
C17 1 ? 0.97270(18) 0.14025(15) 0.17772(7) 1 0.0181(3)
C18 1 ? 0.8340(2) 0.28732(16) 0.25096(7) 1 0.0200(3)
C19 1 ? 0.5519(2) 0.65729(16) 0.16581(8) 1 0.0232(3)
C1' 1 ? 0.5740(2) 0.02765(16) 0.15204(9) 1 0.0289(4)
C2' 1 ? 0.6066(2) 0.05908(16) 0.08208(9) 1 0.0277(4)
H1A 1 ? 0.361(2) 0.5334(16) 0.0897(8) 1 0.020(4)
H1B 1 ? 0.404(2) 0.6373(16) 0.0389(8) 1 0.016(4)
H2A 1 ? 0.454(2) 0.3777(17) 0.0194(8) 1 0.020(4)
H2B 1 ? 0.483(2) 0.4848(16) -0.0341(8) 1 0.018(4)
H3 1 ? 0.740(2) 0.2870(18) 0.0143(9) 1 0.025(5)
H4A 1 ? 0.861(2) 0.5853(15) -0.0084(7) 1 0.014(4)
H4B 1 ? 0.686(2) 0.6106(15) -0.0403(8) 1 0.015(4)
H5 1 ? 0.660(2) 0.7592(16) 0.0440(8) 1 0.017(4)
H6A 1 ? 0.932(3) 0.771(2) 0.0669(10) 1 0.035(5)
H6B 1 ? 0.849(2) 0.7585(17) 0.1364(9) 1 0.027(5)
H7A 1 ? 1.055(2) 0.6052(16) 0.1383(8) 1 0.020(4)
H7B 1 ? 1.017(2) 0.5567(17) 0.0668(9) 1 0.022(4)
H8 1 ? 0.8351(18) 0.5084(14) 0.1814(8) 1 0.012(4)
H11A 1 ? 0.501(2) 0.3404(17) 0.1178(8) 1 0.021(4)
H11B 1 ? 0.577(2) 0.3909(16) 0.1816(8) 1 0.017(4)
H14 1 ? 0.9465(18) 0.3237(15) 0.0932(7) 1 0.009(4)
H15A 1 ? 1.187(2) 0.3775(17) 0.1321(9) 1 0.030(5)
H15B 1 ? 1.131(2) 0.3857(15) 0.2054(8) 1 0.020(4)
H16A 1 ? 1.205(2) 0.1672(16) 0.2019(9) 1 0.024(4)
H16B 1 ? 1.185(2) 0.1643(19) 0.1278(10) 1 0.033(5)
H18A 1 ? 0.780(2) 0.2153(17) 0.2742(9) 1 0.026(4)
H18B 1 ? 0.766(2) 0.3687(17) 0.2577(9) 1 0.031(5)
H18C 1 ? 0.930(2) 0.3067(17) 0.2723(9) 1 0.026(5)
H19A 1 ? 0.644(2) 0.6828(18) 0.1945(9) 1 0.034(5)
H19B 1 ? 0.478(2) 0.5974(18) 0.1901(9) 1 0.027(4)
H19C 1 ? 0.488(2) 0.7367(19) 0.1585(9) 1 0.031(5)
H1'A 1 ? 0.471(3) -0.0108(19) 0.1564(9) 1 0.036(5)
H1'B 1 ? 0.655(2) -0.0343(17) 0.1714(8) 1 0.024(4)
H2'A 1 ? 0.664(2) -0.006(2) 0.0604(9) 1 0.037(5)
H2'B 1 ? 0.508(3) 0.089(2) 0.0581(10) 1 0.040(5)
