||Saadi, Pierre-Loïc; Guyonnet, Mathieu; Jeanneau, Erwann; Fleurat-Lessard, Paul; Hasserodt, Jens|||
C9 H9 F9 O3
7.6113(3) 9.9494(3) 16.4236(5) 90 102.074(2) 90
P121/n1
C1 ? ? 0.3037(2) 0.38342(16) 0.58884(10) 1.0000 0.0343
C2 ? ? 0.33586(19) 0.51312(14) 0.64039(9) 1.0000 0.0268
C3 ? ? 0.2733(2) 0.63405(15) 0.58524(9) 1.0000 0.0300
C4 ? ? 0.3266(2) 0.76270(15) 0.63454(9) 1.0000 0.0293
C5 ? ? 0.2834(3) 0.88470(18) 0.57682(12) 1.0000 0.0467
C6 ? ? 0.52239(19) 0.76703(14) 0.66958(10) 1.0000 0.0296
C7 ? ? 0.6134(2) 0.64098(17) 0.70791(11) 1.0000 0.0354
C8 ? ? 0.6253(2) 0.6427(2) 0.80308(11) 1.0000 0.0410
C9 ? ? 0.8032(3) 0.6360(4) 0.69277(17) 1.0000 0.0777
F7 ? ? 0.46899(14) 0.64725(12) 0.82539(6) 1.0000 0.0422
F9 ? ? 0.7080(2) 0.53265(18) 0.83844(9) 1.0000 0.0755
F8 ? ? 0.7189(2) 0.74873(17) 0.83764(9) 1.0000 0.0715
O1 ? ? 0.52596(16) 0.51589(12) 0.67401(8) 1.0000 0.0391
O2 ? ? 0.23299(15) 0.50281(12) 0.70153(7) 1.0000 0.0338
O3 ? ? 0.22310(16) 0.77695(13) 0.69591(7) 1.0000 0.0376
F5 ? ? 0.3252(2) 0.99930(11) 0.61885(8) 1.0000 0.0590
F4 ? ? 0.1093(2) 0.88886(14) 0.54252(10) 1.0000 0.0696
F6 ? ? 0.3728(3) 0.88183(13) 0.51551(9) 1.0000 0.0698
F1 ? ? 0.35605(15) 0.27551(9) 0.63586(7) 1.0000 0.0419
F2 ? ? 0.13137(16) 0.36809(11) 0.55409(7) 1.0000 0.0493
F3 ? ? 0.39520(19) 0.38370(11) 0.52751(7) 1.0000 0.0518
H31 ? ? 0.1450 0.6257 0.5678 1.0000 0.0356
H32 ? ? 0.3303 0.6289 0.5385 1.0000 0.0352
H61 ? ? 0.5378 0.8336 0.7078 1.0000 0.0384
H62 ? ? 0.5761 0.7900 0.6235 1.0000 0.0388
H91 ? ? 0.8598 0.5550 0.7159 1.0000 0.1167
H92 ? ? 0.8728 0.7096 0.7193 1.0000 0.1151
H93 ? ? 0.8006 0.6355 0.6330 1.0000 0.1152
H3 ? ? 0.2320 0.7090 0.7234 1.0000 0.0597
H2 ? ? 0.2728 0.4531 0.7375 1.0000 0.0540
