|?||||
C31 H34 N Ni O4 P
9.9387(3) 11.9818(3) 14.1601(5) 113.074(1) 90.262(1) 112.983(1)
P-1
Ni 1 ? 0.72560(7) 0.60943(6) 0.28572(5) 1 0.01747(17)
P 1 ? 0.71225(14) 0.41251(12) 0.23813(10) 1 0.0191(3)
O1 1 ? 0.7083(4) 0.7741(3) 0.3316(3) 1 0.0231(7)
O2 1 ? 0.5464(4) 0.8631(3) 0.3410(3) 1 0.0254(8)
O3 1 ? 0.7873(4) 0.4588(4) 0.0562(3) 1 0.0323(9)
N 1 ? 0.9362(5) 0.7150(4) 0.3482(3) 1 0.0225(9)
C1 1 ? 0.5198(5) 0.5274(5) 0.2169(4) 1 0.0208(10)
H1A 1 ? 0.5134 0.5179 0.1442 1 0.025
H1B 1 ? 0.4662 0.4377 0.2159 1 0.025
C2 1 ? 0.4549(5) 0.6223(5) 0.2814(4) 1 0.0201(10)
H2A 1 ? 0.3677 0.6106 0.2381 1 0.024
H2B 1 ? 0.4220 0.6028 0.3413 1 0.024
C3 1 ? 0.5746(5) 0.7652(5) 0.3204(4) 1 0.0193(10)
C4 1 ? 1.0440(6) 0.7074(5) 0.2925(4) 1 0.0244(11)
H4A 1 ? 1.0160 0.6445 0.2212 1 0.029
C5 1 ? 1.1940(6) 0.7869(5) 0.3341(5) 1 0.0290(12)
H5A 1 ? 1.2669 0.7789 0.2919 1 0.035
C6 1 ? 1.2356(6) 0.8777(5) 0.4375(5) 1 0.0295(12)
H6A 1 ? 1.3378 0.9318 0.4683 1 0.035
C7 1 ? 1.1264(6) 0.8895(6) 0.4964(4) 1 0.0328(12)
H7A 1 ? 1.1522 0.9523 0.5677 1 0.039
C8 1 ? 0.9786(6) 0.8071(5) 0.4485(4) 1 0.0293(12)
H8A 1 ? 0.9036 0.8161 0.4883 1 0.035
C9 1 ? 0.6185(6) 0.2997(5) 0.1037(4) 1 0.0221(10)
C10 1 ? 0.4941(6) 0.1770(5) 0.0755(4) 1 0.0279(11)
H10A 1 ? 0.4606 0.1474 0.1279 1 0.033
C11 1 ? 0.4189(7) 0.0978(6) -0.0271(5) 1 0.0368(14)
H11A 1 ? 0.3341 0.0154 -0.0448 1 0.044
C12 1 ? 0.4688(8) 0.1404(6) -0.1034(5) 1 0.0386(14)
H12A 1 ? 0.4188 0.0858 -0.1739 1 0.046
C13 1 ? 0.5903(7) 0.2609(6) -0.0786(4) 1 0.0334(13)
H13A 1 ? 0.6224 0.2898 -0.1316 1 0.040
C14 1 ? 0.6660(6) 0.3404(5) 0.0248(4) 1 0.0255(11)
C15 1 ? 0.8320(8) 0.5111(7) -0.0192(5) 1 0.0457(16)
H15A 1 ? 0.9203 0.5969 0.0135 1 0.069
H15B 1 ? 0.7510 0.5248 -0.0454 1 0.069
H15C 1 ? 0.8552 0.4475 -0.0774 1 0.069
C16 1 ? 0.8843(6) 0.3915(5) 0.2480(4) 1 0.0247(11)
C17 1 ? 0.9253(6) 0.3139(5) 0.1611(4) 1 0.0277(11)
H17A 1 ? 0.8653 0.2718 0.0938 1 0.033
C18 1 ? 1.0561(6) 0.2990(6) 0.1746(5) 1 0.0339(13)
H18A 1 ? 1.0859 0.2475 0.1159 1 0.041
C19 1 ? 1.1417(6) 0.3585(6) 0.2725(6) 1 0.0386(15)
H19A 1 ? 1.2288 0.3460 0.2811 1 0.046
C20 1 ? 1.1020(6) 0.4363(6) 0.3583(5) 1 0.0364(14)
H20A 1 ? 1.1625 0.4777 0.4254 1 0.044
C21 1 ? 0.9743(6) 0.4542(6) 0.3470(5) 1 0.0325(12)
H21A 1 ? 0.9478 0.5087 0.4060 1 0.039
C22 1 ? 0.6077(5) 0.3264(5) 0.3141(4) 1 0.0208(10)
C23 1 ? 0.5129(6) 0.3731(5) 0.3731(4) 1 0.0223(10)
H23A 1 ? 0.5061 0.4510 0.3755 1 0.027
C24 1 ? 0.4285(6) 0.3057(5) 0.4283(4) 1 0.0274(11)
H24A 1 ? 0.3642 0.3378 0.4684 1 0.033
C25 1 ? 0.4380(6) 0.1927(5) 0.4250(4) 1 0.0298(12)
H25A 1 ? 0.3784 0.1460 0.4615 1 0.036
C26 1 ? 0.5339(6) 0.1463(5) 0.3686(4) 1 0.0293(12)
H26A 1 ? 0.5426 0.0700 0.3684 1 0.035
C27 1 ? 0.6167(6) 0.2119(5) 0.3128(4) 1 0.0277(11)
H27A 1 ? 0.6806 0.1789 0.2729 1 0.033
O4 1 ? 1.0290(7) 0.8430(7) 0.0972(5) 1 0.086(2)
C28 1 ? 0.8923(13) 0.8381(12) 0.1211(8) 1 0.122(5)
H28A 1 ? 0.8442 0.7648 0.1429 1 0.146
H28B 1 ? 0.8272 0.8181 0.0580 1 0.146
C29 1 ? 0.9082(9) 0.9689(8) 0.2076(6) 1 0.0552(19)
H29A 1 ? 0.8348 0.9552 0.2537 1 0.066
H29B 1 ? 0.9011 1.0313 0.1803 1 0.066
C30 1 ? 1.0619(8) 1.0143(7) 0.2604(7) 1 0.0544(19)
H30A 1 ? 1.0609 0.9723 0.3084 1 0.065
H30B 1 ? 1.1100 1.1130 0.3008 1 0.065
C31 1 ? 1.1425(9) 0.9703(10) 0.1736(7) 1 0.076(3)
H31A 1 ? 1.1804 1.0363 0.1436 1 0.092
H31B 1 ? 1.2268 0.9583 0.1987 1 0.092

|?||||
C68 H76 Ni4 O8 P4
17.3790(12) 17.3790(12) 10.6941(6) 90.00 90.00 90.00
I-4
Ni 1 ? 0.43917(3) 0.35431(3) 0.12157(4) 1 0.02365(13)
P1 1 ? 0.34557(6) 0.30555(6) 0.22167(9) 1 0.0263(2)
O1 1 ? 0.52930(15) 0.38220(16) 0.0336(2) 1 0.0281(6)
O2 1 ? 0.65646(15) 0.39169(15) 0.0457(2) 1 0.0286(6)
C1 1 ? 0.4988(2) 0.3719(3) 0.2692(3) 1 0.0368(11)
H1A 1 ? 0.4866 0.4230 0.3047 1 0.044
H1B 1 ? 0.4870 0.3323 0.3328 1 0.044
C2 1 ? 0.5832(2) 0.3680(3) 0.2330(4) 1 0.0338(10)
H2A 1 ? 0.6126 0.4072 0.2802 1 0.041
H2B 1 ? 0.6042 0.3166 0.2543 1 0.041
C3 1 ? 0.5915(2) 0.3821(2) 0.0958(3) 1 0.0238(8)
C4 1 ? 0.3382(3) 0.3144(3) 0.3920(4) 1 0.0402(10)
H4A 1 ? 0.2932 0.2847 0.4220 1 0.048
H4B 1 ? 0.3849 0.2926 0.4315 1 0.048
C5 1 ? 0.3293(3) 0.3990(3) 0.4306(4) 1 0.0507(13)
H5A 1 ? 0.3256 0.4025 0.5218 1 0.076
H5B 1 ? 0.2826 0.4203 0.3927 1 0.076
H5C 1 ? 0.3742 0.4282 0.4018 1 0.076
C6 1 ? 0.2486(2) 0.3366(2) 0.1782(4) 1 0.0279(9)
C7 1 ? 0.1847(2) 0.2912(3) 0.2060(4) 1 0.0387(11)
H7A 1 ? 0.1921 0.2409 0.2388 1 0.046
C8 1 ? 0.1110(3) 0.3182(3) 0.1864(5) 1 0.0504(13)
H8A 1 ? 0.0680 0.2867 0.2056 1 0.061
C9 1 ? 0.1000(3) 0.3911(3) 0.1389(5) 1 0.0517(13)
H9A 1 ? 0.0493 0.4098 0.1255 1 0.062
C10 1 ? 0.1622(3) 0.4370(3) 0.1109(5) 1 0.0447(12)
H10A 1 ? 0.1543 0.4873 0.0785 1 0.054
C11 1 ? 0.2370(2) 0.4098(2) 0.1299(4) 1 0.0338(9)
H11A 1 ? 0.2798 0.4414 0.1097 1 0.041
C12 1 ? 0.3458(2) 0.2022(2) 0.1926(4) 1 0.0281(9)
C13 1 ? 0.3400(3) 0.1460(3) 0.2849(4) 1 0.0421(11)
H13A 1 ? 0.3320 0.1606 0.3695 1 0.051
C14 1 ? 0.3460(3) 0.0682(3) 0.2535(6) 1 0.0543(15)
H14A 1 ? 0.3434 0.0302 0.3171 1 0.065
C15 1 ? 0.3556(3) 0.0466(3) 0.1324(6) 1 0.0515(15)
H15A 1 ? 0.3583 -0.0065 0.1121 1 0.062
C16 1 ? 0.3615(3) 0.1005(3) 0.0390(5) 1 0.0457(12)
H16A 1 ? 0.3689 0.0848 -0.0453 1 0.055
C17 1 ? 0.3566(3) 0.1776(2) 0.0684(4) 1 0.0363(11)
H17A 1 ? 0.3605 0.2148 0.0036 1 0.044

|?||||
C24 H52 Ni4 O8 P4
18.9491(5) 18.9491(5) 18.9491(5) 90.00 90.00 90.00
P-43n
Ni 1 ? 0.95464(3) 0.19091(2) 0.41114(3) 1 0.02957(15)
P1 1 ? 0.85120(6) 0.15488(6) 0.38792(6) 1 0.0376(3)
O1 1 ? 1.05197(14) 0.21587(13) 0.42634(13) 1 0.0285(5)
C1 1 ? 0.9905(3) 0.1049(3) 0.3719(4) 1 0.0689(18)
H1A 1 ? 0.9630 0.0642 0.3897 1 0.11(2)
H1B 1 ? 0.9867 0.1060 0.3198 1 0.17(4)
O2 1 ? 1.16186(16) 0.17632(16) 0.41488(19) 1 0.0470(8)
C2 1 ? 1.0647(3) 0.0983(3) 0.3932(4) 1 0.0625(15)
H2A 1 ? 1.0915 0.0763 0.3542 1 0.086(19)
H2B 1 ? 1.0676 0.0665 0.4345 1 0.30(8)
C3 1 ? 1.0983(2) 0.1668(2) 0.4116(2) 1 0.0368(9)
C4 1 ? 0.7804(3) 0.2150(3) 0.4070(4) 1 0.0666(17)
H4A 1 ? 0.7353 0.1930 0.3943 1 0.070(18)
H4B 1 ? 0.7868 0.2583 0.3795 1 0.09(2)
H4C 1 ? 0.7805 0.2263 0.4574 1 0.059(18)
C5 1 ? 0.8385(3) 0.1316(4) 0.2949(3) 1 0.0697(18)
H5A 1 ? 0.7899 0.1154 0.2877 1 0.14(3)
H5B 1 ? 0.8713 0.0939 0.2819 1 0.10(3)
H5C 1 ? 0.8474 0.1732 0.2654 1 0.20(5)
C6 1 ? 0.8214(3) 0.0763(2) 0.4321(3) 1 0.0478(11)
H6A 1 ? 0.7732 0.0652 0.4170 1 0.14(3)
H6B 1 ? 0.8221 0.0840 0.4833 1 0.051(14)
H6C 1 ? 0.8527 0.0369 0.4202 1 0.13(3)

|?||||
C84 H148 Ni4 O8 P4
18.7303(4) 18.7303(4) 12.5854(2) 90.00 90.00 90.00
I-4
Ni 1 ? 0.59797(2) 0.39367(2) 0.10546(3) 1 0.02323(14)
P1 1 ? 0.59397(5) 0.29678(5) 0.19618(8) 1 0.0246(2)
O1 1 ? 0.61305(15) 0.47908(14) 0.0269(2) 1 0.0277(6)
O2 1 ? 0.65340(15) 0.59001(15) 0.0356(2) 1 0.0291(6)
C1 1 ? 0.6065(2) 0.4549(2) 0.2284(3) 1 0.0288(8)
H1A 1 ? 0.5590 0.4726 0.2508 1 0.035
H1B 1 ? 0.6284 0.4287 0.2885 1 0.035
C2 1 ? 0.6544(2) 0.5170(2) 0.1935(3) 1 0.0286(8)
H2A 1 ? 0.6439 0.5600 0.2364 1 0.034
H2B 1 ? 0.7053 0.5043 0.2036 1 0.034
C3 1 ? 0.6395(2) 0.5313(2) 0.0777(3) 1 0.0245(7)
C4 1 ? 0.5515(2) 0.3000(2) 0.3284(3) 1 0.0315(9)
H4A 1 ? 0.5836 0.3305 0.3728 1 0.038
C5 1 ? 0.4789(2) 0.3386(3) 0.3281(4) 1 0.0393(10)
H5A 1 ? 0.4838 0.3856 0.2929 1 0.047
H5B 1 ? 0.4437 0.3101 0.2876 1 0.047
C6 1 ? 0.4527(3) 0.3489(3) 0.4420(4) 1 0.0500(13)
H6A 1 ? 0.4863 0.3804 0.4805 1 0.060
H6B 1 ? 0.4055 0.3726 0.4409 1 0.060
C7 1 ? 0.4467(3) 0.2791(4) 0.4994(5) 1 0.0611(16)
H7A 1 ? 0.4104 0.2489 0.4640 1 0.073
H7B 1 ? 0.4308 0.2878 0.5733 1 0.073
C8 1 ? 0.5179(3) 0.2401(4) 0.5007(4) 1 0.0564(14)
H8A 1 ? 0.5120 0.1933 0.5362 1 0.068
H8B 1 ? 0.5530 0.2683 0.5420 1 0.068
C9 1 ? 0.5462(3) 0.2286(2) 0.3879(4) 1 0.0383(10)
H9A 1 ? 0.5139 0.1960 0.3489 1 0.046
H9B 1 ? 0.5940 0.2060 0.3912 1 0.046
C10 1 ? 0.6859(2) 0.2647(2) 0.2224(3) 1 0.0288(8)
H10A 1 ? 0.6831 0.2156 0.2535 1 0.035
C11 1 ? 0.7261(2) 0.3130(3) 0.2999(3) 1 0.0352(9)
H11A 1 ? 0.7021 0.3117 0.3700 1 0.042
H11B 1 ? 0.7245 0.3628 0.2736 1 0.042
C12 1 ? 0.8044(2) 0.2899(3) 0.3132(4) 1 0.0395(10)
H12A 1 ? 0.8289 0.3232 0.3622 1 0.047
H12B 1 ? 0.8062 0.2416 0.3449 1 0.047
C13 1 ? 0.8422(2) 0.2895(3) 0.2079(4) 1 0.0411(11)
H13A 1 ? 0.8921 0.2731 0.2177 1 0.049
H13B 1 ? 0.8433 0.3384 0.1782 1 0.049
C14 1 ? 0.8024(3) 0.2383(3) 0.1295(4) 1 0.0458(12)
H14A 1 ? 0.8268 0.2389 0.0597 1 0.055
H14B 1 ? 0.8042 0.1889 0.1574 1 0.055
C15 1 ? 0.7260(2) 0.2606(2) 0.1157(4) 1 0.0352(9)
H15A 1 ? 0.7016 0.2260 0.0687 1 0.042
H15B 1 ? 0.7245 0.3079 0.0808 1 0.042
C16 1 ? 0.5539(2) 0.2233(2) 0.1173(3) 1 0.0319(9)
H16A 1 ? 0.5719 0.2308 0.0433 1 0.038
C17 1 ? 0.5737(3) 0.1452(2) 0.1444(4) 1 0.0406(10)
H17A 1 ? 0.6262 0.1402 0.1488 1 0.049
H17B 1 ? 0.5531 0.1320 0.2141 1 0.049
C18 1 ? 0.5446(3) 0.0958(3) 0.0585(4) 1 0.0503(13)
H18A 1 ? 0.5559 0.0457 0.0773 1 0.060
H18B 1 ? 0.5684 0.1068 -0.0098 1 0.060
C19 1 ? 0.4641(3) 0.1036(3) 0.0449(4) 1 0.0497(13)
H19A 1 ? 0.4399 0.0870 0.1103 1 0.060
H19B 1 ? 0.4481 0.0730 -0.0146 1 0.060
C20 1 ? 0.4427(3) 0.1809(3) 0.0227(4) 1 0.0498(13)
H20A 1 ? 0.4618 0.1957 -0.0473 1 0.060
H20B 1 ? 0.3900 0.1846 0.0200 1 0.060
C21 1 ? 0.4714(2) 0.2309(2) 0.1086(4) 1 0.0359(9)
H21A 1 ? 0.4491 0.2191 0.1777 1 0.043
H21B 1 ? 0.4589 0.2809 0.0908 1 0.043

|?||||
C54 H114 Ni6 O12 P6 * C3 H7 N O
15.0676(5) 16.0297(5) 16.1476(6) 98.279(2) 104.586(2) 93.720(2)
P-1
NiA 1 ? 0.42268(4) 0.67056(4) 0.48016(4) 1 0.03069(15)
P1A 1 ? 0.40592(9) 0.58699(8) 0.36161(9) 1 0.0329(3)
O1A 1 ? 0.4237(2) 0.7571(2) 0.5765(2) 1 0.0334(8)
O2A 1 ? 0.3336(2) 0.8432(2) 0.6305(2) 1 0.0374(8)
C1A 1 ? 0.2912(4) 0.6629(4) 0.4566(4) 1 0.0409(13)
H1AA 1 ? 0.2625 0.6525 0.3932 1 0.049
H1AB 1 ? 0.2682 0.6158 0.4818 1 0.049
C2A 1 ? 0.2679(4) 0.7471(4) 0.4980(4) 1 0.0424(13)
H2AA 1 ? 0.2567 0.7860 0.4550 1 0.051
H2AB 1 ? 0.2110 0.7380 0.5171 1 0.051
C3A 1 ? 0.3467(4) 0.7861(3) 0.5751(3) 1 0.0349(11)
C4A 1 ? 0.5120(4) 0.5553(3) 0.3357(4) 1 0.0381(12)
H4AA 1 ? 0.4961 0.5266 0.2745 1 0.046
H4AB 1 ? 0.5539 0.6070 0.3408 1 0.046
C5A 1 ? 0.5634(4) 0.4964(4) 0.3929(4) 1 0.0492(15)
H5AA 1 ? 0.6204 0.4850 0.3766 1 0.074
H5AB 1 ? 0.5243 0.4430 0.3849 1 0.074
H5AC 1 ? 0.5784 0.5235 0.4538 1 0.074
C6A 1 ? 0.3531(4) 0.6375(3) 0.2687(4) 1 0.0403(12)
H6AA 1 ? 0.3627 0.6050 0.2152 1 0.048
H6AB 1 ? 0.2859 0.6357 0.2621 1 0.048
C7A 1 ? 0.3931(4) 0.7285(4) 0.2789(4) 1 0.0507(15)
H7AA 1 ? 0.3657 0.7517 0.2265 1 0.076
H7AB 1 ? 0.4600 0.7309 0.2878 1 0.076
H7AC 1 ? 0.3793 0.7620 0.3291 1 0.076
C8A 1 ? 0.3341(4) 0.4867(4) 0.3465(4) 1 0.0434(13)
H8AA 1 ? 0.3669 0.4514 0.3874 1 0.052
H8AB 1 ? 0.2765 0.4990 0.3626 1 0.052
C9A 1 ? 0.3084(5) 0.4350(4) 0.2555(4) 1 0.0622(18)
H9AA 1 ? 0.2777 0.3794 0.2561 1 0.093
H9AB 1 ? 0.3644 0.4275 0.2360 1 0.093
H9AC 1 ? 0.2667 0.4649 0.2158 1 0.093
NiB 1 ? 0.69344(4) 0.83741(4) 0.43093(4) 1 0.03017(15)
P1B 1 ? 0.81142(9) 0.90731(8) 0.41366(9) 1 0.0315(3)
O1B 1 ? 0.5912(2) 0.7695(2) 0.4474(2) 1 0.0338(8)
O2B 1 ? 0.5555(2) 0.6740(2) 0.5246(2) 1 0.0342(8)
C1B 1 ? 0.7595(4) 0.8141(4) 0.5421(4) 1 0.0417(13)
H1BA 1 ? 0.8256 0.8109 0.5449 1 0.050
H1BB 1 ? 0.7544 0.8589 0.5893 1 0.050
C2B 1 ? 0.7142(4) 0.7289(4) 0.5503(4) 1 0.0387(12)
H2BA 1 ? 0.7425 0.6821 0.5229 1 0.046
H2BB 1 ? 0.7231 0.7242 0.6122 1 0.046
C3B 1 ? 0.6126(3) 0.7231(3) 0.5055(3) 1 0.0321(11)
C4B 1 ? 0.9277(3) 0.8823(3) 0.4630(4) 1 0.0369(12)
H4BA 1 ? 0.9724 0.9218 0.4482 1 0.044
H4BB 1 ? 0.9383 0.8935 0.5269 1 0.044
C5B 1 ? 0.9485(4) 0.7918(4) 0.4368(4) 1 0.0468(14)
H5BA 1 ? 1.0118 0.7850 0.4677 1 0.070
H5BB 1 ? 0.9418 0.7806 0.3741 1 0.070
H5BC 1 ? 0.9054 0.7518 0.4517 1 0.070
C6B 1 ? 0.8233(4) 1.0215(3) 0.4537(4) 1 0.0390(12)
H6BA 1 ? 0.8797 1.0481 0.4432 1 0.047
H6BB 1 ? 0.7699 1.0464 0.4206 1 0.047
C7B 1 ? 0.8288(4) 1.0419(4) 0.5497(4) 1 0.0512(15)
H7BA 1 ? 0.8385 1.1035 0.5683 1 0.077
H7BB 1 ? 0.8803 1.0158 0.5828 1 0.077
H7BC 1 ? 0.7711 1.0195 0.5599 1 0.077
C8B 1 ? 0.8082(4) 0.9006(4) 0.2988(4) 1 0.0455(14)
H8BA 1 ? 0.7954 0.8400 0.2720 1 0.055
H8BB 1 ? 0.7551 0.9294 0.2711 1 0.055
C9B 1 ? 0.8918(5) 0.9365(4) 0.2759(4) 1 0.0570(17)
H9BA 1 ? 0.8769 0.9376 0.2134 1 0.086
H9BB 1 ? 0.9421 0.9012 0.2915 1 0.086
H9BC 1 ? 0.9109 0.9944 0.3077 1 0.086
NiC 1 ? 0.57276(4) 1.08244(4) 0.27798(4) 1 0.03317(16)
P1C 1 ? 0.52667(11) 1.17283(11) 0.19764(11) 1 0.0462(4)
O1C 1 ? 0.6128(2) 0.9907(2) 0.3382(2) 1 0.0363(8)
O2C 1 ? 0.6106(2) 0.8501(2) 0.3202(2) 1 0.0358(8)
C1C 1 ? 0.4852(5) 0.9962(4) 0.1983(4) 1 0.0550(17)
H1AC 1 ? 0.4243 0.9975 0.2109 1 0.066
H1AD 1 ? 0.4781 1.0063 0.1380 1 0.066
C2C 1 ? 0.5189(5) 0.9144(4) 0.2081(5) 1 0.0632(19)
H2CA 1 ? 0.5508 0.8974 0.1626 1 0.076
H2CB 1 ? 0.4661 0.8713 0.2002 1 0.076
C3C 1 ? 0.5840(4) 0.9172(3) 0.2954(3) 1 0.0356(11)
C4C 1 ? 0.5342(7) 1.1390(6) 0.0819(5) 1 0.095(3)
H4CA 1 ? 0.4822 1.0957 0.0508 1 0.114
H4CB 1 ? 0.5288 1.1885 0.0514 1 0.114
C5C 1 ? 0.6266(9) 1.1022(8) 0.0802(8) 1 0.129(4)
H5CA 1 ? 0.6260 1.0804 0.0201 1 0.193
H5CB 1 ? 0.6344 1.0560 0.1142 1 0.193
H5CC 1 ? 0.6779 1.1469 0.1051 1 0.193
C6C 1 ? 0.4055(6) 1.1866(6) 0.1770(6) 1 0.080(2)
H6CA 1 ? 0.3936 1.2359 0.1468 1 0.095
H6CB 1 ? 0.3696 1.1359 0.1376 1 0.095
C7C 1 ? 0.3723(6) 1.1998(6) 0.2551(5) 1 0.091(3)
H7CA 1 ? 0.3073 1.2102 0.2392 1 0.137
H7CB 1 ? 0.4087 1.2488 0.2955 1 0.137
H7CC 1 ? 0.3786 1.1492 0.2828 1 0.137
C8C 1 ? 0.5948(5) 1.2763(4) 0.2310(5) 1 0.0603(18)
H8CA 1 ? 0.5901 1.2997 0.2898 1 0.072
H8CB 1 ? 0.6601 1.2672 0.2361 1 0.072
C9C 1 ? 0.5705(7) 1.3436(4) 0.1737(5) 1 0.075(2)
H9CA 1 ? 0.6040 1.3984 0.2040 1 0.113
H9CB 1 ? 0.5040 1.3479 0.1606 1 0.113
H9CC 1 ? 0.5879 1.3276 0.1195 1 0.113
NiD 1 ? 1.11172(4) 0.78781(4) 0.01757(4) 1 0.03324(16)
P1D 1 ? 1.14390(10) 0.89611(9) 0.11628(10) 1 0.0379(3)
O1D 1 ? 1.0962(2) 0.6915(2) -0.0730(2) 1 0.0370(8)
O2D 1 ? 1.1745(3) 0.6029(2) -0.1386(3) 1 0.0469(10)
C1D 1 ? 1.2381(4) 0.7669(5) 0.0491(5) 1 0.066(2)
H1DA 1 ? 1.2776 0.8174 0.0456 1 0.079
H1DB 1 ? 1.2553 0.7563 0.1097 1 0.079
C2D 1 ? 1.2534(5) 0.6954(6) -0.0072(6) 1 0.093(3)
H2DA 1 ? 1.2741 0.6506 0.0273 1 0.111
H2DB 1 ? 1.3034 0.7123 -0.0331 1 0.111
C3D 1 ? 1.1695(4) 0.6602(4) -0.0783(4) 1 0.0437(13)
C4D 1 ? 1.0456(4) 0.9543(4) 0.1249(4) 1 0.0448(14)
H4DA 1 ? 1.0137 0.9640 0.0661 1 0.054
H4DB 1 ? 1.0021 0.9176 0.1442 1 0.054
C5D 1 ? 1.0655(5) 1.0389(4) 0.1850(6) 1 0.072(2)
H5DA 1 ? 1.0075 1.0635 0.1845 1 0.107
H5DB 1 ? 1.1062 1.0774 0.1654 1 0.107
H5DC 1 ? 1.0956 1.0307 0.2441 1 0.107
C6D 1 ? 1.1953(4) 0.8763(4) 0.2259(4) 1 0.0499(15)
H6DA 1 ? 1.2602 0.8652 0.2313 1 0.060
H6DB 1 ? 1.1952 0.9276 0.2681 1 0.060
C7D 1 ? 1.1434(5) 0.8006(4) 0.2484(4) 1 0.0612(18)
H7DA 1 ? 1.1726 0.7933 0.3081 1 0.092
H7DB 1 ? 1.1455 0.7491 0.2084 1 0.092
H7DC 1 ? 1.0791 0.8112 0.2432 1 0.092
C8D 1 ? 1.2275(4) 0.9759(4) 0.1005(4) 1 0.0511(15)
H8DA 1 ? 1.2360 1.0260 0.1465 1 0.061
H8DB 1 ? 1.2876 0.9525 0.1065 1 0.061
C9D 1 ? 1.1981(5) 1.0037(5) 0.0123(5) 1 0.0655(19)
H9DA 1 ? 1.2467 1.0440 0.0060 1 0.098
H9DB 1 ? 1.1410 1.0309 0.0076 1 0.098
H9DC 1 ? 1.1876 0.9541 -0.0336 1 0.098
NiE 1 ? 0.82987(4) 0.71066(4) 0.11394(4) 1 0.03261(16)
P1E 1 ? 0.70662(10) 0.64398(9) 0.12486(10) 1 0.0382(3)
O1E 1 ? 0.9356(2) 0.7573(2) 0.0831(2) 1 0.0361(8)
O2E 1 ? 0.9809(2) 0.7986(2) -0.0275(2) 1 0.0355(8)
C1E 1 ? 0.7583(4) 0.7553(4) 0.0170(4) 1 0.0413(13)
H1EA 1 ? 0.7012 0.7171 -0.0122 1 0.050
H1EB 1 ? 0.7411 0.8120 0.0365 1 0.050
C2E 1 ? 0.8200(4) 0.7613(4) -0.0451(4) 1 0.0403(12)
H2EA 1 ? 0.8087 0.7086 -0.0882 1 0.048
H2EB 1 ? 0.8054 0.8093 -0.0767 1 0.048
C3E 1 ? 0.9197(3) 0.7743(3) 0.0066(3) 1 0.0324(11)
C4E 1 ? 0.6085(4) 0.7061(4) 0.1215(4) 1 0.0514(15)
H4EA 1 ? 0.6223 0.7471 0.1763 1 0.062
H4EB 1 ? 0.6037 0.7393 0.0737 1 0.062
C5E 1 ? 0.5145(4) 0.6571(6) 0.1092(5) 1 0.078(2)
H5EA 1 ? 0.4678 0.6969 0.1089 1 0.117
H5EB 1 ? 0.5172 0.6250 0.1569 1 0.117
H5EC 1 ? 0.4982 0.6178 0.0540 1 0.117
C6E 1 ? 0.7109(4) 0.5920(4) 0.2187(4) 1 0.0499(15)
H6EA 1 ? 0.6499 0.5605 0.2109 1 0.060
H6EB 1 ? 0.7564 0.5499 0.2201 1 0.060
C7E 1 ? 0.7360(5) 0.6499(5) 0.3050(4) 1 0.0630(18)
H7EA 1 ? 0.7371 0.6163 0.3513 1 0.095
H7EB 1 ? 0.6902 0.6906 0.3055 1 0.095
H7EC 1 ? 0.7970 0.6806 0.3144 1 0.095
C8E 1 ? 0.6669(7) 0.5521(6) 0.0404(6) 1 0.118(5)
H8EA 1 ? 0.7087 0.5086 0.0574 1 0.141
H8EB 1 ? 0.6058 0.5306 0.0456 1 0.141
C9E 1 ? 0.6575(8) 0.5504(7) -0.0438(7) 0.625(19) 0.057(4)
H9E1 1 ? 0.7169 0.5694 -0.0531 0.625(19) 0.086
H9E2 1 ? 0.6117 0.5881 -0.0657 0.625(19) 0.086
H9E3 1 ? 0.6371 0.4924 -0.0748 0.625(19) 0.086
C9EA 1 ? 0.7087(14) 0.5159(12) -0.0136(12) 0.375(19) 0.056(6)
H9E4 1 ? 0.6669 0.4697 -0.0537 0.375(19) 0.084
H9E5 1 ? 0.7634 0.4930 0.0185 0.375(19) 0.084
H9E6 1 ? 0.7274 0.5576 -0.0465 0.375(19) 0.084
NiF 1 ? 0.93316(5) 0.45237(4) 0.22705(4) 1 0.03334(16)
P1F 1 ? 0.95470(10) 0.35541(9) 0.30328(9) 1 0.0357(3)
O1F 1 ? 0.9089(3) 0.5533(2) 0.1774(2) 1 0.0378(8)
O2F 1 ? 0.9160(2) 0.6916(2) 0.2197(2) 1 0.0381(8)
C1F 1 ? 1.0390(4) 0.5203(3) 0.3052(4) 1 0.0407(12)
H1FA 1 ? 1.0541 0.5010 0.3622 1 0.049
H1FB 1 ? 1.0932 0.5173 0.2811 1 0.049
C2F 1 ? 1.0112(4) 0.6104(3) 0.3141(4) 1 0.0413(13)
H2FA 1 ? 0.9839 0.6213 0.3639 1 0.050
H2FB 1 ? 1.0663 0.6517 0.3249 1 0.050
C3F 1 ? 0.9413(4) 0.6209(3) 0.2310(3) 1 0.0339(11)
C4F 1 ? 0.8746(4) 0.2600(4) 0.2600(4) 1 0.0507(15)
H4FA 1 ? 0.8112 0.2768 0.2512 1 0.061
H4FB 1 ? 0.8820 0.2373 0.2021 1 0.061
C5F 1 ? 0.8820(5) 0.1874(4) 0.3130(5) 1 0.0630(19)
H5FA 1 ? 0.8333 0.1414 0.2835 1 0.095
H5FB 1 ? 0.8750 0.2082 0.3709 1 0.095
H5FC 1 ? 0.9424 0.1662 0.3184 1 0.095
C6F 1 ? 1.0685(4) 0.3171(4) 0.3248(4) 1 0.0416(13)
H6FA 1 ? 1.1157 0.3648 0.3558 1 0.050
H6FB 1 ? 1.0707 0.2738 0.3631 1 0.050
C7F 1 ? 1.0911(4) 0.2791(5) 0.2422(4) 1 0.0589(18)
H7FA 1 ? 1.1510 0.2565 0.2567 1 0.088
H7FB 1 ? 1.0937 0.3229 0.2061 1 0.088
H7FC 1 ? 1.0433 0.2332 0.2103 1 0.088
C8F 1 ? 0.9386(5) 0.3895(4) 0.4114(4) 1 0.0528(16)
H8FA 1 ? 0.9345 0.3392 0.4399 1 0.063
H8FB 1 ? 0.9932 0.4279 0.4468 1 0.063
C9F 1 ? 0.8539(5) 0.4341(5) 0.4093(5) 1 0.069(2)
H9FA 1 ? 0.8489 0.4506 0.4687 1 0.104
H9FB 1 ? 0.7994 0.3961 0.3754 1 0.104
H9FC 1 ? 0.8582 0.4848 0.3826 1 0.104
O1DM 1 ? 1.3528(7) 1.0238(7) 0.3483(7) 0.50 0.071(3)
C1DM 1 ? 1.4215(9) 1.0542(9) 0.4067(8) 0.50 0.052(3)
H1DC 1 ? 1.4436 1.1114 0.4082 0.50 0.063
N1DM 1 ? 1.4676(7) 1.0144(7) 0.4680(7) 0.50 0.049(2)
C2DM 1 ? 1.4467(6) 0.9344(6) 0.4671(6) 1 0.080(2)
H2DC 1 ? 1.5029 0.9056 0.4755 1 0.121
H2DD 1 ? 1.4038 0.9096 0.4113 1 0.121
H2DE 1 ? 1.4177 0.9278 0.5140 1 0.121
O2DM 1 ? 0.1469(7) 0.5859(6) 0.1529(6) 0.50 0.063(2)
C3DM 1 ? 0.0770(8) 0.5880(8) 0.0945(8) 0.50 0.045(3)
H3DA 1 ? 0.0504 0.6400 0.0921 0.50 0.054
N2DM 1 ? 0.0374(7) 0.5221(7) 0.0353(7) 0.50 0.044(2)
C4DM 1 ? -0.0603(8) 0.5446(8) -0.0307(6) 1 0.118(4)
H4DC 1 ? -0.0984 0.4917 -0.0605 1 0.176
H4DD 1 ? -0.0451 0.5765 -0.0736 1 0.176
H4DE 1 ? -0.0942 0.5787 0.0036 1 0.176

|?||||
C28 H48 N Ni O3 P *1/2 C5 H5 N
9.3259(4) 12.5108(7) 13.5807(8) 88.669(3) 87.244(3) 70.259(3)
P-1
Ni 1 ? 0.65293(3) 0.54409(2) 0.23100(2) 1 0.02637(12)
P 1 ? 0.48662(6) 0.69529(5) 0.29611(5) 1 0.02524(16)
O1 1 ? 0.8271(2) 0.41572(16) 0.19298(14) 1 0.0342(4)
O2 1 ? 1.0259(2) 0.28043(18) 0.25456(16) 1 0.0461(5)
N1 1 ? 0.6666(2) 0.59756(17) 0.09248(16) 1 0.0292(4)
C1 1 ? 0.6517(3) 0.4560(2) 0.3491(2) 1 0.0319(5)
H1A 1 ? 0.6096 0.5066 0.4062 1 0.038
H1B 1 ? 0.5887 0.4072 0.3414 1 0.038
C2 1 ? 0.8170(3) 0.3837(2) 0.3644(2) 1 0.0369(6)
H2A 1 ? 0.8660 0.4260 0.4041 1 0.044
H2B 1 ? 0.8209 0.3133 0.4007 1 0.044
C3 1 ? 0.9014(3) 0.3541(2) 0.2659(2) 1 0.0334(6)
C4 1 ? 0.5564(3) 0.6181(2) 0.0280(2) 1 0.0345(6)
H4A 1 ? 0.4607 0.6137 0.0510 1 0.041
C5 1 ? 0.5728(3) 0.6454(3) -0.0702(2) 1 0.0437(7)
H5A 1 ? 0.4907 0.6589 -0.1129 1 0.052
C6 1 ? 0.7110(3) 0.6525(3) -0.1051(2) 1 0.0433(7)
H6A 1 ? 0.7255 0.6724 -0.1718 1 0.052
C7 1 ? 0.8280(3) 0.6299(2) -0.0401(2) 1 0.0413(7)
H7A 1 ? 0.9246 0.6338 -0.0616 1 0.050
C8 1 ? 0.8020(3) 0.6018(2) 0.0564(2) 1 0.0357(6)
H8A 1 ? 0.8839 0.5844 0.0998 1 0.043
C9 1 ? 0.2861(3) 0.6984(2) 0.30502(18) 1 0.0281(5)
H9A 1 ? 0.2225 0.7721 0.3358 1 0.034
C10 1 ? 0.2649(3) 0.6019(2) 0.3695(2) 1 0.0337(6)
H10A 1 ? 0.3292 0.5279 0.3415 1 0.040
H10B 1 ? 0.2989 0.6071 0.4367 1 0.040
C11 1 ? 0.0993(3) 0.6076(2) 0.3758(2) 1 0.0340(6)
H11A 1 ? 0.0365 0.6783 0.4097 1 0.041
H11B 1 ? 0.0903 0.5425 0.4153 1 0.041
C12 1 ? 0.0387(3) 0.6053(2) 0.2738(2) 1 0.0372(6)
H12A 1 ? 0.0946 0.5315 0.2421 1 0.045
H12B 1 ? -0.0706 0.6133 0.2801 1 0.045
C13 1 ? 0.0584(3) 0.7010(3) 0.2104(2) 1 0.0429(7)
H13A 1 ? -0.0043 0.7749 0.2394 1 0.052
H13B 1 ? 0.0225 0.6969 0.1436 1 0.052
C14 1 ? 0.2258(3) 0.6934(3) 0.2029(2) 1 0.0366(6)
H14A 1 ? 0.2361 0.7568 0.1617 1 0.044
H14B 1 ? 0.2875 0.6213 0.1706 1 0.044
C15 1 ? 0.5232(3) 0.7236(2) 0.42482(18) 1 0.0268(5)
H15A 1 ? 0.4928 0.6671 0.4664 1 0.032
C16 1 ? 0.4278(3) 0.8400(2) 0.4671(2) 1 0.0326(5)
H16A 1 ? 0.4559 0.9002 0.4310 1 0.039
H16B 1 ? 0.3184 0.8536 0.4579 1 0.039
C17 1 ? 0.4539(3) 0.8459(2) 0.5766(2) 1 0.0381(6)
H17A 1 ? 0.3946 0.9227 0.6014 1 0.046
H17B 1 ? 0.4167 0.7905 0.6135 1 0.046
C18 1 ? 0.6223(3) 0.8203(2) 0.5952(2) 1 0.0383(6)
H18A 1 ? 0.6362 0.8203 0.6670 1 0.046
H18B 1 ? 0.6569 0.8803 0.5643 1 0.046
C19 1 ? 0.7185(3) 0.7049(2) 0.5527(2) 1 0.0342(6)
H19A 1 ? 0.8276 0.6922 0.5621 1 0.041
H19B 1 ? 0.6913 0.6443 0.5887 1 0.041
C20 1 ? 0.6933(3) 0.6984(2) 0.44308(19) 1 0.0300(5)
H20A 1 ? 0.7530 0.6215 0.4185 1 0.036
H20B 1 ? 0.7299 0.7539 0.4061 1 0.036
C21 1 ? 0.4788(3) 0.8210(2) 0.21840(19) 1 0.0296(5)
H21A 1 ? 0.4694 0.7976 0.1498 1 0.036
C22 1 ? 0.6318(3) 0.8425(2) 0.2157(2) 1 0.0323(5)
H22A 1 ? 0.6434 0.8759 0.2790 1 0.039
H22B 1 ? 0.7166 0.7696 0.2071 1 0.039
C23 1 ? 0.6393(3) 0.9231(2) 0.1312(2) 1 0.0393(6)
H23A 1 ? 0.6356 0.8872 0.0676 1 0.047
H23B 1 ? 0.7369 0.9382 0.1318 1 0.047
C24 1 ? 0.5066(3) 1.0347(2) 0.1410(2) 1 0.0406(6)
H24A 1 ? 0.5091 1.0832 0.0828 1 0.049
H24B 1 ? 0.5188 1.0750 0.2002 1 0.049
C25 1 ? 0.3517(3) 1.0170(2) 0.1495(2) 1 0.0390(6)
H25A 1 ? 0.3321 0.9874 0.0864 1 0.047
H25B 1 ? 0.2703 1.0908 0.1622 1 0.047
C26 1 ? 0.3469(3) 0.9332(2) 0.2332(2) 1 0.0338(6)
H26A 1 ? 0.3547 0.9663 0.2974 1 0.041
H26B 1 ? 0.2486 0.9189 0.2341 1 0.041
O3 1 ? 0.8097(3) 0.2968(2) 0.0304(2) 1 0.0683(8)
C27 1 ? 0.8770(8) 0.1202(6) 0.1176(5) 1 0.124(2)
H27A 1 ? 0.9499 0.0426 0.1197 1 0.186
H27B 1 ? 0.7743 0.1177 0.1096 1 0.186
H27C 1 ? 0.8789 0.1589 0.1791 1 0.186
C28 1 ? 0.9163(6) 0.1788(5) 0.0386(5) 1 0.1021(17)
H28A 1 ? 0.9172 0.1380 -0.0232 1 0.123
H28B 1 ? 1.0206 0.1802 0.0465 1 0.123
C31 1 ? 0.0675(4) 1.0761(3) 0.5332(4) 0.50 0.0773(12)
H31A 1 ? 0.1140 1.1271 0.5561 0.50 0.093
N2 1 ? 0.0675(4) 1.0761(3) 0.5332(4) 0.50 0.0773(12)
C29 1 ? 0.0324(4) 1.0750(3) 0.4369(4) 1 0.0723(13)
H29B 1 ? 0.0534 1.1274 0.3916 1 0.087
C30 1 ? 0.0320(4) 0.9996(4) 0.5955(3) 1 0.0751(12)
H30B 1 ? 0.0532 0.9988 0.6633 1 0.090
H1O3 1 ? 0.826(5) 0.329(4) 0.083(3) 1 0.080(14)
