?|?|Ana Carmen Albeniz; 'Pablo Espinet' ; Isabel Meana; ''|?||
C54 H48 Cl2 Cu2 P2 Pd2
20.1012(5) 11.2224(2) 22.9667(5) 90.00 90.00 90.00
Pbca
Pd1 1 ? 0.026910(14) 0.86288(2) 0.435562(13) 1 0.04224(11)
Cu1 1 ? 0.03158(2) 0.62263(4) 0.51431(3) 1 0.05351(16)
Cl1 1 ? -0.01142(6) 0.54238(9) 0.42937(5) 1 0.0664(3)
P1 1 ? 0.12157(5) 0.89500(8) 0.38146(4) 1 0.0433(3)
C1 1 ? -0.0395(2) 0.9323(5) 0.3686(3) 1 0.0837(16)
C2A 1 ? -0.0732(3) 0.8548(8) 0.4038(4) 0.628(18) 0.061(3)
C2B 1 ? -0.0691(7) 0.9360(16) 0.4192(7) 0.372(18) 0.074(6)
C3 1 ? -0.0770(2) 0.8626(4) 0.4640(2) 1 0.0723(14)
C4 1 ? 0.06230(19) 0.7928(3) 0.51122(19) 1 0.0492(10)
C5 1 ? 0.0772(2) 0.7569(4) 0.5586(2) 1 0.0611(11)
C6 1 ? 0.1021(3) 0.7458(5) 0.6191(3) 1 0.107(2)
H6A 1 ? 0.1229 0.8212 0.6290 1 0.128
H6B 1 ? 0.0634 0.7377 0.6441 1 0.128
C7 1 ? 0.1469(5) 0.6554(7) 0.6350(3) 1 0.143(3)
H7A 1 ? 0.1211 0.5835 0.6410 1 0.171
H7B 1 ? 0.1654 0.6772 0.6725 1 0.171
C8 1 ? 0.2009(4) 0.6250(8) 0.5985(4) 1 0.155(3)
H8A 1 ? 0.2265 0.6970 0.5917 1 0.186
H8B 1 ? 0.1827 0.6007 0.5612 1 0.186
C9 1 ? 0.2474(5) 0.5326(10) 0.6170(4) 1 0.236(6)
H9A 1 ? 0.2697 0.5577 0.6519 1 0.354
H9B 1 ? 0.2797 0.5192 0.5868 1 0.354
H9C 1 ? 0.2235 0.4601 0.6244 1 0.354
C11 1 ? 0.20199(19) 0.9118(3) 0.41669(18) 1 0.0464(10)
C12 1 ? 0.2192(2) 0.8288(4) 0.4577(2) 1 0.0696(14)
H12 1 ? 0.1884 0.7714 0.4690 1 0.084
C13 1 ? 0.2819(2) 0.8294(5) 0.4825(3) 1 0.0931(19)
H13 1 ? 0.2933 0.7731 0.5106 1 0.112
C14 1 ? 0.3273(2) 0.9139(5) 0.4653(3) 1 0.0779(15)
H14 1 ? 0.3694 0.9149 0.4821 1 0.093
C15 1 ? 0.3121(2) 0.9937(5) 0.4253(3) 1 0.0828(16)
H15 1 ? 0.3435 1.0496 0.4134 1 0.099
C16 1 ? 0.2488(2) 0.9933(4) 0.4009(2) 1 0.0774(15)
H16 1 ? 0.2381 1.0504 0.3731 1 0.093
C21 1 ? 0.11292(18) 1.0281(3) 0.33661(19) 1 0.0486(10)
C22 1 ? 0.1064(3) 1.1366(4) 0.3638(2) 1 0.0903(18)
H22 1 ? 0.1083 1.1411 0.4042 1 0.108
C23 1 ? 0.0968(3) 1.2410(4) 0.3307(3) 1 0.106(2)
H23 1 ? 0.0942 1.3147 0.3491 1 0.127
C24 1 ? 0.0914(3) 1.2335(5) 0.2716(3) 1 0.0911(18)
H24 1 ? 0.0837 1.3018 0.2496 1 0.109
C25 1 ? 0.0973(3) 1.1257(5) 0.2450(2) 1 0.0802(15)
H25 1 ? 0.0938 1.1208 0.2047 1 0.096
C26 1 ? 0.1083(2) 1.0236(4) 0.2770(2) 1 0.0622(12)
H26 1 ? 0.1127 0.9508 0.2580 1 0.075
C31 1 ? 0.13606(19) 0.7744(3) 0.32979(17) 1 0.0468(10)
C32 1 ? 0.0857(2) 0.6954(4) 0.3176(2) 1 0.0628(12)
H32 1 ? 0.0445 0.7054 0.3354 1 0.075
C33 1 ? 0.0949(3) 0.6015(4) 0.2798(2) 1 0.0808(16)
H33 1 ? 0.0602 0.5492 0.2718 1 0.097
C34 1 ? 0.1548(3) 0.5866(5) 0.2546(2) 1 0.0850(16)
H34 1 ? 0.1612 0.5231 0.2291 1 0.102
C35 1 ? 0.2060(3) 0.6624(5) 0.2655(2) 1 0.0757(15)
H35 1 ? 0.2469 0.6511 0.2473 1 0.091
C36 1 ? 0.1973(2) 0.7560(4) 0.3036(2) 1 0.0635(12)
H36 1 ? 0.2326 0.8069 0.3117 1 0.076

?|?|Ana Carmen Albeniz; 'Pablo Espinet' ; Isabel Meana; ''|||
C54 H48 Ag Cl P2 Pd2
11.1373(10) 18.8145(19) 24.316(5) 90.00 101.392(13) 90.00
P21/n
Ag1 1 ? 0.14740(5) 0.70507(3) 0.20671(3) 1 0.0799(2)
Cl1 1 ? 0.14657(18) 0.57335(10) 0.20857(9) 1 0.0848(6)
Pd1 1 ? 0.00566(4) 0.68289(2) 0.07499(2) 1 0.05383(17)
Pd2 1 ? 0.28266(4) 0.69220(3) 0.33718(2) 1 0.05567(17)
P1 1 ? 0.15311(13) 0.71831(8) 0.02730(8) 1 0.0494(4)
P2 1 ? 0.13376(13) 0.73417(8) 0.38116(7) 1 0.0484(4)
C1 1 ? -0.0362(9) 0.5838(4) 0.0301(5) 1 0.128(4)
C2A 1 ? -0.0635(17) 0.5749(9) 0.0771(9) 0.51(4) 0.069(8)
C2B 1 ? -0.120(2) 0.6009(11) 0.0558(11) 0.49(4) 0.082(8)
C3 1 ? -0.1376(6) 0.6236(4) 0.1032(4) 1 0.092(3)
C4 1 ? 0.0079(6) 0.7629(4) 0.1326(3) 1 0.067(2)
C5 1 ? -0.0011(9) 0.8035(5) 0.1648(5) 1 0.124(3)
C6 1 ? -0.0123(14) 0.8592(6) 0.2130(6) 1 0.212(7)
H6A 1 ? -0.0454 0.8348 0.2418 1 0.254
H6B 1 ? 0.0693 0.8754 0.2299 1 0.254
C7 1 ? -0.0874(13) 0.9203(7) 0.1949(4) 1 0.276(10)
H7A 1 ? -0.1712 0.9041 0.1833 1 0.332
H7B 1 ? -0.0622 0.9396 0.1620 1 0.332
C8 1 ? -0.0867(12) 0.9783(5) 0.2351(6) 1 0.212(7)
H8A 1 ? -0.0028 0.9940 0.2472 1 0.254
H8B 1 ? -0.1324 1.0177 0.2154 1 0.254
C9 1 ? -0.1361(11) 0.9636(7) 0.2845(5) 1 0.186(6)
H9A 1 ? -0.1909 0.9238 0.2775 1 0.279
H9B 1 ? -0.1799 1.0045 0.2937 1 0.279
H9C 1 ? -0.0704 0.9527 0.3153 1 0.279
C10 1 ? 0.3344(9) 0.6004(4) 0.3911(4) 1 0.119(4)
C11 1 ? 0.3752(9) 0.5923(5) 0.3453(6) 1 0.134(4)
C12 1 ? 0.4341(7) 0.6352(5) 0.3147(4) 1 0.100(3)
C13 1 ? 0.2830(6) 0.7691(4) 0.2771(3) 1 0.072(2)
C14 1 ? 0.2945(8) 0.8092(5) 0.2442(4) 1 0.106(3)
C15 1 ? 0.3105(11) 0.8695(6) 0.2071(5) 1 0.179(5)
H15A 1 ? 0.2485 0.8665 0.1730 1 0.215
H15B 1 ? 0.2979 0.9136 0.2258 1 0.215
C16 1 ? 0.4300(11) 0.8712(7) 0.1923(7) 1 0.288(11)
H16A 1 ? 0.4471 0.8243 0.1791 1 0.346
H16B 1 ? 0.4905 0.8806 0.2261 1 0.346
C17 1 ? 0.4473(12) 0.9233(9) 0.1495(5) 1 0.287(12)
H17A 1 ? 0.4841 0.8990 0.1217 1 0.344
H17B 1 ? 0.3671 0.9397 0.1306 1 0.344
C18 1 ? 0.5207(17) 0.9846(6) 0.1685(8) 1 0.321(14)
H18A 1 ? 0.4975 1.0033 0.2016 1 0.481
H18B 1 ? 0.5081 1.0202 0.1396 1 0.481
H18C 1 ? 0.6056 0.9713 0.1769 1 0.481
C21 1 ? 0.3069(5) 0.7030(3) 0.0682(3) 1 0.0469(15)
C22 1 ? 0.4100(6) 0.7373(3) 0.0582(3) 1 0.0666(19)
H22 1 ? 0.4024 0.7718 0.0303 1 0.080
C23 1 ? 0.5244(6) 0.7210(4) 0.0893(4) 1 0.074(2)
H23 1 ? 0.5936 0.7434 0.0816 1 0.089
C24 1 ? 0.5362(7) 0.6716(4) 0.1317(3) 1 0.076(2)
H24 1 ? 0.6134 0.6610 0.1526 1 0.091
C25 1 ? 0.4356(7) 0.6380(4) 0.1434(3) 1 0.071(2)
H25 1 ? 0.4435 0.6051 0.1725 1 0.086
C26 1 ? 0.3226(6) 0.6536(3) 0.1117(3) 1 0.0574(18)
H26 1 ? 0.2542 0.6304 0.1195 1 0.069
C31 1 ? 0.1600(6) 0.8117(3) 0.0051(3) 1 0.0578(18)
C32 1 ? 0.1979(6) 0.8290(4) -0.0435(4) 1 0.083(2)
H32 1 ? 0.2206 0.7937 -0.0662 1 0.099
C33 1 ? 0.2018(7) 0.9000(5) -0.0585(5) 1 0.102(3)
H33 1 ? 0.2298 0.9127 -0.0907 1 0.122
C34 1 ? 0.1644(8) 0.9512(5) -0.0259(6) 1 0.116(4)
H34 1 ? 0.1690 0.9988 -0.0354 1 0.140
C35 1 ? 0.1203(8) 0.9331(4) 0.0207(5) 1 0.103(3)
H35 1 ? 0.0924 0.9685 0.0417 1 0.123
C36 1 ? 0.1164(6) 0.8620(4) 0.0372(4) 1 0.081(2)
H36 1 ? 0.0855 0.8492 0.0686 1 0.097
C41 1 ? 0.1489(5) 0.6679(3) -0.0373(3) 1 0.0476(16)
C42 1 ? 0.2409(6) 0.6231(3) -0.0446(3) 1 0.0592(18)
H42 1 ? 0.3124 0.6210 -0.0174 1 0.071
C43 1 ? 0.2295(7) 0.5807(4) -0.0918(3) 1 0.071(2)
H43 1 ? 0.2928 0.5503 -0.0960 1 0.086
C44 1 ? 0.1253(8) 0.5835(4) -0.1321(4) 1 0.082(2)
H44 1 ? 0.1178 0.5544 -0.1634 1 0.098
C45 1 ? 0.0298(6) 0.6296(4) -0.1269(3) 1 0.080(2)
H45 1 ? -0.0408 0.6325 -0.1546 1 0.095
C46 1 ? 0.0448(6) 0.6707(4) -0.0790(3) 1 0.0671(19)
H46 1 ? -0.0179 0.7015 -0.0746 1 0.081
C51 1 ? 0.1401(5) 0.8276(3) 0.4029(3) 1 0.0552(17)
C52 1 ? 0.1903(6) 0.8779(3) 0.3729(3) 1 0.0644(19)
H52 1 ? 0.2233 0.8646 0.3421 1 0.077
C53 1 ? 0.1907(6) 0.9488(4) 0.3892(4) 1 0.076(2)
H53 1 ? 0.2252 0.9826 0.3691 1 0.091
C54 1 ? 0.1431(7) 0.9701(4) 0.4331(4) 1 0.081(2)
H54 1 ? 0.1444 1.0179 0.4431 1 0.097
C55 1 ? 0.0931(6) 0.9208(4) 0.4628(3) 1 0.075(2)
H55 1 ? 0.0601 0.9353 0.4932 1 0.090
C56 1 ? 0.0903(6) 0.8496(4) 0.4487(3) 1 0.068(2)
H56 1 ? 0.0557 0.8166 0.4695 1 0.082
C61 1 ? -0.0200(5) 0.7221(3) 0.3393(3) 1 0.0468(15)
C62 1 ? -0.0402(6) 0.6694(4) 0.3006(3) 1 0.071(2)
H62 1 ? 0.0254 0.6419 0.2947 1 0.085
C63 1 ? -0.1557(7) 0.6554(5) 0.2698(4) 1 0.096(3)
H63 1 ? -0.1670 0.6192 0.2432 1 0.116
C64 1 ? -0.2535(7) 0.6949(5) 0.2782(4) 1 0.105(3)
H64 1 ? -0.3316 0.6857 0.2576 1 0.125
C65 1 ? -0.2354(7) 0.7473(5) 0.3169(4) 1 0.090(2)
H65 1 ? -0.3020 0.7737 0.3232 1 0.108
C66 1 ? -0.1191(6) 0.7625(4) 0.3474(3) 1 0.068(2)
H66 1 ? -0.1078 0.7996 0.3732 1 0.081
C71 1 ? 0.1327(5) 0.6865(3) 0.4459(3) 1 0.0469(15)
C72 1 ? 0.2337(6) 0.6921(3) 0.4895(3) 1 0.0594(18)
H72 1 ? 0.2967 0.7231 0.4859 1 0.071
C73 1 ? 0.2427(6) 0.6529(4) 0.5376(3) 1 0.070(2)
H73 1 ? 0.3114 0.6569 0.5662 1 0.084
C74 1 ? 0.1490(7) 0.6077(4) 0.5432(3) 1 0.074(2)
H74 1 ? 0.1540 0.5806 0.5756 1 0.088
C75 1 ? 0.0492(7) 0.6027(3) 0.5012(4) 1 0.070(2)
H75 1 ? -0.0140 0.5720 0.5051 1 0.084
C76 1 ? 0.0396(6) 0.6420(3) 0.4531(3) 1 0.0590(18)
H76 1 ? -0.0305 0.6384 0.4252 1 0.071
