?|?||||
C41 H52 Al O P
8.7589(4) 18.6819(9) 22.0981(10) 90.00 90.00 90.00
P212121
C1 1 ? 0.7430(2) 0.37046(12) 0.83142(10) 1 0.0222(4)
C2 1 ? 0.6926(3) 0.31921(13) 0.86985(11) 1 0.0255(5)
H2 1 ? 0.7244 0.2709 0.8619 1 0.031
C31 1 ? 0.5943(3) 0.33079(13) 0.92238(11) 1 0.0269(5)
C32 1 ? 0.5751(3) 0.27650(15) 0.96562(12) 1 0.0335(6)
H32 1 ? 0.6273 0.2317 0.9608 1 0.040
C33 1 ? 0.4811(3) 0.28735(17) 1.01529(13) 1 0.0429(7)
H33 1 ? 0.4694 0.2500 1.0448 1 0.051
C34 1 ? 0.4042(3) 0.35137(18) 1.02280(12) 1 0.0420(7)
H34 1 ? 0.3406 0.3589 1.0576 1 0.050
C35 1 ? 0.4198(3) 0.40448(16) 0.97963(13) 1 0.0370(6)
H35 1 ? 0.3644 0.4485 0.9840 1 0.044
C36 1 ? 0.5138(3) 0.39481(13) 0.93059(12) 1 0.0308(5)
H36 1 ? 0.5245 0.4326 0.9014 1 0.037
Al1 1 ? 0.77448(7) 0.48002(4) 0.84561(3) 1 0.02305(16)
C4 1 ? 0.6092(3) 0.55047(13) 0.82041(13) 1 0.0325(6)
C41 1 ? 0.6918(3) 0.62290(15) 0.81900(16) 1 0.0439(7)
H41A 1 ? 0.7817 0.6191 0.7944 1 0.053
H41B 1 ? 0.7203 0.6363 0.8594 1 0.053
H41C 1 ? 0.6251 0.6586 0.8024 1 0.053
C42 1 ? 0.5548(4) 0.53606(17) 0.75617(16) 1 0.0529(9)
H42A 1 ? 0.4997 0.4917 0.7551 1 0.063
H42B 1 ? 0.6413 0.5331 0.7296 1 0.063
H42C 1 ? 0.4892 0.5743 0.7433 1 0.063
C43 1 ? 0.4665(3) 0.55923(17) 0.86029(18) 1 0.0515(8)
H43A 1 ? 0.4096 0.6003 0.8472 1 0.062
H43B 1 ? 0.4969 0.5656 0.9017 1 0.062
H43C 1 ? 0.4038 0.5173 0.8569 1 0.062
C5 1 ? 0.8828(3) 0.50088(15) 0.92529(12) 1 0.0342(6)
C51 1 ? 0.7829(4) 0.53907(19) 0.97198(14) 1 0.0505(8)
H51A 1 ? 0.6983 0.5089 0.9826 1 0.061
H51B 1 ? 0.7455 0.5831 0.9551 1 0.061
H51C 1 ? 0.8423 0.5492 1.0075 1 0.061
C52 1 ? 0.9457(3) 0.43337(17) 0.95507(13) 1 0.0422(7)
H52A 1 ? 1.0122 0.4091 0.9273 1 0.051
H52B 1 ? 0.8627 0.4023 0.9659 1 0.051
H52C 1 ? 1.0017 0.4462 0.9908 1 0.051
C53 1 ? 1.0195(3) 0.55034(17) 0.91059(14) 1 0.0444(7)
H53A 1 ? 1.0742 0.5610 0.9471 1 0.053
H53B 1 ? 0.9828 0.5940 0.8929 1 0.053
H53C 1 ? 1.0864 0.5267 0.8826 1 0.053
P1 1 ? 0.86270(6) 0.34196(3) 0.76918(2) 1 0.01999(13)
C61 1 ? 0.9975(3) 0.27677(12) 0.80063(10) 1 0.0221(4)
C62 1 ? 0.9562(3) 0.20328(12) 0.80281(11) 1 0.0257(5)
C63 1 ? 1.0555(3) 0.15592(14) 0.83099(11) 1 0.0308(5)
H63 1 ? 1.0292 0.1060 0.8319 1 0.037
C64 1 ? 1.1910(3) 0.17736(14) 0.85786(12) 1 0.0329(6)
C65 1 ? 1.2284(3) 0.24974(14) 0.85491(11) 1 0.0307(5)
H65 1 ? 1.3221 0.2658 0.8729 1 0.037
C66 1 ? 1.1349(3) 0.29915(12) 0.82682(10) 1 0.0247(5)
C621 1 ? 0.8106(3) 0.17108(13) 0.77708(13) 1 0.0332(6)
H62A 1 ? 0.8263 0.1589 0.7353 1 0.040
H62B 1 ? 0.7291 0.2052 0.7803 1 0.040
H62C 1 ? 0.7846 0.1287 0.7994 1 0.040
C641 1 ? 1.2908(4) 0.12513(18) 0.89101(15) 1 0.0510(8)
H64A 1 ? 1.3948 0.1313 0.8784 1 0.061
H64B 1 ? 1.2583 0.0772 0.8821 1 0.061
H64C 1 ? 1.2830 0.1335 0.9338 1 0.061
C661 1 ? 1.1876(3) 0.37598(14) 0.82481(13) 1 0.0319(6)
H66A 1 ? 1.2502 0.3858 0.8595 1 0.038
H66B 1 ? 1.1005 0.4071 0.8251 1 0.038
H66C 1 ? 1.2457 0.3839 0.7886 1 0.038
C71 1 ? 0.7822(3) 0.30262(12) 0.70069(11) 1 0.0246(5)
C72 1 ? 0.8866(3) 0.27559(12) 0.65765(11) 1 0.0277(5)
C73 1 ? 0.8316(3) 0.24962(14) 0.60325(12) 1 0.0364(6)
H73 1 ? 0.9026 0.2298 0.5747 1 0.044
C74 1 ? 0.6777(4) 0.25112(16) 0.58825(13) 1 0.0426(7)
C75 1 ? 0.5774(3) 0.27883(16) 0.63052(13) 1 0.0392(6)
H75 1 ? 0.4708 0.2809 0.6207 1 0.047
C76 1 ? 0.6254(3) 0.30394(13) 0.68699(11) 1 0.0282(5)
C721 1 ? 1.0588(3) 0.27230(14) 0.66634(12) 1 0.0315(5)
H72A 1 ? 1.0851 0.2293 0.6877 1 0.038
H72B 1 ? 1.0919 0.3131 0.6893 1 0.038
H72C 1 ? 1.1082 0.2724 0.6276 1 0.038
C741 1 ? 0.6242(5) 0.2242(3) 0.52760(16) 1 0.0750(12)
H74A 1 ? 0.5187 0.2105 0.5303 1 0.090
H74B 1 ? 0.6843 0.1835 0.5159 1 0.090
H74C 1 ? 0.6354 0.2614 0.4980 1 0.090
C761 1 ? 0.5038(3) 0.32811(14) 0.72997(13) 1 0.0367(6)
H76A 1 ? 0.4115 0.3375 0.7080 1 0.044
H76B 1 ? 0.5365 0.3710 0.7501 1 0.044
H76C 1 ? 0.4854 0.2913 0.7594 1 0.044
O1 1 ? 0.91961(18) 0.48384(8) 0.78701(7) 1 0.0261(3)
C8 1 ? 0.8997(3) 0.43791(11) 0.73930(10) 1 0.0231(5)
H1 1 ? 0.8028 0.4519 0.7228 1 0.028
C81 1 ? 1.0084(3) 0.44842(12) 0.68728(10) 1 0.0252(5)
C82 1 ? 0.9606(3) 0.43481(13) 0.62864(12) 1 0.0291(5)
H82 1 ? 0.8567 0.4208 0.6214 1 0.035
C83 1 ? 1.0601(3) 0.44113(15) 0.58038(12) 1 0.0354(6)
H83 1 ? 1.0256 0.4309 0.5401 1 0.042
C84 1 ? 1.2102(3) 0.46229(15) 0.59025(12) 1 0.0378(6)
H84 1 ? 1.2807 0.4650 0.5570 1 0.045
C85 1 ? 1.2574(3) 0.47943(14) 0.64797(12) 1 0.0349(6)
H85 1 ? 1.3601 0.4955 0.6547 1 0.042
C86 1 ? 1.1571(3) 0.47354(12) 0.69667(11) 1 0.0278(5)
H86 1 ? 1.1900 0.4867 0.7366 1 0.033

?|?||||
C50 H70 Al O P
11.8657(12) 14.7612(13) 15.6305(12) 102.346(4) 111.742(5) 106.627(5)
P-1
C1 1 ? 0.45950(12) 0.86946(9) 0.23276(9) 1 0.0187(2)
C2 1 ? 0.54235(12) 0.95771(9) 0.30737(9) 1 0.0205(2)
H2 1 ? 0.5208 1.0156 0.3068 1 0.025
C31 1 ? 0.66485(12) 0.97058(10) 0.39030(9) 1 0.0219(2)
C32 1 ? 0.66678(14) 0.89423(11) 0.42879(10) 1 0.0286(3)
H32 1 ? 0.5887 0.8326 0.3998 1 0.034
C33 1 ? 0.77969(16) 0.90573(13) 0.50843(12) 1 0.0369(3)
H33 1 ? 0.7795 0.8523 0.5343 1 0.044
C34 1 ? 0.89242(15) 0.99395(14) 0.55068(12) 1 0.0382(4)
H34 1 ? 0.9706 1.0020 0.6060 1 0.046
C35 1 ? 0.89258(14) 1.07075(13) 0.51321(11) 1 0.0339(3)
H35 1 ? 0.9716 1.1316 0.5418 1 0.041
C36 1 ? 0.77898(13) 1.06020(11) 0.43442(10) 1 0.0275(3)
H36 1 ? 0.7788 1.1147 0.4101 1 0.033
Al1 1 ? 0.48742(4) 0.74261(3) 0.17802(3) 1 0.01934(9)
C41 1 ? 0.65328(14) 0.77615(11) 0.16135(11) 1 0.0284(3)
C411 1 ? 0.78163(15) 0.80877(14) 0.25551(13) 1 0.0393(4)
H41A 1 ? 0.8544 0.8192 0.2400 1 0.047
H41B 1 ? 0.7745 0.7569 0.2837 1 0.047
H41C 1 ? 0.7967 0.8707 0.3020 1 0.047
C412 1 ? 0.63815(17) 0.68117(14) 0.08650(13) 1 0.0409(4)
H41D 1 ? 0.5596 0.6603 0.0257 1 0.049
H41E 1 ? 0.6314 0.6276 0.1124 1 0.049
H41F 1 ? 0.7141 0.6964 0.0746 1 0.049
C413 1 ? 0.66876(18) 0.86020(14) 0.11869(15) 1 0.0439(4)
H41G 1 ? 0.6851 0.9220 0.1660 1 0.053
H41H 1 ? 0.5890 0.8416 0.0594 1 0.053
H41I 1 ? 0.7419 0.8699 0.1038 1 0.053
C51 1 ? 0.43706(14) 0.62260(10) 0.21889(11) 1 0.0280(3)
C511 1 ? 0.55578(17) 0.60760(13) 0.28808(14) 1 0.0409(4)
H51A 1 ? 0.5245 0.5474 0.3016 1 0.049
H51B 1 ? 0.6061 0.6650 0.3488 1 0.049
H51C 1 ? 0.6109 0.6010 0.2572 1 0.049
C512 1 ? 0.34752(17) 0.62589(13) 0.26785(14) 1 0.0405(4)
H51D 1 ? 0.2677 0.6279 0.2230 1 0.049
H51E 1 ? 0.3929 0.6853 0.3266 1 0.049
H51F 1 ? 0.3257 0.5666 0.2847 1 0.049
C513 1 ? 0.3582(2) 0.52873(12) 0.12388(14) 1 0.0472(4)
H51G 1 ? 0.3258 0.4700 0.1390 1 0.057
H51H 1 ? 0.4147 0.5203 0.0948 1 0.057
H51I 1 ? 0.2848 0.5371 0.0783 1 0.057
P1 1 ? 0.30287(3) 0.85647(2) 0.14282(2) 1 0.01719(8)
C61 1 ? 0.28444(12) 0.97393(9) 0.13734(9) 1 0.0196(2)
C62 1 ? 0.17205(14) 0.99264(10) 0.13440(11) 1 0.0263(3)
C63 1 ? 0.17226(15) 1.08721(11) 0.13486(12) 1 0.0316(3)
H63 1 ? 0.0973 1.1006 0.1339 1 0.038
C64 1 ? 0.27477(16) 1.16279(11) 0.13656(11) 1 0.0313(3)
C65 1 ? 0.38043(15) 1.14156(10) 0.13558(11) 1 0.0278(3)
H65 1 ? 0.4517 1.1926 0.1354 1 0.033
C66 1 ? 0.38739(13) 1.04891(9) 0.13490(9) 1 0.0216(2)
C621 1 ? 0.04872(16) 0.91784(13) 0.12662(15) 1 0.0416(4)
H62A 1 ? 0.0224 0.8532 0.0786 1 0.050
H62B 1 ? -0.0211 0.9412 0.1067 1 0.050
H62C 1 ? 0.0662 0.9114 0.1896 1 0.050
C641 1 ? 0.2701(2) 1.26366(12) 0.13636(15) 1 0.0463(4)
H64A 1 ? 0.2015 1.2711 0.1521 1 0.056
H64B 1 ? 0.2518 1.2671 0.0722 1 0.056
H64C 1 ? 0.3539 1.3171 0.1846 1 0.056
C661 1 ? 0.50360(14) 1.03454(10) 0.12553(11) 1 0.0264(3)
H66A 1 ? 0.5791 1.0632 0.1896 1 0.032
H66B 1 ? 0.5240 1.0678 0.0834 1 0.032
H66C 1 ? 0.4817 0.9635 0.0977 1 0.032
C71 1 ? 0.18149(12) 0.77752(9) 0.17025(10) 1 0.0213(2)
C72 1 ? 0.19997(13) 0.80829(10) 0.26826(10) 1 0.0246(3)
C73 1 ? 0.11629(15) 0.74547(11) 0.29392(12) 1 0.0307(3)
H73 1 ? 0.1308 0.7659 0.3610 1 0.037
C74 1 ? 0.01301(15) 0.65463(11) 0.22626(13) 1 0.0331(3)
C75 1 ? -0.00743(14) 0.62773(11) 0.12983(12) 1 0.0319(3)
H75 1 ? -0.0807 0.5659 0.0818 1 0.038
C76 1 ? 0.07365(13) 0.68640(10) 0.09898(11) 1 0.0264(3)
C721 1 ? 0.30112(15) 0.90882(11) 0.34813(11) 1 0.0318(3)
H72A 1 ? 0.2683 0.9291 0.3933 1 0.038
H72B 1 ? 0.3170 0.9590 0.3189 1 0.038
H72C 1 ? 0.3824 0.9023 0.3830 1 0.038
C741 1 ? -0.0778(2) 0.58922(14) 0.25573(17) 1 0.0490(5)
H74A 1 ? -0.1475 0.6116 0.2514 1 0.059
H74B 1 ? -0.0284 0.5944 0.3223 1 0.059
H74C 1 ? -0.1155 0.5200 0.2123 1 0.059
C761 1 ? 0.03520(15) 0.64842(12) -0.00921(12) 1 0.0377(4)
H76A 1 ? 0.0349 0.7027 -0.0337 1 0.045
H76B 1 ? -0.0517 0.5945 -0.0442 1 0.045
H76C 1 ? 0.0978 0.6237 -0.0188 1 0.045
O1 1 ? 0.35229(9) 0.71325(7) 0.05735(7) 1 0.02248(19)
C8 1 ? 0.30187(12) 0.77971(9) 0.03367(9) 1 0.0193(2)
C81 1 ? 0.25675(12) 0.78298(9) -0.05882(9) 1 0.0203(2)
C82 1 ? 0.27036(13) 0.71491(10) -0.13302(10) 1 0.0238(3)
H82 1 ? 0.3208 0.6760 -0.1129 1 0.029
C83 1 ? 0.21545(14) 0.70454(11) -0.22794(10) 1 0.0273(3)
H83 1 ? 0.2306 0.6598 -0.2727 1 0.033
C84 1 ? 0.13132(14) 0.75880(11) -0.26886(10) 1 0.0274(3)
H84 1 ? 0.1701 0.7942 -0.3025 1 0.033
C85 1 ? 0.13593(15) 0.83736(11) -0.18756(11) 1 0.0294(3)
H85 1 ? 0.0972 0.8838 -0.2047 1 0.035
C86 1 ? 0.19046(14) 0.84692(10) -0.09270(10) 1 0.0261(3)
H86 1 ? 0.1858 0.8974 -0.0455 1 0.031
C91 1 ? -0.01429(15) 0.68386(12) -0.34761(11) 1 0.0328(3)
C911 1 ? -0.08380(18) 0.62486(14) -0.29988(15) 1 0.0467(4)
H91A 1 ? -0.1725 0.5794 -0.3486 1 0.056
H91B 1 ? -0.0867 0.6712 -0.2481 1 0.056
H91C 1 ? -0.0361 0.5868 -0.2728 1 0.056
C912 1 ? -0.08951(19) 0.74414(16) -0.39067(14) 1 0.0511(5)
H91D 1 ? -0.0408 0.7864 -0.4148 1 0.061
H91E 1 ? -0.1002 0.7857 -0.3404 1 0.061
H91F 1 ? -0.1751 0.6984 -0.4440 1 0.061
C913 1 ? -0.0111(2) 0.61045(17) -0.43080(13) 1 0.0543(5)
H91G 1 ? -0.0999 0.5691 -0.4819 1 0.065
H91H 1 ? 0.0299 0.5680 -0.4056 1 0.065
H91I 1 ? 0.0389 0.6480 -0.4573 1 0.065
C01 1 ? 0.5442(9) 0.3928(6) 0.4430(7) 0.583(6) 0.071(2)
H01A 1 ? 0.4959 0.4297 0.4141 0.583(6) 0.085
H01B 1 ? 0.6045 0.4334 0.5111 0.583(6) 0.085
C02 1 ? 0.4508(6) 0.2920(5) 0.4329(4) 0.583(6) 0.0531(13)
H02A 1 ? 0.4341 0.2983 0.4890 0.583(6) 0.064
H02B 1 ? 0.3679 0.2665 0.3742 0.583(6) 0.064
C03 1 ? 0.5231(10) 0.2232(6) 0.4270(8) 0.583(6) 0.083(3)
H03A 1 ? 0.5543 0.2097 0.4870 0.583(6) 0.099
H03B 1 ? 0.4649 0.1600 0.3731 0.583(6) 0.099
C04 1 ? 0.6359(8) 0.2760(5) 0.4117(6) 0.583(6) 0.0723(18)
H04A 1 ? 0.6382 0.2315 0.3583 0.583(6) 0.087
H04B 1 ? 0.7178 0.2981 0.4703 0.583(6) 0.087
C05 1 ? 0.6173(4) 0.3645(3) 0.3880(4) 0.583(6) 0.0550(12)
H05A 1 ? 0.5658 0.3466 0.3183 0.583(6) 0.066
H05B 1 ? 0.7010 0.4192 0.4107 0.583(6) 0.066
C01A 1 ? 0.6119(12) 0.2438(7) 0.4331(11) 0.417(6) 0.106(5)
H01C 1 ? 0.6472 0.2112 0.4771 0.417(6) 0.127
H01D 1 ? 0.6158 0.2178 0.3729 0.417(6) 0.127
C02A 1 ? 0.4717(9) 0.2263(8) 0.4127(7) 0.417(6) 0.079(4)
H02C 1 ? 0.4507 0.2008 0.4589 0.417(6) 0.095
H02D 1 ? 0.4101 0.1790 0.3471 0.417(6) 0.095
C03A 1 ? 0.4677(11) 0.3311(11) 0.4248(11) 0.417(6) 0.119(5)
H03C 1 ? 0.3938 0.3274 0.3687 0.417(6) 0.143
H03D 1 ? 0.4597 0.3569 0.4831 0.417(6) 0.143
C04A 1 ? 0.5900(12) 0.3947(9) 0.4324(12) 0.417(6) 0.108(5)
H04C 1 ? 0.6181 0.4635 0.4733 0.417(6) 0.130
H04D 1 ? 0.5814 0.3929 0.3685 0.417(6) 0.130
C05A 1 ? 0.6848(6) 0.3515(5) 0.4777(6) 0.417(6) 0.076(2)
H05C 1 ? 0.7592 0.3719 0.4645 0.417(6) 0.092
H05D 1 ? 0.7165 0.3736 0.5478 0.417(6) 0.092

?|?||||
C30 H48 Al2 N2 O2
8.1728(4) 16.6678(7) 11.8972(6) 90.00 104.829(3) 90.00
P21/c
Al1 1 ? 0.47534(6) 0.01308(3) 0.17113(4) 1 0.02676(19)
O1 1 ? 0.64853(15) 0.03896(7) -0.04640(11) 1 0.0326(3)
C1 1 ? 0.6600(2) 0.09897(9) 0.02210(14) 1 0.0271(4)
C21 1 ? 0.7494(2) 0.17206(9) -0.00298(14) 1 0.0263(4)
C22 1 ? 0.8403(2) 0.16864(11) -0.08739(16) 1 0.0364(4)
H22 1 ? 0.8422 0.1198 -0.1297 1 0.044
C23 1 ? 0.9276(2) 0.23491(11) -0.11061(18) 1 0.0412(5)
H23 1 ? 0.9903 0.2318 -0.1686 1 0.049
C24 1 ? 0.9251(2) 0.30549(10) -0.05089(19) 1 0.0396(5)
H24 1 ? 0.9860 0.3515 -0.0670 1 0.048
C25 1 ? 0.8348(3) 0.30975(10) 0.0322(2) 1 0.0433(5)
H25 1 ? 0.8330 0.3589 0.0739 1 0.052
C26 1 ? 0.7468(2) 0.24377(10) 0.05566(16) 1 0.0349(4)
H26 1 ? 0.6833 0.2476 0.1131 1 0.042
N1 1 ? 0.5999(2) 0.09437(9) 0.11354(14) 1 0.0349(4)
H1 1 ? 0.617(3) 0.1333(13) 0.155(2) 1 0.047(6)
C3 1 ? 0.6432(2) -0.06172(11) 0.26704(16) 1 0.0371(4)
C31 1 ? 0.7448(4) -0.10443(16) 0.1926(2) 1 0.0696(8)
H31A 1 ? 0.8329 -0.1360 0.2418 1 0.084
H31B 1 ? 0.7942 -0.0652 0.1520 1 0.084
H31C 1 ? 0.6709 -0.1388 0.1373 1 0.084
C32 1 ? 0.7692(3) -0.01430(13) 0.3609(2) 1 0.0539(6)
H32A 1 ? 0.7102 0.0113 0.4112 1 0.065
H32B 1 ? 0.8234 0.0256 0.3248 1 0.065
H32C 1 ? 0.8530 -0.0501 0.4055 1 0.065
C33 1 ? 0.5642(3) -0.12655(15) 0.3270(2) 1 0.0657(7)
H33A 1 ? 0.4886 -0.1587 0.2694 1 0.079
H33B 1 ? 0.5024 -0.1018 0.3763 1 0.079
H33C 1 ? 0.6518 -0.1600 0.3729 1 0.079
C4 1 ? 0.3168(2) 0.07702(11) 0.23795(17) 1 0.0373(4)
C41 1 ? 0.4169(18) 0.1318(8) 0.3343(11) 0.482(13) 0.068(4)
H41A 1 ? 0.4882 0.1666 0.3033 0.482(13) 0.081
H41B 1 ? 0.4855 0.0998 0.3956 0.482(13) 0.081
H41C 1 ? 0.3398 0.1635 0.3646 0.482(13) 0.081
C42 1 ? 0.2260(12) 0.1385(6) 0.1377(6) 0.482(13) 0.070(3)
H42A 1 ? 0.3102 0.1663 0.1093 0.482(13) 0.084
H42B 1 ? 0.1609 0.1766 0.1687 0.482(13) 0.084
H42C 1 ? 0.1525 0.1095 0.0751 0.482(13) 0.084
C43 1 ? 0.1833(17) 0.0325(6) 0.2724(16) 0.482(13) 0.113(6)
H43A 1 ? 0.1280 -0.0027 0.2105 0.482(13) 0.135
H43B 1 ? 0.1023 0.0695 0.2886 0.482(13) 0.135
H43C 1 ? 0.2320 0.0015 0.3408 0.482(13) 0.135
C4A 1 ? 0.3970(13) 0.1465(6) 0.3126(10) 0.518(13) 0.047(2)
H4A1 1 ? 0.4984 0.1288 0.3674 0.518(13) 0.056
H4A2 1 ? 0.3193 0.1673 0.3538 0.518(13) 0.056
H4A3 1 ? 0.4245 0.1879 0.2644 0.518(13) 0.056
C4B 1 ? 0.1611(9) 0.1000(5) 0.1471(5) 0.518(13) 0.0555(18)
H4B1 1 ? 0.1200 0.0544 0.0988 0.518(13) 0.067
H4B2 1 ? 0.1875 0.1425 0.1002 0.518(13) 0.067
H4B3 1 ? 0.0758 0.1178 0.1838 0.518(13) 0.067
C4C 1 ? 0.2519(8) 0.0201(4) 0.3246(5) 0.518(13) 0.0438(14)
H4C1 1 ? 0.3461 0.0040 0.3869 0.518(13) 0.053
H4C2 1 ? 0.1993 -0.0265 0.2834 0.518(13) 0.053
H4C3 1 ? 0.1712 0.0485 0.3558 0.518(13) 0.053
