|||||
Cl11 N3 P4
10.6000(10) 10.6000(10) 14.167(2) ? ? 120
R3
Cl(1) ? ? .0 .0 .76696(10) ? .0211(4)
P(1) ? ? .0 .0 .62536(10) ? .0128(4)
N(1) ? ? .1610(2) .0535(2) .58924(17) ? .0156(10)
P(2) ? ? .31157(6) .18861(6) .60756(8) ? .0141(3)
Cl(2) ? ? .44498(6) .21421(7) .50370(8) ? .0218(3)
Cl(3) ? ? .31640(7) .37589(7) .62086(9) ? .0227(3)
Cl(4) ? ? .40843(8) .17343(8) .72341(9) ? .0261(4)
Cl(5) ? ? .0 .0 .0 ? .0165(4)

|||||
C1 H1 Cl18 N3 P5
16.106(3) 21.627(7) 14.899(2) ? ? ?
Ccmb
P(1) ? ? .06284(4) .0 .21100(4) ? .0118(3)
Cl(1) ? ? .08215(5) .0 .07819(4) ? .0274(4)
N(2) ? ? .15074(13) .0 .25735(15) ? .0184(10)
P(2) ? ? .24383(4) .0 .26302(4) ? .0147(3)
Cl(21) ? ? .30160(5) .0 .14741(5) ? .0421(5)
Cl(22) ? ? .28697(3) .07176(3) .32824(5) ? .0429(3)
N(3) ? ? .00900(9) .05831(7) .23718(11) ? .0177(7)
P(3) ? ? .01266(3) .12892(2) .22828(3) ? .0135(2)
Cl(31) ? ? -.02779(3) .15981(2) .11231(3) ? .0246(2)
Cl(32) ? ? .12214(3) .16672(2) .24435(3) ? .0236(2)
Cl(33) ? ? -.05955(3) .16717(2) .31805(4) ? .0271(3)
P(4) ? ? .25000 .25000 .0 ? .0119(3)
Cl(41) ? ? .27592(3) .26374(2) .13921(3) ? .0162(2)
Cl(42) ? ? .22455(3) .15435(2) .02574(3) ? .0193(2)
Cl(43) ? ? .12264(3) .27194(2) .02336(3) ? .0173(2)
C(5) ? ? .46978(15) .0 -.03900(16) ? .0142(11)
H(5) ? ? .4975(19) .0 -.1050(10) ? .032(9)
Cl(5) ? ? .40664(3) .06705(2) -.03350(3) ? .0214(2)
