|?|Nieto, Natalia; Munslow, Ian J.; Barr, Jonathan; Benet-Buchholz, J.; Vidal-Ferran, Anton|Dioxirane mediated asymmetric epoxidations: stereochemical studies via isotopic labeling|Organic &amp; Biomolecular Chemistry|2008 6(13) 2276 2281
C14 H22 O9
6.8203(8) 5.5939(7) 20.585(3) 90.00 97.914(3) 90.00
P1211
C1 1 ? -0.5889(3) -0.5931(3) -0.31956(9) 1 0.0118(3)
O1 1 ? -0.3829(2) -0.6357(2) -0.31602(7) 1 0.0140(3)
C2 1 ? -0.6453(3) -0.5447(3) -0.24991(9) 1 0.0116(3)
O2 1 ? -0.8004(3) -0.4744(3) -0.41355(7) 1 0.0179(3)
C3 1 ? -0.5688(3) -0.7534(3) -0.20530(9) 1 0.0108(3)
H3 1 ? -0.6450 -0.9006 -0.2204 1 0.013
O3 1 ? -0.7030(2) -0.7881(2) -0.34707(7) 1 0.0142(3)
C4 1 ? -0.3485(3) -0.8029(3) -0.20514(9) 1 0.0130(3)
H4 1 ? -0.3093 -0.9512 -0.1794 1 0.016
O4 1 ? -0.5578(2) -0.3249(2) -0.23076(7) 1 0.0141(3)
H4A 1 ? -0.5709 -0.2977 -0.1915 1 0.021
C5 1 ? -0.3099(3) -0.8335(3) -0.27548(9) 1 0.0146(4)
H5A 1 ? -0.1657 -0.8500 -0.2762 1 0.018
H5B 1 ? -0.3745 -0.9823 -0.2936 1 0.018
O5 1 ? -0.8507(2) -0.5449(3) -0.24816(8) 1 0.0160(3)
C6 1 ? -0.6348(3) -0.3900(3) -0.36959(10) 1 0.0163(4)
H6A 1 ? -0.6683 -0.2409 -0.3477 1 0.020
H6B 1 ? -0.5203 -0.3592 -0.3932 1 0.020
O6 1 ? -0.6069(2) -0.6955(2) -0.13942(7) 1 0.0137(3)
C7 1 ? -0.7884(3) -0.7290(3) -0.41321(9) 1 0.0159(4)
O7 1 ? -0.6082(3) -1.0885(3) -0.11503(7) 1 0.0202(3)
C8 1 ? -0.6548(4) -0.8165(4) -0.46189(10) 1 0.0218(4)
H8A 1 ? -0.5205 -0.7547 -0.4492 1 0.033
H8B 1 ? -0.7062 -0.7594 -0.5060 1 0.033
H8C 1 ? -0.6517 -0.9916 -0.4618 1 0.033
O8 1 ? -0.2328(2) -0.6024(3) -0.17726(7) 1 0.0143(3)
C9 1 ? -0.9934(4) -0.8308(4) -0.42533(11) 1 0.0223(4)
H9A 1 ? -1.0534 -0.7928 -0.4702 1 0.033
H9B 1 ? -1.0737 -0.7616 -0.3941 1 0.033
H9C 1 ? -0.9871 -1.0047 -0.4197 1 0.033
O9 1 ? -0.1700(3) -0.7815(3) -0.07805(8) 1 0.0223(3)
C10 1 ? -0.9628(3) -0.3393(4) -0.27547(12) 1 0.0209(4)
H10A 1 ? -0.9860 -0.3525 -0.3234 1 0.031
H10B 1 ? -0.8881 -0.1929 -0.2630 1 0.031
H10C 1 ? -1.0901 -0.3335 -0.2585 1 0.031
C11 1 ? -0.6206(3) -0.8818(3) -0.09878(9) 1 0.0138(3)
C12 1 ? -0.6501(4) -0.8043(4) -0.03134(10) 1 0.0197(4)
H12A 1 ? -0.5213 -0.7901 -0.0039 1 0.030
H12B 1 ? -0.7311 -0.9229 -0.0122 1 0.030
H12C 1 ? -0.7174 -0.6491 -0.0337 1 0.030
C13 1 ? -0.1529(3) -0.6123(4) -0.11373(10) 1 0.0155(4)
C14 1 ? -0.0429(3) -0.3854(4) -0.09447(11) 1 0.0194(4)
H14A 1 ? 0.0116 -0.3924 -0.0479 1 0.029
H14B 1 ? -0.1336 -0.2493 -0.1021 1 0.029
H14C 1 ? 0.0652 -0.3662 -0.1209 1 0.029
