nrepreset: 24
representatives:
    x,y,z
    -y+0.25,x+0.75,z+0.25
    -x+0.5,-y,z+0.5
    y+0.25,-x+0.25,z+0.75
    x,-y,-z+0.5
    y+0.25,x+0.75,-z+0.75
    -x+0.5,y,-z
    -y+0.25,-x+0.25,-z+0.25
    z,x,y
    -x+0.25,z+0.75,y+0.25
    -z+0.5,-x,y+0.5
    x+0.25,-z+0.25,y+0.75
    x+0.25,z+0.75,-y+0.75
    -z+0.5,x,-y
    -x+0.25,-z+0.25,-y+0.25
    z,-x,-y+0.5
    -y+0.5,z,-x
    -z+0.25,-y+0.25,-x+0.25
    y,-z,-x+0.5
    z+0.25,y+0.75,-x+0.75
    z+0.25,-y+0.25,x+0.75
    y,z,x
    -z+0.25,y+0.75,x+0.25
    -y+0.5,-z,x+0.5
nsymops:   96
symops:
    x,y,z
    -y+0.25,x+0.75,z+0.25
    -x+0.5,-y,z+0.5
    y+0.25,-x+0.25,z+0.75
    x,-y,-z+0.5
    y+0.25,x+0.75,-z+0.75
    -x+0.5,y,-z
    -y+0.25,-x+0.25,-z+0.25
    z,x,y
    -x+0.25,z+0.75,y+0.25
    -z+0.5,-x,y+0.5
    x+0.25,-z+0.25,y+0.75
    x+0.25,z+0.75,-y+0.75
    -z+0.5,x,-y
    -x+0.25,-z+0.25,-y+0.25
    z,-x,-y+0.5
    -y+0.5,z,-x
    -z+0.25,-y+0.25,-x+0.25
    y,-z,-x+0.5
    z+0.25,y+0.75,-x+0.75
    z+0.25,-y+0.25,x+0.75
    y,z,x
    -z+0.25,y+0.75,x+0.25
    -y+0.5,-z,x+0.5
    x+0.5,y+0.5,z+0.5
    -y+0.75,x+0.25,z+0.75
    -x,-y+0.5,z
    y+0.75,-x+0.75,z+0.25
    x+0.5,-y+0.5,-z
    y+0.75,x+0.25,-z+0.25
    -x,y+0.5,-z+0.5
    -y+0.75,-x+0.75,-z+0.75
    z+0.5,x+0.5,y+0.5
    -x+0.75,z+0.25,y+0.75
    -z,-x+0.5,y
    x+0.75,-z+0.75,y+0.25
    x+0.75,z+0.25,-y+0.25
    -z,x+0.5,-y+0.5
    -x+0.75,-z+0.75,-y+0.75
    z+0.5,-x+0.5,-y
    -y,z+0.5,-x+0.5
    -z+0.75,-y+0.75,-x+0.75
    y+0.5,-z+0.5,-x
    z+0.75,y+0.25,-x+0.25
    z+0.75,-y+0.75,x+0.25
    y+0.5,z+0.5,x+0.5
    -z+0.75,y+0.25,x+0.75
    -y,-z+0.5,x
    -x,-y,-z
    y+0.25,-x+0.75,-z+0.25
    x+0.5,y,-z+0.5
    -y+0.25,x+0.25,-z+0.75
    -x,y,z+0.5
    -y+0.25,-x+0.75,z+0.75
    x+0.5,-y,z
    y+0.25,x+0.25,z+0.25
    -z,-x,-y
    x+0.25,-z+0.75,-y+0.25
    z+0.5,x,-y+0.5
    -x+0.25,z+0.25,-y+0.75
    -x+0.25,-z+0.75,y+0.75
    z+0.5,-x,y
    x+0.25,z+0.25,y+0.25
    -z,x,y+0.5
    y+0.5,-z,x
    z+0.25,y+0.25,x+0.25
    -y,z,x+0.5
    -z+0.25,-y+0.75,x+0.75
    -z+0.25,y+0.25,-x+0.75
    -y,-z,-x
    z+0.25,-y+0.75,-x+0.25
    y+0.5,z,-x+0.5
    -x+0.5,-y+0.5,-z+0.5
    y+0.75,-x+0.25,-z+0.75
    x,y+0.5,-z
    -y+0.75,x+0.75,-z+0.25
    -x+0.5,y+0.5,z
    -y+0.75,-x+0.25,z+0.25
    x,-y+0.5,z+0.5
    y+0.75,x+0.75,z+0.75
    -z+0.5,-x+0.5,-y+0.5
    x+0.75,-z+0.25,-y+0.75
    z,x+0.5,-y
    -x+0.75,z+0.75,-y+0.25
    -x+0.75,-z+0.25,y+0.25
    z,-x+0.5,y+0.5
    x+0.75,z+0.75,y+0.75
    -z+0.5,x+0.5,y
    y,-z+0.5,x+0.5
    z+0.75,y+0.75,x+0.75
    -y+0.5,z+0.5,x
    -z+0.75,-y+0.25,x+0.25
    -z+0.75,y+0.75,-x+0.25
    -y+0.5,-z+0.5,-x+0.5
    z+0.75,-y+0.25,-x+0.75
    y,z+0.5,-x
inversion: 1
centering: 0,0,0 0.5,0.5,0.5 
{
   "constraints" => "$a == $b && $b == $c &&$alpha == 90 && $beta == 90 && $gamma == 90",
   "crystal_class" => "cubic",
   "hall" => "-I 4bd 2c 3",
   "hermann_mauguin" => "I a -3 d",
   "ncsym" => [ "x,y,z", "-y+1/4,x+3/4,z+1/4", "-x+1/2,-y,z+1/2", "y+1/4,-x+1/4,z+3/4", "x,-y,-z+1/2", "y+1/4,x+3/4,-z+3/4", "-x+1/2,y,-z", "-y+1/4,-x+1/4,-z+1/4", "z,x,y", "-x+1/4,z+3/4,y+1/4", "-z+1/2,-x,y+1/2", "x+1/4,-z+1/4,y+3/4", "z,-x,-y+1/2", "x+1/4,z+3/4,-y+3/4", "-z+1/2,x,-y", "-x+1/4,-z+1/4,-y+1/4", "y,z,x", "y+1/2,-z+1/2,-x", "z+3/4,y+1/4,-x+1/4", "-y,z+1/2,-x+1/2", "-z+1/4,-y+1/4,-x+1/4", "-y+1/2,-z,x+1/2", "z+3/4,-y+3/4,x+1/4", "-z+3/4,y+1/4,x+3/4", "-x,-y,-z", "y-1/4,-x-3/4,-z-1/4", "x-1/2,y,-z-1/2", "-y-1/4,x-1/4,-z-3/4", "-x,y,z-1/2", "-y-1/4,-x-3/4,z-3/4", "x-1/2,-y,z", "y-1/4,x-1/4,z-1/4", "-z,-x,-y", "x-1/4,-z-3/4,-y-1/4", "z-1/2,x,-y-1/2", "-x-1/4,z-1/4,-y-3/4", "-z,x,y-1/2", "-x-1/4,-z-3/4,y-3/4", "z-1/2,-x,y", "x-1/4,z-1/4,y-1/4", "-y,-z,-x", "-y-1/2,z-1/2,x", "-z-3/4,-y-1/4,x-1/4", "y,-z-1/2,x-1/2", "z-1/4,y-1/4,x-1/4", "y-1/2,z,-x-1/2", "-z-3/4,y-3/4,-x-1/4", "z-3/4,-y-1/4,-x-3/4" ],
   "number" => "230",
   "schoenflies" => "Oh^10",
   "symops" => [ "x,y,z", "-y+1/4,x+3/4,z+1/4", "-x+1/2,-y,z+1/2", "y+1/4,-x+1/4,z+3/4", "x,-y,-z+1/2", "y+1/4,x+3/4,-z+3/4", "-x+1/2,y,-z", "-y+1/4,-x+1/4,-z+1/4", "z,x,y", "-x+1/4,z+3/4,y+1/4", "-z+1/2,-x,y+1/2", "x+1/4,-z+1/4,y+3/4", "z,-x,-y+1/2", "x+1/4,z+3/4,-y+3/4", "-z+1/2,x,-y", "-x+1/4,-z+1/4,-y+1/4", "y,z,x", "y+1/2,-z+1/2,-x", "z+3/4,y+1/4,-x+1/4", "-y,z+1/2,-x+1/2", "-z+1/4,-y+1/4,-x+1/4", "-y+1/2,-z,x+1/2", "z+3/4,-y+3/4,x+1/4", "-z+3/4,y+1/4,x+3/4", "-x,-y,-z", "y-1/4,-x-3/4,-z-1/4", "x-1/2,y,-z-1/2", "-y-1/4,x-1/4,-z-3/4", "-x,y,z-1/2", "-y-1/4,-x-3/4,z-3/4", "x-1/2,-y,z", "y-1/4,x-1/4,z-1/4", "-z,-x,-y", "x-1/4,-z-3/4,-y-1/4", "z-1/2,x,-y-1/2", "-x-1/4,z-1/4,-y-3/4", "-z,x,y-1/2", "-x-1/4,-z-3/4,y-3/4", "z-1/2,-x,y", "x-1/4,z-1/4,y-1/4", "-y,-z,-x", "-y-1/2,z-1/2,x", "-z-3/4,-y-1/4,x-1/4", "y,-z-1/2,x-1/2", "z-1/4,y-1/4,x-1/4", "y-1/2,z,-x-1/2", "-z-3/4,y-3/4,-x-1/4", "z-3/4,-y-1/4,-x-3/4", "x+1/2,y+1/2,z+1/2", "-y+3/4,x+5/4,z+3/4", "-x+1,-y+1/2,z+1", "y+3/4,-x+3/4,z+5/4", "x+1/2,-y+1/2,-z+1", "y+3/4,x+5/4,-z+5/4", "-x+1,y+1/2,-z+1/2", "-y+3/4,-x+3/4,-z+3/4", "z+1/2,x+1/2,y+1/2", "-x+3/4,z+5/4,y+3/4", "-z+1,-x+1/2,y+1", "x+3/4,-z+3/4,y+5/4", "z+1/2,-x+1/2,-y+1", "x+3/4,z+5/4,-y+5/4", "-z+1,x+1/2,-y+1/2", "-x+3/4,-z+3/4,-y+3/4", "y+1/2,z+1/2,x+1/2", "y+1,-z+1,-x+1/2", "z+5/4,y+3/4,-x+3/4", "-y+1/2,z+1,-x+1", "-z+3/4,-y+3/4,-x+3/4", "-y+1,-z+1/2,x+1", "z+5/4,-y+5/4,x+3/4", "-z+5/4,y+3/4,x+5/4", "-x+1/2,-y+1/2,-z+1/2", "y+1/4,-x-1/4,-z+1/4", "x,y+1/2,-z", "-y+1/4,x+1/4,-z-1/4", "-x+1/2,y+1/2,z", "-y+1/4,-x-1/4,z-1/4", "x,-y+1/2,z+1/2", "y+1/4,x+1/4,z+1/4", "-z+1/2,-x+1/2,-y+1/2", "x+1/4,-z-1/4,-y+1/4", "z,x+1/2,-y", "-x+1/4,z+1/4,-y-1/4", "-z+1/2,x+1/2,y", "-x+1/4,-z-1/4,y-1/4", "z,-x+1/2,y+1/2", "x+1/4,z+1/4,y+1/4", "-y+1/2,-z+1/2,-x+1/2", "-y,z,x+1/2", "-z-1/4,-y+1/4,x+1/4", "y+1/2,-z,x", "z+1/4,y+1/4,x+1/4", "y,z+1/2,-x", "-z-1/4,y-1/4,-x+1/4", "z-1/4,-y+1/4,-x-1/4" ],
   "universal_h_m" => "I a -3 d",
},
#-------------------------
