nrepreset: 4
representatives:
    x,y,z
    -x,-y,z
    x,-y,-z
    -x,y,-z
nsymops:   4
symops:
    x,y,z
    -x,-y,z
    x,-y,-z
    -x,y,-z
inversion: 0
centering: 0,0,0 
{
   "constraints" => "$alpha == 90 && $beta == 90 && $gamma == 90",
   "crystal_class" => "orthorhombic",
   "hall" => " P 2 2",
   "hermann_mauguin" => "P 2 2 2",
   "ncsym" => [ "x,y,z", "-x,-y,z", "x,-y,-z", "-x,y,-z" ],
   "number" => "16",
   "schoenflies" => "D2^1",
   "symops" => [ "x,y,z", "-x,-y,z", "x,-y,-z", "-x,y,-z" ],
   "universal_h_m" => "P 2 2 2",
},
#-------------------------
