||||Chemistry of Materials|2000
C26 H26 Fe
9.6395(2) 8.0062(2) 12.7395(2) 90.00 97.0381(11) 90.00
P121/c1
Fe1 2 ? 0.0000 0.0000 0.0000 1 0.0158(2)
C6 1 ? -0.1834(3) 0.1308(3) -0.2081(2) 1 0.0202(6)
C11 1 ? -0.1887(4) 0.0270(4) -0.2976(3) 1 0.0261(7)
H11A 1 ? -0.1087 -0.0358 -0.3097 1 0.031
C7 1 ? -0.3028(4) 0.2233(4) -0.1938(3) 1 0.0269(7)
H7A 1 ? -0.3012 0.2950 -0.1342 1 0.032
C3 1 ? 0.1062(3) 0.2241(3) 0.0099(2) 1 0.0207(6)
C1 1 ? 0.0753(3) 0.0565(4) -0.1399(2) 1 0.0200(6)
H1A 1 ? 0.0932 -0.0253 -0.1960 1 0.024
C9 1 ? -0.4277(4) 0.1080(4) -0.3538(3) 1 0.0321(8)
H9A 1 ? -0.5098 0.1008 -0.4031 1 0.039
C13 1 ? 0.1684(4) 0.3064(4) 0.1112(3) 1 0.0277(7)
H13A 1 ? 0.2134 0.4114 0.0949 1 0.042
H13B 1 ? 0.2379 0.2319 0.1492 1 0.042
H13C 1 ? 0.0943 0.3294 0.1555 1 0.042
C5 1 ? -0.0548(3) 0.1442(3) -0.1332(2) 1 0.0201(6)
C2 1 ? 0.1740(3) 0.1072(4) -0.0522(2) 1 0.0215(6)
C8 1 ? -0.4245(4) 0.2122(4) -0.2656(3) 1 0.0329(8)
H8A 1 ? -0.5048 0.2754 -0.2543 1 0.039
C10 1 ? -0.3109(4) 0.0155(4) -0.3690(3) 1 0.0289(7)
H10A 1 ? -0.3134 -0.0566 -0.4284 1 0.035
C12 1 ? 0.3237(3) 0.0483(5) -0.0319(3) 1 0.0284(7)
H12A 1 ? 0.3836 0.1237 -0.0669 1 0.043
H12B 1 ? 0.3307 -0.0650 -0.0600 1 0.043
H12C 1 ? 0.3540 0.0478 0.0444 1 0.043
C4 1 ? -0.0342(3) 0.2467(4) -0.0396(2) 1 0.0203(6)
H4A 1 ? -0.1061 0.3206 -0.0133 1 0.024

||||Chemistry of Materials|2000
Sn3 Ti2
5.9556(4) 19.964(2) 7.0281(5) 90.00 90.00 90.00
Cmca
Sn1 ? ? 0.0000 0.276100(13) 0.07434(4) 1 0.00802(8)
Sn2 ? ? 0.0000 0.121389(13) -0.07325(4) 1 0.00721(8)
Sn3 ? ? 0.2500 0.020653(12) 0.2500 1 0.00687(8)
Ti1 ? ? 0.0000 0.41946(3) 0.04820(9) 1 0.0057(2)
Ti2 ? ? 0.2500 0.16427(3) 0.2500 1 0.00550(14)

||||Chemistry of Materials|2000
C4 H18 Mn N4 O12 V4
5.811(1) 17.884(4) 8.417(2) 90.00 101.04(1) 90.00
P121/n1
Mn1 2 ? 0.0000 0.0000 0.0000 1 0.01320(10)
V2 1 ? 0.21920(5) -0.176110(15) 0.13889(4) 1 0.01186(9)
V3 1 ? 0.21896(5) 0.114154(16) -0.29406(3) 1 0.01193(9)
O2 1 ? 0.1417(2) -0.11290(7) -0.00913(16) 1 0.0180(3)
O3 1 ? 0.2093(2) 0.04372(7) -0.16673(17) 1 0.0206(3)
O21 1 ? 0.2680(3) -0.25473(8) 0.0553(2) 1 0.0288(3)
O22 1 ? -0.0196(2) -0.18681(7) 0.24850(17) 1 0.0194(3)
O31 1 ? 0.5184(2) 0.14619(8) -0.27030(17) 1 0.0246(3)
O32 1 ? 0.1327(2) 0.08329(8) -0.47723(17) 1 0.0242(3)
N1 1 ? 0.2775(3) 0.03021(9) 0.2165(2) 1 0.0186(3)
H1A 1 ? 0.3790 -0.0082 0.2371 1 0.022
H1B 1 ? 0.2079 0.0352 0.3027 1 0.022
C1 1 ? 0.4121(3) 0.09877(11) 0.2025(2) 1 0.0217(4)
H1C 1 ? 0.3084 0.1410 0.1944 1 0.026
H1D 1 ? 0.4734 0.0963 0.1045 1 0.026
C2 1 ? 0.6137(3) 0.11062(10) 0.3442(2) 1 0.0194(4)
H2A 1 ? 0.7018 0.0652 0.3664 1 0.023
H2B 1 ? 0.5533 0.1239 0.4389 1 0.023
N2 1 ? 0.7697(3) 0.17171(9) 0.3048(2) 1 0.0196(3)
H2C 1 ? 0.8190 0.1605 0.2126 1 0.024
H2D 1 ? 0.8964 0.1760 0.3846 1 0.024
H2E 1 ? 0.6904 0.2152 0.2929 1 0.024
