?|Bis{μ-1-[(2-ethyl-1<i>H</i>-imidazol-1-yl)methyl]-1<i>H</i>- benzotriazole}bis(iodidocadmium)||||
C24 H26 Cd2 I4 N10
7.8323(4) 10.0657(6) 11.2335(7) 78.849(5) 86.020(5) 77.538(5)
?
I1 1 ? 0.49488(4) 1.31204(3) 0.40337(2) 1 0.04897(9)
I2 1 ? -0.04748(4) 1.42680(3) 0.22432(3) 1 0.06153(11)
Cd1 1 ? 0.27758(4) 1.26989(3) 0.24333(2) 1 0.03657(9)
N1 1 ? 0.2561(4) 1.0409(3) 0.2834(3) 1 0.0385(7)
N2 1 ? 0.4017(4) 0.9559(3) 0.2627(3) 1 0.0389(7)
N3 1 ? 0.3713(4) 0.8276(3) 0.2862(3) 1 0.0350(7)
N4 1 ? 0.5058(4) 0.7062(3) 0.1294(3) 1 0.0354(7)
N5 1 ? 0.5744(4) 0.7249(3) -0.0641(3) 1 0.0370(7)
C1 1 ? 0.2006(5) 0.8280(4) 0.3244(3) 1 0.0343(8)
C2 1 ? 0.1274(5) 0.9679(4) 0.3215(3) 1 0.0356(8)
C3 1 ? -0.0491(5) 1.0113(4) 0.3544(4) 1 0.0451(10)
H3 1 ? -0.1003 1.1043 0.3512 1 0.054
C4 1 ? -0.1422(6) 0.9082(5) 0.3916(4) 1 0.0514(11)
H4 1 ? -0.2598 0.9322 0.4139 1 0.062
C5 1 ? -0.0643(6) 0.7676(5) 0.3966(4) 1 0.0525(11)
H5 1 ? -0.1322 0.7018 0.4236 1 0.063
C6 1 ? 0.1076(6) 0.7234(4) 0.3635(4) 1 0.0469(10)
H6 1 ? 0.1583 0.6303 0.3670 1 0.056
C7 1 ? 0.5056(5) 0.7136(4) 0.2573(3) 1 0.0421(9)
H7A 1 ? 0.4851 0.6274 0.3059 1 0.051
H7B 1 ? 0.6192 0.7258 0.2772 1 0.051
C8 1 ? 0.3756(5) 0.6688(4) 0.0752(4) 1 0.0432(9)
H8 1 ? 0.2762 0.6414 0.1132 1 0.052
C9 1 ? 0.4206(5) 0.6798(4) -0.0435(4) 1 0.0440(9)
H9 1 ? 0.3570 0.6598 -0.1023 1 0.053
C10 1 ? 0.6246(5) 0.7411(3) 0.0414(3) 1 0.0330(8)
C11 1 ? 0.7851(5) 0.7927(4) 0.0590(4) 1 0.0442(9)
H11B 1 ? 0.8741 0.7642 -0.0007 1 0.053
H11A 1 ? 0.8297 0.7494 0.1388 1 0.053
C12 1 ? 0.7549(6) 0.9494(4) 0.0479(4) 1 0.0564(11)
H12B 1 ? 0.7143 0.9933 -0.0316 1 0.085
H12C 1 ? 0.8626 0.9748 0.0607 1 0.085
H12A 1 ? 0.6687 0.9786 0.1078 1 0.085
